[ 2014-09-07T10:59:17+08:00 ] 112.224.17.2 /
INFO: [ app_begin ] --START--
INFO: Run ReadHtmlCache Behavior [ RunTime:0.000987s ]
INFO: [ app_begin ] --END-- [ RunTime:0.001158s ]
SQL: SHOW COLUMNS FROM `wy_links` [ RunTime:0.002436s ]
SQL: SELECT * FROM `wy_links` WHERE ( `status` = 1 )  [ RunTime:0.000165s ]
NOTIC: [2] Cannot use a scalar value as an array D:\www\qmyx.wuyelaile.com\weiwincms\_Core\Lib\Core\View.class.php 第 69 行.
INFO: [ view_template ] --START--
INFO: Run LocationTemplate Behavior [ RunTime:-0.022128s ]
INFO: [ view_template ] --END-- [ RunTime:0.001451s ]
INFO: [ view_parse ] --START--
INFO: Run ParseTemplate Behavior [ RunTime:-0.023660s ]
INFO: [ view_parse ] --END-- [ RunTime:0.019180s ]
INFO: [ view_filter ] --START--
INFO: Run ContentReplace Behavior [ RunTime:-0.042938s ]
INFO: Run TokenBuild Behavior [ RunTime:-0.043756s ]
INFO: Run WriteHtmlCache Behavior [ RunTime:-0.044874s ]
INFO: Run ShowRuntime Behavior [ RunTime:-0.045539s ]
INFO: [ view_filter ] --END-- [ RunTime:0.003558s ]
INFO: [ view_end ] --START--
INFO: Run ShowPageTrace Behavior [ RunTime:-0.046586s ]
INFO: [ view_end ] --END-- [ RunTime:0.001095s ]

[ 2014-09-07T11:05:27+08:00 ] 112.224.17.2 /
INFO: [ app_begin ] --START--
INFO: Run ReadHtmlCache Behavior [ RunTime:0.000975s ]
INFO: [ app_begin ] --END-- [ RunTime:0.001144s ]
SQL: SHOW COLUMNS FROM `wy_links` [ RunTime:0.002372s ]
SQL: SELECT * FROM `wy_links` WHERE ( `status` = 1 )  [ RunTime:0.000204s ]
NOTIC: [2] Cannot use a scalar value as an array D:\www\qmyx.wuyelaile.com\weiwincms\_Core\Lib\Core\View.class.php 第 69 行.
INFO: [ view_template ] --START--
INFO: Run LocationTemplate Behavior [ RunTime:-0.023594s ]
INFO: [ view_template ] --END-- [ RunTime:0.001662s ]
INFO: [ view_parse ] --START--
INFO: Run ParseTemplate Behavior [ RunTime:-0.025343s ]
INFO: [ view_parse ] --END-- [ RunTime:0.020324s ]
INFO: [ view_filter ] --START--
INFO: Run ContentReplace Behavior [ RunTime:-0.045836s ]
INFO: Run TokenBuild Behavior [ RunTime:-0.047041s ]
INFO: Run WriteHtmlCache Behavior [ RunTime:-0.048135s ]
INFO: Run ShowRuntime Behavior [ RunTime:-0.048922s ]
INFO: [ view_filter ] --END-- [ RunTime:0.004141s ]
INFO: [ view_end ] --START--
INFO: Run ShowPageTrace Behavior [ RunTime:-0.050074s ]
INFO: [ view_end ] --END-- [ RunTime:0.001168s ]

[ 2014-09-07T22:04:21+08:00 ] 42.120.145.50 /
INFO: [ app_begin ] --START--
INFO: Run ReadHtmlCache Behavior [ RunTime:0.001013s ]
INFO: [ app_begin ] --END-- [ RunTime:0.001181s ]
SQL: SHOW COLUMNS FROM `wy_links` [ RunTime:0.003334s ]
SQL: SELECT * FROM `wy_links` WHERE ( `status` = 1 )  [ RunTime:0.000188s ]
NOTIC: [2] Cannot use a scalar value as an array D:\www\qmyx.wuyelaile.com\weiwincms\_Core\Lib\Core\View.class.php 第 69 行.
INFO: [ view_template ] --START--
INFO: Run LocationTemplate Behavior [ RunTime:-0.023409s ]
INFO: [ view_template ] --END-- [ RunTime:0.001377s ]
INFO: [ view_parse ] --START--
INFO: Run ParseTemplate Behavior [ RunTime:-0.024868s ]
INFO: [ view_parse ] --END-- [ RunTime:0.019368s ]
INFO: [ view_filter ] --START--
INFO: Run ContentReplace Behavior [ RunTime:-0.044317s ]
INFO: Run TokenBuild Behavior [ RunTime:-0.045195s ]
INFO: Run WriteHtmlCache Behavior [ RunTime:-0.046254s ]
INFO: Run ShowRuntime Behavior [ RunTime:-0.047072s ]
INFO: [ view_filter ] --END-- [ RunTime:0.003745s ]
INFO: [ view_end ] --START--
INFO: Run ShowPageTrace Behavior [ RunTime:-0.048157s ]
INFO: [ view_end ] --END-- [ RunTime:0.001088s ]

