[ 2014-09-08T12:44:39+08:00 ] 42.120.145.193 /
INFO: [ app_begin ] --START--
INFO: Run ReadHtmlCache Behavior [ RunTime:0.000956s ]
INFO: [ app_begin ] --END-- [ RunTime:0.001130s ]
SQL: SHOW COLUMNS FROM `wy_links` [ RunTime:0.002537s ]
SQL: SELECT * FROM `wy_links` WHERE ( `status` = 1 )  [ RunTime:0.000236s ]
NOTIC: [2] Cannot use a scalar value as an array D:\www\qmyx.wuyelaile.com\weiwincms\_Core\Lib\Core\View.class.php 第 69 行.
INFO: [ view_template ] --START--
INFO: Run LocationTemplate Behavior [ RunTime:-0.022960s ]
INFO: [ view_template ] --END-- [ RunTime:0.001666s ]
INFO: [ view_parse ] --START--
INFO: Run ParseTemplate Behavior [ RunTime:-0.024724s ]
INFO: [ view_parse ] --END-- [ RunTime:0.020048s ]
INFO: [ view_filter ] --START--
INFO: Run ContentReplace Behavior [ RunTime:-0.044849s ]
INFO: Run TokenBuild Behavior [ RunTime:-0.045733s ]
INFO: Run WriteHtmlCache Behavior [ RunTime:-0.046864s ]
INFO: Run ShowRuntime Behavior [ RunTime:-0.047589s ]
INFO: [ view_filter ] --END-- [ RunTime:0.003707s ]
INFO: [ view_end ] --START--
INFO: Run ShowPageTrace Behavior [ RunTime:-0.048648s ]
INFO: [ view_end ] --END-- [ RunTime:0.001096s ]

