[ 2014-09-12T08:46:38+08:00 ] ERR: (ThinkException) 缓存文件写入失败！:./weiwindata/logs/Cache/Home/59dc4e272c863fa1855c7b8d72a51a92.php
[ 2014-09-12T08:46:38+08:00 ] 117.85.54.37 /
INFO: [ app_begin ] --START--
INFO: Run ReadHtmlCache Behavior [ RunTime:0.000952s ]
INFO: [ app_begin ] --END-- [ RunTime:0.001128s ]
SQL: SHOW COLUMNS FROM `wy_links` [ RunTime:0.002131s ]
SQL: SELECT * FROM `wy_links` WHERE ( `status` = 1 )  [ RunTime:0.000197s ]
NOTIC: [2] Cannot use a scalar value as an array D:\www\qmyx.wuyelaile.com\weiwincms\_Core\Lib\Core\View.class.php 第 69 行.
INFO: [ view_template ] --START--
INFO: Run LocationTemplate Behavior [ RunTime:-0.021147s ]
INFO: [ view_template ] --END-- [ RunTime:0.001497s ]
INFO: [ view_parse ] --START--
NOTIC: [2] file_put_contents(./weiwindata/logs/Cache/Home/59dc4e272c863fa1855c7b8d72a51a92.php) [<a href='function.file-put-contents'>function.file-put-contents</a>]: failed to open stream: Permission denied D:\www\qmyx.wuyelaile.com\weiwincms\_Core\Lib\Template\ThinkTemplate.class.php 第 118 行.
NOTIC: [8] Array to string conversion D:\www\qmyx.wuyelaile.com\weiwincms\_Core\Lib\Core\ThinkException.class.php 第 64 行.
NOTIC: [8] Array to string conversion D:\www\qmyx.wuyelaile.com\weiwincms\_Core\Lib\Core\ThinkException.class.php 第 64 行.
NOTIC: [8] Undefined index:  class D:\www\qmyx.wuyelaile.com\weiwincms\_Core\Lib\Core\ThinkException.class.php 第 63 行.
NOTIC: [8] Undefined index:  type D:\www\qmyx.wuyelaile.com\weiwincms\_Core\Lib\Core\ThinkException.class.php 第 63 行.
NOTIC: [8] Array to string conversion D:\www\qmyx.wuyelaile.com\weiwincms\_Core\Lib\Core\ThinkException.class.php 第 64 行.
NOTIC: [8] Undefined index:  class D:\www\qmyx.wuyelaile.com\weiwincms\_Core\Lib\Core\ThinkException.class.php 第 63 行.
NOTIC: [8] Undefined index:  type D:\www\qmyx.wuyelaile.com\weiwincms\_Core\Lib\Core\ThinkException.class.php 第 63 行.
NOTIC: [8] Array to string conversion D:\www\qmyx.wuyelaile.com\weiwincms\_Core\Lib\Core\ThinkException.class.php 第 64 行.
NOTIC: [8] Undefined index:  file D:\www\qmyx.wuyelaile.com\weiwincms\_Core\Lib\Core\ThinkException.class.php 第 62 行.
NOTIC: [8] Undefined index:  line D:\www\qmyx.wuyelaile.com\weiwincms\_Core\Lib\Core\ThinkException.class.php 第 62 行.
NOTIC: [4096] Object of class IndexAction could not be converted to string D:\www\qmyx.wuyelaile.com\weiwincms\_Core\Lib\Core\ThinkException.class.php 第 64 行.
NOTIC: [8] Undefined index:  class D:\www\qmyx.wuyelaile.com\weiwincms\_Core\Lib\Core\ThinkException.class.php 第 63 行.
NOTIC: [8] Undefined index:  type D:\www\qmyx.wuyelaile.com\weiwincms\_Core\Lib\Core\ThinkException.class.php 第 63 行.
NOTIC: [8] Undefined index:  class D:\www\qmyx.wuyelaile.com\weiwincms\_Core\Lib\Core\ThinkException.class.php 第 63 行.
NOTIC: [8] Undefined index:  type D:\www\qmyx.wuyelaile.com\weiwincms\_Core\Lib\Core\ThinkException.class.php 第 63 行.

[ 2014-09-12T08:46:39+08:00 ] ERR: (ThinkException) 缓存文件写入失败！:./weiwindata/logs/Cache/Home/59dc4e272c863fa1855c7b8d72a51a92.php
[ 2014-09-12T08:46:39+08:00 ] 180.153.206.33 /
INFO: [ app_begin ] --START--
INFO: Run ReadHtmlCache Behavior [ RunTime:0.000621s ]
INFO: [ app_begin ] --END-- [ RunTime:0.000782s ]
SQL: SHOW COLUMNS FROM `wy_links` [ RunTime:0.002205s ]
SQL: SELECT * FROM `wy_links` WHERE ( `status` = 1 )  [ RunTime:0.000184s ]
NOTIC: [2] Cannot use a scalar value as an array D:\www\qmyx.wuyelaile.com\weiwincms\_Core\Lib\Core\View.class.php 第 69 行.
INFO: [ view_template ] --START--
INFO: Run LocationTemplate Behavior [ RunTime:-0.015456s ]
INFO: [ view_template ] --END-- [ RunTime:0.000826s ]
INFO: [ view_parse ] --START--
NOTIC: [2] file_put_contents(./weiwindata/logs/Cache/Home/59dc4e272c863fa1855c7b8d72a51a92.php) [<a href='function.file-put-contents'>function.file-put-contents</a>]: failed to open stream: Permission denied D:\www\qmyx.wuyelaile.com\weiwincms\_Core\Lib\Template\ThinkTemplate.class.php 第 118 行.
NOTIC: [8] Array to string conversion D:\www\qmyx.wuyelaile.com\weiwincms\_Core\Lib\Core\ThinkException.class.php 第 64 行.
NOTIC: [8] Array to string conversion D:\www\qmyx.wuyelaile.com\weiwincms\_Core\Lib\Core\ThinkException.class.php 第 64 行.
NOTIC: [8] Undefined index:  class D:\www\qmyx.wuyelaile.com\weiwincms\_Core\Lib\Core\ThinkException.class.php 第 63 行.
NOTIC: [8] Undefined index:  type D:\www\qmyx.wuyelaile.com\weiwincms\_Core\Lib\Core\ThinkException.class.php 第 63 行.
NOTIC: [8] Array to string conversion D:\www\qmyx.wuyelaile.com\weiwincms\_Core\Lib\Core\ThinkException.class.php 第 64 行.
NOTIC: [8] Undefined index:  class D:\www\qmyx.wuyelaile.com\weiwincms\_Core\Lib\Core\ThinkException.class.php 第 63 行.
NOTIC: [8] Undefined index:  type D:\www\qmyx.wuyelaile.com\weiwincms\_Core\Lib\Core\ThinkException.class.php 第 63 行.
NOTIC: [8] Array to string conversion D:\www\qmyx.wuyelaile.com\weiwincms\_Core\Lib\Core\ThinkException.class.php 第 64 行.
NOTIC: [8] Undefined index:  file D:\www\qmyx.wuyelaile.com\weiwincms\_Core\Lib\Core\ThinkException.class.php 第 62 行.
NOTIC: [8] Undefined index:  line D:\www\qmyx.wuyelaile.com\weiwincms\_Core\Lib\Core\ThinkException.class.php 第 62 行.
NOTIC: [4096] Object of class IndexAction could not be converted to string D:\www\qmyx.wuyelaile.com\weiwincms\_Core\Lib\Core\ThinkException.class.php 第 64 行.
NOTIC: [8] Undefined index:  class D:\www\qmyx.wuyelaile.com\weiwincms\_Core\Lib\Core\ThinkException.class.php 第 63 行.
NOTIC: [8] Undefined index:  type D:\www\qmyx.wuyelaile.com\weiwincms\_Core\Lib\Core\ThinkException.class.php 第 63 行.
NOTIC: [8] Undefined index:  class D:\www\qmyx.wuyelaile.com\weiwincms\_Core\Lib\Core\ThinkException.class.php 第 63 行.
NOTIC: [8] Undefined index:  type D:\www\qmyx.wuyelaile.com\weiwincms\_Core\Lib\Core\ThinkException.class.php 第 63 行.

[ 2014-09-12T08:47:43+08:00 ] ERR: (ThinkException) 缓存文件写入失败！:./weiwindata/logs/Cache/Home/59dc4e272c863fa1855c7b8d72a51a92.php
[ 2014-09-12T08:47:43+08:00 ] 117.85.54.37 /
INFO: [ app_begin ] --START--
INFO: Run ReadHtmlCache Behavior [ RunTime:0.000618s ]
INFO: [ app_begin ] --END-- [ RunTime:0.000807s ]
SQL: SHOW COLUMNS FROM `wy_links` [ RunTime:0.002680s ]
SQL: SELECT * FROM `wy_links` WHERE ( `status` = 1 )  [ RunTime:0.000259s ]
NOTIC: [2] Cannot use a scalar value as an array D:\www\qmyx.wuyelaile.com\weiwincms\_Core\Lib\Core\View.class.php 第 69 行.
INFO: [ view_template ] --START--
INFO: Run LocationTemplate Behavior [ RunTime:-0.017649s ]
INFO: [ view_template ] --END-- [ RunTime:0.000892s ]
INFO: [ view_parse ] --START--
NOTIC: [2] file_put_contents(./weiwindata/logs/Cache/Home/59dc4e272c863fa1855c7b8d72a51a92.php) [<a href='function.file-put-contents'>function.file-put-contents</a>]: failed to open stream: Permission denied D:\www\qmyx.wuyelaile.com\weiwincms\_Core\Lib\Template\ThinkTemplate.class.php 第 118 行.
NOTIC: [8] Array to string conversion D:\www\qmyx.wuyelaile.com\weiwincms\_Core\Lib\Core\ThinkException.class.php 第 64 行.
NOTIC: [8] Array to string conversion D:\www\qmyx.wuyelaile.com\weiwincms\_Core\Lib\Core\ThinkException.class.php 第 64 行.
NOTIC: [8] Undefined index:  class D:\www\qmyx.wuyelaile.com\weiwincms\_Core\Lib\Core\ThinkException.class.php 第 63 行.
NOTIC: [8] Undefined index:  type D:\www\qmyx.wuyelaile.com\weiwincms\_Core\Lib\Core\ThinkException.class.php 第 63 行.
NOTIC: [8] Array to string conversion D:\www\qmyx.wuyelaile.com\weiwincms\_Core\Lib\Core\ThinkException.class.php 第 64 行.
NOTIC: [8] Undefined index:  class D:\www\qmyx.wuyelaile.com\weiwincms\_Core\Lib\Core\ThinkException.class.php 第 63 行.
NOTIC: [8] Undefined index:  type D:\www\qmyx.wuyelaile.com\weiwincms\_Core\Lib\Core\ThinkException.class.php 第 63 行.
NOTIC: [8] Array to string conversion D:\www\qmyx.wuyelaile.com\weiwincms\_Core\Lib\Core\ThinkException.class.php 第 64 行.
NOTIC: [8] Undefined index:  file D:\www\qmyx.wuyelaile.com\weiwincms\_Core\Lib\Core\ThinkException.class.php 第 62 行.
NOTIC: [8] Undefined index:  line D:\www\qmyx.wuyelaile.com\weiwincms\_Core\Lib\Core\ThinkException.class.php 第 62 行.
NOTIC: [4096] Object of class IndexAction could not be converted to string D:\www\qmyx.wuyelaile.com\weiwincms\_Core\Lib\Core\ThinkException.class.php 第 64 行.
NOTIC: [8] Undefined index:  class D:\www\qmyx.wuyelaile.com\weiwincms\_Core\Lib\Core\ThinkException.class.php 第 63 行.
NOTIC: [8] Undefined index:  type D:\www\qmyx.wuyelaile.com\weiwincms\_Core\Lib\Core\ThinkException.class.php 第 63 行.
NOTIC: [8] Undefined index:  class D:\www\qmyx.wuyelaile.com\weiwincms\_Core\Lib\Core\ThinkException.class.php 第 63 行.
NOTIC: [8] Undefined index:  type D:\www\qmyx.wuyelaile.com\weiwincms\_Core\Lib\Core\ThinkException.class.php 第 63 行.

[ 2014-09-12T16:39:28+08:00 ] 119.165.11.218 /
INFO: [ app_begin ] --START--
INFO: Run ReadHtmlCache Behavior [ RunTime:0.001221s ]
INFO: [ app_begin ] --END-- [ RunTime:0.001436s ]
SQL: SHOW COLUMNS FROM `wy_links` [ RunTime:0.002522s ]
SQL: SELECT * FROM `wy_links` WHERE ( `status` = 1 )  [ RunTime:0.000169s ]
NOTIC: [2] Cannot use a scalar value as an array D:\www\qmyx.wuyelaile.com\weiwincms\_Core\Lib\Core\View.class.php 第 69 行.
INFO: [ view_template ] --START--
INFO: Run LocationTemplate Behavior [ RunTime:-0.022094s ]
INFO: [ view_template ] --END-- [ RunTime:0.001508s ]
INFO: [ view_parse ] --START--
INFO: Run ParseTemplate Behavior [ RunTime:-0.023688s ]
INFO: [ view_parse ] --END-- [ RunTime:0.039377s ]
INFO: [ view_filter ] --START--
INFO: Run ContentReplace Behavior [ RunTime:-0.063167s ]
INFO: Run TokenBuild Behavior [ RunTime:-0.091383s ]
INFO: Run WriteHtmlCache Behavior [ RunTime:-0.094965s ]
INFO: Run ShowRuntime Behavior [ RunTime:-0.096898s ]
INFO: [ view_filter ] --END-- [ RunTime:0.035800s ]
INFO: [ view_end ] --START--
INFO: Run ShowPageTrace Behavior [ RunTime:-0.099150s ]
INFO: [ view_end ] --END-- [ RunTime:0.002342s ]

[ 2014-09-12T21:07:17+08:00 ] 180.112.170.198 /
INFO: [ app_begin ] --START--
INFO: Run ReadHtmlCache Behavior [ RunTime:0.001015s ]
INFO: [ app_begin ] --END-- [ RunTime:0.001186s ]
SQL: SHOW COLUMNS FROM `wy_links` [ RunTime:0.002548s ]
SQL: SELECT * FROM `wy_links` WHERE ( `status` = 1 )  [ RunTime:0.000185s ]
NOTIC: [2] Cannot use a scalar value as an array D:\www\qmyx.wuyelaile.com\weiwincms\_Core\Lib\Core\View.class.php 第 69 行.
INFO: [ view_template ] --START--
INFO: Run LocationTemplate Behavior [ RunTime:-0.021137s ]
INFO: [ view_template ] --END-- [ RunTime:0.001529s ]
INFO: [ view_parse ] --START--
INFO: Run ParseTemplate Behavior [ RunTime:-0.022748s ]
INFO: [ view_parse ] --END-- [ RunTime:0.019242s ]
INFO: [ view_filter ] --START--
INFO: Run ContentReplace Behavior [ RunTime:-0.042073s ]
INFO: Run TokenBuild Behavior [ RunTime:-0.042942s ]
INFO: Run WriteHtmlCache Behavior [ RunTime:-0.044000s ]
INFO: Run ShowRuntime Behavior [ RunTime:-0.044688s ]
INFO: [ view_filter ] --END-- [ RunTime:0.003555s ]
INFO: [ view_end ] --START--
INFO: Run ShowPageTrace Behavior [ RunTime:-0.045723s ]
INFO: [ view_end ] --END-- [ RunTime:0.001097s ]

[ 2014-09-12T21:08:19+08:00 ] 180.112.170.198 /index.php?g=Wap&m=Agent&a=index&wecha_id=1111&token=12324
INFO: [ app_begin ] --START--
INFO: Run ReadHtmlCache Behavior [ RunTime:0.000561s ]
INFO: [ app_begin ] --END-- [ RunTime:0.000701s ]
SQL: SHOW COLUMNS FROM `wy_zy` [ RunTime:0.028562s ]
SQL: SELECT * FROM `wy_zy` WHERE ( `Token` = '12324' ) AND ( `Wecha_id` = '1111' ) LIMIT 1   [ RunTime:0.000390s ]
SQL: SHOW COLUMNS FROM `wy_ac` [ RunTime:0.026097s ]
SQL: SELECT * FROM `wy_ac` WHERE ( `Token` = '12324' ) AND ( `Wecha_id` = '1111' ) LIMIT 1   [ RunTime:0.000460s ]
SQL: SHOW COLUMNS FROM `wy_lpinfo` [ RunTime:0.005028s ]
SQL: SELECT * FROM `wy_lpinfo` WHERE ( `token` = '12324' ) ORDER BY id desc LIMIT 0,4   [ RunTime:0.000450s ]
SQL: SHOW COLUMNS FROM `wy_jjr` [ RunTime:0.004534s ]
SQL: SELECT * FROM `wy_jjr` WHERE ( `Wecha_id` = '1111' ) LIMIT 1   [ RunTime:0.000369s ]
NOTIC: [2] Cannot use a scalar value as an array D:\www\qmyx.wuyelaile.com\weiwincms\_Core\Lib\Core\View.class.php 第 69 行.
INFO: [ view_template ] --START--
INFO: Run LocationTemplate Behavior [ RunTime:-0.144640s ]
INFO: [ view_template ] --END-- [ RunTime:0.035919s ]
INFO: [ view_parse ] --START--
INFO: Run ParseTemplate Behavior [ RunTime:-0.180774s ]
INFO: [ view_parse ] --END-- [ RunTime:0.145086s ]
INFO: [ view_filter ] --START--
INFO: Run ContentReplace Behavior [ RunTime:-0.325951s ]
INFO: Run TokenBuild Behavior [ RunTime:-0.326529s ]
INFO: Run WriteHtmlCache Behavior [ RunTime:-0.327083s ]
INFO: Run ShowRuntime Behavior [ RunTime:-0.327405s ]
INFO: [ view_filter ] --END-- [ RunTime:0.002048s ]
INFO: [ view_end ] --START--
INFO: Run ShowPageTrace Behavior [ RunTime:-0.328079s ]
INFO: [ view_end ] --END-- [ RunTime:0.000805s ]

[ 2014-09-12T21:08:25+08:00 ] 180.112.170.198 /index.php?g=Wap&m=Agent&a=index&wecha_id=1111&token=12324
INFO: [ app_begin ] --START--
INFO: Run ReadHtmlCache Behavior [ RunTime:0.000626s ]
INFO: [ app_begin ] --END-- [ RunTime:0.000759s ]
SQL: SHOW COLUMNS FROM `wy_zy` [ RunTime:0.002176s ]
SQL: SELECT * FROM `wy_zy` WHERE ( `Token` = '12324' ) AND ( `Wecha_id` = '1111' ) LIMIT 1   [ RunTime:0.000182s ]
SQL: SHOW COLUMNS FROM `wy_ac` [ RunTime:0.001882s ]
SQL: SELECT * FROM `wy_ac` WHERE ( `Token` = '12324' ) AND ( `Wecha_id` = '1111' ) LIMIT 1   [ RunTime:0.000214s ]
SQL: SHOW COLUMNS FROM `wy_lpinfo` [ RunTime:0.002531s ]
SQL: SELECT * FROM `wy_lpinfo` WHERE ( `token` = '12324' ) ORDER BY id desc LIMIT 0,4   [ RunTime:0.000190s ]
SQL: SHOW COLUMNS FROM `wy_jjr` [ RunTime:0.002043s ]
SQL: SELECT * FROM `wy_jjr` WHERE ( `Wecha_id` = '1111' ) LIMIT 1   [ RunTime:0.000170s ]
NOTIC: [2] Cannot use a scalar value as an array D:\www\qmyx.wuyelaile.com\weiwincms\_Core\Lib\Core\View.class.php 第 69 行.
INFO: [ view_template ] --START--
INFO: Run LocationTemplate Behavior [ RunTime:-0.026949s ]
INFO: [ view_template ] --END-- [ RunTime:0.001055s ]
INFO: [ view_parse ] --START--
INFO: Run ParseTemplate Behavior [ RunTime:-0.028084s ]
INFO: [ view_parse ] --END-- [ RunTime:0.016448s ]
INFO: [ view_filter ] --START--
INFO: Run ContentReplace Behavior [ RunTime:-0.044615s ]
INFO: Run TokenBuild Behavior [ RunTime:-0.045113s ]
INFO: Run WriteHtmlCache Behavior [ RunTime:-0.045557s ]
INFO: Run ShowRuntime Behavior [ RunTime:-0.045900s ]
INFO: [ view_filter ] --END-- [ RunTime:0.001829s ]
INFO: [ view_end ] --START--
INFO: Run ShowPageTrace Behavior [ RunTime:-0.046538s ]
INFO: [ view_end ] --END-- [ RunTime:0.000661s ]

[ 2014-09-12T21:09:15+08:00 ] 183.60.62.44 /index.php?g=Wap&m=Agent&a=index&wecha_id=1111&token=12324
INFO: [ app_begin ] --START--
INFO: Run ReadHtmlCache Behavior [ RunTime:0.000578s ]
INFO: [ app_begin ] --END-- [ RunTime:0.000712s ]
SQL: SHOW COLUMNS FROM `wy_zy` [ RunTime:0.002124s ]
SQL: SELECT * FROM `wy_zy` WHERE ( `Token` = '12324' ) AND ( `Wecha_id` = '1111' ) LIMIT 1   [ RunTime:0.000214s ]
SQL: SHOW COLUMNS FROM `wy_ac` [ RunTime:0.001977s ]
SQL: SELECT * FROM `wy_ac` WHERE ( `Token` = '12324' ) AND ( `Wecha_id` = '1111' ) LIMIT 1   [ RunTime:0.000173s ]
SQL: SHOW COLUMNS FROM `wy_lpinfo` [ RunTime:0.002195s ]
SQL: SELECT * FROM `wy_lpinfo` WHERE ( `token` = '12324' ) ORDER BY id desc LIMIT 0,4   [ RunTime:0.000186s ]
SQL: SHOW COLUMNS FROM `wy_jjr` [ RunTime:0.001951s ]
SQL: SELECT * FROM `wy_jjr` WHERE ( `Wecha_id` = '1111' ) LIMIT 1   [ RunTime:0.000171s ]
NOTIC: [2] Cannot use a scalar value as an array D:\www\qmyx.wuyelaile.com\weiwincms\_Core\Lib\Core\View.class.php 第 69 行.
INFO: [ view_template ] --START--
INFO: Run LocationTemplate Behavior [ RunTime:-0.026851s ]
INFO: [ view_template ] --END-- [ RunTime:0.001121s ]
INFO: [ view_parse ] --START--
INFO: Run ParseTemplate Behavior [ RunTime:-0.028060s ]
INFO: [ view_parse ] --END-- [ RunTime:0.016509s ]
INFO: [ view_filter ] --START--
INFO: Run ContentReplace Behavior [ RunTime:-0.044636s ]
INFO: Run TokenBuild Behavior [ RunTime:-0.045087s ]
INFO: Run WriteHtmlCache Behavior [ RunTime:-0.045726s ]
INFO: Run ShowRuntime Behavior [ RunTime:-0.046113s ]
INFO: [ view_filter ] --END-- [ RunTime:0.002106s ]
INFO: [ view_end ] --START--
INFO: Run ShowPageTrace Behavior [ RunTime:-0.046837s ]
INFO: [ view_end ] --END-- [ RunTime:0.000678s ]

[ 2014-09-12T21:09:16+08:00 ] 183.60.52.64 /index.php?g=Wap&m=Agent&a=index&wecha_id=1111&token=12324
INFO: [ app_begin ] --START--
INFO: Run ReadHtmlCache Behavior [ RunTime:0.000582s ]
INFO: [ app_begin ] --END-- [ RunTime:0.000713s ]
SQL: SHOW COLUMNS FROM `wy_zy` [ RunTime:0.002754s ]
SQL: SELECT * FROM `wy_zy` WHERE ( `Token` = '12324' ) AND ( `Wecha_id` = '1111' ) LIMIT 1   [ RunTime:0.000221s ]
SQL: SHOW COLUMNS FROM `wy_ac` [ RunTime:0.002057s ]
SQL: SELECT * FROM `wy_ac` WHERE ( `Token` = '12324' ) AND ( `Wecha_id` = '1111' ) LIMIT 1   [ RunTime:0.000184s ]
SQL: SHOW COLUMNS FROM `wy_lpinfo` [ RunTime:0.002853s ]
SQL: SELECT * FROM `wy_lpinfo` WHERE ( `token` = '12324' ) ORDER BY id desc LIMIT 0,4   [ RunTime:0.000241s ]
SQL: SHOW COLUMNS FROM `wy_jjr` [ RunTime:0.003161s ]
SQL: SELECT * FROM `wy_jjr` WHERE ( `Wecha_id` = '1111' ) LIMIT 1   [ RunTime:0.000222s ]
NOTIC: [2] Cannot use a scalar value as an array D:\www\qmyx.wuyelaile.com\weiwincms\_Core\Lib\Core\View.class.php 第 69 行.
INFO: [ view_template ] --START--
INFO: Run LocationTemplate Behavior [ RunTime:-0.030117s ]
INFO: [ view_template ] --END-- [ RunTime:0.001096s ]
INFO: [ view_parse ] --START--
INFO: Run ParseTemplate Behavior [ RunTime:-0.031296s ]
INFO: [ view_parse ] --END-- [ RunTime:0.016321s ]
INFO: [ view_filter ] --START--
INFO: Run ContentReplace Behavior [ RunTime:-0.047686s ]
INFO: Run TokenBuild Behavior [ RunTime:-0.048188s ]
INFO: Run WriteHtmlCache Behavior [ RunTime:-0.048637s ]
INFO: Run ShowRuntime Behavior [ RunTime:-0.049126s ]
INFO: [ view_filter ] --END-- [ RunTime:0.002204s ]
INFO: [ view_end ] --START--
INFO: Run ShowPageTrace Behavior [ RunTime:-0.049993s ]
INFO: [ view_end ] --END-- [ RunTime:0.000664s ]

[ 2014-09-12T21:09:16+08:00 ] 119.188.16.39 /index.php?g=Wap&m=Agent&a=index&wecha_id=1111&token=12324
INFO: [ app_begin ] --START--
INFO: Run ReadHtmlCache Behavior [ RunTime:0.000622s ]
INFO: [ app_begin ] --END-- [ RunTime:0.000753s ]
SQL: SHOW COLUMNS FROM `wy_zy` [ RunTime:0.011645s ]
SQL: SELECT * FROM `wy_zy` WHERE ( `Token` = '12324' ) AND ( `Wecha_id` = '1111' ) LIMIT 1   [ RunTime:0.000188s ]
SQL: SHOW COLUMNS FROM `wy_ac` [ RunTime:0.001964s ]
SQL: SELECT * FROM `wy_ac` WHERE ( `Token` = '12324' ) AND ( `Wecha_id` = '1111' ) LIMIT 1   [ RunTime:0.000219s ]
SQL: SHOW COLUMNS FROM `wy_lpinfo` [ RunTime:0.002820s ]
SQL: SELECT * FROM `wy_lpinfo` WHERE ( `token` = '12324' ) ORDER BY id desc LIMIT 0,4   [ RunTime:0.000230s ]
SQL: SHOW COLUMNS FROM `wy_jjr` [ RunTime:0.002679s ]
SQL: SELECT * FROM `wy_jjr` WHERE ( `Wecha_id` = '1111' ) LIMIT 1   [ RunTime:0.000234s ]
NOTIC: [2] Cannot use a scalar value as an array D:\www\qmyx.wuyelaile.com\weiwincms\_Core\Lib\Core\View.class.php 第 69 行.
INFO: [ view_template ] --START--
INFO: Run LocationTemplate Behavior [ RunTime:-0.038513s ]
INFO: [ view_template ] --END-- [ RunTime:0.001105s ]
INFO: [ view_parse ] --START--
INFO: Run ParseTemplate Behavior [ RunTime:-0.039710s ]
INFO: [ view_parse ] --END-- [ RunTime:0.017839s ]
INFO: [ view_filter ] --START--
INFO: Run ContentReplace Behavior [ RunTime:-0.057623s ]
INFO: Run TokenBuild Behavior [ RunTime:-0.058105s ]
INFO: Run WriteHtmlCache Behavior [ RunTime:-0.058632s ]
INFO: Run ShowRuntime Behavior [ RunTime:-0.058945s ]
INFO: [ view_filter ] --END-- [ RunTime:0.002125s ]
INFO: [ view_end ] --START--
INFO: Run ShowPageTrace Behavior [ RunTime:-0.059910s ]
INFO: [ view_end ] --END-- [ RunTime:0.001076s ]

[ 2014-09-12T21:09:53+08:00 ] 221.174.169.173 /index.php?g=Wap&m=Agent&a=index&wecha_id=1111&token=12324
INFO: [ app_begin ] --START--
INFO: Run ReadHtmlCache Behavior [ RunTime:0.000977s ]
INFO: [ app_begin ] --END-- [ RunTime:0.001128s ]
SQL: SHOW COLUMNS FROM `wy_zy` [ RunTime:0.002214s ]
SQL: SELECT * FROM `wy_zy` WHERE ( `Token` = '12324' ) AND ( `Wecha_id` = '1111' ) LIMIT 1   [ RunTime:0.000231s ]
SQL: SHOW COLUMNS FROM `wy_ac` [ RunTime:0.001962s ]
SQL: SELECT * FROM `wy_ac` WHERE ( `Token` = '12324' ) AND ( `Wecha_id` = '1111' ) LIMIT 1   [ RunTime:0.000198s ]
SQL: SHOW COLUMNS FROM `wy_lpinfo` [ RunTime:0.002120s ]
SQL: SELECT * FROM `wy_lpinfo` WHERE ( `token` = '12324' ) ORDER BY id desc LIMIT 0,4   [ RunTime:0.000238s ]
SQL: SHOW COLUMNS FROM `wy_jjr` [ RunTime:0.002064s ]
SQL: SELECT * FROM `wy_jjr` WHERE ( `Wecha_id` = '1111' ) LIMIT 1   [ RunTime:0.000199s ]
NOTIC: [2] Cannot use a scalar value as an array D:\www\qmyx.wuyelaile.com\weiwincms\_Core\Lib\Core\View.class.php 第 69 行.
INFO: [ view_template ] --START--
INFO: Run LocationTemplate Behavior [ RunTime:-0.030092s ]
INFO: [ view_template ] --END-- [ RunTime:0.001657s ]
INFO: [ view_parse ] --START--
INFO: Run ParseTemplate Behavior [ RunTime:-0.031847s ]
INFO: [ view_parse ] --END-- [ RunTime:0.018012s ]
INFO: [ view_filter ] --START--
INFO: Run ContentReplace Behavior [ RunTime:-0.049930s ]
INFO: Run TokenBuild Behavior [ RunTime:-0.050801s ]
INFO: Run WriteHtmlCache Behavior [ RunTime:-0.051661s ]
INFO: Run ShowRuntime Behavior [ RunTime:-0.052370s ]
INFO: [ view_filter ] --END-- [ RunTime:0.003392s ]
INFO: [ view_end ] --START--
INFO: Run ShowPageTrace Behavior [ RunTime:-0.053417s ]
INFO: [ view_end ] --END-- [ RunTime:0.001022s ]

[ 2014-09-12T21:23:27+08:00 ] 180.153.206.24 /index.php?g=Wap&m=Agent&a=index&wecha_id=1111&token=12324
INFO: [ app_begin ] --START--
INFO: Run ReadHtmlCache Behavior [ RunTime:0.000962s ]
INFO: [ app_begin ] --END-- [ RunTime:0.001140s ]
SQL: SHOW COLUMNS FROM `wy_zy` [ RunTime:0.002171s ]
SQL: SELECT * FROM `wy_zy` WHERE ( `Token` = '12324' ) AND ( `Wecha_id` = '1111' ) LIMIT 1   [ RunTime:0.000185s ]
SQL: SHOW COLUMNS FROM `wy_ac` [ RunTime:0.001907s ]
SQL: SELECT * FROM `wy_ac` WHERE ( `Token` = '12324' ) AND ( `Wecha_id` = '1111' ) LIMIT 1   [ RunTime:0.000173s ]
SQL: SHOW COLUMNS FROM `wy_lpinfo` [ RunTime:0.002217s ]
SQL: SELECT * FROM `wy_lpinfo` WHERE ( `token` = '12324' ) ORDER BY id desc LIMIT 0,4   [ RunTime:0.000183s ]
SQL: SHOW COLUMNS FROM `wy_jjr` [ RunTime:0.001979s ]
SQL: SELECT * FROM `wy_jjr` WHERE ( `Wecha_id` = '1111' ) LIMIT 1   [ RunTime:0.000193s ]
NOTIC: [2] Cannot use a scalar value as an array D:\www\qmyx.wuyelaile.com\weiwincms\_Core\Lib\Core\View.class.php 第 69 行.
INFO: [ view_template ] --START--
INFO: Run LocationTemplate Behavior [ RunTime:-0.029856s ]
INFO: [ view_template ] --END-- [ RunTime:0.001247s ]
INFO: [ view_parse ] --START--
INFO: Run ParseTemplate Behavior [ RunTime:-0.031187s ]
INFO: [ view_parse ] --END-- [ RunTime:0.025424s ]
INFO: [ view_filter ] --START--
INFO: Run ContentReplace Behavior [ RunTime:-0.056711s ]
INFO: Run TokenBuild Behavior [ RunTime:-0.057827s ]
INFO: Run WriteHtmlCache Behavior [ RunTime:-0.058905s ]
INFO: Run ShowRuntime Behavior [ RunTime:-0.059603s ]
INFO: [ view_filter ] --END-- [ RunTime:0.003806s ]
INFO: [ view_end ] --START--
INFO: Run ShowPageTrace Behavior [ RunTime:-0.060645s ]
INFO: [ view_end ] --END-- [ RunTime:0.001028s ]

