[ 2014-11-23T02:03:32+08:00 ] 220.181.132.220 /
INFO: [ app_begin ] --START--
INFO: Run ReadHtmlCache Behavior [ RunTime:0.001021s ]
INFO: [ app_begin ] --END-- [ RunTime:0.001193s ]
SQL: SHOW COLUMNS FROM `wy_links` [ RunTime:0.002871s ]
SQL: SELECT * FROM `wy_links` WHERE ( `status` = 1 )  [ RunTime:0.000226s ]
NOTIC: [2] Cannot use a scalar value as an array D:\www\qmyx.wuyelaile.com\weiwincms\_Core\Lib\Core\View.class.php 第 69 行.
INFO: [ view_template ] --START--
INFO: Run LocationTemplate Behavior [ RunTime:-0.021759s ]
INFO: [ view_template ] --END-- [ RunTime:0.001506s ]
INFO: [ view_parse ] --START--
INFO: Run ParseTemplate Behavior [ RunTime:-0.023356s ]
INFO: [ view_parse ] --END-- [ RunTime:0.019768s ]
INFO: [ view_filter ] --START--
INFO: Run ContentReplace Behavior [ RunTime:-0.043189s ]
INFO: Run TokenBuild Behavior [ RunTime:-0.044091s ]
INFO: Run WriteHtmlCache Behavior [ RunTime:-0.045173s ]
INFO: Run ShowRuntime Behavior [ RunTime:-0.045905s ]
INFO: [ view_filter ] --END-- [ RunTime:0.003681s ]
INFO: [ view_end ] --START--
INFO: Run ShowPageTrace Behavior [ RunTime:-0.046965s ]
INFO: [ view_end ] --END-- [ RunTime:0.001074s ]

[ 2014-11-23T02:04:38+08:00 ] 101.199.112.54 /
INFO: [ app_begin ] --START--
INFO: Run ReadHtmlCache Behavior [ RunTime:0.000628s ]
INFO: [ app_begin ] --END-- [ RunTime:0.000778s ]
SQL: SHOW COLUMNS FROM `wy_links` [ RunTime:0.002136s ]
SQL: SELECT * FROM `wy_links` WHERE ( `status` = 1 )  [ RunTime:0.000199s ]
NOTIC: [2] Cannot use a scalar value as an array D:\www\qmyx.wuyelaile.com\weiwincms\_Core\Lib\Core\View.class.php 第 69 行.
INFO: [ view_template ] --START--
INFO: Run LocationTemplate Behavior [ RunTime:-0.016192s ]
INFO: [ view_template ] --END-- [ RunTime:0.000774s ]
INFO: [ view_parse ] --START--
INFO: Run ParseTemplate Behavior [ RunTime:-0.017048s ]
INFO: [ view_parse ] --END-- [ RunTime:0.013181s ]
INFO: [ view_filter ] --START--
INFO: Run ContentReplace Behavior [ RunTime:-0.030358s ]
INFO: Run TokenBuild Behavior [ RunTime:-0.030922s ]
INFO: Run WriteHtmlCache Behavior [ RunTime:-0.031601s ]
INFO: Run ShowRuntime Behavior [ RunTime:-0.032007s ]
INFO: [ view_filter ] --END-- [ RunTime:0.002461s ]
INFO: [ view_end ] --START--
INFO: Run ShowPageTrace Behavior [ RunTime:-0.032985s ]
INFO: [ view_end ] --END-- [ RunTime:0.000999s ]

[ 2014-11-23T03:33:44+08:00 ] 220.181.108.81 /
INFO: [ app_begin ] --START--
INFO: Run ReadHtmlCache Behavior [ RunTime:0.000964s ]
INFO: [ app_begin ] --END-- [ RunTime:0.001144s ]
SQL: SHOW COLUMNS FROM `wy_links` [ RunTime:0.002457s ]
SQL: SELECT * FROM `wy_links` WHERE ( `status` = 1 )  [ RunTime:0.000183s ]
NOTIC: [2] Cannot use a scalar value as an array D:\www\qmyx.wuyelaile.com\weiwincms\_Core\Lib\Core\View.class.php 第 69 行.
INFO: [ view_template ] --START--
INFO: Run LocationTemplate Behavior [ RunTime:-0.020576s ]
INFO: [ view_template ] --END-- [ RunTime:0.001447s ]
INFO: [ view_parse ] --START--
INFO: Run ParseTemplate Behavior [ RunTime:-0.022110s ]
INFO: [ view_parse ] --END-- [ RunTime:0.019412s ]
INFO: [ view_filter ] --START--
INFO: Run ContentReplace Behavior [ RunTime:-0.041598s ]
INFO: Run TokenBuild Behavior [ RunTime:-0.042456s ]
INFO: Run WriteHtmlCache Behavior [ RunTime:-0.043492s ]
INFO: Run ShowRuntime Behavior [ RunTime:-0.044161s ]
INFO: [ view_filter ] --END-- [ RunTime:0.003484s ]
INFO: [ view_end ] --START--
INFO: Run ShowPageTrace Behavior [ RunTime:-0.045180s ]
INFO: [ view_end ] --END-- [ RunTime:0.001038s ]

[ 2014-11-23T03:33:44+08:00 ] 123.125.71.20 /
INFO: [ app_begin ] --START--
INFO: Run ReadHtmlCache Behavior [ RunTime:0.000593s ]
INFO: [ app_begin ] --END-- [ RunTime:0.000754s ]
SQL: SHOW COLUMNS FROM `wy_links` [ RunTime:0.002272s ]
SQL: SELECT * FROM `wy_links` WHERE ( `status` = 1 )  [ RunTime:0.000192s ]
NOTIC: [2] Cannot use a scalar value as an array D:\www\qmyx.wuyelaile.com\weiwincms\_Core\Lib\Core\View.class.php 第 69 行.
INFO: [ view_template ] --START--
INFO: Run LocationTemplate Behavior [ RunTime:-0.015629s ]
INFO: [ view_template ] --END-- [ RunTime:0.000670s ]
INFO: [ view_parse ] --START--
INFO: Run ParseTemplate Behavior [ RunTime:-0.016384s ]
INFO: [ view_parse ] --END-- [ RunTime:0.009902s ]
INFO: [ view_filter ] --START--
INFO: Run ContentReplace Behavior [ RunTime:-0.026362s ]
INFO: Run TokenBuild Behavior [ RunTime:-0.026823s ]
INFO: Run WriteHtmlCache Behavior [ RunTime:-0.027375s ]
INFO: Run ShowRuntime Behavior [ RunTime:-0.027738s ]
INFO: [ view_filter ] --END-- [ RunTime:0.001952s ]
INFO: [ view_end ] --START--
INFO: Run ShowPageTrace Behavior [ RunTime:-0.028407s ]
INFO: [ view_end ] --END-- [ RunTime:0.000683s ]

[ 2014-11-23T06:36:15+08:00 ] 220.181.108.82 /
INFO: [ app_begin ] --START--
INFO: Run ReadHtmlCache Behavior [ RunTime:0.000979s ]
INFO: [ app_begin ] --END-- [ RunTime:0.001148s ]
SQL: SHOW COLUMNS FROM `wy_links` [ RunTime:0.002490s ]
SQL: SELECT * FROM `wy_links` WHERE ( `status` = 1 )  [ RunTime:0.000203s ]
NOTIC: [2] Cannot use a scalar value as an array D:\www\qmyx.wuyelaile.com\weiwincms\_Core\Lib\Core\View.class.php 第 69 行.
INFO: [ view_template ] --START--
INFO: Run LocationTemplate Behavior [ RunTime:-0.021443s ]
INFO: [ view_template ] --END-- [ RunTime:0.001545s ]
INFO: [ view_parse ] --START--
INFO: Run ParseTemplate Behavior [ RunTime:-0.023071s ]
INFO: [ view_parse ] --END-- [ RunTime:0.019523s ]
INFO: [ view_filter ] --START--
INFO: Run ContentReplace Behavior [ RunTime:-0.042661s ]
INFO: Run TokenBuild Behavior [ RunTime:-0.043578s ]
INFO: Run WriteHtmlCache Behavior [ RunTime:-0.044655s ]
INFO: Run ShowRuntime Behavior [ RunTime:-0.045593s ]
INFO: [ view_filter ] --END-- [ RunTime:0.004115s ]
INFO: [ view_end ] --START--
INFO: Run ShowPageTrace Behavior [ RunTime:-0.046897s ]
INFO: [ view_end ] --END-- [ RunTime:0.001211s ]

[ 2014-11-23T06:36:15+08:00 ] 123.125.71.27 /
INFO: [ app_begin ] --START--
INFO: Run ReadHtmlCache Behavior [ RunTime:0.000543s ]
INFO: [ app_begin ] --END-- [ RunTime:0.000667s ]
SQL: SHOW COLUMNS FROM `wy_links` [ RunTime:0.002073s ]
SQL: SELECT * FROM `wy_links` WHERE ( `status` = 1 )  [ RunTime:0.000169s ]
NOTIC: [2] Cannot use a scalar value as an array D:\www\qmyx.wuyelaile.com\weiwincms\_Core\Lib\Core\View.class.php 第 69 行.
INFO: [ view_template ] --START--
INFO: Run LocationTemplate Behavior [ RunTime:-0.014693s ]
INFO: [ view_template ] --END-- [ RunTime:0.000645s ]
INFO: [ view_parse ] --START--
INFO: Run ParseTemplate Behavior [ RunTime:-0.015416s ]
INFO: [ view_parse ] --END-- [ RunTime:0.009219s ]
INFO: [ view_filter ] --START--
INFO: Run ContentReplace Behavior [ RunTime:-0.024739s ]
INFO: Run TokenBuild Behavior [ RunTime:-0.025192s ]
INFO: Run WriteHtmlCache Behavior [ RunTime:-0.025717s ]
INFO: Run ShowRuntime Behavior [ RunTime:-0.026008s ]
INFO: [ view_filter ] --END-- [ RunTime:0.001845s ]
INFO: [ view_end ] --START--
INFO: Run ShowPageTrace Behavior [ RunTime:-0.026659s ]
INFO: [ view_end ] --END-- [ RunTime:0.000678s ]

[ 2014-11-23T08:32:13+08:00 ] 183.136.190.62 /
INFO: [ app_begin ] --START--
INFO: Run ReadHtmlCache Behavior [ RunTime:0.000998s ]
INFO: [ app_begin ] --END-- [ RunTime:0.001214s ]
SQL: SHOW COLUMNS FROM `wy_links` [ RunTime:0.002552s ]
SQL: SELECT * FROM `wy_links` WHERE ( `status` = 1 )  [ RunTime:0.000282s ]
NOTIC: [2] Cannot use a scalar value as an array D:\www\qmyx.wuyelaile.com\weiwincms\_Core\Lib\Core\View.class.php 第 69 行.
INFO: [ view_template ] --START--
INFO: Run LocationTemplate Behavior [ RunTime:-0.022405s ]
INFO: [ view_template ] --END-- [ RunTime:0.001909s ]
INFO: [ view_parse ] --START--
INFO: Run ParseTemplate Behavior [ RunTime:-0.024418s ]
INFO: [ view_parse ] --END-- [ RunTime:0.020999s ]
INFO: [ view_filter ] --START--
INFO: Run ContentReplace Behavior [ RunTime:-0.045462s ]
INFO: Run TokenBuild Behavior [ RunTime:-0.046355s ]
INFO: Run WriteHtmlCache Behavior [ RunTime:-0.047459s ]
INFO: Run ShowRuntime Behavior [ RunTime:-0.048254s ]
INFO: [ view_filter ] --END-- [ RunTime:0.003777s ]
INFO: [ view_end ] --START--
INFO: Run ShowPageTrace Behavior [ RunTime:-0.049334s ]
INFO: [ view_end ] --END-- [ RunTime:0.001128s ]

[ 2014-11-23T08:33:23+08:00 ] 220.181.108.93 /
INFO: [ app_begin ] --START--
INFO: Run ReadHtmlCache Behavior [ RunTime:0.000615s ]
INFO: [ app_begin ] --END-- [ RunTime:0.000759s ]
SQL: SHOW COLUMNS FROM `wy_links` [ RunTime:0.002323s ]
SQL: SELECT * FROM `wy_links` WHERE ( `status` = 1 )  [ RunTime:0.000220s ]
NOTIC: [2] Cannot use a scalar value as an array D:\www\qmyx.wuyelaile.com\weiwincms\_Core\Lib\Core\View.class.php 第 69 行.
INFO: [ view_template ] --START--
INFO: Run LocationTemplate Behavior [ RunTime:-0.015926s ]
INFO: [ view_template ] --END-- [ RunTime:0.000680s ]
INFO: [ view_parse ] --START--
INFO: Run ParseTemplate Behavior [ RunTime:-0.016687s ]
INFO: [ view_parse ] --END-- [ RunTime:0.009167s ]
INFO: [ view_filter ] --START--
INFO: Run ContentReplace Behavior [ RunTime:-0.025924s ]
INFO: Run TokenBuild Behavior [ RunTime:-0.026401s ]
INFO: Run WriteHtmlCache Behavior [ RunTime:-0.026920s ]
INFO: Run ShowRuntime Behavior [ RunTime:-0.027243s ]
INFO: [ view_filter ] --END-- [ RunTime:0.001869s ]
INFO: [ view_end ] --START--
INFO: Run ShowPageTrace Behavior [ RunTime:-0.027888s ]
INFO: [ view_end ] --END-- [ RunTime:0.000685s ]

[ 2014-11-23T08:33:23+08:00 ] 123.125.71.27 /
INFO: [ app_begin ] --START--
INFO: Run ReadHtmlCache Behavior [ RunTime:0.000538s ]
INFO: [ app_begin ] --END-- [ RunTime:0.000674s ]
SQL: SHOW COLUMNS FROM `wy_links` [ RunTime:0.002420s ]
SQL: SELECT * FROM `wy_links` WHERE ( `status` = 1 )  [ RunTime:0.000190s ]
NOTIC: [2] Cannot use a scalar value as an array D:\www\qmyx.wuyelaile.com\weiwincms\_Core\Lib\Core\View.class.php 第 69 行.
INFO: [ view_template ] --START--
INFO: Run LocationTemplate Behavior [ RunTime:-0.015335s ]
INFO: [ view_template ] --END-- [ RunTime:0.000671s ]
INFO: [ view_parse ] --START--
INFO: Run ParseTemplate Behavior [ RunTime:-0.016089s ]
INFO: [ view_parse ] --END-- [ RunTime:0.009501s ]
INFO: [ view_filter ] --START--
INFO: Run ContentReplace Behavior [ RunTime:-0.025719s ]
INFO: Run TokenBuild Behavior [ RunTime:-0.026295s ]
INFO: Run WriteHtmlCache Behavior [ RunTime:-0.027028s ]
INFO: Run ShowRuntime Behavior [ RunTime:-0.027391s ]
INFO: [ view_filter ] --END-- [ RunTime:0.002351s ]
INFO: [ view_end ] --START--
INFO: Run ShowPageTrace Behavior [ RunTime:-0.028145s ]
INFO: [ view_end ] --END-- [ RunTime:0.000787s ]

[ 2014-11-23T09:34:36+08:00 ] 220.181.108.123 /
INFO: [ app_begin ] --START--
INFO: Run ReadHtmlCache Behavior [ RunTime:0.001074s ]
INFO: [ app_begin ] --END-- [ RunTime:0.001325s ]
SQL: SHOW COLUMNS FROM `wy_links` [ RunTime:0.002443s ]
SQL: SELECT * FROM `wy_links` WHERE ( `status` = 1 )  [ RunTime:0.000198s ]
NOTIC: [2] Cannot use a scalar value as an array D:\www\qmyx.wuyelaile.com\weiwincms\_Core\Lib\Core\View.class.php 第 69 行.
INFO: [ view_template ] --START--
INFO: Run LocationTemplate Behavior [ RunTime:-0.024718s ]
INFO: [ view_template ] --END-- [ RunTime:0.002551s ]
INFO: [ view_parse ] --START--
INFO: Run ParseTemplate Behavior [ RunTime:-0.027439s ]
INFO: [ view_parse ] --END-- [ RunTime:0.019976s ]
INFO: [ view_filter ] --START--
INFO: Run ContentReplace Behavior [ RunTime:-0.047437s ]
INFO: Run TokenBuild Behavior [ RunTime:-0.048270s ]
INFO: Run WriteHtmlCache Behavior [ RunTime:-0.049315s ]
INFO: Run ShowRuntime Behavior [ RunTime:-0.049993s ]
INFO: [ view_filter ] --END-- [ RunTime:0.003481s ]
INFO: [ view_end ] --START--
INFO: Run ShowPageTrace Behavior [ RunTime:-0.051015s ]
INFO: [ view_end ] --END-- [ RunTime:0.001081s ]

[ 2014-11-23T09:34:36+08:00 ] 123.125.71.26 /
INFO: [ app_begin ] --START--
INFO: Run ReadHtmlCache Behavior [ RunTime:0.001442s ]
INFO: [ app_begin ] --END-- [ RunTime:0.001648s ]
SQL: SHOW COLUMNS FROM `wy_links` [ RunTime:0.002602s ]
SQL: SELECT * FROM `wy_links` WHERE ( `status` = 1 )  [ RunTime:0.000186s ]
NOTIC: [2] Cannot use a scalar value as an array D:\www\qmyx.wuyelaile.com\weiwincms\_Core\Lib\Core\View.class.php 第 69 行.
INFO: [ view_template ] --START--
INFO: Run LocationTemplate Behavior [ RunTime:-0.043049s ]
INFO: [ view_template ] --END-- [ RunTime:0.001424s ]
INFO: [ view_parse ] --START--
INFO: Run ParseTemplate Behavior [ RunTime:-0.044554s ]
INFO: [ view_parse ] --END-- [ RunTime:0.018981s ]
INFO: [ view_filter ] --START--
INFO: Run ContentReplace Behavior [ RunTime:-0.063612s ]
INFO: Run TokenBuild Behavior [ RunTime:-0.064460s ]
INFO: Run WriteHtmlCache Behavior [ RunTime:-0.065510s ]
INFO: Run ShowRuntime Behavior [ RunTime:-0.066186s ]
INFO: [ view_filter ] --END-- [ RunTime:0.003510s ]
INFO: [ view_end ] --START--
INFO: Run ShowPageTrace Behavior [ RunTime:-0.067219s ]
INFO: [ view_end ] --END-- [ RunTime:0.001052s ]

[ 2014-11-23T10:41:55+08:00 ] 140.207.54.78 /index.php/api/jeifef1412084627?signature=10de0cc9ec0b7ad80c90f6c2a4a0e30548a777c4&timestamp=1416710514&nonce=706246924
INFO: [ route_check ] --START--
INFO: Run CheckRoute Behavior [ RunTime:0.001373s ]
INFO: [ route_check ] --END-- [ RunTime:0.001563s ]
INFO: [ app_begin ] --START--
INFO: Run ReadHtmlCache Behavior [ RunTime:-0.001233s ]
INFO: [ app_begin ] --END-- [ RunTime:0.000997s ]
SQL: SHOW COLUMNS FROM `wy_userinfo` [ RunTime:0.002985s ]
SQL: SELECT * FROM `wy_userinfo` WHERE ( `token` = 'jeifef1412084627' ) AND ( `wecha_id` = 'oI5B3uDdKsOVfabwB8wwV1bgr7u4' ) LIMIT 1   [ RunTime:0.000514s ]
NOTIC: [2] unlink(./weiwindata/logs/Temp/7/9/796c4a8046f49bb1bd1e73f593739a69.php) [<a href='function.unlink'>function.unlink</a>]: No such file or directory D:\www\qmyx.wuyelaile.com\weiwincms\_Core\Lib\Driver\Cache\CacheFile.class.php 第 176 行.
SQL: SHOW COLUMNS FROM `wy_wxuser` [ RunTime:0.003073s ]
SQL: SELECT * FROM `wy_wxuser` WHERE ( `token` = 'jeifef1412084627' ) LIMIT 1   [ RunTime:0.000310s ]
SQL: SHOW COLUMNS FROM `wy_wxuser` [ RunTime:0.002811s ]
SQL: SELECT * FROM `wy_wxuser` WHERE ( `token` = 'jeifef1412084627' ) LIMIT 1   [ RunTime:0.000252s ]
SQL: SHOW COLUMNS FROM `wy_users` [ RunTime:0.002612s ]
SQL: SELECT * FROM `wy_users` WHERE ( `id` = 1 ) LIMIT 1   [ RunTime:0.000378s ]
NOTIC: [2048] Non-static method apiServer::getServerUrl() should not be called statically, assuming $this from incompatible context D:\www\qmyx.wuyelaile.com\weiwincms\Lib\Action\Home\WeixinAction.class.php 第 48 行.
SQL: SHOW COLUMNS FROM `wy_token_open` [ RunTime:0.002140s ]
SQL: SELECT * FROM `wy_token_open` WHERE ( `token` = 'jeifef1412084627' ) LIMIT 1   [ RunTime:0.000200s ]
SQL: SHOW COLUMNS FROM `wy_wxuser_message` [ RunTime:0.004991s ]
SQL: INSERT INTO `wy_wxuser_message` (`ToUserName`,`FromUserName`,`CreateTime`,`MsgType`) VALUES ('gh_c4fefcfc9a96','oI5B3uDdKsOVfabwB8wwV1bgr7u4','1416710514','event') [ RunTime:0.000527s ]
NOTIC: [8] Undefined index:  Content D:\www\qmyx.wuyelaile.com\weiwincms\Lib\Action\Home\WeixinAction.class.php 第 153 行.
NOTIC: [8] Undefined index:  Content D:\www\qmyx.wuyelaile.com\weiwincms\Lib\Action\Home\WeixinAction.class.php 第 156 行.
NOTIC: [8] Undefined index:  Content D:\www\qmyx.wuyelaile.com\weiwincms\Lib\Action\Home\WeixinAction.class.php 第 185 行.
NOTIC: [8] Undefined index:  Content D:\www\qmyx.wuyelaile.com\weiwincms\Lib\Action\Home\WeixinAction.class.php 第 193 行.
NOTIC: [8] Undefined index:  Content D:\www\qmyx.wuyelaile.com\weiwincms\Lib\Action\Home\WeixinAction.class.php 第 193 行.
NOTIC: [8] Undefined index:  Content D:\www\qmyx.wuyelaile.com\weiwincms\Lib\Action\Home\WeixinAction.class.php 第 220 行.
NOTIC: [8] Undefined index:  Content D:\www\qmyx.wuyelaile.com\weiwincms\Lib\Action\Home\WeixinAction.class.php 第 224 行.
NOTIC: [8] Undefined index:  Content D:\www\qmyx.wuyelaile.com\weiwincms\Lib\Action\Home\WeixinAction.class.php 第 318 行.
NOTIC: [8] Undefined index:  Content D:\www\qmyx.wuyelaile.com\weiwincms\Lib\Action\Home\WeixinAction.class.php 第 321 行.
NOTIC: [8] Undefined index:  Content D:\www\qmyx.wuyelaile.com\weiwincms\Lib\Action\Home\WeixinAction.class.php 第 323 行.
SQL: SELECT `uid` FROM `wy_wxuser` WHERE ( `token` = 'jeifef1412084627' ) LIMIT 1   [ RunTime:0.000223s ]
SQL: SELECT `gid`,`diynum`,`connectnum`,`activitynum`,`viptime` FROM `wy_users` WHERE ( `id` = 1 ) LIMIT 1   [ RunTime:0.000217s ]
SQL: SHOW COLUMNS FROM `wy_user_group` [ RunTime:0.003905s ]
SQL: SELECT * FROM `wy_user_group` WHERE ( `id` = 4 ) LIMIT 1   [ RunTime:0.000217s ]
SQL: UPDATE `wy_users` SET `connectnum`=connectnum+1 WHERE ( `id` = 1 ) [ RunTime:0.000961s ]
NOTIC: [8] Undefined index:  Content D:\www\qmyx.wuyelaile.com\weiwincms\Lib\Action\Home\WeixinAction.class.php 第 331 行.
NOTIC: [2] Invalid argument supplied for foreach() D:\www\qmyx.wuyelaile.com\weiwincms\Lib\Action\Home\WeixinAction.class.php 第 2445 行.
NOTIC: [8] Undefined index:  Location_X D:\www\qmyx.wuyelaile.com\weiwincms\Lib\Action\Home\WeixinAction.class.php 第 379 行.
SQL: SELECT `uid` FROM `wy_wxuser` WHERE ( `token` = 'jeifef1412084627' ) LIMIT 1   [ RunTime:0.000201s ]
SQL: SELECT `gid`,`diynum`,`connectnum`,`activitynum`,`viptime` FROM `wy_users` WHERE ( `id` = 1 ) LIMIT 1   [ RunTime:0.000373s ]
SQL: SELECT * FROM `wy_user_group` WHERE ( `id` = 4 ) LIMIT 1   [ RunTime:0.000226s ]
SQL: SHOW COLUMNS FROM `wy_keyword` [ RunTime:0.002870s ]
SQL: SELECT * FROM `wy_keyword` WHERE ( `keyword` LIKE '%%' ) AND ( `token` = 'jeifef1412084627' ) ORDER BY id desc LIMIT 1   [ RunTime:0.000186s ]
NOTIC: [8] Undefined index:  Content D:\www\qmyx.wuyelaile.com\weiwincms\Lib\Action\Home\WeixinAction.class.php 第 1884 行.
SQL: SHOW COLUMNS FROM `wy_behavior` [ RunTime:0.003497s ]
SQL: SELECT `id` FROM `wy_behavior` WHERE ( `date` = '2014-11-23' ) AND ( `token` = 'jeifef1412084627' ) AND ( `openid` = 'oI5B3uDdKsOVfabwB8wwV1bgr7u4' ) AND ( `keyword` = '用户关注' ) AND ( `model` = 'Panorama' ) AND ( `fid` = 9 ) LIMIT 1   [ RunTime:0.031222s ]
SQL: SHOW COLUMNS FROM `wy_wehcat_member_enddate` [ RunTime:0.002536s ]
SQL: SELECT `id` FROM `wy_wehcat_member_enddate` WHERE ( `openid` = 'oI5B3uDdKsOVfabwB8wwV1bgr7u4' ) LIMIT 1   [ RunTime:0.000453s ]
SQL: UPDATE `wy_wehcat_member_enddate` SET `enddate`='1416710515',`openid`='oI5B3uDdKsOVfabwB8wwV1bgr7u4',`token`='jeifef1412084627' WHERE ( `id` = 447 ) [ RunTime:0.000691s ]
SQL: INSERT INTO `wy_behavior` (`date`,`token`,`openid`,`keyword`,`model`,`fid`,`num`,`enddate`) VALUES ('2014-11-23','jeifef1412084627','oI5B3uDdKsOVfabwB8wwV1bgr7u4','用户关注','Panorama','9','1','1416710515') [ RunTime:0.000448s ]
SQL: SHOW COLUMNS FROM `wy_requestdata` [ RunTime:0.002601s ]
SQL: SELECT `id` FROM `wy_requestdata` WHERE ( `year` = 2014 ) AND ( `month` = 11 ) AND ( `day` = 23 ) AND ( `token` = 'jeifef1412084627' ) LIMIT 1   [ RunTime:0.000437s ]
SQL: INSERT INTO `wy_requestdata` (`year`,`month`,`day`,`token`,`time`,`other`) VALUES ('2014','11','23','jeifef1412084627','1416710515','1') [ RunTime:0.000458s ]
SQL: SHOW COLUMNS FROM `wy_panorama` [ RunTime:0.002691s ]
SQL: SELECT * FROM `wy_panorama` WHERE ( `id` = 9 ) LIMIT 1   [ RunTime:0.000224s ]

[ 2014-11-23T12:35:14+08:00 ] 222.174.92.82 /index.php?g=Wap&m=SaleManager&a=index&token=jeifef1412084627&wecha_id=oI5B3uJoRgDrwWo3xECPZ-AmV9Wc
INFO: [ app_begin ] --START--
INFO: Run ReadHtmlCache Behavior [ RunTime:0.001289s ]
INFO: [ app_begin ] --END-- [ RunTime:0.001502s ]
SQL: SHOW COLUMNS FROM `wy_zy` [ RunTime:0.002450s ]
SQL: SELECT * FROM `wy_zy` WHERE ( `Token` = 'jeifef1412084627' ) AND ( `Wecha_id` = 'oI5B3uJoRgDrwWo3xECPZ-AmV9Wc' ) LIMIT 1   [ RunTime:0.000421s ]
SQL: SHOW COLUMNS FROM `wy_jjr` [ RunTime:0.002313s ]
SQL: SELECT * FROM `wy_jjr` WHERE ( `Token` = 'jeifef1412084627' ) AND ( `Wecha_id` = 'oI5B3uJoRgDrwWo3xECPZ-AmV9Wc' ) LIMIT 1   [ RunTime:0.000499s ]
SQL: SHOW COLUMNS FROM `wy_ac` [ RunTime:0.002275s ]
SQL: SELECT * FROM `wy_ac` WHERE ( `Wecha_id` = 'oI5B3uJoRgDrwWo3xECPZ-AmV9Wc' ) AND ( `Token` = 'jeifef1412084627' ) LIMIT 1   [ RunTime:0.000358s ]
SQL: SHOW COLUMNS FROM `wy_kh` [ RunTime:0.002387s ]
SQL: SELECT count(kh.ID) as count from wy_ac as ac,wy_kh as kh where ac.Uid=kh.LouPanTitle and ac.ID=18 [ RunTime:0.000489s ]
SQL: SELECT count(kh.ID) as count from wy_ac as ac,wy_kh as kh where ac.Uid=kh.LouPanTitle and ac.ID=18 and kh.zy_id=0 [ RunTime:0.000443s ]
NOTIC: [2] Cannot use a scalar value as an array D:\www\qmyx.wuyelaile.com\weiwincms\_Core\Lib\Core\View.class.php 第 69 行.
INFO: [ view_template ] --START--
INFO: Run LocationTemplate Behavior [ RunTime:-0.039477s ]
INFO: [ view_template ] --END-- [ RunTime:0.002022s ]
INFO: [ view_parse ] --START--
INFO: Run ParseTemplate Behavior [ RunTime:-0.041636s ]
INFO: [ view_parse ] --END-- [ RunTime:0.019188s ]
INFO: [ view_filter ] --START--
INFO: Run ContentReplace Behavior [ RunTime:-0.060870s ]
INFO: Run TokenBuild Behavior [ RunTime:-0.061699s ]
INFO: Run WriteHtmlCache Behavior [ RunTime:-0.062696s ]
INFO: Run ShowRuntime Behavior [ RunTime:-0.063417s ]
INFO: [ view_filter ] --END-- [ RunTime:0.003489s ]
INFO: [ view_end ] --START--
INFO: Run ShowPageTrace Behavior [ RunTime:-0.064455s ]
INFO: [ view_end ] --END-- [ RunTime:0.001062s ]

[ 2014-11-23T12:35:19+08:00 ] 222.174.92.82 /index.php?g=Wap&m=SaleManager&a=custom&token=jeifef1412084627&wecha_id=oI5B3uJoRgDrwWo3xECPZ-AmV9Wc
INFO: [ app_begin ] --START--
INFO: Run ReadHtmlCache Behavior [ RunTime:0.000541s ]
INFO: [ app_begin ] --END-- [ RunTime:0.000671s ]
SQL: SHOW COLUMNS FROM `wy_zy` [ RunTime:0.002250s ]
SQL: SELECT * FROM `wy_zy` WHERE ( `Token` = 'jeifef1412084627' ) AND ( `Wecha_id` = 'oI5B3uJoRgDrwWo3xECPZ-AmV9Wc' ) LIMIT 1   [ RunTime:0.000192s ]
SQL: SHOW COLUMNS FROM `wy_jjr` [ RunTime:0.002272s ]
SQL: SELECT * FROM `wy_jjr` WHERE ( `Token` = 'jeifef1412084627' ) AND ( `Wecha_id` = 'oI5B3uJoRgDrwWo3xECPZ-AmV9Wc' ) LIMIT 1   [ RunTime:0.000263s ]
SQL: SHOW COLUMNS FROM `wy_kh` [ RunTime:0.002592s ]
SQL: SHOW COLUMNS FROM `wy_ac` [ RunTime:0.002024s ]
SQL: SELECT * FROM `wy_ac` WHERE Wecha_id='oI5B3uJoRgDrwWo3xECPZ-AmV9Wc' LIMIT 1   [ RunTime:0.000414s ]
SQL: SHOW COLUMNS FROM `wy_lpinfo` [ RunTime:0.002954s ]
SQL: SELECT * FROM `wy_lpinfo` WHERE ( `id` = 31 ) LIMIT 1   [ RunTime:0.001080s ]
SQL: SHOW COLUMNS FROM `wy_agent_status` [ RunTime:0.048959s ]
SQL: SELECT `id` FROM `wy_agent_status` ORDER BY sort LIMIT 1   [ RunTime:0.000410s ]
SQL: SELECT * FROM `wy_kh` WHERE ( `Token` = 'jeifef1412084627' ) AND ( `LouPanTitle` = 31 ) AND ( `Stutas` = 1 ) AND ( `zy_id` = 0 ) AND ( `JJ_id` NOT IN ('0') )  [ RunTime:0.000560s ]
SQL: SELECT kh.ID,kh.Token,kh.`Name` as kh_name,kh.Tel,kh.LouPanTitle,
	 		kh.Stutas,kh.SrTime,zy.`Name` as zy_name,status.salesstatus 
	 		FROM wy_kh as kh LEFT JOIN wy_zy as zy ON kh.zy_id=zy.ID 
	 		LEFT JOIN wy_agent_status as status on kh.Stutas=status.id 
	 		where kh.Token='jeifef1412084627' AND kh.zy_id > 0 AND kh.LouPanTitle =31 
	 		ORDER by kh.id desc,status.sort [ RunTime:0.000684s ]
NOTIC: [2] Cannot use a scalar value as an array D:\www\qmyx.wuyelaile.com\weiwincms\_Core\Lib\Core\View.class.php 第 69 行.
INFO: [ view_template ] --START--
INFO: Run LocationTemplate Behavior [ RunTime:-0.085689s ]
INFO: [ view_template ] --END-- [ RunTime:0.000980s ]
INFO: [ view_parse ] --START--
INFO: Run ParseTemplate Behavior [ RunTime:-0.086751s ]
INFO: [ view_parse ] --END-- [ RunTime:0.060185s ]
INFO: [ view_filter ] --START--
INFO: Run ContentReplace Behavior [ RunTime:-0.147018s ]
INFO: Run TokenBuild Behavior [ RunTime:-0.147465s ]
INFO: Run WriteHtmlCache Behavior [ RunTime:-0.147945s ]
INFO: Run ShowRuntime Behavior [ RunTime:-0.148255s ]
INFO: [ view_filter ] --END-- [ RunTime:0.001822s ]
INFO: [ view_end ] --START--
INFO: Run ShowPageTrace Behavior [ RunTime:-0.148933s ]
INFO: [ view_end ] --END-- [ RunTime:0.000648s ]

[ 2014-11-23T12:35:25+08:00 ] 222.174.92.82 /index.php?g=Wap&m=SaleManager&a=commission&token=jeifef1412084627&wecha_id=oI5B3uJoRgDrwWo3xECPZ-AmV9Wc
INFO: [ app_begin ] --START--
INFO: Run ReadHtmlCache Behavior [ RunTime:0.000585s ]
INFO: [ app_begin ] --END-- [ RunTime:0.000753s ]
SQL: SHOW COLUMNS FROM `wy_zy` [ RunTime:0.002135s ]
SQL: SELECT * FROM `wy_zy` WHERE ( `Token` = 'jeifef1412084627' ) AND ( `Wecha_id` = 'oI5B3uJoRgDrwWo3xECPZ-AmV9Wc' ) LIMIT 1   [ RunTime:0.000182s ]
SQL: SHOW COLUMNS FROM `wy_jjr` [ RunTime:0.002064s ]
SQL: SELECT * FROM `wy_jjr` WHERE ( `Token` = 'jeifef1412084627' ) AND ( `Wecha_id` = 'oI5B3uJoRgDrwWo3xECPZ-AmV9Wc' ) LIMIT 1   [ RunTime:0.000173s ]
SQL: SHOW COLUMNS FROM `wy_ac` [ RunTime:0.002037s ]
SQL: SELECT `ID`,`Uid` FROM `wy_ac` WHERE ( `Token` = 'jeifef1412084627' ) AND ( `Wecha_id` = 'oI5B3uJoRgDrwWo3xECPZ-AmV9Wc' ) LIMIT 1   [ RunTime:0.000657s ]
SQL: SHOW COLUMNS FROM `wy_capital` [ RunTime:0.002226s ]
SQL: SELECT * FROM `wy_capital` WHERE ( `token` = 'jeifef1412084627' ) AND ( `lpid` = 31 )  [ RunTime:0.000552s ]
SQL: SHOW COLUMNS FROM `wy_agent_rewardinfo` [ RunTime:0.002256s ]
SQL: select jjr.Name,reward.rewardamount,reward.rewardstatus as type 
		 			from wy_agent_rewardinfo as reward , wy_lpinfo as lp , wy_jjr as jjr 
		 			where reward.token='jeifef1412084627' and lp.id=31 and lp.LouPanTitle=reward.loupanname 
		 					and reward.token=jjr.token and reward.wecha_id=jjr.Wecha_id and reward.rewardstatus=0  
		 			order by reward.id desc [ RunTime:0.000699s ]
SQL: SHOW COLUMNS FROM `wy_xmfx` [ RunTime:0.002162s ]
SQL: select jjr.Name,xmfx.hasmoney as rewardamount,xmfx.type 
		 			from wy_xmfx as xmfx , wy_jjr as jjr 
		 			where xmfx.token='jeifef1412084627' and xmfx.jid=jjr.ID and uid=31 and xmfx.type=1 
		 			order by xmfx.id [ RunTime:0.000832s ]
NOTIC: [2] Cannot use a scalar value as an array D:\www\qmyx.wuyelaile.com\weiwincms\_Core\Lib\Core\View.class.php 第 69 行.
INFO: [ view_template ] --START--
INFO: Run LocationTemplate Behavior [ RunTime:-0.037111s ]
INFO: [ view_template ] --END-- [ RunTime:0.001109s ]
INFO: [ view_parse ] --START--
NOTIC: [8] Undefined index:  Tel D:\www\qmyx.wuyelaile.com\weiwindata\logs\Cache\Wap\fff35007e0dc31f92abab1ac22800e87.php 第 30 行.
INFO: Run ParseTemplate Behavior [ RunTime:-0.038303s ]
INFO: [ view_parse ] --END-- [ RunTime:0.014275s ]
INFO: [ view_filter ] --START--
INFO: Run ContentReplace Behavior [ RunTime:-0.052655s ]
INFO: Run TokenBuild Behavior [ RunTime:-0.053155s ]
INFO: Run WriteHtmlCache Behavior [ RunTime:-0.053612s ]
INFO: Run ShowRuntime Behavior [ RunTime:-0.053945s ]
INFO: [ view_filter ] --END-- [ RunTime:0.001846s ]
INFO: [ view_end ] --START--
INFO: Run ShowPageTrace Behavior [ RunTime:-0.054601s ]
INFO: [ view_end ] --END-- [ RunTime:0.000810s ]

[ 2014-11-23T12:43:05+08:00 ] 180.153.214.181 /index.php?g=Wap&m=SaleManager&a=index&token=jeifef1412084627&wecha_id=oI5B3uJoRgDrwWo3xECPZ-AmV9Wc
INFO: [ app_begin ] --START--
INFO: Run ReadHtmlCache Behavior [ RunTime:0.000974s ]
INFO: [ app_begin ] --END-- [ RunTime:0.001158s ]
SQL: SHOW COLUMNS FROM `wy_zy` [ RunTime:0.002318s ]
SQL: SELECT * FROM `wy_zy` WHERE ( `Token` = 'jeifef1412084627' ) AND ( `Wecha_id` = 'oI5B3uJoRgDrwWo3xECPZ-AmV9Wc' ) LIMIT 1   [ RunTime:0.000215s ]
SQL: SHOW COLUMNS FROM `wy_jjr` [ RunTime:0.002209s ]
SQL: SELECT * FROM `wy_jjr` WHERE ( `Token` = 'jeifef1412084627' ) AND ( `Wecha_id` = 'oI5B3uJoRgDrwWo3xECPZ-AmV9Wc' ) LIMIT 1   [ RunTime:0.000200s ]
SQL: SHOW COLUMNS FROM `wy_ac` [ RunTime:0.002021s ]
SQL: SELECT * FROM `wy_ac` WHERE ( `Wecha_id` = 'oI5B3uJoRgDrwWo3xECPZ-AmV9Wc' ) AND ( `Token` = 'jeifef1412084627' ) LIMIT 1   [ RunTime:0.000230s ]
SQL: SHOW COLUMNS FROM `wy_kh` [ RunTime:0.002591s ]
SQL: SELECT count(kh.ID) as count from wy_ac as ac,wy_kh as kh where ac.Uid=kh.LouPanTitle and ac.ID=18 [ RunTime:0.000180s ]
SQL: SELECT count(kh.ID) as count from wy_ac as ac,wy_kh as kh where ac.Uid=kh.LouPanTitle and ac.ID=18 and kh.zy_id=0 [ RunTime:0.000170s ]
NOTIC: [2] Cannot use a scalar value as an array D:\www\qmyx.wuyelaile.com\weiwincms\_Core\Lib\Core\View.class.php 第 69 行.
INFO: [ view_template ] --START--
INFO: Run LocationTemplate Behavior [ RunTime:-0.034773s ]
INFO: [ view_template ] --END-- [ RunTime:0.001541s ]
INFO: [ view_parse ] --START--
INFO: Run ParseTemplate Behavior [ RunTime:-0.036403s ]
INFO: [ view_parse ] --END-- [ RunTime:0.019576s ]
INFO: [ view_filter ] --START--
INFO: Run ContentReplace Behavior [ RunTime:-0.056097s ]
INFO: Run TokenBuild Behavior [ RunTime:-0.056908s ]
INFO: Run WriteHtmlCache Behavior [ RunTime:-0.058019s ]
INFO: Run ShowRuntime Behavior [ RunTime:-0.058771s ]
INFO: [ view_filter ] --END-- [ RunTime:0.003653s ]
INFO: [ view_end ] --START--
INFO: Run ShowPageTrace Behavior [ RunTime:-0.059853s ]
INFO: [ view_end ] --END-- [ RunTime:0.001080s ]

[ 2014-11-23T15:40:46+08:00 ] 180.153.201.15 /index.php?&g=Wap&m=Agent&a=ydl&token=jeifef1412084627&wecha_id=oI5B3uG4lQD8sHReX8F-bEtjryb4&from=singlemessage&isappinstalled=0
INFO: [ app_begin ] --START--
INFO: Run ReadHtmlCache Behavior [ RunTime:0.000993s ]
INFO: [ app_begin ] --END-- [ RunTime:0.001202s ]
SQL: SHOW COLUMNS FROM `wy_agent_rewardinfo` [ RunTime:0.002652s ]
SQL: SELECT SUM(rewardamount) AS tp_sum FROM `wy_agent_rewardinfo` WHERE wecha_id='oI5B3uG4lQD8sHReX8F-bEtjryb4' and token='jeifef1412084627' and rewardstatus =0 LIMIT 1   [ RunTime:0.000198s ]
SQL: SHOW COLUMNS FROM `wy_jjr` [ RunTime:0.002603s ]
SQL: SELECT * FROM `wy_jjr` WHERE ( `Wecha_id` = 'oI5B3uG4lQD8sHReX8F-bEtjryb4' ) AND ( `Token` = 'jeifef1412084627' ) LIMIT 1   [ RunTime:0.000257s ]
SQL: SHOW COLUMNS FROM `wy_kh` [ RunTime:0.002396s ]
SQL: SELECT COUNT(*) AS tp_count FROM `wy_kh` WHERE ( `Token` = 'jeifef1412084627' ) AND ( `JJ_id` = 40 ) LIMIT 1   [ RunTime:0.000207s ]
SQL: SHOW COLUMNS FROM `wy_lpinfo` [ RunTime:0.002511s ]
SQL: SELECT * FROM `wy_lpinfo` WHERE ( `token` = 'jeifef1412084627' ) ORDER BY houseSort desc,id desc LIMIT 0,20   [ RunTime:0.001134s ]
NOTIC: [2] Cannot use a scalar value as an array D:\www\qmyx.wuyelaile.com\weiwincms\_Core\Lib\Core\View.class.php 第 69 行.
INFO: [ view_template ] --START--
INFO: Run LocationTemplate Behavior [ RunTime:-0.038171s ]
INFO: [ view_template ] --END-- [ RunTime:0.001648s ]
INFO: [ view_parse ] --START--
INFO: Run ParseTemplate Behavior [ RunTime:-0.039928s ]
INFO: [ view_parse ] --END-- [ RunTime:0.028079s ]
INFO: [ view_filter ] --START--
INFO: Run ContentReplace Behavior [ RunTime:-0.068140s ]
INFO: Run TokenBuild Behavior [ RunTime:-0.069455s ]
INFO: Run WriteHtmlCache Behavior [ RunTime:-0.070939s ]
INFO: Run ShowRuntime Behavior [ RunTime:-0.071841s ]
INFO: [ view_filter ] --END-- [ RunTime:0.004679s ]
INFO: [ view_end ] --START--
INFO: Run ShowPageTrace Behavior [ RunTime:-0.072972s ]
INFO: [ view_end ] --END-- [ RunTime:0.001120s ]

[ 2014-11-23T15:45:58+08:00 ] 10.166.94.56 /index.php?g=Wap&m=Agent&a=ydl&token=jeifef1412084627&wecha_id=oI5B3uG4lQD8sHReX8F-bEtjryb4&from=singlemessage&isappinstalled=0
INFO: [ app_begin ] --START--
INFO: Run ReadHtmlCache Behavior [ RunTime:0.000970s ]
INFO: [ app_begin ] --END-- [ RunTime:0.001106s ]
SQL: SHOW COLUMNS FROM `wy_agent_rewardinfo` [ RunTime:0.002254s ]
SQL: SELECT SUM(rewardamount) AS tp_sum FROM `wy_agent_rewardinfo` WHERE wecha_id='oI5B3uG4lQD8sHReX8F-bEtjryb4' and token='jeifef1412084627' and rewardstatus =0 LIMIT 1   [ RunTime:0.000186s ]
SQL: SHOW COLUMNS FROM `wy_jjr` [ RunTime:0.002148s ]
SQL: SELECT * FROM `wy_jjr` WHERE ( `Wecha_id` = 'oI5B3uG4lQD8sHReX8F-bEtjryb4' ) AND ( `Token` = 'jeifef1412084627' ) LIMIT 1   [ RunTime:0.000190s ]
SQL: SHOW COLUMNS FROM `wy_kh` [ RunTime:0.002415s ]
SQL: SELECT COUNT(*) AS tp_count FROM `wy_kh` WHERE ( `Token` = 'jeifef1412084627' ) AND ( `JJ_id` = 40 ) LIMIT 1   [ RunTime:0.000177s ]
SQL: SHOW COLUMNS FROM `wy_lpinfo` [ RunTime:0.002282s ]
SQL: SELECT * FROM `wy_lpinfo` WHERE ( `token` = 'jeifef1412084627' ) ORDER BY houseSort desc,id desc LIMIT 0,20   [ RunTime:0.000494s ]
NOTIC: [2] Cannot use a scalar value as an array D:\www\qmyx.wuyelaile.com\weiwincms\_Core\Lib\Core\View.class.php 第 69 行.
INFO: [ view_template ] --START--
INFO: Run LocationTemplate Behavior [ RunTime:-0.031408s ]
INFO: [ view_template ] --END-- [ RunTime:0.001276s ]
INFO: [ view_parse ] --START--
INFO: Run ParseTemplate Behavior [ RunTime:-0.032768s ]
INFO: [ view_parse ] --END-- [ RunTime:0.017016s ]
INFO: [ view_filter ] --START--
INFO: Run ContentReplace Behavior [ RunTime:-0.049857s ]
INFO: Run TokenBuild Behavior [ RunTime:-0.050777s ]
INFO: Run WriteHtmlCache Behavior [ RunTime:-0.051637s ]
INFO: Run ShowRuntime Behavior [ RunTime:-0.052320s ]
INFO: [ view_filter ] --END-- [ RunTime:0.003400s ]
INFO: [ view_end ] --START--
INFO: Run ShowPageTrace Behavior [ RunTime:-0.053359s ]
INFO: [ view_end ] --END-- [ RunTime:0.001058s ]

[ 2014-11-23T15:46:06+08:00 ] 10.166.94.56 /index.php?g=Wap&m=Agent&a=loupanInfo&token=jeifef1412084627&wecha_id=oI5B3uG4lQD8sHReX8F-bEtjryb4&id=32
INFO: [ app_begin ] --START--
INFO: Run ReadHtmlCache Behavior [ RunTime:0.000567s ]
INFO: [ app_begin ] --END-- [ RunTime:0.000712s ]
SQL: SHOW COLUMNS FROM `wy_jjr` [ RunTime:0.002553s ]
SQL: SELECT `id` FROM `wy_jjr` WHERE ( `Wecha_id` = 'oI5B3uG4lQD8sHReX8F-bEtjryb4' ) AND ( `Token` = 'jeifef1412084627' ) LIMIT 1   [ RunTime:0.000216s ]
NOTIC: [8] Undefined variable: var D:\www\qmyx.wuyelaile.com\weiwincms\_Core\Common\functions.php 第 234 行.
NOTIC: [2] array_reverse() [<a href='function.array-reverse'>function.array-reverse</a>]: The argument should be an array D:\www\qmyx.wuyelaile.com\weiwincms\_Core\Common\functions.php 第 234 行.
NOTIC: [2] http_build_query() [<a href='function.http-build-query'>function.http-build-query</a>]: Parameter 1 expected to be Array or Object.  Incorrect value given D:\www\qmyx.wuyelaile.com\weiwincms\_Core\Common\functions.php 第 234 行.

[ 2014-11-23T15:46:07+08:00 ] 10.166.94.56 /index.php?&g=Wap&m=Agent&a=weimaoa&token=jeifef1412084627&wecha_id=oI5B3uG4lQD8sHReX8F-bEtjryb4&uid=32&jid=40
INFO: [ app_begin ] --START--
INFO: Run ReadHtmlCache Behavior [ RunTime:0.000544s ]
INFO: [ app_begin ] --END-- [ RunTime:0.000680s ]
SQL: SHOW COLUMNS FROM `wy_xmfx` [ RunTime:0.002368s ]
SQL: SELECT `id` FROM `wy_xmfx` WHERE ( `token` = 'jeifef1412084627' ) AND ( `wecha_id` = 'oI5B3uG4lQD8sHReX8F-bEtjryb4' ) AND ( `uid` = 32 ) LIMIT 1   [ RunTime:0.000478s ]
SQL: UPDATE `wy_xmfx` SET `jid`='40' WHERE ( `id` = 283 ) [ RunTime:0.030433s ]

[ 2014-11-23T15:46:10+08:00 ] 10.166.94.56 /index.php?g=Wap&m=Agent&a=loupanInfo&code=021a5e8192fdb1a1369584ee89662380&state=283
INFO: [ app_begin ] --START--
INFO: Run ReadHtmlCache Behavior [ RunTime:0.000588s ]
INFO: [ app_begin ] --END-- [ RunTime:0.000720s ]
SQL: SHOW COLUMNS FROM `wy_xmfx` [ RunTime:0.002300s ]
SQL: SELECT * FROM `wy_xmfx` WHERE ( `id` = 283 ) LIMIT 1   [ RunTime:0.000435s ]
SQL: SHOW COLUMNS FROM `wy_xmfx_list` [ RunTime:0.002269s ]
SQL: SELECT * FROM `wy_xmfx_list` WHERE ( `wecha_id` = 'oqsrSjlrdeqwkLNpbalWg-t94xA8' ) AND ( `token` = 'jeifef1412084627' ) AND ( `uid` = 32 ) AND ( `mwecha_id` = 'oI5B3uG4lQD8sHReX8F-bEtjryb4' ) LIMIT 1   [ RunTime:0.001049s ]
SQL: SHOW COLUMNS FROM `wy_lpinfo` [ RunTime:0.002351s ]
SQL: SELECT * FROM `wy_lpinfo` WHERE ( `id` = 32 ) LIMIT 1   [ RunTime:0.000403s ]
SQL: SHOW COLUMNS FROM `wy_jjr` [ RunTime:0.002246s ]
SQL: SELECT * FROM `wy_jjr` WHERE ( `ID` = 40 ) LIMIT 1   [ RunTime:0.000227s ]
NOTIC: [2] Cannot use a scalar value as an array D:\www\qmyx.wuyelaile.com\weiwincms\_Core\Lib\Core\View.class.php 第 69 行.
INFO: [ view_template ] --START--
INFO: Run LocationTemplate Behavior [ RunTime:-2.321077s ]
INFO: [ view_template ] --END-- [ RunTime:0.001057s ]
INFO: [ view_parse ] --START--
INFO: Run ParseTemplate Behavior [ RunTime:-2.322206s ]
INFO: [ view_parse ] --END-- [ RunTime:0.012490s ]
INFO: [ view_filter ] --START--
INFO: Run ContentReplace Behavior [ RunTime:-2.334831s ]
INFO: Run TokenBuild Behavior [ RunTime:-2.335451s ]
INFO: Run WriteHtmlCache Behavior [ RunTime:-2.336011s ]
INFO: Run ShowRuntime Behavior [ RunTime:-2.336309s ]
INFO: [ view_filter ] --END-- [ RunTime:0.002119s ]
INFO: [ view_end ] --START--
INFO: Run ShowPageTrace Behavior [ RunTime:-2.337041s ]
INFO: [ view_end ] --END-- [ RunTime:0.000650s ]

[ 2014-11-23T15:49:52+08:00 ] 140.207.54.80 /index.php/api/jeifef1412084627?signature=03c5f7bf2e1849333560f4a4cfab884f1f7dd274&timestamp=1416728992&nonce=1005164315
INFO: [ route_check ] --START--
INFO: Run CheckRoute Behavior [ RunTime:0.001258s ]
INFO: [ route_check ] --END-- [ RunTime:0.001397s ]
INFO: [ app_begin ] --START--
INFO: Run ReadHtmlCache Behavior [ RunTime:-0.001299s ]
INFO: [ app_begin ] --END-- [ RunTime:0.001301s ]
SQL: SHOW COLUMNS FROM `wy_userinfo` [ RunTime:0.003048s ]
SQL: SELECT * FROM `wy_userinfo` WHERE ( `token` = 'jeifef1412084627' ) AND ( `wecha_id` = 'oI5B3uD9vtYoUPzuIeDqPP6pHyuY' ) LIMIT 1   [ RunTime:0.000472s ]
NOTIC: [2] unlink(./weiwindata/logs/Temp/2/5/253d09a06b45bd541c83f70af389776d.php) [<a href='function.unlink'>function.unlink</a>]: No such file or directory D:\www\qmyx.wuyelaile.com\weiwincms\_Core\Lib\Driver\Cache\CacheFile.class.php 第 176 行.
SQL: SHOW COLUMNS FROM `wy_wxuser` [ RunTime:0.003586s ]
SQL: SELECT * FROM `wy_wxuser` WHERE ( `token` = 'jeifef1412084627' ) LIMIT 1   [ RunTime:0.000425s ]
SQL: SHOW COLUMNS FROM `wy_wxuser` [ RunTime:0.003026s ]
SQL: SELECT * FROM `wy_wxuser` WHERE ( `token` = 'jeifef1412084627' ) LIMIT 1   [ RunTime:0.000360s ]
SQL: SHOW COLUMNS FROM `wy_users` [ RunTime:0.002897s ]
SQL: SELECT * FROM `wy_users` WHERE ( `id` = 1 ) LIMIT 1   [ RunTime:0.000397s ]
NOTIC: [2048] Non-static method apiServer::getServerUrl() should not be called statically, assuming $this from incompatible context D:\www\qmyx.wuyelaile.com\weiwincms\Lib\Action\Home\WeixinAction.class.php 第 48 行.
SQL: SHOW COLUMNS FROM `wy_token_open` [ RunTime:0.002295s ]
SQL: SELECT * FROM `wy_token_open` WHERE ( `token` = 'jeifef1412084627' ) LIMIT 1   [ RunTime:0.000264s ]
SQL: SHOW COLUMNS FROM `wy_wxuser_message` [ RunTime:0.003662s ]
SQL: INSERT INTO `wy_wxuser_message` (`ToUserName`,`FromUserName`,`CreateTime`,`MsgType`) VALUES ('gh_c4fefcfc9a96','oI5B3uD9vtYoUPzuIeDqPP6pHyuY','1416728992','event') [ RunTime:0.000352s ]
SQL: SHOW COLUMNS FROM `wy_api` [ RunTime:0.002346s ]
SQL: SELECT * FROM `wy_api` WHERE ( `token` = 'jeifef1412084627' ) AND ( `status` = 1 )  [ RunTime:0.000177s ]
NOTIC: [2] Invalid argument supplied for foreach() D:\www\qmyx.wuyelaile.com\weiwincms\Lib\Action\Home\WeixinAction.class.php 第 158 行.
NOTIC: [8] Undefined variable: api D:\www\qmyx.wuyelaile.com\weiwincms\Lib\Action\Home\WeixinAction.class.php 第 165 行.
SQL: SELECT `uid` FROM `wy_wxuser` WHERE ( `token` = 'jeifef1412084627' ) LIMIT 1   [ RunTime:0.000180s ]
SQL: SELECT `gid`,`diynum`,`connectnum`,`activitynum`,`viptime` FROM `wy_users` WHERE ( `id` = 1 ) LIMIT 1   [ RunTime:0.000196s ]
SQL: SHOW COLUMNS FROM `wy_user_group` [ RunTime:0.002425s ]
SQL: SELECT * FROM `wy_user_group` WHERE ( `id` = 4 ) LIMIT 1   [ RunTime:0.000178s ]
SQL: UPDATE `wy_users` SET `connectnum`=connectnum+1 WHERE ( `id` = 1 ) [ RunTime:0.000732s ]
NOTIC: [8] Undefined index:  Location_X D:\www\qmyx.wuyelaile.com\weiwincms\Lib\Action\Home\WeixinAction.class.php 第 379 行.
SQL: SELECT `uid` FROM `wy_wxuser` WHERE ( `token` = 'jeifef1412084627' ) LIMIT 1   [ RunTime:0.000280s ]
SQL: SELECT `gid`,`diynum`,`connectnum`,`activitynum`,`viptime` FROM `wy_users` WHERE ( `id` = 1 ) LIMIT 1   [ RunTime:0.000443s ]
SQL: SELECT * FROM `wy_user_group` WHERE ( `id` = 4 ) LIMIT 1   [ RunTime:0.000202s ]
SQL: SHOW COLUMNS FROM `wy_keyword` [ RunTime:0.002563s ]
SQL: SELECT * FROM `wy_keyword` WHERE ( `keyword` LIKE '%帮帮团章程%' ) AND ( `token` = 'jeifef1412084627' ) ORDER BY id desc LIMIT 1   [ RunTime:0.000514s ]
SQL: SHOW COLUMNS FROM `wy_behavior` [ RunTime:0.002536s ]
SQL: SELECT `id` FROM `wy_behavior` WHERE ( `date` = '2014-11-23' ) AND ( `token` = 'jeifef1412084627' ) AND ( `openid` = 'oI5B3uD9vtYoUPzuIeDqPP6pHyuY' ) AND ( `keyword` = '帮帮团章程' ) AND ( `model` = 'Text' ) AND ( `fid` = 20 ) LIMIT 1   [ RunTime:0.000424s ]
SQL: SHOW COLUMNS FROM `wy_wehcat_member_enddate` [ RunTime:0.002698s ]
SQL: SELECT `id` FROM `wy_wehcat_member_enddate` WHERE ( `openid` = 'oI5B3uD9vtYoUPzuIeDqPP6pHyuY' ) LIMIT 1   [ RunTime:0.000629s ]
SQL: UPDATE `wy_wehcat_member_enddate` SET `enddate`='1416728992',`openid`='oI5B3uD9vtYoUPzuIeDqPP6pHyuY',`token`='jeifef1412084627' WHERE ( `id` = 356 ) [ RunTime:0.000534s ]
SQL: INSERT INTO `wy_behavior` (`date`,`token`,`openid`,`keyword`,`model`,`fid`,`num`,`enddate`) VALUES ('2014-11-23','jeifef1412084627','oI5B3uD9vtYoUPzuIeDqPP6pHyuY','帮帮团章程','Text','20','1','1416728992') [ RunTime:0.000382s ]
SQL: SHOW COLUMNS FROM `wy_requestdata` [ RunTime:0.002718s ]
SQL: SELECT `id` FROM `wy_requestdata` WHERE ( `year` = 2014 ) AND ( `month` = 11 ) AND ( `day` = 23 ) AND ( `token` = 'jeifef1412084627' ) LIMIT 1   [ RunTime:0.000512s ]
SQL: UPDATE `wy_requestdata` SET `textnum`=textnum+1 WHERE ( `year` = 2014 ) AND ( `month` = 11 ) AND ( `day` = 23 ) AND ( `token` = 'jeifef1412084627' ) [ RunTime:0.001385s ]
SQL: SHOW COLUMNS FROM `wy_text` [ RunTime:0.002501s ]
SQL: SELECT * FROM `wy_text` WHERE ( `id` = 20 ) ORDER BY id desc LIMIT 1   [ RunTime:0.000346s ]

[ 2014-11-23T15:49:57+08:00 ] 140.207.54.80 /index.php/api/jeifef1412084627?signature=2ee2572ba6a4583d666ec1c6dfd6f742a7d18248&timestamp=1416728997&nonce=424040689
INFO: [ route_check ] --START--
INFO: Run CheckRoute Behavior [ RunTime:0.001721s ]
INFO: [ route_check ] --END-- [ RunTime:0.001943s ]
INFO: [ app_begin ] --START--
INFO: Run ReadHtmlCache Behavior [ RunTime:-0.001414s ]
INFO: [ app_begin ] --END-- [ RunTime:0.001205s ]
SQL: SHOW COLUMNS FROM `wy_userinfo` [ RunTime:0.002659s ]
SQL: SELECT * FROM `wy_userinfo` WHERE ( `token` = 'jeifef1412084627' ) AND ( `wecha_id` = 'oI5B3uD9vtYoUPzuIeDqPP6pHyuY' ) LIMIT 1   [ RunTime:0.000268s ]
NOTIC: [2] unlink(./weiwindata/logs/Temp/2/5/253d09a06b45bd541c83f70af389776d.php) [<a href='function.unlink'>function.unlink</a>]: No such file or directory D:\www\qmyx.wuyelaile.com\weiwincms\_Core\Lib\Driver\Cache\CacheFile.class.php 第 176 行.
SQL: SHOW COLUMNS FROM `wy_wxuser` [ RunTime:0.003155s ]
SQL: SELECT * FROM `wy_wxuser` WHERE ( `token` = 'jeifef1412084627' ) LIMIT 1   [ RunTime:0.000266s ]
SQL: SHOW COLUMNS FROM `wy_wxuser` [ RunTime:0.002902s ]
SQL: SELECT * FROM `wy_wxuser` WHERE ( `token` = 'jeifef1412084627' ) LIMIT 1   [ RunTime:0.000268s ]
SQL: SHOW COLUMNS FROM `wy_users` [ RunTime:0.002409s ]
SQL: SELECT * FROM `wy_users` WHERE ( `id` = 1 ) LIMIT 1   [ RunTime:0.000386s ]
NOTIC: [2048] Non-static method apiServer::getServerUrl() should not be called statically, assuming $this from incompatible context D:\www\qmyx.wuyelaile.com\weiwincms\Lib\Action\Home\WeixinAction.class.php 第 48 行.
SQL: SHOW COLUMNS FROM `wy_token_open` [ RunTime:0.002069s ]
SQL: SELECT * FROM `wy_token_open` WHERE ( `token` = 'jeifef1412084627' ) LIMIT 1   [ RunTime:0.000187s ]
SQL: SHOW COLUMNS FROM `wy_wxuser_message` [ RunTime:0.002338s ]
SQL: INSERT INTO `wy_wxuser_message` (`ToUserName`,`FromUserName`,`CreateTime`,`MsgType`) VALUES ('gh_c4fefcfc9a96','oI5B3uD9vtYoUPzuIeDqPP6pHyuY','1416728997','event') [ RunTime:0.000314s ]
NOTIC: [8] Undefined index:  Content D:\www\qmyx.wuyelaile.com\weiwincms\Lib\Action\Home\WeixinAction.class.php 第 153 行.
NOTIC: [8] Undefined index:  Content D:\www\qmyx.wuyelaile.com\weiwincms\Lib\Action\Home\WeixinAction.class.php 第 156 行.
NOTIC: [8] Undefined index:  Content D:\www\qmyx.wuyelaile.com\weiwincms\Lib\Action\Home\WeixinAction.class.php 第 185 行.
NOTIC: [8] Undefined index:  Content D:\www\qmyx.wuyelaile.com\weiwincms\Lib\Action\Home\WeixinAction.class.php 第 193 行.
NOTIC: [8] Undefined index:  Content D:\www\qmyx.wuyelaile.com\weiwincms\Lib\Action\Home\WeixinAction.class.php 第 193 行.
NOTIC: [8] Undefined index:  Content D:\www\qmyx.wuyelaile.com\weiwincms\Lib\Action\Home\WeixinAction.class.php 第 220 行.
NOTIC: [8] Undefined index:  Content D:\www\qmyx.wuyelaile.com\weiwincms\Lib\Action\Home\WeixinAction.class.php 第 224 行.
NOTIC: [8] Undefined index:  Content D:\www\qmyx.wuyelaile.com\weiwincms\Lib\Action\Home\WeixinAction.class.php 第 318 行.
NOTIC: [8] Undefined index:  Content D:\www\qmyx.wuyelaile.com\weiwincms\Lib\Action\Home\WeixinAction.class.php 第 321 行.
NOTIC: [8] Undefined index:  Content D:\www\qmyx.wuyelaile.com\weiwincms\Lib\Action\Home\WeixinAction.class.php 第 323 行.
SQL: SELECT `uid` FROM `wy_wxuser` WHERE ( `token` = 'jeifef1412084627' ) LIMIT 1   [ RunTime:0.000183s ]
SQL: SELECT `gid`,`diynum`,`connectnum`,`activitynum`,`viptime` FROM `wy_users` WHERE ( `id` = 1 ) LIMIT 1   [ RunTime:0.000175s ]
SQL: SHOW COLUMNS FROM `wy_user_group` [ RunTime:0.002347s ]
SQL: SELECT * FROM `wy_user_group` WHERE ( `id` = 4 ) LIMIT 1   [ RunTime:0.000200s ]
SQL: UPDATE `wy_users` SET `connectnum`=connectnum+1 WHERE ( `id` = 1 ) [ RunTime:0.000720s ]
NOTIC: [8] Undefined index:  Content D:\www\qmyx.wuyelaile.com\weiwincms\Lib\Action\Home\WeixinAction.class.php 第 331 行.
NOTIC: [2] Invalid argument supplied for foreach() D:\www\qmyx.wuyelaile.com\weiwincms\Lib\Action\Home\WeixinAction.class.php 第 2445 行.
NOTIC: [8] Undefined index:  Location_X D:\www\qmyx.wuyelaile.com\weiwincms\Lib\Action\Home\WeixinAction.class.php 第 379 行.
SQL: SELECT `uid` FROM `wy_wxuser` WHERE ( `token` = 'jeifef1412084627' ) LIMIT 1   [ RunTime:0.000211s ]
SQL: SELECT `gid`,`diynum`,`connectnum`,`activitynum`,`viptime` FROM `wy_users` WHERE ( `id` = 1 ) LIMIT 1   [ RunTime:0.000315s ]
SQL: SELECT * FROM `wy_user_group` WHERE ( `id` = 4 ) LIMIT 1   [ RunTime:0.000177s ]
SQL: SHOW COLUMNS FROM `wy_keyword` [ RunTime:0.002023s ]
SQL: SELECT * FROM `wy_keyword` WHERE ( `keyword` LIKE '%%' ) AND ( `token` = 'jeifef1412084627' ) ORDER BY id desc LIMIT 1   [ RunTime:0.000201s ]
NOTIC: [8] Undefined index:  Content D:\www\qmyx.wuyelaile.com\weiwincms\Lib\Action\Home\WeixinAction.class.php 第 1884 行.
SQL: SHOW COLUMNS FROM `wy_behavior` [ RunTime:0.002272s ]
SQL: SELECT `id` FROM `wy_behavior` WHERE ( `date` = '2014-11-23' ) AND ( `token` = 'jeifef1412084627' ) AND ( `openid` = 'oI5B3uD9vtYoUPzuIeDqPP6pHyuY' ) AND ( `keyword` = '用户关注' ) AND ( `model` = 'Panorama' ) AND ( `fid` = 9 ) LIMIT 1   [ RunTime:0.000503s ]
SQL: SHOW COLUMNS FROM `wy_wehcat_member_enddate` [ RunTime:0.001988s ]
SQL: SELECT `id` FROM `wy_wehcat_member_enddate` WHERE ( `openid` = 'oI5B3uD9vtYoUPzuIeDqPP6pHyuY' ) LIMIT 1   [ RunTime:0.000405s ]
SQL: UPDATE `wy_wehcat_member_enddate` SET `enddate`='1416728997',`openid`='oI5B3uD9vtYoUPzuIeDqPP6pHyuY',`token`='jeifef1412084627' WHERE ( `id` = 356 ) [ RunTime:0.000413s ]
SQL: INSERT INTO `wy_behavior` (`date`,`token`,`openid`,`keyword`,`model`,`fid`,`num`,`enddate`) VALUES ('2014-11-23','jeifef1412084627','oI5B3uD9vtYoUPzuIeDqPP6pHyuY','用户关注','Panorama','9','1','1416728997') [ RunTime:0.000314s ]
SQL: SHOW COLUMNS FROM `wy_requestdata` [ RunTime:0.002242s ]
SQL: SELECT `id` FROM `wy_requestdata` WHERE ( `year` = 2014 ) AND ( `month` = 11 ) AND ( `day` = 23 ) AND ( `token` = 'jeifef1412084627' ) LIMIT 1   [ RunTime:0.000402s ]
SQL: UPDATE `wy_requestdata` SET `other`=other+1 WHERE ( `year` = 2014 ) AND ( `month` = 11 ) AND ( `day` = 23 ) AND ( `token` = 'jeifef1412084627' ) [ RunTime:0.001243s ]
SQL: SHOW COLUMNS FROM `wy_panorama` [ RunTime:0.002572s ]
SQL: SELECT * FROM `wy_panorama` WHERE ( `id` = 9 ) LIMIT 1   [ RunTime:0.000228s ]

[ 2014-11-23T15:52:47+08:00 ] 140.207.54.80 /index.php/api/jeifef1412084627?signature=a499e5b8d650f0b753c31eab17803d63b3a88e92&timestamp=1416729167&nonce=1315166498
INFO: [ route_check ] --START--
INFO: Run CheckRoute Behavior [ RunTime:0.001241s ]
INFO: [ route_check ] --END-- [ RunTime:0.001374s ]
INFO: [ app_begin ] --START--
INFO: Run ReadHtmlCache Behavior [ RunTime:-0.001169s ]
INFO: [ app_begin ] --END-- [ RunTime:0.001037s ]
SQL: SHOW COLUMNS FROM `wy_userinfo` [ RunTime:0.002597s ]
SQL: SELECT * FROM `wy_userinfo` WHERE ( `token` = 'jeifef1412084627' ) AND ( `wecha_id` = 'oI5B3uD9vtYoUPzuIeDqPP6pHyuY' ) LIMIT 1   [ RunTime:0.000333s ]
NOTIC: [2] unlink(./weiwindata/logs/Temp/2/5/253d09a06b45bd541c83f70af389776d.php) [<a href='function.unlink'>function.unlink</a>]: No such file or directory D:\www\qmyx.wuyelaile.com\weiwincms\_Core\Lib\Driver\Cache\CacheFile.class.php 第 176 行.
SQL: SHOW COLUMNS FROM `wy_wxuser` [ RunTime:0.003154s ]
SQL: SELECT * FROM `wy_wxuser` WHERE ( `token` = 'jeifef1412084627' ) LIMIT 1   [ RunTime:0.000261s ]
SQL: SHOW COLUMNS FROM `wy_wxuser` [ RunTime:0.002907s ]
SQL: SELECT * FROM `wy_wxuser` WHERE ( `token` = 'jeifef1412084627' ) LIMIT 1   [ RunTime:0.000241s ]
SQL: SHOW COLUMNS FROM `wy_users` [ RunTime:0.002411s ]
SQL: SELECT * FROM `wy_users` WHERE ( `id` = 1 ) LIMIT 1   [ RunTime:0.000366s ]
NOTIC: [2048] Non-static method apiServer::getServerUrl() should not be called statically, assuming $this from incompatible context D:\www\qmyx.wuyelaile.com\weiwincms\Lib\Action\Home\WeixinAction.class.php 第 48 行.
SQL: SHOW COLUMNS FROM `wy_token_open` [ RunTime:0.001998s ]
SQL: SELECT * FROM `wy_token_open` WHERE ( `token` = 'jeifef1412084627' ) LIMIT 1   [ RunTime:0.000168s ]
SQL: SHOW COLUMNS FROM `wy_wxuser_message` [ RunTime:0.002495s ]
SQL: INSERT INTO `wy_wxuser_message` (`ToUserName`,`FromUserName`,`CreateTime`,`MsgType`) VALUES ('gh_c4fefcfc9a96','oI5B3uD9vtYoUPzuIeDqPP6pHyuY','1416729167','event') [ RunTime:0.000349s ]
NOTIC: [8] Undefined index:  Content D:\www\qmyx.wuyelaile.com\weiwincms\Lib\Action\Home\WeixinAction.class.php 第 153 行.
NOTIC: [8] Undefined index:  Content D:\www\qmyx.wuyelaile.com\weiwincms\Lib\Action\Home\WeixinAction.class.php 第 156 行.
NOTIC: [8] Undefined index:  Content D:\www\qmyx.wuyelaile.com\weiwincms\Lib\Action\Home\WeixinAction.class.php 第 185 行.
NOTIC: [8] Undefined index:  Content D:\www\qmyx.wuyelaile.com\weiwincms\Lib\Action\Home\WeixinAction.class.php 第 193 行.
NOTIC: [8] Undefined index:  Content D:\www\qmyx.wuyelaile.com\weiwincms\Lib\Action\Home\WeixinAction.class.php 第 193 行.
NOTIC: [8] Undefined index:  Content D:\www\qmyx.wuyelaile.com\weiwincms\Lib\Action\Home\WeixinAction.class.php 第 220 行.
NOTIC: [8] Undefined index:  Content D:\www\qmyx.wuyelaile.com\weiwincms\Lib\Action\Home\WeixinAction.class.php 第 224 行.
NOTIC: [8] Undefined index:  Content D:\www\qmyx.wuyelaile.com\weiwincms\Lib\Action\Home\WeixinAction.class.php 第 318 行.
NOTIC: [8] Undefined index:  Content D:\www\qmyx.wuyelaile.com\weiwincms\Lib\Action\Home\WeixinAction.class.php 第 321 行.
NOTIC: [8] Undefined index:  Content D:\www\qmyx.wuyelaile.com\weiwincms\Lib\Action\Home\WeixinAction.class.php 第 323 行.
SQL: SELECT `uid` FROM `wy_wxuser` WHERE ( `token` = 'jeifef1412084627' ) LIMIT 1   [ RunTime:0.000215s ]
SQL: SELECT `gid`,`diynum`,`connectnum`,`activitynum`,`viptime` FROM `wy_users` WHERE ( `id` = 1 ) LIMIT 1   [ RunTime:0.000217s ]
SQL: SHOW COLUMNS FROM `wy_user_group` [ RunTime:0.002250s ]
SQL: SELECT * FROM `wy_user_group` WHERE ( `id` = 4 ) LIMIT 1   [ RunTime:0.000295s ]
SQL: UPDATE `wy_users` SET `connectnum`=connectnum+1 WHERE ( `id` = 1 ) [ RunTime:0.000727s ]
NOTIC: [8] Undefined index:  Content D:\www\qmyx.wuyelaile.com\weiwincms\Lib\Action\Home\WeixinAction.class.php 第 331 行.
NOTIC: [2] Invalid argument supplied for foreach() D:\www\qmyx.wuyelaile.com\weiwincms\Lib\Action\Home\WeixinAction.class.php 第 2445 行.
NOTIC: [8] Undefined index:  Location_X D:\www\qmyx.wuyelaile.com\weiwincms\Lib\Action\Home\WeixinAction.class.php 第 379 行.
SQL: SELECT `uid` FROM `wy_wxuser` WHERE ( `token` = 'jeifef1412084627' ) LIMIT 1   [ RunTime:0.000295s ]
SQL: SELECT `gid`,`diynum`,`connectnum`,`activitynum`,`viptime` FROM `wy_users` WHERE ( `id` = 1 ) LIMIT 1   [ RunTime:0.000426s ]
SQL: SELECT * FROM `wy_user_group` WHERE ( `id` = 4 ) LIMIT 1   [ RunTime:0.000241s ]
SQL: SHOW COLUMNS FROM `wy_keyword` [ RunTime:0.002112s ]
SQL: SELECT * FROM `wy_keyword` WHERE ( `keyword` LIKE '%%' ) AND ( `token` = 'jeifef1412084627' ) ORDER BY id desc LIMIT 1   [ RunTime:0.000332s ]
NOTIC: [8] Undefined index:  Content D:\www\qmyx.wuyelaile.com\weiwincms\Lib\Action\Home\WeixinAction.class.php 第 1884 行.
SQL: SHOW COLUMNS FROM `wy_behavior` [ RunTime:0.003191s ]
SQL: SELECT `id` FROM `wy_behavior` WHERE ( `date` = '2014-11-23' ) AND ( `token` = 'jeifef1412084627' ) AND ( `openid` = 'oI5B3uD9vtYoUPzuIeDqPP6pHyuY' ) AND ( `keyword` = '用户关注' ) AND ( `model` = 'Panorama' ) AND ( `fid` = 9 ) LIMIT 1   [ RunTime:0.000514s ]
SQL: SHOW COLUMNS FROM `wy_wehcat_member_enddate` [ RunTime:0.002301s ]
SQL: SELECT `id` FROM `wy_wehcat_member_enddate` WHERE ( `openid` = 'oI5B3uD9vtYoUPzuIeDqPP6pHyuY' ) LIMIT 1   [ RunTime:0.000465s ]
SQL: UPDATE `wy_wehcat_member_enddate` SET `enddate`='1416729167',`openid`='oI5B3uD9vtYoUPzuIeDqPP6pHyuY',`token`='jeifef1412084627' WHERE ( `id` = 356 ) [ RunTime:0.000431s ]
SQL: UPDATE `wy_behavior` SET `num`=num+1 WHERE ( `date` = '2014-11-23' ) AND ( `token` = 'jeifef1412084627' ) AND ( `openid` = 'oI5B3uD9vtYoUPzuIeDqPP6pHyuY' ) AND ( `keyword` = '用户关注' ) AND ( `model` = 'Panorama' ) AND ( `fid` = 9 ) [ RunTime:0.000426s ]
SQL: SHOW COLUMNS FROM `wy_requestdata` [ RunTime:0.003129s ]
SQL: SELECT `id` FROM `wy_requestdata` WHERE ( `year` = 2014 ) AND ( `month` = 11 ) AND ( `day` = 23 ) AND ( `token` = 'jeifef1412084627' ) LIMIT 1   [ RunTime:0.000497s ]
SQL: UPDATE `wy_requestdata` SET `other`=other+1 WHERE ( `year` = 2014 ) AND ( `month` = 11 ) AND ( `day` = 23 ) AND ( `token` = 'jeifef1412084627' ) [ RunTime:0.001299s ]
SQL: SHOW COLUMNS FROM `wy_panorama` [ RunTime:0.002335s ]
SQL: SELECT * FROM `wy_panorama` WHERE ( `id` = 9 ) LIMIT 1   [ RunTime:0.000217s ]

[ 2014-11-23T16:15:07+08:00 ] 140.207.54.80 /index.php/api/jeifef1412084627?signature=9b2d2ef1bd2d87abfffc51800f64abef0e232ffe&timestamp=1416730507&nonce=213171576
INFO: [ route_check ] --START--
INFO: Run CheckRoute Behavior [ RunTime:0.001389s ]
INFO: [ route_check ] --END-- [ RunTime:0.001556s ]
INFO: [ app_begin ] --START--
INFO: Run ReadHtmlCache Behavior [ RunTime:-0.001253s ]
INFO: [ app_begin ] --END-- [ RunTime:0.001047s ]
SQL: SHOW COLUMNS FROM `wy_userinfo` [ RunTime:0.002864s ]
SQL: SELECT * FROM `wy_userinfo` WHERE ( `token` = 'jeifef1412084627' ) AND ( `wecha_id` = 'oI5B3uG4lQD8sHReX8F-bEtjryb4' ) LIMIT 1   [ RunTime:0.000225s ]
SQL: SHOW COLUMNS FROM `wy_wxuser` [ RunTime:0.003167s ]
SQL: SELECT * FROM `wy_wxuser` WHERE ( `token` = 'jeifef1412084627' ) LIMIT 1   [ RunTime:0.000286s ]
SQL: SHOW COLUMNS FROM `wy_wxuser` [ RunTime:0.002723s ]
SQL: SELECT * FROM `wy_wxuser` WHERE ( `token` = 'jeifef1412084627' ) LIMIT 1   [ RunTime:0.000246s ]
SQL: SHOW COLUMNS FROM `wy_users` [ RunTime:0.002691s ]
SQL: SELECT * FROM `wy_users` WHERE ( `id` = 1 ) LIMIT 1   [ RunTime:0.000641s ]
NOTIC: [2048] Non-static method apiServer::getServerUrl() should not be called statically, assuming $this from incompatible context D:\www\qmyx.wuyelaile.com\weiwincms\Lib\Action\Home\WeixinAction.class.php 第 48 行.
SQL: SHOW COLUMNS FROM `wy_token_open` [ RunTime:0.002530s ]
SQL: SELECT * FROM `wy_token_open` WHERE ( `token` = 'jeifef1412084627' ) LIMIT 1   [ RunTime:0.000186s ]
SQL: SHOW COLUMNS FROM `wy_wxuser_message` [ RunTime:0.002737s ]
SQL: INSERT INTO `wy_wxuser_message` (`ToUserName`,`FromUserName`,`CreateTime`,`MsgType`) VALUES ('gh_c4fefcfc9a96','oI5B3uG4lQD8sHReX8F-bEtjryb4','1416730507','event') [ RunTime:0.000386s ]
SQL: SHOW COLUMNS FROM `wy_api` [ RunTime:0.002644s ]
SQL: SELECT * FROM `wy_api` WHERE ( `token` = 'jeifef1412084627' ) AND ( `status` = 1 )  [ RunTime:0.000189s ]
NOTIC: [2] Invalid argument supplied for foreach() D:\www\qmyx.wuyelaile.com\weiwincms\Lib\Action\Home\WeixinAction.class.php 第 158 行.
NOTIC: [8] Undefined variable: api D:\www\qmyx.wuyelaile.com\weiwincms\Lib\Action\Home\WeixinAction.class.php 第 165 行.
SQL: SELECT `uid` FROM `wy_wxuser` WHERE ( `token` = 'jeifef1412084627' ) LIMIT 1   [ RunTime:0.000212s ]
SQL: SELECT `gid`,`diynum`,`connectnum`,`activitynum`,`viptime` FROM `wy_users` WHERE ( `id` = 1 ) LIMIT 1   [ RunTime:0.000183s ]
SQL: SHOW COLUMNS FROM `wy_user_group` [ RunTime:0.002853s ]
SQL: SELECT * FROM `wy_user_group` WHERE ( `id` = 4 ) LIMIT 1   [ RunTime:0.000217s ]
SQL: UPDATE `wy_users` SET `connectnum`=connectnum+1 WHERE ( `id` = 1 ) [ RunTime:0.000899s ]
NOTIC: [8] Undefined index:  Location_X D:\www\qmyx.wuyelaile.com\weiwincms\Lib\Action\Home\WeixinAction.class.php 第 379 行.
SQL: SHOW COLUMNS FROM `wy_reply_info` [ RunTime:0.002870s ]
SQL: SELECT * FROM `wy_reply_info` WHERE ( `infotype` = 'Shop' ) AND ( `token` = 'jeifef1412084627' ) LIMIT 1   [ RunTime:0.000429s ]

[ 2014-11-23T16:15:07+08:00 ] 101.226.66.175 /index.php/api/jeifef1412084627
INFO: [ route_check ] --START--
INFO: Run CheckRoute Behavior [ RunTime:0.001500s ]
INFO: [ route_check ] --END-- [ RunTime:0.001678s ]
INFO: [ app_begin ] --START--
INFO: Run ReadHtmlCache Behavior [ RunTime:-0.001455s ]
INFO: [ app_begin ] --END-- [ RunTime:0.001113s ]
NOTIC: [8] Undefined index:  echostr D:\www\qmyx.wuyelaile.com\weiwincms\Lib\ORG\Wechat.class.php 第 10 行.

[ 2014-11-23T16:15:10+08:00 ] 182.36.65.70 /index.php?g=Wap&m=Store&a=cats&token=jeifef1412084627&wecha_id=oI5B3uG4lQD8sHReX8F-bEtjryb4&sgssz=mp.weixin.qq.com
INFO: [ app_begin ] --START--
INFO: Run ReadHtmlCache Behavior [ RunTime:0.000587s ]
INFO: [ app_begin ] --END-- [ RunTime:0.000747s ]
SQL: SHOW COLUMNS FROM `wy_home` [ RunTime:0.002714s ]
SQL: SELECT * FROM `wy_home` WHERE ( `token` = 'jeifef1412084627' ) LIMIT 1   [ RunTime:0.000204s ]
NOTIC: [2] unlink(./weiwindata/logs/Temp/a/7/a7e035627df2a1083d308f80d5f87ee9.php) [<a href='function.unlink'>function.unlink</a>]: No such file or directory D:\www\qmyx.wuyelaile.com\weiwincms\_Core\Lib\Driver\Cache\CacheFile.class.php 第 176 行.
SQL: SHOW COLUMNS FROM `wy_catemenu` [ RunTime:0.002333s ]
SQL: SELECT * FROM `wy_catemenu` WHERE ( `token` = 'jeifef1412084627' ) AND ( `status` = 1 ) ORDER BY orderss desc  [ RunTime:0.000210s ]
NOTIC: [2] unlink(./weiwindata/logs/Temp/4/b/4b4f29d7c0c1a30c2555887e848bbdda.php) [<a href='function.unlink'>function.unlink</a>]: No such file or directory D:\www\qmyx.wuyelaile.com\weiwincms\_Core\Lib\Driver\Cache\CacheFile.class.php 第 176 行.
SQL: SHOW COLUMNS FROM `wy_catemenu` [ RunTime:0.002044s ]
NOTIC: [8] Undefined index:  lpid D:\www\qmyx.wuyelaile.com\weiwincms\Lib\Action\WapAction.class.php 第 80 行.
SQL: SELECT * FROM `wy_catemenu` WHERE ( `token` = 'jeifef1412084627' ) AND ( `status` = 1 ) AND ( `lpid` = null )  [ RunTime:0.000210s ]
SQL: SHOW COLUMNS FROM `wy_company` [ RunTime:0.002624s ]
SQL: SELECT * FROM `wy_company` WHERE ( `token` = 'jeifef1412084627' ) AND ( `isbranch` = 0 ) LIMIT 1   [ RunTime:0.000229s ]
NOTIC: [2] unlink(./weiwindata/logs/Temp/5/d/5d25549f35d4f5702181ffdbfc523a83.php) [<a href='function.unlink'>function.unlink</a>]: No such file or directory D:\www\qmyx.wuyelaile.com\weiwincms\_Core\Lib\Driver\Cache\CacheFile.class.php 第 176 行.
SQL: SHOW COLUMNS FROM `wy_product` [ RunTime:0.002573s ]
SQL: SHOW COLUMNS FROM `wy_product_cat` [ RunTime:0.002355s ]
SQL: SELECT * FROM `wy_product` WHERE ( `id` IN (95) )  [ RunTime:0.000619s ]
SQL: SHOW COLUMNS FROM `wy_norms` [ RunTime:0.071008s ]
SQL: SELECT * FROM `wy_norms` WHERE ( `catid` IN ('78') )  [ RunTime:0.000393s ]
NOTIC: [2] Invalid argument supplied for foreach() D:\www\qmyx.wuyelaile.com\weiwincms\Lib\Action\Wap\StoreAction.class.php 第 347 行.
SQL: SELECT * FROM `wy_product_cat` WHERE ( `id` IN ('78') )  [ RunTime:0.000359s ]
SQL: SHOW COLUMNS FROM `wy_product_setting` [ RunTime:0.002268s ]
SQL: SELECT * FROM `wy_product_setting` WHERE ( `token` = 'jeifef1412084627' ) LIMIT 1   [ RunTime:0.000208s ]
SQL: SHOW COLUMNS FROM `wy_kefuonline` [ RunTime:0.002318s ]
SQL: SELECT * FROM `wy_kefuonline` WHERE ( `token` = 'jeifef1412084627' ) LIMIT 1   [ RunTime:0.000179s ]
SQL: SELECT * FROM `wy_product_cat` WHERE ( `token` = 'jeifef1412084627' ) ORDER BY id asc  [ RunTime:0.000164s ]
SQL: SHOW COLUMNS FROM `wy_wxuser` [ RunTime:0.002810s ]
SQL: SELECT * FROM `wy_wxuser` WHERE ( `token` = 'jeifef1412084627' ) LIMIT 1   [ RunTime:0.000266s ]
SQL: SHOW COLUMNS FROM `wy_reply_info` [ RunTime:0.002150s ]
SQL: SELECT * FROM `wy_reply_info` WHERE ( `token` = 'jeifef1412084627' ) LIMIT 1   [ RunTime:0.000213s ]
SQL: SHOW COLUMNS FROM `wy_advert` [ RunTime:0.002040s ]
SQL: SELECT * FROM `wy_advert` WHERE ( `token` = 'jeifef1412084627' )  [ RunTime:0.000175s ]
SQL: SELECT * FROM `wy_product` WHERE ( `token` = 'jeifef1412084627' ) AND ( `groupon` = 0 ) ORDER BY salecount desc LIMIT 0,10   [ RunTime:0.000264s ]
SQL: SELECT * FROM `wy_reply_info` WHERE ( `token` = 'jeifef1412084627' ) LIMIT 1   [ RunTime:0.000204s ]
NOTIC: [2] Cannot use a scalar value as an array D:\www\qmyx.wuyelaile.com\weiwincms\_Core\Lib\Core\View.class.php 第 69 行.
INFO: [ view_template ] --START--
INFO: Run LocationTemplate Behavior [ RunTime:-0.140880s ]
INFO: [ view_template ] --END-- [ RunTime:0.001798s ]
INFO: [ view_parse ] --START--
NOTIC: [8] Undefined variable: hostlist D:\www\qmyx.wuyelaile.com\weiwindata\logs\Cache\Wap\6068a9f5fbc025bb5fb7c474e3083d53.php 第 49 行.
NOTIC: [8] Undefined variable: username D:\www\qmyx.wuyelaile.com\weiwindata\logs\Cache\Wap\6068a9f5fbc025bb5fb7c474e3083d53.php 第 90 行.
NOTIC: [8] Undefined variable: advert_list D:\www\qmyx.wuyelaile.com\weiwindata\logs\Cache\Wap\6068a9f5fbc025bb5fb7c474e3083d53.php 第 140 行.
NOTIC: [8] Undefined variable: username D:\www\qmyx.wuyelaile.com\weiwindata\logs\Cache\Wap\6068a9f5fbc025bb5fb7c474e3083d53.php 第 172 行.
NOTIC: [8] Undefined variable: username D:\www\qmyx.wuyelaile.com\weiwindata\logs\Cache\Wap\6068a9f5fbc025bb5fb7c474e3083d53.php 第 173 行.
NOTIC: [8] Undefined variable: username D:\www\qmyx.wuyelaile.com\weiwindata\logs\Cache\Wap\6068a9f5fbc025bb5fb7c474e3083d53.php 第 174 行.
INFO: Run ParseTemplate Behavior [ RunTime:-0.142766s ]
INFO: [ view_parse ] --END-- [ RunTime:0.046506s ]
INFO: [ view_filter ] --START--
INFO: Run ContentReplace Behavior [ RunTime:-0.189356s ]
INFO: Run TokenBuild Behavior [ RunTime:-0.190690s ]
INFO: Run WriteHtmlCache Behavior [ RunTime:-0.192081s ]
INFO: Run ShowRuntime Behavior [ RunTime:-0.193061s ]
INFO: [ view_filter ] --END-- [ RunTime:0.004961s ]
INFO: [ view_end ] --START--
INFO: Run ShowPageTrace Behavior [ RunTime:-0.194427s ]
INFO: [ view_end ] --END-- [ RunTime:0.001329s ]

[ 2014-11-23T16:15:23+08:00 ] 182.36.65.70 /index.php?g=Wap&m=Share&a=shareData&token=jeifef1412084627&wecha_id=oI5B3uG4lQD8sHReX8F-bEtjryb4
INFO: [ app_begin ] --START--
INFO: Run ReadHtmlCache Behavior [ RunTime:0.000643s ]
INFO: [ app_begin ] --END-- [ RunTime:0.000794s ]
SQL: SHOW COLUMNS FROM `wy_home` [ RunTime:0.002537s ]
SQL: SELECT * FROM `wy_home` WHERE ( `token` = 'jeifef1412084627' ) LIMIT 1   [ RunTime:0.000220s ]
NOTIC: [2] unlink(./weiwindata/logs/Temp/a/7/a7e035627df2a1083d308f80d5f87ee9.php) [<a href='function.unlink'>function.unlink</a>]: No such file or directory D:\www\qmyx.wuyelaile.com\weiwincms\_Core\Lib\Driver\Cache\CacheFile.class.php 第 176 行.
SQL: SHOW COLUMNS FROM `wy_catemenu` [ RunTime:0.002188s ]
SQL: SELECT * FROM `wy_catemenu` WHERE ( `token` = 'jeifef1412084627' ) AND ( `status` = 1 ) ORDER BY orderss desc  [ RunTime:0.000202s ]
NOTIC: [2] unlink(./weiwindata/logs/Temp/4/b/4b4f29d7c0c1a30c2555887e848bbdda.php) [<a href='function.unlink'>function.unlink</a>]: No such file or directory D:\www\qmyx.wuyelaile.com\weiwincms\_Core\Lib\Driver\Cache\CacheFile.class.php 第 176 行.
SQL: SHOW COLUMNS FROM `wy_catemenu` [ RunTime:0.002116s ]
NOTIC: [8] Undefined index:  lpid D:\www\qmyx.wuyelaile.com\weiwincms\Lib\Action\WapAction.class.php 第 80 行.
SQL: SELECT * FROM `wy_catemenu` WHERE ( `token` = 'jeifef1412084627' ) AND ( `status` = 1 ) AND ( `lpid` = null )  [ RunTime:0.000189s ]
SQL: SHOW COLUMNS FROM `wy_company` [ RunTime:0.002602s ]
SQL: SELECT * FROM `wy_company` WHERE ( `token` = 'jeifef1412084627' ) AND ( `isbranch` = 0 ) LIMIT 1   [ RunTime:0.000204s ]
NOTIC: [2] unlink(./weiwindata/logs/Temp/5/d/5d25549f35d4f5702181ffdbfc523a83.php) [<a href='function.unlink'>function.unlink</a>]: No such file or directory D:\www\qmyx.wuyelaile.com\weiwincms\_Core\Lib\Driver\Cache\CacheFile.class.php 第 176 行.
SQL: SHOW COLUMNS FROM `wy_share` [ RunTime:0.037365s ]
SQL: INSERT INTO `wy_share` (`token`,`wecha_id`,`to`,`module`,`moduleid`,`time`,`url`) VALUES ('jeifef1412084627','oI5B3uG4lQD8sHReX8F-bEtjryb4','frineds','Store','78','1416730523','http://qmyx.wuyelaile.com/index.php?g=Wap&amp;m=Store&amp;a=index&amp;token=jeifef1412084627') [ RunTime:0.383052s ]
SQL: SHOW COLUMNS FROM `wy_share_set` [ RunTime:0.043406s ]
SQL: SELECT * FROM `wy_share_set` WHERE ( `token` = 'jeifef1412084627' ) LIMIT 1   [ RunTime:0.000687s ]

[ 2014-11-23T16:15:30+08:00 ] 182.36.65.70 /index.php?g=Wap&m=Store&a=product&token=jeifef1412084627&id=95&wecha_id=oI5B3uG4lQD8sHReX8F-bEtjryb4
INFO: [ app_begin ] --START--
INFO: Run ReadHtmlCache Behavior [ RunTime:0.000891s ]
INFO: [ app_begin ] --END-- [ RunTime:0.001101s ]
SQL: SHOW COLUMNS FROM `wy_home` [ RunTime:0.002727s ]
SQL: SELECT * FROM `wy_home` WHERE ( `token` = 'jeifef1412084627' ) LIMIT 1   [ RunTime:0.000234s ]
NOTIC: [2] unlink(./weiwindata/logs/Temp/a/7/a7e035627df2a1083d308f80d5f87ee9.php) [<a href='function.unlink'>function.unlink</a>]: No such file or directory D:\www\qmyx.wuyelaile.com\weiwincms\_Core\Lib\Driver\Cache\CacheFile.class.php 第 176 行.
SQL: SHOW COLUMNS FROM `wy_catemenu` [ RunTime:0.002227s ]
SQL: SELECT * FROM `wy_catemenu` WHERE ( `token` = 'jeifef1412084627' ) AND ( `status` = 1 ) ORDER BY orderss desc  [ RunTime:0.000217s ]
NOTIC: [2] unlink(./weiwindata/logs/Temp/4/b/4b4f29d7c0c1a30c2555887e848bbdda.php) [<a href='function.unlink'>function.unlink</a>]: No such file or directory D:\www\qmyx.wuyelaile.com\weiwincms\_Core\Lib\Driver\Cache\CacheFile.class.php 第 176 行.
SQL: SHOW COLUMNS FROM `wy_catemenu` [ RunTime:0.002539s ]
NOTIC: [8] Undefined index:  lpid D:\www\qmyx.wuyelaile.com\weiwincms\Lib\Action\WapAction.class.php 第 80 行.
SQL: SELECT * FROM `wy_catemenu` WHERE ( `token` = 'jeifef1412084627' ) AND ( `status` = 1 ) AND ( `lpid` = null )  [ RunTime:0.000247s ]
SQL: SHOW COLUMNS FROM `wy_company` [ RunTime:0.002999s ]
SQL: SELECT * FROM `wy_company` WHERE ( `token` = 'jeifef1412084627' ) AND ( `isbranch` = 0 ) LIMIT 1   [ RunTime:0.000225s ]
NOTIC: [2] unlink(./weiwindata/logs/Temp/5/d/5d25549f35d4f5702181ffdbfc523a83.php) [<a href='function.unlink'>function.unlink</a>]: No such file or directory D:\www\qmyx.wuyelaile.com\weiwincms\_Core\Lib\Driver\Cache\CacheFile.class.php 第 176 行.
SQL: SHOW COLUMNS FROM `wy_product` [ RunTime:0.002655s ]
SQL: SHOW COLUMNS FROM `wy_product_cat` [ RunTime:0.002062s ]
SQL: SELECT * FROM `wy_product` WHERE ( `id` IN (95) )  [ RunTime:0.000211s ]
SQL: SHOW COLUMNS FROM `wy_norms` [ RunTime:0.001862s ]
SQL: SELECT * FROM `wy_norms` WHERE ( `catid` IN ('78') )  [ RunTime:0.000166s ]
NOTIC: [2] Invalid argument supplied for foreach() D:\www\qmyx.wuyelaile.com\weiwincms\Lib\Action\Wap\StoreAction.class.php 第 347 行.
SQL: SELECT * FROM `wy_product_cat` WHERE ( `id` IN ('78') )  [ RunTime:0.000181s ]
SQL: SHOW COLUMNS FROM `wy_product_setting` [ RunTime:0.001955s ]
SQL: SELECT * FROM `wy_product_setting` WHERE ( `token` = 'jeifef1412084627' ) LIMIT 1   [ RunTime:0.000171s ]
SQL: SHOW COLUMNS FROM `wy_kefuonline` [ RunTime:0.001937s ]
SQL: SELECT * FROM `wy_kefuonline` WHERE ( `token` = 'jeifef1412084627' ) LIMIT 1   [ RunTime:0.000166s ]
SQL: SELECT * FROM `wy_product_cat` WHERE ( `token` = 'jeifef1412084627' ) ORDER BY id asc  [ RunTime:0.000182s ]
SQL: SELECT * FROM `wy_product` WHERE ( `token` = 'jeifef1412084627' ) AND ( `id` = 95 ) LIMIT 1   [ RunTime:0.000444s ]
SQL: SHOW COLUMNS FROM `wy_norms` [ RunTime:0.001839s ]
SQL: SELECT * FROM `wy_norms` WHERE ( `catid` = 78 )  [ RunTime:0.000291s ]
NOTIC: [2] Invalid argument supplied for foreach() D:\www\qmyx.wuyelaile.com\weiwincms\Lib\Action\Wap\StoreAction.class.php 第 197 行.
SQL: SELECT * FROM `wy_product_cat` WHERE ( `id` = 78 ) AND ( `token` = 'jeifef1412084627' ) LIMIT 1   [ RunTime:0.000316s ]
SQL: SHOW COLUMNS FROM `wy_product_attribute` [ RunTime:0.003208s ]
SQL: SELECT * FROM `wy_product_attribute` WHERE ( `pid` = 95 )  [ RunTime:0.000417s ]
SQL: SHOW COLUMNS FROM `wy_product_detail` [ RunTime:0.002440s ]
SQL: SELECT * FROM `wy_product_detail` WHERE ( `pid` = 95 )  [ RunTime:0.000272s ]
NOTIC: [2] Invalid argument supplied for foreach() D:\www\qmyx.wuyelaile.com\weiwincms\Lib\Action\Wap\StoreAction.class.php 第 207 行.
SQL: SHOW COLUMNS FROM `wy_product_image` [ RunTime:0.002457s ]
SQL: SELECT * FROM `wy_product_image` WHERE ( `pid` = 95 )  [ RunTime:0.000350s ]
NOTIC: [8] Undefined variable: normsDetail D:\www\qmyx.wuyelaile.com\weiwincms\Lib\Action\Wap\StoreAction.class.php 第 220 行.
NOTIC: [8] Undefined variable: formatData D:\www\qmyx.wuyelaile.com\weiwincms\Lib\Action\Wap\StoreAction.class.php 第 222 行.
NOTIC: [8] Undefined variable: colorData D:\www\qmyx.wuyelaile.com\weiwincms\Lib\Action\Wap\StoreAction.class.php 第 223 行.
NOTIC: [2] Cannot use a scalar value as an array D:\www\qmyx.wuyelaile.com\weiwincms\_Core\Lib\Core\View.class.php 第 69 行.
INFO: [ view_template ] --START--
INFO: Run LocationTemplate Behavior [ RunTime:-0.070148s ]
INFO: [ view_template ] --END-- [ RunTime:0.002204s ]
INFO: [ view_parse ] --START--
NOTIC: [8] Undefined variable: hostlist D:\www\qmyx.wuyelaile.com\weiwindata\logs\Cache\Wap\e34fbc43e8bbb814bad9813bab62394c.php 第 49 行.
INFO: Run ParseTemplate Behavior [ RunTime:-0.072476s ]
INFO: [ view_parse ] --END-- [ RunTime:0.028066s ]
INFO: [ view_filter ] --START--
INFO: Run ContentReplace Behavior [ RunTime:-0.100607s ]
INFO: Run TokenBuild Behavior [ RunTime:-0.101901s ]
INFO: Run WriteHtmlCache Behavior [ RunTime:-0.103129s ]
INFO: Run ShowRuntime Behavior [ RunTime:-0.104138s ]
INFO: [ view_filter ] --END-- [ RunTime:0.004883s ]
INFO: [ view_end ] --START--
INFO: Run ShowPageTrace Behavior [ RunTime:-0.105598s ]
INFO: [ view_end ] --END-- [ RunTime:0.001410s ]

[ 2014-11-23T16:21:23+08:00 ] 101.226.89.116 /index.php/api/jeifef1412084627
INFO: [ route_check ] --START--
INFO: Run CheckRoute Behavior [ RunTime:0.001342s ]
INFO: [ route_check ] --END-- [ RunTime:0.001521s ]
INFO: [ app_begin ] --START--
INFO: Run ReadHtmlCache Behavior [ RunTime:-0.001222s ]
INFO: [ app_begin ] --END-- [ RunTime:0.001003s ]
NOTIC: [8] Undefined index:  echostr D:\www\qmyx.wuyelaile.com\weiwincms\Lib\ORG\Wechat.class.php 第 10 行.

[ 2014-11-23T16:49:14+08:00 ] 27.206.207.126 /index.php?g=Wap&m=Agent&a=loupanInfo&code=021c9c9546e9fd1bdbe337d9e714fd6m&state=283
INFO: [ app_begin ] --START--
INFO: Run ReadHtmlCache Behavior [ RunTime:0.001163s ]
INFO: [ app_begin ] --END-- [ RunTime:0.001444s ]
SQL: SHOW COLUMNS FROM `wy_xmfx` [ RunTime:0.002378s ]
SQL: SELECT * FROM `wy_xmfx` WHERE ( `id` = 283 ) LIMIT 1   [ RunTime:0.000238s ]
SQL: SHOW COLUMNS FROM `wy_xmfx_list` [ RunTime:0.002473s ]
SQL: SELECT * FROM `wy_xmfx_list` WHERE ( `wecha_id` = 'oqsrSjuiJLGeC7B5wj3kt5l-WB6Q' ) AND ( `token` = 'jeifef1412084627' ) AND ( `uid` = 32 ) AND ( `mwecha_id` = 'oI5B3uG4lQD8sHReX8F-bEtjryb4' ) LIMIT 1   [ RunTime:0.001290s ]
SQL: SHOW COLUMNS FROM `wy_lpinfo` [ RunTime:0.002868s ]
SQL: SELECT * FROM `wy_lpinfo` WHERE ( `id` = 32 ) LIMIT 1   [ RunTime:0.000289s ]
SQL: SHOW COLUMNS FROM `wy_jjr` [ RunTime:0.002332s ]
SQL: SELECT * FROM `wy_jjr` WHERE ( `ID` = 40 ) LIMIT 1   [ RunTime:0.000191s ]
NOTIC: [2] Cannot use a scalar value as an array D:\www\qmyx.wuyelaile.com\weiwincms\_Core\Lib\Core\View.class.php 第 69 行.
INFO: [ view_template ] --START--
INFO: Run LocationTemplate Behavior [ RunTime:-2.313505s ]
INFO: [ view_template ] --END-- [ RunTime:0.001388s ]
INFO: [ view_parse ] --START--
INFO: Run ParseTemplate Behavior [ RunTime:-2.314974s ]
INFO: [ view_parse ] --END-- [ RunTime:0.022688s ]
INFO: [ view_filter ] --START--
INFO: Run ContentReplace Behavior [ RunTime:-2.337743s ]
INFO: Run TokenBuild Behavior [ RunTime:-2.338720s ]
INFO: Run WriteHtmlCache Behavior [ RunTime:-2.339748s ]
INFO: Run ShowRuntime Behavior [ RunTime:-2.340448s ]
INFO: [ view_filter ] --END-- [ RunTime:0.003646s ]
INFO: [ view_end ] --START--
INFO: Run ShowPageTrace Behavior [ RunTime:-2.341493s ]
INFO: [ view_end ] --END-- [ RunTime:0.001010s ]

[ 2014-11-23T16:49:55+08:00 ] 27.206.207.126 /index.php?g=Wap&m=Agent&a=addCustom&token=jeifef1412084627&wecha_id=oI5B3uG4lQD8sHReX8F-bEtjryb4&lpid=32&jjrid=40
INFO: [ app_begin ] --START--
INFO: Run ReadHtmlCache Behavior [ RunTime:0.000541s ]
INFO: [ app_begin ] --END-- [ RunTime:0.000673s ]
SQL: SHOW COLUMNS FROM `wy_lpinfo` [ RunTime:0.002634s ]
SQL: SELECT * FROM `wy_lpinfo` WHERE ( `token` = 'jeifef1412084627' ) AND ( `id` = 32 )  [ RunTime:0.000527s ]
SQL: SHOW COLUMNS FROM `wy_jjr` [ RunTime:0.002143s ]
SQL: SELECT * FROM `wy_jjr` WHERE ( `Wecha_id` = 'oI5B3uG4lQD8sHReX8F-bEtjryb4' ) AND ( `Token` = 'jeifef1412084627' ) LIMIT 1   [ RunTime:0.000177s ]
SQL: SELECT * FROM `wy_jjr` WHERE ( `Token` = 'jeifef1412084627' )  [ RunTime:0.000676s ]
NOTIC: [2] Cannot use a scalar value as an array D:\www\qmyx.wuyelaile.com\weiwincms\_Core\Lib\Core\View.class.php 第 69 行.
INFO: [ view_template ] --START--
INFO: Run LocationTemplate Behavior [ RunTime:-0.021315s ]
INFO: [ view_template ] --END-- [ RunTime:0.000901s ]
INFO: [ view_parse ] --START--
INFO: Run ParseTemplate Behavior [ RunTime:-0.022300s ]
INFO: [ view_parse ] --END-- [ RunTime:0.011432s ]
INFO: [ view_filter ] --START--
INFO: Run ContentReplace Behavior [ RunTime:-0.033800s ]
INFO: Run TokenBuild Behavior [ RunTime:-0.034234s ]
INFO: Run WriteHtmlCache Behavior [ RunTime:-0.034751s ]
INFO: Run ShowRuntime Behavior [ RunTime:-0.035057s ]
INFO: [ view_filter ] --END-- [ RunTime:0.001812s ]
INFO: [ view_end ] --START--
INFO: Run ShowPageTrace Behavior [ RunTime:-0.035712s ]
INFO: [ view_end ] --END-- [ RunTime:0.000677s ]

[ 2014-11-23T16:50:01+08:00 ] 27.206.207.126 /index.php?g=Wap&m=Agent&a=loupanInfo&code=021c9c9546e9fd1bdbe337d9e714fd6m&state=283
INFO: [ app_begin ] --START--
INFO: Run ReadHtmlCache Behavior [ RunTime:0.000618s ]
INFO: [ app_begin ] --END-- [ RunTime:0.000763s ]
SQL: SHOW COLUMNS FROM `wy_xmfx` [ RunTime:0.002986s ]
SQL: SELECT * FROM `wy_xmfx` WHERE ( `id` = 283 ) LIMIT 1   [ RunTime:0.000253s ]
NOTIC: [8] Undefined index:  openid D:\www\qmyx.wuyelaile.com\weiwincms\Lib\Action\Wap\AgentAction.class.php 第 179 行.
SQL: SHOW COLUMNS FROM `wy_xmfx_list` [ RunTime:0.002309s ]
SQL: SELECT * FROM `wy_xmfx_list` WHERE ( `wecha_id` = null ) AND ( `token` = 'jeifef1412084627' ) AND ( `uid` = 32 ) AND ( `mwecha_id` = 'oI5B3uG4lQD8sHReX8F-bEtjryb4' ) LIMIT 1   [ RunTime:0.001133s ]
SQL: SHOW COLUMNS FROM `wy_lpinfo` [ RunTime:0.002534s ]
SQL: UPDATE `wy_lpinfo` SET `video`=video+1 WHERE ( `id` = 32 ) [ RunTime:0.029111s ]
SQL: INSERT INTO `wy_xmfx_list` (`token`,`uid`,`mwecha_id`,`wecha_id`) VALUES ('jeifef1412084627','32','oI5B3uG4lQD8sHReX8F-bEtjryb4','') [ RunTime:0.003094s ]
SQL: SHOW COLUMNS FROM `wy_xmfx` [ RunTime:0.002352s ]
SQL: UPDATE `wy_xmfx` SET `views`=views+1 WHERE ( `id` = 283 ) [ RunTime:0.005538s ]
SQL: SELECT `longitude`,`latitude` FROM `wy_lpinfo` WHERE ( `id` = 32 ) LIMIT 1   [ RunTime:0.000337s ]
SQL: SHOW COLUMNS FROM `wy_product_setting` [ RunTime:0.002390s ]
SQL: SELECT * FROM `wy_product_setting` WHERE ( `token` = 'jeifef1412084627' ) LIMIT 1   [ RunTime:0.000169s ]
SQL: SELECT `hascredit`,`hasmoney` FROM `wy_xmfx` WHERE ( `id` = 283 ) LIMIT 1   [ RunTime:0.000263s ]
SQL: SELECT * FROM `wy_lpinfo` WHERE ( `id` = 32 ) LIMIT 1   [ RunTime:0.000382s ]
SQL: SHOW COLUMNS FROM `wy_jjr` [ RunTime:0.002187s ]
SQL: SELECT * FROM `wy_jjr` WHERE ( `ID` = 40 ) LIMIT 1   [ RunTime:0.000196s ]
NOTIC: [2] Cannot use a scalar value as an array D:\www\qmyx.wuyelaile.com\weiwincms\_Core\Lib\Core\View.class.php 第 69 行.
INFO: [ view_template ] --START--
INFO: Run LocationTemplate Behavior [ RunTime:-0.268057s ]
INFO: [ view_template ] --END-- [ RunTime:0.000564s ]
INFO: [ view_parse ] --START--
INFO: Run ParseTemplate Behavior [ RunTime:-0.268698s ]
INFO: [ view_parse ] --END-- [ RunTime:0.011882s ]
INFO: [ view_filter ] --START--
INFO: Run ContentReplace Behavior [ RunTime:-0.280657s ]
INFO: Run TokenBuild Behavior [ RunTime:-0.281264s ]
INFO: Run WriteHtmlCache Behavior [ RunTime:-0.281776s ]
INFO: Run ShowRuntime Behavior [ RunTime:-0.282078s ]
INFO: [ view_filter ] --END-- [ RunTime:0.001997s ]
INFO: [ view_end ] --START--
INFO: Run ShowPageTrace Behavior [ RunTime:-0.282760s ]
INFO: [ view_end ] --END-- [ RunTime:0.000636s ]

[ 2014-11-23T17:30:03+08:00 ] 27.206.181.225 /index.php?g=Wap&m=Agent&a=loupanInfo&code=0017eb3f235131b4db706ff7a1443d5X&state=144
INFO: [ app_begin ] --START--
INFO: Run ReadHtmlCache Behavior [ RunTime:0.000996s ]
INFO: [ app_begin ] --END-- [ RunTime:0.001173s ]
SQL: SHOW COLUMNS FROM `wy_xmfx` [ RunTime:0.002603s ]
SQL: SELECT * FROM `wy_xmfx` WHERE ( `id` = 144 ) LIMIT 1   [ RunTime:0.000405s ]
SQL: SHOW COLUMNS FROM `wy_xmfx_list` [ RunTime:0.001963s ]
SQL: SELECT * FROM `wy_xmfx_list` WHERE ( `wecha_id` = 'oqsrSjpVHjAGj0I4I6wFDAhoMxzA' ) AND ( `token` = 'jeifef1412084627' ) AND ( `uid` = 30 ) AND ( `mwecha_id` = 'oI5B3uCBVCQnUsP8t05r51kTZwXA' ) LIMIT 1   [ RunTime:0.001071s ]
SQL: SHOW COLUMNS FROM `wy_lpinfo` [ RunTime:0.002953s ]
SQL: SELECT * FROM `wy_lpinfo` WHERE ( `id` = 30 ) LIMIT 1   [ RunTime:0.000812s ]
SQL: SHOW COLUMNS FROM `wy_jjr` [ RunTime:0.003593s ]
SQL: SELECT * FROM `wy_jjr` WHERE ( `ID` = 59 ) LIMIT 1   [ RunTime:0.000393s ]
NOTIC: [2] Cannot use a scalar value as an array D:\www\qmyx.wuyelaile.com\weiwincms\_Core\Lib\Core\View.class.php 第 69 行.
INFO: [ view_template ] --START--
INFO: Run LocationTemplate Behavior [ RunTime:-2.383785s ]
INFO: [ view_template ] --END-- [ RunTime:0.001362s ]
INFO: [ view_parse ] --START--
INFO: Run ParseTemplate Behavior [ RunTime:-2.385225s ]
INFO: [ view_parse ] --END-- [ RunTime:0.022276s ]
INFO: [ view_filter ] --START--
INFO: Run ContentReplace Behavior [ RunTime:-2.407603s ]
INFO: Run TokenBuild Behavior [ RunTime:-2.408694s ]
INFO: Run WriteHtmlCache Behavior [ RunTime:-2.409764s ]
INFO: Run ShowRuntime Behavior [ RunTime:-2.410467s ]
INFO: [ view_filter ] --END-- [ RunTime:0.004013s ]
INFO: [ view_end ] --START--
INFO: Run ShowPageTrace Behavior [ RunTime:-2.411751s ]
INFO: [ view_end ] --END-- [ RunTime:0.001070s ]

[ 2014-11-23T17:38:44+08:00 ] 140.207.54.77 /index.php/api/jeifef1412084627?signature=73c911ddfdc4ab65de52966785cf9d9223c3a26f&timestamp=1416735524&nonce=2136384947
INFO: [ route_check ] --START--
INFO: Run CheckRoute Behavior [ RunTime:0.001409s ]
INFO: [ route_check ] --END-- [ RunTime:0.001594s ]
INFO: [ app_begin ] --START--
INFO: Run ReadHtmlCache Behavior [ RunTime:-0.001264s ]
INFO: [ app_begin ] --END-- [ RunTime:0.001044s ]
SQL: SHOW COLUMNS FROM `wy_userinfo` [ RunTime:0.003084s ]
SQL: SELECT * FROM `wy_userinfo` WHERE ( `token` = 'jeifef1412084627' ) AND ( `wecha_id` = 'oI5B3uIlBeJOJq7yJnjVqYSPSIow' ) LIMIT 1   [ RunTime:0.000516s ]
NOTIC: [2] unlink(./weiwindata/logs/Temp/6/0/608b9a382c4cc6dd676e89a38a63d351.php) [<a href='function.unlink'>function.unlink</a>]: No such file or directory D:\www\qmyx.wuyelaile.com\weiwincms\_Core\Lib\Driver\Cache\CacheFile.class.php 第 176 行.
SQL: SHOW COLUMNS FROM `wy_wxuser` [ RunTime:0.003554s ]
SQL: SELECT * FROM `wy_wxuser` WHERE ( `token` = 'jeifef1412084627' ) LIMIT 1   [ RunTime:0.000291s ]
SQL: SHOW COLUMNS FROM `wy_wxuser` [ RunTime:0.003080s ]
SQL: SELECT * FROM `wy_wxuser` WHERE ( `token` = 'jeifef1412084627' ) LIMIT 1   [ RunTime:0.000267s ]
SQL: SHOW COLUMNS FROM `wy_users` [ RunTime:0.002860s ]
SQL: SELECT * FROM `wy_users` WHERE ( `id` = 1 ) LIMIT 1   [ RunTime:0.000427s ]
NOTIC: [2048] Non-static method apiServer::getServerUrl() should not be called statically, assuming $this from incompatible context D:\www\qmyx.wuyelaile.com\weiwincms\Lib\Action\Home\WeixinAction.class.php 第 48 行.
SQL: SHOW COLUMNS FROM `wy_token_open` [ RunTime:0.002408s ]
SQL: SELECT * FROM `wy_token_open` WHERE ( `token` = 'jeifef1412084627' ) LIMIT 1   [ RunTime:0.000198s ]
SQL: SHOW COLUMNS FROM `wy_wxuser_message` [ RunTime:0.002992s ]
SQL: INSERT INTO `wy_wxuser_message` (`ToUserName`,`FromUserName`,`CreateTime`,`MsgType`,`Content`,`MsgId`) VALUES ('gh_c4fefcfc9a96','oI5B3uIlBeJOJq7yJnjVqYSPSIow','1416735524','text','求购电信靓号','6084832742862796429') [ RunTime:0.000361s ]
NOTIC: [8] Undefined index:  Event D:\www\qmyx.wuyelaile.com\weiwincms\Lib\Action\Home\WeixinAction.class.php 第 119 行.
NOTIC: [8] Undefined index:  Event D:\www\qmyx.wuyelaile.com\weiwincms\Lib\Action\Home\WeixinAction.class.php 第 122 行.
NOTIC: [8] Undefined index:  Event D:\www\qmyx.wuyelaile.com\weiwincms\Lib\Action\Home\WeixinAction.class.php 第 125 行.
NOTIC: [8] Undefined index:  Event D:\www\qmyx.wuyelaile.com\weiwincms\Lib\Action\Home\WeixinAction.class.php 第 127 行.
NOTIC: [8] Undefined index:  Event D:\www\qmyx.wuyelaile.com\weiwincms\Lib\Action\Home\WeixinAction.class.php 第 144 行.
NOTIC: [8] Undefined index:  Event D:\www\qmyx.wuyelaile.com\weiwincms\Lib\Action\Home\WeixinAction.class.php 第 146 行.
SQL: SHOW COLUMNS FROM `wy_api` [ RunTime:0.002408s ]
SQL: SELECT * FROM `wy_api` WHERE ( `token` = 'jeifef1412084627' ) AND ( `status` = 1 )  [ RunTime:0.000237s ]
NOTIC: [2] Invalid argument supplied for foreach() D:\www\qmyx.wuyelaile.com\weiwincms\Lib\Action\Home\WeixinAction.class.php 第 158 行.
NOTIC: [8] Undefined variable: api D:\www\qmyx.wuyelaile.com\weiwincms\Lib\Action\Home\WeixinAction.class.php 第 165 行.
SQL: SELECT `uid` FROM `wy_wxuser` WHERE ( `token` = 'jeifef1412084627' ) LIMIT 1   [ RunTime:0.000234s ]
SQL: SELECT `gid`,`diynum`,`connectnum`,`activitynum`,`viptime` FROM `wy_users` WHERE ( `id` = 1 ) LIMIT 1   [ RunTime:0.000363s ]
SQL: SHOW COLUMNS FROM `wy_user_group` [ RunTime:0.002585s ]
SQL: SELECT * FROM `wy_user_group` WHERE ( `id` = 4 ) LIMIT 1   [ RunTime:0.000236s ]
SQL: UPDATE `wy_users` SET `connectnum`=connectnum+1 WHERE ( `id` = 1 ) [ RunTime:0.000478s ]
NOTIC: [8] Undefined index:  Location_X D:\www\qmyx.wuyelaile.com\weiwincms\Lib\Action\Home\WeixinAction.class.php 第 379 行.
SQL: SELECT `uid` FROM `wy_wxuser` WHERE ( `token` = 'jeifef1412084627' ) LIMIT 1   [ RunTime:0.000314s ]
SQL: SELECT `gid`,`diynum`,`connectnum`,`activitynum`,`viptime` FROM `wy_users` WHERE ( `id` = 1 ) LIMIT 1   [ RunTime:0.000435s ]
SQL: SELECT * FROM `wy_user_group` WHERE ( `id` = 4 ) LIMIT 1   [ RunTime:0.000219s ]
SQL: SHOW COLUMNS FROM `wy_keyword` [ RunTime:0.002603s ]
SQL: SELECT * FROM `wy_keyword` WHERE ( `keyword` LIKE '%求购电信靓号%' ) AND ( `token` = 'jeifef1412084627' ) ORDER BY id desc LIMIT 1   [ RunTime:0.000505s ]
SQL: SHOW COLUMNS FROM `wy_function` [ RunTime:0.002483s ]
SQL: SELECT * FROM `wy_function` WHERE ( `funname` = 'liaotian' ) LIMIT 1   [ RunTime:0.000323s ]
SQL: SHOW COLUMNS FROM `wy_other` [ RunTime:0.002405s ]
SQL: SELECT * FROM `wy_other` WHERE ( `token` = 'jeifef1412084627' ) LIMIT 1   [ RunTime:0.000288s ]

[ 2014-11-23T21:34:51+08:00 ] 220.181.108.81 /
INFO: [ app_begin ] --START--
INFO: Run ReadHtmlCache Behavior [ RunTime:0.001165s ]
INFO: [ app_begin ] --END-- [ RunTime:0.001352s ]
SQL: SHOW COLUMNS FROM `wy_links` [ RunTime:0.002424s ]
SQL: SELECT * FROM `wy_links` WHERE ( `status` = 1 )  [ RunTime:0.000175s ]
NOTIC: [2] Cannot use a scalar value as an array D:\www\qmyx.wuyelaile.com\weiwincms\_Core\Lib\Core\View.class.php 第 69 行.
INFO: [ view_template ] --START--
INFO: Run LocationTemplate Behavior [ RunTime:-0.021117s ]
INFO: [ view_template ] --END-- [ RunTime:0.001630s ]
INFO: [ view_parse ] --START--
INFO: Run ParseTemplate Behavior [ RunTime:-0.022890s ]
INFO: [ view_parse ] --END-- [ RunTime:0.022434s ]
INFO: [ view_filter ] --START--
INFO: Run ContentReplace Behavior [ RunTime:-0.045376s ]
INFO: Run TokenBuild Behavior [ RunTime:-0.046224s ]
INFO: Run WriteHtmlCache Behavior [ RunTime:-0.047321s ]
INFO: Run ShowRuntime Behavior [ RunTime:-0.048009s ]
INFO: [ view_filter ] --END-- [ RunTime:0.003594s ]
INFO: [ view_end ] --START--
INFO: Run ShowPageTrace Behavior [ RunTime:-0.049070s ]
INFO: [ view_end ] --END-- [ RunTime:0.001086s ]

[ 2014-11-23T21:34:51+08:00 ] 123.125.71.15 /
INFO: [ app_begin ] --START--
INFO: Run ReadHtmlCache Behavior [ RunTime:0.000590s ]
INFO: [ app_begin ] --END-- [ RunTime:0.000724s ]
SQL: SHOW COLUMNS FROM `wy_links` [ RunTime:0.002163s ]
SQL: SELECT * FROM `wy_links` WHERE ( `status` = 1 )  [ RunTime:0.000222s ]
NOTIC: [2] Cannot use a scalar value as an array D:\www\qmyx.wuyelaile.com\weiwincms\_Core\Lib\Core\View.class.php 第 69 行.
INFO: [ view_template ] --START--
INFO: Run LocationTemplate Behavior [ RunTime:-0.016235s ]
INFO: [ view_template ] --END-- [ RunTime:0.000928s ]
INFO: [ view_parse ] --START--
INFO: Run ParseTemplate Behavior [ RunTime:-0.017263s ]
INFO: [ view_parse ] --END-- [ RunTime:0.012149s ]
INFO: [ view_filter ] --START--
INFO: Run ContentReplace Behavior [ RunTime:-0.029469s ]
INFO: Run TokenBuild Behavior [ RunTime:-0.029970s ]
INFO: Run WriteHtmlCache Behavior [ RunTime:-0.030590s ]
INFO: Run ShowRuntime Behavior [ RunTime:-0.030909s ]
INFO: [ view_filter ] --END-- [ RunTime:0.002051s ]
INFO: [ view_end ] --START--
INFO: Run ShowPageTrace Behavior [ RunTime:-0.031617s ]
INFO: [ view_end ] --END-- [ RunTime:0.000728s ]

[ 2014-11-23T23:45:53+08:00 ] ERR: (ThinkException) 无法加载模块:agent
