[ 2015-04-10T07:32:19+08:00 ] 27.206.202.94 /index.php?g=Wap&m=Agent&a=index&token=jeifef1412084627&from=timeline&isappinstalled=0
INFO: [ app_begin ] --START--
INFO: Run ReadHtmlCache Behavior [ RunTime:0.004592s ]
INFO: [ app_begin ] --END-- [ RunTime:0.004741s ]
SQL: SHOW COLUMNS FROM `wy_lpinfo` [ RunTime:0.042626s ]
SQL: SELECT * FROM `wy_lpinfo` WHERE ( `token` = 'jeifef1412084627' ) ORDER BY houseSort desc,id desc LIMIT 0,20   [ RunTime:0.000634s ]
NOTIC: [8] Undefined index:  wecha_id D:\www\qmyx.wuyelaile.com\weiwincms\Lib\Action\Wap\AgentAction.class.php 第 29 行.
SQL: SHOW COLUMNS FROM `wy_jjr` [ RunTime:0.042005s ]
SQL: SELECT * FROM `wy_jjr` WHERE ( `Wecha_id` = null ) AND ( `Token` = 'jeifef1412084627' ) LIMIT 1   [ RunTime:0.000199s ]
SQL: SHOW COLUMNS FROM `wy_share_content` [ RunTime:0.042536s ]
SQL: SELECT * FROM `wy_share_content` WHERE token='jeifef1412084627' LIMIT 1   [ RunTime:0.000240s ]
NOTIC: [2] Cannot use a scalar value as an array D:\www\qmyx.wuyelaile.com\weiwincms\_Core\Lib\Core\View.class.php 第 69 行.
INFO: [ view_template ] --START--
INFO: Run LocationTemplate Behavior [ RunTime:-0.187621s ]
INFO: [ view_template ] --END-- [ RunTime:0.007548s ]
INFO: [ view_parse ] --START--
NOTIC: [8] Undefined index:  wecha_id D:\www\qmyx.wuyelaile.com\weiwindata\logs\Cache\Wap\83c1e8c23d0efff676593c1e07496794.php 第 68 行.
NOTIC: [8] Undefined index:  wecha_id D:\www\qmyx.wuyelaile.com\weiwindata\logs\Cache\Wap\83c1e8c23d0efff676593c1e07496794.php 第 73 行.
NOTIC: [8] Undefined index:  wecha_id D:\www\qmyx.wuyelaile.com\weiwindata\logs\Cache\Wap\83c1e8c23d0efff676593c1e07496794.php 第 76 行.
NOTIC: [8] Undefined index:  wecha_id D:\www\qmyx.wuyelaile.com\weiwindata\logs\Cache\Wap\83c1e8c23d0efff676593c1e07496794.php 第 79 行.
NOTIC: [8] Undefined index:  wecha_id D:\www\qmyx.wuyelaile.com\weiwindata\logs\Cache\Wap\83c1e8c23d0efff676593c1e07496794.php 第 82 行.
NOTIC: [8] Undefined index:  wecha_id D:\www\qmyx.wuyelaile.com\weiwindata\logs\Cache\Wap\83c1e8c23d0efff676593c1e07496794.php 第 85 行.
NOTIC: [8] Undefined index:  wecha_id D:\www\qmyx.wuyelaile.com\weiwindata\logs\Cache\Wap\83c1e8c23d0efff676593c1e07496794.php 第 88 行.
NOTIC: [8] Undefined index:  wecha_id D:\www\qmyx.wuyelaile.com\weiwindata\logs\Cache\Wap\83c1e8c23d0efff676593c1e07496794.php 第 97 行.
NOTIC: [8] Undefined index:  wecha_id D:\www\qmyx.wuyelaile.com\weiwindata\logs\Cache\Wap\83c1e8c23d0efff676593c1e07496794.php 第 97 行.
NOTIC: [8] Undefined index:  wecha_id D:\www\qmyx.wuyelaile.com\weiwindata\logs\Cache\Wap\83c1e8c23d0efff676593c1e07496794.php 第 97 行.
NOTIC: [8] Undefined index:  wecha_id D:\www\qmyx.wuyelaile.com\weiwindata\logs\Cache\Wap\83c1e8c23d0efff676593c1e07496794.php 第 97 行.
NOTIC: [8] Undefined index:  wecha_id D:\www\qmyx.wuyelaile.com\weiwindata\logs\Cache\Wap\83c1e8c23d0efff676593c1e07496794.php 第 97 行.
NOTIC: [8] Undefined index:  wecha_id D:\www\qmyx.wuyelaile.com\weiwindata\logs\Cache\Wap\83c1e8c23d0efff676593c1e07496794.php 第 97 行.
NOTIC: [8] Undefined index:  wecha_id D:\www\qmyx.wuyelaile.com\weiwindata\logs\Cache\Wap\83c1e8c23d0efff676593c1e07496794.php 第 97 行.
NOTIC: [8] Undefined index:  wecha_id D:\www\qmyx.wuyelaile.com\weiwindata\logs\Cache\Wap\83c1e8c23d0efff676593c1e07496794.php 第 97 行.
NOTIC: [8] Undefined index:  wecha_id D:\www\qmyx.wuyelaile.com\weiwindata\logs\Cache\Wap\83c1e8c23d0efff676593c1e07496794.php 第 97 行.
NOTIC: [8] Undefined index:  wecha_id D:\www\qmyx.wuyelaile.com\weiwindata\logs\Cache\Wap\83c1e8c23d0efff676593c1e07496794.php 第 97 行.
NOTIC: [8] Undefined index:  wecha_id D:\www\qmyx.wuyelaile.com\weiwindata\logs\Cache\Wap\83c1e8c23d0efff676593c1e07496794.php 第 138 行.
NOTIC: [8] Undefined index:  wecha_id D:\www\qmyx.wuyelaile.com\weiwindata\logs\Cache\Wap\83c1e8c23d0efff676593c1e07496794.php 第 152 行.
INFO: Run ParseTemplate Behavior [ RunTime:-0.195261s ]
INFO: [ view_parse ] --END-- [ RunTime:0.051998s ]
INFO: [ view_filter ] --START--
INFO: Run ContentReplace Behavior [ RunTime:-0.247340s ]
INFO: Run TokenBuild Behavior [ RunTime:-0.252397s ]
INFO: Run WriteHtmlCache Behavior [ RunTime:-0.257842s ]
INFO: Run ShowRuntime Behavior [ RunTime:-0.262511s ]
INFO: [ view_filter ] --END-- [ RunTime:0.020044s ]
INFO: [ view_end ] --START--
INFO: Run ShowPageTrace Behavior [ RunTime:-0.267510s ]
INFO: [ view_end ] --END-- [ RunTime:0.005229s ]

[ 2015-04-10T07:32:34+08:00 ] 27.206.202.94 /index.php?g=Wap&m=Agent&a=loupanInfo&token=jeifef1412084627&id=30&type=3
INFO: [ app_begin ] --START--
INFO: Run ReadHtmlCache Behavior [ RunTime:0.005245s ]
INFO: [ app_begin ] --END-- [ RunTime:0.005397s ]
NOTIC: [8] Undefined index:  wecha_id D:\www\qmyx.wuyelaile.com\weiwincms\Lib\Action\Wap\AgentAction.class.php 第 305 行.
SQL: SHOW COLUMNS FROM `wy_lpinfo` [ RunTime:0.039615s ]
SQL: UPDATE `wy_lpinfo` SET `video`=video+1 WHERE ( `id` = 30 ) AND ( `token` = 'jeifef1412084627' ) [ RunTime:0.086137s ]
SQL: SELECT * FROM `wy_lpinfo` WHERE ( `id` = 30 ) AND ( `token` = 'jeifef1412084627' ) LIMIT 1   [ RunTime:0.000821s ]
NOTIC: [2] Cannot use a scalar value as an array D:\www\qmyx.wuyelaile.com\weiwincms\_Core\Lib\Core\View.class.php 第 69 行.
INFO: [ view_template ] --START--
INFO: Run LocationTemplate Behavior [ RunTime:-0.178061s ]
INFO: [ view_template ] --END-- [ RunTime:0.007905s ]
INFO: [ view_parse ] --START--
NOTIC: [8] Undefined variable: url D:\www\qmyx.wuyelaile.com\weiwindata\logs\Cache\Wap\15cb069a79c1a70eb570b5aca2bb66be.php 第 22 行.
NOTIC: [8] Undefined variable: jjrarr D:\www\qmyx.wuyelaile.com\weiwindata\logs\Cache\Wap\15cb069a79c1a70eb570b5aca2bb66be.php 第 139 行.
INFO: Run ParseTemplate Behavior [ RunTime:-0.186069s ]
INFO: [ view_parse ] --END-- [ RunTime:0.042189s ]
INFO: [ view_filter ] --START--
INFO: Run ContentReplace Behavior [ RunTime:-0.228336s ]
INFO: Run TokenBuild Behavior [ RunTime:-0.232351s ]
INFO: Run WriteHtmlCache Behavior [ RunTime:-0.237252s ]
INFO: Run ShowRuntime Behavior [ RunTime:-0.241873s ]
INFO: [ view_filter ] --END-- [ RunTime:0.018375s ]
INFO: [ view_end ] --START--
INFO: Run ShowPageTrace Behavior [ RunTime:-0.246839s ]
INFO: [ view_end ] --END-- [ RunTime:0.005027s ]

[ 2015-04-10T07:34:14+08:00 ] 27.206.202.94 /index.php?g=Wap&m=Agent&a=register&token=jeifef1412084627
INFO: [ app_begin ] --START--
INFO: Run ReadHtmlCache Behavior [ RunTime:0.005029s ]
INFO: [ app_begin ] --END-- [ RunTime:0.005200s ]
NOTIC: [8] Undefined index:  wecha_id D:\www\qmyx.wuyelaile.com\weiwincms\Lib\Action\Wap\AgentAction.class.php 第 130 行.
SQL: SHOW COLUMNS FROM `wy_wxuser` [ RunTime:0.044187s ]
SQL: SELECT `wxname`,`headerpic` FROM `wy_wxuser` WHERE ( `token` = 'jeifef1412084627' ) LIMIT 1   [ RunTime:0.000317s ]
NOTIC: [2] Cannot use a scalar value as an array D:\www\qmyx.wuyelaile.com\weiwincms\_Core\Lib\Core\View.class.php 第 69 行.
INFO: [ view_template ] --START--
INFO: Run LocationTemplate Behavior [ RunTime:-0.100556s ]
INFO: [ view_template ] --END-- [ RunTime:0.008994s ]
INFO: [ view_parse ] --START--
INFO: Run ParseTemplate Behavior [ RunTime:-0.109653s ]
INFO: [ view_parse ] --END-- [ RunTime:0.038324s ]
INFO: [ view_filter ] --START--
INFO: Run ContentReplace Behavior [ RunTime:-0.148050s ]
INFO: Run TokenBuild Behavior [ RunTime:-0.151788s ]
INFO: Run WriteHtmlCache Behavior [ RunTime:-0.156595s ]
INFO: Run ShowRuntime Behavior [ RunTime:-0.161438s ]
INFO: [ view_filter ] --END-- [ RunTime:0.018314s ]
INFO: [ view_end ] --START--
INFO: Run ShowPageTrace Behavior [ RunTime:-0.166481s ]
INFO: [ view_end ] --END-- [ RunTime:0.005527s ]

[ 2015-04-10T07:34:21+08:00 ] 27.206.202.94 /index.php?g=Wap&m=Agent&a=register&token=jeifef1412084627
INFO: [ app_begin ] --START--
INFO: Run ReadHtmlCache Behavior [ RunTime:0.004834s ]
INFO: [ app_begin ] --END-- [ RunTime:0.004987s ]
NOTIC: [8] Undefined index:  wecha_id D:\www\qmyx.wuyelaile.com\weiwincms\Lib\Action\Wap\AgentAction.class.php 第 130 行.
SQL: SHOW COLUMNS FROM `wy_wxuser` [ RunTime:0.042085s ]
SQL: SELECT `wxname`,`headerpic` FROM `wy_wxuser` WHERE ( `token` = 'jeifef1412084627' ) LIMIT 1   [ RunTime:0.000199s ]
NOTIC: [2] Cannot use a scalar value as an array D:\www\qmyx.wuyelaile.com\weiwincms\_Core\Lib\Core\View.class.php 第 69 行.
INFO: [ view_template ] --START--
INFO: Run LocationTemplate Behavior [ RunTime:-0.100303s ]
INFO: [ view_template ] --END-- [ RunTime:0.008015s ]
INFO: [ view_parse ] --START--
INFO: Run ParseTemplate Behavior [ RunTime:-0.108412s ]
INFO: [ view_parse ] --END-- [ RunTime:0.036648s ]
INFO: [ view_filter ] --START--
INFO: Run ContentReplace Behavior [ RunTime:-0.145136s ]
INFO: Run TokenBuild Behavior [ RunTime:-0.149871s ]
INFO: Run WriteHtmlCache Behavior [ RunTime:-0.154540s ]
INFO: Run ShowRuntime Behavior [ RunTime:-0.159111s ]
INFO: [ view_filter ] --END-- [ RunTime:0.018730s ]
INFO: [ view_end ] --START--
INFO: Run ShowPageTrace Behavior [ RunTime:-0.163967s ]
INFO: [ view_end ] --END-- [ RunTime:0.005017s ]

[ 2015-04-10T07:34:26+08:00 ] 27.206.202.94 /index.php?g=Wap&m=Agent&a=register&token=jeifef1412084627
INFO: [ app_begin ] --START--
INFO: Run ReadHtmlCache Behavior [ RunTime:0.004786s ]
INFO: [ app_begin ] --END-- [ RunTime:0.004932s ]
NOTIC: [8] Undefined index:  wecha_id D:\www\qmyx.wuyelaile.com\weiwincms\Lib\Action\Wap\AgentAction.class.php 第 130 行.
SQL: SHOW COLUMNS FROM `wy_wxuser` [ RunTime:0.043846s ]
SQL: SELECT `wxname`,`headerpic` FROM `wy_wxuser` WHERE ( `token` = 'jeifef1412084627' ) LIMIT 1   [ RunTime:0.000191s ]
NOTIC: [2] Cannot use a scalar value as an array D:\www\qmyx.wuyelaile.com\weiwincms\_Core\Lib\Core\View.class.php 第 69 行.
INFO: [ view_template ] --START--
INFO: Run LocationTemplate Behavior [ RunTime:-0.094326s ]
INFO: [ view_template ] --END-- [ RunTime:0.007982s ]
INFO: [ view_parse ] --START--
INFO: Run ParseTemplate Behavior [ RunTime:-0.102396s ]
INFO: [ view_parse ] --END-- [ RunTime:0.037905s ]
INFO: [ view_filter ] --START--
INFO: Run ContentReplace Behavior [ RunTime:-0.140382s ]
INFO: Run TokenBuild Behavior [ RunTime:-0.143961s ]
INFO: Run WriteHtmlCache Behavior [ RunTime:-0.148497s ]
INFO: Run ShowRuntime Behavior [ RunTime:-0.152867s ]
INFO: [ view_filter ] --END-- [ RunTime:0.017205s ]
INFO: [ view_end ] --START--
INFO: Run ShowPageTrace Behavior [ RunTime:-0.157685s ]
INFO: [ view_end ] --END-- [ RunTime:0.004834s ]

[ 2015-04-10T07:34:59+08:00 ] 27.206.202.94 /index.php?g=Wap&m=Agent&a=ajaxlp&token=jeifef1412084627&t=0.5055848220363259
INFO: [ app_begin ] --START--
INFO: Run ReadHtmlCache Behavior [ RunTime:0.004764s ]
INFO: [ app_begin ] --END-- [ RunTime:0.004909s ]
SQL: SHOW COLUMNS FROM `wy_lpinfo` [ RunTime:0.042606s ]
SQL: SELECT * FROM `wy_lpinfo` WHERE ( `token` = 'jeifef1412084627' ) ORDER BY id desc LIMIT 20,4   [ RunTime:0.000790s ]

[ 2015-04-10T07:35:03+08:00 ] 27.206.202.94 /index.php?g=Wap&m=Agent&a=loupanInfo&token=jeifef1412084627&id=34&type=3
INFO: [ app_begin ] --START--
INFO: Run ReadHtmlCache Behavior [ RunTime:0.005282s ]
INFO: [ app_begin ] --END-- [ RunTime:0.005467s ]
NOTIC: [8] Undefined index:  wecha_id D:\www\qmyx.wuyelaile.com\weiwincms\Lib\Action\Wap\AgentAction.class.php 第 305 行.
SQL: SHOW COLUMNS FROM `wy_lpinfo` [ RunTime:0.040393s ]
SQL: UPDATE `wy_lpinfo` SET `video`=video+1 WHERE ( `id` = 34 ) AND ( `token` = 'jeifef1412084627' ) [ RunTime:0.027872s ]
SQL: SELECT * FROM `wy_lpinfo` WHERE ( `id` = 34 ) AND ( `token` = 'jeifef1412084627' ) LIMIT 1   [ RunTime:0.000658s ]
NOTIC: [2] Cannot use a scalar value as an array D:\www\qmyx.wuyelaile.com\weiwincms\_Core\Lib\Core\View.class.php 第 69 行.
INFO: [ view_template ] --START--
INFO: Run LocationTemplate Behavior [ RunTime:-0.127176s ]
INFO: [ view_template ] --END-- [ RunTime:0.010071s ]
INFO: [ view_parse ] --START--
NOTIC: [8] Undefined variable: url D:\www\qmyx.wuyelaile.com\weiwindata\logs\Cache\Wap\15cb069a79c1a70eb570b5aca2bb66be.php 第 22 行.
NOTIC: [8] Undefined variable: jjrarr D:\www\qmyx.wuyelaile.com\weiwindata\logs\Cache\Wap\15cb069a79c1a70eb570b5aca2bb66be.php 第 139 行.
INFO: Run ParseTemplate Behavior [ RunTime:-0.137409s ]
INFO: [ view_parse ] --END-- [ RunTime:0.049258s ]
INFO: [ view_filter ] --START--
INFO: Run ContentReplace Behavior [ RunTime:-0.186768s ]
INFO: Run TokenBuild Behavior [ RunTime:-0.190911s ]
INFO: Run WriteHtmlCache Behavior [ RunTime:-0.195717s ]
INFO: Run ShowRuntime Behavior [ RunTime:-0.200549s ]
INFO: [ view_filter ] --END-- [ RunTime:0.018933s ]
INFO: [ view_end ] --START--
INFO: Run ShowPageTrace Behavior [ RunTime:-0.205850s ]
INFO: [ view_end ] --END-- [ RunTime:0.005021s ]

[ 2015-04-10T08:44:55+08:00 ] 123.125.71.92 /
INFO: [ app_begin ] --START--
INFO: Run ReadHtmlCache Behavior [ RunTime:0.005050s ]
INFO: [ app_begin ] --END-- [ RunTime:0.005212s ]
SQL: SHOW COLUMNS FROM `wy_links` [ RunTime:0.012023s ]
SQL: SELECT * FROM `wy_links` WHERE ( `status` = 1 )  [ RunTime:0.000193s ]
NOTIC: [2] Cannot use a scalar value as an array D:\www\qmyx.wuyelaile.com\weiwincms\_Core\Lib\Core\View.class.php 第 69 行.
INFO: [ view_template ] --START--
INFO: Run LocationTemplate Behavior [ RunTime:-0.062438s ]
INFO: [ view_template ] --END-- [ RunTime:0.008676s ]
INFO: [ view_parse ] --START--
INFO: Run ParseTemplate Behavior [ RunTime:-0.071228s ]
INFO: [ view_parse ] --END-- [ RunTime:0.042732s ]
INFO: [ view_filter ] --START--
INFO: Run ContentReplace Behavior [ RunTime:-0.114039s ]
INFO: Run TokenBuild Behavior [ RunTime:-0.119252s ]
INFO: Run WriteHtmlCache Behavior [ RunTime:-0.124906s ]
INFO: Run ShowRuntime Behavior [ RunTime:-0.129624s ]
INFO: [ view_filter ] --END-- [ RunTime:0.020623s ]
INFO: [ view_end ] --START--
INFO: Run ShowPageTrace Behavior [ RunTime:-0.134785s ]
INFO: [ view_end ] --END-- [ RunTime:0.005632s ]

[ 2015-04-10T08:45:02+08:00 ] 220.181.108.155 /
INFO: [ app_begin ] --START--
INFO: Run ReadHtmlCache Behavior [ RunTime:0.004692s ]
INFO: [ app_begin ] --END-- [ RunTime:0.004856s ]
SQL: SHOW COLUMNS FROM `wy_links` [ RunTime:0.036994s ]
SQL: SELECT * FROM `wy_links` WHERE ( `status` = 1 )  [ RunTime:0.000252s ]
NOTIC: [2] Cannot use a scalar value as an array D:\www\qmyx.wuyelaile.com\weiwincms\_Core\Lib\Core\View.class.php 第 69 行.
INFO: [ view_template ] --START--
INFO: Run LocationTemplate Behavior [ RunTime:-0.086622s ]
INFO: [ view_template ] --END-- [ RunTime:0.009264s ]
INFO: [ view_parse ] --START--
INFO: Run ParseTemplate Behavior [ RunTime:-0.095987s ]
INFO: [ view_parse ] --END-- [ RunTime:0.032861s ]
INFO: [ view_filter ] --START--
INFO: Run ContentReplace Behavior [ RunTime:-0.128923s ]
INFO: Run TokenBuild Behavior [ RunTime:-0.133487s ]
INFO: Run WriteHtmlCache Behavior [ RunTime:-0.138166s ]
INFO: Run ShowRuntime Behavior [ RunTime:-0.142617s ]
INFO: [ view_filter ] --END-- [ RunTime:0.018454s ]
INFO: [ view_end ] --START--
INFO: Run ShowPageTrace Behavior [ RunTime:-0.147474s ]
INFO: [ view_end ] --END-- [ RunTime:0.004832s ]

[ 2015-04-10T08:45:24+08:00 ] 123.125.71.115 /
INFO: [ app_begin ] --START--
INFO: Run ReadHtmlCache Behavior [ RunTime:0.006568s ]
INFO: [ app_begin ] --END-- [ RunTime:0.006712s ]
SQL: SHOW COLUMNS FROM `wy_links` [ RunTime:0.008617s ]
SQL: SELECT * FROM `wy_links` WHERE ( `status` = 1 )  [ RunTime:0.000186s ]
NOTIC: [2] Cannot use a scalar value as an array D:\www\qmyx.wuyelaile.com\weiwincms\_Core\Lib\Core\View.class.php 第 69 行.
INFO: [ view_template ] --START--
INFO: Run LocationTemplate Behavior [ RunTime:-0.058079s ]
INFO: [ view_template ] --END-- [ RunTime:0.007885s ]
INFO: [ view_parse ] --START--
INFO: Run ParseTemplate Behavior [ RunTime:-0.066052s ]
INFO: [ view_parse ] --END-- [ RunTime:0.033308s ]
INFO: [ view_filter ] --START--
INFO: Run ContentReplace Behavior [ RunTime:-0.099465s ]
INFO: Run TokenBuild Behavior [ RunTime:-0.104143s ]
INFO: Run WriteHtmlCache Behavior [ RunTime:-0.108980s ]
INFO: Run ShowRuntime Behavior [ RunTime:-0.113448s ]
INFO: [ view_filter ] --END-- [ RunTime:0.018807s ]
INFO: [ view_end ] --START--
INFO: Run ShowPageTrace Behavior [ RunTime:-0.118363s ]
INFO: [ view_end ] --END-- [ RunTime:0.005446s ]

[ 2015-04-10T08:45:45+08:00 ] 220.181.108.172 /
INFO: [ app_begin ] --START--
INFO: Run ReadHtmlCache Behavior [ RunTime:0.005170s ]
INFO: [ app_begin ] --END-- [ RunTime:0.005323s ]
SQL: SHOW COLUMNS FROM `wy_links` [ RunTime:0.010158s ]
SQL: SELECT * FROM `wy_links` WHERE ( `status` = 1 )  [ RunTime:0.000188s ]
NOTIC: [2] Cannot use a scalar value as an array D:\www\qmyx.wuyelaile.com\weiwincms\_Core\Lib\Core\View.class.php 第 69 行.
INFO: [ view_template ] --START--
INFO: Run LocationTemplate Behavior [ RunTime:-0.059077s ]
INFO: [ view_template ] --END-- [ RunTime:0.008150s ]
INFO: [ view_parse ] --START--
INFO: Run ParseTemplate Behavior [ RunTime:-0.067316s ]
INFO: [ view_parse ] --END-- [ RunTime:0.037414s ]
INFO: [ view_filter ] --START--
INFO: Run ContentReplace Behavior [ RunTime:-0.104845s ]
INFO: Run TokenBuild Behavior [ RunTime:-0.110433s ]
INFO: Run WriteHtmlCache Behavior [ RunTime:-0.116307s ]
INFO: Run ShowRuntime Behavior [ RunTime:-0.122577s ]
INFO: [ view_filter ] --END-- [ RunTime:0.022985s ]
INFO: [ view_end ] --START--
INFO: Run ShowPageTrace Behavior [ RunTime:-0.127954s ]
INFO: [ view_end ] --END-- [ RunTime:0.005362s ]

