[ 2015-01-19T08:50:53+08:00 ] 220.181.108.169 /
INFO: [ app_begin ] --START--
INFO: Run ReadHtmlCache Behavior [ RunTime:0.006558s ]
INFO: [ app_begin ] --END-- [ RunTime:0.006819s ]
SQL: SHOW COLUMNS FROM `wy_links` [ RunTime:0.061682s ]
SQL: SELECT * FROM `wy_links` WHERE ( `status` = 1 )  [ RunTime:0.000235s ]
NOTIC: [2] Cannot use a scalar value as an array D:\www\qmyx.wuyelaile.com\weiwincms\_Core\Lib\Core\View.class.php 第 69 行.
INFO: [ view_template ] --START--
INFO: Run LocationTemplate Behavior [ RunTime:-0.145280s ]
INFO: [ view_template ] --END-- [ RunTime:0.048014s ]
INFO: [ view_parse ] --START--
INFO: Run ParseTemplate Behavior [ RunTime:-0.193490s ]
INFO: [ view_parse ] --END-- [ RunTime:0.072637s ]
INFO: [ view_filter ] --START--
INFO: Run ContentReplace Behavior [ RunTime:-0.266210s ]
INFO: Run TokenBuild Behavior [ RunTime:-0.270967s ]
INFO: Run WriteHtmlCache Behavior [ RunTime:-0.275471s ]
INFO: Run ShowRuntime Behavior [ RunTime:-0.279230s ]
INFO: [ view_filter ] --END-- [ RunTime:0.018002s ]
INFO: [ view_end ] --START--
INFO: Run ShowPageTrace Behavior [ RunTime:-0.284341s ]
INFO: [ view_end ] --END-- [ RunTime:0.005013s ]

[ 2015-01-19T11:06:17+08:00 ] 14.17.34.182 /index.php
INFO: [ app_begin ] --START--
INFO: Run ReadHtmlCache Behavior [ RunTime:0.003124s ]
INFO: [ app_begin ] --END-- [ RunTime:0.003310s ]
SQL: SHOW COLUMNS FROM `wy_links` [ RunTime:0.042536s ]
SQL: SELECT * FROM `wy_links` WHERE ( `status` = 1 )  [ RunTime:0.000222s ]
NOTIC: [2] Cannot use a scalar value as an array D:\www\qmyx.wuyelaile.com\weiwincms\_Core\Lib\Core\View.class.php 第 69 行.
INFO: [ view_template ] --START--
INFO: Run LocationTemplate Behavior [ RunTime:-0.087819s ]
INFO: [ view_template ] --END-- [ RunTime:0.005474s ]
INFO: [ view_parse ] --START--
INFO: Run ParseTemplate Behavior [ RunTime:-0.093484s ]
INFO: [ view_parse ] --END-- [ RunTime:0.037290s ]
INFO: [ view_filter ] --START--
INFO: Run ContentReplace Behavior [ RunTime:-0.130906s ]
INFO: Run TokenBuild Behavior [ RunTime:-0.134324s ]
INFO: Run WriteHtmlCache Behavior [ RunTime:-0.137272s ]
INFO: Run ShowRuntime Behavior [ RunTime:-0.139729s ]
INFO: [ view_filter ] --END-- [ RunTime:0.011524s ]
INFO: [ view_end ] --START--
INFO: Run ShowPageTrace Behavior [ RunTime:-0.142520s ]
INFO: [ view_end ] --END-- [ RunTime:0.002846s ]

[ 2015-01-19T13:50:00+08:00 ] 220.181.108.116 /
INFO: [ app_begin ] --START--
INFO: Run ReadHtmlCache Behavior [ RunTime:0.003428s ]
INFO: [ app_begin ] --END-- [ RunTime:0.003664s ]
SQL: SHOW COLUMNS FROM `wy_links` [ RunTime:0.026867s ]
SQL: SELECT * FROM `wy_links` WHERE ( `status` = 1 )  [ RunTime:0.000417s ]
NOTIC: [2] Cannot use a scalar value as an array D:\www\qmyx.wuyelaile.com\weiwincms\_Core\Lib\Core\View.class.php 第 69 行.
INFO: [ view_template ] --START--
INFO: Run LocationTemplate Behavior [ RunTime:-0.075358s ]
INFO: [ view_template ] --END-- [ RunTime:0.005947s ]
INFO: [ view_parse ] --START--
INFO: Run ParseTemplate Behavior [ RunTime:-0.081401s ]
INFO: [ view_parse ] --END-- [ RunTime:0.035833s ]
INFO: [ view_filter ] --START--
INFO: Run ContentReplace Behavior [ RunTime:-0.117329s ]
INFO: Run TokenBuild Behavior [ RunTime:-0.120436s ]
INFO: Run WriteHtmlCache Behavior [ RunTime:-0.124278s ]
INFO: Run ShowRuntime Behavior [ RunTime:-0.127281s ]
INFO: [ view_filter ] --END-- [ RunTime:0.013114s ]
INFO: [ view_end ] --START--
INFO: Run ShowPageTrace Behavior [ RunTime:-0.130539s ]
INFO: [ view_end ] --END-- [ RunTime:0.003214s ]

[ 2015-01-19T13:50:00+08:00 ] 123.125.71.58 /
INFO: [ app_begin ] --START--
INFO: Run ReadHtmlCache Behavior [ RunTime:0.003442s ]
INFO: [ app_begin ] --END-- [ RunTime:0.003650s ]
SQL: SHOW COLUMNS FROM `wy_links` [ RunTime:0.026384s ]
SQL: SELECT * FROM `wy_links` WHERE ( `status` = 1 )  [ RunTime:0.000217s ]
NOTIC: [2] Cannot use a scalar value as an array D:\www\qmyx.wuyelaile.com\weiwincms\_Core\Lib\Core\View.class.php 第 69 行.
INFO: [ view_template ] --START--
INFO: Run LocationTemplate Behavior [ RunTime:-0.068860s ]
INFO: [ view_template ] --END-- [ RunTime:0.007170s ]
INFO: [ view_parse ] --START--
INFO: Run ParseTemplate Behavior [ RunTime:-0.076100s ]
INFO: [ view_parse ] --END-- [ RunTime:0.032802s ]
INFO: [ view_filter ] --START--
INFO: Run ContentReplace Behavior [ RunTime:-0.108976s ]
INFO: Run TokenBuild Behavior [ RunTime:-0.115019s ]
INFO: Run WriteHtmlCache Behavior [ RunTime:-0.119866s ]
INFO: Run ShowRuntime Behavior [ RunTime:-0.123138s ]
INFO: [ view_filter ] --END-- [ RunTime:0.017726s ]
INFO: [ view_end ] --START--
INFO: Run ShowPageTrace Behavior [ RunTime:-0.126806s ]
INFO: [ view_end ] --END-- [ RunTime:0.005586s ]

[ 2015-01-19T15:45:37+08:00 ] 112.246.0.38 /index.php?g=Wap&m=Agent&a=loupanInfo&code=011e0701d71bfe2d8a08324f008a355o&state=599
INFO: [ app_begin ] --START--
INFO: Run ReadHtmlCache Behavior [ RunTime:0.002943s ]
INFO: [ app_begin ] --END-- [ RunTime:0.003130s ]
SQL: SHOW COLUMNS FROM `wy_xmfx` [ RunTime:0.086224s ]
SQL: SELECT * FROM `wy_xmfx` WHERE ( `id` = 599 ) LIMIT 1   [ RunTime:0.000614s ]
SQL: SHOW COLUMNS FROM `wy_xmfx_list` [ RunTime:0.078876s ]
SQL: SELECT * FROM `wy_xmfx_list` WHERE ( `wecha_id` = 'oqsrSjv5RcqprGV-mfFe_2VC5gFs' ) AND ( `token` = 'jeifef1412084627' ) AND ( `uid` = 37 ) AND ( `mwecha_id` = 'oI5B3uG4lQD8sHReX8F-bEtjryb4' ) LIMIT 1   [ RunTime:0.008890s ]
SQL: SHOW COLUMNS FROM `wy_lpinfo` [ RunTime:0.065351s ]
SQL: SELECT * FROM `wy_lpinfo` WHERE ( `id` = 37 ) LIMIT 1   [ RunTime:0.000708s ]
SQL: SHOW COLUMNS FROM `wy_jjr` [ RunTime:0.077512s ]
SQL: SELECT * FROM `wy_jjr` WHERE ( `ID` = 40 ) LIMIT 1   [ RunTime:0.000515s ]
NOTIC: [2] Cannot use a scalar value as an array D:\www\qmyx.wuyelaile.com\weiwincms\_Core\Lib\Core\View.class.php 第 69 行.
INFO: [ view_template ] --START--
INFO: Run LocationTemplate Behavior [ RunTime:-4.149827s ]
INFO: [ view_template ] --END-- [ RunTime:0.049942s ]
INFO: [ view_parse ] --START--
INFO: Run ParseTemplate Behavior [ RunTime:-4.199884s ]
INFO: [ view_parse ] --END-- [ RunTime:0.189119s ]
INFO: [ view_filter ] --START--
INFO: Run ContentReplace Behavior [ RunTime:-4.389081s ]
INFO: Run TokenBuild Behavior [ RunTime:-4.392101s ]
INFO: Run WriteHtmlCache Behavior [ RunTime:-4.395035s ]
INFO: Run ShowRuntime Behavior [ RunTime:-4.398132s ]
INFO: [ view_filter ] --END-- [ RunTime:0.012092s ]
INFO: [ view_end ] --START--
INFO: Run ShowPageTrace Behavior [ RunTime:-4.401305s ]
INFO: [ view_end ] --END-- [ RunTime:0.003031s ]

[ 2015-01-19T17:51:21+08:00 ] 101.226.66.191 /index.php?g=Wap&m=Agent&a=ydl&wecha_id=oI5B3uNc9CjAXqUQcygKsrloHglI&token=jeifef1412084627&from=timeline&isappinstalled=0
INFO: [ app_begin ] --START--
INFO: Run ReadHtmlCache Behavior [ RunTime:0.003415s ]
INFO: [ app_begin ] --END-- [ RunTime:0.003621s ]
SQL: SHOW COLUMNS FROM `wy_agent_rewardinfo` [ RunTime:0.069177s ]
SQL: SELECT SUM(rewardamount) AS tp_sum FROM `wy_agent_rewardinfo` WHERE wecha_id='oI5B3uNc9CjAXqUQcygKsrloHglI' and token='jeifef1412084627' and rewardstatus =0 LIMIT 1   [ RunTime:0.000796s ]
SQL: SHOW COLUMNS FROM `wy_jjr` [ RunTime:0.069573s ]
SQL: SELECT * FROM `wy_jjr` WHERE ( `Wecha_id` = 'oI5B3uNc9CjAXqUQcygKsrloHglI' ) AND ( `Token` = 'jeifef1412084627' ) LIMIT 1   [ RunTime:0.001282s ]
SQL: SHOW COLUMNS FROM `wy_share_content` [ RunTime:0.121981s ]
SQL: SELECT * FROM `wy_share_content` WHERE token='jeifef1412084627' LIMIT 1   [ RunTime:0.000602s ]
SQL: SHOW COLUMNS FROM `wy_kh` [ RunTime:0.088936s ]
SQL: SELECT COUNT(*) AS tp_count FROM `wy_kh` WHERE ( `Token` = 'jeifef1412084627' ) AND ( `JJ_id` = 280 ) LIMIT 1   [ RunTime:0.000566s ]
SQL: SHOW COLUMNS FROM `wy_lpinfo` [ RunTime:0.060535s ]
SQL: SELECT * FROM `wy_lpinfo` WHERE ( `token` = 'jeifef1412084627' ) ORDER BY houseSort desc,id desc LIMIT 0,20   [ RunTime:0.001839s ]
NOTIC: [2] Cannot use a scalar value as an array D:\www\qmyx.wuyelaile.com\weiwincms\_Core\Lib\Core\View.class.php 第 69 行.
INFO: [ view_template ] --START--
INFO: Run LocationTemplate Behavior [ RunTime:-0.483920s ]
INFO: [ view_template ] --END-- [ RunTime:0.004539s ]
INFO: [ view_parse ] --START--
INFO: Run ParseTemplate Behavior [ RunTime:-0.488550s ]
INFO: [ view_parse ] --END-- [ RunTime:0.104922s ]
INFO: [ view_filter ] --START--
INFO: Run ContentReplace Behavior [ RunTime:-0.593551s ]
INFO: Run TokenBuild Behavior [ RunTime:-0.596875s ]
INFO: Run WriteHtmlCache Behavior [ RunTime:-0.600768s ]
INFO: Run ShowRuntime Behavior [ RunTime:-0.603940s ]
INFO: [ view_filter ] --END-- [ RunTime:0.013602s ]
INFO: [ view_end ] --START--
INFO: Run ShowPageTrace Behavior [ RunTime:-0.607270s ]
INFO: [ view_end ] --END-- [ RunTime:0.003425s ]

[ 2015-01-19T17:51:21+08:00 ] 182.36.13.174 /index.php?g=Wap&m=Agent&a=ydl&wecha_id=oI5B3uNc9CjAXqUQcygKsrloHglI&token=jeifef1412084627&from=timeline&isappinstalled=0
INFO: [ app_begin ] --START--
INFO: Run ReadHtmlCache Behavior [ RunTime:0.003482s ]
INFO: [ app_begin ] --END-- [ RunTime:0.003700s ]
SQL: SHOW COLUMNS FROM `wy_agent_rewardinfo` [ RunTime:0.086933s ]
SQL: SELECT SUM(rewardamount) AS tp_sum FROM `wy_agent_rewardinfo` WHERE wecha_id='oI5B3uNc9CjAXqUQcygKsrloHglI' and token='jeifef1412084627' and rewardstatus =0 LIMIT 1   [ RunTime:0.000326s ]
SQL: SHOW COLUMNS FROM `wy_jjr` [ RunTime:0.066387s ]
SQL: SELECT * FROM `wy_jjr` WHERE ( `Wecha_id` = 'oI5B3uNc9CjAXqUQcygKsrloHglI' ) AND ( `Token` = 'jeifef1412084627' ) LIMIT 1   [ RunTime:0.000381s ]
SQL: SHOW COLUMNS FROM `wy_share_content` [ RunTime:0.121976s ]
SQL: SELECT * FROM `wy_share_content` WHERE token='jeifef1412084627' LIMIT 1   [ RunTime:0.000215s ]
SQL: SHOW COLUMNS FROM `wy_kh` [ RunTime:0.111470s ]
SQL: SELECT COUNT(*) AS tp_count FROM `wy_kh` WHERE ( `Token` = 'jeifef1412084627' ) AND ( `JJ_id` = 280 ) LIMIT 1   [ RunTime:0.000210s ]
SQL: SHOW COLUMNS FROM `wy_lpinfo` [ RunTime:0.040873s ]
SQL: SELECT * FROM `wy_lpinfo` WHERE ( `token` = 'jeifef1412084627' ) ORDER BY houseSort desc,id desc LIMIT 0,20   [ RunTime:0.001347s ]
NOTIC: [2] Cannot use a scalar value as an array D:\www\qmyx.wuyelaile.com\weiwincms\_Core\Lib\Core\View.class.php 第 69 行.
INFO: [ view_template ] --START--
INFO: Run LocationTemplate Behavior [ RunTime:-0.499917s ]
INFO: [ view_template ] --END-- [ RunTime:0.010650s ]
INFO: [ view_parse ] --START--
INFO: Run ParseTemplate Behavior [ RunTime:-0.510657s ]
INFO: [ view_parse ] --END-- [ RunTime:0.093242s ]
INFO: [ view_filter ] --START--
INFO: Run ContentReplace Behavior [ RunTime:-0.603982s ]
INFO: Run TokenBuild Behavior [ RunTime:-0.607058s ]
INFO: Run WriteHtmlCache Behavior [ RunTime:-0.610881s ]
INFO: Run ShowRuntime Behavior [ RunTime:-0.614775s ]
INFO: [ view_filter ] --END-- [ RunTime:0.014886s ]
INFO: [ view_end ] --START--
INFO: Run ShowPageTrace Behavior [ RunTime:-0.619024s ]
INFO: [ view_end ] --END-- [ RunTime:0.003892s ]

[ 2015-01-19T17:52:05+08:00 ] 220.181.132.220 /index.php
INFO: [ app_begin ] --START--
INFO: Run ReadHtmlCache Behavior [ RunTime:0.000727s ]
INFO: [ app_begin ] --END-- [ RunTime:0.000904s ]
SQL: SHOW COLUMNS FROM `wy_links` [ RunTime:0.101913s ]
SQL: SELECT * FROM `wy_links` WHERE ( `status` = 1 )  [ RunTime:0.000243s ]
NOTIC: [2] Cannot use a scalar value as an array D:\www\qmyx.wuyelaile.com\weiwincms\_Core\Lib\Core\View.class.php 第 69 行.
INFO: [ view_template ] --START--
INFO: Run LocationTemplate Behavior [ RunTime:-0.130393s ]
INFO: [ view_template ] --END-- [ RunTime:0.004291s ]
INFO: [ view_parse ] --START--
INFO: Run ParseTemplate Behavior [ RunTime:-0.134801s ]
INFO: [ view_parse ] --END-- [ RunTime:0.024063s ]
INFO: [ view_filter ] --START--
INFO: Run ContentReplace Behavior [ RunTime:-0.158937s ]
INFO: Run TokenBuild Behavior [ RunTime:-0.159629s ]
INFO: Run WriteHtmlCache Behavior [ RunTime:-0.160351s ]
INFO: Run ShowRuntime Behavior [ RunTime:-0.160829s ]
INFO: [ view_filter ] --END-- [ RunTime:0.002635s ]
INFO: [ view_end ] --START--
INFO: Run ShowPageTrace Behavior [ RunTime:-0.161685s ]
INFO: [ view_end ] --END-- [ RunTime:0.000969s ]

[ 2015-01-19T17:52:34+08:00 ] 220.181.132.198 /index.php
INFO: [ app_begin ] --START--
INFO: Run ReadHtmlCache Behavior [ RunTime:0.000795s ]
INFO: [ app_begin ] --END-- [ RunTime:0.000944s ]
SQL: SHOW COLUMNS FROM `wy_links` [ RunTime:0.037343s ]
SQL: SELECT * FROM `wy_links` WHERE ( `status` = 1 )  [ RunTime:0.000298s ]
NOTIC: [2] Cannot use a scalar value as an array D:\www\qmyx.wuyelaile.com\weiwincms\_Core\Lib\Core\View.class.php 第 69 行.
INFO: [ view_template ] --START--
INFO: Run LocationTemplate Behavior [ RunTime:-0.073281s ]
INFO: [ view_template ] --END-- [ RunTime:0.003766s ]
INFO: [ view_parse ] --START--
INFO: Run ParseTemplate Behavior [ RunTime:-0.077135s ]
INFO: [ view_parse ] --END-- [ RunTime:0.021984s ]
INFO: [ view_filter ] --START--
INFO: Run ContentReplace Behavior [ RunTime:-0.099202s ]
INFO: Run TokenBuild Behavior [ RunTime:-0.099859s ]
INFO: Run WriteHtmlCache Behavior [ RunTime:-0.100595s ]
INFO: Run ShowRuntime Behavior [ RunTime:-0.101068s ]
INFO: [ view_filter ] --END-- [ RunTime:0.002646s ]
INFO: [ view_end ] --START--
INFO: Run ShowPageTrace Behavior [ RunTime:-0.101971s ]
INFO: [ view_end ] --END-- [ RunTime:0.000897s ]

[ 2015-01-19T17:53:52+08:00 ] 101.226.33.203 /index.php?g=Wap&m=Agent&a=ydl&wecha_id=oI5B3uNc9CjAXqUQcygKsrloHglI&token=jeifef1412084627&from=timeline&isappinstalled=0
INFO: [ app_begin ] --START--
INFO: Run ReadHtmlCache Behavior [ RunTime:0.002719s ]
INFO: [ app_begin ] --END-- [ RunTime:0.002862s ]
SQL: SHOW COLUMNS FROM `wy_agent_rewardinfo` [ RunTime:0.038617s ]
SQL: SELECT SUM(rewardamount) AS tp_sum FROM `wy_agent_rewardinfo` WHERE wecha_id='oI5B3uNc9CjAXqUQcygKsrloHglI' and token='jeifef1412084627' and rewardstatus =0 LIMIT 1   [ RunTime:0.000199s ]
SQL: SHOW COLUMNS FROM `wy_jjr` [ RunTime:0.040075s ]
SQL: SELECT * FROM `wy_jjr` WHERE ( `Wecha_id` = 'oI5B3uNc9CjAXqUQcygKsrloHglI' ) AND ( `Token` = 'jeifef1412084627' ) LIMIT 1   [ RunTime:0.000224s ]
SQL: SHOW COLUMNS FROM `wy_share_content` [ RunTime:0.040761s ]
SQL: SELECT * FROM `wy_share_content` WHERE token='jeifef1412084627' LIMIT 1   [ RunTime:0.000311s ]
SQL: SHOW COLUMNS FROM `wy_kh` [ RunTime:0.039092s ]
SQL: SELECT COUNT(*) AS tp_count FROM `wy_kh` WHERE ( `Token` = 'jeifef1412084627' ) AND ( `JJ_id` = 280 ) LIMIT 1   [ RunTime:0.000261s ]
SQL: SHOW COLUMNS FROM `wy_lpinfo` [ RunTime:0.040770s ]
SQL: SELECT * FROM `wy_lpinfo` WHERE ( `token` = 'jeifef1412084627' ) ORDER BY houseSort desc,id desc LIMIT 0,20   [ RunTime:0.000749s ]
NOTIC: [2] Cannot use a scalar value as an array D:\www\qmyx.wuyelaile.com\weiwincms\_Core\Lib\Core\View.class.php 第 69 行.
INFO: [ view_template ] --START--
INFO: Run LocationTemplate Behavior [ RunTime:-0.261496s ]
INFO: [ view_template ] --END-- [ RunTime:0.004533s ]
INFO: [ view_parse ] --START--
INFO: Run ParseTemplate Behavior [ RunTime:-0.266117s ]
INFO: [ view_parse ] --END-- [ RunTime:0.035327s ]
INFO: [ view_filter ] --START--
INFO: Run ContentReplace Behavior [ RunTime:-0.301553s ]
INFO: Run TokenBuild Behavior [ RunTime:-0.304502s ]
INFO: Run WriteHtmlCache Behavior [ RunTime:-0.307196s ]
INFO: Run ShowRuntime Behavior [ RunTime:-0.309598s ]
INFO: [ view_filter ] --END-- [ RunTime:0.010849s ]
INFO: [ view_end ] --START--
INFO: Run ShowPageTrace Behavior [ RunTime:-0.312529s ]
INFO: [ view_end ] --END-- [ RunTime:0.003153s ]

[ 2015-01-19T20:05:08+08:00 ] 220.181.132.220 /
INFO: [ app_begin ] --START--
INFO: Run ReadHtmlCache Behavior [ RunTime:0.002741s ]
INFO: [ app_begin ] --END-- [ RunTime:0.002934s ]
SQL: SHOW COLUMNS FROM `wy_links` [ RunTime:0.038346s ]
SQL: SELECT * FROM `wy_links` WHERE ( `status` = 1 )  [ RunTime:0.000202s ]
NOTIC: [2] Cannot use a scalar value as an array D:\www\qmyx.wuyelaile.com\weiwincms\_Core\Lib\Core\View.class.php 第 69 行.
INFO: [ view_template ] --START--
INFO: Run LocationTemplate Behavior [ RunTime:-0.075152s ]
INFO: [ view_template ] --END-- [ RunTime:0.005216s ]
INFO: [ view_parse ] --START--
INFO: Run ParseTemplate Behavior [ RunTime:-0.080487s ]
INFO: [ view_parse ] --END-- [ RunTime:0.029383s ]
INFO: [ view_filter ] --START--
INFO: Run ContentReplace Behavior [ RunTime:-0.109949s ]
INFO: Run TokenBuild Behavior [ RunTime:-0.112642s ]
INFO: Run WriteHtmlCache Behavior [ RunTime:-0.115445s ]
INFO: Run ShowRuntime Behavior [ RunTime:-0.117913s ]
INFO: [ view_filter ] --END-- [ RunTime:0.010667s ]
INFO: [ view_end ] --START--
INFO: Run ShowPageTrace Behavior [ RunTime:-0.120723s ]
INFO: [ view_end ] --END-- [ RunTime:0.002874s ]

[ 2015-01-19T20:10:42+08:00 ] 101.199.108.59 /
INFO: [ app_begin ] --START--
INFO: Run ReadHtmlCache Behavior [ RunTime:0.003491s ]
INFO: [ app_begin ] --END-- [ RunTime:0.003680s ]
SQL: SHOW COLUMNS FROM `wy_links` [ RunTime:0.010189s ]
SQL: SELECT * FROM `wy_links` WHERE ( `status` = 1 )  [ RunTime:0.000192s ]
NOTIC: [2] Cannot use a scalar value as an array D:\www\qmyx.wuyelaile.com\weiwincms\_Core\Lib\Core\View.class.php 第 69 行.
INFO: [ view_template ] --START--
INFO: Run LocationTemplate Behavior [ RunTime:-0.046451s ]
INFO: [ view_template ] --END-- [ RunTime:0.004927s ]
INFO: [ view_parse ] --START--
INFO: Run ParseTemplate Behavior [ RunTime:-0.051484s ]
INFO: [ view_parse ] --END-- [ RunTime:0.028640s ]
INFO: [ view_filter ] --START--
INFO: Run ContentReplace Behavior [ RunTime:-0.080201s ]
INFO: Run TokenBuild Behavior [ RunTime:-0.082826s ]
INFO: Run WriteHtmlCache Behavior [ RunTime:-0.085584s ]
INFO: Run ShowRuntime Behavior [ RunTime:-0.088026s ]
INFO: [ view_filter ] --END-- [ RunTime:0.010531s ]
INFO: [ view_end ] --START--
INFO: Run ShowPageTrace Behavior [ RunTime:-0.090828s ]
INFO: [ view_end ] --END-- [ RunTime:0.002867s ]

[ 2015-01-19T20:48:19+08:00 ] 123.125.71.14 /
INFO: [ app_begin ] --START--
INFO: Run ReadHtmlCache Behavior [ RunTime:0.003060s ]
INFO: [ app_begin ] --END-- [ RunTime:0.003247s ]
SQL: SHOW COLUMNS FROM `wy_links` [ RunTime:0.010632s ]
SQL: SELECT * FROM `wy_links` WHERE ( `status` = 1 )  [ RunTime:0.000194s ]
NOTIC: [2] Cannot use a scalar value as an array D:\www\qmyx.wuyelaile.com\weiwincms\_Core\Lib\Core\View.class.php 第 69 行.
INFO: [ view_template ] --START--
INFO: Run LocationTemplate Behavior [ RunTime:-0.059363s ]
INFO: [ view_template ] --END-- [ RunTime:0.006426s ]
INFO: [ view_parse ] --START--
INFO: Run ParseTemplate Behavior [ RunTime:-0.065879s ]
INFO: [ view_parse ] --END-- [ RunTime:0.037802s ]
INFO: [ view_filter ] --START--
INFO: Run ContentReplace Behavior [ RunTime:-0.103754s ]
INFO: Run TokenBuild Behavior [ RunTime:-0.107640s ]
INFO: Run WriteHtmlCache Behavior [ RunTime:-0.110587s ]
INFO: Run ShowRuntime Behavior [ RunTime:-0.114039s ]
INFO: [ view_filter ] --END-- [ RunTime:0.012993s ]
INFO: [ view_end ] --START--
INFO: Run ShowPageTrace Behavior [ RunTime:-0.116847s ]
INFO: [ view_end ] --END-- [ RunTime:0.002719s ]

[ 2015-01-19T20:48:19+08:00 ] 220.181.108.107 /
INFO: [ app_begin ] --START--
INFO: Run ReadHtmlCache Behavior [ RunTime:0.003699s ]
INFO: [ app_begin ] --END-- [ RunTime:0.003902s ]
SQL: SHOW COLUMNS FROM `wy_links` [ RunTime:0.008576s ]
SQL: SELECT * FROM `wy_links` WHERE ( `status` = 1 )  [ RunTime:0.000534s ]
NOTIC: [2] Cannot use a scalar value as an array D:\www\qmyx.wuyelaile.com\weiwincms\_Core\Lib\Core\View.class.php 第 69 行.
INFO: [ view_template ] --START--
INFO: Run LocationTemplate Behavior [ RunTime:-0.055286s ]
INFO: [ view_template ] --END-- [ RunTime:0.004883s ]
INFO: [ view_parse ] --START--
INFO: Run ParseTemplate Behavior [ RunTime:-0.060465s ]
INFO: [ view_parse ] --END-- [ RunTime:0.035586s ]
INFO: [ view_filter ] --START--
INFO: Run ContentReplace Behavior [ RunTime:-0.095931s ]
INFO: Run TokenBuild Behavior [ RunTime:-0.098766s ]
INFO: Run WriteHtmlCache Behavior [ RunTime:-0.101632s ]
INFO: Run ShowRuntime Behavior [ RunTime:-0.104117s ]
INFO: [ view_filter ] --END-- [ RunTime:0.010952s ]
INFO: [ view_end ] --START--
INFO: Run ShowPageTrace Behavior [ RunTime:-0.107035s ]
INFO: [ view_end ] --END-- [ RunTime:0.002956s ]

[ 2015-01-19T21:21:41+08:00 ] 112.252.213.169 /index.php?g=Wap&m=Agent&a=loupanInfo&code=021b5f680bf6d427ec2f0150803056ef&state=783
INFO: [ app_begin ] --START--
INFO: Run ReadHtmlCache Behavior [ RunTime:0.002776s ]
INFO: [ app_begin ] --END-- [ RunTime:0.002960s ]
SQL: SHOW COLUMNS FROM `wy_xmfx` [ RunTime:0.038224s ]
SQL: SELECT * FROM `wy_xmfx` WHERE ( `id` = 783 ) LIMIT 1   [ RunTime:0.000458s ]
SQL: SHOW COLUMNS FROM `wy_xmfx_list` [ RunTime:0.040950s ]
SQL: SELECT * FROM `wy_xmfx_list` WHERE ( `wecha_id` = 'oqsrSjnEN4q4-1BM5MntjMrSuKzY' ) AND ( `token` = 'jeifef1412084627' ) AND ( `uid` = 30 ) AND ( `mwecha_id` = 'oI5B3uOkTESEEHLf7X8cKGjseyrU' ) LIMIT 1   [ RunTime:0.011175s ]
SQL: SHOW COLUMNS FROM `wy_lpinfo` [ RunTime:0.040525s ]
SQL: UPDATE `wy_lpinfo` SET `video`=video+1 WHERE ( `id` = 30 ) [ RunTime:0.121065s ]
SQL: INSERT INTO `wy_xmfx_list` (`token`,`uid`,`mwecha_id`,`wecha_id`) VALUES ('jeifef1412084627','30','oI5B3uOkTESEEHLf7X8cKGjseyrU','oqsrSjnEN4q4-1BM5MntjMrSuKzY') [ RunTime:0.007375s ]
SQL: SHOW COLUMNS FROM `wy_xmfx` [ RunTime:0.040462s ]
SQL: UPDATE `wy_xmfx` SET `views`=views+1 WHERE ( `id` = 783 ) [ RunTime:0.011846s ]
SQL: SELECT `longitude`,`latitude` FROM `wy_lpinfo` WHERE ( `id` = 30 ) LIMIT 1   [ RunTime:0.000488s ]
SQL: SHOW COLUMNS FROM `wy_product_setting` [ RunTime:0.126757s ]
SQL: SELECT * FROM `wy_product_setting` WHERE ( `token` = 'jeifef1412084627' ) LIMIT 1   [ RunTime:0.000600s ]
SQL: SHOW COLUMNS FROM `wy_jjr` [ RunTime:0.041604s ]
SQL: UPDATE `wy_jjr` SET `credit`=credit+1 WHERE ( `ID` = 288 ) [ RunTime:0.010888s ]
SQL: UPDATE `wy_xmfx` SET `hascredit`=hascredit+1 WHERE ( `id` = 783 ) [ RunTime:0.007440s ]
SQL: SELECT `hascredit`,`hasmoney` FROM `wy_xmfx` WHERE ( `id` = 783 ) LIMIT 1   [ RunTime:0.000444s ]
SQL: update wy_xmfx set hasmoney=0.2 where id=783 [ RunTime:0.006115s ]
SQL: SELECT * FROM `wy_lpinfo` WHERE ( `id` = 30 ) LIMIT 1   [ RunTime:0.000719s ]
SQL: SHOW COLUMNS FROM `wy_jjr` [ RunTime:0.042436s ]
SQL: SELECT * FROM `wy_jjr` WHERE ( `ID` = 288 ) LIMIT 1   [ RunTime:0.000604s ]
NOTIC: [2] Cannot use a scalar value as an array D:\www\qmyx.wuyelaile.com\weiwincms\_Core\Lib\Core\View.class.php 第 69 行.
INFO: [ view_template ] --START--
INFO: Run LocationTemplate Behavior [ RunTime:-4.036101s ]
INFO: [ view_template ] --END-- [ RunTime:0.005091s ]
INFO: [ view_parse ] --START--
INFO: Run ParseTemplate Behavior [ RunTime:-4.041316s ]
INFO: [ view_parse ] --END-- [ RunTime:0.038168s ]
INFO: [ view_filter ] --START--
INFO: Run ContentReplace Behavior [ RunTime:-4.079559s ]
INFO: Run TokenBuild Behavior [ RunTime:-4.082575s ]
INFO: Run WriteHtmlCache Behavior [ RunTime:-4.085486s ]
INFO: Run ShowRuntime Behavior [ RunTime:-4.088294s ]
INFO: [ view_filter ] --END-- [ RunTime:0.011809s ]
INFO: [ view_end ] --START--
INFO: Run ShowPageTrace Behavior [ RunTime:-4.091485s ]
INFO: [ view_end ] --END-- [ RunTime:0.002931s ]

