[ 2015-06-23T00:46:39+08:00 ] 220.181.108.75 /
INFO: [ app_begin ] --START--
INFO: Run ReadHtmlCache Behavior [ RunTime:0.005563s ]
INFO: [ app_begin ] --END-- [ RunTime:0.006936s ]
SQL: SHOW COLUMNS FROM `wy_links` [ RunTime:0.082999s ]
SQL: SELECT * FROM `wy_links` WHERE ( `status` = 1 )  [ RunTime:0.000316s ]
NOTIC: [2] Cannot use a scalar value as an array D:\www\qmyx.wuyelaile.com\weiwincms\_Core\Lib\Core\View.class.php ç¬¬ 69 è¡Œ.
INFO: [ view_template ] --START--
INFO: Run LocationTemplate Behavior [ RunTime:-0.173748s ]
INFO: [ view_template ] --END-- [ RunTime:0.032741s ]
INFO: [ view_parse ] --START--
INFO: Run ParseTemplate Behavior [ RunTime:-0.206562s ]
INFO: [ view_parse ] --END-- [ RunTime:0.116677s ]
INFO: [ view_filter ] --START--
INFO: Run ContentReplace Behavior [ RunTime:-0.323338s ]
INFO: Run TokenBuild Behavior [ RunTime:-0.328400s ]
INFO: Run WriteHtmlCache Behavior [ RunTime:-0.332157s ]
INFO: Run ShowRuntime Behavior [ RunTime:-0.335532s ]
INFO: [ view_filter ] --END-- [ RunTime:0.016381s ]
INFO: [ view_end ] --START--
INFO: Run ShowPageTrace Behavior [ RunTime:-0.339843s ]
INFO: [ view_end ] --END-- [ RunTime:0.003922s ]

[ 2015-06-23T00:46:39+08:00 ] 220.181.108.75 /
NOTIC: [32] PHP Startup: Unable to load dynamic library 'D:\WebServer\php-5.2.5 (x64)\ext\php_fileinfo.dll' - ÕÒ²»µ½Ö¸¶¨µÄÄ£¿é¡£
 Unknown ç¬¬ 0 è¡Œ.

[ 2015-06-23T05:26:56+08:00 ] 123.125.71.16 /
INFO: [ app_begin ] --START--
INFO: Run ReadHtmlCache Behavior [ RunTime:0.007328s ]
INFO: [ app_begin ] --END-- [ RunTime:0.007500s ]
SQL: SHOW COLUMNS FROM `wy_links` [ RunTime:0.071621s ]
SQL: SELECT * FROM `wy_links` WHERE ( `status` = 1 )  [ RunTime:0.000230s ]
NOTIC: [2] Cannot use a scalar value as an array D:\www\qmyx.wuyelaile.com\weiwincms\_Core\Lib\Core\View.class.php ç¬¬ 69 è¡Œ.
INFO: [ view_template ] --START--
INFO: Run LocationTemplate Behavior [ RunTime:-0.441435s ]
INFO: [ view_template ] --END-- [ RunTime:0.045324s ]
INFO: [ view_parse ] --START--
INFO: Run ParseTemplate Behavior [ RunTime:-0.486866s ]
INFO: [ view_parse ] --END-- [ RunTime:0.097613s ]
INFO: [ view_filter ] --START--
INFO: Run ContentReplace Behavior [ RunTime:-0.584565s ]
INFO: Run TokenBuild Behavior [ RunTime:-0.590948s ]
INFO: Run WriteHtmlCache Behavior [ RunTime:-0.597011s ]
INFO: Run ShowRuntime Behavior [ RunTime:-0.602376s ]
INFO: [ view_filter ] --END-- [ RunTime:0.024014s ]
INFO: [ view_end ] --START--
INFO: Run ShowPageTrace Behavior [ RunTime:-0.608705s ]
INFO: [ view_end ] --END-- [ RunTime:0.005973s ]

[ 2015-06-23T05:27:22+08:00 ] 220.181.108.89 /
INFO: [ app_begin ] --START--
INFO: Run ReadHtmlCache Behavior [ RunTime:0.006781s ]
INFO: [ app_begin ] --END-- [ RunTime:0.006944s ]
SQL: SHOW COLUMNS FROM `wy_links` [ RunTime:0.009327s ]
SQL: SELECT * FROM `wy_links` WHERE ( `status` = 1 )  [ RunTime:0.000213s ]
NOTIC: [2] Cannot use a scalar value as an array D:\www\qmyx.wuyelaile.com\weiwincms\_Core\Lib\Core\View.class.php ç¬¬ 69 è¡Œ.
INFO: [ view_template ] --START--
INFO: Run LocationTemplate Behavior [ RunTime:-0.090581s ]
INFO: [ view_template ] --END-- [ RunTime:0.011373s ]
INFO: [ view_parse ] --START--
INFO: Run ParseTemplate Behavior [ RunTime:-0.102057s ]
INFO: [ view_parse ] --END-- [ RunTime:0.039774s ]
INFO: [ view_filter ] --START--
INFO: Run ContentReplace Behavior [ RunTime:-0.141911s ]
INFO: Run TokenBuild Behavior [ RunTime:-0.147123s ]
INFO: Run WriteHtmlCache Behavior [ RunTime:-0.152323s ]
INFO: Run ShowRuntime Behavior [ RunTime:-0.157492s ]
INFO: [ view_filter ] --END-- [ RunTime:0.020819s ]
INFO: [ view_end ] --START--
INFO: Run ShowPageTrace Behavior [ RunTime:-0.162837s ]
INFO: [ view_end ] --END-- [ RunTime:0.021439s ]

[ 2015-06-23T05:28:54+08:00 ] 123.125.71.56 /
INFO: [ app_begin ] --START--
INFO: Run ReadHtmlCache Behavior [ RunTime:0.008622s ]
INFO: [ app_begin ] --END-- [ RunTime:0.008842s ]
SQL: SHOW COLUMNS FROM `wy_links` [ RunTime:0.008882s ]
SQL: SELECT * FROM `wy_links` WHERE ( `status` = 1 )  [ RunTime:0.000221s ]
NOTIC: [2] Cannot use a scalar value as an array D:\www\qmyx.wuyelaile.com\weiwincms\_Core\Lib\Core\View.class.php ç¬¬ 69 è¡Œ.
INFO: [ view_template ] --START--
INFO: Run LocationTemplate Behavior [ RunTime:-0.093329s ]
INFO: [ view_template ] --END-- [ RunTime:0.009939s ]
INFO: [ view_parse ] --START--
INFO: Run ParseTemplate Behavior [ RunTime:-0.103356s ]
INFO: [ view_parse ] --END-- [ RunTime:0.039896s ]
INFO: [ view_filter ] --START--
INFO: Run ContentReplace Behavior [ RunTime:-0.143348s ]
INFO: Run TokenBuild Behavior [ RunTime:-0.149126s ]
INFO: Run WriteHtmlCache Behavior [ RunTime:-0.155897s ]
INFO: Run ShowRuntime Behavior [ RunTime:-0.161422s ]
INFO: [ view_filter ] --END-- [ RunTime:0.023706s ]
INFO: [ view_end ] --START--
INFO: Run ShowPageTrace Behavior [ RunTime:-0.167158s ]
INFO: [ view_end ] --END-- [ RunTime:0.005845s ]

[ 2015-06-23T05:29:01+08:00 ] 220.181.108.78 /
INFO: [ app_begin ] --START--
INFO: Run ReadHtmlCache Behavior [ RunTime:0.006373s ]
INFO: [ app_begin ] --END-- [ RunTime:0.006547s ]
SQL: SHOW COLUMNS FROM `wy_links` [ RunTime:0.009920s ]
SQL: SELECT * FROM `wy_links` WHERE ( `status` = 1 )  [ RunTime:0.000246s ]
NOTIC: [2] Cannot use a scalar value as an array D:\www\qmyx.wuyelaile.com\weiwincms\_Core\Lib\Core\View.class.php ç¬¬ 69 è¡Œ.
INFO: [ view_template ] --START--
INFO: Run LocationTemplate Behavior [ RunTime:-0.066914s ]
INFO: [ view_template ] --END-- [ RunTime:0.008778s ]
INFO: [ view_parse ] --START--
INFO: Run ParseTemplate Behavior [ RunTime:-0.075784s ]
INFO: [ view_parse ] --END-- [ RunTime:0.040837s ]
INFO: [ view_filter ] --START--
INFO: Run ContentReplace Behavior [ RunTime:-0.116696s ]
INFO: Run TokenBuild Behavior [ RunTime:-0.122385s ]
INFO: Run WriteHtmlCache Behavior [ RunTime:-0.127900s ]
INFO: Run ShowRuntime Behavior [ RunTime:-0.134577s ]
INFO: [ view_filter ] --END-- [ RunTime:0.025162s ]
INFO: [ view_end ] --START--
INFO: Run ShowPageTrace Behavior [ RunTime:-0.141963s ]
INFO: [ view_end ] --END-- [ RunTime:0.006055s ]

[ 2015-06-23T13:46:00+08:00 ] 140.207.63.103 /
INFO: [ app_begin ] --START--
INFO: Run ReadHtmlCache Behavior [ RunTime:0.056078s ]
INFO: [ app_begin ] --END-- [ RunTime:0.056352s ]
SQL: SHOW COLUMNS FROM `wy_links` [ RunTime:0.214254s ]
SQL: SELECT * FROM `wy_links` WHERE ( `status` = 1 )  [ RunTime:0.000379s ]
NOTIC: [2] Cannot use a scalar value as an array D:\www\qmyx.wuyelaile.com\weiwincms\_Core\Lib\Core\View.class.php ç¬¬ 69 è¡Œ.
INFO: [ view_template ] --START--
INFO: Run LocationTemplate Behavior [ RunTime:-0.481788s ]
INFO: [ view_template ] --END-- [ RunTime:0.056465s ]
INFO: [ view_parse ] --START--
INFO: Run ParseTemplate Behavior [ RunTime:-0.538362s ]
INFO: [ view_parse ] --END-- [ RunTime:0.096381s ]
INFO: [ view_filter ] --START--
INFO: Run ContentReplace Behavior [ RunTime:-0.634819s ]
INFO: Run TokenBuild Behavior [ RunTime:-0.638795s ]
INFO: Run WriteHtmlCache Behavior [ RunTime:-0.642465s ]
INFO: Run ShowRuntime Behavior [ RunTime:-0.645963s ]
INFO: [ view_filter ] --END-- [ RunTime:0.014653s ]
INFO: [ view_end ] --START--
INFO: Run ShowPageTrace Behavior [ RunTime:-0.649604s ]
INFO: [ view_end ] --END-- [ RunTime:0.004203s ]

[ 2015-06-23T13:46:00+08:00 ] 140.207.63.103 /
NOTIC: [32] PHP Startup: Unable to load dynamic library 'D:\WebServer\php-5.2.5 (x64)\ext\php_fileinfo.dll' - ÕÒ²»µ½Ö¸¶¨µÄÄ£¿é¡£
 Unknown ç¬¬ 0 è¡Œ.

[ 2015-06-23T13:46:00+08:00 ] 114.90.31.4 /index.php?g=Wap&m=Agent&a=index&token=jeifef1412084627&from=timeline&isappinstalled=0
INFO: [ app_begin ] --START--
INFO: Run ReadHtmlCache Behavior [ RunTime:0.058193s ]
INFO: [ app_begin ] --END-- [ RunTime:0.058453s ]
NOTIC: [8] session_start() [<a href='function.session-start'>function.session-start</a>]: ps_files_cleanup_dir: opendir(C:\Windows\Temp\) failed: No error (0) D:\www\qmyx.wuyelaile.com\weiwincms\_Core\Common\functions.php ç¬¬ 526 è¡Œ.
SQL: SHOW COLUMNS FROM `wy_lpinfo` [ RunTime:0.214298s ]
SQL: SELECT * FROM `wy_lpinfo` WHERE ( `token` = 'jeifef1412084627' ) ORDER BY houseSort desc,id desc LIMIT 0,20   [ RunTime:0.014293s ]
NOTIC: [8] Undefined index:  wecha_id D:\www\qmyx.wuyelaile.com\weiwincms\Lib\Action\Wap\AgentAction.class.php ç¬¬ 29 è¡Œ.
SQL: SHOW COLUMNS FROM `wy_jjr` [ RunTime:0.063380s ]
SQL: SELECT * FROM `wy_jjr` WHERE ( `Wecha_id` = null ) AND ( `Token` = 'jeifef1412084627' ) LIMIT 1   [ RunTime:0.001868s ]
SQL: SHOW COLUMNS FROM `wy_share_content` [ RunTime:0.079801s ]
SQL: SELECT * FROM `wy_share_content` WHERE token='jeifef1412084627' LIMIT 1   [ RunTime:0.000484s ]
NOTIC: [2] Cannot use a scalar value as an array D:\www\qmyx.wuyelaile.com\weiwincms\_Core\Lib\Core\View.class.php ç¬¬ 69 è¡Œ.
INFO: [ view_template ] --START--
INFO: Run LocationTemplate Behavior [ RunTime:-0.664229s ]
INFO: [ view_template ] --END-- [ RunTime:0.091692s ]
INFO: [ view_parse ] --START--
NOTIC: [8] Undefined index:  wecha_id D:\www\qmyx.wuyelaile.com\weiwindata\logs\Cache\Wap\83c1e8c23d0efff676593c1e07496794.php ç¬¬ 68 è¡Œ.
NOTIC: [8] Undefined index:  wecha_id D:\www\qmyx.wuyelaile.com\weiwindata\logs\Cache\Wap\83c1e8c23d0efff676593c1e07496794.php ç¬¬ 73 è¡Œ.
NOTIC: [8] Undefined index:  wecha_id D:\www\qmyx.wuyelaile.com\weiwindata\logs\Cache\Wap\83c1e8c23d0efff676593c1e07496794.php ç¬¬ 76 è¡Œ.
NOTIC: [8] Undefined index:  wecha_id D:\www\qmyx.wuyelaile.com\weiwindata\logs\Cache\Wap\83c1e8c23d0efff676593c1e07496794.php ç¬¬ 79 è¡Œ.
NOTIC: [8] Undefined index:  wecha_id D:\www\qmyx.wuyelaile.com\weiwindata\logs\Cache\Wap\83c1e8c23d0efff676593c1e07496794.php ç¬¬ 82 è¡Œ.
NOTIC: [8] Undefined index:  wecha_id D:\www\qmyx.wuyelaile.com\weiwindata\logs\Cache\Wap\83c1e8c23d0efff676593c1e07496794.php ç¬¬ 85 è¡Œ.
NOTIC: [8] Undefined index:  wecha_id D:\www\qmyx.wuyelaile.com\weiwindata\logs\Cache\Wap\83c1e8c23d0efff676593c1e07496794.php ç¬¬ 88 è¡Œ.
NOTIC: [8] Undefined index:  wecha_id D:\www\qmyx.wuyelaile.com\weiwindata\logs\Cache\Wap\83c1e8c23d0efff676593c1e07496794.php ç¬¬ 97 è¡Œ.
NOTIC: [8] Undefined index:  wecha_id D:\www\qmyx.wuyelaile.com\weiwindata\logs\Cache\Wap\83c1e8c23d0efff676593c1e07496794.php ç¬¬ 97 è¡Œ.
NOTIC: [8] Undefined index:  wecha_id D:\www\qmyx.wuyelaile.com\weiwindata\logs\Cache\Wap\83c1e8c23d0efff676593c1e07496794.php ç¬¬ 97 è¡Œ.
NOTIC: [8] Undefined index:  wecha_id D:\www\qmyx.wuyelaile.com\weiwindata\logs\Cache\Wap\83c1e8c23d0efff676593c1e07496794.php ç¬¬ 97 è¡Œ.
NOTIC: [8] Undefined index:  wecha_id D:\www\qmyx.wuyelaile.com\weiwindata\logs\Cache\Wap\83c1e8c23d0efff676593c1e07496794.php ç¬¬ 97 è¡Œ.
NOTIC: [8] Undefined index:  wecha_id D:\www\qmyx.wuyelaile.com\weiwindata\logs\Cache\Wap\83c1e8c23d0efff676593c1e07496794.php ç¬¬ 97 è¡Œ.
NOTIC: [8] Undefined index:  wecha_id D:\www\qmyx.wuyelaile.com\weiwindata\logs\Cache\Wap\83c1e8c23d0efff676593c1e07496794.php ç¬¬ 97 è¡Œ.
NOTIC: [8] Undefined index:  wecha_id D:\www\qmyx.wuyelaile.com\weiwindata\logs\Cache\Wap\83c1e8c23d0efff676593c1e07496794.php ç¬¬ 97 è¡Œ.
NOTIC: [8] Undefined index:  wecha_id D:\www\qmyx.wuyelaile.com\weiwindata\logs\Cache\Wap\83c1e8c23d0efff676593c1e07496794.php ç¬¬ 97 è¡Œ.
NOTIC: [8] Undefined index:  wecha_id D:\www\qmyx.wuyelaile.com\weiwindata\logs\Cache\Wap\83c1e8c23d0efff676593c1e07496794.php ç¬¬ 97 è¡Œ.
NOTIC: [8] Undefined index:  wecha_id D:\www\qmyx.wuyelaile.com\weiwindata\logs\Cache\Wap\83c1e8c23d0efff676593c1e07496794.php ç¬¬ 138 è¡Œ.
NOTIC: [8] Undefined index:  wecha_id D:\www\qmyx.wuyelaile.com\weiwindata\logs\Cache\Wap\83c1e8c23d0efff676593c1e07496794.php ç¬¬ 152 è¡Œ.
INFO: Run ParseTemplate Behavior [ RunTime:-0.756030s ]
INFO: [ view_parse ] --END-- [ RunTime:0.119265s ]
INFO: [ view_filter ] --START--
INFO: Run ContentReplace Behavior [ RunTime:-0.875406s ]
INFO: Run TokenBuild Behavior [ RunTime:-0.879113s ]
INFO: Run WriteHtmlCache Behavior [ RunTime:-0.883349s ]
INFO: Run ShowRuntime Behavior [ RunTime:-0.886140s ]
INFO: [ view_filter ] --END-- [ RunTime:0.013674s ]
INFO: [ view_end ] --START--
INFO: Run ShowPageTrace Behavior [ RunTime:-0.889199s ]
INFO: [ view_end ] --END-- [ RunTime:0.003088s ]

[ 2015-06-23T13:46:00+08:00 ] 114.90.31.4 /index.php?g=Wap&m=Agent&a=index&token=jeifef1412084627&from=timeline&isappinstalled=0
NOTIC: [32] PHP Startup: Unable to load dynamic library 'D:\WebServer\php-5.2.5 (x64)\ext\php_fileinfo.dll' - ÕÒ²»µ½Ö¸¶¨µÄÄ£¿é¡£
 Unknown ç¬¬ 0 è¡Œ.

[ 2015-06-23T13:46:08+08:00 ] 117.185.27.103 /
INFO: [ app_begin ] --START--
INFO: Run ReadHtmlCache Behavior [ RunTime:0.000721s ]
INFO: [ app_begin ] --END-- [ RunTime:0.000858s ]
SQL: SHOW COLUMNS FROM `wy_links` [ RunTime:0.011288s ]
SQL: SELECT * FROM `wy_links` WHERE ( `status` = 1 )  [ RunTime:0.000229s ]
NOTIC: [2] Cannot use a scalar value as an array D:\www\qmyx.wuyelaile.com\weiwincms\_Core\Lib\Core\View.class.php ç¬¬ 69 è¡Œ.
INFO: [ view_template ] --START--
INFO: Run LocationTemplate Behavior [ RunTime:-0.050241s ]
INFO: [ view_template ] --END-- [ RunTime:0.003941s ]
INFO: [ view_parse ] --START--
INFO: Run ParseTemplate Behavior [ RunTime:-0.054264s ]
INFO: [ view_parse ] --END-- [ RunTime:0.018457s ]
INFO: [ view_filter ] --START--
INFO: Run ContentReplace Behavior [ RunTime:-0.072826s ]
INFO: Run TokenBuild Behavior [ RunTime:-0.073599s ]
INFO: Run WriteHtmlCache Behavior [ RunTime:-0.074461s ]
INFO: Run ShowRuntime Behavior [ RunTime:-0.075040s ]
INFO: [ view_filter ] --END-- [ RunTime:0.003084s ]
INFO: [ view_end ] --START--
INFO: Run ShowPageTrace Behavior [ RunTime:-0.075996s ]
INFO: [ view_end ] --END-- [ RunTime:0.000891s ]

[ 2015-06-23T18:29:36+08:00 ] 123.125.71.104 /
INFO: [ app_begin ] --START--
INFO: Run ReadHtmlCache Behavior [ RunTime:0.003321s ]
INFO: [ app_begin ] --END-- [ RunTime:0.003510s ]
SQL: SHOW COLUMNS FROM `wy_links` [ RunTime:0.045050s ]
SQL: SELECT * FROM `wy_links` WHERE ( `status` = 1 )  [ RunTime:0.000287s ]
NOTIC: [2] Cannot use a scalar value as an array D:\www\qmyx.wuyelaile.com\weiwincms\_Core\Lib\Core\View.class.php ç¬¬ 69 è¡Œ.
INFO: [ view_template ] --START--
INFO: Run LocationTemplate Behavior [ RunTime:-0.099356s ]
INFO: [ view_template ] --END-- [ RunTime:0.004956s ]
INFO: [ view_parse ] --START--
INFO: Run ParseTemplate Behavior [ RunTime:-0.104400s ]
INFO: [ view_parse ] --END-- [ RunTime:0.042316s ]
INFO: [ view_filter ] --START--
INFO: Run ContentReplace Behavior [ RunTime:-0.146799s ]
INFO: Run TokenBuild Behavior [ RunTime:-0.149782s ]
INFO: Run WriteHtmlCache Behavior [ RunTime:-0.152945s ]
INFO: Run ShowRuntime Behavior [ RunTime:-0.155707s ]
INFO: [ view_filter ] --END-- [ RunTime:0.011813s ]
INFO: [ view_end ] --START--
INFO: Run ShowPageTrace Behavior [ RunTime:-0.158719s ]
INFO: [ view_end ] --END-- [ RunTime:0.003162s ]

[ 2015-06-23T18:29:36+08:00 ] 123.125.71.104 /
NOTIC: [32] PHP Startup: Unable to load dynamic library 'D:\WebServer\php-5.2.5 (x64)\ext\php_fileinfo.dll' - ÕÒ²»µ½Ö¸¶¨µÄÄ£¿é¡£
 Unknown ç¬¬ 0 è¡Œ.

[ 2015-06-23T18:29:42+08:00 ] 220.181.108.76 /
INFO: [ app_begin ] --START--
INFO: Run ReadHtmlCache Behavior [ RunTime:0.000750s ]
INFO: [ app_begin ] --END-- [ RunTime:0.000897s ]
SQL: SHOW COLUMNS FROM `wy_links` [ RunTime:0.044305s ]
SQL: SELECT * FROM `wy_links` WHERE ( `status` = 1 )  [ RunTime:0.000224s ]
NOTIC: [2] Cannot use a scalar value as an array D:\www\qmyx.wuyelaile.com\weiwincms\_Core\Lib\Core\View.class.php ç¬¬ 69 è¡Œ.
INFO: [ view_template ] --START--
INFO: Run LocationTemplate Behavior [ RunTime:-0.070662s ]
INFO: [ view_template ] --END-- [ RunTime:0.001304s ]
INFO: [ view_parse ] --START--
INFO: Run ParseTemplate Behavior [ RunTime:-0.072056s ]
INFO: [ view_parse ] --END-- [ RunTime:0.017177s ]
INFO: [ view_filter ] --START--
INFO: Run ContentReplace Behavior [ RunTime:-0.089299s ]
INFO: Run TokenBuild Behavior [ RunTime:-0.090021s ]
INFO: Run WriteHtmlCache Behavior [ RunTime:-0.090725s ]
INFO: Run ShowRuntime Behavior [ RunTime:-0.091245s ]
INFO: [ view_filter ] --END-- [ RunTime:0.002702s ]
INFO: [ view_end ] --START--
INFO: Run ShowPageTrace Behavior [ RunTime:-0.092098s ]
INFO: [ view_end ] --END-- [ RunTime:0.000941s ]

[ 2015-06-23T18:30:55+08:00 ] 123.125.71.108 /
INFO: [ app_begin ] --START--
INFO: Run ReadHtmlCache Behavior [ RunTime:0.000729s ]
INFO: [ app_begin ] --END-- [ RunTime:0.000875s ]
SQL: SHOW COLUMNS FROM `wy_links` [ RunTime:0.040987s ]
SQL: SELECT * FROM `wy_links` WHERE ( `status` = 1 )  [ RunTime:0.000272s ]
NOTIC: [2] Cannot use a scalar value as an array D:\www\qmyx.wuyelaile.com\weiwincms\_Core\Lib\Core\View.class.php ç¬¬ 69 è¡Œ.
INFO: [ view_template ] --START--
INFO: Run LocationTemplate Behavior [ RunTime:-0.064729s ]
INFO: [ view_template ] --END-- [ RunTime:0.001250s ]
INFO: [ view_parse ] --START--
INFO: Run ParseTemplate Behavior [ RunTime:-0.066073s ]
INFO: [ view_parse ] --END-- [ RunTime:0.016944s ]
INFO: [ view_filter ] --START--
INFO: Run ContentReplace Behavior [ RunTime:-0.083084s ]
INFO: Run TokenBuild Behavior [ RunTime:-0.083736s ]
INFO: Run WriteHtmlCache Behavior [ RunTime:-0.084396s ]
INFO: Run ShowRuntime Behavior [ RunTime:-0.084879s ]
INFO: [ view_filter ] --END-- [ RunTime:0.002550s ]
INFO: [ view_end ] --START--
INFO: Run ShowPageTrace Behavior [ RunTime:-0.085729s ]
INFO: [ view_end ] --END-- [ RunTime:0.000863s ]

[ 2015-06-23T18:31:50+08:00 ] 220.181.108.96 /
INFO: [ app_begin ] --START--
INFO: Run ReadHtmlCache Behavior [ RunTime:0.003048s ]
INFO: [ app_begin ] --END-- [ RunTime:0.003231s ]
SQL: SHOW COLUMNS FROM `wy_links` [ RunTime:0.038569s ]
SQL: SELECT * FROM `wy_links` WHERE ( `status` = 1 )  [ RunTime:0.000225s ]
NOTIC: [2] Cannot use a scalar value as an array D:\www\qmyx.wuyelaile.com\weiwincms\_Core\Lib\Core\View.class.php ç¬¬ 69 è¡Œ.
INFO: [ view_template ] --START--
INFO: Run LocationTemplate Behavior [ RunTime:-0.077315s ]
INFO: [ view_template ] --END-- [ RunTime:0.005416s ]
INFO: [ view_parse ] --START--
INFO: Run ParseTemplate Behavior [ RunTime:-0.082862s ]
INFO: [ view_parse ] --END-- [ RunTime:0.028046s ]
INFO: [ view_filter ] --START--
INFO: Run ContentReplace Behavior [ RunTime:-0.110978s ]
INFO: Run TokenBuild Behavior [ RunTime:-0.113730s ]
INFO: Run WriteHtmlCache Behavior [ RunTime:-0.116745s ]
INFO: Run ShowRuntime Behavior [ RunTime:-0.119325s ]
INFO: [ view_filter ] --END-- [ RunTime:0.011651s ]
INFO: [ view_end ] --START--
INFO: Run ShowPageTrace Behavior [ RunTime:-0.122733s ]
INFO: [ view_end ] --END-- [ RunTime:0.002903s ]

[ 2015-06-23T22:32:45+08:00 ] 123.125.71.69 /
INFO: [ app_begin ] --START--
INFO: Run ReadHtmlCache Behavior [ RunTime:0.002890s ]
INFO: [ app_begin ] --END-- [ RunTime:0.003090s ]
SQL: SHOW COLUMNS FROM `wy_links` [ RunTime:0.011151s ]
SQL: SELECT * FROM `wy_links` WHERE ( `status` = 1 )  [ RunTime:0.000211s ]
NOTIC: [2] Cannot use a scalar value as an array D:\www\qmyx.wuyelaile.com\weiwincms\_Core\Lib\Core\View.class.php ç¬¬ 69 è¡Œ.
INFO: [ view_template ] --START--
INFO: Run LocationTemplate Behavior [ RunTime:-0.063708s ]
INFO: [ view_template ] --END-- [ RunTime:0.005028s ]
INFO: [ view_parse ] --START--
INFO: Run ParseTemplate Behavior [ RunTime:-0.068828s ]
INFO: [ view_parse ] --END-- [ RunTime:0.029178s ]
INFO: [ view_filter ] --START--
INFO: Run ContentReplace Behavior [ RunTime:-0.098079s ]
INFO: Run TokenBuild Behavior [ RunTime:-0.100951s ]
INFO: Run WriteHtmlCache Behavior [ RunTime:-0.103993s ]
INFO: Run ShowRuntime Behavior [ RunTime:-0.106658s ]
INFO: [ view_filter ] --END-- [ RunTime:0.011341s ]
INFO: [ view_end ] --START--
INFO: Run ShowPageTrace Behavior [ RunTime:-0.109527s ]
INFO: [ view_end ] --END-- [ RunTime:0.002884s ]

[ 2015-06-23T22:32:45+08:00 ] 123.125.71.69 /
NOTIC: [32] PHP Startup: Unable to load dynamic library 'D:\WebServer\php-5.2.5 (x64)\ext\php_fileinfo.dll' - ÕÒ²»µ½Ö¸¶¨µÄÄ£¿é¡£
 Unknown ç¬¬ 0 è¡Œ.

[ 2015-06-23T22:32:47+08:00 ] 220.181.108.107 /
INFO: [ app_begin ] --START--
INFO: Run ReadHtmlCache Behavior [ RunTime:0.000801s ]
INFO: [ app_begin ] --END-- [ RunTime:0.000937s ]
SQL: SHOW COLUMNS FROM `wy_links` [ RunTime:0.008989s ]
SQL: SELECT * FROM `wy_links` WHERE ( `status` = 1 )  [ RunTime:0.000214s ]
NOTIC: [2] Cannot use a scalar value as an array D:\www\qmyx.wuyelaile.com\weiwincms\_Core\Lib\Core\View.class.php ç¬¬ 69 è¡Œ.
INFO: [ view_template ] --START--
INFO: Run LocationTemplate Behavior [ RunTime:-0.075311s ]
INFO: [ view_template ] --END-- [ RunTime:0.001180s ]
INFO: [ view_parse ] --START--
INFO: Run ParseTemplate Behavior [ RunTime:-0.076574s ]
INFO: [ view_parse ] --END-- [ RunTime:0.010465s ]
INFO: [ view_filter ] --START--
INFO: Run ContentReplace Behavior [ RunTime:-0.087108s ]
INFO: Run TokenBuild Behavior [ RunTime:-0.087803s ]
INFO: Run WriteHtmlCache Behavior [ RunTime:-0.088540s ]
INFO: Run ShowRuntime Behavior [ RunTime:-0.089037s ]
INFO: [ view_filter ] --END-- [ RunTime:0.002713s ]
INFO: [ view_end ] --START--
INFO: Run ShowPageTrace Behavior [ RunTime:-0.089914s ]
INFO: [ view_end ] --END-- [ RunTime:0.000900s ]

[ 2015-06-23T22:34:44+08:00 ] 123.125.71.80 /
INFO: [ app_begin ] --START--
INFO: Run ReadHtmlCache Behavior [ RunTime:0.000905s ]
INFO: [ app_begin ] --END-- [ RunTime:0.001091s ]
SQL: SHOW COLUMNS FROM `wy_links` [ RunTime:0.008739s ]
SQL: SELECT * FROM `wy_links` WHERE ( `status` = 1 )  [ RunTime:0.000254s ]
NOTIC: [2] Cannot use a scalar value as an array D:\www\qmyx.wuyelaile.com\weiwincms\_Core\Lib\Core\View.class.php ç¬¬ 69 è¡Œ.
INFO: [ view_template ] --START--
INFO: Run LocationTemplate Behavior [ RunTime:-0.028364s ]
INFO: [ view_template ] --END-- [ RunTime:0.001219s ]
INFO: [ view_parse ] --START--
INFO: Run ParseTemplate Behavior [ RunTime:-0.029666s ]
INFO: [ view_parse ] --END-- [ RunTime:0.010730s ]
INFO: [ view_filter ] --START--
INFO: Run ContentReplace Behavior [ RunTime:-0.040468s ]
INFO: Run TokenBuild Behavior [ RunTime:-0.041122s ]
INFO: Run WriteHtmlCache Behavior [ RunTime:-0.041794s ]
INFO: Run ShowRuntime Behavior [ RunTime:-0.042284s ]
INFO: [ view_filter ] --END-- [ RunTime:0.002549s ]
INFO: [ view_end ] --START--
INFO: Run ShowPageTrace Behavior [ RunTime:-0.043115s ]
INFO: [ view_end ] --END-- [ RunTime:0.000878s ]

[ 2015-06-23T22:34:56+08:00 ] 220.181.108.92 /
INFO: [ app_begin ] --START--
INFO: Run ReadHtmlCache Behavior [ RunTime:0.003051s ]
INFO: [ app_begin ] --END-- [ RunTime:0.003222s ]
SQL: SHOW COLUMNS FROM `wy_links` [ RunTime:0.008338s ]
SQL: SELECT * FROM `wy_links` WHERE ( `status` = 1 )  [ RunTime:0.000219s ]
NOTIC: [2] Cannot use a scalar value as an array D:\www\qmyx.wuyelaile.com\weiwincms\_Core\Lib\Core\View.class.php ç¬¬ 69 è¡Œ.
INFO: [ view_template ] --START--
INFO: Run LocationTemplate Behavior [ RunTime:-0.043129s ]
INFO: [ view_template ] --END-- [ RunTime:0.004985s ]
INFO: [ view_parse ] --START--
INFO: Run ParseTemplate Behavior [ RunTime:-0.048210s ]
INFO: [ view_parse ] --END-- [ RunTime:0.020873s ]
INFO: [ view_filter ] --START--
INFO: Run ContentReplace Behavior [ RunTime:-0.069152s ]
INFO: Run TokenBuild Behavior [ RunTime:-0.071741s ]
INFO: Run WriteHtmlCache Behavior [ RunTime:-0.074365s ]
INFO: Run ShowRuntime Behavior [ RunTime:-0.076799s ]
INFO: [ view_filter ] --END-- [ RunTime:0.010405s ]
INFO: [ view_end ] --START--
INFO: Run ShowPageTrace Behavior [ RunTime:-0.079656s ]
INFO: [ view_end ] --END-- [ RunTime:0.003362s ]

[ 2015-06-23T22:45:51+08:00 ] 112.247.87.18 /index.php?g=Wap&m=Agent&a=index&token=jeifef1412084627&from=timeline&isappinstalled=0
INFO: [ app_begin ] --START--
INFO: Run ReadHtmlCache Behavior [ RunTime:0.002838s ]
INFO: [ app_begin ] --END-- [ RunTime:0.003015s ]
SQL: SHOW COLUMNS FROM `wy_lpinfo` [ RunTime:0.011417s ]
SQL: SELECT * FROM `wy_lpinfo` WHERE ( `token` = 'jeifef1412084627' ) ORDER BY houseSort desc,id desc LIMIT 0,20   [ RunTime:0.001005s ]
NOTIC: [8] Undefined index:  wecha_id D:\www\qmyx.wuyelaile.com\weiwincms\Lib\Action\Wap\AgentAction.class.php ç¬¬ 29 è¡Œ.
SQL: SHOW COLUMNS FROM `wy_jjr` [ RunTime:0.010868s ]
SQL: SELECT * FROM `wy_jjr` WHERE ( `Wecha_id` = null ) AND ( `Token` = 'jeifef1412084627' ) LIMIT 1   [ RunTime:0.000246s ]
SQL: SHOW COLUMNS FROM `wy_share_content` [ RunTime:0.009979s ]
SQL: SELECT * FROM `wy_share_content` WHERE token='jeifef1412084627' LIMIT 1   [ RunTime:0.000278s ]
NOTIC: [2] Cannot use a scalar value as an array D:\www\qmyx.wuyelaile.com\weiwincms\_Core\Lib\Core\View.class.php ç¬¬ 69 è¡Œ.
INFO: [ view_template ] --START--
INFO: Run LocationTemplate Behavior [ RunTime:-0.076554s ]
INFO: [ view_template ] --END-- [ RunTime:0.004703s ]
INFO: [ view_parse ] --START--
NOTIC: [8] Undefined index:  wecha_id D:\www\qmyx.wuyelaile.com\weiwindata\logs\Cache\Wap\83c1e8c23d0efff676593c1e07496794.php ç¬¬ 68 è¡Œ.
NOTIC: [8] Undefined index:  wecha_id D:\www\qmyx.wuyelaile.com\weiwindata\logs\Cache\Wap\83c1e8c23d0efff676593c1e07496794.php ç¬¬ 73 è¡Œ.
NOTIC: [8] Undefined index:  wecha_id D:\www\qmyx.wuyelaile.com\weiwindata\logs\Cache\Wap\83c1e8c23d0efff676593c1e07496794.php ç¬¬ 76 è¡Œ.
NOTIC: [8] Undefined index:  wecha_id D:\www\qmyx.wuyelaile.com\weiwindata\logs\Cache\Wap\83c1e8c23d0efff676593c1e07496794.php ç¬¬ 79 è¡Œ.
NOTIC: [8] Undefined index:  wecha_id D:\www\qmyx.wuyelaile.com\weiwindata\logs\Cache\Wap\83c1e8c23d0efff676593c1e07496794.php ç¬¬ 82 è¡Œ.
NOTIC: [8] Undefined index:  wecha_id D:\www\qmyx.wuyelaile.com\weiwindata\logs\Cache\Wap\83c1e8c23d0efff676593c1e07496794.php ç¬¬ 85 è¡Œ.
NOTIC: [8] Undefined index:  wecha_id D:\www\qmyx.wuyelaile.com\weiwindata\logs\Cache\Wap\83c1e8c23d0efff676593c1e07496794.php ç¬¬ 88 è¡Œ.
NOTIC: [8] Undefined index:  wecha_id D:\www\qmyx.wuyelaile.com\weiwindata\logs\Cache\Wap\83c1e8c23d0efff676593c1e07496794.php ç¬¬ 97 è¡Œ.
NOTIC: [8] Undefined index:  wecha_id D:\www\qmyx.wuyelaile.com\weiwindata\logs\Cache\Wap\83c1e8c23d0efff676593c1e07496794.php ç¬¬ 97 è¡Œ.
NOTIC: [8] Undefined index:  wecha_id D:\www\qmyx.wuyelaile.com\weiwindata\logs\Cache\Wap\83c1e8c23d0efff676593c1e07496794.php ç¬¬ 97 è¡Œ.
NOTIC: [8] Undefined index:  wecha_id D:\www\qmyx.wuyelaile.com\weiwindata\logs\Cache\Wap\83c1e8c23d0efff676593c1e07496794.php ç¬¬ 97 è¡Œ.
NOTIC: [8] Undefined index:  wecha_id D:\www\qmyx.wuyelaile.com\weiwindata\logs\Cache\Wap\83c1e8c23d0efff676593c1e07496794.php ç¬¬ 97 è¡Œ.
NOTIC: [8] Undefined index:  wecha_id D:\www\qmyx.wuyelaile.com\weiwindata\logs\Cache\Wap\83c1e8c23d0efff676593c1e07496794.php ç¬¬ 97 è¡Œ.
NOTIC: [8] Undefined index:  wecha_id D:\www\qmyx.wuyelaile.com\weiwindata\logs\Cache\Wap\83c1e8c23d0efff676593c1e07496794.php ç¬¬ 97 è¡Œ.
NOTIC: [8] Undefined index:  wecha_id D:\www\qmyx.wuyelaile.com\weiwindata\logs\Cache\Wap\83c1e8c23d0efff676593c1e07496794.php ç¬¬ 97 è¡Œ.
NOTIC: [8] Undefined index:  wecha_id D:\www\qmyx.wuyelaile.com\weiwindata\logs\Cache\Wap\83c1e8c23d0efff676593c1e07496794.php ç¬¬ 97 è¡Œ.
NOTIC: [8] Undefined index:  wecha_id D:\www\qmyx.wuyelaile.com\weiwindata\logs\Cache\Wap\83c1e8c23d0efff676593c1e07496794.php ç¬¬ 97 è¡Œ.
NOTIC: [8] Undefined index:  wecha_id D:\www\qmyx.wuyelaile.com\weiwindata\logs\Cache\Wap\83c1e8c23d0efff676593c1e07496794.php ç¬¬ 138 è¡Œ.
NOTIC: [8] Undefined index:  wecha_id D:\www\qmyx.wuyelaile.com\weiwindata\logs\Cache\Wap\83c1e8c23d0efff676593c1e07496794.php ç¬¬ 152 è¡Œ.
INFO: Run ParseTemplate Behavior [ RunTime:-0.081383s ]
INFO: [ view_parse ] --END-- [ RunTime:0.042534s ]
INFO: [ view_filter ] --START--
INFO: Run ContentReplace Behavior [ RunTime:-0.124007s ]
INFO: Run TokenBuild Behavior [ RunTime:-0.127102s ]
INFO: Run WriteHtmlCache Behavior [ RunTime:-0.130363s ]
INFO: Run ShowRuntime Behavior [ RunTime:-0.133002s ]
INFO: [ view_filter ] --END-- [ RunTime:0.011835s ]
INFO: [ view_end ] --START--
INFO: Run ShowPageTrace Behavior [ RunTime:-0.135964s ]
INFO: [ view_end ] --END-- [ RunTime:0.002990s ]

[ 2015-06-23T22:45:51+08:00 ] 112.247.87.18 /index.php?g=Wap&m=Agent&a=index&token=jeifef1412084627&from=timeline&isappinstalled=0
NOTIC: [32] PHP Startup: Unable to load dynamic library 'D:\WebServer\php-5.2.5 (x64)\ext\php_fileinfo.dll' - ÕÒ²»µ½Ö¸¶¨µÄÄ£¿é¡£
 Unknown ç¬¬ 0 è¡Œ.

