[ 2015-07-30T14:36:11+08:00 ] 123.125.71.69 /
INFO: [ app_begin ] --START--
INFO: Run ReadHtmlCache Behavior [ RunTime:0.004702s ]
INFO: [ app_begin ] --END-- [ RunTime:0.004872s ]
SQL: SHOW COLUMNS FROM `wy_links` [ RunTime:0.116572s ]
SQL: SELECT * FROM `wy_links` WHERE ( `status` = 1 )  [ RunTime:0.000348s ]
NOTIC: [2] Cannot use a scalar value as an array D:\www\qmyx.wuyelaile.com\weiwincms\_Core\Lib\Core\View.class.php 第 69 行.
INFO: [ view_template ] --START--
INFO: Run LocationTemplate Behavior [ RunTime:-0.191520s ]
INFO: [ view_template ] --END-- [ RunTime:0.010664s ]
INFO: [ view_parse ] --START--
INFO: Run ParseTemplate Behavior [ RunTime:-0.202280s ]
INFO: [ view_parse ] --END-- [ RunTime:0.068839s ]
INFO: [ view_filter ] --START--
INFO: Run ContentReplace Behavior [ RunTime:-0.271198s ]
INFO: Run TokenBuild Behavior [ RunTime:-0.278235s ]
INFO: Run WriteHtmlCache Behavior [ RunTime:-0.284798s ]
INFO: Run ShowRuntime Behavior [ RunTime:-0.290477s ]
INFO: [ view_filter ] --END-- [ RunTime:0.025479s ]
INFO: [ view_end ] --START--
INFO: Run ShowPageTrace Behavior [ RunTime:-0.296782s ]
INFO: [ view_end ] --END-- [ RunTime:0.006850s ]

