[ 2015-09-25T03:56:44+08:00 ] 183.136.190.40 /
INFO: [ app_begin ] --START--
INFO: Run ReadHtmlCache Behavior [ RunTime:0.003686s ]
INFO: [ app_begin ] --END-- [ RunTime:0.003967s ]
SQL: SHOW COLUMNS FROM `wy_links` [ RunTime:0.131773s ]
SQL: SELECT * FROM `wy_links` WHERE ( `status` = 1 )  [ RunTime:0.000610s ]
NOTIC: [2] Cannot use a scalar value as an array D:\www\qmyx.wuyelaile.com\weiwincms\_Core\Lib\Core\View.class.php ç¬¬ 69 è¡Œ.
INFO: [ view_template ] --START--
INFO: Run LocationTemplate Behavior [ RunTime:-0.185193s ]
INFO: [ view_template ] --END-- [ RunTime:0.027138s ]
INFO: [ view_parse ] --START--
INFO: Run ParseTemplate Behavior [ RunTime:-0.212449s ]
INFO: [ view_parse ] --END-- [ RunTime:0.108862s ]
INFO: [ view_filter ] --START--
INFO: Run ContentReplace Behavior [ RunTime:-0.321460s ]
INFO: Run TokenBuild Behavior [ RunTime:-0.324046s ]
INFO: Run WriteHtmlCache Behavior [ RunTime:-0.326366s ]
INFO: Run ShowRuntime Behavior [ RunTime:-0.328129s ]
INFO: [ view_filter ] --END-- [ RunTime:0.008822s ]
INFO: [ view_end ] --START--
INFO: Run ShowPageTrace Behavior [ RunTime:-0.330376s ]
INFO: [ view_end ] --END-- [ RunTime:0.002281s ]

[ 2015-09-25T03:56:44+08:00 ] 183.136.190.40 /
NOTIC: [32] PHP Startup: Unable to load dynamic library 'D:\WebServer\php-5.2.5 (x64)\ext\php_fileinfo.dll' - ÕÒ²»µ½Ö¸¶¨µÄÄ£¿é¡£
 Unknown ç¬¬ 0 è¡Œ.

[ 2015-09-25T06:25:38+08:00 ] 121.42.0.38 /
INFO: [ app_begin ] --START--
INFO: Run ReadHtmlCache Behavior [ RunTime:0.003956s ]
INFO: [ app_begin ] --END-- [ RunTime:0.004194s ]
SQL: SHOW COLUMNS FROM `wy_links` [ RunTime:0.065593s ]
SQL: SELECT * FROM `wy_links` WHERE ( `status` = 1 )  [ RunTime:0.000213s ]
NOTIC: [2] Cannot use a scalar value as an array D:\www\qmyx.wuyelaile.com\weiwincms\_Core\Lib\Core\View.class.php ç¬¬ 69 è¡Œ.
INFO: [ view_template ] --START--
INFO: Run LocationTemplate Behavior [ RunTime:-0.117944s ]
INFO: [ view_template ] --END-- [ RunTime:0.025261s ]
INFO: [ view_parse ] --START--
INFO: Run ParseTemplate Behavior [ RunTime:-0.143302s ]
INFO: [ view_parse ] --END-- [ RunTime:0.058852s ]
INFO: [ view_filter ] --START--
INFO: Run ContentReplace Behavior [ RunTime:-0.202322s ]
INFO: Run TokenBuild Behavior [ RunTime:-0.204757s ]
INFO: Run WriteHtmlCache Behavior [ RunTime:-0.207387s ]
INFO: Run ShowRuntime Behavior [ RunTime:-0.210048s ]
INFO: [ view_filter ] --END-- [ RunTime:0.010165s ]
INFO: [ view_end ] --START--
INFO: Run ShowPageTrace Behavior [ RunTime:-0.212582s ]
INFO: [ view_end ] --END-- [ RunTime:0.002535s ]

[ 2015-09-25T11:11:21+08:00 ] 220.181.108.90 /
INFO: [ app_begin ] --START--
INFO: Run ReadHtmlCache Behavior [ RunTime:0.004424s ]
INFO: [ app_begin ] --END-- [ RunTime:0.004665s ]
SQL: SHOW COLUMNS FROM `wy_links` [ RunTime:0.078184s ]
SQL: SELECT * FROM `wy_links` WHERE ( `status` = 1 )  [ RunTime:0.000313s ]
NOTIC: [2] Cannot use a scalar value as an array D:\www\qmyx.wuyelaile.com\weiwincms\_Core\Lib\Core\View.class.php ç¬¬ 69 è¡Œ.
INFO: [ view_template ] --START--
INFO: Run LocationTemplate Behavior [ RunTime:-0.131915s ]
INFO: [ view_template ] --END-- [ RunTime:0.021897s ]
INFO: [ view_parse ] --START--
INFO: Run ParseTemplate Behavior [ RunTime:-0.153917s ]
INFO: [ view_parse ] --END-- [ RunTime:0.101543s ]
INFO: [ view_filter ] --START--
INFO: Run ContentReplace Behavior [ RunTime:-0.255654s ]
INFO: Run TokenBuild Behavior [ RunTime:-0.259207s ]
INFO: Run WriteHtmlCache Behavior [ RunTime:-0.262947s ]
INFO: Run ShowRuntime Behavior [ RunTime:-0.266176s ]
INFO: [ view_filter ] --END-- [ RunTime:0.013223s ]
INFO: [ view_end ] --START--
INFO: Run ShowPageTrace Behavior [ RunTime:-0.268973s ]
INFO: [ view_end ] --END-- [ RunTime:0.003473s ]

[ 2015-09-25T23:20:05+08:00 ] 111.36.118.192 /index.php?g=Wap&m=Agent&a=index&token=jeifef1412084627&from=timeline&isappinstalled=0
INFO: [ app_begin ] --START--
INFO: Run ReadHtmlCache Behavior [ RunTime:0.024309s ]
INFO: [ app_begin ] --END-- [ RunTime:0.024512s ]
SQL: SHOW COLUMNS FROM `wy_lpinfo` [ RunTime:0.382636s ]
SQL: SELECT * FROM `wy_lpinfo` WHERE ( `token` = 'jeifef1412084627' ) ORDER BY houseSort desc,id desc LIMIT 0,20   [ RunTime:0.002483s ]
NOTIC: [8] Undefined index:  wecha_id D:\www\qmyx.wuyelaile.com\weiwincms\Lib\Action\Wap\AgentAction.class.php ç¬¬ 29 è¡Œ.
SQL: SHOW COLUMNS FROM `wy_jjr` [ RunTime:0.050443s ]
SQL: SELECT * FROM `wy_jjr` WHERE ( `Wecha_id` = null ) AND ( `Token` = 'jeifef1412084627' ) LIMIT 1   [ RunTime:0.000997s ]
SQL: SHOW COLUMNS FROM `wy_share_content` [ RunTime:0.035727s ]
SQL: SELECT * FROM `wy_share_content` WHERE token='jeifef1412084627' LIMIT 1   [ RunTime:0.000412s ]
NOTIC: [2] Cannot use a scalar value as an array D:\www\qmyx.wuyelaile.com\weiwincms\_Core\Lib\Core\View.class.php ç¬¬ 69 è¡Œ.
INFO: [ view_template ] --START--
INFO: Run LocationTemplate Behavior [ RunTime:-0.621088s ]
INFO: [ view_template ] --END-- [ RunTime:0.068333s ]
INFO: [ view_parse ] --START--
NOTIC: [8] Undefined index:  wecha_id D:\www\qmyx.wuyelaile.com\weiwindata\logs\Cache\Wap\83c1e8c23d0efff676593c1e07496794.php ç¬¬ 68 è¡Œ.
NOTIC: [8] Undefined index:  wecha_id D:\www\qmyx.wuyelaile.com\weiwindata\logs\Cache\Wap\83c1e8c23d0efff676593c1e07496794.php ç¬¬ 73 è¡Œ.
NOTIC: [8] Undefined index:  wecha_id D:\www\qmyx.wuyelaile.com\weiwindata\logs\Cache\Wap\83c1e8c23d0efff676593c1e07496794.php ç¬¬ 76 è¡Œ.
NOTIC: [8] Undefined index:  wecha_id D:\www\qmyx.wuyelaile.com\weiwindata\logs\Cache\Wap\83c1e8c23d0efff676593c1e07496794.php ç¬¬ 79 è¡Œ.
NOTIC: [8] Undefined index:  wecha_id D:\www\qmyx.wuyelaile.com\weiwindata\logs\Cache\Wap\83c1e8c23d0efff676593c1e07496794.php ç¬¬ 82 è¡Œ.
NOTIC: [8] Undefined index:  wecha_id D:\www\qmyx.wuyelaile.com\weiwindata\logs\Cache\Wap\83c1e8c23d0efff676593c1e07496794.php ç¬¬ 85 è¡Œ.
NOTIC: [8] Undefined index:  wecha_id D:\www\qmyx.wuyelaile.com\weiwindata\logs\Cache\Wap\83c1e8c23d0efff676593c1e07496794.php ç¬¬ 88 è¡Œ.
NOTIC: [8] Undefined index:  wecha_id D:\www\qmyx.wuyelaile.com\weiwindata\logs\Cache\Wap\83c1e8c23d0efff676593c1e07496794.php ç¬¬ 97 è¡Œ.
NOTIC: [8] Undefined index:  wecha_id D:\www\qmyx.wuyelaile.com\weiwindata\logs\Cache\Wap\83c1e8c23d0efff676593c1e07496794.php ç¬¬ 97 è¡Œ.
NOTIC: [8] Undefined index:  wecha_id D:\www\qmyx.wuyelaile.com\weiwindata\logs\Cache\Wap\83c1e8c23d0efff676593c1e07496794.php ç¬¬ 97 è¡Œ.
NOTIC: [8] Undefined index:  wecha_id D:\www\qmyx.wuyelaile.com\weiwindata\logs\Cache\Wap\83c1e8c23d0efff676593c1e07496794.php ç¬¬ 97 è¡Œ.
NOTIC: [8] Undefined index:  wecha_id D:\www\qmyx.wuyelaile.com\weiwindata\logs\Cache\Wap\83c1e8c23d0efff676593c1e07496794.php ç¬¬ 97 è¡Œ.
NOTIC: [8] Undefined index:  wecha_id D:\www\qmyx.wuyelaile.com\weiwindata\logs\Cache\Wap\83c1e8c23d0efff676593c1e07496794.php ç¬¬ 97 è¡Œ.
NOTIC: [8] Undefined index:  wecha_id D:\www\qmyx.wuyelaile.com\weiwindata\logs\Cache\Wap\83c1e8c23d0efff676593c1e07496794.php ç¬¬ 97 è¡Œ.
NOTIC: [8] Undefined index:  wecha_id D:\www\qmyx.wuyelaile.com\weiwindata\logs\Cache\Wap\83c1e8c23d0efff676593c1e07496794.php ç¬¬ 97 è¡Œ.
NOTIC: [8] Undefined index:  wecha_id D:\www\qmyx.wuyelaile.com\weiwindata\logs\Cache\Wap\83c1e8c23d0efff676593c1e07496794.php ç¬¬ 97 è¡Œ.
NOTIC: [8] Undefined index:  wecha_id D:\www\qmyx.wuyelaile.com\weiwindata\logs\Cache\Wap\83c1e8c23d0efff676593c1e07496794.php ç¬¬ 97 è¡Œ.
NOTIC: [8] Undefined index:  wecha_id D:\www\qmyx.wuyelaile.com\weiwindata\logs\Cache\Wap\83c1e8c23d0efff676593c1e07496794.php ç¬¬ 138 è¡Œ.
NOTIC: [8] Undefined index:  wecha_id D:\www\qmyx.wuyelaile.com\weiwindata\logs\Cache\Wap\83c1e8c23d0efff676593c1e07496794.php ç¬¬ 152 è¡Œ.
INFO: Run ParseTemplate Behavior [ RunTime:-0.689532s ]
INFO: [ view_parse ] --END-- [ RunTime:0.129659s ]
INFO: [ view_filter ] --START--
INFO: Run ContentReplace Behavior [ RunTime:-0.819290s ]
INFO: Run TokenBuild Behavior [ RunTime:-0.821942s ]
INFO: Run WriteHtmlCache Behavior [ RunTime:-0.824243s ]
INFO: Run ShowRuntime Behavior [ RunTime:-0.825916s ]
INFO: [ view_filter ] --END-- [ RunTime:0.008685s ]
INFO: [ view_end ] --START--
INFO: Run ShowPageTrace Behavior [ RunTime:-0.828124s ]
INFO: [ view_end ] --END-- [ RunTime:0.002094s ]

[ 2015-09-25T23:20:05+08:00 ] 111.36.118.192 /index.php?g=Wap&m=Agent&a=index&token=jeifef1412084627&from=timeline&isappinstalled=0
NOTIC: [32] PHP Startup: Unable to load dynamic library 'D:\WebServer\php-5.2.5 (x64)\ext\php_fileinfo.dll' - ÕÒ²»µ½Ö¸¶¨µÄÄ£¿é¡£
 Unknown ç¬¬ 0 è¡Œ.

[ 2015-09-25T23:20:29+08:00 ] 111.36.118.192 /index.php?g=Wap&m=Agent&a=ajaxlp&token=jeifef1412084627&t=0.4796181279234588
INFO: [ app_begin ] --START--
INFO: Run ReadHtmlCache Behavior [ RunTime:0.000913s ]
INFO: [ app_begin ] --END-- [ RunTime:0.001108s ]
SQL: SHOW COLUMNS FROM `wy_lpinfo` [ RunTime:0.006343s ]
SQL: SELECT * FROM `wy_lpinfo` WHERE ( `token` = 'jeifef1412084627' ) ORDER BY id desc LIMIT 20,4   [ RunTime:0.000733s ]

[ 2015-09-25T23:20:34+08:00 ] 111.36.118.192 /index.php?g=Wap&m=Agent&a=register&token=jeifef1412084627
INFO: [ app_begin ] --START--
INFO: Run ReadHtmlCache Behavior [ RunTime:0.000802s ]
INFO: [ app_begin ] --END-- [ RunTime:0.000968s ]
NOTIC: [8] Undefined index:  wecha_id D:\www\qmyx.wuyelaile.com\weiwincms\Lib\Action\Wap\AgentAction.class.php ç¬¬ 130 è¡Œ.
SQL: SHOW COLUMNS FROM `wy_wxuser` [ RunTime:0.084133s ]
SQL: SELECT `wxname`,`headerpic` FROM `wy_wxuser` WHERE ( `token` = 'jeifef1412084627' ) LIMIT 1   [ RunTime:0.001796s ]
NOTIC: [2] Cannot use a scalar value as an array D:\www\qmyx.wuyelaile.com\weiwincms\_Core\Lib\Core\View.class.php ç¬¬ 69 è¡Œ.
INFO: [ view_template ] --START--
INFO: Run LocationTemplate Behavior [ RunTime:-0.105547s ]
INFO: [ view_template ] --END-- [ RunTime:0.001696s ]
INFO: [ view_parse ] --START--
INFO: Run ParseTemplate Behavior [ RunTime:-0.107330s ]
INFO: [ view_parse ] --END-- [ RunTime:0.068992s ]
INFO: [ view_filter ] --START--
INFO: Run ContentReplace Behavior [ RunTime:-0.176432s ]
INFO: Run TokenBuild Behavior [ RunTime:-0.176923s ]
INFO: Run WriteHtmlCache Behavior [ RunTime:-0.177407s ]
INFO: Run ShowRuntime Behavior [ RunTime:-0.177770s ]
INFO: [ view_filter ] --END-- [ RunTime:0.001937s ]
INFO: [ view_end ] --START--
INFO: Run ShowPageTrace Behavior [ RunTime:-0.178578s ]
INFO: [ view_end ] --END-- [ RunTime:0.000988s ]

