[ 2015-08-18T21:17:10+08:00 ] 123.125.71.106 /
INFO: [ app_begin ] --START--
INFO: Run ReadHtmlCache Behavior [ RunTime:0.004876s ]
INFO: [ app_begin ] --END-- [ RunTime:0.005037s ]
SQL: SHOW COLUMNS FROM `wy_links` [ RunTime:0.130027s ]
SQL: SELECT * FROM `wy_links` WHERE ( `status` = 1 )  [ RunTime:0.000383s ]
NOTIC: [2] Cannot use a scalar value as an array D:\www\qmyx.wuyelaile.com\weiwincms\_Core\Lib\Core\View.class.php 第 69 行.
INFO: [ view_template ] --START--
INFO: Run LocationTemplate Behavior [ RunTime:-0.432834s ]
INFO: [ view_template ] --END-- [ RunTime:0.037447s ]
INFO: [ view_parse ] --START--
INFO: Run ParseTemplate Behavior [ RunTime:-0.470379s ]
INFO: [ view_parse ] --END-- [ RunTime:0.140989s ]
INFO: [ view_filter ] --START--
INFO: Run ContentReplace Behavior [ RunTime:-0.611557s ]
INFO: Run TokenBuild Behavior [ RunTime:-0.615502s ]
INFO: Run WriteHtmlCache Behavior [ RunTime:-0.619120s ]
INFO: Run ShowRuntime Behavior [ RunTime:-0.621912s ]
INFO: [ view_filter ] --END-- [ RunTime:0.013063s ]
INFO: [ view_end ] --START--
INFO: Run ShowPageTrace Behavior [ RunTime:-0.624790s ]
INFO: [ view_end ] --END-- [ RunTime:0.003005s ]

[ 2015-08-18T21:56:45+08:00 ] 112.37.249.234 /index.php?g=Wap&m=Agent&a=index&token=jeifef1412084627&from=timeline&isappinstalled=0
INFO: [ app_begin ] --START--
INFO: Run ReadHtmlCache Behavior [ RunTime:0.001566s ]
INFO: [ app_begin ] --END-- [ RunTime:0.001719s ]
SQL: SHOW COLUMNS FROM `wy_lpinfo` [ RunTime:0.095591s ]
SQL: SELECT * FROM `wy_lpinfo` WHERE ( `token` = 'jeifef1412084627' ) ORDER BY houseSort desc,id desc LIMIT 0,20   [ RunTime:0.002541s ]
NOTIC: [8] Undefined index:  wecha_id D:\www\qmyx.wuyelaile.com\weiwincms\Lib\Action\Wap\AgentAction.class.php 第 29 行.
SQL: SHOW COLUMNS FROM `wy_jjr` [ RunTime:0.065868s ]
SQL: SELECT * FROM `wy_jjr` WHERE ( `Wecha_id` = null ) AND ( `Token` = 'jeifef1412084627' ) LIMIT 1   [ RunTime:0.000718s ]
SQL: SHOW COLUMNS FROM `wy_share_content` [ RunTime:0.055873s ]
SQL: SELECT * FROM `wy_share_content` WHERE token='jeifef1412084627' LIMIT 1   [ RunTime:0.000469s ]
NOTIC: [2] Cannot use a scalar value as an array D:\www\qmyx.wuyelaile.com\weiwincms\_Core\Lib\Core\View.class.php 第 69 行.
INFO: [ view_template ] --START--
INFO: Run LocationTemplate Behavior [ RunTime:-0.445360s ]
INFO: [ view_template ] --END-- [ RunTime:0.012245s ]
INFO: [ view_parse ] --START--
NOTIC: [8] Undefined index:  wecha_id D:\www\qmyx.wuyelaile.com\weiwindata\logs\Cache\Wap\83c1e8c23d0efff676593c1e07496794.php 第 68 行.
NOTIC: [8] Undefined index:  wecha_id D:\www\qmyx.wuyelaile.com\weiwindata\logs\Cache\Wap\83c1e8c23d0efff676593c1e07496794.php 第 73 行.
NOTIC: [8] Undefined index:  wecha_id D:\www\qmyx.wuyelaile.com\weiwindata\logs\Cache\Wap\83c1e8c23d0efff676593c1e07496794.php 第 76 行.
NOTIC: [8] Undefined index:  wecha_id D:\www\qmyx.wuyelaile.com\weiwindata\logs\Cache\Wap\83c1e8c23d0efff676593c1e07496794.php 第 79 行.
NOTIC: [8] Undefined index:  wecha_id D:\www\qmyx.wuyelaile.com\weiwindata\logs\Cache\Wap\83c1e8c23d0efff676593c1e07496794.php 第 82 行.
NOTIC: [8] Undefined index:  wecha_id D:\www\qmyx.wuyelaile.com\weiwindata\logs\Cache\Wap\83c1e8c23d0efff676593c1e07496794.php 第 85 行.
NOTIC: [8] Undefined index:  wecha_id D:\www\qmyx.wuyelaile.com\weiwindata\logs\Cache\Wap\83c1e8c23d0efff676593c1e07496794.php 第 88 行.
NOTIC: [8] Undefined index:  wecha_id D:\www\qmyx.wuyelaile.com\weiwindata\logs\Cache\Wap\83c1e8c23d0efff676593c1e07496794.php 第 97 行.
NOTIC: [8] Undefined index:  wecha_id D:\www\qmyx.wuyelaile.com\weiwindata\logs\Cache\Wap\83c1e8c23d0efff676593c1e07496794.php 第 97 行.
NOTIC: [8] Undefined index:  wecha_id D:\www\qmyx.wuyelaile.com\weiwindata\logs\Cache\Wap\83c1e8c23d0efff676593c1e07496794.php 第 97 行.
NOTIC: [8] Undefined index:  wecha_id D:\www\qmyx.wuyelaile.com\weiwindata\logs\Cache\Wap\83c1e8c23d0efff676593c1e07496794.php 第 97 行.
NOTIC: [8] Undefined index:  wecha_id D:\www\qmyx.wuyelaile.com\weiwindata\logs\Cache\Wap\83c1e8c23d0efff676593c1e07496794.php 第 97 行.
NOTIC: [8] Undefined index:  wecha_id D:\www\qmyx.wuyelaile.com\weiwindata\logs\Cache\Wap\83c1e8c23d0efff676593c1e07496794.php 第 97 行.
NOTIC: [8] Undefined index:  wecha_id D:\www\qmyx.wuyelaile.com\weiwindata\logs\Cache\Wap\83c1e8c23d0efff676593c1e07496794.php 第 97 行.
NOTIC: [8] Undefined index:  wecha_id D:\www\qmyx.wuyelaile.com\weiwindata\logs\Cache\Wap\83c1e8c23d0efff676593c1e07496794.php 第 97 行.
NOTIC: [8] Undefined index:  wecha_id D:\www\qmyx.wuyelaile.com\weiwindata\logs\Cache\Wap\83c1e8c23d0efff676593c1e07496794.php 第 97 行.
NOTIC: [8] Undefined index:  wecha_id D:\www\qmyx.wuyelaile.com\weiwindata\logs\Cache\Wap\83c1e8c23d0efff676593c1e07496794.php 第 97 行.
NOTIC: [8] Undefined index:  wecha_id D:\www\qmyx.wuyelaile.com\weiwindata\logs\Cache\Wap\83c1e8c23d0efff676593c1e07496794.php 第 138 行.
NOTIC: [8] Undefined index:  wecha_id D:\www\qmyx.wuyelaile.com\weiwindata\logs\Cache\Wap\83c1e8c23d0efff676593c1e07496794.php 第 152 行.
INFO: Run ParseTemplate Behavior [ RunTime:-0.457709s ]
INFO: [ view_parse ] --END-- [ RunTime:0.149877s ]
INFO: [ view_filter ] --START--
INFO: Run ContentReplace Behavior [ RunTime:-0.607663s ]
INFO: Run TokenBuild Behavior [ RunTime:-0.609377s ]
INFO: Run WriteHtmlCache Behavior [ RunTime:-0.611127s ]
INFO: Run ShowRuntime Behavior [ RunTime:-0.612532s ]
INFO: [ view_filter ] --END-- [ RunTime:0.006542s ]
INFO: [ view_end ] --START--
INFO: Run ShowPageTrace Behavior [ RunTime:-0.614327s ]
INFO: [ view_end ] --END-- [ RunTime:0.001746s ]

