[ 2015-06-29T12:39:19+08:00 ] 220.181.108.152 /
INFO: [ app_begin ] --START--
INFO: Run ReadHtmlCache Behavior [ RunTime:0.006058s ]
INFO: [ app_begin ] --END-- [ RunTime:0.006244s ]
SQL: SHOW COLUMNS FROM `wy_links` [ RunTime:0.038971s ]
SQL: SELECT * FROM `wy_links` WHERE ( `status` = 1 )  [ RunTime:0.000429s ]
NOTIC: [2] Cannot use a scalar value as an array D:\www\qmyx.wuyelaile.com\weiwincms\_Core\Lib\Core\View.class.php ç¬¬ 69 è¡Œ.
INFO: [ view_template ] --START--
INFO: Run LocationTemplate Behavior [ RunTime:-0.111680s ]
INFO: [ view_template ] --END-- [ RunTime:0.008788s ]
INFO: [ view_parse ] --START--
INFO: Run ParseTemplate Behavior [ RunTime:-0.120561s ]
INFO: [ view_parse ] --END-- [ RunTime:0.065643s ]
INFO: [ view_filter ] --START--
INFO: Run ContentReplace Behavior [ RunTime:-0.186327s ]
INFO: Run TokenBuild Behavior [ RunTime:-0.192014s ]
INFO: Run WriteHtmlCache Behavior [ RunTime:-0.197543s ]
INFO: Run ShowRuntime Behavior [ RunTime:-0.202768s ]
INFO: [ view_filter ] --END-- [ RunTime:0.022226s ]
INFO: [ view_end ] --START--
INFO: Run ShowPageTrace Behavior [ RunTime:-0.208655s ]
INFO: [ view_end ] --END-- [ RunTime:0.006089s ]

[ 2015-06-29T14:44:10+08:00 ] 223.96.59.123 /index.php?g=Wap&m=Agent&a=index&token=jeifef1412084627&from=timeline&isappinstalled=0
INFO: [ app_begin ] --START--
INFO: Run ReadHtmlCache Behavior [ RunTime:0.002827s ]
INFO: [ app_begin ] --END-- [ RunTime:0.003010s ]
SQL: SHOW COLUMNS FROM `wy_lpinfo` [ RunTime:0.067116s ]
SQL: SELECT * FROM `wy_lpinfo` WHERE ( `token` = 'jeifef1412084627' ) ORDER BY houseSort desc,id desc LIMIT 0,20   [ RunTime:0.002480s ]
NOTIC: [8] Undefined index:  wecha_id D:\www\qmyx.wuyelaile.com\weiwincms\Lib\Action\Wap\AgentAction.class.php ç¬¬ 29 è¡Œ.
SQL: SHOW COLUMNS FROM `wy_jjr` [ RunTime:0.060574s ]
SQL: SELECT * FROM `wy_jjr` WHERE ( `Wecha_id` = null ) AND ( `Token` = 'jeifef1412084627' ) LIMIT 1   [ RunTime:0.000817s ]
SQL: SHOW COLUMNS FROM `wy_share_content` [ RunTime:0.032086s ]
SQL: SELECT * FROM `wy_share_content` WHERE token='jeifef1412084627' LIMIT 1   [ RunTime:0.000419s ]
NOTIC: [2] Cannot use a scalar value as an array D:\www\qmyx.wuyelaile.com\weiwincms\_Core\Lib\Core\View.class.php ç¬¬ 69 è¡Œ.
INFO: [ view_template ] --START--
INFO: Run LocationTemplate Behavior [ RunTime:-0.281894s ]
INFO: [ view_template ] --END-- [ RunTime:0.005541s ]
INFO: [ view_parse ] --START--
NOTIC: [8] Undefined index:  wecha_id D:\www\qmyx.wuyelaile.com\weiwindata\logs\Cache\Wap\83c1e8c23d0efff676593c1e07496794.php ç¬¬ 68 è¡Œ.
NOTIC: [8] Undefined index:  wecha_id D:\www\qmyx.wuyelaile.com\weiwindata\logs\Cache\Wap\83c1e8c23d0efff676593c1e07496794.php ç¬¬ 73 è¡Œ.
NOTIC: [8] Undefined index:  wecha_id D:\www\qmyx.wuyelaile.com\weiwindata\logs\Cache\Wap\83c1e8c23d0efff676593c1e07496794.php ç¬¬ 76 è¡Œ.
NOTIC: [8] Undefined index:  wecha_id D:\www\qmyx.wuyelaile.com\weiwindata\logs\Cache\Wap\83c1e8c23d0efff676593c1e07496794.php ç¬¬ 79 è¡Œ.
NOTIC: [8] Undefined index:  wecha_id D:\www\qmyx.wuyelaile.com\weiwindata\logs\Cache\Wap\83c1e8c23d0efff676593c1e07496794.php ç¬¬ 82 è¡Œ.
NOTIC: [8] Undefined index:  wecha_id D:\www\qmyx.wuyelaile.com\weiwindata\logs\Cache\Wap\83c1e8c23d0efff676593c1e07496794.php ç¬¬ 85 è¡Œ.
NOTIC: [8] Undefined index:  wecha_id D:\www\qmyx.wuyelaile.com\weiwindata\logs\Cache\Wap\83c1e8c23d0efff676593c1e07496794.php ç¬¬ 88 è¡Œ.
NOTIC: [8] Undefined index:  wecha_id D:\www\qmyx.wuyelaile.com\weiwindata\logs\Cache\Wap\83c1e8c23d0efff676593c1e07496794.php ç¬¬ 97 è¡Œ.
NOTIC: [8] Undefined index:  wecha_id D:\www\qmyx.wuyelaile.com\weiwindata\logs\Cache\Wap\83c1e8c23d0efff676593c1e07496794.php ç¬¬ 97 è¡Œ.
NOTIC: [8] Undefined index:  wecha_id D:\www\qmyx.wuyelaile.com\weiwindata\logs\Cache\Wap\83c1e8c23d0efff676593c1e07496794.php ç¬¬ 97 è¡Œ.
NOTIC: [8] Undefined index:  wecha_id D:\www\qmyx.wuyelaile.com\weiwindata\logs\Cache\Wap\83c1e8c23d0efff676593c1e07496794.php ç¬¬ 97 è¡Œ.
NOTIC: [8] Undefined index:  wecha_id D:\www\qmyx.wuyelaile.com\weiwindata\logs\Cache\Wap\83c1e8c23d0efff676593c1e07496794.php ç¬¬ 97 è¡Œ.
NOTIC: [8] Undefined index:  wecha_id D:\www\qmyx.wuyelaile.com\weiwindata\logs\Cache\Wap\83c1e8c23d0efff676593c1e07496794.php ç¬¬ 97 è¡Œ.
NOTIC: [8] Undefined index:  wecha_id D:\www\qmyx.wuyelaile.com\weiwindata\logs\Cache\Wap\83c1e8c23d0efff676593c1e07496794.php ç¬¬ 97 è¡Œ.
NOTIC: [8] Undefined index:  wecha_id D:\www\qmyx.wuyelaile.com\weiwindata\logs\Cache\Wap\83c1e8c23d0efff676593c1e07496794.php ç¬¬ 97 è¡Œ.
NOTIC: [8] Undefined index:  wecha_id D:\www\qmyx.wuyelaile.com\weiwindata\logs\Cache\Wap\83c1e8c23d0efff676593c1e07496794.php ç¬¬ 97 è¡Œ.
NOTIC: [8] Undefined index:  wecha_id D:\www\qmyx.wuyelaile.com\weiwindata\logs\Cache\Wap\83c1e8c23d0efff676593c1e07496794.php ç¬¬ 97 è¡Œ.
NOTIC: [8] Undefined index:  wecha_id D:\www\qmyx.wuyelaile.com\weiwindata\logs\Cache\Wap\83c1e8c23d0efff676593c1e07496794.php ç¬¬ 138 è¡Œ.
NOTIC: [8] Undefined index:  wecha_id D:\www\qmyx.wuyelaile.com\weiwindata\logs\Cache\Wap\83c1e8c23d0efff676593c1e07496794.php ç¬¬ 152 è¡Œ.
INFO: Run ParseTemplate Behavior [ RunTime:-0.287561s ]
INFO: [ view_parse ] --END-- [ RunTime:0.149216s ]
INFO: [ view_filter ] --START--
INFO: Run ContentReplace Behavior [ RunTime:-0.437102s ]
INFO: Run TokenBuild Behavior [ RunTime:-0.442734s ]
INFO: Run WriteHtmlCache Behavior [ RunTime:-0.446849s ]
INFO: Run ShowRuntime Behavior [ RunTime:-0.452468s ]
INFO: [ view_filter ] --END-- [ RunTime:0.021720s ]
INFO: [ view_end ] --START--
INFO: Run ShowPageTrace Behavior [ RunTime:-0.458682s ]
INFO: [ view_end ] --END-- [ RunTime:0.005673s ]

[ 2015-06-29T14:44:10+08:00 ] 223.96.59.123 /index.php?g=Wap&m=Agent&a=index&token=jeifef1412084627&from=timeline&isappinstalled=0
NOTIC: [32] PHP Startup: Unable to load dynamic library 'D:\WebServer\php-5.2.5 (x64)\ext\php_fileinfo.dll' - ÕÒ²»µ½Ö¸¶¨µÄÄ£¿é¡£
 Unknown ç¬¬ 0 è¡Œ.

[ 2015-06-29T18:08:48+08:00 ] 27.220.166.240 /index.php?g=Wap&m=Agent&a=index&token=jeifef1412084627&from=timeline&isappinstalled=0
INFO: [ app_begin ] --START--
INFO: Run ReadHtmlCache Behavior [ RunTime:0.005183s ]
INFO: [ app_begin ] --END-- [ RunTime:0.005421s ]
SQL: SHOW COLUMNS FROM `wy_lpinfo` [ RunTime:0.009669s ]
SQL: SELECT * FROM `wy_lpinfo` WHERE ( `token` = 'jeifef1412084627' ) ORDER BY houseSort desc,id desc LIMIT 0,20   [ RunTime:0.001386s ]
NOTIC: [8] Undefined index:  wecha_id D:\www\qmyx.wuyelaile.com\weiwincms\Lib\Action\Wap\AgentAction.class.php ç¬¬ 29 è¡Œ.
SQL: SHOW COLUMNS FROM `wy_jjr` [ RunTime:0.010573s ]
SQL: SELECT * FROM `wy_jjr` WHERE ( `Wecha_id` = null ) AND ( `Token` = 'jeifef1412084627' ) LIMIT 1   [ RunTime:0.000236s ]
SQL: SHOW COLUMNS FROM `wy_share_content` [ RunTime:0.010208s ]
SQL: SELECT * FROM `wy_share_content` WHERE token='jeifef1412084627' LIMIT 1   [ RunTime:0.000209s ]
NOTIC: [2] Cannot use a scalar value as an array D:\www\qmyx.wuyelaile.com\weiwincms\_Core\Lib\Core\View.class.php ç¬¬ 69 è¡Œ.
INFO: [ view_template ] --START--
INFO: Run LocationTemplate Behavior [ RunTime:-0.088964s ]
INFO: [ view_template ] --END-- [ RunTime:0.008053s ]
INFO: [ view_parse ] --START--
NOTIC: [8] Undefined index:  wecha_id D:\www\qmyx.wuyelaile.com\weiwindata\logs\Cache\Wap\83c1e8c23d0efff676593c1e07496794.php ç¬¬ 68 è¡Œ.
NOTIC: [8] Undefined index:  wecha_id D:\www\qmyx.wuyelaile.com\weiwindata\logs\Cache\Wap\83c1e8c23d0efff676593c1e07496794.php ç¬¬ 73 è¡Œ.
NOTIC: [8] Undefined index:  wecha_id D:\www\qmyx.wuyelaile.com\weiwindata\logs\Cache\Wap\83c1e8c23d0efff676593c1e07496794.php ç¬¬ 76 è¡Œ.
NOTIC: [8] Undefined index:  wecha_id D:\www\qmyx.wuyelaile.com\weiwindata\logs\Cache\Wap\83c1e8c23d0efff676593c1e07496794.php ç¬¬ 79 è¡Œ.
NOTIC: [8] Undefined index:  wecha_id D:\www\qmyx.wuyelaile.com\weiwindata\logs\Cache\Wap\83c1e8c23d0efff676593c1e07496794.php ç¬¬ 82 è¡Œ.
NOTIC: [8] Undefined index:  wecha_id D:\www\qmyx.wuyelaile.com\weiwindata\logs\Cache\Wap\83c1e8c23d0efff676593c1e07496794.php ç¬¬ 85 è¡Œ.
NOTIC: [8] Undefined index:  wecha_id D:\www\qmyx.wuyelaile.com\weiwindata\logs\Cache\Wap\83c1e8c23d0efff676593c1e07496794.php ç¬¬ 88 è¡Œ.
NOTIC: [8] Undefined index:  wecha_id D:\www\qmyx.wuyelaile.com\weiwindata\logs\Cache\Wap\83c1e8c23d0efff676593c1e07496794.php ç¬¬ 97 è¡Œ.
NOTIC: [8] Undefined index:  wecha_id D:\www\qmyx.wuyelaile.com\weiwindata\logs\Cache\Wap\83c1e8c23d0efff676593c1e07496794.php ç¬¬ 97 è¡Œ.
NOTIC: [8] Undefined index:  wecha_id D:\www\qmyx.wuyelaile.com\weiwindata\logs\Cache\Wap\83c1e8c23d0efff676593c1e07496794.php ç¬¬ 97 è¡Œ.
NOTIC: [8] Undefined index:  wecha_id D:\www\qmyx.wuyelaile.com\weiwindata\logs\Cache\Wap\83c1e8c23d0efff676593c1e07496794.php ç¬¬ 97 è¡Œ.
NOTIC: [8] Undefined index:  wecha_id D:\www\qmyx.wuyelaile.com\weiwindata\logs\Cache\Wap\83c1e8c23d0efff676593c1e07496794.php ç¬¬ 97 è¡Œ.
NOTIC: [8] Undefined index:  wecha_id D:\www\qmyx.wuyelaile.com\weiwindata\logs\Cache\Wap\83c1e8c23d0efff676593c1e07496794.php ç¬¬ 97 è¡Œ.
NOTIC: [8] Undefined index:  wecha_id D:\www\qmyx.wuyelaile.com\weiwindata\logs\Cache\Wap\83c1e8c23d0efff676593c1e07496794.php ç¬¬ 97 è¡Œ.
NOTIC: [8] Undefined index:  wecha_id D:\www\qmyx.wuyelaile.com\weiwindata\logs\Cache\Wap\83c1e8c23d0efff676593c1e07496794.php ç¬¬ 97 è¡Œ.
NOTIC: [8] Undefined index:  wecha_id D:\www\qmyx.wuyelaile.com\weiwindata\logs\Cache\Wap\83c1e8c23d0efff676593c1e07496794.php ç¬¬ 97 è¡Œ.
NOTIC: [8] Undefined index:  wecha_id D:\www\qmyx.wuyelaile.com\weiwindata\logs\Cache\Wap\83c1e8c23d0efff676593c1e07496794.php ç¬¬ 97 è¡Œ.
NOTIC: [8] Undefined index:  wecha_id D:\www\qmyx.wuyelaile.com\weiwindata\logs\Cache\Wap\83c1e8c23d0efff676593c1e07496794.php ç¬¬ 138 è¡Œ.
NOTIC: [8] Undefined index:  wecha_id D:\www\qmyx.wuyelaile.com\weiwindata\logs\Cache\Wap\83c1e8c23d0efff676593c1e07496794.php ç¬¬ 152 è¡Œ.
INFO: Run ParseTemplate Behavior [ RunTime:-0.097134s ]
INFO: [ view_parse ] --END-- [ RunTime:0.049645s ]
INFO: [ view_filter ] --START--
INFO: Run ContentReplace Behavior [ RunTime:-0.146867s ]
INFO: Run TokenBuild Behavior [ RunTime:-0.152475s ]
INFO: Run WriteHtmlCache Behavior [ RunTime:-0.157799s ]
INFO: Run ShowRuntime Behavior [ RunTime:-0.162566s ]
INFO: [ view_filter ] --END-- [ RunTime:0.020979s ]
INFO: [ view_end ] --START--
INFO: Run ShowPageTrace Behavior [ RunTime:-0.167991s ]
INFO: [ view_end ] --END-- [ RunTime:0.005146s ]

[ 2015-06-29T18:08:48+08:00 ] 140.207.185.126 /
INFO: [ app_begin ] --START--
INFO: Run ReadHtmlCache Behavior [ RunTime:0.004053s ]
INFO: [ app_begin ] --END-- [ RunTime:0.004321s ]
SQL: SHOW COLUMNS FROM `wy_links` [ RunTime:0.012704s ]
SQL: SELECT * FROM `wy_links` WHERE ( `status` = 1 )  [ RunTime:0.000376s ]
NOTIC: [2] Cannot use a scalar value as an array D:\www\qmyx.wuyelaile.com\weiwincms\_Core\Lib\Core\View.class.php ç¬¬ 69 è¡Œ.
INFO: [ view_template ] --START--
INFO: Run LocationTemplate Behavior [ RunTime:-0.066644s ]
INFO: [ view_template ] --END-- [ RunTime:0.008319s ]
INFO: [ view_parse ] --START--
INFO: Run ParseTemplate Behavior [ RunTime:-0.075051s ]
INFO: [ view_parse ] --END-- [ RunTime:0.036620s ]
INFO: [ view_filter ] --START--
INFO: Run ContentReplace Behavior [ RunTime:-0.111796s ]
INFO: Run TokenBuild Behavior [ RunTime:-0.117308s ]
INFO: Run WriteHtmlCache Behavior [ RunTime:-0.123141s ]
INFO: Run ShowRuntime Behavior [ RunTime:-0.128810s ]
INFO: [ view_filter ] --END-- [ RunTime:0.022877s ]
INFO: [ view_end ] --START--
INFO: Run ShowPageTrace Behavior [ RunTime:-0.134782s ]
INFO: [ view_end ] --END-- [ RunTime:0.005761s ]

[ 2015-06-29T18:08:57+08:00 ] 183.195.232.17 /
INFO: [ app_begin ] --START--
INFO: Run ReadHtmlCache Behavior [ RunTime:0.004583s ]
INFO: [ app_begin ] --END-- [ RunTime:0.004736s ]
SQL: SHOW COLUMNS FROM `wy_links` [ RunTime:0.008777s ]
SQL: SELECT * FROM `wy_links` WHERE ( `status` = 1 )  [ RunTime:0.000207s ]
NOTIC: [2] Cannot use a scalar value as an array D:\www\qmyx.wuyelaile.com\weiwincms\_Core\Lib\Core\View.class.php ç¬¬ 69 è¡Œ.
INFO: [ view_template ] --START--
INFO: Run LocationTemplate Behavior [ RunTime:-0.057513s ]
INFO: [ view_template ] --END-- [ RunTime:0.007431s ]
INFO: [ view_parse ] --START--
INFO: Run ParseTemplate Behavior [ RunTime:-0.065031s ]
INFO: [ view_parse ] --END-- [ RunTime:0.043267s ]
INFO: [ view_filter ] --START--
INFO: Run ContentReplace Behavior [ RunTime:-0.108381s ]
INFO: Run TokenBuild Behavior [ RunTime:-0.113011s ]
INFO: Run WriteHtmlCache Behavior [ RunTime:-0.117626s ]
INFO: Run ShowRuntime Behavior [ RunTime:-0.122059s ]
INFO: [ view_filter ] --END-- [ RunTime:0.018279s ]
INFO: [ view_end ] --START--
INFO: Run ShowPageTrace Behavior [ RunTime:-0.126760s ]
INFO: [ view_end ] --END-- [ RunTime:0.005611s ]

[ 2015-06-29T19:27:03+08:00 ] 111.37.24.223 /index.php?g=Wap&m=Agent&a=index&token=jeifef1412084627&from=timeline&isappinstalled=0
INFO: [ app_begin ] --START--
INFO: Run ReadHtmlCache Behavior [ RunTime:0.003138s ]
INFO: [ app_begin ] --END-- [ RunTime:0.003343s ]
SQL: SHOW COLUMNS FROM `wy_lpinfo` [ RunTime:0.011268s ]
SQL: SELECT * FROM `wy_lpinfo` WHERE ( `token` = 'jeifef1412084627' ) ORDER BY houseSort desc,id desc LIMIT 0,20   [ RunTime:0.001553s ]
NOTIC: [8] Undefined index:  wecha_id D:\www\qmyx.wuyelaile.com\weiwincms\Lib\Action\Wap\AgentAction.class.php ç¬¬ 29 è¡Œ.
SQL: SHOW COLUMNS FROM `wy_jjr` [ RunTime:0.012268s ]
SQL: SELECT * FROM `wy_jjr` WHERE ( `Wecha_id` = null ) AND ( `Token` = 'jeifef1412084627' ) LIMIT 1   [ RunTime:0.000263s ]
SQL: SHOW COLUMNS FROM `wy_share_content` [ RunTime:0.011634s ]
SQL: SELECT * FROM `wy_share_content` WHERE token='jeifef1412084627' LIMIT 1   [ RunTime:0.000261s ]
NOTIC: [2] Cannot use a scalar value as an array D:\www\qmyx.wuyelaile.com\weiwincms\_Core\Lib\Core\View.class.php ç¬¬ 69 è¡Œ.
INFO: [ view_template ] --START--
INFO: Run LocationTemplate Behavior [ RunTime:-0.083550s ]
INFO: [ view_template ] --END-- [ RunTime:0.004761s ]
INFO: [ view_parse ] --START--
NOTIC: [8] Undefined index:  wecha_id D:\www\qmyx.wuyelaile.com\weiwindata\logs\Cache\Wap\83c1e8c23d0efff676593c1e07496794.php ç¬¬ 68 è¡Œ.
NOTIC: [8] Undefined index:  wecha_id D:\www\qmyx.wuyelaile.com\weiwindata\logs\Cache\Wap\83c1e8c23d0efff676593c1e07496794.php ç¬¬ 73 è¡Œ.
NOTIC: [8] Undefined index:  wecha_id D:\www\qmyx.wuyelaile.com\weiwindata\logs\Cache\Wap\83c1e8c23d0efff676593c1e07496794.php ç¬¬ 76 è¡Œ.
NOTIC: [8] Undefined index:  wecha_id D:\www\qmyx.wuyelaile.com\weiwindata\logs\Cache\Wap\83c1e8c23d0efff676593c1e07496794.php ç¬¬ 79 è¡Œ.
NOTIC: [8] Undefined index:  wecha_id D:\www\qmyx.wuyelaile.com\weiwindata\logs\Cache\Wap\83c1e8c23d0efff676593c1e07496794.php ç¬¬ 82 è¡Œ.
NOTIC: [8] Undefined index:  wecha_id D:\www\qmyx.wuyelaile.com\weiwindata\logs\Cache\Wap\83c1e8c23d0efff676593c1e07496794.php ç¬¬ 85 è¡Œ.
NOTIC: [8] Undefined index:  wecha_id D:\www\qmyx.wuyelaile.com\weiwindata\logs\Cache\Wap\83c1e8c23d0efff676593c1e07496794.php ç¬¬ 88 è¡Œ.
NOTIC: [8] Undefined index:  wecha_id D:\www\qmyx.wuyelaile.com\weiwindata\logs\Cache\Wap\83c1e8c23d0efff676593c1e07496794.php ç¬¬ 97 è¡Œ.
NOTIC: [8] Undefined index:  wecha_id D:\www\qmyx.wuyelaile.com\weiwindata\logs\Cache\Wap\83c1e8c23d0efff676593c1e07496794.php ç¬¬ 97 è¡Œ.
NOTIC: [8] Undefined index:  wecha_id D:\www\qmyx.wuyelaile.com\weiwindata\logs\Cache\Wap\83c1e8c23d0efff676593c1e07496794.php ç¬¬ 97 è¡Œ.
NOTIC: [8] Undefined index:  wecha_id D:\www\qmyx.wuyelaile.com\weiwindata\logs\Cache\Wap\83c1e8c23d0efff676593c1e07496794.php ç¬¬ 97 è¡Œ.
NOTIC: [8] Undefined index:  wecha_id D:\www\qmyx.wuyelaile.com\weiwindata\logs\Cache\Wap\83c1e8c23d0efff676593c1e07496794.php ç¬¬ 97 è¡Œ.
NOTIC: [8] Undefined index:  wecha_id D:\www\qmyx.wuyelaile.com\weiwindata\logs\Cache\Wap\83c1e8c23d0efff676593c1e07496794.php ç¬¬ 97 è¡Œ.
NOTIC: [8] Undefined index:  wecha_id D:\www\qmyx.wuyelaile.com\weiwindata\logs\Cache\Wap\83c1e8c23d0efff676593c1e07496794.php ç¬¬ 97 è¡Œ.
NOTIC: [8] Undefined index:  wecha_id D:\www\qmyx.wuyelaile.com\weiwindata\logs\Cache\Wap\83c1e8c23d0efff676593c1e07496794.php ç¬¬ 97 è¡Œ.
NOTIC: [8] Undefined index:  wecha_id D:\www\qmyx.wuyelaile.com\weiwindata\logs\Cache\Wap\83c1e8c23d0efff676593c1e07496794.php ç¬¬ 97 è¡Œ.
NOTIC: [8] Undefined index:  wecha_id D:\www\qmyx.wuyelaile.com\weiwindata\logs\Cache\Wap\83c1e8c23d0efff676593c1e07496794.php ç¬¬ 97 è¡Œ.
NOTIC: [8] Undefined index:  wecha_id D:\www\qmyx.wuyelaile.com\weiwindata\logs\Cache\Wap\83c1e8c23d0efff676593c1e07496794.php ç¬¬ 138 è¡Œ.
NOTIC: [8] Undefined index:  wecha_id D:\www\qmyx.wuyelaile.com\weiwindata\logs\Cache\Wap\83c1e8c23d0efff676593c1e07496794.php ç¬¬ 152 è¡Œ.
INFO: Run ParseTemplate Behavior [ RunTime:-0.088411s ]
INFO: [ view_parse ] --END-- [ RunTime:0.043243s ]
INFO: [ view_filter ] --START--
INFO: Run ContentReplace Behavior [ RunTime:-0.131836s ]
INFO: Run TokenBuild Behavior [ RunTime:-0.135941s ]
INFO: Run WriteHtmlCache Behavior [ RunTime:-0.139785s ]
INFO: Run ShowRuntime Behavior [ RunTime:-0.142437s ]
INFO: [ view_filter ] --END-- [ RunTime:0.013527s ]
INFO: [ view_end ] --START--
INFO: Run ShowPageTrace Behavior [ RunTime:-0.145444s ]
INFO: [ view_end ] --END-- [ RunTime:0.003000s ]

[ 2015-06-29T19:27:03+08:00 ] 111.37.24.223 /index.php?g=Wap&m=Agent&a=index&token=jeifef1412084627&from=timeline&isappinstalled=0
NOTIC: [32] PHP Startup: Unable to load dynamic library 'D:\WebServer\php-5.2.5 (x64)\ext\php_fileinfo.dll' - ÕÒ²»µ½Ö¸¶¨µÄÄ£¿é¡£
 Unknown ç¬¬ 0 è¡Œ.

[ 2015-06-29T19:28:22+08:00 ] 111.37.24.223 /index.php?g=Wap&m=Agent&a=ajaxlp&token=jeifef1412084627&t=0.7207374174613506
INFO: [ app_begin ] --START--
INFO: Run ReadHtmlCache Behavior [ RunTime:0.000766s ]
INFO: [ app_begin ] --END-- [ RunTime:0.000904s ]
SQL: SHOW COLUMNS FROM `wy_lpinfo` [ RunTime:0.011343s ]
SQL: SELECT * FROM `wy_lpinfo` WHERE ( `token` = 'jeifef1412084627' ) ORDER BY id desc LIMIT 20,4   [ RunTime:0.000967s ]

[ 2015-06-29T19:28:24+08:00 ] 111.37.24.223 /index.php?g=Wap&m=Agent&a=ajaxlp&token=jeifef1412084627&t=0.842110782628879
INFO: [ app_begin ] --START--
INFO: Run ReadHtmlCache Behavior [ RunTime:0.000735s ]
INFO: [ app_begin ] --END-- [ RunTime:0.000866s ]
SQL: SHOW COLUMNS FROM `wy_lpinfo` [ RunTime:0.010229s ]
SQL: SELECT * FROM `wy_lpinfo` WHERE ( `token` = 'jeifef1412084627' ) ORDER BY id desc LIMIT 20,4   [ RunTime:0.000350s ]

[ 2015-06-29T19:28:24+08:00 ] 111.37.24.223 /index.php?g=Wap&m=Agent&a=ajaxlp&token=jeifef1412084627&t=0.11203848826698959
INFO: [ app_begin ] --START--
INFO: Run ReadHtmlCache Behavior [ RunTime:0.000766s ]
INFO: [ app_begin ] --END-- [ RunTime:0.000903s ]
SQL: SHOW COLUMNS FROM `wy_lpinfo` [ RunTime:0.010930s ]
SQL: SELECT * FROM `wy_lpinfo` WHERE ( `token` = 'jeifef1412084627' ) ORDER BY id desc LIMIT 20,4   [ RunTime:0.000337s ]

[ 2015-06-29T19:28:24+08:00 ] 111.37.24.223 /index.php?g=Wap&m=Agent&a=ajaxlp&token=jeifef1412084627&t=0.8716213656589389
INFO: [ app_begin ] --START--
INFO: Run ReadHtmlCache Behavior [ RunTime:0.000902s ]
INFO: [ app_begin ] --END-- [ RunTime:0.001103s ]
SQL: SHOW COLUMNS FROM `wy_lpinfo` [ RunTime:0.011801s ]
SQL: SELECT * FROM `wy_lpinfo` WHERE ( `token` = 'jeifef1412084627' ) ORDER BY id desc LIMIT 20,4   [ RunTime:0.000314s ]

[ 2015-06-29T19:28:25+08:00 ] 111.37.24.223 /index.php?g=Wap&m=Agent&a=ajaxlp&token=jeifef1412084627&t=0.6997144133783877
INFO: [ app_begin ] --START--
INFO: Run ReadHtmlCache Behavior [ RunTime:0.000753s ]
INFO: [ app_begin ] --END-- [ RunTime:0.000881s ]
SQL: SHOW COLUMNS FROM `wy_lpinfo` [ RunTime:0.009275s ]
SQL: SELECT * FROM `wy_lpinfo` WHERE ( `token` = 'jeifef1412084627' ) ORDER BY id desc LIMIT 20,4   [ RunTime:0.000274s ]

[ 2015-06-29T23:55:42+08:00 ] 183.136.190.62 /
INFO: [ app_begin ] --START--
INFO: Run ReadHtmlCache Behavior [ RunTime:0.005176s ]
INFO: [ app_begin ] --END-- [ RunTime:0.005329s ]
SQL: SHOW COLUMNS FROM `wy_links` [ RunTime:0.014556s ]
SQL: SELECT * FROM `wy_links` WHERE ( `status` = 1 )  [ RunTime:0.000251s ]
NOTIC: [2] Cannot use a scalar value as an array D:\www\qmyx.wuyelaile.com\weiwincms\_Core\Lib\Core\View.class.php ç¬¬ 69 è¡Œ.
INFO: [ view_template ] --START--
INFO: Run LocationTemplate Behavior [ RunTime:-0.071709s ]
INFO: [ view_template ] --END-- [ RunTime:0.008706s ]
INFO: [ view_parse ] --START--
INFO: Run ParseTemplate Behavior [ RunTime:-0.080570s ]
INFO: [ view_parse ] --END-- [ RunTime:0.039828s ]
INFO: [ view_filter ] --START--
INFO: Run ContentReplace Behavior [ RunTime:-0.120470s ]
INFO: Run TokenBuild Behavior [ RunTime:-0.125173s ]
INFO: Run WriteHtmlCache Behavior [ RunTime:-0.131221s ]
INFO: Run ShowRuntime Behavior [ RunTime:-0.135782s ]
INFO: [ view_filter ] --END-- [ RunTime:0.020177s ]
INFO: [ view_end ] --START--
INFO: Run ShowPageTrace Behavior [ RunTime:-0.140754s ]
INFO: [ view_end ] --END-- [ RunTime:0.004887s ]

