[ 2015-07-02T20:48:25+08:00 ] 121.42.0.17 /
INFO: [ app_begin ] --START--
INFO: Run ReadHtmlCache Behavior [ RunTime:0.005990s ]
INFO: [ app_begin ] --END-- [ RunTime:0.006144s ]
SQL: SHOW COLUMNS FROM `wy_links` [ RunTime:0.102498s ]
SQL: SELECT * FROM `wy_links` WHERE ( `status` = 1 )  [ RunTime:0.000407s ]
NOTIC: [2] Cannot use a scalar value as an array D:\www\qmyx.wuyelaile.com\weiwincms\_Core\Lib\Core\View.class.php 第 69 行.
INFO: [ view_template ] --START--
INFO: Run LocationTemplate Behavior [ RunTime:-0.177688s ]
INFO: [ view_template ] --END-- [ RunTime:0.009143s ]
INFO: [ view_parse ] --START--
INFO: Run ParseTemplate Behavior [ RunTime:-0.186949s ]
INFO: [ view_parse ] --END-- [ RunTime:0.083728s ]
INFO: [ view_filter ] --START--
INFO: Run ContentReplace Behavior [ RunTime:-0.270741s ]
INFO: Run TokenBuild Behavior [ RunTime:-0.276842s ]
INFO: Run WriteHtmlCache Behavior [ RunTime:-0.283024s ]
INFO: Run ShowRuntime Behavior [ RunTime:-0.288789s ]
INFO: [ view_filter ] --END-- [ RunTime:0.023792s ]
INFO: [ view_end ] --START--
INFO: Run ShowPageTrace Behavior [ RunTime:-0.294637s ]
INFO: [ view_end ] --END-- [ RunTime:0.005898s ]

