[ 2015-07-19T02:29:07+08:00 ] ERR: (ThinkException) Êó†Ê≥ïÂä†ËΩΩÊ®°Âùó:map
[ 2015-07-19T12:48:42+08:00 ] 220.181.108.185 /
INFO: [ app_begin ] --START--
INFO: Run ReadHtmlCache Behavior [ RunTime:0.003848s ]
INFO: [ app_begin ] --END-- [ RunTime:0.004028s ]
SQL: SHOW COLUMNS FROM `wy_links` [ RunTime:0.089574s ]
SQL: SELECT * FROM `wy_links` WHERE ( `status` = 1 )  [ RunTime:0.000284s ]
NOTIC: [2] Cannot use a scalar value as an array D:\www\qmyx.wuyelaile.com\weiwincms\_Core\Lib\Core\View.class.php Á¨¨ 69 Ë°å.
INFO: [ view_template ] --START--
INFO: Run LocationTemplate Behavior [ RunTime:-0.183618s ]
INFO: [ view_template ] --END-- [ RunTime:0.008643s ]
INFO: [ view_parse ] --START--
INFO: Run ParseTemplate Behavior [ RunTime:-0.192364s ]
INFO: [ view_parse ] --END-- [ RunTime:0.068209s ]
INFO: [ view_filter ] --START--
INFO: Run ContentReplace Behavior [ RunTime:-0.260664s ]
INFO: Run TokenBuild Behavior [ RunTime:-0.267085s ]
INFO: Run WriteHtmlCache Behavior [ RunTime:-0.273248s ]
INFO: Run ShowRuntime Behavior [ RunTime:-0.278830s ]
INFO: [ view_filter ] --END-- [ RunTime:0.024412s ]
INFO: [ view_end ] --START--
INFO: Run ShowPageTrace Behavior [ RunTime:-0.285187s ]
INFO: [ view_end ] --END-- [ RunTime:0.007635s ]

[ 2015-07-19T21:40:31+08:00 ] 112.246.47.24 /index.php?g=Wap&m=Agent&a=register&token=jeifef1412084627
INFO: [ app_begin ] --START--
INFO: Run ReadHtmlCache Behavior [ RunTime:0.004707s ]
INFO: [ app_begin ] --END-- [ RunTime:0.004938s ]
NOTIC: [8] Undefined index:  wecha_id D:\www\qmyx.wuyelaile.com\weiwincms\Lib\Action\Wap\AgentAction.class.php Á¨¨ 130 Ë°å.
SQL: SHOW COLUMNS FROM `wy_wxuser` [ RunTime:0.087803s ]
SQL: SELECT `wxname`,`headerpic` FROM `wy_wxuser` WHERE ( `token` = 'jeifef1412084627' ) LIMIT 1   [ RunTime:0.015072s ]
NOTIC: [2] Cannot use a scalar value as an array D:\www\qmyx.wuyelaile.com\weiwincms\_Core\Lib\Core\View.class.php Á¨¨ 69 Ë°å.
INFO: [ view_template ] --START--
INFO: Run LocationTemplate Behavior [ RunTime:-0.257455s ]
INFO: [ view_template ] --END-- [ RunTime:0.006910s ]
INFO: [ view_parse ] --START--
INFO: Run ParseTemplate Behavior [ RunTime:-0.264504s ]
INFO: [ view_parse ] --END-- [ RunTime:0.056518s ]
INFO: [ view_filter ] --START--
INFO: Run ContentReplace Behavior [ RunTime:-0.321106s ]
INFO: Run TokenBuild Behavior [ RunTime:-0.328950s ]
INFO: Run WriteHtmlCache Behavior [ RunTime:-0.332906s ]
INFO: Run ShowRuntime Behavior [ RunTime:-0.336483s ]
INFO: [ view_filter ] --END-- [ RunTime:0.019105s ]
INFO: [ view_end ] --START--
INFO: Run ShowPageTrace Behavior [ RunTime:-0.340301s ]
INFO: [ view_end ] --END-- [ RunTime:0.004543s ]
NOTIC: [32] PHP Startup: Unable to load dynamic library 'D:\WebServer\php-5.2.5 (x64)\ext\php_fileinfo.dll' - ’“≤ªµΩ÷∏∂®µƒƒ£øÈ°£
 Unknown Á¨¨ 0 Ë°å.

