[ 2015-09-19T09:57:57+08:00 ] 121.42.0.19 /
INFO: [ app_begin ] --START--
INFO: Run ReadHtmlCache Behavior [ RunTime:0.002507s ]
INFO: [ app_begin ] --END-- [ RunTime:0.002735s ]
SQL: SHOW COLUMNS FROM `wy_links` [ RunTime:0.027554s ]
SQL: SELECT * FROM `wy_links` WHERE ( `status` = 1 )  [ RunTime:0.000271s ]
NOTIC: [2] Cannot use a scalar value as an array D:\www\qmyx.wuyelaile.com\weiwincms\_Core\Lib\Core\View.class.php ç¬¬ 69 è¡Œ.
INFO: [ view_template ] --START--
INFO: Run LocationTemplate Behavior [ RunTime:-0.082730s ]
INFO: [ view_template ] --END-- [ RunTime:0.003119s ]
INFO: [ view_parse ] --START--
INFO: Run ParseTemplate Behavior [ RunTime:-0.085988s ]
INFO: [ view_parse ] --END-- [ RunTime:0.083461s ]
INFO: [ view_filter ] --START--
INFO: Run ContentReplace Behavior [ RunTime:-0.169532s ]
INFO: Run TokenBuild Behavior [ RunTime:-0.171955s ]
INFO: Run WriteHtmlCache Behavior [ RunTime:-0.174566s ]
INFO: Run ShowRuntime Behavior [ RunTime:-0.176523s ]
INFO: [ view_filter ] --END-- [ RunTime:0.009129s ]
INFO: [ view_end ] --START--
INFO: Run ShowPageTrace Behavior [ RunTime:-0.178795s ]
INFO: [ view_end ] --END-- [ RunTime:0.002388s ]

[ 2015-09-19T09:57:57+08:00 ] 121.42.0.19 /
NOTIC: [32] PHP Startup: Unable to load dynamic library 'D:\WebServer\php-5.2.5 (x64)\ext\php_fileinfo.dll' - ÕÒ²»µ½Ö¸¶¨µÄÄ£¿é¡£
 Unknown ç¬¬ 0 è¡Œ.

[ 2015-09-19T23:24:36+08:00 ] 220.181.108.96 /
INFO: [ app_begin ] --START--
INFO: Run ReadHtmlCache Behavior [ RunTime:0.001121s ]
INFO: [ app_begin ] --END-- [ RunTime:0.001294s ]
SQL: SHOW COLUMNS FROM `wy_links` [ RunTime:0.074610s ]
SQL: SELECT * FROM `wy_links` WHERE ( `status` = 1 )  [ RunTime:0.000380s ]
NOTIC: [2] Cannot use a scalar value as an array D:\www\qmyx.wuyelaile.com\weiwincms\_Core\Lib\Core\View.class.php ç¬¬ 69 è¡Œ.
INFO: [ view_template ] --START--
INFO: Run LocationTemplate Behavior [ RunTime:-0.098819s ]
INFO: [ view_template ] --END-- [ RunTime:0.001781s ]
INFO: [ view_parse ] --START--
INFO: Run ParseTemplate Behavior [ RunTime:-0.100694s ]
INFO: [ view_parse ] --END-- [ RunTime:0.020186s ]
INFO: [ view_filter ] --START--
INFO: Run ContentReplace Behavior [ RunTime:-0.120981s ]
INFO: Run TokenBuild Behavior [ RunTime:-0.121986s ]
INFO: Run WriteHtmlCache Behavior [ RunTime:-0.123180s ]
INFO: Run ShowRuntime Behavior [ RunTime:-0.123970s ]
INFO: [ view_filter ] --END-- [ RunTime:0.004041s ]
INFO: [ view_end ] --START--
INFO: Run ShowPageTrace Behavior [ RunTime:-0.125121s ]
INFO: [ view_end ] --END-- [ RunTime:0.001236s ]

[ 2015-09-19T23:24:36+08:00 ] 220.181.108.96 /
NOTIC: [32] PHP Startup: Unable to load dynamic library 'D:\WebServer\php-5.2.5 (x64)\ext\php_fileinfo.dll' - ÕÒ²»µ½Ö¸¶¨µÄÄ£¿é¡£
 Unknown ç¬¬ 0 è¡Œ.

[ 2015-09-19T23:25:00+08:00 ] 123.125.71.108 /
INFO: [ app_begin ] --START--
INFO: Run ReadHtmlCache Behavior [ RunTime:0.000672s ]
INFO: [ app_begin ] --END-- [ RunTime:0.000812s ]
SQL: SHOW COLUMNS FROM `wy_links` [ RunTime:0.004758s ]
SQL: SELECT * FROM `wy_links` WHERE ( `status` = 1 )  [ RunTime:0.000192s ]
NOTIC: [2] Cannot use a scalar value as an array D:\www\qmyx.wuyelaile.com\weiwincms\_Core\Lib\Core\View.class.php ç¬¬ 69 è¡Œ.
INFO: [ view_template ] --START--
INFO: Run LocationTemplate Behavior [ RunTime:-0.019050s ]
INFO: [ view_template ] --END-- [ RunTime:0.000713s ]
INFO: [ view_parse ] --START--
INFO: Run ParseTemplate Behavior [ RunTime:-0.019845s ]
INFO: [ view_parse ] --END-- [ RunTime:0.009742s ]
INFO: [ view_filter ] --START--
INFO: Run ContentReplace Behavior [ RunTime:-0.029663s ]
INFO: Run TokenBuild Behavior [ RunTime:-0.030215s ]
INFO: Run WriteHtmlCache Behavior [ RunTime:-0.030752s ]
INFO: Run ShowRuntime Behavior [ RunTime:-0.031231s ]
INFO: [ view_filter ] --END-- [ RunTime:0.002148s ]
INFO: [ view_end ] --START--
INFO: Run ShowPageTrace Behavior [ RunTime:-0.031906s ]
INFO: [ view_end ] --END-- [ RunTime:0.000701s ]

[ 2015-09-19T23:26:10+08:00 ] 220.181.108.117 /
INFO: [ app_begin ] --START--
INFO: Run ReadHtmlCache Behavior [ RunTime:0.000591s ]
INFO: [ app_begin ] --END-- [ RunTime:0.000731s ]
SQL: SHOW COLUMNS FROM `wy_links` [ RunTime:0.004490s ]
SQL: SELECT * FROM `wy_links` WHERE ( `status` = 1 )  [ RunTime:0.000210s ]
NOTIC: [2] Cannot use a scalar value as an array D:\www\qmyx.wuyelaile.com\weiwincms\_Core\Lib\Core\View.class.php ç¬¬ 69 è¡Œ.
INFO: [ view_template ] --START--
INFO: Run LocationTemplate Behavior [ RunTime:-0.018575s ]
INFO: [ view_template ] --END-- [ RunTime:0.000864s ]
INFO: [ view_parse ] --START--
INFO: Run ParseTemplate Behavior [ RunTime:-0.019522s ]
INFO: [ view_parse ] --END-- [ RunTime:0.011056s ]
INFO: [ view_filter ] --START--
INFO: Run ContentReplace Behavior [ RunTime:-0.030654s ]
INFO: Run TokenBuild Behavior [ RunTime:-0.031209s ]
INFO: Run WriteHtmlCache Behavior [ RunTime:-0.031726s ]
INFO: Run ShowRuntime Behavior [ RunTime:-0.032127s ]
INFO: [ view_filter ] --END-- [ RunTime:0.002078s ]
INFO: [ view_end ] --START--
INFO: Run ShowPageTrace Behavior [ RunTime:-0.032828s ]
INFO: [ view_end ] --END-- [ RunTime:0.000731s ]

[ 2015-09-19T23:26:42+08:00 ] 123.125.71.91 /
INFO: [ app_begin ] --START--
INFO: Run ReadHtmlCache Behavior [ RunTime:0.001108s ]
INFO: [ app_begin ] --END-- [ RunTime:0.001241s ]
SQL: SHOW COLUMNS FROM `wy_links` [ RunTime:0.005578s ]
SQL: SELECT * FROM `wy_links` WHERE ( `status` = 1 )  [ RunTime:0.000288s ]
NOTIC: [2] Cannot use a scalar value as an array D:\www\qmyx.wuyelaile.com\weiwincms\_Core\Lib\Core\View.class.php ç¬¬ 69 è¡Œ.
INFO: [ view_template ] --START--
INFO: Run LocationTemplate Behavior [ RunTime:-0.027632s ]
INFO: [ view_template ] --END-- [ RunTime:0.002078s ]
INFO: [ view_parse ] --START--
INFO: Run ParseTemplate Behavior [ RunTime:-0.029913s ]
INFO: [ view_parse ] --END-- [ RunTime:0.015526s ]
INFO: [ view_filter ] --START--
INFO: Run ContentReplace Behavior [ RunTime:-0.045498s ]
INFO: Run TokenBuild Behavior [ RunTime:-0.046528s ]
INFO: Run WriteHtmlCache Behavior [ RunTime:-0.047556s ]
INFO: Run ShowRuntime Behavior [ RunTime:-0.048443s ]
INFO: [ view_filter ] --END-- [ RunTime:0.004128s ]
INFO: [ view_end ] --START--
INFO: Run ShowPageTrace Behavior [ RunTime:-0.049724s ]
INFO: [ view_end ] --END-- [ RunTime:0.001206s ]

