[ 2015-07-20T13:34:25+08:00 ] 123.125.71.30 /
INFO: [ app_begin ] --START--
INFO: Run ReadHtmlCache Behavior [ RunTime:0.009073s ]
INFO: [ app_begin ] --END-- [ RunTime:0.009229s ]
SQL: SHOW COLUMNS FROM `wy_links` [ RunTime:0.082957s ]
SQL: SELECT * FROM `wy_links` WHERE ( `status` = 1 )  [ RunTime:0.000332s ]
NOTIC: [2] Cannot use a scalar value as an array D:\www\qmyx.wuyelaile.com\weiwincms\_Core\Lib\Core\View.class.php ç¬¬ 69 è¡Œ.
INFO: [ view_template ] --START--
INFO: Run LocationTemplate Behavior [ RunTime:-0.185904s ]
INFO: [ view_template ] --END-- [ RunTime:0.061149s ]
INFO: [ view_parse ] --START--
INFO: Run ParseTemplate Behavior [ RunTime:-0.247200s ]
INFO: [ view_parse ] --END-- [ RunTime:0.100078s ]
INFO: [ view_filter ] --START--
INFO: Run ContentReplace Behavior [ RunTime:-0.347350s ]
INFO: Run TokenBuild Behavior [ RunTime:-0.353396s ]
INFO: Run WriteHtmlCache Behavior [ RunTime:-0.359325s ]
INFO: Run ShowRuntime Behavior [ RunTime:-0.365628s ]
INFO: [ view_filter ] --END-- [ RunTime:0.023986s ]
INFO: [ view_end ] --START--
INFO: Run ShowPageTrace Behavior [ RunTime:-0.371493s ]
INFO: [ view_end ] --END-- [ RunTime:0.006163s ]

[ 2015-07-20T13:35:06+08:00 ] 220.181.108.80 /
INFO: [ app_begin ] --START--
INFO: Run ReadHtmlCache Behavior [ RunTime:0.005922s ]
INFO: [ app_begin ] --END-- [ RunTime:0.006129s ]
SQL: SHOW COLUMNS FROM `wy_links` [ RunTime:0.008614s ]
SQL: SELECT * FROM `wy_links` WHERE ( `status` = 1 )  [ RunTime:0.000200s ]
NOTIC: [2] Cannot use a scalar value as an array D:\www\qmyx.wuyelaile.com\weiwincms\_Core\Lib\Core\View.class.php ç¬¬ 69 è¡Œ.
INFO: [ view_template ] --START--
INFO: Run LocationTemplate Behavior [ RunTime:-0.062296s ]
INFO: [ view_template ] --END-- [ RunTime:0.008598s ]
INFO: [ view_parse ] --START--
INFO: Run ParseTemplate Behavior [ RunTime:-0.071023s ]
INFO: [ view_parse ] --END-- [ RunTime:0.035023s ]
INFO: [ view_filter ] --START--
INFO: Run ContentReplace Behavior [ RunTime:-0.106132s ]
INFO: Run TokenBuild Behavior [ RunTime:-0.110966s ]
INFO: Run WriteHtmlCache Behavior [ RunTime:-0.116569s ]
INFO: Run ShowRuntime Behavior [ RunTime:-0.121216s ]
INFO: [ view_filter ] --END-- [ RunTime:0.021248s ]
INFO: [ view_end ] --START--
INFO: Run ShowPageTrace Behavior [ RunTime:-0.127626s ]
INFO: [ view_end ] --END-- [ RunTime:0.005484s ]

[ 2015-07-20T13:36:03+08:00 ] 123.125.71.58 /
INFO: [ app_begin ] --START--
INFO: Run ReadHtmlCache Behavior [ RunTime:0.006685s ]
INFO: [ app_begin ] --END-- [ RunTime:0.006968s ]
SQL: SHOW COLUMNS FROM `wy_links` [ RunTime:0.010774s ]
SQL: SELECT * FROM `wy_links` WHERE ( `status` = 1 )  [ RunTime:0.000239s ]
NOTIC: [2] Cannot use a scalar value as an array D:\www\qmyx.wuyelaile.com\weiwincms\_Core\Lib\Core\View.class.php ç¬¬ 69 è¡Œ.
INFO: [ view_template ] --START--
INFO: Run LocationTemplate Behavior [ RunTime:-0.061589s ]
INFO: [ view_template ] --END-- [ RunTime:0.007120s ]
INFO: [ view_parse ] --START--
INFO: Run ParseTemplate Behavior [ RunTime:-0.068792s ]
INFO: [ view_parse ] --END-- [ RunTime:0.033625s ]
INFO: [ view_filter ] --START--
INFO: Run ContentReplace Behavior [ RunTime:-0.102507s ]
INFO: Run TokenBuild Behavior [ RunTime:-0.107354s ]
INFO: Run WriteHtmlCache Behavior [ RunTime:-0.111237s ]
INFO: Run ShowRuntime Behavior [ RunTime:-0.115862s ]
INFO: [ view_filter ] --END-- [ RunTime:0.018251s ]
INFO: [ view_end ] --START--
INFO: Run ShowPageTrace Behavior [ RunTime:-0.120858s ]
INFO: [ view_end ] --END-- [ RunTime:0.004994s ]

[ 2015-07-20T13:37:29+08:00 ] 220.181.108.121 /
INFO: [ app_begin ] --START--
INFO: Run ReadHtmlCache Behavior [ RunTime:0.005569s ]
INFO: [ app_begin ] --END-- [ RunTime:0.005731s ]
SQL: SHOW COLUMNS FROM `wy_links` [ RunTime:0.011712s ]
SQL: SELECT * FROM `wy_links` WHERE ( `status` = 1 )  [ RunTime:0.000241s ]
NOTIC: [2] Cannot use a scalar value as an array D:\www\qmyx.wuyelaile.com\weiwincms\_Core\Lib\Core\View.class.php ç¬¬ 69 è¡Œ.
INFO: [ view_template ] --START--
INFO: Run LocationTemplate Behavior [ RunTime:-0.065053s ]
INFO: [ view_template ] --END-- [ RunTime:0.008938s ]
INFO: [ view_parse ] --START--
INFO: Run ParseTemplate Behavior [ RunTime:-0.074113s ]
INFO: [ view_parse ] --END-- [ RunTime:0.033940s ]
INFO: [ view_filter ] --START--
INFO: Run ContentReplace Behavior [ RunTime:-0.108136s ]
INFO: Run TokenBuild Behavior [ RunTime:-0.112814s ]
INFO: Run WriteHtmlCache Behavior [ RunTime:-0.117495s ]
INFO: Run ShowRuntime Behavior [ RunTime:-0.121966s ]
INFO: [ view_filter ] --END-- [ RunTime:0.018612s ]
INFO: [ view_end ] --START--
INFO: Run ShowPageTrace Behavior [ RunTime:-0.126843s ]
INFO: [ view_end ] --END-- [ RunTime:0.005020s ]

[ 2015-07-20T19:26:52+08:00 ] 220.181.108.112 /
INFO: [ app_begin ] --START--
INFO: Run ReadHtmlCache Behavior [ RunTime:0.003004s ]
INFO: [ app_begin ] --END-- [ RunTime:0.003251s ]
SQL: SHOW COLUMNS FROM `wy_links` [ RunTime:0.047390s ]
SQL: SELECT * FROM `wy_links` WHERE ( `status` = 1 )  [ RunTime:0.000266s ]
NOTIC: [2] Cannot use a scalar value as an array D:\www\qmyx.wuyelaile.com\weiwincms\_Core\Lib\Core\View.class.php ç¬¬ 69 è¡Œ.
INFO: [ view_template ] --START--
INFO: Run LocationTemplate Behavior [ RunTime:-0.122620s ]
INFO: [ view_template ] --END-- [ RunTime:0.005261s ]
INFO: [ view_parse ] --START--
INFO: Run ParseTemplate Behavior [ RunTime:-0.127984s ]
INFO: [ view_parse ] --END-- [ RunTime:0.035841s ]
INFO: [ view_filter ] --START--
INFO: Run ContentReplace Behavior [ RunTime:-0.163913s ]
INFO: Run TokenBuild Behavior [ RunTime:-0.166979s ]
INFO: Run WriteHtmlCache Behavior [ RunTime:-0.170492s ]
INFO: Run ShowRuntime Behavior [ RunTime:-0.173180s ]
INFO: [ view_filter ] --END-- [ RunTime:0.012055s ]
INFO: [ view_end ] --START--
INFO: Run ShowPageTrace Behavior [ RunTime:-0.176072s ]
INFO: [ view_end ] --END-- [ RunTime:0.003016s ]

[ 2015-07-20T19:26:52+08:00 ] 220.181.108.112 /
NOTIC: [32] PHP Startup: Unable to load dynamic library 'D:\WebServer\php-5.2.5 (x64)\ext\php_fileinfo.dll' - ÕÒ²»µ½Ö¸¶¨µÄÄ£¿é¡£
 Unknown ç¬¬ 0 è¡Œ.

[ 2015-07-20T19:27:03+08:00 ] 123.125.71.82 /
INFO: [ app_begin ] --START--
INFO: Run ReadHtmlCache Behavior [ RunTime:0.000737s ]
INFO: [ app_begin ] --END-- [ RunTime:0.000915s ]
SQL: SHOW COLUMNS FROM `wy_links` [ RunTime:0.043049s ]
SQL: SELECT * FROM `wy_links` WHERE ( `status` = 1 )  [ RunTime:0.000221s ]
NOTIC: [2] Cannot use a scalar value as an array D:\www\qmyx.wuyelaile.com\weiwincms\_Core\Lib\Core\View.class.php ç¬¬ 69 è¡Œ.
INFO: [ view_template ] --START--
INFO: Run LocationTemplate Behavior [ RunTime:-0.094430s ]
INFO: [ view_template ] --END-- [ RunTime:0.001237s ]
INFO: [ view_parse ] --START--
INFO: Run ParseTemplate Behavior [ RunTime:-0.095797s ]
INFO: [ view_parse ] --END-- [ RunTime:0.017465s ]
INFO: [ view_filter ] --START--
INFO: Run ContentReplace Behavior [ RunTime:-0.113416s ]
INFO: Run TokenBuild Behavior [ RunTime:-0.114110s ]
INFO: Run WriteHtmlCache Behavior [ RunTime:-0.114857s ]
INFO: Run ShowRuntime Behavior [ RunTime:-0.115345s ]
INFO: [ view_filter ] --END-- [ RunTime:0.002892s ]
INFO: [ view_end ] --START--
INFO: Run ShowPageTrace Behavior [ RunTime:-0.116433s ]
INFO: [ view_end ] --END-- [ RunTime:0.001029s ]

[ 2015-07-20T19:28:47+08:00 ] 123.125.71.96 /
INFO: [ app_begin ] --START--
INFO: Run ReadHtmlCache Behavior [ RunTime:0.000809s ]
INFO: [ app_begin ] --END-- [ RunTime:0.000979s ]
SQL: SHOW COLUMNS FROM `wy_links` [ RunTime:0.039090s ]
SQL: SELECT * FROM `wy_links` WHERE ( `status` = 1 )  [ RunTime:0.000332s ]
NOTIC: [2] Cannot use a scalar value as an array D:\www\qmyx.wuyelaile.com\weiwincms\_Core\Lib\Core\View.class.php ç¬¬ 69 è¡Œ.
INFO: [ view_template ] --START--
INFO: Run LocationTemplate Behavior [ RunTime:-0.071203s ]
INFO: [ view_template ] --END-- [ RunTime:0.001287s ]
INFO: [ view_parse ] --START--
INFO: Run ParseTemplate Behavior [ RunTime:-0.072578s ]
INFO: [ view_parse ] --END-- [ RunTime:0.016891s ]
INFO: [ view_filter ] --START--
INFO: Run ContentReplace Behavior [ RunTime:-0.089767s ]
INFO: Run TokenBuild Behavior [ RunTime:-0.090709s ]
INFO: Run WriteHtmlCache Behavior [ RunTime:-0.091444s ]
INFO: Run ShowRuntime Behavior [ RunTime:-0.091983s ]
INFO: [ view_filter ] --END-- [ RunTime:0.003203s ]
INFO: [ view_end ] --START--
INFO: Run ShowPageTrace Behavior [ RunTime:-0.093154s ]
INFO: [ view_end ] --END-- [ RunTime:0.001020s ]

[ 2015-07-20T19:29:19+08:00 ] 220.181.108.111 /
INFO: [ app_begin ] --START--
INFO: Run ReadHtmlCache Behavior [ RunTime:0.002906s ]
INFO: [ app_begin ] --END-- [ RunTime:0.003057s ]
SQL: SHOW COLUMNS FROM `wy_links` [ RunTime:0.036659s ]
SQL: SELECT * FROM `wy_links` WHERE ( `status` = 1 )  [ RunTime:0.000346s ]
NOTIC: [2] Cannot use a scalar value as an array D:\www\qmyx.wuyelaile.com\weiwincms\_Core\Lib\Core\View.class.php ç¬¬ 69 è¡Œ.
INFO: [ view_template ] --START--
INFO: Run LocationTemplate Behavior [ RunTime:-0.073867s ]
INFO: [ view_template ] --END-- [ RunTime:0.005574s ]
INFO: [ view_parse ] --START--
INFO: Run ParseTemplate Behavior [ RunTime:-0.079530s ]
INFO: [ view_parse ] --END-- [ RunTime:0.029350s ]
INFO: [ view_filter ] --START--
INFO: Run ContentReplace Behavior [ RunTime:-0.108952s ]
INFO: Run TokenBuild Behavior [ RunTime:-0.112081s ]
INFO: Run WriteHtmlCache Behavior [ RunTime:-0.114941s ]
INFO: Run ShowRuntime Behavior [ RunTime:-0.117920s ]
INFO: [ view_filter ] --END-- [ RunTime:0.012034s ]
INFO: [ view_end ] --START--
INFO: Run ShowPageTrace Behavior [ RunTime:-0.121122s ]
INFO: [ view_end ] --END-- [ RunTime:0.003461s ]

[ 2015-07-20T21:28:22+08:00 ] 123.125.71.110 /
INFO: [ app_begin ] --START--
INFO: Run ReadHtmlCache Behavior [ RunTime:0.003193s ]
INFO: [ app_begin ] --END-- [ RunTime:0.003472s ]
SQL: SHOW COLUMNS FROM `wy_links` [ RunTime:0.014408s ]
SQL: SELECT * FROM `wy_links` WHERE ( `status` = 1 )  [ RunTime:0.000263s ]
NOTIC: [2] Cannot use a scalar value as an array D:\www\qmyx.wuyelaile.com\weiwincms\_Core\Lib\Core\View.class.php ç¬¬ 69 è¡Œ.
INFO: [ view_template ] --START--
INFO: Run LocationTemplate Behavior [ RunTime:-0.071662s ]
INFO: [ view_template ] --END-- [ RunTime:0.005483s ]
INFO: [ view_parse ] --START--
INFO: Run ParseTemplate Behavior [ RunTime:-0.077271s ]
INFO: [ view_parse ] --END-- [ RunTime:0.032007s ]
INFO: [ view_filter ] --START--
INFO: Run ContentReplace Behavior [ RunTime:-0.109355s ]
INFO: Run TokenBuild Behavior [ RunTime:-0.112083s ]
INFO: Run WriteHtmlCache Behavior [ RunTime:-0.115447s ]
INFO: Run ShowRuntime Behavior [ RunTime:-0.118108s ]
INFO: [ view_filter ] --END-- [ RunTime:0.011608s ]
INFO: [ view_end ] --START--
INFO: Run ShowPageTrace Behavior [ RunTime:-0.121070s ]
INFO: [ view_end ] --END-- [ RunTime:0.002957s ]

[ 2015-07-20T21:28:22+08:00 ] 123.125.71.110 /
NOTIC: [32] PHP Startup: Unable to load dynamic library 'D:\WebServer\php-5.2.5 (x64)\ext\php_fileinfo.dll' - ÕÒ²»µ½Ö¸¶¨µÄÄ£¿é¡£
 Unknown ç¬¬ 0 è¡Œ.

[ 2015-07-20T21:28:56+08:00 ] 220.181.108.165 /
INFO: [ app_begin ] --START--
INFO: Run ReadHtmlCache Behavior [ RunTime:0.000796s ]
INFO: [ app_begin ] --END-- [ RunTime:0.000937s ]
SQL: SHOW COLUMNS FROM `wy_links` [ RunTime:0.010171s ]
SQL: SELECT * FROM `wy_links` WHERE ( `status` = 1 )  [ RunTime:0.000258s ]
NOTIC: [2] Cannot use a scalar value as an array D:\www\qmyx.wuyelaile.com\weiwincms\_Core\Lib\Core\View.class.php ç¬¬ 69 è¡Œ.
INFO: [ view_template ] --START--
INFO: Run LocationTemplate Behavior [ RunTime:-0.051311s ]
INFO: [ view_template ] --END-- [ RunTime:0.001238s ]
INFO: [ view_parse ] --START--
INFO: Run ParseTemplate Behavior [ RunTime:-0.052629s ]
INFO: [ view_parse ] --END-- [ RunTime:0.010790s ]
INFO: [ view_filter ] --START--
INFO: Run ContentReplace Behavior [ RunTime:-0.063489s ]
INFO: Run TokenBuild Behavior [ RunTime:-0.064193s ]
INFO: Run WriteHtmlCache Behavior [ RunTime:-0.064894s ]
INFO: Run ShowRuntime Behavior [ RunTime:-0.065433s ]
INFO: [ view_filter ] --END-- [ RunTime:0.002770s ]
INFO: [ view_end ] --START--
INFO: Run ShowPageTrace Behavior [ RunTime:-0.066381s ]
INFO: [ view_end ] --END-- [ RunTime:0.000922s ]

[ 2015-07-20T21:30:46+08:00 ] 123.125.71.98 /
INFO: [ app_begin ] --START--
INFO: Run ReadHtmlCache Behavior [ RunTime:0.002845s ]
INFO: [ app_begin ] --END-- [ RunTime:0.002998s ]
SQL: SHOW COLUMNS FROM `wy_links` [ RunTime:0.010174s ]
SQL: SELECT * FROM `wy_links` WHERE ( `status` = 1 )  [ RunTime:0.000263s ]
NOTIC: [2] Cannot use a scalar value as an array D:\www\qmyx.wuyelaile.com\weiwincms\_Core\Lib\Core\View.class.php ç¬¬ 69 è¡Œ.
INFO: [ view_template ] --START--
INFO: Run LocationTemplate Behavior [ RunTime:-0.050965s ]
INFO: [ view_template ] --END-- [ RunTime:0.005327s ]
INFO: [ view_parse ] --START--
INFO: Run ParseTemplate Behavior [ RunTime:-0.056385s ]
INFO: [ view_parse ] --END-- [ RunTime:0.025750s ]
INFO: [ view_filter ] --START--
INFO: Run ContentReplace Behavior [ RunTime:-0.082222s ]
INFO: Run TokenBuild Behavior [ RunTime:-0.085618s ]
INFO: Run WriteHtmlCache Behavior [ RunTime:-0.088375s ]
INFO: Run ShowRuntime Behavior [ RunTime:-0.090914s ]
INFO: [ view_filter ] --END-- [ RunTime:0.011744s ]
INFO: [ view_end ] --START--
INFO: Run ShowPageTrace Behavior [ RunTime:-0.094091s ]
INFO: [ view_end ] --END-- [ RunTime:0.003523s ]

[ 2015-07-20T21:31:12+08:00 ] 220.181.108.166 /
INFO: [ app_begin ] --START--
INFO: Run ReadHtmlCache Behavior [ RunTime:0.000777s ]
INFO: [ app_begin ] --END-- [ RunTime:0.000934s ]
SQL: SHOW COLUMNS FROM `wy_links` [ RunTime:0.009611s ]
SQL: SELECT * FROM `wy_links` WHERE ( `status` = 1 )  [ RunTime:0.000206s ]
NOTIC: [2] Cannot use a scalar value as an array D:\www\qmyx.wuyelaile.com\weiwincms\_Core\Lib\Core\View.class.php ç¬¬ 69 è¡Œ.
INFO: [ view_template ] --START--
INFO: Run LocationTemplate Behavior [ RunTime:-0.031169s ]
INFO: [ view_template ] --END-- [ RunTime:0.001205s ]
INFO: [ view_parse ] --START--
INFO: Run ParseTemplate Behavior [ RunTime:-0.032459s ]
INFO: [ view_parse ] --END-- [ RunTime:0.010669s ]
INFO: [ view_filter ] --START--
INFO: Run ContentReplace Behavior [ RunTime:-0.043196s ]
INFO: Run TokenBuild Behavior [ RunTime:-0.043974s ]
INFO: Run WriteHtmlCache Behavior [ RunTime:-0.044972s ]
INFO: Run ShowRuntime Behavior [ RunTime:-0.045552s ]
INFO: [ view_filter ] --END-- [ RunTime:0.003121s ]
INFO: [ view_end ] --START--
INFO: Run ShowPageTrace Behavior [ RunTime:-0.046500s ]
INFO: [ view_end ] --END-- [ RunTime:0.000995s ]

