[ 2015-08-20T06:33:12+08:00 ] 220.181.108.177 /index.php?g=Wap&m=Agent&a=register&token=jeifef1412084627
INFO: [ app_begin ] --START--
INFO: Run ReadHtmlCache Behavior [ RunTime:0.001198s ]
INFO: [ app_begin ] --END-- [ RunTime:0.001384s ]
NOTIC: [8] Undefined index:  wecha_id D:\www\qmyx.wuyelaile.com\weiwincms\Lib\Action\Wap\AgentAction.class.php Á¨¨ 130 Ë°å.
SQL: SHOW COLUMNS FROM `wy_wxuser` [ RunTime:0.068793s ]
SQL: SELECT `wxname`,`headerpic` FROM `wy_wxuser` WHERE ( `token` = 'jeifef1412084627' ) LIMIT 1   [ RunTime:0.002229s ]
NOTIC: [2] Cannot use a scalar value as an array D:\www\qmyx.wuyelaile.com\weiwincms\_Core\Lib\Core\View.class.php Á¨¨ 69 Ë°å.
INFO: [ view_template ] --START--
INFO: Run LocationTemplate Behavior [ RunTime:-0.376892s ]
INFO: [ view_template ] --END-- [ RunTime:0.110422s ]
INFO: [ view_parse ] --START--
INFO: Run ParseTemplate Behavior [ RunTime:-0.487415s ]
INFO: [ view_parse ] --END-- [ RunTime:0.081172s ]
INFO: [ view_filter ] --START--
INFO: Run ContentReplace Behavior [ RunTime:-0.568682s ]
INFO: Run TokenBuild Behavior [ RunTime:-0.570972s ]
INFO: Run WriteHtmlCache Behavior [ RunTime:-0.573340s ]
INFO: Run ShowRuntime Behavior [ RunTime:-0.575301s ]
INFO: [ view_filter ] --END-- [ RunTime:0.009049s ]
INFO: [ view_end ] --START--
INFO: Run ShowPageTrace Behavior [ RunTime:-0.577909s ]
INFO: [ view_end ] --END-- [ RunTime:0.003645s ]
NOTIC: [32] PHP Startup: Unable to load dynamic library 'D:\WebServer\php-5.2.5 (x64)\ext\php_fileinfo.dll' - ’“≤ªµΩ÷∏∂®µƒƒ£øÈ°£
 Unknown Á¨¨ 0 Ë°å.

[ 2015-08-20T08:32:56+08:00 ] 220.181.108.147 /
INFO: [ app_begin ] --START--
INFO: Run ReadHtmlCache Behavior [ RunTime:0.001635s ]
INFO: [ app_begin ] --END-- [ RunTime:0.001785s ]
SQL: SHOW COLUMNS FROM `wy_links` [ RunTime:0.224049s ]
SQL: SELECT * FROM `wy_links` WHERE ( `status` = 1 )  [ RunTime:0.000385s ]
NOTIC: [2] Cannot use a scalar value as an array D:\www\qmyx.wuyelaile.com\weiwincms\_Core\Lib\Core\View.class.php Á¨¨ 69 Ë°å.
INFO: [ view_template ] --START--
INFO: Run LocationTemplate Behavior [ RunTime:-0.299110s ]
INFO: [ view_template ] --END-- [ RunTime:0.027365s ]
INFO: [ view_parse ] --START--
INFO: Run ParseTemplate Behavior [ RunTime:-0.326561s ]
INFO: [ view_parse ] --END-- [ RunTime:0.135453s ]
INFO: [ view_filter ] --START--
INFO: Run ContentReplace Behavior [ RunTime:-0.462097s ]
INFO: Run TokenBuild Behavior [ RunTime:-0.463651s ]
INFO: Run WriteHtmlCache Behavior [ RunTime:-0.465463s ]
INFO: Run ShowRuntime Behavior [ RunTime:-0.466968s ]
INFO: [ view_filter ] --END-- [ RunTime:0.006479s ]
INFO: [ view_end ] --START--
INFO: Run ShowPageTrace Behavior [ RunTime:-0.468761s ]
INFO: [ view_end ] --END-- [ RunTime:0.001820s ]

[ 2015-08-20T10:04:48+08:00 ] ERR: (ThinkException) Êó†Ê≥ïÂä†ËΩΩÊ®°Âùó:map
[ 2015-08-20T21:50:21+08:00 ] 222.174.75.110 /index.php?g=Wap&m=Agent&a=loupanInfo&token=jeifef1412084627&wecha_id=oI5B3uPjPHu6b08yeb4XYXu08PlY&id=29
INFO: [ app_begin ] --START--
INFO: Run ReadHtmlCache Behavior [ RunTime:0.004265s ]
INFO: [ app_begin ] --END-- [ RunTime:0.004459s ]
SQL: SHOW COLUMNS FROM `wy_lpinfo` [ RunTime:0.141503s ]
SQL: UPDATE `wy_lpinfo` SET `video`=video+1 WHERE ( `id` = 29 ) AND ( `token` = 'jeifef1412084627' ) [ RunTime:0.041786s ]
SQL: SELECT * FROM `wy_lpinfo` WHERE ( `id` = 29 ) AND ( `token` = 'jeifef1412084627' ) LIMIT 1   [ RunTime:0.000900s ]
NOTIC: [2] Cannot use a scalar value as an array D:\www\qmyx.wuyelaile.com\weiwincms\_Core\Lib\Core\View.class.php Á¨¨ 69 Ë°å.
INFO: [ view_template ] --START--
INFO: Run LocationTemplate Behavior [ RunTime:-0.334234s ]
INFO: [ view_template ] --END-- [ RunTime:0.048009s ]
INFO: [ view_parse ] --START--
NOTIC: [8] Undefined variable: url D:\www\qmyx.wuyelaile.com\weiwindata\logs\Cache\Wap\15cb069a79c1a70eb570b5aca2bb66be.php Á¨¨ 22 Ë°å.
NOTIC: [8] Undefined variable: jjrarr D:\www\qmyx.wuyelaile.com\weiwindata\logs\Cache\Wap\15cb069a79c1a70eb570b5aca2bb66be.php Á¨¨ 139 Ë°å.
INFO: Run ParseTemplate Behavior [ RunTime:-0.382497s ]
INFO: [ view_parse ] --END-- [ RunTime:0.519894s ]
INFO: [ view_filter ] --START--
INFO: Run ContentReplace Behavior [ RunTime:-0.902453s ]
INFO: Run TokenBuild Behavior [ RunTime:-0.904959s ]
INFO: Run WriteHtmlCache Behavior [ RunTime:-0.907156s ]
INFO: Run ShowRuntime Behavior [ RunTime:-0.908914s ]
INFO: [ view_filter ] --END-- [ RunTime:0.008480s ]
INFO: [ view_end ] --START--
INFO: Run ShowPageTrace Behavior [ RunTime:-0.911056s ]
INFO: [ view_end ] --END-- [ RunTime:0.002016s ]

[ 2015-08-20T21:50:21+08:00 ] 222.174.75.110 /index.php?g=Wap&m=Agent&a=loupanInfo&token=jeifef1412084627&wecha_id=oI5B3uPjPHu6b08yeb4XYXu08PlY&id=29
NOTIC: [32] PHP Startup: Unable to load dynamic library 'D:\WebServer\php-5.2.5 (x64)\ext\php_fileinfo.dll' - ’“≤ªµΩ÷∏∂®µƒƒ£øÈ°£
 Unknown Á¨¨ 0 Ë°å.

