[ 2015-08-11T19:26:27+08:00 ] 123.125.71.89 /
INFO: [ app_begin ] --START--
INFO: Run ReadHtmlCache Behavior [ RunTime:0.003539s ]
INFO: [ app_begin ] --END-- [ RunTime:0.003706s ]
SQL: SHOW COLUMNS FROM `wy_links` [ RunTime:0.072420s ]
SQL: SELECT * FROM `wy_links` WHERE ( `status` = 1 )  [ RunTime:0.000320s ]
NOTIC: [2] Cannot use a scalar value as an array D:\www\qmyx.wuyelaile.com\weiwincms\_Core\Lib\Core\View.class.php 第 69 行.
INFO: [ view_template ] --START--
INFO: Run LocationTemplate Behavior [ RunTime:-0.176534s ]
INFO: [ view_template ] --END-- [ RunTime:0.033221s ]
INFO: [ view_parse ] --START--
INFO: Run ParseTemplate Behavior [ RunTime:-0.209855s ]
INFO: [ view_parse ] --END-- [ RunTime:0.067984s ]
INFO: [ view_filter ] --START--
INFO: Run ContentReplace Behavior [ RunTime:-0.277967s ]
INFO: Run TokenBuild Behavior [ RunTime:-0.281011s ]
INFO: Run WriteHtmlCache Behavior [ RunTime:-0.283626s ]
INFO: Run ShowRuntime Behavior [ RunTime:-0.285706s ]
INFO: [ view_filter ] --END-- [ RunTime:0.010005s ]
INFO: [ view_end ] --START--
INFO: Run ShowPageTrace Behavior [ RunTime:-0.288073s ]
INFO: [ view_end ] --END-- [ RunTime:0.003026s ]

[ 2015-08-11T19:26:38+08:00 ] 220.181.108.99 /
INFO: [ app_begin ] --START--
INFO: Run ReadHtmlCache Behavior [ RunTime:0.001280s ]
INFO: [ app_begin ] --END-- [ RunTime:0.001422s ]
SQL: SHOW COLUMNS FROM `wy_links` [ RunTime:0.002360s ]
SQL: SELECT * FROM `wy_links` WHERE ( `status` = 1 )  [ RunTime:0.000273s ]
NOTIC: [2] Cannot use a scalar value as an array D:\www\qmyx.wuyelaile.com\weiwincms\_Core\Lib\Core\View.class.php 第 69 行.
INFO: [ view_template ] --START--
INFO: Run LocationTemplate Behavior [ RunTime:-0.041460s ]
INFO: [ view_template ] --END-- [ RunTime:0.001751s ]
INFO: [ view_parse ] --START--
INFO: Run ParseTemplate Behavior [ RunTime:-0.043312s ]
INFO: [ view_parse ] --END-- [ RunTime:0.014477s ]
INFO: [ view_filter ] --START--
INFO: Run ContentReplace Behavior [ RunTime:-0.057986s ]
INFO: Run TokenBuild Behavior [ RunTime:-0.059225s ]
INFO: Run WriteHtmlCache Behavior [ RunTime:-0.060732s ]
INFO: Run ShowRuntime Behavior [ RunTime:-0.062053s ]
INFO: [ view_filter ] --END-- [ RunTime:0.005631s ]
INFO: [ view_end ] --START--
INFO: Run ShowPageTrace Behavior [ RunTime:-0.063782s ]
INFO: [ view_end ] --END-- [ RunTime:0.001535s ]

[ 2015-08-11T19:28:01+08:00 ] 220.181.108.78 /
INFO: [ app_begin ] --START--
INFO: Run ReadHtmlCache Behavior [ RunTime:0.001443s ]
INFO: [ app_begin ] --END-- [ RunTime:0.001601s ]
SQL: SHOW COLUMNS FROM `wy_links` [ RunTime:0.002385s ]
SQL: SELECT * FROM `wy_links` WHERE ( `status` = 1 )  [ RunTime:0.000226s ]
NOTIC: [2] Cannot use a scalar value as an array D:\www\qmyx.wuyelaile.com\weiwincms\_Core\Lib\Core\View.class.php 第 69 行.
INFO: [ view_template ] --START--
INFO: Run LocationTemplate Behavior [ RunTime:-0.023653s ]
INFO: [ view_template ] --END-- [ RunTime:0.001955s ]
INFO: [ view_parse ] --START--
INFO: Run ParseTemplate Behavior [ RunTime:-0.025723s ]
INFO: [ view_parse ] --END-- [ RunTime:0.014508s ]
INFO: [ view_filter ] --START--
INFO: Run ContentReplace Behavior [ RunTime:-0.040276s ]
INFO: Run TokenBuild Behavior [ RunTime:-0.041440s ]
INFO: Run WriteHtmlCache Behavior [ RunTime:-0.042853s ]
INFO: Run ShowRuntime Behavior [ RunTime:-0.044046s ]
INFO: [ view_filter ] --END-- [ RunTime:0.005274s ]
INFO: [ view_end ] --START--
INFO: Run ShowPageTrace Behavior [ RunTime:-0.045671s ]
INFO: [ view_end ] --END-- [ RunTime:0.001608s ]

[ 2015-08-11T19:28:35+08:00 ] 123.125.71.85 /
INFO: [ app_begin ] --START--
INFO: Run ReadHtmlCache Behavior [ RunTime:0.001812s ]
INFO: [ app_begin ] --END-- [ RunTime:0.001958s ]
SQL: SHOW COLUMNS FROM `wy_links` [ RunTime:0.002337s ]
SQL: SELECT * FROM `wy_links` WHERE ( `status` = 1 )  [ RunTime:0.000249s ]
NOTIC: [2] Cannot use a scalar value as an array D:\www\qmyx.wuyelaile.com\weiwincms\_Core\Lib\Core\View.class.php 第 69 行.
INFO: [ view_template ] --START--
INFO: Run LocationTemplate Behavior [ RunTime:-0.024847s ]
INFO: [ view_template ] --END-- [ RunTime:0.002118s ]
INFO: [ view_parse ] --START--
INFO: Run ParseTemplate Behavior [ RunTime:-0.027067s ]
INFO: [ view_parse ] --END-- [ RunTime:0.015345s ]
INFO: [ view_filter ] --START--
INFO: Run ContentReplace Behavior [ RunTime:-0.042499s ]
INFO: Run TokenBuild Behavior [ RunTime:-0.043946s ]
INFO: Run WriteHtmlCache Behavior [ RunTime:-0.045390s ]
INFO: Run ShowRuntime Behavior [ RunTime:-0.046628s ]
INFO: [ view_filter ] --END-- [ RunTime:0.005606s ]
INFO: [ view_end ] --START--
INFO: Run ShowPageTrace Behavior [ RunTime:-0.048216s ]
INFO: [ view_end ] --END-- [ RunTime:0.001807s ]

