[ 2015-07-12T05:23:00+08:00 ] 220.181.108.95 /
INFO: [ app_begin ] --START--
INFO: Run ReadHtmlCache Behavior [ RunTime:0.008049s ]
INFO: [ app_begin ] --END-- [ RunTime:0.008213s ]
SQL: SHOW COLUMNS FROM `wy_links` [ RunTime:0.027292s ]
SQL: SELECT * FROM `wy_links` WHERE ( `status` = 1 )  [ RunTime:0.000208s ]
NOTIC: [2] Cannot use a scalar value as an array D:\www\qmyx.wuyelaile.com\weiwincms\_Core\Lib\Core\View.class.php 第 69 行.
INFO: [ view_template ] --START--
INFO: Run LocationTemplate Behavior [ RunTime:-0.115557s ]
INFO: [ view_template ] --END-- [ RunTime:0.024477s ]
INFO: [ view_parse ] --START--
INFO: Run ParseTemplate Behavior [ RunTime:-0.140161s ]
INFO: [ view_parse ] --END-- [ RunTime:0.114739s ]
INFO: [ view_filter ] --START--
INFO: Run ContentReplace Behavior [ RunTime:-0.254978s ]
INFO: Run TokenBuild Behavior [ RunTime:-0.260764s ]
INFO: Run WriteHtmlCache Behavior [ RunTime:-0.266803s ]
INFO: Run ShowRuntime Behavior [ RunTime:-0.272534s ]
INFO: [ view_filter ] --END-- [ RunTime:0.023523s ]
INFO: [ view_end ] --START--
INFO: Run ShowPageTrace Behavior [ RunTime:-0.278606s ]
INFO: [ view_end ] --END-- [ RunTime:0.006479s ]

[ 2015-07-12T07:28:37+08:00 ] 123.125.71.57 /
INFO: [ app_begin ] --START--
INFO: Run ReadHtmlCache Behavior [ RunTime:0.004810s ]
INFO: [ app_begin ] --END-- [ RunTime:0.004977s ]
SQL: SHOW COLUMNS FROM `wy_links` [ RunTime:0.032946s ]
SQL: SELECT * FROM `wy_links` WHERE ( `status` = 1 )  [ RunTime:0.000254s ]
NOTIC: [2] Cannot use a scalar value as an array D:\www\qmyx.wuyelaile.com\weiwincms\_Core\Lib\Core\View.class.php 第 69 行.
INFO: [ view_template ] --START--
INFO: Run LocationTemplate Behavior [ RunTime:-0.085206s ]
INFO: [ view_template ] --END-- [ RunTime:0.006965s ]
INFO: [ view_parse ] --START--
INFO: Run ParseTemplate Behavior [ RunTime:-0.092263s ]
INFO: [ view_parse ] --END-- [ RunTime:0.039678s ]
INFO: [ view_filter ] --START--
INFO: Run ContentReplace Behavior [ RunTime:-0.132055s ]
INFO: Run TokenBuild Behavior [ RunTime:-0.137136s ]
INFO: Run WriteHtmlCache Behavior [ RunTime:-0.142957s ]
INFO: Run ShowRuntime Behavior [ RunTime:-0.148376s ]
INFO: [ view_filter ] --END-- [ RunTime:0.021519s ]
INFO: [ view_end ] --START--
INFO: Run ShowPageTrace Behavior [ RunTime:-0.153701s ]
INFO: [ view_end ] --END-- [ RunTime:0.004942s ]

[ 2015-07-12T07:29:02+08:00 ] 220.181.108.96 /
INFO: [ app_begin ] --START--
INFO: Run ReadHtmlCache Behavior [ RunTime:0.005729s ]
INFO: [ app_begin ] --END-- [ RunTime:0.005931s ]
SQL: SHOW COLUMNS FROM `wy_links` [ RunTime:0.009408s ]
SQL: SELECT * FROM `wy_links` WHERE ( `status` = 1 )  [ RunTime:0.000206s ]
NOTIC: [2] Cannot use a scalar value as an array D:\www\qmyx.wuyelaile.com\weiwincms\_Core\Lib\Core\View.class.php 第 69 行.
INFO: [ view_template ] --START--
INFO: Run LocationTemplate Behavior [ RunTime:-0.062276s ]
INFO: [ view_template ] --END-- [ RunTime:0.006392s ]
INFO: [ view_parse ] --START--
INFO: Run ParseTemplate Behavior [ RunTime:-0.068747s ]
INFO: [ view_parse ] --END-- [ RunTime:0.032286s ]
INFO: [ view_filter ] --START--
INFO: Run ContentReplace Behavior [ RunTime:-0.101112s ]
INFO: Run TokenBuild Behavior [ RunTime:-0.105836s ]
INFO: Run WriteHtmlCache Behavior [ RunTime:-0.109854s ]
INFO: Run ShowRuntime Behavior [ RunTime:-0.115018s ]
INFO: [ view_filter ] --END-- [ RunTime:0.018751s ]
INFO: [ view_end ] --START--
INFO: Run ShowPageTrace Behavior [ RunTime:-0.119963s ]
INFO: [ view_end ] --END-- [ RunTime:0.004858s ]

[ 2015-07-12T07:29:57+08:00 ] 123.125.71.32 /
INFO: [ app_begin ] --START--
INFO: Run ReadHtmlCache Behavior [ RunTime:0.004799s ]
INFO: [ app_begin ] --END-- [ RunTime:0.004951s ]
SQL: SHOW COLUMNS FROM `wy_links` [ RunTime:0.008622s ]
SQL: SELECT * FROM `wy_links` WHERE ( `status` = 1 )  [ RunTime:0.000214s ]
NOTIC: [2] Cannot use a scalar value as an array D:\www\qmyx.wuyelaile.com\weiwincms\_Core\Lib\Core\View.class.php 第 69 行.
INFO: [ view_template ] --START--
INFO: Run LocationTemplate Behavior [ RunTime:-0.058331s ]
INFO: [ view_template ] --END-- [ RunTime:0.006028s ]
INFO: [ view_parse ] --START--
INFO: Run ParseTemplate Behavior [ RunTime:-0.064446s ]
INFO: [ view_parse ] --END-- [ RunTime:0.032504s ]
INFO: [ view_filter ] --START--
INFO: Run ContentReplace Behavior [ RunTime:-0.097034s ]
INFO: Run TokenBuild Behavior [ RunTime:-0.101664s ]
INFO: Run WriteHtmlCache Behavior [ RunTime:-0.105304s ]
INFO: Run ShowRuntime Behavior [ RunTime:-0.109883s ]
INFO: [ view_filter ] --END-- [ RunTime:0.017630s ]
INFO: [ view_end ] --START--
INFO: Run ShowPageTrace Behavior [ RunTime:-0.114768s ]
INFO: [ view_end ] --END-- [ RunTime:0.005263s ]

[ 2015-07-12T07:30:37+08:00 ] 220.181.108.109 /
INFO: [ app_begin ] --START--
INFO: Run ReadHtmlCache Behavior [ RunTime:0.005044s ]
INFO: [ app_begin ] --END-- [ RunTime:0.005218s ]
SQL: SHOW COLUMNS FROM `wy_links` [ RunTime:0.010919s ]
SQL: SELECT * FROM `wy_links` WHERE ( `status` = 1 )  [ RunTime:0.000229s ]
NOTIC: [2] Cannot use a scalar value as an array D:\www\qmyx.wuyelaile.com\weiwincms\_Core\Lib\Core\View.class.php 第 69 行.
INFO: [ view_template ] --START--
INFO: Run LocationTemplate Behavior [ RunTime:-0.062996s ]
INFO: [ view_template ] --END-- [ RunTime:0.006144s ]
INFO: [ view_parse ] --START--
INFO: Run ParseTemplate Behavior [ RunTime:-0.069287s ]
INFO: [ view_parse ] --END-- [ RunTime:0.034352s ]
INFO: [ view_filter ] --START--
INFO: Run ContentReplace Behavior [ RunTime:-0.103707s ]
INFO: Run TokenBuild Behavior [ RunTime:-0.108932s ]
INFO: Run WriteHtmlCache Behavior [ RunTime:-0.113159s ]
INFO: Run ShowRuntime Behavior [ RunTime:-0.118081s ]
INFO: [ view_filter ] --END-- [ RunTime:0.020077s ]
INFO: [ view_end ] --START--
INFO: Run ShowPageTrace Behavior [ RunTime:-0.124056s ]
INFO: [ view_end ] --END-- [ RunTime:0.006383s ]

