[ 2015-09-07T02:00:10+08:00 ] ERR: (ThinkException) Ê®°Êùø‰∏çÂ≠òÂú®[./tpl/Wap/default/Index_index.html]
[ 2015-09-07T02:00:10+08:00 ] ERR: (ThinkException) Ê®°Êùø‰∏çÂ≠òÂú®[./tpl/Wap/default/Index_index.html]
[ 2015-09-07T02:00:11+08:00 ] 180.153.201.212 /index.php?g=Wap
INFO: [ app_begin ] --START--
INFO: Run ReadHtmlCache Behavior [ RunTime:0.001055s ]
INFO: [ app_begin ] --END-- [ RunTime:0.001230s ]
SQL: SHOW COLUMNS FROM `wy_userinfo` [ RunTime:0.155341s ]
SQL: SELECT * FROM `wy_userinfo` WHERE ( `token` = null ) AND ( `wecha_id` = null ) LIMIT 1   [ RunTime:0.000523s ]
SQL: SHOW COLUMNS FROM `wy_wechat_group_list` [ RunTime:0.116584s ]
SQL: SELECT * FROM `wy_wechat_group_list` WHERE ( `token` = null ) AND ( `openid` = null ) LIMIT 1   [ RunTime:0.007512s ]
NOTIC: [2] unlink(./weiwindata/logs/Temp/5/f/5fe1fc0e0fdbfbaff4ab677cf3a37648.php) [<a href='function.unlink'>function.unlink</a>]: No such file or directory D:\www\qmyx.wuyelaile.com\weiwincms\_Core\Lib\Driver\Cache\CacheFile.class.php Á¨¨ 176 Ë°å.
SQL: SHOW COLUMNS FROM `wy_home` [ RunTime:0.171858s ]
SQL: SELECT * FROM `wy_home` WHERE ( `token` = null ) LIMIT 1   [ RunTime:0.031583s ]
NOTIC: [2] unlink(./weiwindata/logs/Temp/0/d/0d2c1c12d6393e604b6e35e960614004.php) [<a href='function.unlink'>function.unlink</a>]: No such file or directory D:\www\qmyx.wuyelaile.com\weiwincms\_Core\Lib\Driver\Cache\CacheFile.class.php Á¨¨ 176 Ë°å.
SQL: SHOW COLUMNS FROM `wy_wxuser` [ RunTime:0.105346s ]
SQL: SELECT * FROM `wy_wxuser` WHERE ( `token` = null ) LIMIT 1   [ RunTime:0.003511s ]
NOTIC: [2] unlink(./weiwindata/logs/Temp/8/b/8b27330c23d5c53e2409cb5a50d9703d.php) [<a href='function.unlink'>function.unlink</a>]: No such file or directory D:\www\qmyx.wuyelaile.com\weiwincms\_Core\Lib\Driver\Cache\CacheFile.class.php Á¨¨ 176 Ë°å.
SQL: SHOW COLUMNS FROM `wy_catemenu` [ RunTime:0.165181s ]
SQL: SELECT * FROM `wy_catemenu` WHERE ( `token` = null ) AND ( `status` = 1 ) ORDER BY orderss desc  [ RunTime:0.000213s ]
NOTIC: [2] unlink(./weiwindata/logs/Temp/5/8/5848d5204b5e414e87c386581aa4207f.php) [<a href='function.unlink'>function.unlink</a>]: No such file or directory D:\www\qmyx.wuyelaile.com\weiwincms\_Core\Lib\Driver\Cache\CacheFile.class.php Á¨¨ 176 Ë°å.
SQL: SHOW COLUMNS FROM `wy_catemenu` [ RunTime:0.061706s ]
NOTIC: [8] Undefined index:  lpid D:\www\qmyx.wuyelaile.com\weiwincms\Lib\Action\WapAction.class.php Á¨¨ 80 Ë°å.
SQL: SELECT * FROM `wy_catemenu` WHERE ( `token` = null ) AND ( `status` = 1 ) AND ( `lpid` = null )  [ RunTime:0.000411s ]
SQL: SHOW COLUMNS FROM `wy_users` [ RunTime:0.151553s ]
SQL: SELECT * FROM `wy_users` WHERE ( `id` = 0 ) LIMIT 1   [ RunTime:0.000493s ]
NOTIC: [2] unlink(./weiwindata/logs/Temp/e/f/efe21af28ac2c16b2c3515b7a677c7a3.php) [<a href='function.unlink'>function.unlink</a>]: No such file or directory D:\www\qmyx.wuyelaile.com\weiwincms\_Core\Lib\Driver\Cache\CacheFile.class.php Á¨¨ 176 Ë°å.
SQL: SHOW COLUMNS FROM `wy_user_group` [ RunTime:0.092136s ]
SQL: SELECT * FROM `wy_user_group` WHERE ( `id` = 0 ) LIMIT 1   [ RunTime:0.000315s ]
NOTIC: [2] unlink(./weiwindata/logs/Temp/c/1/c12b83863679c53a027170a94c2d1853.php) [<a href='function.unlink'>function.unlink</a>]: No such file or directory D:\www\qmyx.wuyelaile.com\weiwincms\_Core\Lib\Driver\Cache\CacheFile.class.php Á¨¨ 176 Ë°å.
SQL: SHOW COLUMNS FROM `wy_company` [ RunTime:0.108955s ]
SQL: SELECT * FROM `wy_company` WHERE ( `token` = null ) AND ( `isbranch` = 0 ) LIMIT 1   [ RunTime:0.000523s ]
NOTIC: [2] unlink(./weiwindata/logs/Temp/5/f/5f590e6483487102f9aedcd019d413c0.php) [<a href='function.unlink'>function.unlink</a>]: No such file or directory D:\www\qmyx.wuyelaile.com\weiwincms\_Core\Lib\Driver\Cache\CacheFile.class.php Á¨¨ 176 Ë°å.
SQL: SHOW COLUMNS FROM `wy_classify` [ RunTime:0.130743s ]
NOTIC: [8] Undefined index:  lpid D:\www\qmyx.wuyelaile.com\weiwincms\Lib\Action\Wap\IndexAction.class.php Á¨¨ 25 Ë°å.
SQL: SELECT * FROM `wy_classify` WHERE ( `token` = null ) AND ( `status` = 1 ) AND ( `lpid` = null ) ORDER BY sorts desc  [ RunTime:0.001997s ]
NOTIC: [2] Invalid argument supplied for foreach() D:\www\qmyx.wuyelaile.com\weiwincms\Lib\Action\Wap\IndexAction.class.php Á¨¨ 506 Ë°å.
SQL: SHOW COLUMNS FROM `wy_home` [ RunTime:0.073014s ]
SQL: SELECT * FROM `wy_home` WHERE ( `token` = null ) LIMIT 1   [ RunTime:0.000282s ]
SQL: SHOW COLUMNS FROM `wy_kefuonline` [ RunTime:0.246216s ]
SQL: SELECT * FROM `wy_kefuonline` WHERE ( `token` = null ) LIMIT 1   [ RunTime:0.019431s ]
SQL: SELECT * FROM `wy_home` WHERE ( `token` = null ) LIMIT 1   [ RunTime:0.000404s ]
NOTIC: [8] Undefined index:  lpid D:\www\qmyx.wuyelaile.com\weiwincms\Lib\Action\Wap\IndexAction.class.php Á¨¨ 90 Ë°å.
SQL: SHOW COLUMNS FROM `wy_lpinfo` [ RunTime:0.178147s ]
SQL: SELECT * FROM `wy_lpinfo` WHERE ( `token` = null ) LIMIT 1   [ RunTime:0.033513s ]
SQL: SHOW COLUMNS FROM `wy_flash` [ RunTime:0.110553s ]
SQL: SELECT * FROM `wy_flash` WHERE ( `token` = null ) AND ( `lpid` = null ) ORDER BY sort asc  [ RunTime:0.002958s ]
NOTIC: [2] Invalid argument supplied for foreach() D:\www\qmyx.wuyelaile.com\weiwincms\Lib\Action\Wap\IndexAction.class.php Á¨¨ 506 Ë°å.
NOTIC: [2] Invalid argument supplied for foreach() D:\www\qmyx.wuyelaile.com\weiwincms\Lib\Action\Wap\IndexAction.class.php Á¨¨ 99 Ë°å.
NOTIC: [8] Undefined index:  tpltypeid D:\www\qmyx.wuyelaile.com\weiwincms\Lib\Action\Wap\IndexAction.class.php Á¨¨ 131 Ë°å.
NOTIC: [8] Undefined index:  tpltypeid D:\www\qmyx.wuyelaile.com\weiwincms\Lib\Action\Wap\IndexAction.class.php Á¨¨ 131 Ë°å.
NOTIC: [8] Undefined index:  tpltypeid D:\www\qmyx.wuyelaile.com\weiwincms\Lib\Action\Wap\IndexAction.class.php Á¨¨ 131 Ë°å.
NOTIC: [8] Undefined index:  tpltypeid D:\www\qmyx.wuyelaile.com\weiwincms\Lib\Action\Wap\IndexAction.class.php Á¨¨ 131 Ë°å.
NOTIC: [8] Undefined index:  tpltypeid D:\www\qmyx.wuyelaile.com\weiwincms\Lib\Action\Wap\IndexAction.class.php Á¨¨ 131 Ë°å.
NOTIC: [8] Undefined index:  tpltypeid D:\www\qmyx.wuyelaile.com\weiwincms\Lib\Action\Wap\IndexAction.class.php Á¨¨ 131 Ë°å.
NOTIC: [8] Undefined index:  tpltypeid D:\www\qmyx.wuyelaile.com\weiwincms\Lib\Action\Wap\IndexAction.class.php Á¨¨ 131 Ë°å.
NOTIC: [8] Undefined index:  tpltypeid D:\www\qmyx.wuyelaile.com\weiwincms\Lib\Action\Wap\IndexAction.class.php Á¨¨ 131 Ë°å.
NOTIC: [8] Undefined index:  tpltypeid D:\www\qmyx.wuyelaile.com\weiwincms\Lib\Action\Wap\IndexAction.class.php Á¨¨ 131 Ë°å.
NOTIC: [8] Undefined index:  tpltypeid D:\www\qmyx.wuyelaile.com\weiwincms\Lib\Action\Wap\IndexAction.class.php Á¨¨ 131 Ë°å.
NOTIC: [8] Undefined index:  tpltypeid D:\www\qmyx.wuyelaile.com\weiwincms\Lib\Action\Wap\IndexAction.class.php Á¨¨ 131 Ë°å.
NOTIC: [8] Undefined index:  tpltypeid D:\www\qmyx.wuyelaile.com\weiwincms\Lib\Action\Wap\IndexAction.class.php Á¨¨ 131 Ë°å.
NOTIC: [8] Undefined index:  tpltypeid D:\www\qmyx.wuyelaile.com\weiwincms\Lib\Action\Wap\IndexAction.class.php Á¨¨ 131 Ë°å.
NOTIC: [8] Undefined index:  tpltypeid D:\www\qmyx.wuyelaile.com\weiwincms\Lib\Action\Wap\IndexAction.class.php Á¨¨ 131 Ë°å.
NOTIC: [8] Undefined index:  tpltypeid D:\www\qmyx.wuyelaile.com\weiwincms\Lib\Action\Wap\IndexAction.class.php Á¨¨ 131 Ë°å.
NOTIC: [8] Undefined index:  tpltypeid D:\www\qmyx.wuyelaile.com\weiwincms\Lib\Action\Wap\IndexAction.class.php Á¨¨ 131 Ë°å.
NOTIC: [8] Undefined index:  tpltypeid D:\www\qmyx.wuyelaile.com\weiwincms\Lib\Action\Wap\IndexAction.class.php Á¨¨ 131 Ë°å.
NOTIC: [8] Undefined index:  tpltypeid D:\www\qmyx.wuyelaile.com\weiwincms\Lib\Action\Wap\IndexAction.class.php Á¨¨ 131 Ë°å.
NOTIC: [8] Undefined index:  tpltypeid D:\www\qmyx.wuyelaile.com\weiwincms\Lib\Action\Wap\IndexAction.class.php Á¨¨ 131 Ë°å.
NOTIC: [8] Undefined index:  tpltypeid D:\www\qmyx.wuyelaile.com\weiwincms\Lib\Action\Wap\IndexAction.class.php Á¨¨ 131 Ë°å.
NOTIC: [8] Undefined index:  tpltypeid D:\www\qmyx.wuyelaile.com\weiwincms\Lib\Action\Wap\IndexAction.class.php Á¨¨ 131 Ë°å.
NOTIC: [8] Undefined index:  tpltypeid D:\www\qmyx.wuyelaile.com\weiwincms\Lib\Action\Wap\IndexAction.class.php Á¨¨ 131 Ë°å.
NOTIC: [8] Undefined index:  tpltypeid D:\www\qmyx.wuyelaile.com\weiwincms\Lib\Action\Wap\IndexAction.class.php Á¨¨ 131 Ë°å.
NOTIC: [8] Undefined index:  tpltypeid D:\www\qmyx.wuyelaile.com\weiwincms\Lib\Action\Wap\IndexAction.class.php Á¨¨ 131 Ë°å.
NOTIC: [8] Undefined index:  tpltypeid D:\www\qmyx.wuyelaile.com\weiwincms\Lib\Action\Wap\IndexAction.class.php Á¨¨ 131 Ë°å.
NOTIC: [8] Undefined index:  tpltypeid D:\www\qmyx.wuyelaile.com\weiwincms\Lib\Action\Wap\IndexAction.class.php Á¨¨ 131 Ë°å.
NOTIC: [8] Undefined index:  tpltypeid D:\www\qmyx.wuyelaile.com\weiwincms\Lib\Action\Wap\IndexAction.class.php Á¨¨ 131 Ë°å.
NOTIC: [8] Undefined index:  tpltypeid D:\www\qmyx.wuyelaile.com\weiwincms\Lib\Action\Wap\IndexAction.class.php Á¨¨ 131 Ë°å.
NOTIC: [8] Undefined index:  tpltypeid D:\www\qmyx.wuyelaile.com\weiwincms\Lib\Action\Wap\IndexAction.class.php Á¨¨ 131 Ë°å.
NOTIC: [8] Undefined index:  tpltypeid D:\www\qmyx.wuyelaile.com\weiwincms\Lib\Action\Wap\IndexAction.class.php Á¨¨ 131 Ë°å.
NOTIC: [8] Undefined index:  tpltypeid D:\www\qmyx.wuyelaile.com\weiwincms\Lib\Action\Wap\IndexAction.class.php Á¨¨ 131 Ë°å.
NOTIC: [8] Undefined index:  tpltypeid D:\www\qmyx.wuyelaile.com\weiwincms\Lib\Action\Wap\IndexAction.class.php Á¨¨ 131 Ë°å.
NOTIC: [8] Undefined index:  tpltypeid D:\www\qmyx.wuyelaile.com\weiwincms\Lib\Action\Wap\IndexAction.class.php Á¨¨ 131 Ë°å.
NOTIC: [8] Undefined index:  tpltypeid D:\www\qmyx.wuyelaile.com\weiwincms\Lib\Action\Wap\IndexAction.class.php Á¨¨ 131 Ë°å.
NOTIC: [8] Undefined index:  tpltypeid D:\www\qmyx.wuyelaile.com\weiwincms\Lib\Action\Wap\IndexAction.class.php Á¨¨ 131 Ë°å.
NOTIC: [8] Undefined index:  tpltypeid D:\www\qmyx.wuyelaile.com\weiwincms\Lib\Action\Wap\IndexAction.class.php Á¨¨ 131 Ë°å.
NOTIC: [8] Undefined index:  tpltypeid D:\www\qmyx.wuyelaile.com\weiwincms\Lib\Action\Wap\IndexAction.class.php Á¨¨ 131 Ë°å.
NOTIC: [8] Undefined index:  tpltypeid D:\www\qmyx.wuyelaile.com\weiwincms\Lib\Action\Wap\IndexAction.class.php Á¨¨ 131 Ë°å.
NOTIC: [8] Undefined index:  tpltypeid D:\www\qmyx.wuyelaile.com\weiwincms\Lib\Action\Wap\IndexAction.class.php Á¨¨ 131 Ë°å.
NOTIC: [8] Undefined index:  tpltypeid D:\www\qmyx.wuyelaile.com\weiwincms\Lib\Action\Wap\IndexAction.class.php Á¨¨ 131 Ë°å.
NOTIC: [8] Undefined index:  tpltypeid D:\www\qmyx.wuyelaile.com\weiwincms\Lib\Action\Wap\IndexAction.class.php Á¨¨ 131 Ë°å.
NOTIC: [8] Undefined index:  tpltypeid D:\www\qmyx.wuyelaile.com\weiwincms\Lib\Action\Wap\IndexAction.class.php Á¨¨ 131 Ë°å.
NOTIC: [8] Undefined index:  tpltypeid D:\www\qmyx.wuyelaile.com\weiwincms\Lib\Action\Wap\IndexAction.class.php Á¨¨ 131 Ë°å.
NOTIC: [8] Undefined index:  tpltypeid D:\www\qmyx.wuyelaile.com\weiwincms\Lib\Action\Wap\IndexAction.class.php Á¨¨ 131 Ë°å.
NOTIC: [8] Undefined index:  tpltypeid D:\www\qmyx.wuyelaile.com\weiwincms\Lib\Action\Wap\IndexAction.class.php Á¨¨ 131 Ë°å.
NOTIC: [8] Undefined index:  tpltypeid D:\www\qmyx.wuyelaile.com\weiwincms\Lib\Action\Wap\IndexAction.class.php Á¨¨ 131 Ë°å.
NOTIC: [8] Undefined index:  tpltypeid D:\www\qmyx.wuyelaile.com\weiwincms\Lib\Action\Wap\IndexAction.class.php Á¨¨ 131 Ë°å.
NOTIC: [8] Undefined index:  tpltypeid D:\www\qmyx.wuyelaile.com\weiwincms\Lib\Action\Wap\IndexAction.class.php Á¨¨ 131 Ë°å.
NOTIC: [8] Undefined index:  tpltypeid D:\www\qmyx.wuyelaile.com\weiwincms\Lib\Action\Wap\IndexAction.class.php Á¨¨ 131 Ë°å.
NOTIC: [8] Undefined index:  tpltypeid D:\www\qmyx.wuyelaile.com\weiwincms\Lib\Action\Wap\IndexAction.class.php Á¨¨ 131 Ë°å.
NOTIC: [8] Undefined index:  tpltypeid D:\www\qmyx.wuyelaile.com\weiwincms\Lib\Action\Wap\IndexAction.class.php Á¨¨ 131 Ë°å.
NOTIC: [8] Undefined index:  tpltypeid D:\www\qmyx.wuyelaile.com\weiwincms\Lib\Action\Wap\IndexAction.class.php Á¨¨ 131 Ë°å.
NOTIC: [8] Undefined index:  tpltypeid D:\www\qmyx.wuyelaile.com\weiwincms\Lib\Action\Wap\IndexAction.class.php Á¨¨ 131 Ë°å.
NOTIC: [8] Undefined index:  tpltypeid D:\www\qmyx.wuyelaile.com\weiwincms\Lib\Action\Wap\IndexAction.class.php Á¨¨ 131 Ë°å.
NOTIC: [8] Undefined index:  tpltypeid D:\www\qmyx.wuyelaile.com\weiwincms\Lib\Action\Wap\IndexAction.class.php Á¨¨ 131 Ë°å.
NOTIC: [8] Undefined index:  tpltypeid D:\www\qmyx.wuyelaile.com\weiwincms\Lib\Action\Wap\IndexAction.class.php Á¨¨ 131 Ë°å.
NOTIC: [8] Undefined index:  tpltypeid D:\www\qmyx.wuyelaile.com\weiwincms\Lib\Action\Wap\IndexAction.class.php Á¨¨ 131 Ë°å.
NOTIC: [8] Undefined index:  tpltypeid D:\www\qmyx.wuyelaile.com\weiwincms\Lib\Action\Wap\IndexAction.class.php Á¨¨ 131 Ë°å.
NOTIC: [8] Undefined index:  tpltypeid D:\www\qmyx.wuyelaile.com\weiwincms\Lib\Action\Wap\IndexAction.class.php Á¨¨ 131 Ë°å.
NOTIC: [8] Undefined index:  tpltypeid D:\www\qmyx.wuyelaile.com\weiwincms\Lib\Action\Wap\IndexAction.class.php Á¨¨ 131 Ë°å.
NOTIC: [8] Undefined index:  tpltypeid D:\www\qmyx.wuyelaile.com\weiwincms\Lib\Action\Wap\IndexAction.class.php Á¨¨ 131 Ë°å.
NOTIC: [8] Undefined index:  tpltypeid D:\www\qmyx.wuyelaile.com\weiwincms\Lib\Action\Wap\IndexAction.class.php Á¨¨ 131 Ë°å.
NOTIC: [8] Undefined index:  tpltypeid D:\www\qmyx.wuyelaile.com\weiwincms\Lib\Action\Wap\IndexAction.class.php Á¨¨ 131 Ë°å.
NOTIC: [8] Undefined index:  tpltypeid D:\www\qmyx.wuyelaile.com\weiwincms\Lib\Action\Wap\IndexAction.class.php Á¨¨ 131 Ë°å.
NOTIC: [8] Undefined index:  tpltypeid D:\www\qmyx.wuyelaile.com\weiwincms\Lib\Action\Wap\IndexAction.class.php Á¨¨ 131 Ë°å.
NOTIC: [8] Undefined index:  tpltypeid D:\www\qmyx.wuyelaile.com\weiwincms\Lib\Action\Wap\IndexAction.class.php Á¨¨ 131 Ë°å.
NOTIC: [8] Undefined index:  tpltypeid D:\www\qmyx.wuyelaile.com\weiwincms\Lib\Action\Wap\IndexAction.class.php Á¨¨ 131 Ë°å.
NOTIC: [8] Undefined index:  tpltypeid D:\www\qmyx.wuyelaile.com\weiwincms\Lib\Action\Wap\IndexAction.class.php Á¨¨ 131 Ë°å.
NOTIC: [8] Undefined index:  tpltypeid D:\www\qmyx.wuyelaile.com\weiwincms\Lib\Action\Wap\IndexAction.class.php Á¨¨ 131 Ë°å.
NOTIC: [8] Undefined index:  tpltypeid D:\www\qmyx.wuyelaile.com\weiwincms\Lib\Action\Wap\IndexAction.class.php Á¨¨ 131 Ë°å.
NOTIC: [8] Undefined index:  tpltypeid D:\www\qmyx.wuyelaile.com\weiwincms\Lib\Action\Wap\IndexAction.class.php Á¨¨ 131 Ë°å.
NOTIC: [8] Undefined index:  tpltypeid D:\www\qmyx.wuyelaile.com\weiwincms\Lib\Action\Wap\IndexAction.class.php Á¨¨ 131 Ë°å.
NOTIC: [8] Undefined index:  tpltypeid D:\www\qmyx.wuyelaile.com\weiwincms\Lib\Action\Wap\IndexAction.class.php Á¨¨ 131 Ë°å.
NOTIC: [8] Undefined index:  tpltypeid D:\www\qmyx.wuyelaile.com\weiwincms\Lib\Action\Wap\IndexAction.class.php Á¨¨ 131 Ë°å.
NOTIC: [8] Undefined index:  tpltypeid D:\www\qmyx.wuyelaile.com\weiwincms\Lib\Action\Wap\IndexAction.class.php Á¨¨ 131 Ë°å.
NOTIC: [8] Undefined index:  tpltypeid D:\www\qmyx.wuyelaile.com\weiwincms\Lib\Action\Wap\IndexAction.class.php Á¨¨ 131 Ë°å.
NOTIC: [8] Undefined index:  tpltypeid D:\www\qmyx.wuyelaile.com\weiwincms\Lib\Action\Wap\IndexAction.class.php Á¨¨ 131 Ë°å.
NOTIC: [8] Undefined index:  tpltypeid D:\www\qmyx.wuyelaile.com\weiwincms\Lib\Action\Wap\IndexAction.class.php Á¨¨ 131 Ë°å.
NOTIC: [8] Undefined index:  tpltypeid D:\www\qmyx.wuyelaile.com\weiwincms\Lib\Action\Wap\IndexAction.class.php Á¨¨ 131 Ë°å.
NOTIC: [8] Undefined index:  tpltypeid D:\www\qmyx.wuyelaile.com\weiwincms\Lib\Action\Wap\IndexAction.class.php Á¨¨ 131 Ë°å.
NOTIC: [8] Undefined index:  tpltypeid D:\www\qmyx.wuyelaile.com\weiwincms\Lib\Action\Wap\IndexAction.class.php Á¨¨ 131 Ë°å.
NOTIC: [8] Undefined index:  tpltypeid D:\www\qmyx.wuyelaile.com\weiwincms\Lib\Action\Wap\IndexAction.class.php Á¨¨ 131 Ë°å.
NOTIC: [8] Undefined index:  tpltypeid D:\www\qmyx.wuyelaile.com\weiwincms\Lib\Action\Wap\IndexAction.class.php Á¨¨ 131 Ë°å.
NOTIC: [8] Undefined index:  tpltypeid D:\www\qmyx.wuyelaile.com\weiwincms\Lib\Action\Wap\IndexAction.class.php Á¨¨ 131 Ë°å.
NOTIC: [8] Undefined index:  tpltypeid D:\www\qmyx.wuyelaile.com\weiwincms\Lib\Action\Wap\IndexAction.class.php Á¨¨ 131 Ë°å.
NOTIC: [8] Undefined index:  tpltypeid D:\www\qmyx.wuyelaile.com\weiwincms\Lib\Action\Wap\IndexAction.class.php Á¨¨ 131 Ë°å.
NOTIC: [8] Undefined index:  tpltypeid D:\www\qmyx.wuyelaile.com\weiwincms\Lib\Action\Wap\IndexAction.class.php Á¨¨ 131 Ë°å.
NOTIC: [8] Undefined index:  tpltypeid D:\www\qmyx.wuyelaile.com\weiwincms\Lib\Action\Wap\IndexAction.class.php Á¨¨ 131 Ë°å.
NOTIC: [8] Undefined index:  tpltypeid D:\www\qmyx.wuyelaile.com\weiwincms\Lib\Action\Wap\IndexAction.class.php Á¨¨ 131 Ë°å.
NOTIC: [8] Undefined index:  tpltypeid D:\www\qmyx.wuyelaile.com\weiwincms\Lib\Action\Wap\IndexAction.class.php Á¨¨ 131 Ë°å.
NOTIC: [8] Undefined index:  tpltypeid D:\www\qmyx.wuyelaile.com\weiwincms\Lib\Action\Wap\IndexAction.class.php Á¨¨ 131 Ë°å.
NOTIC: [8] Undefined index:  tpltypeid D:\www\qmyx.wuyelaile.com\weiwincms\Lib\Action\Wap\IndexAction.class.php Á¨¨ 131 Ë°å.
NOTIC: [8] Undefined index:  tpltypeid D:\www\qmyx.wuyelaile.com\weiwincms\Lib\Action\Wap\IndexAction.class.php Á¨¨ 131 Ë°å.
NOTIC: [8] Undefined index:  tpltypeid D:\www\qmyx.wuyelaile.com\weiwincms\Lib\Action\Wap\IndexAction.class.php Á¨¨ 131 Ë°å.
NOTIC: [8] Undefined index:  tpltypeid D:\www\qmyx.wuyelaile.com\weiwincms\Lib\Action\Wap\IndexAction.class.php Á¨¨ 131 Ë°å.
NOTIC: [8] Undefined index:  tpltypeid D:\www\qmyx.wuyelaile.com\weiwincms\Lib\Action\Wap\IndexAction.class.php Á¨¨ 131 Ë°å.
NOTIC: [8] Undefined index:  tpltypeid D:\www\qmyx.wuyelaile.com\weiwincms\Lib\Action\Wap\IndexAction.class.php Á¨¨ 131 Ë°å.
NOTIC: [8] Undefined index:  tpltypeid D:\www\qmyx.wuyelaile.com\weiwincms\Lib\Action\Wap\IndexAction.class.php Á¨¨ 131 Ë°å.
NOTIC: [8] Undefined index:  tpltypeid D:\www\qmyx.wuyelaile.com\weiwincms\Lib\Action\Wap\IndexAction.class.php Á¨¨ 131 Ë°å.
NOTIC: [8] Undefined index:  tpltypeid D:\www\qmyx.wuyelaile.com\weiwincms\Lib\Action\Wap\IndexAction.class.php Á¨¨ 131 Ë°å.
NOTIC: [8] Undefined index:  tpltypeid D:\www\qmyx.wuyelaile.com\weiwincms\Lib\Action\Wap\IndexAction.class.php Á¨¨ 131 Ë°å.
NOTIC: [8] Undefined index:  tpltypeid D:\www\qmyx.wuyelaile.com\weiwincms\Lib\Action\Wap\IndexAction.class.php Á¨¨ 131 Ë°å.
NOTIC: [8] Undefined index:  tpltypeid D:\www\qmyx.wuyelaile.com\weiwincms\Lib\Action\Wap\IndexAction.class.php Á¨¨ 131 Ë°å.
NOTIC: [8] Undefined index:  tpltypeid D:\www\qmyx.wuyelaile.com\weiwincms\Lib\Action\Wap\IndexAction.class.php Á¨¨ 131 Ë°å.
NOTIC: [8] Undefined index:  tpltypeid D:\www\qmyx.wuyelaile.com\weiwincms\Lib\Action\Wap\IndexAction.class.php Á¨¨ 131 Ë°å.
NOTIC: [8] Undefined index:  tpltypeid D:\www\qmyx.wuyelaile.com\weiwincms\Lib\Action\Wap\IndexAction.class.php Á¨¨ 131 Ë°å.
NOTIC: [8] Undefined index:  tpltypeid D:\www\qmyx.wuyelaile.com\weiwincms\Lib\Action\Wap\IndexAction.class.php Á¨¨ 131 Ë°å.
NOTIC: [8] Undefined index:  tpltypeid D:\www\qmyx.wuyelaile.com\weiwincms\Lib\Action\Wap\IndexAction.class.php Á¨¨ 131 Ë°å.
NOTIC: [8] Undefined index:  tpltypeid D:\www\qmyx.wuyelaile.com\weiwincms\Lib\Action\Wap\IndexAction.class.php Á¨¨ 131 Ë°å.
NOTIC: [8] Undefined index:  tpltypeid D:\www\qmyx.wuyelaile.com\weiwincms\Lib\Action\Wap\IndexAction.class.php Á¨¨ 131 Ë°å.
NOTIC: [8] Undefined index:  tpltypeid D:\www\qmyx.wuyelaile.com\weiwincms\Lib\Action\Wap\IndexAction.class.php Á¨¨ 131 Ë°å.
NOTIC: [8] Undefined index:  tpltypeid D:\www\qmyx.wuyelaile.com\weiwincms\Lib\Action\Wap\IndexAction.class.php Á¨¨ 131 Ë°å.
NOTIC: [8] Undefined index:  tpltypeid D:\www\qmyx.wuyelaile.com\weiwincms\Lib\Action\Wap\IndexAction.class.php Á¨¨ 131 Ë°å.
NOTIC: [8] Undefined index:  tpltypeid D:\www\qmyx.wuyelaile.com\weiwincms\Lib\Action\Wap\IndexAction.class.php Á¨¨ 131 Ë°å.
NOTIC: [8] Undefined index:  tpltypeid D:\www\qmyx.wuyelaile.com\weiwincms\Lib\Action\Wap\IndexAction.class.php Á¨¨ 131 Ë°å.
NOTIC: [8] Undefined index:  tpltypeid D:\www\qmyx.wuyelaile.com\weiwincms\Lib\Action\Wap\IndexAction.class.php Á¨¨ 131 Ë°å.
NOTIC: [8] Undefined index:  tpltypeid D:\www\qmyx.wuyelaile.com\weiwincms\Lib\Action\Wap\IndexAction.class.php Á¨¨ 131 Ë°å.
NOTIC: [8] Undefined index:  tpltypeid D:\www\qmyx.wuyelaile.com\weiwincms\Lib\Action\Wap\IndexAction.class.php Á¨¨ 131 Ë°å.
NOTIC: [8] Undefined index:  tpltypeid D:\www\qmyx.wuyelaile.com\weiwincms\Lib\Action\Wap\IndexAction.class.php Á¨¨ 131 Ë°å.
NOTIC: [8] Undefined index:  tpltypeid D:\www\qmyx.wuyelaile.com\weiwincms\Lib\Action\Wap\IndexAction.class.php Á¨¨ 131 Ë°å.
NOTIC: [8] Undefined index:  tpltypeid D:\www\qmyx.wuyelaile.com\weiwincms\Lib\Action\Wap\IndexAction.class.php Á¨¨ 131 Ë°å.
NOTIC: [8] Undefined index:  tpltypeid D:\www\qmyx.wuyelaile.com\weiwincms\Lib\Action\Wap\IndexAction.class.php Á¨¨ 131 Ë°å.
NOTIC: [8] Undefined index:  tpltypeid D:\www\qmyx.wuyelaile.com\weiwincms\Lib\Action\Wap\IndexAction.class.php Á¨¨ 131 Ë°å.
NOTIC: [8] Undefined index:  tpltypeid D:\www\qmyx.wuyelaile.com\weiwincms\Lib\Action\Wap\IndexAction.class.php Á¨¨ 131 Ë°å.
NOTIC: [8] Undefined index:  tpltypeid D:\www\qmyx.wuyelaile.com\weiwincms\Lib\Action\Wap\IndexAction.class.php Á¨¨ 131 Ë°å.
NOTIC: [8] Undefined index:  tpltypeid D:\www\qmyx.wuyelaile.com\weiwincms\Lib\Action\Wap\IndexAction.class.php Á¨¨ 131 Ë°å.
NOTIC: [8] Undefined index:  tpltypeid D:\www\qmyx.wuyelaile.com\weiwincms\Lib\Action\Wap\IndexAction.class.php Á¨¨ 131 Ë°å.
NOTIC: [8] Undefined index:  tpltypeid D:\www\qmyx.wuyelaile.com\weiwincms\Lib\Action\Wap\IndexAction.class.php Á¨¨ 131 Ë°å.
NOTIC: [8] Undefined index:  tpltypeid D:\www\qmyx.wuyelaile.com\weiwincms\Lib\Action\Wap\IndexAction.class.php Á¨¨ 131 Ë°å.
NOTIC: [8] Undefined index:  tpltypeid D:\www\qmyx.wuyelaile.com\weiwincms\Lib\Action\Wap\IndexAction.class.php Á¨¨ 131 Ë°å.
NOTIC: [8] Undefined index:  tpltypeid D:\www\qmyx.wuyelaile.com\weiwincms\Lib\Action\Wap\IndexAction.class.php Á¨¨ 131 Ë°å.
NOTIC: [8] Undefined index:  tpltypeid D:\www\qmyx.wuyelaile.com\weiwincms\Lib\Action\Wap\IndexAction.class.php Á¨¨ 131 Ë°å.
NOTIC: [8] Undefined index:  tpltypeid D:\www\qmyx.wuyelaile.com\weiwincms\Lib\Action\Wap\IndexAction.class.php Á¨¨ 131 Ë°å.
NOTIC: [8] Undefined index:  tpltypeid D:\www\qmyx.wuyelaile.com\weiwincms\Lib\Action\Wap\IndexAction.class.php Á¨¨ 131 Ë°å.
NOTIC: [8] Undefined index:  tpltypeid D:\www\qmyx.wuyelaile.com\weiwincms\Lib\Action\Wap\IndexAction.class.php Á¨¨ 131 Ë°å.
NOTIC: [8] Undefined index:  tpltypeid D:\www\qmyx.wuyelaile.com\weiwincms\Lib\Action\Wap\IndexAction.class.php Á¨¨ 131 Ë°å.
NOTIC: [8] Undefined index:  tpltypeid D:\www\qmyx.wuyelaile.com\weiwincms\Lib\Action\Wap\IndexAction.class.php Á¨¨ 131 Ë°å.
NOTIC: [8] Undefined index:  tpltypeid D:\www\qmyx.wuyelaile.com\weiwincms\Lib\Action\Wap\IndexAction.class.php Á¨¨ 131 Ë°å.
NOTIC: [8] Undefined index:  tpltypeid D:\www\qmyx.wuyelaile.com\weiwincms\Lib\Action\Wap\IndexAction.class.php Á¨¨ 131 Ë°å.
NOTIC: [8] Undefined index:  tpltypeid D:\www\qmyx.wuyelaile.com\weiwincms\Lib\Action\Wap\IndexAction.class.php Á¨¨ 131 Ë°å.
NOTIC: [8] Undefined index:  tpltypeid D:\www\qmyx.wuyelaile.com\weiwincms\Lib\Action\Wap\IndexAction.class.php Á¨¨ 131 Ë°å.
NOTIC: [8] Undefined index:  tpltypeid D:\www\qmyx.wuyelaile.com\weiwincms\Lib\Action\Wap\IndexAction.class.php Á¨¨ 131 Ë°å.
NOTIC: [8] Undefined index:  tpltypeid D:\www\qmyx.wuyelaile.com\weiwincms\Lib\Action\Wap\IndexAction.class.php Á¨¨ 131 Ë°å.
NOTIC: [8] Undefined index:  tpltypeid D:\www\qmyx.wuyelaile.com\weiwincms\Lib\Action\Wap\IndexAction.class.php Á¨¨ 131 Ë°å.
NOTIC: [8] Undefined index:  tpltypeid D:\www\qmyx.wuyelaile.com\weiwincms\Lib\Action\Wap\IndexAction.class.php Á¨¨ 131 Ë°å.
NOTIC: [8] Undefined index:  tpltypeid D:\www\qmyx.wuyelaile.com\weiwincms\Lib\Action\Wap\IndexAction.class.php Á¨¨ 131 Ë°å.
NOTIC: [8] Undefined index:  tpltypeid D:\www\qmyx.wuyelaile.com\weiwincms\Lib\Action\Wap\IndexAction.class.php Á¨¨ 131 Ë°å.
NOTIC: [8] Undefined index:  tpltypeid D:\www\qmyx.wuyelaile.com\weiwincms\Lib\Action\Wap\IndexAction.class.php Á¨¨ 131 Ë°å.
NOTIC: [8] Undefined index:  tpltypeid D:\www\qmyx.wuyelaile.com\weiwincms\Lib\Action\Wap\IndexAction.class.php Á¨¨ 131 Ë°å.
NOTIC: [8] Undefined index:  tpltypeid D:\www\qmyx.wuyelaile.com\weiwincms\Lib\Action\Wap\IndexAction.class.php Á¨¨ 131 Ë°å.
NOTIC: [8] Undefined variable: tplinfo D:\www\qmyx.wuyelaile.com\weiwincms\Lib\Action\Wap\IndexAction.class.php Á¨¨ 136 Ë°å.
NOTIC: [8] Undefined variable: tplinfo D:\www\qmyx.wuyelaile.com\weiwincms\Lib\Action\Wap\IndexAction.class.php Á¨¨ 137 Ë°å.
NOTIC: [8] Undefined index:  tpltypename D:\www\qmyx.wuyelaile.com\weiwincms\Lib\Action\Wap\IndexAction.class.php Á¨¨ 170 Ë°å.
NOTIC: [2] Cannot use a scalar value as an array D:\www\qmyx.wuyelaile.com\weiwincms\_Core\Lib\Core\View.class.php Á¨¨ 69 Ë°å.
INFO: [ view_template ] --START--
NOTIC: [8] Undefined index:  class D:\www\qmyx.wuyelaile.com\weiwincms\_Core\Lib\Core\ThinkException.class.php Á¨¨ 63 Ë°å.
NOTIC: [8] Undefined index:  type D:\www\qmyx.wuyelaile.com\weiwincms\_Core\Lib\Core\ThinkException.class.php Á¨¨ 63 Ë°å.
NOTIC: [8] Undefined index:  class D:\www\qmyx.wuyelaile.com\weiwincms\_Core\Lib\Core\ThinkException.class.php Á¨¨ 63 Ë°å.
NOTIC: [8] Undefined index:  type D:\www\qmyx.wuyelaile.com\weiwincms\_Core\Lib\Core\ThinkException.class.php Á¨¨ 63 Ë°å.
NOTIC: [8] Undefined index:  file D:\www\qmyx.wuyelaile.com\weiwincms\_Core\Lib\Core\ThinkException.class.php Á¨¨ 62 Ë°å.
NOTIC: [8] Undefined index:  line D:\www\qmyx.wuyelaile.com\weiwincms\_Core\Lib\Core\ThinkException.class.php Á¨¨ 62 Ë°å.
NOTIC: [4096] Object of class IndexAction could not be converted to string D:\www\qmyx.wuyelaile.com\weiwincms\_Core\Lib\Core\ThinkException.class.php Á¨¨ 64 Ë°å.
NOTIC: [8] Undefined index:  class D:\www\qmyx.wuyelaile.com\weiwincms\_Core\Lib\Core\ThinkException.class.php Á¨¨ 63 Ë°å.
NOTIC: [8] Undefined index:  type D:\www\qmyx.wuyelaile.com\weiwincms\_Core\Lib\Core\ThinkException.class.php Á¨¨ 63 Ë°å.
NOTIC: [8] Undefined index:  class D:\www\qmyx.wuyelaile.com\weiwincms\_Core\Lib\Core\ThinkException.class.php Á¨¨ 63 Ë°å.
NOTIC: [8] Undefined index:  type D:\www\qmyx.wuyelaile.com\weiwincms\_Core\Lib\Core\ThinkException.class.php Á¨¨ 63 Ë°å.
NOTIC: [32] PHP Startup: Unable to load dynamic library 'D:\WebServer\php-5.2.5 (x64)\ext\php_fileinfo.dll' - ’“≤ªµΩ÷∏∂®µƒƒ£øÈ°£
 Unknown Á¨¨ 0 Ë°å.

[ 2015-09-07T02:00:11+08:00 ] 101.226.89.116 /index.php?g=Wap
INFO: [ app_begin ] --START--
INFO: Run ReadHtmlCache Behavior [ RunTime:0.004469s ]
INFO: [ app_begin ] --END-- [ RunTime:0.004648s ]
SQL: SHOW COLUMNS FROM `wy_userinfo` [ RunTime:0.168289s ]
SQL: SELECT * FROM `wy_userinfo` WHERE ( `token` = null ) AND ( `wecha_id` = null ) LIMIT 1   [ RunTime:0.000380s ]
SQL: SHOW COLUMNS FROM `wy_wechat_group_list` [ RunTime:0.097003s ]
SQL: SELECT * FROM `wy_wechat_group_list` WHERE ( `token` = null ) AND ( `openid` = null ) LIMIT 1   [ RunTime:0.017348s ]
NOTIC: [2] unlink(./weiwindata/logs/Temp/5/f/5fe1fc0e0fdbfbaff4ab677cf3a37648.php) [<a href='function.unlink'>function.unlink</a>]: No such file or directory D:\www\qmyx.wuyelaile.com\weiwincms\_Core\Lib\Driver\Cache\CacheFile.class.php Á¨¨ 176 Ë°å.
SQL: SHOW COLUMNS FROM `wy_home` [ RunTime:0.182400s ]
SQL: SELECT * FROM `wy_home` WHERE ( `token` = null ) LIMIT 1   [ RunTime:0.020896s ]
NOTIC: [2] unlink(./weiwindata/logs/Temp/0/d/0d2c1c12d6393e604b6e35e960614004.php) [<a href='function.unlink'>function.unlink</a>]: No such file or directory D:\www\qmyx.wuyelaile.com\weiwincms\_Core\Lib\Driver\Cache\CacheFile.class.php Á¨¨ 176 Ë°å.
SQL: SHOW COLUMNS FROM `wy_wxuser` [ RunTime:0.127406s ]
SQL: SELECT * FROM `wy_wxuser` WHERE ( `token` = null ) LIMIT 1   [ RunTime:0.000310s ]
NOTIC: [2] unlink(./weiwindata/logs/Temp/8/b/8b27330c23d5c53e2409cb5a50d9703d.php) [<a href='function.unlink'>function.unlink</a>]: No such file or directory D:\www\qmyx.wuyelaile.com\weiwincms\_Core\Lib\Driver\Cache\CacheFile.class.php Á¨¨ 176 Ë°å.
SQL: SHOW COLUMNS FROM `wy_catemenu` [ RunTime:0.118653s ]
SQL: SELECT * FROM `wy_catemenu` WHERE ( `token` = null ) AND ( `status` = 1 ) ORDER BY orderss desc  [ RunTime:0.009179s ]
NOTIC: [2] unlink(./weiwindata/logs/Temp/5/8/5848d5204b5e414e87c386581aa4207f.php) [<a href='function.unlink'>function.unlink</a>]: No such file or directory D:\www\qmyx.wuyelaile.com\weiwincms\_Core\Lib\Driver\Cache\CacheFile.class.php Á¨¨ 176 Ë°å.
SQL: SHOW COLUMNS FROM `wy_catemenu` [ RunTime:0.071931s ]
NOTIC: [8] Undefined index:  lpid D:\www\qmyx.wuyelaile.com\weiwincms\Lib\Action\WapAction.class.php Á¨¨ 80 Ë°å.
SQL: SELECT * FROM `wy_catemenu` WHERE ( `token` = null ) AND ( `status` = 1 ) AND ( `lpid` = null )  [ RunTime:0.000497s ]
SQL: SHOW COLUMNS FROM `wy_users` [ RunTime:0.157327s ]
SQL: SELECT * FROM `wy_users` WHERE ( `id` = 0 ) LIMIT 1   [ RunTime:0.000264s ]
NOTIC: [2] unlink(./weiwindata/logs/Temp/e/f/efe21af28ac2c16b2c3515b7a677c7a3.php) [<a href='function.unlink'>function.unlink</a>]: No such file or directory D:\www\qmyx.wuyelaile.com\weiwincms\_Core\Lib\Driver\Cache\CacheFile.class.php Á¨¨ 176 Ë°å.
SQL: SHOW COLUMNS FROM `wy_user_group` [ RunTime:0.088780s ]
SQL: SELECT * FROM `wy_user_group` WHERE ( `id` = 0 ) LIMIT 1   [ RunTime:0.000525s ]
NOTIC: [2] unlink(./weiwindata/logs/Temp/c/1/c12b83863679c53a027170a94c2d1853.php) [<a href='function.unlink'>function.unlink</a>]: No such file or directory D:\www\qmyx.wuyelaile.com\weiwincms\_Core\Lib\Driver\Cache\CacheFile.class.php Á¨¨ 176 Ë°å.
SQL: SHOW COLUMNS FROM `wy_company` [ RunTime:0.124202s ]
SQL: SELECT * FROM `wy_company` WHERE ( `token` = null ) AND ( `isbranch` = 0 ) LIMIT 1   [ RunTime:0.000227s ]
NOTIC: [2] unlink(./weiwindata/logs/Temp/5/f/5f590e6483487102f9aedcd019d413c0.php) [<a href='function.unlink'>function.unlink</a>]: No such file or directory D:\www\qmyx.wuyelaile.com\weiwincms\_Core\Lib\Driver\Cache\CacheFile.class.php Á¨¨ 176 Ë°å.
SQL: SHOW COLUMNS FROM `wy_classify` [ RunTime:0.129050s ]
NOTIC: [8] Undefined index:  lpid D:\www\qmyx.wuyelaile.com\weiwincms\Lib\Action\Wap\IndexAction.class.php Á¨¨ 25 Ë°å.
SQL: SELECT * FROM `wy_classify` WHERE ( `token` = null ) AND ( `status` = 1 ) AND ( `lpid` = null ) ORDER BY sorts desc  [ RunTime:0.000342s ]
NOTIC: [2] Invalid argument supplied for foreach() D:\www\qmyx.wuyelaile.com\weiwincms\Lib\Action\Wap\IndexAction.class.php Á¨¨ 506 Ë°å.
SQL: SHOW COLUMNS FROM `wy_home` [ RunTime:0.077904s ]
SQL: SELECT * FROM `wy_home` WHERE ( `token` = null ) LIMIT 1   [ RunTime:0.000302s ]
SQL: SHOW COLUMNS FROM `wy_kefuonline` [ RunTime:0.238426s ]
SQL: SELECT * FROM `wy_kefuonline` WHERE ( `token` = null ) LIMIT 1   [ RunTime:0.012960s ]
SQL: SELECT * FROM `wy_home` WHERE ( `token` = null ) LIMIT 1   [ RunTime:0.000241s ]
NOTIC: [8] Undefined index:  lpid D:\www\qmyx.wuyelaile.com\weiwincms\Lib\Action\Wap\IndexAction.class.php Á¨¨ 90 Ë°å.
SQL: SHOW COLUMNS FROM `wy_lpinfo` [ RunTime:0.168504s ]
SQL: SELECT * FROM `wy_lpinfo` WHERE ( `token` = null ) LIMIT 1   [ RunTime:0.042498s ]
SQL: SHOW COLUMNS FROM `wy_flash` [ RunTime:0.103637s ]
SQL: SELECT * FROM `wy_flash` WHERE ( `token` = null ) AND ( `lpid` = null ) ORDER BY sort asc  [ RunTime:0.002293s ]
NOTIC: [2] Invalid argument supplied for foreach() D:\www\qmyx.wuyelaile.com\weiwincms\Lib\Action\Wap\IndexAction.class.php Á¨¨ 506 Ë°å.
NOTIC: [2] Invalid argument supplied for foreach() D:\www\qmyx.wuyelaile.com\weiwincms\Lib\Action\Wap\IndexAction.class.php Á¨¨ 99 Ë°å.
NOTIC: [8] Undefined index:  tpltypeid D:\www\qmyx.wuyelaile.com\weiwincms\Lib\Action\Wap\IndexAction.class.php Á¨¨ 131 Ë°å.
NOTIC: [8] Undefined index:  tpltypeid D:\www\qmyx.wuyelaile.com\weiwincms\Lib\Action\Wap\IndexAction.class.php Á¨¨ 131 Ë°å.
NOTIC: [8] Undefined index:  tpltypeid D:\www\qmyx.wuyelaile.com\weiwincms\Lib\Action\Wap\IndexAction.class.php Á¨¨ 131 Ë°å.
NOTIC: [8] Undefined index:  tpltypeid D:\www\qmyx.wuyelaile.com\weiwincms\Lib\Action\Wap\IndexAction.class.php Á¨¨ 131 Ë°å.
NOTIC: [8] Undefined index:  tpltypeid D:\www\qmyx.wuyelaile.com\weiwincms\Lib\Action\Wap\IndexAction.class.php Á¨¨ 131 Ë°å.
NOTIC: [8] Undefined index:  tpltypeid D:\www\qmyx.wuyelaile.com\weiwincms\Lib\Action\Wap\IndexAction.class.php Á¨¨ 131 Ë°å.
NOTIC: [8] Undefined index:  tpltypeid D:\www\qmyx.wuyelaile.com\weiwincms\Lib\Action\Wap\IndexAction.class.php Á¨¨ 131 Ë°å.
NOTIC: [8] Undefined index:  tpltypeid D:\www\qmyx.wuyelaile.com\weiwincms\Lib\Action\Wap\IndexAction.class.php Á¨¨ 131 Ë°å.
NOTIC: [8] Undefined index:  tpltypeid D:\www\qmyx.wuyelaile.com\weiwincms\Lib\Action\Wap\IndexAction.class.php Á¨¨ 131 Ë°å.
NOTIC: [8] Undefined index:  tpltypeid D:\www\qmyx.wuyelaile.com\weiwincms\Lib\Action\Wap\IndexAction.class.php Á¨¨ 131 Ë°å.
NOTIC: [8] Undefined index:  tpltypeid D:\www\qmyx.wuyelaile.com\weiwincms\Lib\Action\Wap\IndexAction.class.php Á¨¨ 131 Ë°å.
NOTIC: [8] Undefined index:  tpltypeid D:\www\qmyx.wuyelaile.com\weiwincms\Lib\Action\Wap\IndexAction.class.php Á¨¨ 131 Ë°å.
NOTIC: [8] Undefined index:  tpltypeid D:\www\qmyx.wuyelaile.com\weiwincms\Lib\Action\Wap\IndexAction.class.php Á¨¨ 131 Ë°å.
NOTIC: [8] Undefined index:  tpltypeid D:\www\qmyx.wuyelaile.com\weiwincms\Lib\Action\Wap\IndexAction.class.php Á¨¨ 131 Ë°å.
NOTIC: [8] Undefined index:  tpltypeid D:\www\qmyx.wuyelaile.com\weiwincms\Lib\Action\Wap\IndexAction.class.php Á¨¨ 131 Ë°å.
NOTIC: [8] Undefined index:  tpltypeid D:\www\qmyx.wuyelaile.com\weiwincms\Lib\Action\Wap\IndexAction.class.php Á¨¨ 131 Ë°å.
NOTIC: [8] Undefined index:  tpltypeid D:\www\qmyx.wuyelaile.com\weiwincms\Lib\Action\Wap\IndexAction.class.php Á¨¨ 131 Ë°å.
NOTIC: [8] Undefined index:  tpltypeid D:\www\qmyx.wuyelaile.com\weiwincms\Lib\Action\Wap\IndexAction.class.php Á¨¨ 131 Ë°å.
NOTIC: [8] Undefined index:  tpltypeid D:\www\qmyx.wuyelaile.com\weiwincms\Lib\Action\Wap\IndexAction.class.php Á¨¨ 131 Ë°å.
NOTIC: [8] Undefined index:  tpltypeid D:\www\qmyx.wuyelaile.com\weiwincms\Lib\Action\Wap\IndexAction.class.php Á¨¨ 131 Ë°å.
NOTIC: [8] Undefined index:  tpltypeid D:\www\qmyx.wuyelaile.com\weiwincms\Lib\Action\Wap\IndexAction.class.php Á¨¨ 131 Ë°å.
NOTIC: [8] Undefined index:  tpltypeid D:\www\qmyx.wuyelaile.com\weiwincms\Lib\Action\Wap\IndexAction.class.php Á¨¨ 131 Ë°å.
NOTIC: [8] Undefined index:  tpltypeid D:\www\qmyx.wuyelaile.com\weiwincms\Lib\Action\Wap\IndexAction.class.php Á¨¨ 131 Ë°å.
NOTIC: [8] Undefined index:  tpltypeid D:\www\qmyx.wuyelaile.com\weiwincms\Lib\Action\Wap\IndexAction.class.php Á¨¨ 131 Ë°å.
NOTIC: [8] Undefined index:  tpltypeid D:\www\qmyx.wuyelaile.com\weiwincms\Lib\Action\Wap\IndexAction.class.php Á¨¨ 131 Ë°å.
NOTIC: [8] Undefined index:  tpltypeid D:\www\qmyx.wuyelaile.com\weiwincms\Lib\Action\Wap\IndexAction.class.php Á¨¨ 131 Ë°å.
NOTIC: [8] Undefined index:  tpltypeid D:\www\qmyx.wuyelaile.com\weiwincms\Lib\Action\Wap\IndexAction.class.php Á¨¨ 131 Ë°å.
NOTIC: [8] Undefined index:  tpltypeid D:\www\qmyx.wuyelaile.com\weiwincms\Lib\Action\Wap\IndexAction.class.php Á¨¨ 131 Ë°å.
NOTIC: [8] Undefined index:  tpltypeid D:\www\qmyx.wuyelaile.com\weiwincms\Lib\Action\Wap\IndexAction.class.php Á¨¨ 131 Ë°å.
NOTIC: [8] Undefined index:  tpltypeid D:\www\qmyx.wuyelaile.com\weiwincms\Lib\Action\Wap\IndexAction.class.php Á¨¨ 131 Ë°å.
NOTIC: [8] Undefined index:  tpltypeid D:\www\qmyx.wuyelaile.com\weiwincms\Lib\Action\Wap\IndexAction.class.php Á¨¨ 131 Ë°å.
NOTIC: [8] Undefined index:  tpltypeid D:\www\qmyx.wuyelaile.com\weiwincms\Lib\Action\Wap\IndexAction.class.php Á¨¨ 131 Ë°å.
NOTIC: [8] Undefined index:  tpltypeid D:\www\qmyx.wuyelaile.com\weiwincms\Lib\Action\Wap\IndexAction.class.php Á¨¨ 131 Ë°å.
NOTIC: [8] Undefined index:  tpltypeid D:\www\qmyx.wuyelaile.com\weiwincms\Lib\Action\Wap\IndexAction.class.php Á¨¨ 131 Ë°å.
NOTIC: [8] Undefined index:  tpltypeid D:\www\qmyx.wuyelaile.com\weiwincms\Lib\Action\Wap\IndexAction.class.php Á¨¨ 131 Ë°å.
NOTIC: [8] Undefined index:  tpltypeid D:\www\qmyx.wuyelaile.com\weiwincms\Lib\Action\Wap\IndexAction.class.php Á¨¨ 131 Ë°å.
NOTIC: [8] Undefined index:  tpltypeid D:\www\qmyx.wuyelaile.com\weiwincms\Lib\Action\Wap\IndexAction.class.php Á¨¨ 131 Ë°å.
NOTIC: [8] Undefined index:  tpltypeid D:\www\qmyx.wuyelaile.com\weiwincms\Lib\Action\Wap\IndexAction.class.php Á¨¨ 131 Ë°å.
NOTIC: [8] Undefined index:  tpltypeid D:\www\qmyx.wuyelaile.com\weiwincms\Lib\Action\Wap\IndexAction.class.php Á¨¨ 131 Ë°å.
NOTIC: [8] Undefined index:  tpltypeid D:\www\qmyx.wuyelaile.com\weiwincms\Lib\Action\Wap\IndexAction.class.php Á¨¨ 131 Ë°å.
NOTIC: [8] Undefined index:  tpltypeid D:\www\qmyx.wuyelaile.com\weiwincms\Lib\Action\Wap\IndexAction.class.php Á¨¨ 131 Ë°å.
NOTIC: [8] Undefined index:  tpltypeid D:\www\qmyx.wuyelaile.com\weiwincms\Lib\Action\Wap\IndexAction.class.php Á¨¨ 131 Ë°å.
NOTIC: [8] Undefined index:  tpltypeid D:\www\qmyx.wuyelaile.com\weiwincms\Lib\Action\Wap\IndexAction.class.php Á¨¨ 131 Ë°å.
NOTIC: [8] Undefined index:  tpltypeid D:\www\qmyx.wuyelaile.com\weiwincms\Lib\Action\Wap\IndexAction.class.php Á¨¨ 131 Ë°å.
NOTIC: [8] Undefined index:  tpltypeid D:\www\qmyx.wuyelaile.com\weiwincms\Lib\Action\Wap\IndexAction.class.php Á¨¨ 131 Ë°å.
NOTIC: [8] Undefined index:  tpltypeid D:\www\qmyx.wuyelaile.com\weiwincms\Lib\Action\Wap\IndexAction.class.php Á¨¨ 131 Ë°å.
NOTIC: [8] Undefined index:  tpltypeid D:\www\qmyx.wuyelaile.com\weiwincms\Lib\Action\Wap\IndexAction.class.php Á¨¨ 131 Ë°å.
NOTIC: [8] Undefined index:  tpltypeid D:\www\qmyx.wuyelaile.com\weiwincms\Lib\Action\Wap\IndexAction.class.php Á¨¨ 131 Ë°å.
NOTIC: [8] Undefined index:  tpltypeid D:\www\qmyx.wuyelaile.com\weiwincms\Lib\Action\Wap\IndexAction.class.php Á¨¨ 131 Ë°å.
NOTIC: [8] Undefined index:  tpltypeid D:\www\qmyx.wuyelaile.com\weiwincms\Lib\Action\Wap\IndexAction.class.php Á¨¨ 131 Ë°å.
NOTIC: [8] Undefined index:  tpltypeid D:\www\qmyx.wuyelaile.com\weiwincms\Lib\Action\Wap\IndexAction.class.php Á¨¨ 131 Ë°å.
NOTIC: [8] Undefined index:  tpltypeid D:\www\qmyx.wuyelaile.com\weiwincms\Lib\Action\Wap\IndexAction.class.php Á¨¨ 131 Ë°å.
NOTIC: [8] Undefined index:  tpltypeid D:\www\qmyx.wuyelaile.com\weiwincms\Lib\Action\Wap\IndexAction.class.php Á¨¨ 131 Ë°å.
NOTIC: [8] Undefined index:  tpltypeid D:\www\qmyx.wuyelaile.com\weiwincms\Lib\Action\Wap\IndexAction.class.php Á¨¨ 131 Ë°å.
NOTIC: [8] Undefined index:  tpltypeid D:\www\qmyx.wuyelaile.com\weiwincms\Lib\Action\Wap\IndexAction.class.php Á¨¨ 131 Ë°å.
NOTIC: [8] Undefined index:  tpltypeid D:\www\qmyx.wuyelaile.com\weiwincms\Lib\Action\Wap\IndexAction.class.php Á¨¨ 131 Ë°å.
NOTIC: [8] Undefined index:  tpltypeid D:\www\qmyx.wuyelaile.com\weiwincms\Lib\Action\Wap\IndexAction.class.php Á¨¨ 131 Ë°å.
NOTIC: [8] Undefined index:  tpltypeid D:\www\qmyx.wuyelaile.com\weiwincms\Lib\Action\Wap\IndexAction.class.php Á¨¨ 131 Ë°å.
NOTIC: [8] Undefined index:  tpltypeid D:\www\qmyx.wuyelaile.com\weiwincms\Lib\Action\Wap\IndexAction.class.php Á¨¨ 131 Ë°å.
NOTIC: [8] Undefined index:  tpltypeid D:\www\qmyx.wuyelaile.com\weiwincms\Lib\Action\Wap\IndexAction.class.php Á¨¨ 131 Ë°å.
NOTIC: [8] Undefined index:  tpltypeid D:\www\qmyx.wuyelaile.com\weiwincms\Lib\Action\Wap\IndexAction.class.php Á¨¨ 131 Ë°å.
NOTIC: [8] Undefined index:  tpltypeid D:\www\qmyx.wuyelaile.com\weiwincms\Lib\Action\Wap\IndexAction.class.php Á¨¨ 131 Ë°å.
NOTIC: [8] Undefined index:  tpltypeid D:\www\qmyx.wuyelaile.com\weiwincms\Lib\Action\Wap\IndexAction.class.php Á¨¨ 131 Ë°å.
NOTIC: [8] Undefined index:  tpltypeid D:\www\qmyx.wuyelaile.com\weiwincms\Lib\Action\Wap\IndexAction.class.php Á¨¨ 131 Ë°å.
NOTIC: [8] Undefined index:  tpltypeid D:\www\qmyx.wuyelaile.com\weiwincms\Lib\Action\Wap\IndexAction.class.php Á¨¨ 131 Ë°å.
NOTIC: [8] Undefined index:  tpltypeid D:\www\qmyx.wuyelaile.com\weiwincms\Lib\Action\Wap\IndexAction.class.php Á¨¨ 131 Ë°å.
NOTIC: [8] Undefined index:  tpltypeid D:\www\qmyx.wuyelaile.com\weiwincms\Lib\Action\Wap\IndexAction.class.php Á¨¨ 131 Ë°å.
NOTIC: [8] Undefined index:  tpltypeid D:\www\qmyx.wuyelaile.com\weiwincms\Lib\Action\Wap\IndexAction.class.php Á¨¨ 131 Ë°å.
NOTIC: [8] Undefined index:  tpltypeid D:\www\qmyx.wuyelaile.com\weiwincms\Lib\Action\Wap\IndexAction.class.php Á¨¨ 131 Ë°å.
NOTIC: [8] Undefined index:  tpltypeid D:\www\qmyx.wuyelaile.com\weiwincms\Lib\Action\Wap\IndexAction.class.php Á¨¨ 131 Ë°å.
NOTIC: [8] Undefined index:  tpltypeid D:\www\qmyx.wuyelaile.com\weiwincms\Lib\Action\Wap\IndexAction.class.php Á¨¨ 131 Ë°å.
NOTIC: [8] Undefined index:  tpltypeid D:\www\qmyx.wuyelaile.com\weiwincms\Lib\Action\Wap\IndexAction.class.php Á¨¨ 131 Ë°å.
NOTIC: [8] Undefined index:  tpltypeid D:\www\qmyx.wuyelaile.com\weiwincms\Lib\Action\Wap\IndexAction.class.php Á¨¨ 131 Ë°å.
NOTIC: [8] Undefined index:  tpltypeid D:\www\qmyx.wuyelaile.com\weiwincms\Lib\Action\Wap\IndexAction.class.php Á¨¨ 131 Ë°å.
NOTIC: [8] Undefined index:  tpltypeid D:\www\qmyx.wuyelaile.com\weiwincms\Lib\Action\Wap\IndexAction.class.php Á¨¨ 131 Ë°å.
NOTIC: [8] Undefined index:  tpltypeid D:\www\qmyx.wuyelaile.com\weiwincms\Lib\Action\Wap\IndexAction.class.php Á¨¨ 131 Ë°å.
NOTIC: [8] Undefined index:  tpltypeid D:\www\qmyx.wuyelaile.com\weiwincms\Lib\Action\Wap\IndexAction.class.php Á¨¨ 131 Ë°å.
NOTIC: [8] Undefined index:  tpltypeid D:\www\qmyx.wuyelaile.com\weiwincms\Lib\Action\Wap\IndexAction.class.php Á¨¨ 131 Ë°å.
NOTIC: [8] Undefined index:  tpltypeid D:\www\qmyx.wuyelaile.com\weiwincms\Lib\Action\Wap\IndexAction.class.php Á¨¨ 131 Ë°å.
NOTIC: [8] Undefined index:  tpltypeid D:\www\qmyx.wuyelaile.com\weiwincms\Lib\Action\Wap\IndexAction.class.php Á¨¨ 131 Ë°å.
NOTIC: [8] Undefined index:  tpltypeid D:\www\qmyx.wuyelaile.com\weiwincms\Lib\Action\Wap\IndexAction.class.php Á¨¨ 131 Ë°å.
NOTIC: [8] Undefined index:  tpltypeid D:\www\qmyx.wuyelaile.com\weiwincms\Lib\Action\Wap\IndexAction.class.php Á¨¨ 131 Ë°å.
NOTIC: [8] Undefined index:  tpltypeid D:\www\qmyx.wuyelaile.com\weiwincms\Lib\Action\Wap\IndexAction.class.php Á¨¨ 131 Ë°å.
NOTIC: [8] Undefined index:  tpltypeid D:\www\qmyx.wuyelaile.com\weiwincms\Lib\Action\Wap\IndexAction.class.php Á¨¨ 131 Ë°å.
NOTIC: [8] Undefined index:  tpltypeid D:\www\qmyx.wuyelaile.com\weiwincms\Lib\Action\Wap\IndexAction.class.php Á¨¨ 131 Ë°å.
NOTIC: [8] Undefined index:  tpltypeid D:\www\qmyx.wuyelaile.com\weiwincms\Lib\Action\Wap\IndexAction.class.php Á¨¨ 131 Ë°å.
NOTIC: [8] Undefined index:  tpltypeid D:\www\qmyx.wuyelaile.com\weiwincms\Lib\Action\Wap\IndexAction.class.php Á¨¨ 131 Ë°å.
NOTIC: [8] Undefined index:  tpltypeid D:\www\qmyx.wuyelaile.com\weiwincms\Lib\Action\Wap\IndexAction.class.php Á¨¨ 131 Ë°å.
NOTIC: [8] Undefined index:  tpltypeid D:\www\qmyx.wuyelaile.com\weiwincms\Lib\Action\Wap\IndexAction.class.php Á¨¨ 131 Ë°å.
NOTIC: [8] Undefined index:  tpltypeid D:\www\qmyx.wuyelaile.com\weiwincms\Lib\Action\Wap\IndexAction.class.php Á¨¨ 131 Ë°å.
NOTIC: [8] Undefined index:  tpltypeid D:\www\qmyx.wuyelaile.com\weiwincms\Lib\Action\Wap\IndexAction.class.php Á¨¨ 131 Ë°å.
NOTIC: [8] Undefined index:  tpltypeid D:\www\qmyx.wuyelaile.com\weiwincms\Lib\Action\Wap\IndexAction.class.php Á¨¨ 131 Ë°å.
NOTIC: [8] Undefined index:  tpltypeid D:\www\qmyx.wuyelaile.com\weiwincms\Lib\Action\Wap\IndexAction.class.php Á¨¨ 131 Ë°å.
NOTIC: [8] Undefined index:  tpltypeid D:\www\qmyx.wuyelaile.com\weiwincms\Lib\Action\Wap\IndexAction.class.php Á¨¨ 131 Ë°å.
NOTIC: [8] Undefined index:  tpltypeid D:\www\qmyx.wuyelaile.com\weiwincms\Lib\Action\Wap\IndexAction.class.php Á¨¨ 131 Ë°å.
NOTIC: [8] Undefined index:  tpltypeid D:\www\qmyx.wuyelaile.com\weiwincms\Lib\Action\Wap\IndexAction.class.php Á¨¨ 131 Ë°å.
NOTIC: [8] Undefined index:  tpltypeid D:\www\qmyx.wuyelaile.com\weiwincms\Lib\Action\Wap\IndexAction.class.php Á¨¨ 131 Ë°å.
NOTIC: [8] Undefined index:  tpltypeid D:\www\qmyx.wuyelaile.com\weiwincms\Lib\Action\Wap\IndexAction.class.php Á¨¨ 131 Ë°å.
NOTIC: [8] Undefined index:  tpltypeid D:\www\qmyx.wuyelaile.com\weiwincms\Lib\Action\Wap\IndexAction.class.php Á¨¨ 131 Ë°å.
NOTIC: [8] Undefined index:  tpltypeid D:\www\qmyx.wuyelaile.com\weiwincms\Lib\Action\Wap\IndexAction.class.php Á¨¨ 131 Ë°å.
NOTIC: [8] Undefined index:  tpltypeid D:\www\qmyx.wuyelaile.com\weiwincms\Lib\Action\Wap\IndexAction.class.php Á¨¨ 131 Ë°å.
NOTIC: [8] Undefined index:  tpltypeid D:\www\qmyx.wuyelaile.com\weiwincms\Lib\Action\Wap\IndexAction.class.php Á¨¨ 131 Ë°å.
NOTIC: [8] Undefined index:  tpltypeid D:\www\qmyx.wuyelaile.com\weiwincms\Lib\Action\Wap\IndexAction.class.php Á¨¨ 131 Ë°å.
NOTIC: [8] Undefined index:  tpltypeid D:\www\qmyx.wuyelaile.com\weiwincms\Lib\Action\Wap\IndexAction.class.php Á¨¨ 131 Ë°å.
NOTIC: [8] Undefined index:  tpltypeid D:\www\qmyx.wuyelaile.com\weiwincms\Lib\Action\Wap\IndexAction.class.php Á¨¨ 131 Ë°å.
NOTIC: [8] Undefined index:  tpltypeid D:\www\qmyx.wuyelaile.com\weiwincms\Lib\Action\Wap\IndexAction.class.php Á¨¨ 131 Ë°å.
NOTIC: [8] Undefined index:  tpltypeid D:\www\qmyx.wuyelaile.com\weiwincms\Lib\Action\Wap\IndexAction.class.php Á¨¨ 131 Ë°å.
NOTIC: [8] Undefined index:  tpltypeid D:\www\qmyx.wuyelaile.com\weiwincms\Lib\Action\Wap\IndexAction.class.php Á¨¨ 131 Ë°å.
NOTIC: [8] Undefined index:  tpltypeid D:\www\qmyx.wuyelaile.com\weiwincms\Lib\Action\Wap\IndexAction.class.php Á¨¨ 131 Ë°å.
NOTIC: [8] Undefined index:  tpltypeid D:\www\qmyx.wuyelaile.com\weiwincms\Lib\Action\Wap\IndexAction.class.php Á¨¨ 131 Ë°å.
NOTIC: [8] Undefined index:  tpltypeid D:\www\qmyx.wuyelaile.com\weiwincms\Lib\Action\Wap\IndexAction.class.php Á¨¨ 131 Ë°å.
NOTIC: [8] Undefined index:  tpltypeid D:\www\qmyx.wuyelaile.com\weiwincms\Lib\Action\Wap\IndexAction.class.php Á¨¨ 131 Ë°å.
NOTIC: [8] Undefined index:  tpltypeid D:\www\qmyx.wuyelaile.com\weiwincms\Lib\Action\Wap\IndexAction.class.php Á¨¨ 131 Ë°å.
NOTIC: [8] Undefined index:  tpltypeid D:\www\qmyx.wuyelaile.com\weiwincms\Lib\Action\Wap\IndexAction.class.php Á¨¨ 131 Ë°å.
NOTIC: [8] Undefined index:  tpltypeid D:\www\qmyx.wuyelaile.com\weiwincms\Lib\Action\Wap\IndexAction.class.php Á¨¨ 131 Ë°å.
NOTIC: [8] Undefined index:  tpltypeid D:\www\qmyx.wuyelaile.com\weiwincms\Lib\Action\Wap\IndexAction.class.php Á¨¨ 131 Ë°å.
NOTIC: [8] Undefined index:  tpltypeid D:\www\qmyx.wuyelaile.com\weiwincms\Lib\Action\Wap\IndexAction.class.php Á¨¨ 131 Ë°å.
NOTIC: [8] Undefined index:  tpltypeid D:\www\qmyx.wuyelaile.com\weiwincms\Lib\Action\Wap\IndexAction.class.php Á¨¨ 131 Ë°å.
NOTIC: [8] Undefined index:  tpltypeid D:\www\qmyx.wuyelaile.com\weiwincms\Lib\Action\Wap\IndexAction.class.php Á¨¨ 131 Ë°å.
NOTIC: [8] Undefined index:  tpltypeid D:\www\qmyx.wuyelaile.com\weiwincms\Lib\Action\Wap\IndexAction.class.php Á¨¨ 131 Ë°å.
NOTIC: [8] Undefined index:  tpltypeid D:\www\qmyx.wuyelaile.com\weiwincms\Lib\Action\Wap\IndexAction.class.php Á¨¨ 131 Ë°å.
NOTIC: [8] Undefined index:  tpltypeid D:\www\qmyx.wuyelaile.com\weiwincms\Lib\Action\Wap\IndexAction.class.php Á¨¨ 131 Ë°å.
NOTIC: [8] Undefined index:  tpltypeid D:\www\qmyx.wuyelaile.com\weiwincms\Lib\Action\Wap\IndexAction.class.php Á¨¨ 131 Ë°å.
NOTIC: [8] Undefined index:  tpltypeid D:\www\qmyx.wuyelaile.com\weiwincms\Lib\Action\Wap\IndexAction.class.php Á¨¨ 131 Ë°å.
NOTIC: [8] Undefined index:  tpltypeid D:\www\qmyx.wuyelaile.com\weiwincms\Lib\Action\Wap\IndexAction.class.php Á¨¨ 131 Ë°å.
NOTIC: [8] Undefined index:  tpltypeid D:\www\qmyx.wuyelaile.com\weiwincms\Lib\Action\Wap\IndexAction.class.php Á¨¨ 131 Ë°å.
NOTIC: [8] Undefined index:  tpltypeid D:\www\qmyx.wuyelaile.com\weiwincms\Lib\Action\Wap\IndexAction.class.php Á¨¨ 131 Ë°å.
NOTIC: [8] Undefined index:  tpltypeid D:\www\qmyx.wuyelaile.com\weiwincms\Lib\Action\Wap\IndexAction.class.php Á¨¨ 131 Ë°å.
NOTIC: [8] Undefined index:  tpltypeid D:\www\qmyx.wuyelaile.com\weiwincms\Lib\Action\Wap\IndexAction.class.php Á¨¨ 131 Ë°å.
NOTIC: [8] Undefined index:  tpltypeid D:\www\qmyx.wuyelaile.com\weiwincms\Lib\Action\Wap\IndexAction.class.php Á¨¨ 131 Ë°å.
NOTIC: [8] Undefined index:  tpltypeid D:\www\qmyx.wuyelaile.com\weiwincms\Lib\Action\Wap\IndexAction.class.php Á¨¨ 131 Ë°å.
NOTIC: [8] Undefined index:  tpltypeid D:\www\qmyx.wuyelaile.com\weiwincms\Lib\Action\Wap\IndexAction.class.php Á¨¨ 131 Ë°å.
NOTIC: [8] Undefined index:  tpltypeid D:\www\qmyx.wuyelaile.com\weiwincms\Lib\Action\Wap\IndexAction.class.php Á¨¨ 131 Ë°å.
NOTIC: [8] Undefined index:  tpltypeid D:\www\qmyx.wuyelaile.com\weiwincms\Lib\Action\Wap\IndexAction.class.php Á¨¨ 131 Ë°å.
NOTIC: [8] Undefined index:  tpltypeid D:\www\qmyx.wuyelaile.com\weiwincms\Lib\Action\Wap\IndexAction.class.php Á¨¨ 131 Ë°å.
NOTIC: [8] Undefined index:  tpltypeid D:\www\qmyx.wuyelaile.com\weiwincms\Lib\Action\Wap\IndexAction.class.php Á¨¨ 131 Ë°å.
NOTIC: [8] Undefined index:  tpltypeid D:\www\qmyx.wuyelaile.com\weiwincms\Lib\Action\Wap\IndexAction.class.php Á¨¨ 131 Ë°å.
NOTIC: [8] Undefined index:  tpltypeid D:\www\qmyx.wuyelaile.com\weiwincms\Lib\Action\Wap\IndexAction.class.php Á¨¨ 131 Ë°å.
NOTIC: [8] Undefined index:  tpltypeid D:\www\qmyx.wuyelaile.com\weiwincms\Lib\Action\Wap\IndexAction.class.php Á¨¨ 131 Ë°å.
NOTIC: [8] Undefined index:  tpltypeid D:\www\qmyx.wuyelaile.com\weiwincms\Lib\Action\Wap\IndexAction.class.php Á¨¨ 131 Ë°å.
NOTIC: [8] Undefined index:  tpltypeid D:\www\qmyx.wuyelaile.com\weiwincms\Lib\Action\Wap\IndexAction.class.php Á¨¨ 131 Ë°å.
NOTIC: [8] Undefined index:  tpltypeid D:\www\qmyx.wuyelaile.com\weiwincms\Lib\Action\Wap\IndexAction.class.php Á¨¨ 131 Ë°å.
NOTIC: [8] Undefined index:  tpltypeid D:\www\qmyx.wuyelaile.com\weiwincms\Lib\Action\Wap\IndexAction.class.php Á¨¨ 131 Ë°å.
NOTIC: [8] Undefined index:  tpltypeid D:\www\qmyx.wuyelaile.com\weiwincms\Lib\Action\Wap\IndexAction.class.php Á¨¨ 131 Ë°å.
NOTIC: [8] Undefined index:  tpltypeid D:\www\qmyx.wuyelaile.com\weiwincms\Lib\Action\Wap\IndexAction.class.php Á¨¨ 131 Ë°å.
NOTIC: [8] Undefined index:  tpltypeid D:\www\qmyx.wuyelaile.com\weiwincms\Lib\Action\Wap\IndexAction.class.php Á¨¨ 131 Ë°å.
NOTIC: [8] Undefined index:  tpltypeid D:\www\qmyx.wuyelaile.com\weiwincms\Lib\Action\Wap\IndexAction.class.php Á¨¨ 131 Ë°å.
NOTIC: [8] Undefined index:  tpltypeid D:\www\qmyx.wuyelaile.com\weiwincms\Lib\Action\Wap\IndexAction.class.php Á¨¨ 131 Ë°å.
NOTIC: [8] Undefined index:  tpltypeid D:\www\qmyx.wuyelaile.com\weiwincms\Lib\Action\Wap\IndexAction.class.php Á¨¨ 131 Ë°å.
NOTIC: [8] Undefined index:  tpltypeid D:\www\qmyx.wuyelaile.com\weiwincms\Lib\Action\Wap\IndexAction.class.php Á¨¨ 131 Ë°å.
NOTIC: [8] Undefined variable: tplinfo D:\www\qmyx.wuyelaile.com\weiwincms\Lib\Action\Wap\IndexAction.class.php Á¨¨ 136 Ë°å.
NOTIC: [8] Undefined variable: tplinfo D:\www\qmyx.wuyelaile.com\weiwincms\Lib\Action\Wap\IndexAction.class.php Á¨¨ 137 Ë°å.
NOTIC: [8] Undefined index:  tpltypename D:\www\qmyx.wuyelaile.com\weiwincms\Lib\Action\Wap\IndexAction.class.php Á¨¨ 170 Ë°å.
NOTIC: [2] Cannot use a scalar value as an array D:\www\qmyx.wuyelaile.com\weiwincms\_Core\Lib\Core\View.class.php Á¨¨ 69 Ë°å.
INFO: [ view_template ] --START--
NOTIC: [8] Undefined index:  class D:\www\qmyx.wuyelaile.com\weiwincms\_Core\Lib\Core\ThinkException.class.php Á¨¨ 63 Ë°å.
NOTIC: [8] Undefined index:  type D:\www\qmyx.wuyelaile.com\weiwincms\_Core\Lib\Core\ThinkException.class.php Á¨¨ 63 Ë°å.
NOTIC: [8] Undefined index:  class D:\www\qmyx.wuyelaile.com\weiwincms\_Core\Lib\Core\ThinkException.class.php Á¨¨ 63 Ë°å.
NOTIC: [8] Undefined index:  type D:\www\qmyx.wuyelaile.com\weiwincms\_Core\Lib\Core\ThinkException.class.php Á¨¨ 63 Ë°å.
NOTIC: [8] Undefined index:  file D:\www\qmyx.wuyelaile.com\weiwincms\_Core\Lib\Core\ThinkException.class.php Á¨¨ 62 Ë°å.
NOTIC: [8] Undefined index:  line D:\www\qmyx.wuyelaile.com\weiwincms\_Core\Lib\Core\ThinkException.class.php Á¨¨ 62 Ë°å.
NOTIC: [4096] Object of class IndexAction could not be converted to string D:\www\qmyx.wuyelaile.com\weiwincms\_Core\Lib\Core\ThinkException.class.php Á¨¨ 64 Ë°å.
NOTIC: [8] Undefined index:  class D:\www\qmyx.wuyelaile.com\weiwincms\_Core\Lib\Core\ThinkException.class.php Á¨¨ 63 Ë°å.
NOTIC: [8] Undefined index:  type D:\www\qmyx.wuyelaile.com\weiwincms\_Core\Lib\Core\ThinkException.class.php Á¨¨ 63 Ë°å.
NOTIC: [8] Undefined index:  class D:\www\qmyx.wuyelaile.com\weiwincms\_Core\Lib\Core\ThinkException.class.php Á¨¨ 63 Ë°å.
NOTIC: [8] Undefined index:  type D:\www\qmyx.wuyelaile.com\weiwincms\_Core\Lib\Core\ThinkException.class.php Á¨¨ 63 Ë°å.

[ 2015-09-07T03:32:29+08:00 ] 183.136.190.62 /
INFO: [ app_begin ] --START--
INFO: Run ReadHtmlCache Behavior [ RunTime:0.001241s ]
INFO: [ app_begin ] --END-- [ RunTime:0.001490s ]
SQL: SHOW COLUMNS FROM `wy_links` [ RunTime:0.072871s ]
SQL: SELECT * FROM `wy_links` WHERE ( `status` = 1 )  [ RunTime:0.000366s ]
NOTIC: [2] Cannot use a scalar value as an array D:\www\qmyx.wuyelaile.com\weiwincms\_Core\Lib\Core\View.class.php Á¨¨ 69 Ë°å.
INFO: [ view_template ] --START--
INFO: Run LocationTemplate Behavior [ RunTime:-0.133452s ]
INFO: [ view_template ] --END-- [ RunTime:0.044237s ]
INFO: [ view_parse ] --START--
INFO: Run ParseTemplate Behavior [ RunTime:-0.177828s ]
INFO: [ view_parse ] --END-- [ RunTime:0.199722s ]
INFO: [ view_filter ] --START--
INFO: Run ContentReplace Behavior [ RunTime:-0.377628s ]
INFO: Run TokenBuild Behavior [ RunTime:-0.380054s ]
INFO: Run WriteHtmlCache Behavior [ RunTime:-0.382457s ]
INFO: Run ShowRuntime Behavior [ RunTime:-0.384352s ]
INFO: [ view_filter ] --END-- [ RunTime:0.009072s ]
INFO: [ view_end ] --START--
INFO: Run ShowPageTrace Behavior [ RunTime:-0.386799s ]
INFO: [ view_end ] --END-- [ RunTime:0.002254s ]

[ 2015-09-07T03:32:29+08:00 ] 183.136.190.62 /
NOTIC: [32] PHP Startup: Unable to load dynamic library 'D:\WebServer\php-5.2.5 (x64)\ext\php_fileinfo.dll' - ’“≤ªµΩ÷∏∂®µƒƒ£øÈ°£
 Unknown Á¨¨ 0 Ë°å.

