[ 2015-09-10T12:18:46+08:00 ] 220.181.108.81 /
INFO: [ app_begin ] --START--
INFO: Run ReadHtmlCache Behavior [ RunTime:0.003698s ]
INFO: [ app_begin ] --END-- [ RunTime:0.003861s ]
SQL: SHOW COLUMNS FROM `wy_links` [ RunTime:0.073353s ]
SQL: SELECT * FROM `wy_links` WHERE ( `status` = 1 )  [ RunTime:0.000510s ]
NOTIC: [2] Cannot use a scalar value as an array D:\www\qmyx.wuyelaile.com\weiwincms\_Core\Lib\Core\View.class.php 第 69 行.
INFO: [ view_template ] --START--
INFO: Run LocationTemplate Behavior [ RunTime:-0.144489s ]
INFO: [ view_template ] --END-- [ RunTime:0.004885s ]
INFO: [ view_parse ] --START--
INFO: Run ParseTemplate Behavior [ RunTime:-0.149465s ]
INFO: [ view_parse ] --END-- [ RunTime:0.063162s ]
INFO: [ view_filter ] --START--
INFO: Run ContentReplace Behavior [ RunTime:-0.212703s ]
INFO: Run TokenBuild Behavior [ RunTime:-0.215386s ]
INFO: Run WriteHtmlCache Behavior [ RunTime:-0.218392s ]
INFO: Run ShowRuntime Behavior [ RunTime:-0.220837s ]
INFO: [ view_filter ] --END-- [ RunTime:0.010679s ]
INFO: [ view_end ] --START--
INFO: Run ShowPageTrace Behavior [ RunTime:-0.223485s ]
INFO: [ view_end ] --END-- [ RunTime:0.002765s ]

