[ 2015-05-06T08:51:50+08:00 ] 180.153.205.254 /index.php?g=Wap&m=Agent&a=loupanInfo
INFO: [ app_begin ] --START--
INFO: Run ReadHtmlCache Behavior [ RunTime:0.005126s ]
INFO: [ app_begin ] --END-- [ RunTime:0.006564s ]
NOTIC: [8] Undefined index:  wecha_id D:\www\qmyx.wuyelaile.com\weiwincms\Lib\Action\Wap\AgentAction.class.php Á¨¨ 305 Ë°å.
NOTIC: [8] Undefined index:  id D:\www\qmyx.wuyelaile.com\weiwincms\Lib\Action\Wap\AgentAction.class.php Á¨¨ 306 Ë°å.
NOTIC: [8] Undefined index:  token D:\www\qmyx.wuyelaile.com\weiwincms\Lib\Action\Wap\AgentAction.class.php Á¨¨ 307 Ë°å.
SQL: SHOW COLUMNS FROM `wy_lpinfo` [ RunTime:0.088591s ]
SQL: UPDATE `wy_lpinfo` SET `video`=video+1 WHERE ( `id` = null ) AND ( `token` = null ) [ RunTime:0.000420s ]
SQL: SELECT * FROM `wy_lpinfo` WHERE ( `id` = null ) AND ( `token` = null ) LIMIT 1   [ RunTime:0.000431s ]
NOTIC: [2] Cannot use a scalar value as an array D:\www\qmyx.wuyelaile.com\weiwincms\_Core\Lib\Core\View.class.php Á¨¨ 69 Ë°å.
INFO: [ view_template ] --START--
INFO: Run LocationTemplate Behavior [ RunTime:-0.275666s ]
INFO: [ view_template ] --END-- [ RunTime:0.031059s ]
INFO: [ view_parse ] --START--
NOTIC: [8] Undefined variable: url D:\www\qmyx.wuyelaile.com\weiwindata\logs\Cache\Wap\15cb069a79c1a70eb570b5aca2bb66be.php Á¨¨ 22 Ë°å.
NOTIC: [8] Undefined variable: jjrarr D:\www\qmyx.wuyelaile.com\weiwindata\logs\Cache\Wap\15cb069a79c1a70eb570b5aca2bb66be.php Á¨¨ 139 Ë°å.
INFO: Run ParseTemplate Behavior [ RunTime:-0.306940s ]
INFO: [ view_parse ] --END-- [ RunTime:0.167583s ]
INFO: [ view_filter ] --START--
INFO: Run ContentReplace Behavior [ RunTime:-0.474560s ]
INFO: Run TokenBuild Behavior [ RunTime:-0.480645s ]
INFO: Run WriteHtmlCache Behavior [ RunTime:-0.487866s ]
INFO: Run ShowRuntime Behavior [ RunTime:-0.493324s ]
INFO: [ view_filter ] --END-- [ RunTime:0.024608s ]
INFO: [ view_end ] --START--
INFO: Run ShowPageTrace Behavior [ RunTime:-0.499289s ]
INFO: [ view_end ] --END-- [ RunTime:0.005907s ]

[ 2015-05-06T11:29:08+08:00 ] 123.125.71.27 /
INFO: [ app_begin ] --START--
INFO: Run ReadHtmlCache Behavior [ RunTime:0.003058s ]
INFO: [ app_begin ] --END-- [ RunTime:0.003247s ]
SQL: SHOW COLUMNS FROM `wy_links` [ RunTime:0.121872s ]
SQL: SELECT * FROM `wy_links` WHERE ( `status` = 1 )  [ RunTime:0.000270s ]
NOTIC: [2] Cannot use a scalar value as an array D:\www\qmyx.wuyelaile.com\weiwincms\_Core\Lib\Core\View.class.php Á¨¨ 69 Ë°å.
INFO: [ view_template ] --START--
INFO: Run LocationTemplate Behavior [ RunTime:-0.185217s ]
INFO: [ view_template ] --END-- [ RunTime:0.023714s ]
INFO: [ view_parse ] --START--
INFO: Run ParseTemplate Behavior [ RunTime:-0.209054s ]
INFO: [ view_parse ] --END-- [ RunTime:0.126505s ]
INFO: [ view_filter ] --START--
INFO: Run ContentReplace Behavior [ RunTime:-0.335639s ]
INFO: Run TokenBuild Behavior [ RunTime:-0.339301s ]
INFO: Run WriteHtmlCache Behavior [ RunTime:-0.342581s ]
INFO: Run ShowRuntime Behavior [ RunTime:-0.345192s ]
INFO: [ view_filter ] --END-- [ RunTime:0.012625s ]
INFO: [ view_end ] --START--
INFO: Run ShowPageTrace Behavior [ RunTime:-0.348393s ]
INFO: [ view_end ] --END-- [ RunTime:0.003330s ]

[ 2015-05-06T11:29:08+08:00 ] 123.125.71.27 /
NOTIC: [32] PHP Startup: Unable to load dynamic library 'D:\WebServer\php-5.2.5 (x64)\ext\php_fileinfo.dll' - ’“≤ªµΩ÷∏∂®µƒƒ£øÈ°£
 Unknown Á¨¨ 0 Ë°å.

[ 2015-05-06T11:29:08+08:00 ] 220.181.108.78 /
INFO: [ app_begin ] --START--
INFO: Run ReadHtmlCache Behavior [ RunTime:0.003006s ]
INFO: [ app_begin ] --END-- [ RunTime:0.003195s ]
SQL: SHOW COLUMNS FROM `wy_links` [ RunTime:0.005595s ]
SQL: SELECT * FROM `wy_links` WHERE ( `status` = 1 )  [ RunTime:0.000238s ]
NOTIC: [2] Cannot use a scalar value as an array D:\www\qmyx.wuyelaile.com\weiwincms\_Core\Lib\Core\View.class.php Á¨¨ 69 Ë°å.
INFO: [ view_template ] --START--
INFO: Run LocationTemplate Behavior [ RunTime:-0.043786s ]
INFO: [ view_template ] --END-- [ RunTime:0.005248s ]
INFO: [ view_parse ] --START--
INFO: Run ParseTemplate Behavior [ RunTime:-0.049120s ]
INFO: [ view_parse ] --END-- [ RunTime:0.031174s ]
INFO: [ view_filter ] --START--
INFO: Run ContentReplace Behavior [ RunTime:-0.080391s ]
INFO: Run TokenBuild Behavior [ RunTime:-0.083407s ]
INFO: Run WriteHtmlCache Behavior [ RunTime:-0.086541s ]
INFO: Run ShowRuntime Behavior [ RunTime:-0.089276s ]
INFO: [ view_filter ] --END-- [ RunTime:0.011668s ]
INFO: [ view_end ] --START--
INFO: Run ShowPageTrace Behavior [ RunTime:-0.092171s ]
INFO: [ view_end ] --END-- [ RunTime:0.002967s ]

[ 2015-05-06T11:29:08+08:00 ] 220.181.108.78 /
NOTIC: [32] PHP Startup: Unable to load dynamic library 'D:\WebServer\php-5.2.5 (x64)\ext\php_fileinfo.dll' - ’“≤ªµΩ÷∏∂®µƒƒ£øÈ°£
 Unknown Á¨¨ 0 Ë°å.

[ 2015-05-06T11:29:54+08:00 ] 220.181.108.87 /
INFO: [ app_begin ] --START--
INFO: Run ReadHtmlCache Behavior [ RunTime:0.000783s ]
INFO: [ app_begin ] --END-- [ RunTime:0.000941s ]
SQL: SHOW COLUMNS FROM `wy_links` [ RunTime:0.008986s ]
SQL: SELECT * FROM `wy_links` WHERE ( `status` = 1 )  [ RunTime:0.000215s ]
NOTIC: [2] Cannot use a scalar value as an array D:\www\qmyx.wuyelaile.com\weiwincms\_Core\Lib\Core\View.class.php Á¨¨ 69 Ë°å.
INFO: [ view_template ] --START--
INFO: Run LocationTemplate Behavior [ RunTime:-0.029658s ]
INFO: [ view_template ] --END-- [ RunTime:0.001220s ]
INFO: [ view_parse ] --START--
INFO: Run ParseTemplate Behavior [ RunTime:-0.030986s ]
INFO: [ view_parse ] --END-- [ RunTime:0.010925s ]
INFO: [ view_filter ] --START--
INFO: Run ContentReplace Behavior [ RunTime:-0.041966s ]
INFO: Run TokenBuild Behavior [ RunTime:-0.042613s ]
INFO: Run WriteHtmlCache Behavior [ RunTime:-0.043333s ]
INFO: Run ShowRuntime Behavior [ RunTime:-0.043844s ]
INFO: [ view_filter ] --END-- [ RunTime:0.002616s ]
INFO: [ view_end ] --START--
INFO: Run ShowPageTrace Behavior [ RunTime:-0.044715s ]
INFO: [ view_end ] --END-- [ RunTime:0.000860s ]

[ 2015-05-06T11:29:58+08:00 ] 123.125.71.14 /
INFO: [ app_begin ] --START--
INFO: Run ReadHtmlCache Behavior [ RunTime:0.000745s ]
INFO: [ app_begin ] --END-- [ RunTime:0.000892s ]
SQL: SHOW COLUMNS FROM `wy_links` [ RunTime:0.011038s ]
SQL: SELECT * FROM `wy_links` WHERE ( `status` = 1 )  [ RunTime:0.000259s ]
NOTIC: [2] Cannot use a scalar value as an array D:\www\qmyx.wuyelaile.com\weiwincms\_Core\Lib\Core\View.class.php Á¨¨ 69 Ë°å.
INFO: [ view_template ] --START--
INFO: Run LocationTemplate Behavior [ RunTime:-0.033722s ]
INFO: [ view_template ] --END-- [ RunTime:0.001250s ]
INFO: [ view_parse ] --START--
INFO: Run ParseTemplate Behavior [ RunTime:-0.035057s ]
INFO: [ view_parse ] --END-- [ RunTime:0.010512s ]
INFO: [ view_filter ] --START--
INFO: Run ContentReplace Behavior [ RunTime:-0.045637s ]
INFO: Run TokenBuild Behavior [ RunTime:-0.046342s ]
INFO: Run WriteHtmlCache Behavior [ RunTime:-0.047025s ]
INFO: Run ShowRuntime Behavior [ RunTime:-0.047534s ]
INFO: [ view_filter ] --END-- [ RunTime:0.002637s ]
INFO: [ view_end ] --START--
INFO: Run ShowPageTrace Behavior [ RunTime:-0.048368s ]
INFO: [ view_end ] --END-- [ RunTime:0.000872s ]

[ 2015-05-06T12:20:48+08:00 ] 171.221.3.174 /index.php?g=Wap&m=Agent&a=index&token=jeifef1412084627&from=timeline&isappinstalled=0
INFO: [ app_begin ] --START--
INFO: Run ReadHtmlCache Behavior [ RunTime:0.003390s ]
INFO: [ app_begin ] --END-- [ RunTime:0.003607s ]
SQL: SHOW COLUMNS FROM `wy_lpinfo` [ RunTime:0.009993s ]
SQL: SELECT * FROM `wy_lpinfo` WHERE ( `token` = 'jeifef1412084627' ) ORDER BY houseSort desc,id desc LIMIT 0,20   [ RunTime:0.001640s ]
NOTIC: [8] Undefined index:  wecha_id D:\www\qmyx.wuyelaile.com\weiwincms\Lib\Action\Wap\AgentAction.class.php Á¨¨ 29 Ë°å.
SQL: SHOW COLUMNS FROM `wy_jjr` [ RunTime:0.064704s ]
SQL: SELECT * FROM `wy_jjr` WHERE ( `Wecha_id` = null ) AND ( `Token` = 'jeifef1412084627' ) LIMIT 1   [ RunTime:0.000237s ]
SQL: SHOW COLUMNS FROM `wy_share_content` [ RunTime:0.055899s ]
SQL: SELECT * FROM `wy_share_content` WHERE token='jeifef1412084627' LIMIT 1   [ RunTime:0.000257s ]
NOTIC: [2] Cannot use a scalar value as an array D:\www\qmyx.wuyelaile.com\weiwincms\_Core\Lib\Core\View.class.php Á¨¨ 69 Ë°å.
INFO: [ view_template ] --START--
INFO: Run LocationTemplate Behavior [ RunTime:-0.193289s ]
INFO: [ view_template ] --END-- [ RunTime:0.004847s ]
INFO: [ view_parse ] --START--
NOTIC: [8] Undefined index:  wecha_id D:\www\qmyx.wuyelaile.com\weiwindata\logs\Cache\Wap\83c1e8c23d0efff676593c1e07496794.php Á¨¨ 68 Ë°å.
NOTIC: [8] Undefined index:  wecha_id D:\www\qmyx.wuyelaile.com\weiwindata\logs\Cache\Wap\83c1e8c23d0efff676593c1e07496794.php Á¨¨ 73 Ë°å.
NOTIC: [8] Undefined index:  wecha_id D:\www\qmyx.wuyelaile.com\weiwindata\logs\Cache\Wap\83c1e8c23d0efff676593c1e07496794.php Á¨¨ 76 Ë°å.
NOTIC: [8] Undefined index:  wecha_id D:\www\qmyx.wuyelaile.com\weiwindata\logs\Cache\Wap\83c1e8c23d0efff676593c1e07496794.php Á¨¨ 79 Ë°å.
NOTIC: [8] Undefined index:  wecha_id D:\www\qmyx.wuyelaile.com\weiwindata\logs\Cache\Wap\83c1e8c23d0efff676593c1e07496794.php Á¨¨ 82 Ë°å.
NOTIC: [8] Undefined index:  wecha_id D:\www\qmyx.wuyelaile.com\weiwindata\logs\Cache\Wap\83c1e8c23d0efff676593c1e07496794.php Á¨¨ 85 Ë°å.
NOTIC: [8] Undefined index:  wecha_id D:\www\qmyx.wuyelaile.com\weiwindata\logs\Cache\Wap\83c1e8c23d0efff676593c1e07496794.php Á¨¨ 88 Ë°å.
NOTIC: [8] Undefined index:  wecha_id D:\www\qmyx.wuyelaile.com\weiwindata\logs\Cache\Wap\83c1e8c23d0efff676593c1e07496794.php Á¨¨ 97 Ë°å.
NOTIC: [8] Undefined index:  wecha_id D:\www\qmyx.wuyelaile.com\weiwindata\logs\Cache\Wap\83c1e8c23d0efff676593c1e07496794.php Á¨¨ 97 Ë°å.
NOTIC: [8] Undefined index:  wecha_id D:\www\qmyx.wuyelaile.com\weiwindata\logs\Cache\Wap\83c1e8c23d0efff676593c1e07496794.php Á¨¨ 97 Ë°å.
NOTIC: [8] Undefined index:  wecha_id D:\www\qmyx.wuyelaile.com\weiwindata\logs\Cache\Wap\83c1e8c23d0efff676593c1e07496794.php Á¨¨ 97 Ë°å.
NOTIC: [8] Undefined index:  wecha_id D:\www\qmyx.wuyelaile.com\weiwindata\logs\Cache\Wap\83c1e8c23d0efff676593c1e07496794.php Á¨¨ 97 Ë°å.
NOTIC: [8] Undefined index:  wecha_id D:\www\qmyx.wuyelaile.com\weiwindata\logs\Cache\Wap\83c1e8c23d0efff676593c1e07496794.php Á¨¨ 97 Ë°å.
NOTIC: [8] Undefined index:  wecha_id D:\www\qmyx.wuyelaile.com\weiwindata\logs\Cache\Wap\83c1e8c23d0efff676593c1e07496794.php Á¨¨ 97 Ë°å.
NOTIC: [8] Undefined index:  wecha_id D:\www\qmyx.wuyelaile.com\weiwindata\logs\Cache\Wap\83c1e8c23d0efff676593c1e07496794.php Á¨¨ 97 Ë°å.
NOTIC: [8] Undefined index:  wecha_id D:\www\qmyx.wuyelaile.com\weiwindata\logs\Cache\Wap\83c1e8c23d0efff676593c1e07496794.php Á¨¨ 97 Ë°å.
NOTIC: [8] Undefined index:  wecha_id D:\www\qmyx.wuyelaile.com\weiwindata\logs\Cache\Wap\83c1e8c23d0efff676593c1e07496794.php Á¨¨ 97 Ë°å.
NOTIC: [8] Undefined index:  wecha_id D:\www\qmyx.wuyelaile.com\weiwindata\logs\Cache\Wap\83c1e8c23d0efff676593c1e07496794.php Á¨¨ 138 Ë°å.
NOTIC: [8] Undefined index:  wecha_id D:\www\qmyx.wuyelaile.com\weiwindata\logs\Cache\Wap\83c1e8c23d0efff676593c1e07496794.php Á¨¨ 152 Ë°å.
INFO: Run ParseTemplate Behavior [ RunTime:-0.198242s ]
INFO: [ view_parse ] --END-- [ RunTime:0.106142s ]
INFO: [ view_filter ] --START--
INFO: Run ContentReplace Behavior [ RunTime:-0.304447s ]
INFO: Run TokenBuild Behavior [ RunTime:-0.309420s ]
INFO: Run WriteHtmlCache Behavior [ RunTime:-0.314924s ]
INFO: Run ShowRuntime Behavior [ RunTime:-0.321152s ]
INFO: [ view_filter ] --END-- [ RunTime:0.022652s ]
INFO: [ view_end ] --START--
INFO: Run ShowPageTrace Behavior [ RunTime:-0.327323s ]
INFO: [ view_end ] --END-- [ RunTime:0.005469s ]

[ 2015-05-06T15:21:00+08:00 ] 117.136.77.179 /index.php?g=Wap&m=Agent&a=index&token=jeifef1412084627&from=timeline&isappinstalled=0
INFO: [ app_begin ] --START--
INFO: Run ReadHtmlCache Behavior [ RunTime:0.003195s ]
INFO: [ app_begin ] --END-- [ RunTime:0.003383s ]
SQL: SHOW COLUMNS FROM `wy_lpinfo` [ RunTime:0.042613s ]
SQL: SELECT * FROM `wy_lpinfo` WHERE ( `token` = 'jeifef1412084627' ) ORDER BY houseSort desc,id desc LIMIT 0,20   [ RunTime:0.001238s ]
NOTIC: [8] Undefined index:  wecha_id D:\www\qmyx.wuyelaile.com\weiwincms\Lib\Action\Wap\AgentAction.class.php Á¨¨ 29 Ë°å.
SQL: SHOW COLUMNS FROM `wy_jjr` [ RunTime:0.013320s ]
SQL: SELECT * FROM `wy_jjr` WHERE ( `Wecha_id` = null ) AND ( `Token` = 'jeifef1412084627' ) LIMIT 1   [ RunTime:0.000381s ]
SQL: SHOW COLUMNS FROM `wy_share_content` [ RunTime:0.012322s ]
SQL: SELECT * FROM `wy_share_content` WHERE token='jeifef1412084627' LIMIT 1   [ RunTime:0.000284s ]
NOTIC: [2] Cannot use a scalar value as an array D:\www\qmyx.wuyelaile.com\weiwincms\_Core\Lib\Core\View.class.php Á¨¨ 69 Ë°å.
INFO: [ view_template ] --START--
INFO: Run LocationTemplate Behavior [ RunTime:-0.134473s ]
INFO: [ view_template ] --END-- [ RunTime:0.005428s ]
INFO: [ view_parse ] --START--
NOTIC: [8] Undefined index:  wecha_id D:\www\qmyx.wuyelaile.com\weiwindata\logs\Cache\Wap\83c1e8c23d0efff676593c1e07496794.php Á¨¨ 68 Ë°å.
NOTIC: [8] Undefined index:  wecha_id D:\www\qmyx.wuyelaile.com\weiwindata\logs\Cache\Wap\83c1e8c23d0efff676593c1e07496794.php Á¨¨ 73 Ë°å.
NOTIC: [8] Undefined index:  wecha_id D:\www\qmyx.wuyelaile.com\weiwindata\logs\Cache\Wap\83c1e8c23d0efff676593c1e07496794.php Á¨¨ 76 Ë°å.
NOTIC: [8] Undefined index:  wecha_id D:\www\qmyx.wuyelaile.com\weiwindata\logs\Cache\Wap\83c1e8c23d0efff676593c1e07496794.php Á¨¨ 79 Ë°å.
NOTIC: [8] Undefined index:  wecha_id D:\www\qmyx.wuyelaile.com\weiwindata\logs\Cache\Wap\83c1e8c23d0efff676593c1e07496794.php Á¨¨ 82 Ë°å.
NOTIC: [8] Undefined index:  wecha_id D:\www\qmyx.wuyelaile.com\weiwindata\logs\Cache\Wap\83c1e8c23d0efff676593c1e07496794.php Á¨¨ 85 Ë°å.
NOTIC: [8] Undefined index:  wecha_id D:\www\qmyx.wuyelaile.com\weiwindata\logs\Cache\Wap\83c1e8c23d0efff676593c1e07496794.php Á¨¨ 88 Ë°å.
NOTIC: [8] Undefined index:  wecha_id D:\www\qmyx.wuyelaile.com\weiwindata\logs\Cache\Wap\83c1e8c23d0efff676593c1e07496794.php Á¨¨ 97 Ë°å.
NOTIC: [8] Undefined index:  wecha_id D:\www\qmyx.wuyelaile.com\weiwindata\logs\Cache\Wap\83c1e8c23d0efff676593c1e07496794.php Á¨¨ 97 Ë°å.
NOTIC: [8] Undefined index:  wecha_id D:\www\qmyx.wuyelaile.com\weiwindata\logs\Cache\Wap\83c1e8c23d0efff676593c1e07496794.php Á¨¨ 97 Ë°å.
NOTIC: [8] Undefined index:  wecha_id D:\www\qmyx.wuyelaile.com\weiwindata\logs\Cache\Wap\83c1e8c23d0efff676593c1e07496794.php Á¨¨ 97 Ë°å.
NOTIC: [8] Undefined index:  wecha_id D:\www\qmyx.wuyelaile.com\weiwindata\logs\Cache\Wap\83c1e8c23d0efff676593c1e07496794.php Á¨¨ 97 Ë°å.
NOTIC: [8] Undefined index:  wecha_id D:\www\qmyx.wuyelaile.com\weiwindata\logs\Cache\Wap\83c1e8c23d0efff676593c1e07496794.php Á¨¨ 97 Ë°å.
NOTIC: [8] Undefined index:  wecha_id D:\www\qmyx.wuyelaile.com\weiwindata\logs\Cache\Wap\83c1e8c23d0efff676593c1e07496794.php Á¨¨ 97 Ë°å.
NOTIC: [8] Undefined index:  wecha_id D:\www\qmyx.wuyelaile.com\weiwindata\logs\Cache\Wap\83c1e8c23d0efff676593c1e07496794.php Á¨¨ 97 Ë°å.
NOTIC: [8] Undefined index:  wecha_id D:\www\qmyx.wuyelaile.com\weiwindata\logs\Cache\Wap\83c1e8c23d0efff676593c1e07496794.php Á¨¨ 97 Ë°å.
NOTIC: [8] Undefined index:  wecha_id D:\www\qmyx.wuyelaile.com\weiwindata\logs\Cache\Wap\83c1e8c23d0efff676593c1e07496794.php Á¨¨ 97 Ë°å.
NOTIC: [8] Undefined index:  wecha_id D:\www\qmyx.wuyelaile.com\weiwindata\logs\Cache\Wap\83c1e8c23d0efff676593c1e07496794.php Á¨¨ 138 Ë°å.
NOTIC: [8] Undefined index:  wecha_id D:\www\qmyx.wuyelaile.com\weiwindata\logs\Cache\Wap\83c1e8c23d0efff676593c1e07496794.php Á¨¨ 152 Ë°å.
INFO: Run ParseTemplate Behavior [ RunTime:-0.139998s ]
INFO: [ view_parse ] --END-- [ RunTime:0.037296s ]
INFO: [ view_filter ] --START--
INFO: Run ContentReplace Behavior [ RunTime:-0.177369s ]
INFO: Run TokenBuild Behavior [ RunTime:-0.180361s ]
INFO: Run WriteHtmlCache Behavior [ RunTime:-0.183666s ]
INFO: Run ShowRuntime Behavior [ RunTime:-0.187600s ]
INFO: [ view_filter ] --END-- [ RunTime:0.013563s ]
INFO: [ view_end ] --START--
INFO: Run ShowPageTrace Behavior [ RunTime:-0.191062s ]
INFO: [ view_end ] --END-- [ RunTime:0.003275s ]

[ 2015-05-06T15:21:00+08:00 ] 117.136.77.179 /index.php?g=Wap&m=Agent&a=index&token=jeifef1412084627&from=timeline&isappinstalled=0
NOTIC: [32] PHP Startup: Unable to load dynamic library 'D:\WebServer\php-5.2.5 (x64)\ext\php_fileinfo.dll' - ’“≤ªµΩ÷∏∂®µƒƒ£øÈ°£
 Unknown Á¨¨ 0 Ë°å.

[ 2015-05-06T15:21:00+08:00 ] 101.226.66.191 /index.php?g=Wap&m=Agent&a=index&token=jeifef1412084627&from=timeline&isappinstalled=0
INFO: [ app_begin ] --START--
INFO: Run ReadHtmlCache Behavior [ RunTime:0.003742s ]
INFO: [ app_begin ] --END-- [ RunTime:0.003966s ]
SQL: SHOW COLUMNS FROM `wy_lpinfo` [ RunTime:0.039352s ]
SQL: SELECT * FROM `wy_lpinfo` WHERE ( `token` = 'jeifef1412084627' ) ORDER BY houseSort desc,id desc LIMIT 0,20   [ RunTime:0.001870s ]
NOTIC: [8] Undefined index:  wecha_id D:\www\qmyx.wuyelaile.com\weiwincms\Lib\Action\Wap\AgentAction.class.php Á¨¨ 29 Ë°å.
SQL: SHOW COLUMNS FROM `wy_jjr` [ RunTime:0.012559s ]
SQL: SELECT * FROM `wy_jjr` WHERE ( `Wecha_id` = null ) AND ( `Token` = 'jeifef1412084627' ) LIMIT 1   [ RunTime:0.000309s ]
SQL: SHOW COLUMNS FROM `wy_share_content` [ RunTime:0.012821s ]
SQL: SELECT * FROM `wy_share_content` WHERE token='jeifef1412084627' LIMIT 1   [ RunTime:0.000311s ]
NOTIC: [2] Cannot use a scalar value as an array D:\www\qmyx.wuyelaile.com\weiwincms\_Core\Lib\Core\View.class.php Á¨¨ 69 Ë°å.
INFO: [ view_template ] --START--
INFO: Run LocationTemplate Behavior [ RunTime:-0.134671s ]
INFO: [ view_template ] --END-- [ RunTime:0.005984s ]
INFO: [ view_parse ] --START--
NOTIC: [8] Undefined index:  wecha_id D:\www\qmyx.wuyelaile.com\weiwindata\logs\Cache\Wap\83c1e8c23d0efff676593c1e07496794.php Á¨¨ 68 Ë°å.
NOTIC: [8] Undefined index:  wecha_id D:\www\qmyx.wuyelaile.com\weiwindata\logs\Cache\Wap\83c1e8c23d0efff676593c1e07496794.php Á¨¨ 73 Ë°å.
NOTIC: [8] Undefined index:  wecha_id D:\www\qmyx.wuyelaile.com\weiwindata\logs\Cache\Wap\83c1e8c23d0efff676593c1e07496794.php Á¨¨ 76 Ë°å.
NOTIC: [8] Undefined index:  wecha_id D:\www\qmyx.wuyelaile.com\weiwindata\logs\Cache\Wap\83c1e8c23d0efff676593c1e07496794.php Á¨¨ 79 Ë°å.
NOTIC: [8] Undefined index:  wecha_id D:\www\qmyx.wuyelaile.com\weiwindata\logs\Cache\Wap\83c1e8c23d0efff676593c1e07496794.php Á¨¨ 82 Ë°å.
NOTIC: [8] Undefined index:  wecha_id D:\www\qmyx.wuyelaile.com\weiwindata\logs\Cache\Wap\83c1e8c23d0efff676593c1e07496794.php Á¨¨ 85 Ë°å.
NOTIC: [8] Undefined index:  wecha_id D:\www\qmyx.wuyelaile.com\weiwindata\logs\Cache\Wap\83c1e8c23d0efff676593c1e07496794.php Á¨¨ 88 Ë°å.
NOTIC: [8] Undefined index:  wecha_id D:\www\qmyx.wuyelaile.com\weiwindata\logs\Cache\Wap\83c1e8c23d0efff676593c1e07496794.php Á¨¨ 97 Ë°å.
NOTIC: [8] Undefined index:  wecha_id D:\www\qmyx.wuyelaile.com\weiwindata\logs\Cache\Wap\83c1e8c23d0efff676593c1e07496794.php Á¨¨ 97 Ë°å.
NOTIC: [8] Undefined index:  wecha_id D:\www\qmyx.wuyelaile.com\weiwindata\logs\Cache\Wap\83c1e8c23d0efff676593c1e07496794.php Á¨¨ 97 Ë°å.
NOTIC: [8] Undefined index:  wecha_id D:\www\qmyx.wuyelaile.com\weiwindata\logs\Cache\Wap\83c1e8c23d0efff676593c1e07496794.php Á¨¨ 97 Ë°å.
NOTIC: [8] Undefined index:  wecha_id D:\www\qmyx.wuyelaile.com\weiwindata\logs\Cache\Wap\83c1e8c23d0efff676593c1e07496794.php Á¨¨ 97 Ë°å.
NOTIC: [8] Undefined index:  wecha_id D:\www\qmyx.wuyelaile.com\weiwindata\logs\Cache\Wap\83c1e8c23d0efff676593c1e07496794.php Á¨¨ 97 Ë°å.
NOTIC: [8] Undefined index:  wecha_id D:\www\qmyx.wuyelaile.com\weiwindata\logs\Cache\Wap\83c1e8c23d0efff676593c1e07496794.php Á¨¨ 97 Ë°å.
NOTIC: [8] Undefined index:  wecha_id D:\www\qmyx.wuyelaile.com\weiwindata\logs\Cache\Wap\83c1e8c23d0efff676593c1e07496794.php Á¨¨ 97 Ë°å.
NOTIC: [8] Undefined index:  wecha_id D:\www\qmyx.wuyelaile.com\weiwindata\logs\Cache\Wap\83c1e8c23d0efff676593c1e07496794.php Á¨¨ 97 Ë°å.
NOTIC: [8] Undefined index:  wecha_id D:\www\qmyx.wuyelaile.com\weiwindata\logs\Cache\Wap\83c1e8c23d0efff676593c1e07496794.php Á¨¨ 97 Ë°å.
NOTIC: [8] Undefined index:  wecha_id D:\www\qmyx.wuyelaile.com\weiwindata\logs\Cache\Wap\83c1e8c23d0efff676593c1e07496794.php Á¨¨ 138 Ë°å.
NOTIC: [8] Undefined index:  wecha_id D:\www\qmyx.wuyelaile.com\weiwindata\logs\Cache\Wap\83c1e8c23d0efff676593c1e07496794.php Á¨¨ 152 Ë°å.
INFO: Run ParseTemplate Behavior [ RunTime:-0.140740s ]
INFO: [ view_parse ] --END-- [ RunTime:0.041512s ]
INFO: [ view_filter ] --START--
INFO: Run ContentReplace Behavior [ RunTime:-0.182363s ]
INFO: Run TokenBuild Behavior [ RunTime:-0.186647s ]
INFO: Run WriteHtmlCache Behavior [ RunTime:-0.190707s ]
INFO: Run ShowRuntime Behavior [ RunTime:-0.200251s ]
INFO: [ view_filter ] --END-- [ RunTime:0.021015s ]
INFO: [ view_end ] --START--
INFO: Run ShowPageTrace Behavior [ RunTime:-0.203493s ]
INFO: [ view_end ] --END-- [ RunTime:0.004601s ]

[ 2015-05-06T15:21:00+08:00 ] 101.226.66.191 /index.php?g=Wap&m=Agent&a=index&token=jeifef1412084627&from=timeline&isappinstalled=0
NOTIC: [32] PHP Startup: Unable to load dynamic library 'D:\WebServer\php-5.2.5 (x64)\ext\php_fileinfo.dll' - ’“≤ªµΩ÷∏∂®µƒƒ£øÈ°£
 Unknown Á¨¨ 0 Ë°å.

[ 2015-05-06T15:54:58+08:00 ] 118.212.69.34 /index.php?g=Wap&m=Agent&a=index&token=jeifef1412084627&from=timeline&isappinstalled=0
INFO: [ app_begin ] --START--
INFO: Run ReadHtmlCache Behavior [ RunTime:0.002920s ]
INFO: [ app_begin ] --END-- [ RunTime:0.003111s ]
SQL: SHOW COLUMNS FROM `wy_lpinfo` [ RunTime:0.011360s ]
SQL: SELECT * FROM `wy_lpinfo` WHERE ( `token` = 'jeifef1412084627' ) ORDER BY houseSort desc,id desc LIMIT 0,20   [ RunTime:0.001212s ]
NOTIC: [8] Undefined index:  wecha_id D:\www\qmyx.wuyelaile.com\weiwincms\Lib\Action\Wap\AgentAction.class.php Á¨¨ 29 Ë°å.
SQL: SHOW COLUMNS FROM `wy_jjr` [ RunTime:0.012157s ]
SQL: SELECT * FROM `wy_jjr` WHERE ( `Wecha_id` = null ) AND ( `Token` = 'jeifef1412084627' ) LIMIT 1   [ RunTime:0.000278s ]
SQL: SHOW COLUMNS FROM `wy_share_content` [ RunTime:0.013922s ]
SQL: SELECT * FROM `wy_share_content` WHERE token='jeifef1412084627' LIMIT 1   [ RunTime:0.000432s ]
NOTIC: [2] Cannot use a scalar value as an array D:\www\qmyx.wuyelaile.com\weiwincms\_Core\Lib\Core\View.class.php Á¨¨ 69 Ë°å.
INFO: [ view_template ] --START--
INFO: Run LocationTemplate Behavior [ RunTime:-0.089992s ]
INFO: [ view_template ] --END-- [ RunTime:0.006836s ]
INFO: [ view_parse ] --START--
NOTIC: [8] Undefined index:  wecha_id D:\www\qmyx.wuyelaile.com\weiwindata\logs\Cache\Wap\83c1e8c23d0efff676593c1e07496794.php Á¨¨ 68 Ë°å.
NOTIC: [8] Undefined index:  wecha_id D:\www\qmyx.wuyelaile.com\weiwindata\logs\Cache\Wap\83c1e8c23d0efff676593c1e07496794.php Á¨¨ 73 Ë°å.
NOTIC: [8] Undefined index:  wecha_id D:\www\qmyx.wuyelaile.com\weiwindata\logs\Cache\Wap\83c1e8c23d0efff676593c1e07496794.php Á¨¨ 76 Ë°å.
NOTIC: [8] Undefined index:  wecha_id D:\www\qmyx.wuyelaile.com\weiwindata\logs\Cache\Wap\83c1e8c23d0efff676593c1e07496794.php Á¨¨ 79 Ë°å.
NOTIC: [8] Undefined index:  wecha_id D:\www\qmyx.wuyelaile.com\weiwindata\logs\Cache\Wap\83c1e8c23d0efff676593c1e07496794.php Á¨¨ 82 Ë°å.
NOTIC: [8] Undefined index:  wecha_id D:\www\qmyx.wuyelaile.com\weiwindata\logs\Cache\Wap\83c1e8c23d0efff676593c1e07496794.php Á¨¨ 85 Ë°å.
NOTIC: [8] Undefined index:  wecha_id D:\www\qmyx.wuyelaile.com\weiwindata\logs\Cache\Wap\83c1e8c23d0efff676593c1e07496794.php Á¨¨ 88 Ë°å.
NOTIC: [8] Undefined index:  wecha_id D:\www\qmyx.wuyelaile.com\weiwindata\logs\Cache\Wap\83c1e8c23d0efff676593c1e07496794.php Á¨¨ 97 Ë°å.
NOTIC: [8] Undefined index:  wecha_id D:\www\qmyx.wuyelaile.com\weiwindata\logs\Cache\Wap\83c1e8c23d0efff676593c1e07496794.php Á¨¨ 97 Ë°å.
NOTIC: [8] Undefined index:  wecha_id D:\www\qmyx.wuyelaile.com\weiwindata\logs\Cache\Wap\83c1e8c23d0efff676593c1e07496794.php Á¨¨ 97 Ë°å.
NOTIC: [8] Undefined index:  wecha_id D:\www\qmyx.wuyelaile.com\weiwindata\logs\Cache\Wap\83c1e8c23d0efff676593c1e07496794.php Á¨¨ 97 Ë°å.
NOTIC: [8] Undefined index:  wecha_id D:\www\qmyx.wuyelaile.com\weiwindata\logs\Cache\Wap\83c1e8c23d0efff676593c1e07496794.php Á¨¨ 97 Ë°å.
NOTIC: [8] Undefined index:  wecha_id D:\www\qmyx.wuyelaile.com\weiwindata\logs\Cache\Wap\83c1e8c23d0efff676593c1e07496794.php Á¨¨ 97 Ë°å.
NOTIC: [8] Undefined index:  wecha_id D:\www\qmyx.wuyelaile.com\weiwindata\logs\Cache\Wap\83c1e8c23d0efff676593c1e07496794.php Á¨¨ 97 Ë°å.
NOTIC: [8] Undefined index:  wecha_id D:\www\qmyx.wuyelaile.com\weiwindata\logs\Cache\Wap\83c1e8c23d0efff676593c1e07496794.php Á¨¨ 97 Ë°å.
NOTIC: [8] Undefined index:  wecha_id D:\www\qmyx.wuyelaile.com\weiwindata\logs\Cache\Wap\83c1e8c23d0efff676593c1e07496794.php Á¨¨ 97 Ë°å.
NOTIC: [8] Undefined index:  wecha_id D:\www\qmyx.wuyelaile.com\weiwindata\logs\Cache\Wap\83c1e8c23d0efff676593c1e07496794.php Á¨¨ 97 Ë°å.
NOTIC: [8] Undefined index:  wecha_id D:\www\qmyx.wuyelaile.com\weiwindata\logs\Cache\Wap\83c1e8c23d0efff676593c1e07496794.php Á¨¨ 138 Ë°å.
NOTIC: [8] Undefined index:  wecha_id D:\www\qmyx.wuyelaile.com\weiwindata\logs\Cache\Wap\83c1e8c23d0efff676593c1e07496794.php Á¨¨ 152 Ë°å.
INFO: Run ParseTemplate Behavior [ RunTime:-0.097031s ]
INFO: [ view_parse ] --END-- [ RunTime:0.046742s ]
INFO: [ view_filter ] --START--
INFO: Run ContentReplace Behavior [ RunTime:-0.143821s ]
INFO: Run TokenBuild Behavior [ RunTime:-0.147478s ]
INFO: Run WriteHtmlCache Behavior [ RunTime:-0.150894s ]
INFO: Run ShowRuntime Behavior [ RunTime:-0.153999s ]
INFO: [ view_filter ] --END-- [ RunTime:0.013591s ]
INFO: [ view_end ] --START--
INFO: Run ShowPageTrace Behavior [ RunTime:-0.157523s ]
INFO: [ view_end ] --END-- [ RunTime:0.004349s ]

[ 2015-05-06T15:54:58+08:00 ] 118.212.69.34 /index.php?g=Wap&m=Agent&a=index&token=jeifef1412084627&from=timeline&isappinstalled=0
NOTIC: [32] PHP Startup: Unable to load dynamic library 'D:\WebServer\php-5.2.5 (x64)\ext\php_fileinfo.dll' - ’“≤ªµΩ÷∏∂®µƒƒ£øÈ°£
 Unknown Á¨¨ 0 Ë°å.

[ 2015-05-06T15:55:00+08:00 ] 163.177.69.107 /
INFO: [ app_begin ] --START--
INFO: Run ReadHtmlCache Behavior [ RunTime:0.000870s ]
INFO: [ app_begin ] --END-- [ RunTime:0.001047s ]
SQL: SHOW COLUMNS FROM `wy_links` [ RunTime:0.162716s ]
SQL: SELECT * FROM `wy_links` WHERE ( `status` = 1 )  [ RunTime:0.000259s ]
NOTIC: [2] Cannot use a scalar value as an array D:\www\qmyx.wuyelaile.com\weiwincms\_Core\Lib\Core\View.class.php Á¨¨ 69 Ë°å.
INFO: [ view_template ] --START--
INFO: Run LocationTemplate Behavior [ RunTime:-0.242314s ]
INFO: [ view_template ] --END-- [ RunTime:0.003957s ]
INFO: [ view_parse ] --START--
INFO: Run ParseTemplate Behavior [ RunTime:-0.246376s ]
INFO: [ view_parse ] --END-- [ RunTime:0.017881s ]
INFO: [ view_filter ] --START--
INFO: Run ContentReplace Behavior [ RunTime:-0.264321s ]
INFO: Run TokenBuild Behavior [ RunTime:-0.265059s ]
INFO: Run WriteHtmlCache Behavior [ RunTime:-0.265799s ]
INFO: Run ShowRuntime Behavior [ RunTime:-0.266328s ]
INFO: [ view_filter ] --END-- [ RunTime:0.002788s ]
INFO: [ view_end ] --START--
INFO: Run ShowPageTrace Behavior [ RunTime:-0.267224s ]
INFO: [ view_end ] --END-- [ RunTime:0.001056s ]

[ 2015-05-06T15:55:01+08:00 ] 183.232.118.15 /
INFO: [ app_begin ] --START--
INFO: Run ReadHtmlCache Behavior [ RunTime:0.000824s ]
INFO: [ app_begin ] --END-- [ RunTime:0.000965s ]
SQL: SHOW COLUMNS FROM `wy_links` [ RunTime:0.015278s ]
SQL: SELECT * FROM `wy_links` WHERE ( `status` = 1 )  [ RunTime:0.000209s ]
NOTIC: [2] Cannot use a scalar value as an array D:\www\qmyx.wuyelaile.com\weiwincms\_Core\Lib\Core\View.class.php Á¨¨ 69 Ë°å.
INFO: [ view_template ] --START--
INFO: Run LocationTemplate Behavior [ RunTime:-0.189306s ]
INFO: [ view_template ] --END-- [ RunTime:0.003992s ]
INFO: [ view_parse ] --START--
INFO: Run ParseTemplate Behavior [ RunTime:-0.193391s ]
INFO: [ view_parse ] --END-- [ RunTime:0.020752s ]
INFO: [ view_filter ] --START--
INFO: Run ContentReplace Behavior [ RunTime:-0.214232s ]
INFO: Run TokenBuild Behavior [ RunTime:-0.215007s ]
INFO: Run WriteHtmlCache Behavior [ RunTime:-0.215800s ]
INFO: Run ShowRuntime Behavior [ RunTime:-0.216362s ]
INFO: [ view_filter ] --END-- [ RunTime:0.003007s ]
INFO: [ view_end ] --START--
INFO: Run ShowPageTrace Behavior [ RunTime:-0.217338s ]
INFO: [ view_end ] --END-- [ RunTime:0.001158s ]

[ 2015-05-06T15:55:01+08:00 ] 183.232.90.37 /
INFO: [ app_begin ] --START--
INFO: Run ReadHtmlCache Behavior [ RunTime:0.002932s ]
INFO: [ app_begin ] --END-- [ RunTime:0.003140s ]
SQL: SHOW COLUMNS FROM `wy_links` [ RunTime:0.314846s ]
SQL: SELECT * FROM `wy_links` WHERE ( `status` = 1 )  [ RunTime:0.000282s ]
NOTIC: [2] Cannot use a scalar value as an array D:\www\qmyx.wuyelaile.com\weiwincms\_Core\Lib\Core\View.class.php Á¨¨ 69 Ë°å.
INFO: [ view_template ] --START--
INFO: Run LocationTemplate Behavior [ RunTime:-0.616849s ]
INFO: [ view_template ] --END-- [ RunTime:0.006751s ]
INFO: [ view_parse ] --START--
INFO: Run ParseTemplate Behavior [ RunTime:-0.623696s ]
INFO: [ view_parse ] --END-- [ RunTime:0.039299s ]
INFO: [ view_filter ] --START--
INFO: Run ContentReplace Behavior [ RunTime:-0.663099s ]
INFO: Run TokenBuild Behavior [ RunTime:-0.667260s ]
INFO: Run WriteHtmlCache Behavior [ RunTime:-0.672167s ]
INFO: Run ShowRuntime Behavior [ RunTime:-0.676704s ]
INFO: [ view_filter ] --END-- [ RunTime:0.017631s ]
INFO: [ view_end ] --START--
INFO: Run ShowPageTrace Behavior [ RunTime:-0.680855s ]
INFO: [ view_end ] --END-- [ RunTime:0.008061s ]

[ 2015-05-06T15:55:01+08:00 ] 183.232.90.37 /
NOTIC: [32] PHP Startup: Unable to load dynamic library 'D:\WebServer\php-5.2.5 (x64)\ext\php_fileinfo.dll' - ’“≤ªµΩ÷∏∂®µƒƒ£øÈ°£
 Unknown Á¨¨ 0 Ë°å.

[ 2015-05-06T15:55:01+08:00 ] 112.90.138.78 /
INFO: [ app_begin ] --START--
INFO: Run ReadHtmlCache Behavior [ RunTime:0.003032s ]
INFO: [ app_begin ] --END-- [ RunTime:0.003255s ]
SQL: SHOW COLUMNS FROM `wy_links` [ RunTime:0.094526s ]
SQL: SELECT * FROM `wy_links` WHERE ( `status` = 1 )  [ RunTime:0.000239s ]
NOTIC: [2] Cannot use a scalar value as an array D:\www\qmyx.wuyelaile.com\weiwincms\_Core\Lib\Core\View.class.php Á¨¨ 69 Ë°å.
INFO: [ view_template ] --START--
INFO: Run LocationTemplate Behavior [ RunTime:-0.289727s ]
INFO: [ view_template ] --END-- [ RunTime:0.005765s ]
INFO: [ view_parse ] --START--
INFO: Run ParseTemplate Behavior [ RunTime:-0.295622s ]
INFO: [ view_parse ] --END-- [ RunTime:0.039696s ]
INFO: [ view_filter ] --START--
INFO: Run ContentReplace Behavior [ RunTime:-0.335389s ]
INFO: Run TokenBuild Behavior [ RunTime:-0.338493s ]
INFO: Run WriteHtmlCache Behavior [ RunTime:-0.342466s ]
INFO: Run ShowRuntime Behavior [ RunTime:-0.346651s ]
INFO: [ view_filter ] --END-- [ RunTime:0.016556s ]
INFO: [ view_end ] --START--
INFO: Run ShowPageTrace Behavior [ RunTime:-0.352105s ]
INFO: [ view_end ] --END-- [ RunTime:0.003756s ]

[ 2015-05-06T15:55:01+08:00 ] 112.90.138.78 /
NOTIC: [32] PHP Startup: Unable to load dynamic library 'D:\WebServer\php-5.2.5 (x64)\ext\php_fileinfo.dll' - ’“≤ªµΩ÷∏∂®µƒƒ£øÈ°£
 Unknown Á¨¨ 0 Ë°å.

[ 2015-05-06T15:55:21+08:00 ] 183.232.90.36 /
INFO: [ app_begin ] --START--
INFO: Run ReadHtmlCache Behavior [ RunTime:0.000760s ]
INFO: [ app_begin ] --END-- [ RunTime:0.000937s ]
SQL: SHOW COLUMNS FROM `wy_links` [ RunTime:0.336635s ]
SQL: SELECT * FROM `wy_links` WHERE ( `status` = 1 )  [ RunTime:0.000256s ]
NOTIC: [2] Cannot use a scalar value as an array D:\www\qmyx.wuyelaile.com\weiwincms\_Core\Lib\Core\View.class.php Á¨¨ 69 Ë°å.
INFO: [ view_template ] --START--
INFO: Run LocationTemplate Behavior [ RunTime:-0.581485s ]
INFO: [ view_template ] --END-- [ RunTime:0.001270s ]
INFO: [ view_parse ] --START--
INFO: Run ParseTemplate Behavior [ RunTime:-0.582820s ]
INFO: [ view_parse ] --END-- [ RunTime:0.011734s ]
INFO: [ view_filter ] --START--
INFO: Run ContentReplace Behavior [ RunTime:-0.594634s ]
INFO: Run TokenBuild Behavior [ RunTime:-0.595301s ]
INFO: Run WriteHtmlCache Behavior [ RunTime:-0.596020s ]
INFO: Run ShowRuntime Behavior [ RunTime:-0.596531s ]
INFO: [ view_filter ] --END-- [ RunTime:0.002689s ]
INFO: [ view_end ] --START--
INFO: Run ShowPageTrace Behavior [ RunTime:-0.597417s ]
INFO: [ view_end ] --END-- [ RunTime:0.000919s ]

[ 2015-05-06T15:55:21+08:00 ] 183.232.90.38 /
INFO: [ app_begin ] --START--
INFO: Run ReadHtmlCache Behavior [ RunTime:0.000806s ]
INFO: [ app_begin ] --END-- [ RunTime:0.000946s ]
SQL: SHOW COLUMNS FROM `wy_links` [ RunTime:0.488519s ]
SQL: SELECT * FROM `wy_links` WHERE ( `status` = 1 )  [ RunTime:0.000303s ]
NOTIC: [2] Cannot use a scalar value as an array D:\www\qmyx.wuyelaile.com\weiwincms\_Core\Lib\Core\View.class.php Á¨¨ 69 Ë°å.
INFO: [ view_template ] --START--
INFO: Run LocationTemplate Behavior [ RunTime:-0.600607s ]
INFO: [ view_template ] --END-- [ RunTime:0.001414s ]
INFO: [ view_parse ] --START--
INFO: Run ParseTemplate Behavior [ RunTime:-0.602050s ]
INFO: [ view_parse ] --END-- [ RunTime:0.012402s ]
INFO: [ view_filter ] --START--
INFO: Run ContentReplace Behavior [ RunTime:-0.614525s ]
INFO: Run TokenBuild Behavior [ RunTime:-0.615218s ]
INFO: Run WriteHtmlCache Behavior [ RunTime:-0.615930s ]
INFO: Run ShowRuntime Behavior [ RunTime:-0.616450s ]
INFO: [ view_filter ] --END-- [ RunTime:0.002721s ]
INFO: [ view_end ] --START--
INFO: Run ShowPageTrace Behavior [ RunTime:-0.617339s ]
INFO: [ view_end ] --END-- [ RunTime:0.001004s ]

[ 2015-05-06T15:55:21+08:00 ] 183.232.90.37 /
INFO: [ app_begin ] --START--
INFO: Run ReadHtmlCache Behavior [ RunTime:0.000792s ]
INFO: [ app_begin ] --END-- [ RunTime:0.000956s ]
SQL: SHOW COLUMNS FROM `wy_links` [ RunTime:0.357104s ]
SQL: SELECT * FROM `wy_links` WHERE ( `status` = 1 )  [ RunTime:0.000237s ]
NOTIC: [2] Cannot use a scalar value as an array D:\www\qmyx.wuyelaile.com\weiwincms\_Core\Lib\Core\View.class.php Á¨¨ 69 Ë°å.
INFO: [ view_template ] --START--
INFO: Run LocationTemplate Behavior [ RunTime:-0.579592s ]
INFO: [ view_template ] --END-- [ RunTime:0.004273s ]
INFO: [ view_parse ] --START--
INFO: Run ParseTemplate Behavior [ RunTime:-0.583964s ]
INFO: [ view_parse ] --END-- [ RunTime:0.016994s ]
INFO: [ view_filter ] --START--
INFO: Run ContentReplace Behavior [ RunTime:-0.601048s ]
INFO: Run TokenBuild Behavior [ RunTime:-0.601851s ]
INFO: Run WriteHtmlCache Behavior [ RunTime:-0.602615s ]
INFO: Run ShowRuntime Behavior [ RunTime:-0.603121s ]
INFO: [ view_filter ] --END-- [ RunTime:0.002879s ]
INFO: [ view_end ] --START--
INFO: Run ShowPageTrace Behavior [ RunTime:-0.604029s ]
INFO: [ view_end ] --END-- [ RunTime:0.000929s ]

[ 2015-05-06T15:55:22+08:00 ] 183.232.118.16 /
INFO: [ app_begin ] --START--
INFO: Run ReadHtmlCache Behavior [ RunTime:0.004052s ]
INFO: [ app_begin ] --END-- [ RunTime:0.004368s ]
SQL: SHOW COLUMNS FROM `wy_links` [ RunTime:0.073317s ]
SQL: SELECT * FROM `wy_links` WHERE ( `status` = 1 )  [ RunTime:0.000247s ]
NOTIC: [2] Cannot use a scalar value as an array D:\www\qmyx.wuyelaile.com\weiwincms\_Core\Lib\Core\View.class.php Á¨¨ 69 Ë°å.
INFO: [ view_template ] --START--
INFO: Run LocationTemplate Behavior [ RunTime:-0.449490s ]
INFO: [ view_template ] --END-- [ RunTime:0.005549s ]
INFO: [ view_parse ] --START--
INFO: Run ParseTemplate Behavior [ RunTime:-0.455135s ]
INFO: [ view_parse ] --END-- [ RunTime:0.032051s ]
INFO: [ view_filter ] --START--
INFO: Run ContentReplace Behavior [ RunTime:-0.487268s ]
INFO: Run TokenBuild Behavior [ RunTime:-0.490966s ]
INFO: Run WriteHtmlCache Behavior [ RunTime:-0.494164s ]
INFO: Run ShowRuntime Behavior [ RunTime:-0.496882s ]
INFO: [ view_filter ] --END-- [ RunTime:0.012695s ]
INFO: [ view_end ] --START--
INFO: Run ShowPageTrace Behavior [ RunTime:-0.500060s ]
INFO: [ view_end ] --END-- [ RunTime:0.003091s ]

[ 2015-05-06T15:55:22+08:00 ] 183.232.118.16 /
NOTIC: [32] PHP Startup: Unable to load dynamic library 'D:\WebServer\php-5.2.5 (x64)\ext\php_fileinfo.dll' - ’“≤ªµΩ÷∏∂®µƒƒ£øÈ°£
 Unknown Á¨¨ 0 Ë°å.

[ 2015-05-06T15:55:22+08:00 ] 183.232.90.37 /
INFO: [ app_begin ] --START--
INFO: Run ReadHtmlCache Behavior [ RunTime:0.003903s ]
INFO: [ app_begin ] --END-- [ RunTime:0.004092s ]
SQL: SHOW COLUMNS FROM `wy_links` [ RunTime:0.037663s ]
SQL: SELECT * FROM `wy_links` WHERE ( `status` = 1 )  [ RunTime:0.000235s ]
NOTIC: [2] Cannot use a scalar value as an array D:\www\qmyx.wuyelaile.com\weiwincms\_Core\Lib\Core\View.class.php Á¨¨ 69 Ë°å.
INFO: [ view_template ] --START--
INFO: Run LocationTemplate Behavior [ RunTime:-0.231840s ]
INFO: [ view_template ] --END-- [ RunTime:0.007654s ]
INFO: [ view_parse ] --START--
INFO: Run ParseTemplate Behavior [ RunTime:-0.239588s ]
INFO: [ view_parse ] --END-- [ RunTime:0.033362s ]
INFO: [ view_filter ] --START--
INFO: Run ContentReplace Behavior [ RunTime:-0.273053s ]
INFO: Run TokenBuild Behavior [ RunTime:-0.276269s ]
INFO: Run WriteHtmlCache Behavior [ RunTime:-0.279647s ]
INFO: Run ShowRuntime Behavior [ RunTime:-0.282712s ]
INFO: [ view_filter ] --END-- [ RunTime:0.013038s ]
INFO: [ view_end ] --START--
INFO: Run ShowPageTrace Behavior [ RunTime:-0.286192s ]
INFO: [ view_end ] --END-- [ RunTime:0.003385s ]

[ 2015-05-06T15:55:22+08:00 ] 183.232.90.37 /
NOTIC: [32] PHP Startup: Unable to load dynamic library 'D:\WebServer\php-5.2.5 (x64)\ext\php_fileinfo.dll' - ’“≤ªµΩ÷∏∂®µƒƒ£øÈ°£
 Unknown Á¨¨ 0 Ë°å.

[ 2015-05-06T15:55:22+08:00 ] 183.232.118.15 /
INFO: [ app_begin ] --START--
INFO: Run ReadHtmlCache Behavior [ RunTime:0.003526s ]
INFO: [ app_begin ] --END-- [ RunTime:0.003775s ]
SQL: SHOW COLUMNS FROM `wy_links` [ RunTime:0.092877s ]
SQL: SELECT * FROM `wy_links` WHERE ( `status` = 1 )  [ RunTime:0.000260s ]
NOTIC: [2] Cannot use a scalar value as an array D:\www\qmyx.wuyelaile.com\weiwincms\_Core\Lib\Core\View.class.php Á¨¨ 69 Ë°å.
INFO: [ view_template ] --START--
INFO: Run LocationTemplate Behavior [ RunTime:-0.317434s ]
INFO: [ view_template ] --END-- [ RunTime:0.005571s ]
INFO: [ view_parse ] --START--
INFO: Run ParseTemplate Behavior [ RunTime:-0.323109s ]
INFO: [ view_parse ] --END-- [ RunTime:0.034408s ]
INFO: [ view_filter ] --START--
INFO: Run ContentReplace Behavior [ RunTime:-0.357634s ]
INFO: Run TokenBuild Behavior [ RunTime:-0.360626s ]
INFO: Run WriteHtmlCache Behavior [ RunTime:-0.363997s ]
INFO: Run ShowRuntime Behavior [ RunTime:-0.366865s ]
INFO: [ view_filter ] --END-- [ RunTime:0.012235s ]
INFO: [ view_end ] --START--
INFO: Run ShowPageTrace Behavior [ RunTime:-0.369971s ]
INFO: [ view_end ] --END-- [ RunTime:0.003450s ]

[ 2015-05-06T15:55:22+08:00 ] 183.232.118.15 /
NOTIC: [32] PHP Startup: Unable to load dynamic library 'D:\WebServer\php-5.2.5 (x64)\ext\php_fileinfo.dll' - ’“≤ªµΩ÷∏∂®µƒƒ£øÈ°£
 Unknown Á¨¨ 0 Ë°å.

[ 2015-05-06T15:55:22+08:00 ] 183.232.90.37 /
INFO: [ app_begin ] --START--
INFO: Run ReadHtmlCache Behavior [ RunTime:0.003091s ]
INFO: [ app_begin ] --END-- [ RunTime:0.003291s ]
SQL: SHOW COLUMNS FROM `wy_links` [ RunTime:0.159348s ]
SQL: SELECT * FROM `wy_links` WHERE ( `status` = 1 )  [ RunTime:0.000323s ]
NOTIC: [2] Cannot use a scalar value as an array D:\www\qmyx.wuyelaile.com\weiwincms\_Core\Lib\Core\View.class.php Á¨¨ 69 Ë°å.
INFO: [ view_template ] --START--
INFO: Run LocationTemplate Behavior [ RunTime:-0.466072s ]
INFO: [ view_template ] --END-- [ RunTime:0.005578s ]
INFO: [ view_parse ] --START--
INFO: Run ParseTemplate Behavior [ RunTime:-0.471752s ]
INFO: [ view_parse ] --END-- [ RunTime:0.032103s ]
INFO: [ view_filter ] --START--
INFO: Run ContentReplace Behavior [ RunTime:-0.503949s ]
INFO: Run TokenBuild Behavior [ RunTime:-0.506916s ]
INFO: Run WriteHtmlCache Behavior [ RunTime:-0.509832s ]
INFO: Run ShowRuntime Behavior [ RunTime:-0.512741s ]
INFO: [ view_filter ] --END-- [ RunTime:0.011847s ]
INFO: [ view_end ] --START--
INFO: Run ShowPageTrace Behavior [ RunTime:-0.515904s ]
INFO: [ view_end ] --END-- [ RunTime:0.003220s ]

[ 2015-05-06T15:55:22+08:00 ] 183.232.90.37 /
NOTIC: [32] PHP Startup: Unable to load dynamic library 'D:\WebServer\php-5.2.5 (x64)\ext\php_fileinfo.dll' - ’“≤ªµΩ÷∏∂®µƒƒ£øÈ°£
 Unknown Á¨¨ 0 Ë°å.

[ 2015-05-06T16:58:17+08:00 ] ERR: (ThinkException) Êó†Ê≥ïÂä†ËΩΩÊ®°Âùó:attachment
[ 2015-05-06T21:02:28+08:00 ] 180.153.201.212 /index.php?g=Wap&m=Agent&a=loupanInfo
INFO: [ app_begin ] --START--
INFO: Run ReadHtmlCache Behavior [ RunTime:0.005058s ]
INFO: [ app_begin ] --END-- [ RunTime:0.006558s ]
NOTIC: [8] Undefined index:  wecha_id D:\www\qmyx.wuyelaile.com\weiwincms\Lib\Action\Wap\AgentAction.class.php Á¨¨ 305 Ë°å.
NOTIC: [8] Undefined index:  id D:\www\qmyx.wuyelaile.com\weiwincms\Lib\Action\Wap\AgentAction.class.php Á¨¨ 306 Ë°å.
NOTIC: [8] Undefined index:  token D:\www\qmyx.wuyelaile.com\weiwincms\Lib\Action\Wap\AgentAction.class.php Á¨¨ 307 Ë°å.
SQL: SHOW COLUMNS FROM `wy_lpinfo` [ RunTime:0.051546s ]
SQL: UPDATE `wy_lpinfo` SET `video`=video+1 WHERE ( `id` = null ) AND ( `token` = null ) [ RunTime:0.000395s ]
SQL: SELECT * FROM `wy_lpinfo` WHERE ( `id` = null ) AND ( `token` = null ) LIMIT 1   [ RunTime:0.000298s ]
NOTIC: [2] Cannot use a scalar value as an array D:\www\qmyx.wuyelaile.com\weiwincms\_Core\Lib\Core\View.class.php Á¨¨ 69 Ë°å.
INFO: [ view_template ] --START--
INFO: Run LocationTemplate Behavior [ RunTime:-0.224964s ]
INFO: [ view_template ] --END-- [ RunTime:0.040676s ]
INFO: [ view_parse ] --START--
NOTIC: [8] Undefined variable: url D:\www\qmyx.wuyelaile.com\weiwindata\logs\Cache\Wap\15cb069a79c1a70eb570b5aca2bb66be.php Á¨¨ 22 Ë°å.
NOTIC: [8] Undefined variable: jjrarr D:\www\qmyx.wuyelaile.com\weiwindata\logs\Cache\Wap\15cb069a79c1a70eb570b5aca2bb66be.php Á¨¨ 139 Ë°å.
INFO: Run ParseTemplate Behavior [ RunTime:-0.265747s ]
INFO: [ view_parse ] --END-- [ RunTime:0.175712s ]
INFO: [ view_filter ] --START--
INFO: Run ContentReplace Behavior [ RunTime:-0.441537s ]
INFO: Run TokenBuild Behavior [ RunTime:-0.448955s ]
INFO: Run WriteHtmlCache Behavior [ RunTime:-0.461996s ]
INFO: Run ShowRuntime Behavior [ RunTime:-0.469543s ]
INFO: [ view_filter ] --END-- [ RunTime:0.035607s ]
INFO: [ view_end ] --START--
INFO: Run ShowPageTrace Behavior [ RunTime:-0.477257s ]
INFO: [ view_end ] --END-- [ RunTime:0.007830s ]

