[ 2015-09-23T03:37:49+08:00 ] 183.136.190.62 /
INFO: [ app_begin ] --START--
INFO: Run ReadHtmlCache Behavior [ RunTime:0.003781s ]
INFO: [ app_begin ] --END-- [ RunTime:0.003938s ]
SQL: SHOW COLUMNS FROM `wy_links` [ RunTime:0.161638s ]
SQL: SELECT * FROM `wy_links` WHERE ( `status` = 1 )  [ RunTime:0.000552s ]
NOTIC: [2] Cannot use a scalar value as an array D:\www\qmyx.wuyelaile.com\weiwincms\_Core\Lib\Core\View.class.php ç¬¬ 69 è¡Œ.
INFO: [ view_template ] --START--
INFO: Run LocationTemplate Behavior [ RunTime:-0.256912s ]
INFO: [ view_template ] --END-- [ RunTime:0.044689s ]
INFO: [ view_parse ] --START--
INFO: Run ParseTemplate Behavior [ RunTime:-0.301759s ]
INFO: [ view_parse ] --END-- [ RunTime:0.117265s ]
INFO: [ view_filter ] --START--
INFO: Run ContentReplace Behavior [ RunTime:-0.419072s ]
INFO: Run TokenBuild Behavior [ RunTime:-0.422539s ]
INFO: Run WriteHtmlCache Behavior [ RunTime:-0.426146s ]
INFO: Run ShowRuntime Behavior [ RunTime:-0.429015s ]
INFO: [ view_filter ] --END-- [ RunTime:0.012659s ]
INFO: [ view_end ] --START--
INFO: Run ShowPageTrace Behavior [ RunTime:-0.431846s ]
INFO: [ view_end ] --END-- [ RunTime:0.002907s ]

[ 2015-09-23T07:04:32+08:00 ] 121.42.0.19 /
INFO: [ app_begin ] --START--
INFO: Run ReadHtmlCache Behavior [ RunTime:0.001463s ]
INFO: [ app_begin ] --END-- [ RunTime:0.001689s ]
SQL: SHOW COLUMNS FROM `wy_links` [ RunTime:0.025646s ]
SQL: SELECT * FROM `wy_links` WHERE ( `status` = 1 )  [ RunTime:0.000262s ]
NOTIC: [2] Cannot use a scalar value as an array D:\www\qmyx.wuyelaile.com\weiwincms\_Core\Lib\Core\View.class.php ç¬¬ 69 è¡Œ.
INFO: [ view_template ] --START--
INFO: Run LocationTemplate Behavior [ RunTime:-0.054008s ]
INFO: [ view_template ] --END-- [ RunTime:0.001855s ]
INFO: [ view_parse ] --START--
INFO: Run ParseTemplate Behavior [ RunTime:-0.055958s ]
INFO: [ view_parse ] --END-- [ RunTime:0.021250s ]
INFO: [ view_filter ] --START--
INFO: Run ContentReplace Behavior [ RunTime:-0.077264s ]
INFO: Run TokenBuild Behavior [ RunTime:-0.078918s ]
INFO: Run WriteHtmlCache Behavior [ RunTime:-0.080180s ]
INFO: Run ShowRuntime Behavior [ RunTime:-0.081013s ]
INFO: [ view_filter ] --END-- [ RunTime:0.004833s ]
INFO: [ view_end ] --START--
INFO: Run ShowPageTrace Behavior [ RunTime:-0.082201s ]
INFO: [ view_end ] --END-- [ RunTime:0.001221s ]

[ 2015-09-23T07:04:32+08:00 ] 121.42.0.19 /
NOTIC: [32] PHP Startup: Unable to load dynamic library 'D:\WebServer\php-5.2.5 (x64)\ext\php_fileinfo.dll' - ÕÒ²»µ½Ö¸¶¨µÄÄ£¿é¡£
 Unknown ç¬¬ 0 è¡Œ.

[ 2015-09-23T12:10:05+08:00 ] 14.154.249.34 /
INFO: [ app_begin ] --START--
INFO: Run ReadHtmlCache Behavior [ RunTime:0.003750s ]
INFO: [ app_begin ] --END-- [ RunTime:0.005007s ]
SQL: SHOW COLUMNS FROM `wy_links` [ RunTime:0.069780s ]
SQL: SELECT * FROM `wy_links` WHERE ( `status` = 1 )  [ RunTime:0.000280s ]
NOTIC: [2] Cannot use a scalar value as an array D:\www\qmyx.wuyelaile.com\weiwincms\_Core\Lib\Core\View.class.php ç¬¬ 69 è¡Œ.
INFO: [ view_template ] --START--
INFO: Run LocationTemplate Behavior [ RunTime:-0.142227s ]
INFO: [ view_template ] --END-- [ RunTime:0.023783s ]
INFO: [ view_parse ] --START--
INFO: Run ParseTemplate Behavior [ RunTime:-0.166110s ]
INFO: [ view_parse ] --END-- [ RunTime:0.074883s ]
INFO: [ view_filter ] --START--
INFO: Run ContentReplace Behavior [ RunTime:-0.241085s ]
INFO: Run TokenBuild Behavior [ RunTime:-0.244217s ]
INFO: Run WriteHtmlCache Behavior [ RunTime:-0.246686s ]
INFO: Run ShowRuntime Behavior [ RunTime:-0.248837s ]
INFO: [ view_filter ] --END-- [ RunTime:0.010233s ]
INFO: [ view_end ] --START--
INFO: Run ShowPageTrace Behavior [ RunTime:-0.251414s ]
INFO: [ view_end ] --END-- [ RunTime:0.002343s ]

[ 2015-09-23T12:10:05+08:00 ] 14.154.249.34 /
NOTIC: [32] PHP Startup: Unable to load dynamic library 'D:\WebServer\php-5.2.5 (x64)\ext\php_fileinfo.dll' - ÕÒ²»µ½Ö¸¶¨µÄÄ£¿é¡£
 Unknown ç¬¬ 0 è¡Œ.

