[ 2015-07-29T12:31:38+08:00 ] 123.128.65.148 /index.php?g=Wap&m=Agent&a=index&token=ynzfui1406882414&wecha_id=oFtnjs4TQ-iNmRHuZ3RUejQJ-tDc
INFO: [ app_begin ] --START--
INFO: Run ReadHtmlCache Behavior [ RunTime:0.004331s ]
INFO: [ app_begin ] --END-- [ RunTime:0.004531s ]
SQL: SHOW COLUMNS FROM `wy_lpinfo` [ RunTime:0.113782s ]
SQL: SELECT * FROM `wy_lpinfo` WHERE ( `token` = 'ynzfui1406882414' ) ORDER BY houseSort desc,id desc LIMIT 0,20   [ RunTime:0.000889s ]
SQL: SHOW COLUMNS FROM `wy_jjr` [ RunTime:0.187502s ]
SQL: SELECT * FROM `wy_jjr` WHERE ( `Wecha_id` = 'oFtnjs4TQ-iNmRHuZ3RUejQJ-tDc' ) AND ( `Token` = 'ynzfui1406882414' ) LIMIT 1   [ RunTime:0.001231s ]
SQL: SHOW COLUMNS FROM `wy_share_content` [ RunTime:0.053941s ]
SQL: SELECT * FROM `wy_share_content` WHERE token='ynzfui1406882414' LIMIT 1   [ RunTime:0.000434s ]
NOTIC: [2] Cannot use a scalar value as an array D:\www\qmyx.wuyelaile.com\weiwincms\_Core\Lib\Core\View.class.php Á¨¨ 69 Ë°å.
INFO: [ view_template ] --START--
INFO: Run LocationTemplate Behavior [ RunTime:-0.860109s ]
INFO: [ view_template ] --END-- [ RunTime:0.222266s ]
INFO: [ view_parse ] --START--
INFO: Run ParseTemplate Behavior [ RunTime:-1.082501s ]
INFO: [ view_parse ] --END-- [ RunTime:0.149440s ]
INFO: [ view_filter ] --START--
INFO: Run ContentReplace Behavior [ RunTime:-1.232023s ]
INFO: Run TokenBuild Behavior [ RunTime:-1.243796s ]
INFO: Run WriteHtmlCache Behavior [ RunTime:-1.251265s ]
INFO: Run ShowRuntime Behavior [ RunTime:-1.258377s ]
INFO: [ view_filter ] --END-- [ RunTime:0.033554s ]
INFO: [ view_end ] --START--
INFO: Run ShowPageTrace Behavior [ RunTime:-1.265801s ]
INFO: [ view_end ] --END-- [ RunTime:0.010053s ]

[ 2015-07-29T12:31:39+08:00 ] 111.30.132.158 /
INFO: [ app_begin ] --START--
INFO: Run ReadHtmlCache Behavior [ RunTime:0.003184s ]
INFO: [ app_begin ] --END-- [ RunTime:0.003405s ]
SQL: SHOW COLUMNS FROM `wy_links` [ RunTime:0.004427s ]
SQL: SELECT * FROM `wy_links` WHERE ( `status` = 1 )  [ RunTime:0.000195s ]
NOTIC: [2] Cannot use a scalar value as an array D:\www\qmyx.wuyelaile.com\weiwincms\_Core\Lib\Core\View.class.php Á¨¨ 69 Ë°å.
INFO: [ view_template ] --START--
INFO: Run LocationTemplate Behavior [ RunTime:-0.044822s ]
INFO: [ view_template ] --END-- [ RunTime:0.119164s ]
INFO: [ view_parse ] --START--
INFO: Run ParseTemplate Behavior [ RunTime:-0.164094s ]
INFO: [ view_parse ] --END-- [ RunTime:0.064532s ]
INFO: [ view_filter ] --START--
INFO: Run ContentReplace Behavior [ RunTime:-0.228727s ]
INFO: Run TokenBuild Behavior [ RunTime:-0.235897s ]
INFO: Run WriteHtmlCache Behavior [ RunTime:-0.243648s ]
INFO: Run ShowRuntime Behavior [ RunTime:-0.247950s ]
INFO: [ view_filter ] --END-- [ RunTime:0.027795s ]
INFO: [ view_end ] --START--
INFO: Run ShowPageTrace Behavior [ RunTime:-0.256655s ]
INFO: [ view_end ] --END-- [ RunTime:0.006638s ]

[ 2015-07-29T12:31:39+08:00 ] 111.30.132.195 /
INFO: [ app_begin ] --START--
INFO: Run ReadHtmlCache Behavior [ RunTime:0.003072s ]
INFO: [ app_begin ] --END-- [ RunTime:0.003272s ]
SQL: SHOW COLUMNS FROM `wy_links` [ RunTime:0.005088s ]
SQL: SELECT * FROM `wy_links` WHERE ( `status` = 1 )  [ RunTime:0.000293s ]
NOTIC: [2] Cannot use a scalar value as an array D:\www\qmyx.wuyelaile.com\weiwincms\_Core\Lib\Core\View.class.php Á¨¨ 69 Ë°å.
INFO: [ view_template ] --START--
INFO: Run LocationTemplate Behavior [ RunTime:-0.044461s ]
INFO: [ view_template ] --END-- [ RunTime:0.124496s ]
INFO: [ view_parse ] --START--
INFO: Run ParseTemplate Behavior [ RunTime:-0.169133s ]
INFO: [ view_parse ] --END-- [ RunTime:0.066083s ]
INFO: [ view_filter ] --START--
INFO: Run ContentReplace Behavior [ RunTime:-0.235232s ]
INFO: Run TokenBuild Behavior [ RunTime:-0.243705s ]
INFO: Run WriteHtmlCache Behavior [ RunTime:-0.252650s ]
INFO: Run ShowRuntime Behavior [ RunTime:-0.259388s ]
INFO: [ view_filter ] --END-- [ RunTime:0.030708s ]
INFO: [ view_end ] --START--
INFO: Run ShowPageTrace Behavior [ RunTime:-0.266024s ]
INFO: [ view_end ] --END-- [ RunTime:0.006694s ]

[ 2015-07-29T12:31:39+08:00 ] 111.30.132.158 /
NOTIC: [32] PHP Startup: Unable to load dynamic library 'D:\WebServer\php-5.2.5 (x64)\ext\php_fileinfo.dll' - ’“≤ªµΩ÷∏∂®µƒƒ£øÈ°£
 Unknown Á¨¨ 0 Ë°å.

[ 2015-07-29T12:31:39+08:00 ] 61.49.57.61 /
INFO: [ app_begin ] --START--
INFO: Run ReadHtmlCache Behavior [ RunTime:0.003292s ]
INFO: [ app_begin ] --END-- [ RunTime:0.003494s ]
SQL: SHOW COLUMNS FROM `wy_links` [ RunTime:0.005284s ]
SQL: SELECT * FROM `wy_links` WHERE ( `status` = 1 )  [ RunTime:0.000227s ]
NOTIC: [2] Cannot use a scalar value as an array D:\www\qmyx.wuyelaile.com\weiwincms\_Core\Lib\Core\View.class.php Á¨¨ 69 Ë°å.
INFO: [ view_template ] --START--
INFO: Run LocationTemplate Behavior [ RunTime:-0.105912s ]
INFO: [ view_template ] --END-- [ RunTime:0.082115s ]
INFO: [ view_parse ] --START--
INFO: Run ParseTemplate Behavior [ RunTime:-0.188128s ]
INFO: [ view_parse ] --END-- [ RunTime:0.062825s ]
INFO: [ view_filter ] --START--
INFO: Run ContentReplace Behavior [ RunTime:-0.251033s ]
INFO: Run TokenBuild Behavior [ RunTime:-0.257980s ]
INFO: Run WriteHtmlCache Behavior [ RunTime:-0.263926s ]
INFO: Run ShowRuntime Behavior [ RunTime:-0.276077s ]
INFO: [ view_filter ] --END-- [ RunTime:0.032616s ]
INFO: [ view_end ] --START--
INFO: Run ShowPageTrace Behavior [ RunTime:-0.283774s ]
INFO: [ view_end ] --END-- [ RunTime:0.013444s ]

[ 2015-07-29T12:31:39+08:00 ] 61.49.57.61 /
NOTIC: [32] PHP Startup: Unable to load dynamic library 'D:\WebServer\php-5.2.5 (x64)\ext\php_fileinfo.dll' - ’“≤ªµΩ÷∏∂®µƒƒ£øÈ°£
 Unknown Á¨¨ 0 Ë°å.

[ 2015-07-29T12:31:39+08:00 ] 111.30.132.195 /
NOTIC: [32] PHP Startup: Unable to load dynamic library 'D:\WebServer\php-5.2.5 (x64)\ext\php_fileinfo.dll' - ’“≤ªµΩ÷∏∂®µƒƒ£øÈ°£
 Unknown Á¨¨ 0 Ë°å.

[ 2015-07-29T12:31:39+08:00 ] 125.39.57.37 /
INFO: [ app_begin ] --START--
INFO: Run ReadHtmlCache Behavior [ RunTime:0.000748s ]
INFO: [ app_begin ] --END-- [ RunTime:0.000923s ]
SQL: SHOW COLUMNS FROM `wy_links` [ RunTime:0.068862s ]
SQL: SELECT * FROM `wy_links` WHERE ( `status` = 1 )  [ RunTime:0.000463s ]
NOTIC: [2] Cannot use a scalar value as an array D:\www\qmyx.wuyelaile.com\weiwincms\_Core\Lib\Core\View.class.php Á¨¨ 69 Ë°å.
INFO: [ view_template ] --START--
INFO: Run LocationTemplate Behavior [ RunTime:-0.166431s ]
INFO: [ view_template ] --END-- [ RunTime:0.008921s ]
INFO: [ view_parse ] --START--
INFO: Run ParseTemplate Behavior [ RunTime:-0.175448s ]
INFO: [ view_parse ] --END-- [ RunTime:0.306177s ]
INFO: [ view_filter ] --START--
INFO: Run ContentReplace Behavior [ RunTime:-0.481691s ]
INFO: Run TokenBuild Behavior [ RunTime:-0.495913s ]
INFO: Run WriteHtmlCache Behavior [ RunTime:-0.516159s ]
INFO: Run ShowRuntime Behavior [ RunTime:-0.538308s ]
INFO: [ view_filter ] --END-- [ RunTime:0.062510s ]
INFO: [ view_end ] --START--
INFO: Run ShowPageTrace Behavior [ RunTime:-0.544365s ]
INFO: [ view_end ] --END-- [ RunTime:0.005813s ]

[ 2015-07-29T13:20:49+08:00 ] ERR: (ThinkException) Êó†Ê≥ïÂä†ËΩΩÊ®°Âùó:attachment
[ 2015-07-29T14:13:55+08:00 ] 121.42.0.16 /index.php
INFO: [ app_begin ] --START--
INFO: Run ReadHtmlCache Behavior [ RunTime:0.003155s ]
INFO: [ app_begin ] --END-- [ RunTime:0.003345s ]
SQL: SHOW COLUMNS FROM `wy_links` [ RunTime:0.010799s ]
SQL: SELECT * FROM `wy_links` WHERE ( `status` = 1 )  [ RunTime:0.000207s ]
NOTIC: [2] Cannot use a scalar value as an array D:\www\qmyx.wuyelaile.com\weiwincms\_Core\Lib\Core\View.class.php Á¨¨ 69 Ë°å.
INFO: [ view_template ] --START--
INFO: Run LocationTemplate Behavior [ RunTime:-0.055349s ]
INFO: [ view_template ] --END-- [ RunTime:0.005555s ]
INFO: [ view_parse ] --START--
INFO: Run ParseTemplate Behavior [ RunTime:-0.060992s ]
INFO: [ view_parse ] --END-- [ RunTime:0.031054s ]
INFO: [ view_filter ] --START--
INFO: Run ContentReplace Behavior [ RunTime:-0.092190s ]
INFO: Run TokenBuild Behavior [ RunTime:-0.095297s ]
INFO: Run WriteHtmlCache Behavior [ RunTime:-0.098324s ]
INFO: Run ShowRuntime Behavior [ RunTime:-0.100981s ]
INFO: [ view_filter ] --END-- [ RunTime:0.011646s ]
INFO: [ view_end ] --START--
INFO: Run ShowPageTrace Behavior [ RunTime:-0.103936s ]
INFO: [ view_end ] --END-- [ RunTime:0.002978s ]

[ 2015-07-29T14:13:55+08:00 ] 121.42.0.16 /index.php
NOTIC: [32] PHP Startup: Unable to load dynamic library 'D:\WebServer\php-5.2.5 (x64)\ext\php_fileinfo.dll' - ’“≤ªµΩ÷∏∂®µƒƒ£øÈ°£
 Unknown Á¨¨ 0 Ë°å.

[ 2015-07-29T14:14:42+08:00 ] 121.42.0.16 /index.php?edition-compare-1
INFO: [ app_begin ] --START--
INFO: Run ReadHtmlCache Behavior [ RunTime:0.001013s ]
INFO: [ app_begin ] --END-- [ RunTime:0.001184s ]
SQL: SHOW COLUMNS FROM `wy_links` [ RunTime:0.009273s ]
SQL: SELECT * FROM `wy_links` WHERE ( `status` = 1 )  [ RunTime:0.000246s ]
NOTIC: [2] Cannot use a scalar value as an array D:\www\qmyx.wuyelaile.com\weiwincms\_Core\Lib\Core\View.class.php Á¨¨ 69 Ë°å.
INFO: [ view_template ] --START--
INFO: Run LocationTemplate Behavior [ RunTime:-0.032285s ]
INFO: [ view_template ] --END-- [ RunTime:0.001480s ]
INFO: [ view_parse ] --START--
INFO: Run ParseTemplate Behavior [ RunTime:-0.033831s ]
INFO: [ view_parse ] --END-- [ RunTime:0.010730s ]
INFO: [ view_filter ] --START--
INFO: Run ContentReplace Behavior [ RunTime:-0.044635s ]
INFO: Run TokenBuild Behavior [ RunTime:-0.045334s ]
INFO: Run WriteHtmlCache Behavior [ RunTime:-0.046054s ]
INFO: Run ShowRuntime Behavior [ RunTime:-0.046559s ]
INFO: [ view_filter ] --END-- [ RunTime:0.002683s ]
INFO: [ view_end ] --START--
INFO: Run ShowPageTrace Behavior [ RunTime:-0.047417s ]
INFO: [ view_end ] --END-- [ RunTime:0.000957s ]

[ 2015-07-29T14:14:46+08:00 ] 121.42.0.16 /?tools-products.html
INFO: [ app_begin ] --START--
INFO: Run ReadHtmlCache Behavior [ RunTime:0.000747s ]
INFO: [ app_begin ] --END-- [ RunTime:0.000896s ]
SQL: SHOW COLUMNS FROM `wy_links` [ RunTime:0.009392s ]
SQL: SELECT * FROM `wy_links` WHERE ( `status` = 1 )  [ RunTime:0.000189s ]
NOTIC: [2] Cannot use a scalar value as an array D:\www\qmyx.wuyelaile.com\weiwincms\_Core\Lib\Core\View.class.php Á¨¨ 69 Ë°å.
INFO: [ view_template ] --START--
INFO: Run LocationTemplate Behavior [ RunTime:-0.029952s ]
INFO: [ view_template ] --END-- [ RunTime:0.001330s ]
INFO: [ view_parse ] --START--
INFO: Run ParseTemplate Behavior [ RunTime:-0.031368s ]
INFO: [ view_parse ] --END-- [ RunTime:0.011241s ]
INFO: [ view_filter ] --START--
INFO: Run ContentReplace Behavior [ RunTime:-0.042690s ]
INFO: Run TokenBuild Behavior [ RunTime:-0.043352s ]
INFO: Run WriteHtmlCache Behavior [ RunTime:-0.044063s ]
INFO: Run ShowRuntime Behavior [ RunTime:-0.044533s ]
INFO: [ view_filter ] --END-- [ RunTime:0.002575s ]
INFO: [ view_end ] --START--
INFO: Run ShowPageTrace Behavior [ RunTime:-0.045361s ]
INFO: [ view_end ] --END-- [ RunTime:0.000870s ]

[ 2015-07-29T14:15:14+08:00 ] 121.42.0.16 /index.php
INFO: [ app_begin ] --START--
INFO: Run ReadHtmlCache Behavior [ RunTime:0.000780s ]
INFO: [ app_begin ] --END-- [ RunTime:0.000920s ]
SQL: SHOW COLUMNS FROM `wy_links` [ RunTime:0.009198s ]
SQL: SELECT * FROM `wy_links` WHERE ( `status` = 1 )  [ RunTime:0.000207s ]
NOTIC: [2] Cannot use a scalar value as an array D:\www\qmyx.wuyelaile.com\weiwincms\_Core\Lib\Core\View.class.php Á¨¨ 69 Ë°å.
INFO: [ view_template ] --START--
INFO: Run LocationTemplate Behavior [ RunTime:-0.029222s ]
INFO: [ view_template ] --END-- [ RunTime:0.001312s ]
INFO: [ view_parse ] --START--
INFO: Run ParseTemplate Behavior [ RunTime:-0.030653s ]
INFO: [ view_parse ] --END-- [ RunTime:0.011067s ]
INFO: [ view_filter ] --START--
INFO: Run ContentReplace Behavior [ RunTime:-0.041787s ]
INFO: Run TokenBuild Behavior [ RunTime:-0.042432s ]
INFO: Run WriteHtmlCache Behavior [ RunTime:-0.043141s ]
INFO: Run ShowRuntime Behavior [ RunTime:-0.043649s ]
INFO: [ view_filter ] --END-- [ RunTime:0.002666s ]
INFO: [ view_end ] --START--
INFO: Run ShowPageTrace Behavior [ RunTime:-0.044555s ]
INFO: [ view_end ] --END-- [ RunTime:0.000862s ]

[ 2015-07-29T14:15:15+08:00 ] 121.42.0.16 /
INFO: [ app_begin ] --START--
INFO: Run ReadHtmlCache Behavior [ RunTime:0.000767s ]
INFO: [ app_begin ] --END-- [ RunTime:0.000909s ]
SQL: SHOW COLUMNS FROM `wy_links` [ RunTime:0.009102s ]
SQL: SELECT * FROM `wy_links` WHERE ( `status` = 1 )  [ RunTime:0.000212s ]
NOTIC: [2] Cannot use a scalar value as an array D:\www\qmyx.wuyelaile.com\weiwincms\_Core\Lib\Core\View.class.php Á¨¨ 69 Ë°å.
INFO: [ view_template ] --START--
INFO: Run LocationTemplate Behavior [ RunTime:-0.038279s ]
INFO: [ view_template ] --END-- [ RunTime:0.001370s ]
INFO: [ view_parse ] --START--
INFO: Run ParseTemplate Behavior [ RunTime:-0.039738s ]
INFO: [ view_parse ] --END-- [ RunTime:0.011285s ]
INFO: [ view_filter ] --START--
INFO: Run ContentReplace Behavior [ RunTime:-0.051118s ]
INFO: Run TokenBuild Behavior [ RunTime:-0.051858s ]
INFO: Run WriteHtmlCache Behavior [ RunTime:-0.052629s ]
INFO: Run ShowRuntime Behavior [ RunTime:-0.053168s ]
INFO: [ view_filter ] --END-- [ RunTime:0.002789s ]
INFO: [ view_end ] --START--
INFO: Run ShowPageTrace Behavior [ RunTime:-0.054004s ]
INFO: [ view_end ] --END-- [ RunTime:0.000933s ]

[ 2015-07-29T14:15:23+08:00 ] 121.42.0.16 /?product-gnotify
INFO: [ app_begin ] --START--
INFO: Run ReadHtmlCache Behavior [ RunTime:0.000794s ]
INFO: [ app_begin ] --END-- [ RunTime:0.000943s ]
SQL: SHOW COLUMNS FROM `wy_links` [ RunTime:0.009025s ]
SQL: SELECT * FROM `wy_links` WHERE ( `status` = 1 )  [ RunTime:0.000248s ]
NOTIC: [2] Cannot use a scalar value as an array D:\www\qmyx.wuyelaile.com\weiwincms\_Core\Lib\Core\View.class.php Á¨¨ 69 Ë°å.
INFO: [ view_template ] --START--
INFO: Run LocationTemplate Behavior [ RunTime:-0.029285s ]
INFO: [ view_template ] --END-- [ RunTime:0.001245s ]
INFO: [ view_parse ] --START--
INFO: Run ParseTemplate Behavior [ RunTime:-0.030616s ]
INFO: [ view_parse ] --END-- [ RunTime:0.011021s ]
INFO: [ view_filter ] --START--
INFO: Run ContentReplace Behavior [ RunTime:-0.041704s ]
INFO: Run TokenBuild Behavior [ RunTime:-0.042524s ]
INFO: Run WriteHtmlCache Behavior [ RunTime:-0.043205s ]
INFO: Run ShowRuntime Behavior [ RunTime:-0.043776s ]
INFO: [ view_filter ] --END-- [ RunTime:0.003028s ]
INFO: [ view_end ] --START--
INFO: Run ShowPageTrace Behavior [ RunTime:-0.044882s ]
INFO: [ view_end ] --END-- [ RunTime:0.000968s ]

[ 2015-07-29T14:15:42+08:00 ] 121.42.0.16 /
INFO: [ app_begin ] --START--
INFO: Run ReadHtmlCache Behavior [ RunTime:0.000814s ]
INFO: [ app_begin ] --END-- [ RunTime:0.000978s ]
SQL: SHOW COLUMNS FROM `wy_links` [ RunTime:0.012307s ]
SQL: SELECT * FROM `wy_links` WHERE ( `status` = 1 )  [ RunTime:0.000212s ]
NOTIC: [2] Cannot use a scalar value as an array D:\www\qmyx.wuyelaile.com\weiwincms\_Core\Lib\Core\View.class.php Á¨¨ 69 Ë°å.
INFO: [ view_template ] --START--
INFO: Run LocationTemplate Behavior [ RunTime:-0.034064s ]
INFO: [ view_template ] --END-- [ RunTime:0.001294s ]
INFO: [ view_parse ] --START--
INFO: Run ParseTemplate Behavior [ RunTime:-0.035444s ]
INFO: [ view_parse ] --END-- [ RunTime:0.012565s ]
INFO: [ view_filter ] --START--
INFO: Run ContentReplace Behavior [ RunTime:-0.048112s ]
INFO: Run TokenBuild Behavior [ RunTime:-0.048868s ]
INFO: Run WriteHtmlCache Behavior [ RunTime:-0.049783s ]
INFO: Run ShowRuntime Behavior [ RunTime:-0.050377s ]
INFO: [ view_filter ] --END-- [ RunTime:0.003137s ]
INFO: [ view_end ] --START--
INFO: Run ShowPageTrace Behavior [ RunTime:-0.051369s ]
INFO: [ view_end ] --END-- [ RunTime:0.001035s ]

[ 2015-07-29T14:15:45+08:00 ] 121.42.0.16 /index.php
INFO: [ app_begin ] --START--
INFO: Run ReadHtmlCache Behavior [ RunTime:0.000756s ]
INFO: [ app_begin ] --END-- [ RunTime:0.000901s ]
SQL: SHOW COLUMNS FROM `wy_links` [ RunTime:0.010734s ]
SQL: SELECT * FROM `wy_links` WHERE ( `status` = 1 )  [ RunTime:0.000304s ]
NOTIC: [2] Cannot use a scalar value as an array D:\www\qmyx.wuyelaile.com\weiwincms\_Core\Lib\Core\View.class.php Á¨¨ 69 Ë°å.
INFO: [ view_template ] --START--
INFO: Run LocationTemplate Behavior [ RunTime:-0.031565s ]
INFO: [ view_template ] --END-- [ RunTime:0.001403s ]
INFO: [ view_parse ] --START--
INFO: Run ParseTemplate Behavior [ RunTime:-0.033093s ]
INFO: [ view_parse ] --END-- [ RunTime:0.011291s ]
INFO: [ view_filter ] --START--
INFO: Run ContentReplace Behavior [ RunTime:-0.044463s ]
INFO: Run TokenBuild Behavior [ RunTime:-0.045521s ]
INFO: Run WriteHtmlCache Behavior [ RunTime:-0.046322s ]
INFO: Run ShowRuntime Behavior [ RunTime:-0.046826s ]
INFO: [ view_filter ] --END-- [ RunTime:0.003256s ]
INFO: [ view_end ] --START--
INFO: Run ShowPageTrace Behavior [ RunTime:-0.047822s ]
INFO: [ view_end ] --END-- [ RunTime:0.000876s ]

[ 2015-07-29T14:15:47+08:00 ] 121.42.0.16 /index.php
INFO: [ app_begin ] --START--
INFO: Run ReadHtmlCache Behavior [ RunTime:0.000818s ]
INFO: [ app_begin ] --END-- [ RunTime:0.000957s ]
SQL: SHOW COLUMNS FROM `wy_links` [ RunTime:0.012257s ]
SQL: SELECT * FROM `wy_links` WHERE ( `status` = 1 )  [ RunTime:0.000348s ]
NOTIC: [2] Cannot use a scalar value as an array D:\www\qmyx.wuyelaile.com\weiwincms\_Core\Lib\Core\View.class.php Á¨¨ 69 Ë°å.
INFO: [ view_template ] --START--
INFO: Run LocationTemplate Behavior [ RunTime:-0.033087s ]
INFO: [ view_template ] --END-- [ RunTime:0.001284s ]
INFO: [ view_parse ] --START--
INFO: Run ParseTemplate Behavior [ RunTime:-0.034450s ]
INFO: [ view_parse ] --END-- [ RunTime:0.010802s ]
INFO: [ view_filter ] --START--
INFO: Run ContentReplace Behavior [ RunTime:-0.045333s ]
INFO: Run TokenBuild Behavior [ RunTime:-0.045994s ]
INFO: Run WriteHtmlCache Behavior [ RunTime:-0.046720s ]
INFO: Run ShowRuntime Behavior [ RunTime:-0.047224s ]
INFO: [ view_filter ] --END-- [ RunTime:0.002673s ]
INFO: [ view_end ] --START--
INFO: Run ShowPageTrace Behavior [ RunTime:-0.048125s ]
INFO: [ view_end ] --END-- [ RunTime:0.000909s ]

[ 2015-07-29T14:15:48+08:00 ] 121.42.0.16 /
INFO: [ app_begin ] --START--
INFO: Run ReadHtmlCache Behavior [ RunTime:0.000812s ]
INFO: [ app_begin ] --END-- [ RunTime:0.000950s ]
SQL: SHOW COLUMNS FROM `wy_links` [ RunTime:0.011669s ]
SQL: SELECT * FROM `wy_links` WHERE ( `status` = 1 )  [ RunTime:0.000218s ]
NOTIC: [2] Cannot use a scalar value as an array D:\www\qmyx.wuyelaile.com\weiwincms\_Core\Lib\Core\View.class.php Á¨¨ 69 Ë°å.
INFO: [ view_template ] --START--
INFO: Run LocationTemplate Behavior [ RunTime:-0.034506s ]
INFO: [ view_template ] --END-- [ RunTime:0.001302s ]
INFO: [ view_parse ] --START--
INFO: Run ParseTemplate Behavior [ RunTime:-0.035891s ]
INFO: [ view_parse ] --END-- [ RunTime:0.011747s ]
INFO: [ view_filter ] --START--
INFO: Run ContentReplace Behavior [ RunTime:-0.047800s ]
INFO: Run TokenBuild Behavior [ RunTime:-0.048707s ]
INFO: Run WriteHtmlCache Behavior [ RunTime:-0.049598s ]
INFO: Run ShowRuntime Behavior [ RunTime:-0.050190s ]
INFO: [ view_filter ] --END-- [ RunTime:0.003368s ]
INFO: [ view_end ] --START--
INFO: Run ShowPageTrace Behavior [ RunTime:-0.051270s ]
INFO: [ view_end ] --END-- [ RunTime:0.001110s ]

[ 2015-07-29T14:15:53+08:00 ] 121.42.0.16 /
INFO: [ app_begin ] --START--
INFO: Run ReadHtmlCache Behavior [ RunTime:0.000754s ]
INFO: [ app_begin ] --END-- [ RunTime:0.000896s ]
SQL: SHOW COLUMNS FROM `wy_links` [ RunTime:0.010811s ]
SQL: SELECT * FROM `wy_links` WHERE ( `status` = 1 )  [ RunTime:0.000230s ]
NOTIC: [2] Cannot use a scalar value as an array D:\www\qmyx.wuyelaile.com\weiwincms\_Core\Lib\Core\View.class.php Á¨¨ 69 Ë°å.
INFO: [ view_template ] --START--
INFO: Run LocationTemplate Behavior [ RunTime:-0.032052s ]
INFO: [ view_template ] --END-- [ RunTime:0.001406s ]
INFO: [ view_parse ] --START--
INFO: Run ParseTemplate Behavior [ RunTime:-0.033575s ]
INFO: [ view_parse ] --END-- [ RunTime:0.013531s ]
INFO: [ view_filter ] --START--
INFO: Run ContentReplace Behavior [ RunTime:-0.047179s ]
INFO: Run TokenBuild Behavior [ RunTime:-0.047888s ]
INFO: Run WriteHtmlCache Behavior [ RunTime:-0.048655s ]
INFO: Run ShowRuntime Behavior [ RunTime:-0.049224s ]
INFO: [ view_filter ] --END-- [ RunTime:0.002861s ]
INFO: [ view_end ] --START--
INFO: Run ShowPageTrace Behavior [ RunTime:-0.050139s ]
INFO: [ view_end ] --END-- [ RunTime:0.000902s ]

[ 2015-07-29T14:15:55+08:00 ] ERR: (ThinkException) Êó†Ê≥ïÂä†ËΩΩÊ®°Âùó:vote
[ 2015-07-29T14:15:57+08:00 ] ERR: (ThinkException) Êó†Ê≥ïÂä†ËΩΩÊ®°Âùó:vote
[ 2015-07-29T14:15:59+08:00 ] ERR: (ThinkException) Êó†Ê≥ïÂä†ËΩΩÊ®°Âùó:vote
[ 2015-07-29T14:16:11+08:00 ] 121.42.0.16 /
INFO: [ app_begin ] --START--
INFO: Run ReadHtmlCache Behavior [ RunTime:0.000805s ]
INFO: [ app_begin ] --END-- [ RunTime:0.000942s ]
SQL: SHOW COLUMNS FROM `wy_links` [ RunTime:0.010573s ]
SQL: SELECT * FROM `wy_links` WHERE ( `status` = 1 )  [ RunTime:0.000231s ]
NOTIC: [2] Cannot use a scalar value as an array D:\www\qmyx.wuyelaile.com\weiwincms\_Core\Lib\Core\View.class.php Á¨¨ 69 Ë°å.
INFO: [ view_template ] --START--
INFO: Run LocationTemplate Behavior [ RunTime:-0.051738s ]
INFO: [ view_template ] --END-- [ RunTime:0.005238s ]
INFO: [ view_parse ] --START--
INFO: Run ParseTemplate Behavior [ RunTime:-0.057083s ]
INFO: [ view_parse ] --END-- [ RunTime:0.021691s ]
INFO: [ view_filter ] --START--
INFO: Run ContentReplace Behavior [ RunTime:-0.078843s ]
INFO: Run TokenBuild Behavior [ RunTime:-0.082528s ]
INFO: Run WriteHtmlCache Behavior [ RunTime:-0.085828s ]
INFO: Run ShowRuntime Behavior [ RunTime:-0.088469s ]
INFO: [ view_filter ] --END-- [ RunTime:0.012470s ]
INFO: [ view_end ] --START--
INFO: Run ShowPageTrace Behavior [ RunTime:-0.091412s ]
INFO: [ view_end ] --END-- [ RunTime:0.002992s ]

[ 2015-07-29T14:16:14+08:00 ] 121.42.0.16 /index.php
INFO: [ app_begin ] --START--
INFO: Run ReadHtmlCache Behavior [ RunTime:0.000733s ]
INFO: [ app_begin ] --END-- [ RunTime:0.000869s ]
SQL: SHOW COLUMNS FROM `wy_links` [ RunTime:0.009853s ]
SQL: SELECT * FROM `wy_links` WHERE ( `status` = 1 )  [ RunTime:0.000227s ]
NOTIC: [2] Cannot use a scalar value as an array D:\www\qmyx.wuyelaile.com\weiwincms\_Core\Lib\Core\View.class.php Á¨¨ 69 Ë°å.
INFO: [ view_template ] --START--
INFO: Run LocationTemplate Behavior [ RunTime:-0.031536s ]
INFO: [ view_template ] --END-- [ RunTime:0.001213s ]
INFO: [ view_parse ] --START--
INFO: Run ParseTemplate Behavior [ RunTime:-0.032833s ]
INFO: [ view_parse ] --END-- [ RunTime:0.010558s ]
INFO: [ view_filter ] --START--
INFO: Run ContentReplace Behavior [ RunTime:-0.043475s ]
INFO: Run TokenBuild Behavior [ RunTime:-0.044190s ]
INFO: Run WriteHtmlCache Behavior [ RunTime:-0.044956s ]
INFO: Run ShowRuntime Behavior [ RunTime:-0.045448s ]
INFO: [ view_filter ] --END-- [ RunTime:0.002743s ]
INFO: [ view_end ] --START--
INFO: Run ShowPageTrace Behavior [ RunTime:-0.046303s ]
INFO: [ view_end ] --END-- [ RunTime:0.000867s ]

[ 2015-07-29T14:16:32+08:00 ] 121.42.0.16 /
INFO: [ app_begin ] --START--
INFO: Run ReadHtmlCache Behavior [ RunTime:0.000802s ]
INFO: [ app_begin ] --END-- [ RunTime:0.000951s ]
SQL: SHOW COLUMNS FROM `wy_links` [ RunTime:0.009935s ]
SQL: SELECT * FROM `wy_links` WHERE ( `status` = 1 )  [ RunTime:0.000241s ]
NOTIC: [2] Cannot use a scalar value as an array D:\www\qmyx.wuyelaile.com\weiwincms\_Core\Lib\Core\View.class.php Á¨¨ 69 Ë°å.
INFO: [ view_template ] --START--
INFO: Run LocationTemplate Behavior [ RunTime:-0.034718s ]
INFO: [ view_template ] --END-- [ RunTime:0.001351s ]
INFO: [ view_parse ] --START--
INFO: Run ParseTemplate Behavior [ RunTime:-0.036169s ]
INFO: [ view_parse ] --END-- [ RunTime:0.012776s ]
INFO: [ view_filter ] --START--
INFO: Run ContentReplace Behavior [ RunTime:-0.049023s ]
INFO: Run TokenBuild Behavior [ RunTime:-0.049743s ]
INFO: Run WriteHtmlCache Behavior [ RunTime:-0.050510s ]
INFO: Run ShowRuntime Behavior [ RunTime:-0.050993s ]
INFO: [ view_filter ] --END-- [ RunTime:0.002724s ]
INFO: [ view_end ] --START--
INFO: Run ShowPageTrace Behavior [ RunTime:-0.051845s ]
INFO: [ view_end ] --END-- [ RunTime:0.000929s ]

[ 2015-07-29T14:16:40+08:00 ] 121.42.0.16 /
INFO: [ app_begin ] --START--
INFO: Run ReadHtmlCache Behavior [ RunTime:0.000909s ]
INFO: [ app_begin ] --END-- [ RunTime:0.001092s ]
SQL: SHOW COLUMNS FROM `wy_links` [ RunTime:0.009581s ]
SQL: SELECT * FROM `wy_links` WHERE ( `status` = 1 )  [ RunTime:0.000223s ]
NOTIC: [2] Cannot use a scalar value as an array D:\www\qmyx.wuyelaile.com\weiwincms\_Core\Lib\Core\View.class.php Á¨¨ 69 Ë°å.
INFO: [ view_template ] --START--
INFO: Run LocationTemplate Behavior [ RunTime:-0.029756s ]
INFO: [ view_template ] --END-- [ RunTime:0.001236s ]
INFO: [ view_parse ] --START--
INFO: Run ParseTemplate Behavior [ RunTime:-0.031075s ]
INFO: [ view_parse ] --END-- [ RunTime:0.010719s ]
INFO: [ view_filter ] --START--
INFO: Run ContentReplace Behavior [ RunTime:-0.041866s ]
INFO: Run TokenBuild Behavior [ RunTime:-0.042508s ]
INFO: Run WriteHtmlCache Behavior [ RunTime:-0.043350s ]
INFO: Run ShowRuntime Behavior [ RunTime:-0.043840s ]
INFO: [ view_filter ] --END-- [ RunTime:0.002733s ]
INFO: [ view_end ] --START--
INFO: Run ShowPageTrace Behavior [ RunTime:-0.044697s ]
INFO: [ view_end ] --END-- [ RunTime:0.000883s ]

[ 2015-07-29T14:16:42+08:00 ] 121.42.0.16 /
INFO: [ app_begin ] --START--
INFO: Run ReadHtmlCache Behavior [ RunTime:0.000880s ]
INFO: [ app_begin ] --END-- [ RunTime:0.001037s ]
SQL: SHOW COLUMNS FROM `wy_links` [ RunTime:0.009874s ]
SQL: SELECT * FROM `wy_links` WHERE ( `status` = 1 )  [ RunTime:0.000225s ]
NOTIC: [2] Cannot use a scalar value as an array D:\www\qmyx.wuyelaile.com\weiwincms\_Core\Lib\Core\View.class.php Á¨¨ 69 Ë°å.
INFO: [ view_template ] --START--
INFO: Run LocationTemplate Behavior [ RunTime:-0.032006s ]
INFO: [ view_template ] --END-- [ RunTime:0.001298s ]
INFO: [ view_parse ] --START--
INFO: Run ParseTemplate Behavior [ RunTime:-0.033342s ]
INFO: [ view_parse ] --END-- [ RunTime:0.011179s ]
INFO: [ view_filter ] --START--
INFO: Run ContentReplace Behavior [ RunTime:-0.044601s ]
INFO: Run TokenBuild Behavior [ RunTime:-0.045284s ]
INFO: Run WriteHtmlCache Behavior [ RunTime:-0.046031s ]
INFO: Run ShowRuntime Behavior [ RunTime:-0.046521s ]
INFO: [ view_filter ] --END-- [ RunTime:0.002840s ]
INFO: [ view_end ] --START--
INFO: Run ShowPageTrace Behavior [ RunTime:-0.047536s ]
INFO: [ view_end ] --END-- [ RunTime:0.000894s ]

[ 2015-07-29T14:16:46+08:00 ] 121.42.0.16 /?%28%27%5Cu0023context%5B%5C%27xwork.MethodAccessor.denyMethodExecution%5C%27%5D%5Cu003dfalse%27%29%28bla%29%28bla%29&%28%27%5Cu0023_memberAccess.excludeProperties%5Cu003d%40java.util.Collections%40EMPTY_SET%27%29%28kxlzx%29%28kxlzx%29&%28%27%5Cu0023_memberAccess.allowStaticMethodAccess%5Cu003dtrue%27%29%28bla%29%28bla%29&%28%27%5Cu0023mycmd%5Cu003d%5C%27ifconfig%5C%27%27%29%28bla%29%28bla%29&%28%27%5Cu0023myret%5Cu003d%40java.lang.Runtime%40getRuntime%28%29.exec%28%5Cu0023mycmd%29%27%29%28bla%29%28bla%29&%28A%29%28%28%27%5Cu0023mydat%5Cu003dnew%5C40java.io.DataInputStream%28%5Cu0023myret.getInputStream%28%29%29%27%29%28bla%29%29&%28B%29%28%28%27%5Cu0023myres%5Cu003dnew%5C40byte%5B51020%5D%27%29%28bla%29%29&%28C%29%28%28%27%5Cu0023mydat.readFully%28%5Cu0023myres%29%27%29%28bla%29%29&%28D%29%28%28%27%5Cu0023mystr%5Cu003dnew%5C40java.lang.String%28%5Cu0023myres%29%27%29%28bla%29%29&%28%27%5Cu0023myout%5Cu003d%40org.apache.struts2.ServletActionContext%40getResponse%28%29%27%29%28bla%29%28bla%29&%28E%29%28%28%27%5Cu0023myout.getWriter%28%29.println%28%5Cu0023%27heimdall181%27%29%27%29%28bla%29%29
INFO: [ app_begin ] --START--
INFO: Run ReadHtmlCache Behavior [ RunTime:0.000746s ]
INFO: [ app_begin ] --END-- [ RunTime:0.000897s ]
SQL: SHOW COLUMNS FROM `wy_links` [ RunTime:0.010143s ]
SQL: SELECT * FROM `wy_links` WHERE ( `status` = 1 )  [ RunTime:0.000222s ]
NOTIC: [2] Cannot use a scalar value as an array D:\www\qmyx.wuyelaile.com\weiwincms\_Core\Lib\Core\View.class.php Á¨¨ 69 Ë°å.
INFO: [ view_template ] --START--
INFO: Run LocationTemplate Behavior [ RunTime:-0.030638s ]
INFO: [ view_template ] --END-- [ RunTime:0.001844s ]
INFO: [ view_parse ] --START--
INFO: Run ParseTemplate Behavior [ RunTime:-0.032582s ]
INFO: [ view_parse ] --END-- [ RunTime:0.012366s ]
INFO: [ view_filter ] --START--
INFO: Run ContentReplace Behavior [ RunTime:-0.045051s ]
INFO: Run TokenBuild Behavior [ RunTime:-0.045707s ]
INFO: Run WriteHtmlCache Behavior [ RunTime:-0.046464s ]
INFO: Run ShowRuntime Behavior [ RunTime:-0.046976s ]
INFO: [ view_filter ] --END-- [ RunTime:0.002694s ]
INFO: [ view_end ] --START--
INFO: Run ShowPageTrace Behavior [ RunTime:-0.047846s ]
INFO: [ view_end ] --END-- [ RunTime:0.000954s ]

[ 2015-07-29T14:16:50+08:00 ] 121.42.0.16 /index.php?g=Wap&m=Agent&a=loupanInfo
INFO: [ app_begin ] --START--
INFO: Run ReadHtmlCache Behavior [ RunTime:0.000911s ]
INFO: [ app_begin ] --END-- [ RunTime:0.001095s ]
NOTIC: [8] Undefined index:  id D:\www\qmyx.wuyelaile.com\weiwincms\Lib\Action\Wap\AgentAction.class.php Á¨¨ 183 Ë°å.
NOTIC: [8] Undefined index:  token D:\www\qmyx.wuyelaile.com\weiwincms\Lib\Action\Wap\AgentAction.class.php Á¨¨ 186 Ë°å.
SQL: SHOW COLUMNS FROM `wy_lpinfo` [ RunTime:0.011958s ]
SQL: UPDATE `wy_lpinfo` SET `video`=video+1 WHERE ( `id` = null ) AND ( `token` = null ) [ RunTime:0.000361s ]
SQL: SELECT * FROM `wy_lpinfo` WHERE ( `id` = null ) AND ( `token` = null ) LIMIT 1   [ RunTime:0.000381s ]
NOTIC: [2] Cannot use a scalar value as an array D:\www\qmyx.wuyelaile.com\weiwincms\_Core\Lib\Core\View.class.php Á¨¨ 69 Ë°å.
INFO: [ view_template ] --START--
INFO: Run LocationTemplate Behavior [ RunTime:-0.043975s ]
INFO: [ view_template ] --END-- [ RunTime:0.004928s ]
INFO: [ view_parse ] --START--
NOTIC: [8] Undefined variable: url D:\www\qmyx.wuyelaile.com\weiwindata\logs\Cache\Wap\15cb069a79c1a70eb570b5aca2bb66be.php Á¨¨ 22 Ë°å.
NOTIC: [8] Undefined variable: jjrarr D:\www\qmyx.wuyelaile.com\weiwindata\logs\Cache\Wap\15cb069a79c1a70eb570b5aca2bb66be.php Á¨¨ 139 Ë°å.
INFO: Run ParseTemplate Behavior [ RunTime:-0.049083s ]
INFO: [ view_parse ] --END-- [ RunTime:0.075642s ]
INFO: [ view_filter ] --START--
INFO: Run ContentReplace Behavior [ RunTime:-0.124775s ]
INFO: Run TokenBuild Behavior [ RunTime:-0.125449s ]
INFO: Run WriteHtmlCache Behavior [ RunTime:-0.126068s ]
INFO: Run ShowRuntime Behavior [ RunTime:-0.126612s ]
INFO: [ view_filter ] --END-- [ RunTime:0.002571s ]
INFO: [ view_end ] --START--
INFO: Run ShowPageTrace Behavior [ RunTime:-0.127472s ]
INFO: [ view_end ] --END-- [ RunTime:0.000890s ]

[ 2015-07-29T14:16:53+08:00 ] 121.42.0.16 /index.php?system=Dash&page=%27);echo(md5(666));//
INFO: [ app_begin ] --START--
INFO: Run ReadHtmlCache Behavior [ RunTime:0.000760s ]
INFO: [ app_begin ] --END-- [ RunTime:0.000911s ]
SQL: SHOW COLUMNS FROM `wy_links` [ RunTime:0.009399s ]
SQL: SELECT * FROM `wy_links` WHERE ( `status` = 1 )  [ RunTime:0.000285s ]
NOTIC: [2] Cannot use a scalar value as an array D:\www\qmyx.wuyelaile.com\weiwincms\_Core\Lib\Core\View.class.php Á¨¨ 69 Ë°å.
INFO: [ view_template ] --START--
INFO: Run LocationTemplate Behavior [ RunTime:-0.029151s ]
INFO: [ view_template ] --END-- [ RunTime:0.001309s ]
INFO: [ view_parse ] --START--
INFO: Run ParseTemplate Behavior [ RunTime:-0.030546s ]
INFO: [ view_parse ] --END-- [ RunTime:0.010828s ]
INFO: [ view_filter ] --START--
INFO: Run ContentReplace Behavior [ RunTime:-0.041446s ]
INFO: Run TokenBuild Behavior [ RunTime:-0.042093s ]
INFO: Run WriteHtmlCache Behavior [ RunTime:-0.042794s ]
INFO: Run ShowRuntime Behavior [ RunTime:-0.043317s ]
INFO: [ view_filter ] --END-- [ RunTime:0.002612s ]
INFO: [ view_end ] --START--
INFO: Run ShowPageTrace Behavior [ RunTime:-0.044156s ]
INFO: [ view_end ] --END-- [ RunTime:0.000874s ]

[ 2015-07-29T14:17:18+08:00 ] 121.42.0.16 /
INFO: [ app_begin ] --START--
INFO: Run ReadHtmlCache Behavior [ RunTime:0.000821s ]
INFO: [ app_begin ] --END-- [ RunTime:0.000973s ]
SQL: SHOW COLUMNS FROM `wy_links` [ RunTime:0.011145s ]
SQL: SELECT * FROM `wy_links` WHERE ( `status` = 1 )  [ RunTime:0.000237s ]
NOTIC: [2] Cannot use a scalar value as an array D:\www\qmyx.wuyelaile.com\weiwincms\_Core\Lib\Core\View.class.php Á¨¨ 69 Ë°å.
INFO: [ view_template ] --START--
INFO: Run LocationTemplate Behavior [ RunTime:-0.033102s ]
INFO: [ view_template ] --END-- [ RunTime:0.001253s ]
INFO: [ view_parse ] --START--
INFO: Run ParseTemplate Behavior [ RunTime:-0.034470s ]
INFO: [ view_parse ] --END-- [ RunTime:0.011622s ]
INFO: [ view_filter ] --START--
INFO: Run ContentReplace Behavior [ RunTime:-0.046153s ]
INFO: Run TokenBuild Behavior [ RunTime:-0.046898s ]
INFO: Run WriteHtmlCache Behavior [ RunTime:-0.047678s ]
INFO: Run ShowRuntime Behavior [ RunTime:-0.048186s ]
INFO: [ view_filter ] --END-- [ RunTime:0.002770s ]
INFO: [ view_end ] --START--
INFO: Run ShowPageTrace Behavior [ RunTime:-0.049024s ]
INFO: [ view_end ] --END-- [ RunTime:0.000953s ]

[ 2015-07-29T14:17:23+08:00 ] ERR: (ThinkException) Êó†Ê≥ïÂä†ËΩΩÊ®°Âùó:module
[ 2015-07-29T14:17:30+08:00 ] ERR: (ThinkException) Got error 'parentheses not balanced' from regexp
 [ SQLËØ≠Âè• ] : SELECT * FROM `wy_users` WHERE ( `username` = '1') RLIKE (SELECT (CASE WHEN (93317=93315764) THEN 1 ELSE 0x28 END)) AND ('Zgro'='Zgro' ) LIMIT 1  
[ 2015-07-29T14:17:30+08:00 ] 121.42.0.16 /index.php?m=Users&a=checklogin
INFO: [ app_begin ] --START--
INFO: Run ReadHtmlCache Behavior [ RunTime:0.000758s ]
INFO: [ app_begin ] --END-- [ RunTime:0.000896s ]
SQL: SHOW COLUMNS FROM `wy_users` [ RunTime:0.085657s ]
SQL: SELECT * FROM `wy_users` WHERE ( `username` = '1') RLIKE (SELECT (CASE WHEN (93317=93315764) THEN 1 ELSE 0x28 END)) AND ('Zgro'='Zgro' ) LIMIT 1   [ RunTime:0.000480s ]
NOTIC: [8] Undefined index:  class D:\www\qmyx.wuyelaile.com\weiwincms\_Core\Lib\Core\ThinkException.class.php Á¨¨ 63 Ë°å.
NOTIC: [8] Undefined index:  type D:\www\qmyx.wuyelaile.com\weiwincms\_Core\Lib\Core\ThinkException.class.php Á¨¨ 63 Ë°å.
NOTIC: [8] Array to string conversion D:\www\qmyx.wuyelaile.com\weiwincms\_Core\Lib\Core\ThinkException.class.php Á¨¨ 64 Ë°å.
NOTIC: [8] Undefined index:  file D:\www\qmyx.wuyelaile.com\weiwincms\_Core\Lib\Core\ThinkException.class.php Á¨¨ 62 Ë°å.
NOTIC: [8] Undefined index:  line D:\www\qmyx.wuyelaile.com\weiwincms\_Core\Lib\Core\ThinkException.class.php Á¨¨ 62 Ë°å.
NOTIC: [4096] Object of class UsersAction could not be converted to string D:\www\qmyx.wuyelaile.com\weiwincms\_Core\Lib\Core\ThinkException.class.php Á¨¨ 64 Ë°å.
NOTIC: [8] Undefined index:  class D:\www\qmyx.wuyelaile.com\weiwincms\_Core\Lib\Core\ThinkException.class.php Á¨¨ 63 Ë°å.
NOTIC: [8] Undefined index:  type D:\www\qmyx.wuyelaile.com\weiwincms\_Core\Lib\Core\ThinkException.class.php Á¨¨ 63 Ë°å.
NOTIC: [8] Undefined index:  class D:\www\qmyx.wuyelaile.com\weiwincms\_Core\Lib\Core\ThinkException.class.php Á¨¨ 63 Ë°å.
NOTIC: [8] Undefined index:  type D:\www\qmyx.wuyelaile.com\weiwincms\_Core\Lib\Core\ThinkException.class.php Á¨¨ 63 Ë°å.

[ 2015-07-29T14:17:31+08:00 ] 121.42.0.16 /index.php?m=Users&a=checklogin
INFO: [ app_begin ] --START--
INFO: Run ReadHtmlCache Behavior [ RunTime:0.000770s ]
INFO: [ app_begin ] --END-- [ RunTime:0.000994s ]
SQL: SHOW COLUMNS FROM `wy_users` [ RunTime:0.011271s ]
SQL: SELECT * FROM `wy_users` WHERE ( `username` = '1') RLIKE (SELECT (CASE WHEN (93317=93317) THEN 1 ELSE 0x28 END)) AND ('Zgro'='Zgro' ) LIMIT 1   [ RunTime:0.000700s ]
NOTIC: [2] Cannot use a scalar value as an array D:\www\qmyx.wuyelaile.com\weiwincms\_Core\Lib\Core\View.class.php Á¨¨ 69 Ë°å.
INFO: [ view_template ] --START--
INFO: Run LocationTemplate Behavior [ RunTime:-0.039969s ]
INFO: [ view_template ] --END-- [ RunTime:0.003742s ]
INFO: [ view_parse ] --START--
INFO: Run ParseTemplate Behavior [ RunTime:-0.043801s ]
INFO: [ view_parse ] --END-- [ RunTime:0.018899s ]
INFO: [ view_filter ] --START--
INFO: Run ContentReplace Behavior [ RunTime:-0.062772s ]
INFO: Run TokenBuild Behavior [ RunTime:-0.063685s ]
INFO: Run WriteHtmlCache Behavior [ RunTime:-0.064508s ]
INFO: Run ShowRuntime Behavior [ RunTime:-0.065001s ]
INFO: [ view_filter ] --END-- [ RunTime:0.003066s ]
INFO: [ view_end ] --START--
INFO: Run ShowPageTrace Behavior [ RunTime:-0.065955s ]
INFO: [ view_end ] --END-- [ RunTime:0.000947s ]

[ 2015-07-29T14:17:35+08:00 ] 121.42.0.16 /index.php
INFO: [ app_begin ] --START--
INFO: Run ReadHtmlCache Behavior [ RunTime:0.001080s ]
INFO: [ app_begin ] --END-- [ RunTime:0.001277s ]
SQL: SHOW COLUMNS FROM `wy_links` [ RunTime:0.009903s ]
SQL: SELECT * FROM `wy_links` WHERE ( `status` = 1 )  [ RunTime:0.000205s ]
NOTIC: [2] Cannot use a scalar value as an array D:\www\qmyx.wuyelaile.com\weiwincms\_Core\Lib\Core\View.class.php Á¨¨ 69 Ë°å.
INFO: [ view_template ] --START--
INFO: Run LocationTemplate Behavior [ RunTime:-0.030014s ]
INFO: [ view_template ] --END-- [ RunTime:0.001305s ]
INFO: [ view_parse ] --START--
INFO: Run ParseTemplate Behavior [ RunTime:-0.031439s ]
INFO: [ view_parse ] --END-- [ RunTime:0.010767s ]
INFO: [ view_filter ] --START--
INFO: Run ContentReplace Behavior [ RunTime:-0.042276s ]
INFO: Run TokenBuild Behavior [ RunTime:-0.042909s ]
INFO: Run WriteHtmlCache Behavior [ RunTime:-0.043612s ]
INFO: Run ShowRuntime Behavior [ RunTime:-0.044091s ]
INFO: [ view_filter ] --END-- [ RunTime:0.002556s ]
INFO: [ view_end ] --START--
INFO: Run ShowPageTrace Behavior [ RunTime:-0.044928s ]
INFO: [ view_end ] --END-- [ RunTime:0.000871s ]

