[ 2015-09-29T03:53:08+08:00 ] 183.136.190.62 /
INFO: [ app_begin ] --START--
INFO: Run ReadHtmlCache Behavior [ RunTime:0.002938s ]
INFO: [ app_begin ] --END-- [ RunTime:0.003133s ]
SQL: SHOW COLUMNS FROM `wy_links` [ RunTime:0.078702s ]
SQL: SELECT * FROM `wy_links` WHERE ( `status` = 1 )  [ RunTime:0.000284s ]
NOTIC: [2] Cannot use a scalar value as an array D:\www\qmyx.wuyelaile.com\weiwincms\_Core\Lib\Core\View.class.php Á¨¨ 69 Ë°å.
INFO: [ view_template ] --START--
INFO: Run LocationTemplate Behavior [ RunTime:-0.186470s ]
INFO: [ view_template ] --END-- [ RunTime:0.415937s ]
INFO: [ view_parse ] --START--
INFO: Run ParseTemplate Behavior [ RunTime:-0.602543s ]
INFO: [ view_parse ] --END-- [ RunTime:0.091182s ]
INFO: [ view_filter ] --START--
INFO: Run ContentReplace Behavior [ RunTime:-0.693845s ]
INFO: Run TokenBuild Behavior [ RunTime:-0.696178s ]
INFO: Run WriteHtmlCache Behavior [ RunTime:-0.700821s ]
INFO: Run ShowRuntime Behavior [ RunTime:-0.722302s ]
INFO: [ view_filter ] --END-- [ RunTime:0.031960s ]
INFO: [ view_end ] --START--
INFO: Run ShowPageTrace Behavior [ RunTime:-0.726015s ]
INFO: [ view_end ] --END-- [ RunTime:0.002249s ]

[ 2015-09-29T03:53:08+08:00 ] 183.136.190.62 /
NOTIC: [32] PHP Startup: Unable to load dynamic library 'D:\WebServer\php-5.2.5 (x64)\ext\php_fileinfo.dll' - ’“≤ªµΩ÷∏∂®µƒƒ£øÈ°£
 Unknown Á¨¨ 0 Ë°å.

[ 2015-09-29T04:26:09+08:00 ] ERR: (ThinkException) Êó†Ê≥ïÂä†ËΩΩÊ®°Âùó:upyun
[ 2015-09-29T06:24:21+08:00 ] 121.42.0.37 /
INFO: [ app_begin ] --START--
INFO: Run ReadHtmlCache Behavior [ RunTime:0.001703s ]
INFO: [ app_begin ] --END-- [ RunTime:0.001900s ]
SQL: SHOW COLUMNS FROM `wy_links` [ RunTime:0.005742s ]
SQL: SELECT * FROM `wy_links` WHERE ( `status` = 1 )  [ RunTime:0.000280s ]
NOTIC: [2] Cannot use a scalar value as an array D:\www\qmyx.wuyelaile.com\weiwincms\_Core\Lib\Core\View.class.php Á¨¨ 69 Ë°å.
INFO: [ view_template ] --START--
INFO: Run LocationTemplate Behavior [ RunTime:-0.032058s ]
INFO: [ view_template ] --END-- [ RunTime:0.002388s ]
INFO: [ view_parse ] --START--
INFO: Run ParseTemplate Behavior [ RunTime:-0.034534s ]
INFO: [ view_parse ] --END-- [ RunTime:0.024703s ]
INFO: [ view_filter ] --START--
INFO: Run ContentReplace Behavior [ RunTime:-0.059378s ]
INFO: Run TokenBuild Behavior [ RunTime:-0.060825s ]
INFO: Run WriteHtmlCache Behavior [ RunTime:-0.062446s ]
INFO: Run ShowRuntime Behavior [ RunTime:-0.063664s ]
INFO: [ view_filter ] --END-- [ RunTime:0.005831s ]
INFO: [ view_end ] --START--
INFO: Run ShowPageTrace Behavior [ RunTime:-0.065260s ]
INFO: [ view_end ] --END-- [ RunTime:0.001644s ]

