[ 2015-09-14T12:25:21+08:00 ] 123.125.71.78 /
INFO: [ app_begin ] --START--
INFO: Run ReadHtmlCache Behavior [ RunTime:0.002478s ]
INFO: [ app_begin ] --END-- [ RunTime:0.002683s ]
SQL: SHOW COLUMNS FROM `wy_links` [ RunTime:0.075629s ]
SQL: SELECT * FROM `wy_links` WHERE ( `status` = 1 )  [ RunTime:0.000340s ]
NOTIC: [2] Cannot use a scalar value as an array D:\www\qmyx.wuyelaile.com\weiwincms\_Core\Lib\Core\View.class.php ç¬¬ 69 è¡Œ.
INFO: [ view_template ] --START--
INFO: Run LocationTemplate Behavior [ RunTime:-0.135536s ]
INFO: [ view_template ] --END-- [ RunTime:0.002891s ]
INFO: [ view_parse ] --START--
INFO: Run ParseTemplate Behavior [ RunTime:-0.138518s ]
INFO: [ view_parse ] --END-- [ RunTime:0.073485s ]
INFO: [ view_filter ] --START--
INFO: Run ContentReplace Behavior [ RunTime:-0.212098s ]
INFO: Run TokenBuild Behavior [ RunTime:-0.214504s ]
INFO: Run WriteHtmlCache Behavior [ RunTime:-0.218224s ]
INFO: Run ShowRuntime Behavior [ RunTime:-0.220176s ]
INFO: [ view_filter ] --END-- [ RunTime:0.010913s ]
INFO: [ view_end ] --START--
INFO: Run ShowPageTrace Behavior [ RunTime:-0.223113s ]
INFO: [ view_end ] --END-- [ RunTime:0.002895s ]

[ 2015-09-14T12:25:21+08:00 ] 123.125.71.78 /
NOTIC: [32] PHP Startup: Unable to load dynamic library 'D:\WebServer\php-5.2.5 (x64)\ext\php_fileinfo.dll' - ÕÒ²»µ½Ö¸¶¨µÄÄ£¿é¡£
 Unknown ç¬¬ 0 è¡Œ.

[ 2015-09-14T12:25:58+08:00 ] 220.181.108.95 /
INFO: [ app_begin ] --START--
INFO: Run ReadHtmlCache Behavior [ RunTime:0.000620s ]
INFO: [ app_begin ] --END-- [ RunTime:0.000754s ]
SQL: SHOW COLUMNS FROM `wy_links` [ RunTime:0.006407s ]
SQL: SELECT * FROM `wy_links` WHERE ( `status` = 1 )  [ RunTime:0.000296s ]
NOTIC: [2] Cannot use a scalar value as an array D:\www\qmyx.wuyelaile.com\weiwincms\_Core\Lib\Core\View.class.php ç¬¬ 69 è¡Œ.
INFO: [ view_template ] --START--
INFO: Run LocationTemplate Behavior [ RunTime:-0.021797s ]
INFO: [ view_template ] --END-- [ RunTime:0.000748s ]
INFO: [ view_parse ] --START--
INFO: Run ParseTemplate Behavior [ RunTime:-0.022649s ]
INFO: [ view_parse ] --END-- [ RunTime:0.012229s ]
INFO: [ view_filter ] --START--
INFO: Run ContentReplace Behavior [ RunTime:-0.034952s ]
INFO: Run TokenBuild Behavior [ RunTime:-0.035483s ]
INFO: Run WriteHtmlCache Behavior [ RunTime:-0.036509s ]
INFO: Run ShowRuntime Behavior [ RunTime:-0.037086s ]
INFO: [ view_filter ] --END-- [ RunTime:0.003051s ]
INFO: [ view_end ] --START--
INFO: Run ShowPageTrace Behavior [ RunTime:-0.038104s ]
INFO: [ view_end ] --END-- [ RunTime:0.000737s ]

[ 2015-09-14T12:27:48+08:00 ] 123.125.71.80 /
INFO: [ app_begin ] --START--
INFO: Run ReadHtmlCache Behavior [ RunTime:0.001946s ]
INFO: [ app_begin ] --END-- [ RunTime:0.002142s ]
SQL: SHOW COLUMNS FROM `wy_links` [ RunTime:0.005223s ]
SQL: SELECT * FROM `wy_links` WHERE ( `status` = 1 )  [ RunTime:0.000245s ]
NOTIC: [2] Cannot use a scalar value as an array D:\www\qmyx.wuyelaile.com\weiwincms\_Core\Lib\Core\View.class.php ç¬¬ 69 è¡Œ.
INFO: [ view_template ] --START--
INFO: Run LocationTemplate Behavior [ RunTime:-0.025460s ]
INFO: [ view_template ] --END-- [ RunTime:0.001734s ]
INFO: [ view_parse ] --START--
INFO: Run ParseTemplate Behavior [ RunTime:-0.027279s ]
INFO: [ view_parse ] --END-- [ RunTime:0.013839s ]
INFO: [ view_filter ] --START--
INFO: Run ContentReplace Behavior [ RunTime:-0.041184s ]
INFO: Run TokenBuild Behavior [ RunTime:-0.042394s ]
INFO: Run WriteHtmlCache Behavior [ RunTime:-0.043480s ]
INFO: Run ShowRuntime Behavior [ RunTime:-0.044376s ]
INFO: [ view_filter ] --END-- [ RunTime:0.004400s ]
INFO: [ view_end ] --START--
INFO: Run ShowPageTrace Behavior [ RunTime:-0.045694s ]
INFO: [ view_end ] --END-- [ RunTime:0.001300s ]

[ 2015-09-14T12:28:11+08:00 ] 220.181.108.102 /
INFO: [ app_begin ] --START--
INFO: Run ReadHtmlCache Behavior [ RunTime:0.000574s ]
INFO: [ app_begin ] --END-- [ RunTime:0.000727s ]
SQL: SHOW COLUMNS FROM `wy_links` [ RunTime:0.005611s ]
SQL: SELECT * FROM `wy_links` WHERE ( `status` = 1 )  [ RunTime:0.000245s ]
NOTIC: [2] Cannot use a scalar value as an array D:\www\qmyx.wuyelaile.com\weiwincms\_Core\Lib\Core\View.class.php ç¬¬ 69 è¡Œ.
INFO: [ view_template ] --START--
INFO: Run LocationTemplate Behavior [ RunTime:-0.021120s ]
INFO: [ view_template ] --END-- [ RunTime:0.000883s ]
INFO: [ view_parse ] --START--
INFO: Run ParseTemplate Behavior [ RunTime:-0.022097s ]
INFO: [ view_parse ] --END-- [ RunTime:0.011002s ]
INFO: [ view_filter ] --START--
INFO: Run ContentReplace Behavior [ RunTime:-0.033167s ]
INFO: Run TokenBuild Behavior [ RunTime:-0.033654s ]
INFO: Run WriteHtmlCache Behavior [ RunTime:-0.034196s ]
INFO: Run ShowRuntime Behavior [ RunTime:-0.034534s ]
INFO: [ view_filter ] --END-- [ RunTime:0.001963s ]
INFO: [ view_end ] --START--
INFO: Run ShowPageTrace Behavior [ RunTime:-0.035222s ]
INFO: [ view_end ] --END-- [ RunTime:0.000885s ]

[ 2015-09-14T15:20:55+08:00 ] 223.104.145.15 /index.php?g=Wap&m=Agent&a=loupanInfo&sid=9&flag=1&from=timeline&isappinstalled=0
INFO: [ app_begin ] --START--
INFO: Run ReadHtmlCache Behavior [ RunTime:0.003468s ]
INFO: [ app_begin ] --END-- [ RunTime:0.003727s ]
NOTIC: [8] Undefined index:  id D:\www\qmyx.wuyelaile.com\weiwincms\Lib\Action\Wap\AgentAction.class.php ç¬¬ 183 è¡Œ.
NOTIC: [8] Undefined index:  token D:\www\qmyx.wuyelaile.com\weiwincms\Lib\Action\Wap\AgentAction.class.php ç¬¬ 186 è¡Œ.
SQL: SHOW COLUMNS FROM `wy_lpinfo` [ RunTime:0.095645s ]
SQL: UPDATE `wy_lpinfo` SET `video`=video+1 WHERE ( `id` = null ) AND ( `token` = null ) [ RunTime:0.000383s ]
SQL: SELECT * FROM `wy_lpinfo` WHERE ( `id` = null ) AND ( `token` = null ) LIMIT 1   [ RunTime:0.000367s ]
NOTIC: [2] Cannot use a scalar value as an array D:\www\qmyx.wuyelaile.com\weiwincms\_Core\Lib\Core\View.class.php ç¬¬ 69 è¡Œ.
INFO: [ view_template ] --START--
INFO: Run LocationTemplate Behavior [ RunTime:-0.314664s ]
INFO: [ view_template ] --END-- [ RunTime:0.074118s ]
INFO: [ view_parse ] --START--
NOTIC: [8] Undefined variable: url D:\www\qmyx.wuyelaile.com\weiwindata\logs\Cache\Wap\15cb069a79c1a70eb570b5aca2bb66be.php ç¬¬ 22 è¡Œ.
NOTIC: [8] Undefined variable: jjrarr D:\www\qmyx.wuyelaile.com\weiwindata\logs\Cache\Wap\15cb069a79c1a70eb570b5aca2bb66be.php ç¬¬ 139 è¡Œ.
INFO: Run ParseTemplate Behavior [ RunTime:-0.388899s ]
INFO: [ view_parse ] --END-- [ RunTime:0.177588s ]
INFO: [ view_filter ] --START--
INFO: Run ContentReplace Behavior [ RunTime:-0.566569s ]
INFO: Run TokenBuild Behavior [ RunTime:-0.569024s ]
INFO: Run WriteHtmlCache Behavior [ RunTime:-0.571201s ]
INFO: Run ShowRuntime Behavior [ RunTime:-0.573001s ]
INFO: [ view_filter ] --END-- [ RunTime:0.008517s ]
INFO: [ view_end ] --START--
INFO: Run ShowPageTrace Behavior [ RunTime:-0.575187s ]
INFO: [ view_end ] --END-- [ RunTime:0.002113s ]

[ 2015-09-14T15:20:55+08:00 ] 223.104.145.15 /index.php?g=Wap&m=Agent&a=loupanInfo&sid=9&flag=1&from=timeline&isappinstalled=0
NOTIC: [32] PHP Startup: Unable to load dynamic library 'D:\WebServer\php-5.2.5 (x64)\ext\php_fileinfo.dll' - ÕÒ²»µ½Ö¸¶¨µÄÄ£¿é¡£
 Unknown ç¬¬ 0 è¡Œ.

[ 2015-09-14T15:20:56+08:00 ] 111.161.52.230 /
INFO: [ app_begin ] --START--
INFO: Run ReadHtmlCache Behavior [ RunTime:0.000595s ]
INFO: [ app_begin ] --END-- [ RunTime:0.000741s ]
SQL: SHOW COLUMNS FROM `wy_links` [ RunTime:0.068383s ]
SQL: SELECT * FROM `wy_links` WHERE ( `status` = 1 )  [ RunTime:0.000218s ]
NOTIC: [2] Cannot use a scalar value as an array D:\www\qmyx.wuyelaile.com\weiwincms\_Core\Lib\Core\View.class.php ç¬¬ 69 è¡Œ.
INFO: [ view_template ] --START--
INFO: Run LocationTemplate Behavior [ RunTime:-0.128467s ]
INFO: [ view_template ] --END-- [ RunTime:0.015898s ]
INFO: [ view_parse ] --START--
INFO: Run ParseTemplate Behavior [ RunTime:-0.144496s ]
INFO: [ view_parse ] --END-- [ RunTime:0.047854s ]
INFO: [ view_filter ] --START--
INFO: Run ContentReplace Behavior [ RunTime:-0.192422s ]
INFO: Run TokenBuild Behavior [ RunTime:-0.192974s ]
INFO: Run WriteHtmlCache Behavior [ RunTime:-0.193573s ]
INFO: Run ShowRuntime Behavior [ RunTime:-0.193948s ]
INFO: [ view_filter ] --END-- [ RunTime:0.002127s ]
INFO: [ view_end ] --START--
INFO: Run ShowPageTrace Behavior [ RunTime:-0.194644s ]
INFO: [ view_end ] --END-- [ RunTime:0.000690s ]

[ 2015-09-14T15:20:56+08:00 ] 111.30.132.176 /
INFO: [ app_begin ] --START--
INFO: Run ReadHtmlCache Behavior [ RunTime:0.001256s ]
INFO: [ app_begin ] --END-- [ RunTime:0.001443s ]
SQL: SHOW COLUMNS FROM `wy_links` [ RunTime:0.012045s ]
SQL: SELECT * FROM `wy_links` WHERE ( `status` = 1 )  [ RunTime:0.000392s ]
NOTIC: [2] Cannot use a scalar value as an array D:\www\qmyx.wuyelaile.com\weiwincms\_Core\Lib\Core\View.class.php ç¬¬ 69 è¡Œ.
INFO: [ view_template ] --START--
INFO: Run LocationTemplate Behavior [ RunTime:-0.060058s ]
INFO: [ view_template ] --END-- [ RunTime:0.001967s ]
INFO: [ view_parse ] --START--
INFO: Run ParseTemplate Behavior [ RunTime:-0.062380s ]
INFO: [ view_parse ] --END-- [ RunTime:0.020803s ]
INFO: [ view_filter ] --START--
INFO: Run ContentReplace Behavior [ RunTime:-0.083248s ]
INFO: Run TokenBuild Behavior [ RunTime:-0.084272s ]
INFO: Run WriteHtmlCache Behavior [ RunTime:-0.085889s ]
INFO: Run ShowRuntime Behavior [ RunTime:-0.087005s ]
INFO: [ view_filter ] --END-- [ RunTime:0.005045s ]
INFO: [ view_end ] --START--
INFO: Run ShowPageTrace Behavior [ RunTime:-0.088366s ]
INFO: [ view_end ] --END-- [ RunTime:0.001458s ]

[ 2015-09-14T15:20:56+08:00 ] 111.30.132.176 /
NOTIC: [32] PHP Startup: Unable to load dynamic library 'D:\WebServer\php-5.2.5 (x64)\ext\php_fileinfo.dll' - ÕÒ²»µ½Ö¸¶¨µÄÄ£¿é¡£
 Unknown ç¬¬ 0 è¡Œ.

[ 2015-09-14T15:20:56+08:00 ] 61.49.57.60 /
INFO: [ app_begin ] --START--
INFO: Run ReadHtmlCache Behavior [ RunTime:0.001301s ]
INFO: [ app_begin ] --END-- [ RunTime:0.001493s ]
SQL: SHOW COLUMNS FROM `wy_links` [ RunTime:0.010166s ]
SQL: SELECT * FROM `wy_links` WHERE ( `status` = 1 )  [ RunTime:0.001237s ]
NOTIC: [2] Cannot use a scalar value as an array D:\www\qmyx.wuyelaile.com\weiwincms\_Core\Lib\Core\View.class.php ç¬¬ 69 è¡Œ.
INFO: [ view_template ] --START--
INFO: Run LocationTemplate Behavior [ RunTime:-0.080038s ]
INFO: [ view_template ] --END-- [ RunTime:0.001728s ]
INFO: [ view_parse ] --START--
INFO: Run ParseTemplate Behavior [ RunTime:-0.081845s ]
INFO: [ view_parse ] --END-- [ RunTime:0.023455s ]
INFO: [ view_filter ] --START--
INFO: Run ContentReplace Behavior [ RunTime:-0.105405s ]
INFO: Run TokenBuild Behavior [ RunTime:-0.106911s ]
INFO: Run WriteHtmlCache Behavior [ RunTime:-0.108311s ]
INFO: Run ShowRuntime Behavior [ RunTime:-0.109390s ]
INFO: [ view_filter ] --END-- [ RunTime:0.005101s ]
INFO: [ view_end ] --START--
INFO: Run ShowPageTrace Behavior [ RunTime:-0.110575s ]
INFO: [ view_end ] --END-- [ RunTime:0.001359s ]

[ 2015-09-14T15:20:56+08:00 ] 61.49.57.60 /
NOTIC: [32] PHP Startup: Unable to load dynamic library 'D:\WebServer\php-5.2.5 (x64)\ext\php_fileinfo.dll' - ÕÒ²»µ½Ö¸¶¨µÄÄ£¿é¡£
 Unknown ç¬¬ 0 è¡Œ.

[ 2015-09-14T15:20:56+08:00 ] 111.30.132.194 /
INFO: [ app_begin ] --START--
INFO: Run ReadHtmlCache Behavior [ RunTime:0.001159s ]
INFO: [ app_begin ] --END-- [ RunTime:0.001347s ]
SQL: SHOW COLUMNS FROM `wy_links` [ RunTime:0.004288s ]
SQL: SELECT * FROM `wy_links` WHERE ( `status` = 1 )  [ RunTime:0.000211s ]
NOTIC: [2] Cannot use a scalar value as an array D:\www\qmyx.wuyelaile.com\weiwincms\_Core\Lib\Core\View.class.php ç¬¬ 69 è¡Œ.
INFO: [ view_template ] --START--
INFO: Run LocationTemplate Behavior [ RunTime:-0.079799s ]
INFO: [ view_template ] --END-- [ RunTime:0.001750s ]
INFO: [ view_parse ] --START--
INFO: Run ParseTemplate Behavior [ RunTime:-0.081642s ]
INFO: [ view_parse ] --END-- [ RunTime:0.021560s ]
INFO: [ view_filter ] --START--
INFO: Run ContentReplace Behavior [ RunTime:-0.103270s ]
INFO: Run TokenBuild Behavior [ RunTime:-0.104388s ]
INFO: Run WriteHtmlCache Behavior [ RunTime:-0.106361s ]
INFO: Run ShowRuntime Behavior [ RunTime:-0.107187s ]
INFO: [ view_filter ] --END-- [ RunTime:0.005060s ]
INFO: [ view_end ] --START--
INFO: Run ShowPageTrace Behavior [ RunTime:-0.108438s ]
INFO: [ view_end ] --END-- [ RunTime:0.001301s ]

[ 2015-09-14T15:20:56+08:00 ] 111.30.132.194 /
NOTIC: [32] PHP Startup: Unable to load dynamic library 'D:\WebServer\php-5.2.5 (x64)\ext\php_fileinfo.dll' - ÕÒ²»µ½Ö¸¶¨µÄÄ£¿é¡£
 Unknown ç¬¬ 0 è¡Œ.

[ 2015-09-14T15:20:56+08:00 ] 111.30.132.146 /
INFO: [ app_begin ] --START--
INFO: Run ReadHtmlCache Behavior [ RunTime:0.000615s ]
INFO: [ app_begin ] --END-- [ RunTime:0.000760s ]
SQL: SHOW COLUMNS FROM `wy_links` [ RunTime:0.018160s ]
SQL: SELECT * FROM `wy_links` WHERE ( `status` = 1 )  [ RunTime:0.000252s ]
NOTIC: [2] Cannot use a scalar value as an array D:\www\qmyx.wuyelaile.com\weiwincms\_Core\Lib\Core\View.class.php ç¬¬ 69 è¡Œ.
INFO: [ view_template ] --START--
INFO: Run LocationTemplate Behavior [ RunTime:-0.042238s ]
INFO: [ view_template ] --END-- [ RunTime:0.000856s ]
INFO: [ view_parse ] --START--
INFO: Run ParseTemplate Behavior [ RunTime:-0.043176s ]
INFO: [ view_parse ] --END-- [ RunTime:0.009976s ]
INFO: [ view_filter ] --START--
INFO: Run ContentReplace Behavior [ RunTime:-0.053234s ]
INFO: Run TokenBuild Behavior [ RunTime:-0.053778s ]
INFO: Run WriteHtmlCache Behavior [ RunTime:-0.054328s ]
INFO: Run ShowRuntime Behavior [ RunTime:-0.054665s ]
INFO: [ view_filter ] --END-- [ RunTime:0.002007s ]
INFO: [ view_end ] --START--
INFO: Run ShowPageTrace Behavior [ RunTime:-0.055358s ]
INFO: [ view_end ] --END-- [ RunTime:0.000718s ]

[ 2015-09-14T15:34:21+08:00 ] 180.153.163.206 /index.php?g=Wap&m=Agent&a=loupanInfo&sid=9&flag=1&from=timeline&isappinstalled=0
INFO: [ app_begin ] --START--
INFO: Run ReadHtmlCache Behavior [ RunTime:0.001105s ]
INFO: [ app_begin ] --END-- [ RunTime:0.001365s ]
NOTIC: [8] Undefined index:  id D:\www\qmyx.wuyelaile.com\weiwincms\Lib\Action\Wap\AgentAction.class.php ç¬¬ 183 è¡Œ.
NOTIC: [8] Undefined index:  token D:\www\qmyx.wuyelaile.com\weiwincms\Lib\Action\Wap\AgentAction.class.php ç¬¬ 186 è¡Œ.
SQL: SHOW COLUMNS FROM `wy_lpinfo` [ RunTime:0.004559s ]
SQL: UPDATE `wy_lpinfo` SET `video`=video+1 WHERE ( `id` = null ) AND ( `token` = null ) [ RunTime:0.000304s ]
SQL: SELECT * FROM `wy_lpinfo` WHERE ( `id` = null ) AND ( `token` = null ) LIMIT 1   [ RunTime:0.000219s ]
NOTIC: [2] Cannot use a scalar value as an array D:\www\qmyx.wuyelaile.com\weiwincms\_Core\Lib\Core\View.class.php ç¬¬ 69 è¡Œ.
INFO: [ view_template ] --START--
INFO: Run LocationTemplate Behavior [ RunTime:-0.031188s ]
INFO: [ view_template ] --END-- [ RunTime:0.001626s ]
INFO: [ view_parse ] --START--
NOTIC: [8] Undefined variable: url D:\www\qmyx.wuyelaile.com\weiwindata\logs\Cache\Wap\15cb069a79c1a70eb570b5aca2bb66be.php ç¬¬ 22 è¡Œ.
NOTIC: [8] Undefined variable: jjrarr D:\www\qmyx.wuyelaile.com\weiwindata\logs\Cache\Wap\15cb069a79c1a70eb570b5aca2bb66be.php ç¬¬ 139 è¡Œ.
INFO: Run ParseTemplate Behavior [ RunTime:-0.032903s ]
INFO: [ view_parse ] --END-- [ RunTime:0.023970s ]
INFO: [ view_filter ] --START--
INFO: Run ContentReplace Behavior [ RunTime:-0.056949s ]
INFO: Run TokenBuild Behavior [ RunTime:-0.058022s ]
INFO: Run WriteHtmlCache Behavior [ RunTime:-0.059207s ]
INFO: Run ShowRuntime Behavior [ RunTime:-0.060046s ]
INFO: [ view_filter ] --END-- [ RunTime:0.004657s ]
INFO: [ view_end ] --START--
INFO: Run ShowPageTrace Behavior [ RunTime:-0.061703s ]
INFO: [ view_end ] --END-- [ RunTime:0.001219s ]

[ 2015-09-14T15:34:21+08:00 ] 180.153.163.206 /index.php?g=Wap&m=Agent&a=loupanInfo&sid=9&flag=1&from=timeline&isappinstalled=0
NOTIC: [32] PHP Startup: Unable to load dynamic library 'D:\WebServer\php-5.2.5 (x64)\ext\php_fileinfo.dll' - ÕÒ²»µ½Ö¸¶¨µÄÄ£¿é¡£
 Unknown ç¬¬ 0 è¡Œ.

[ 2015-09-14T16:22:00+08:00 ] 220.181.108.112 /index.php?g=Wap&m=Agent&a=index&token=jeifef1412084627&wecha_id=oI5B3uFvj5VU7zO-FuwxOrnKXkNI
INFO: [ app_begin ] --START--
INFO: Run ReadHtmlCache Behavior [ RunTime:0.001382s ]
INFO: [ app_begin ] --END-- [ RunTime:0.001767s ]
SQL: SHOW COLUMNS FROM `wy_lpinfo` [ RunTime:0.005495s ]
SQL: SELECT * FROM `wy_lpinfo` WHERE ( `token` = 'jeifef1412084627' ) ORDER BY houseSort desc,id desc LIMIT 0,20   [ RunTime:0.001799s ]
SQL: SHOW COLUMNS FROM `wy_jjr` [ RunTime:0.140487s ]
SQL: SELECT * FROM `wy_jjr` WHERE ( `Wecha_id` = 'oI5B3uFvj5VU7zO-FuwxOrnKXkNI' ) AND ( `Token` = 'jeifef1412084627' ) LIMIT 1   [ RunTime:0.001005s ]
SQL: SHOW COLUMNS FROM `wy_share_content` [ RunTime:0.163114s ]
SQL: SELECT * FROM `wy_share_content` WHERE token='jeifef1412084627' LIMIT 1   [ RunTime:0.000638s ]
NOTIC: [2] Cannot use a scalar value as an array D:\www\qmyx.wuyelaile.com\weiwincms\_Core\Lib\Core\View.class.php ç¬¬ 69 è¡Œ.
INFO: [ view_template ] --START--
INFO: Run LocationTemplate Behavior [ RunTime:-0.365098s ]
INFO: [ view_template ] --END-- [ RunTime:0.002182s ]
INFO: [ view_parse ] --START--
INFO: Run ParseTemplate Behavior [ RunTime:-0.367435s ]
INFO: [ view_parse ] --END-- [ RunTime:0.086898s ]
INFO: [ view_filter ] --START--
INFO: Run ContentReplace Behavior [ RunTime:-0.454364s ]
INFO: Run TokenBuild Behavior [ RunTime:-0.455571s ]
INFO: Run WriteHtmlCache Behavior [ RunTime:-0.456810s ]
INFO: Run ShowRuntime Behavior [ RunTime:-0.457718s ]
INFO: [ view_filter ] --END-- [ RunTime:0.004554s ]
INFO: [ view_end ] --START--
INFO: Run ShowPageTrace Behavior [ RunTime:-0.459027s ]
INFO: [ view_end ] --END-- [ RunTime:0.001211s ]

[ 2015-09-14T16:22:00+08:00 ] 220.181.108.112 /index.php?g=Wap&m=Agent&a=index&token=jeifef1412084627&wecha_id=oI5B3uFvj5VU7zO-FuwxOrnKXkNI
NOTIC: [32] PHP Startup: Unable to load dynamic library 'D:\WebServer\php-5.2.5 (x64)\ext\php_fileinfo.dll' - ÕÒ²»µ½Ö¸¶¨µÄÄ£¿é¡£
 Unknown ç¬¬ 0 è¡Œ.

