[ 2015-09-20T05:11:28+08:00 ] 220.181.108.83 /
INFO: [ app_begin ] --START--
INFO: Run ReadHtmlCache Behavior [ RunTime:0.001131s ]
INFO: [ app_begin ] --END-- [ RunTime:0.001309s ]
SQL: SHOW COLUMNS FROM `wy_links` [ RunTime:0.007008s ]
SQL: SELECT * FROM `wy_links` WHERE ( `status` = 1 )  [ RunTime:0.000371s ]
NOTIC: [2] Cannot use a scalar value as an array D:\www\qmyx.wuyelaile.com\weiwincms\_Core\Lib\Core\View.class.php ç¬¬ 69 è¡Œ.
INFO: [ view_template ] --START--
INFO: Run LocationTemplate Behavior [ RunTime:-0.034705s ]
INFO: [ view_template ] --END-- [ RunTime:0.002021s ]
INFO: [ view_parse ] --START--
INFO: Run ParseTemplate Behavior [ RunTime:-0.036805s ]
INFO: [ view_parse ] --END-- [ RunTime:0.022557s ]
INFO: [ view_filter ] --START--
INFO: Run ContentReplace Behavior [ RunTime:-0.059467s ]
INFO: Run TokenBuild Behavior [ RunTime:-0.060528s ]
INFO: Run WriteHtmlCache Behavior [ RunTime:-0.061834s ]
INFO: Run ShowRuntime Behavior [ RunTime:-0.062733s ]
INFO: [ view_filter ] --END-- [ RunTime:0.004332s ]
INFO: [ view_end ] --START--
INFO: Run ShowPageTrace Behavior [ RunTime:-0.063893s ]
INFO: [ view_end ] --END-- [ RunTime:0.001190s ]

[ 2015-09-20T05:11:28+08:00 ] 220.181.108.83 /
NOTIC: [32] PHP Startup: Unable to load dynamic library 'D:\WebServer\php-5.2.5 (x64)\ext\php_fileinfo.dll' - ÕÒ²»µ½Ö¸¶¨µÄÄ£¿é¡£
 Unknown ç¬¬ 0 è¡Œ.

[ 2015-09-20T05:11:33+08:00 ] 123.125.71.42 /
INFO: [ app_begin ] --START--
INFO: Run ReadHtmlCache Behavior [ RunTime:0.000603s ]
INFO: [ app_begin ] --END-- [ RunTime:0.000745s ]
SQL: SHOW COLUMNS FROM `wy_links` [ RunTime:0.005292s ]
SQL: SELECT * FROM `wy_links` WHERE ( `status` = 1 )  [ RunTime:0.000209s ]
NOTIC: [2] Cannot use a scalar value as an array D:\www\qmyx.wuyelaile.com\weiwincms\_Core\Lib\Core\View.class.php ç¬¬ 69 è¡Œ.
INFO: [ view_template ] --START--
INFO: Run LocationTemplate Behavior [ RunTime:-0.020716s ]
INFO: [ view_template ] --END-- [ RunTime:0.000736s ]
INFO: [ view_parse ] --START--
INFO: Run ParseTemplate Behavior [ RunTime:-0.021534s ]
INFO: [ view_parse ] --END-- [ RunTime:0.009543s ]
INFO: [ view_filter ] --START--
INFO: Run ContentReplace Behavior [ RunTime:-0.031152s ]
INFO: Run TokenBuild Behavior [ RunTime:-0.031718s ]
INFO: Run WriteHtmlCache Behavior [ RunTime:-0.032265s ]
INFO: Run ShowRuntime Behavior [ RunTime:-0.032798s ]
INFO: [ view_filter ] --END-- [ RunTime:0.002233s ]
INFO: [ view_end ] --START--
INFO: Run ShowPageTrace Behavior [ RunTime:-0.033551s ]
INFO: [ view_end ] --END-- [ RunTime:0.000712s ]

[ 2015-09-20T05:13:01+08:00 ] 123.125.71.33 /
INFO: [ app_begin ] --START--
INFO: Run ReadHtmlCache Behavior [ RunTime:0.000592s ]
INFO: [ app_begin ] --END-- [ RunTime:0.000738s ]
SQL: SHOW COLUMNS FROM `wy_links` [ RunTime:0.005526s ]
SQL: SELECT * FROM `wy_links` WHERE ( `status` = 1 )  [ RunTime:0.000226s ]
NOTIC: [2] Cannot use a scalar value as an array D:\www\qmyx.wuyelaile.com\weiwincms\_Core\Lib\Core\View.class.php ç¬¬ 69 è¡Œ.
INFO: [ view_template ] --START--
INFO: Run LocationTemplate Behavior [ RunTime:-0.022981s ]
INFO: [ view_template ] --END-- [ RunTime:0.000781s ]
INFO: [ view_parse ] --START--
INFO: Run ParseTemplate Behavior [ RunTime:-0.023868s ]
INFO: [ view_parse ] --END-- [ RunTime:0.013804s ]
INFO: [ view_filter ] --START--
INFO: Run ContentReplace Behavior [ RunTime:-0.037771s ]
INFO: Run TokenBuild Behavior [ RunTime:-0.038433s ]
INFO: Run WriteHtmlCache Behavior [ RunTime:-0.039097s ]
INFO: Run ShowRuntime Behavior [ RunTime:-0.039499s ]
INFO: [ view_filter ] --END-- [ RunTime:0.002474s ]
INFO: [ view_end ] --START--
INFO: Run ShowPageTrace Behavior [ RunTime:-0.040366s ]
INFO: [ view_end ] --END-- [ RunTime:0.000915s ]

[ 2015-09-20T05:13:32+08:00 ] 220.181.108.86 /
INFO: [ app_begin ] --START--
INFO: Run ReadHtmlCache Behavior [ RunTime:0.001094s ]
INFO: [ app_begin ] --END-- [ RunTime:0.001236s ]
SQL: SHOW COLUMNS FROM `wy_links` [ RunTime:0.004749s ]
SQL: SELECT * FROM `wy_links` WHERE ( `status` = 1 )  [ RunTime:0.000211s ]
NOTIC: [2] Cannot use a scalar value as an array D:\www\qmyx.wuyelaile.com\weiwincms\_Core\Lib\Core\View.class.php ç¬¬ 69 è¡Œ.
INFO: [ view_template ] --START--
INFO: Run LocationTemplate Behavior [ RunTime:-0.024575s ]
INFO: [ view_template ] --END-- [ RunTime:0.001778s ]
INFO: [ view_parse ] --START--
INFO: Run ParseTemplate Behavior [ RunTime:-0.026436s ]
INFO: [ view_parse ] --END-- [ RunTime:0.012496s ]
INFO: [ view_filter ] --START--
INFO: Run ContentReplace Behavior [ RunTime:-0.039005s ]
INFO: Run TokenBuild Behavior [ RunTime:-0.040058s ]
INFO: Run WriteHtmlCache Behavior [ RunTime:-0.041066s ]
INFO: Run ShowRuntime Behavior [ RunTime:-0.041895s ]
INFO: [ view_filter ] --END-- [ RunTime:0.003992s ]
INFO: [ view_end ] --START--
INFO: Run ShowPageTrace Behavior [ RunTime:-0.043114s ]
INFO: [ view_end ] --END-- [ RunTime:0.001263s ]

[ 2015-09-20T05:42:37+08:00 ] 123.125.71.24 /
INFO: [ app_begin ] --START--
INFO: Run ReadHtmlCache Behavior [ RunTime:0.001089s ]
INFO: [ app_begin ] --END-- [ RunTime:0.001336s ]
SQL: SHOW COLUMNS FROM `wy_links` [ RunTime:0.005407s ]
SQL: SELECT * FROM `wy_links` WHERE ( `status` = 1 )  [ RunTime:0.000207s ]
NOTIC: [2] Cannot use a scalar value as an array D:\www\qmyx.wuyelaile.com\weiwincms\_Core\Lib\Core\View.class.php ç¬¬ 69 è¡Œ.
INFO: [ view_template ] --START--
INFO: Run LocationTemplate Behavior [ RunTime:-0.029977s ]
INFO: [ view_template ] --END-- [ RunTime:0.001753s ]
INFO: [ view_parse ] --START--
INFO: Run ParseTemplate Behavior [ RunTime:-0.031819s ]
INFO: [ view_parse ] --END-- [ RunTime:0.022179s ]
INFO: [ view_filter ] --START--
INFO: Run ContentReplace Behavior [ RunTime:-0.054081s ]
INFO: Run TokenBuild Behavior [ RunTime:-0.056098s ]
INFO: Run WriteHtmlCache Behavior [ RunTime:-0.057457s ]
INFO: Run ShowRuntime Behavior [ RunTime:-0.058370s ]
INFO: [ view_filter ] --END-- [ RunTime:0.005412s ]
INFO: [ view_end ] --START--
INFO: Run ShowPageTrace Behavior [ RunTime:-0.059663s ]
INFO: [ view_end ] --END-- [ RunTime:0.001473s ]

[ 2015-09-20T05:42:37+08:00 ] 123.125.71.24 /
NOTIC: [32] PHP Startup: Unable to load dynamic library 'D:\WebServer\php-5.2.5 (x64)\ext\php_fileinfo.dll' - ÕÒ²»µ½Ö¸¶¨µÄÄ£¿é¡£
 Unknown ç¬¬ 0 è¡Œ.

[ 2015-09-20T05:42:40+08:00 ] 220.181.108.108 /
INFO: [ app_begin ] --START--
INFO: Run ReadHtmlCache Behavior [ RunTime:0.000641s ]
INFO: [ app_begin ] --END-- [ RunTime:0.000802s ]
SQL: SHOW COLUMNS FROM `wy_links` [ RunTime:0.004453s ]
SQL: SELECT * FROM `wy_links` WHERE ( `status` = 1 )  [ RunTime:0.000206s ]
NOTIC: [2] Cannot use a scalar value as an array D:\www\qmyx.wuyelaile.com\weiwincms\_Core\Lib\Core\View.class.php ç¬¬ 69 è¡Œ.
INFO: [ view_template ] --START--
INFO: Run LocationTemplate Behavior [ RunTime:-0.020948s ]
INFO: [ view_template ] --END-- [ RunTime:0.000741s ]
INFO: [ view_parse ] --START--
INFO: Run ParseTemplate Behavior [ RunTime:-0.021770s ]
INFO: [ view_parse ] --END-- [ RunTime:0.010159s ]
INFO: [ view_filter ] --START--
INFO: Run ContentReplace Behavior [ RunTime:-0.032046s ]
INFO: Run TokenBuild Behavior [ RunTime:-0.032558s ]
INFO: Run WriteHtmlCache Behavior [ RunTime:-0.033145s ]
INFO: Run ShowRuntime Behavior [ RunTime:-0.033496s ]
INFO: [ view_filter ] --END-- [ RunTime:0.002123s ]
INFO: [ view_end ] --START--
INFO: Run ShowPageTrace Behavior [ RunTime:-0.034301s ]
INFO: [ view_end ] --END-- [ RunTime:0.000779s ]

[ 2015-09-20T05:44:00+08:00 ] 220.181.108.116 /
INFO: [ app_begin ] --START--
INFO: Run ReadHtmlCache Behavior [ RunTime:0.000698s ]
INFO: [ app_begin ] --END-- [ RunTime:0.000858s ]
SQL: SHOW COLUMNS FROM `wy_links` [ RunTime:0.005790s ]
SQL: SELECT * FROM `wy_links` WHERE ( `status` = 1 )  [ RunTime:0.000285s ]
NOTIC: [2] Cannot use a scalar value as an array D:\www\qmyx.wuyelaile.com\weiwincms\_Core\Lib\Core\View.class.php ç¬¬ 69 è¡Œ.
INFO: [ view_template ] --START--
INFO: Run LocationTemplate Behavior [ RunTime:-0.022015s ]
INFO: [ view_template ] --END-- [ RunTime:0.000758s ]
INFO: [ view_parse ] --START--
INFO: Run ParseTemplate Behavior [ RunTime:-0.022856s ]
INFO: [ view_parse ] --END-- [ RunTime:0.010383s ]
INFO: [ view_filter ] --START--
INFO: Run ContentReplace Behavior [ RunTime:-0.033400s ]
INFO: Run TokenBuild Behavior [ RunTime:-0.034006s ]
INFO: Run WriteHtmlCache Behavior [ RunTime:-0.034557s ]
INFO: Run ShowRuntime Behavior [ RunTime:-0.034896s ]
INFO: [ view_filter ] --END-- [ RunTime:0.002187s ]
INFO: [ view_end ] --START--
INFO: Run ShowPageTrace Behavior [ RunTime:-0.035617s ]
INFO: [ view_end ] --END-- [ RunTime:0.000733s ]

[ 2015-09-20T05:44:36+08:00 ] 123.125.71.53 /
INFO: [ app_begin ] --START--
INFO: Run ReadHtmlCache Behavior [ RunTime:0.000806s ]
INFO: [ app_begin ] --END-- [ RunTime:0.001016s ]
SQL: SHOW COLUMNS FROM `wy_links` [ RunTime:0.004279s ]
SQL: SELECT * FROM `wy_links` WHERE ( `status` = 1 )  [ RunTime:0.000213s ]
NOTIC: [2] Cannot use a scalar value as an array D:\www\qmyx.wuyelaile.com\weiwincms\_Core\Lib\Core\View.class.php ç¬¬ 69 è¡Œ.
INFO: [ view_template ] --START--
INFO: Run LocationTemplate Behavior [ RunTime:-0.021341s ]
INFO: [ view_template ] --END-- [ RunTime:0.000732s ]
INFO: [ view_parse ] --START--
INFO: Run ParseTemplate Behavior [ RunTime:-0.022151s ]
INFO: [ view_parse ] --END-- [ RunTime:0.010265s ]
INFO: [ view_filter ] --START--
INFO: Run ContentReplace Behavior [ RunTime:-0.032495s ]
INFO: Run TokenBuild Behavior [ RunTime:-0.033032s ]
INFO: Run WriteHtmlCache Behavior [ RunTime:-0.033559s ]
INFO: Run ShowRuntime Behavior [ RunTime:-0.033897s ]
INFO: [ view_filter ] --END-- [ RunTime:0.002021s ]
INFO: [ view_end ] --START--
INFO: Run ShowPageTrace Behavior [ RunTime:-0.034615s ]
INFO: [ view_end ] --END-- [ RunTime:0.000762s ]

[ 2015-09-20T08:57:06+08:00 ] 121.42.0.38 /
INFO: [ app_begin ] --START--
INFO: Run ReadHtmlCache Behavior [ RunTime:0.001490s ]
INFO: [ app_begin ] --END-- [ RunTime:0.001635s ]
SQL: SHOW COLUMNS FROM `wy_links` [ RunTime:0.005255s ]
SQL: SELECT * FROM `wy_links` WHERE ( `status` = 1 )  [ RunTime:0.000213s ]
NOTIC: [2] Cannot use a scalar value as an array D:\www\qmyx.wuyelaile.com\weiwincms\_Core\Lib\Core\View.class.php ç¬¬ 69 è¡Œ.
INFO: [ view_template ] --START--
INFO: Run LocationTemplate Behavior [ RunTime:-0.029524s ]
INFO: [ view_template ] --END-- [ RunTime:0.002213s ]
INFO: [ view_parse ] --START--
INFO: Run ParseTemplate Behavior [ RunTime:-0.031834s ]
INFO: [ view_parse ] --END-- [ RunTime:0.026147s ]
INFO: [ view_filter ] --START--
INFO: Run ContentReplace Behavior [ RunTime:-0.058139s ]
INFO: Run TokenBuild Behavior [ RunTime:-0.060516s ]
INFO: Run WriteHtmlCache Behavior [ RunTime:-0.063215s ]
INFO: Run ShowRuntime Behavior [ RunTime:-0.065812s ]
INFO: [ view_filter ] --END-- [ RunTime:0.009468s ]
INFO: [ view_end ] --START--
INFO: Run ShowPageTrace Behavior [ RunTime:-0.067699s ]
INFO: [ view_end ] --END-- [ RunTime:0.001776s ]

