[ 2015-08-25T02:33:35+08:00 ] 220.181.108.83 /
INFO: [ app_begin ] --START--
INFO: Run ReadHtmlCache Behavior [ RunTime:0.001006s ]
INFO: [ app_begin ] --END-- [ RunTime:0.001181s ]
SQL: SHOW COLUMNS FROM `wy_links` [ RunTime:0.034951s ]
SQL: SELECT * FROM `wy_links` WHERE ( `status` = 1 )  [ RunTime:0.000237s ]
NOTIC: [2] Cannot use a scalar value as an array D:\www\qmyx.wuyelaile.com\weiwincms\_Core\Lib\Core\View.class.php ç¬¬ 69 è¡Œ.
INFO: [ view_template ] --START--
INFO: Run LocationTemplate Behavior [ RunTime:-0.059401s ]
INFO: [ view_template ] --END-- [ RunTime:0.001441s ]
INFO: [ view_parse ] --START--
INFO: Run ParseTemplate Behavior [ RunTime:-0.060911s ]
INFO: [ view_parse ] --END-- [ RunTime:0.019428s ]
INFO: [ view_filter ] --START--
INFO: Run ContentReplace Behavior [ RunTime:-0.080413s ]
INFO: Run TokenBuild Behavior [ RunTime:-0.081282s ]
INFO: Run WriteHtmlCache Behavior [ RunTime:-0.082332s ]
INFO: Run ShowRuntime Behavior [ RunTime:-0.083028s ]
INFO: [ view_filter ] --END-- [ RunTime:0.003559s ]
INFO: [ view_end ] --START--
INFO: Run ShowPageTrace Behavior [ RunTime:-0.084077s ]
INFO: [ view_end ] --END-- [ RunTime:0.001089s ]

[ 2015-08-25T02:33:35+08:00 ] 220.181.108.83 /
NOTIC: [32] PHP Startup: Unable to load dynamic library 'D:\WebServer\php-5.2.5 (x64)\ext\php_fileinfo.dll' - ÕÒ²»µ½Ö¸¶¨µÄÄ£¿é¡£
 Unknown ç¬¬ 0 è¡Œ.

[ 2015-08-25T02:33:41+08:00 ] 123.125.71.29 /
INFO: [ app_begin ] --START--
INFO: Run ReadHtmlCache Behavior [ RunTime:0.000571s ]
INFO: [ app_begin ] --END-- [ RunTime:0.000769s ]
SQL: SHOW COLUMNS FROM `wy_links` [ RunTime:0.057470s ]
SQL: SELECT * FROM `wy_links` WHERE ( `status` = 1 )  [ RunTime:0.000244s ]
NOTIC: [2] Cannot use a scalar value as an array D:\www\qmyx.wuyelaile.com\weiwincms\_Core\Lib\Core\View.class.php ç¬¬ 69 è¡Œ.
INFO: [ view_template ] --START--
INFO: Run LocationTemplate Behavior [ RunTime:-0.076474s ]
INFO: [ view_template ] --END-- [ RunTime:0.000751s ]
INFO: [ view_parse ] --START--
INFO: Run ParseTemplate Behavior [ RunTime:-0.077298s ]
INFO: [ view_parse ] --END-- [ RunTime:0.009896s ]
INFO: [ view_filter ] --START--
INFO: Run ContentReplace Behavior [ RunTime:-0.087298s ]
INFO: Run TokenBuild Behavior [ RunTime:-0.087755s ]
INFO: Run WriteHtmlCache Behavior [ RunTime:-0.088291s ]
INFO: Run ShowRuntime Behavior [ RunTime:-0.088600s ]
INFO: [ view_filter ] --END-- [ RunTime:0.001880s ]
INFO: [ view_end ] --START--
INFO: Run ShowPageTrace Behavior [ RunTime:-0.089278s ]
INFO: [ view_end ] --END-- [ RunTime:0.000667s ]

[ 2015-08-25T02:36:13+08:00 ] 220.181.108.115 /
INFO: [ app_begin ] --START--
INFO: Run ReadHtmlCache Behavior [ RunTime:0.000965s ]
INFO: [ app_begin ] --END-- [ RunTime:0.001112s ]
SQL: SHOW COLUMNS FROM `wy_links` [ RunTime:0.035822s ]
SQL: SELECT * FROM `wy_links` WHERE ( `status` = 1 )  [ RunTime:0.000286s ]
NOTIC: [2] Cannot use a scalar value as an array D:\www\qmyx.wuyelaile.com\weiwincms\_Core\Lib\Core\View.class.php ç¬¬ 69 è¡Œ.
INFO: [ view_template ] --START--
INFO: Run LocationTemplate Behavior [ RunTime:-0.057120s ]
INFO: [ view_template ] --END-- [ RunTime:0.001478s ]
INFO: [ view_parse ] --START--
INFO: Run ParseTemplate Behavior [ RunTime:-0.058681s ]
INFO: [ view_parse ] --END-- [ RunTime:0.012913s ]
INFO: [ view_filter ] --START--
INFO: Run ContentReplace Behavior [ RunTime:-0.071668s ]
INFO: Run TokenBuild Behavior [ RunTime:-0.072917s ]
INFO: Run WriteHtmlCache Behavior [ RunTime:-0.074146s ]
INFO: Run ShowRuntime Behavior [ RunTime:-0.075191s ]
INFO: [ view_filter ] --END-- [ RunTime:0.004810s ]
INFO: [ view_end ] --START--
INFO: Run ShowPageTrace Behavior [ RunTime:-0.076578s ]
INFO: [ view_end ] --END-- [ RunTime:0.001510s ]

[ 2015-08-25T02:36:13+08:00 ] 123.125.71.49 /
INFO: [ app_begin ] --START--
INFO: Run ReadHtmlCache Behavior [ RunTime:0.000648s ]
INFO: [ app_begin ] --END-- [ RunTime:0.000780s ]
SQL: SHOW COLUMNS FROM `wy_links` [ RunTime:0.036901s ]
SQL: SELECT * FROM `wy_links` WHERE ( `status` = 1 )  [ RunTime:0.000203s ]
NOTIC: [2] Cannot use a scalar value as an array D:\www\qmyx.wuyelaile.com\weiwincms\_Core\Lib\Core\View.class.php ç¬¬ 69 è¡Œ.
INFO: [ view_template ] --START--
INFO: Run LocationTemplate Behavior [ RunTime:-0.051661s ]
INFO: [ view_template ] --END-- [ RunTime:0.000731s ]
INFO: [ view_parse ] --START--
INFO: Run ParseTemplate Behavior [ RunTime:-0.052514s ]
INFO: [ view_parse ] --END-- [ RunTime:0.012021s ]
INFO: [ view_filter ] --START--
INFO: Run ContentReplace Behavior [ RunTime:-0.064607s ]
INFO: Run TokenBuild Behavior [ RunTime:-0.065860s ]
INFO: Run WriteHtmlCache Behavior [ RunTime:-0.067324s ]
INFO: Run ShowRuntime Behavior [ RunTime:-0.068382s ]
INFO: [ view_filter ] --END-- [ RunTime:0.005065s ]
INFO: [ view_end ] --START--
INFO: Run ShowPageTrace Behavior [ RunTime:-0.069771s ]
INFO: [ view_end ] --END-- [ RunTime:0.001537s ]

[ 2015-08-25T23:28:32+08:00 ] 123.125.71.41 /
INFO: [ app_begin ] --START--
INFO: Run ReadHtmlCache Behavior [ RunTime:0.002980s ]
INFO: [ app_begin ] --END-- [ RunTime:0.003130s ]
SQL: SHOW COLUMNS FROM `wy_links` [ RunTime:0.039123s ]
SQL: SELECT * FROM `wy_links` WHERE ( `status` = 1 )  [ RunTime:0.000462s ]
NOTIC: [2] Cannot use a scalar value as an array D:\www\qmyx.wuyelaile.com\weiwincms\_Core\Lib\Core\View.class.php ç¬¬ 69 è¡Œ.
INFO: [ view_template ] --START--
INFO: Run LocationTemplate Behavior [ RunTime:-0.101392s ]
INFO: [ view_template ] --END-- [ RunTime:0.021743s ]
INFO: [ view_parse ] --START--
INFO: Run ParseTemplate Behavior [ RunTime:-0.123358s ]
INFO: [ view_parse ] --END-- [ RunTime:0.074201s ]
INFO: [ view_filter ] --START--
INFO: Run ContentReplace Behavior [ RunTime:-0.197634s ]
INFO: Run TokenBuild Behavior [ RunTime:-0.200161s ]
INFO: Run WriteHtmlCache Behavior [ RunTime:-0.202805s ]
INFO: Run ShowRuntime Behavior [ RunTime:-0.205493s ]
INFO: [ view_filter ] --END-- [ RunTime:0.010141s ]
INFO: [ view_end ] --START--
INFO: Run ShowPageTrace Behavior [ RunTime:-0.207880s ]
INFO: [ view_end ] --END-- [ RunTime:0.003001s ]

[ 2015-08-25T23:28:41+08:00 ] 220.181.108.140 /
INFO: [ app_begin ] --START--
INFO: Run ReadHtmlCache Behavior [ RunTime:0.000604s ]
INFO: [ app_begin ] --END-- [ RunTime:0.000739s ]
SQL: SHOW COLUMNS FROM `wy_links` [ RunTime:0.006419s ]
SQL: SELECT * FROM `wy_links` WHERE ( `status` = 1 )  [ RunTime:0.000218s ]
NOTIC: [2] Cannot use a scalar value as an array D:\www\qmyx.wuyelaile.com\weiwincms\_Core\Lib\Core\View.class.php ç¬¬ 69 è¡Œ.
INFO: [ view_template ] --START--
INFO: Run LocationTemplate Behavior [ RunTime:-0.025798s ]
INFO: [ view_template ] --END-- [ RunTime:0.001555s ]
INFO: [ view_parse ] --START--
INFO: Run ParseTemplate Behavior [ RunTime:-0.027437s ]
INFO: [ view_parse ] --END-- [ RunTime:0.012960s ]
INFO: [ view_filter ] --START--
INFO: Run ContentReplace Behavior [ RunTime:-0.040468s ]
INFO: Run TokenBuild Behavior [ RunTime:-0.041602s ]
INFO: Run WriteHtmlCache Behavior [ RunTime:-0.042815s ]
INFO: Run ShowRuntime Behavior [ RunTime:-0.043799s ]
INFO: [ view_filter ] --END-- [ RunTime:0.004580s ]
INFO: [ view_end ] --START--
INFO: Run ShowPageTrace Behavior [ RunTime:-0.045149s ]
INFO: [ view_end ] --END-- [ RunTime:0.001344s ]

[ 2015-08-25T23:30:43+08:00 ] 123.125.71.46 /
INFO: [ app_begin ] --START--
INFO: Run ReadHtmlCache Behavior [ RunTime:0.000951s ]
INFO: [ app_begin ] --END-- [ RunTime:0.001090s ]
SQL: SHOW COLUMNS FROM `wy_links` [ RunTime:0.004574s ]
SQL: SELECT * FROM `wy_links` WHERE ( `status` = 1 )  [ RunTime:0.000215s ]
NOTIC: [2] Cannot use a scalar value as an array D:\www\qmyx.wuyelaile.com\weiwincms\_Core\Lib\Core\View.class.php ç¬¬ 69 è¡Œ.
INFO: [ view_template ] --START--
INFO: Run LocationTemplate Behavior [ RunTime:-0.023676s ]
INFO: [ view_template ] --END-- [ RunTime:0.001712s ]
INFO: [ view_parse ] --START--
INFO: Run ParseTemplate Behavior [ RunTime:-0.025471s ]
INFO: [ view_parse ] --END-- [ RunTime:0.012689s ]
INFO: [ view_filter ] --START--
INFO: Run ContentReplace Behavior [ RunTime:-0.038228s ]
INFO: Run TokenBuild Behavior [ RunTime:-0.039410s ]
INFO: Run WriteHtmlCache Behavior [ RunTime:-0.040608s ]
INFO: Run ShowRuntime Behavior [ RunTime:-0.041635s ]
INFO: [ view_filter ] --END-- [ RunTime:0.004705s ]
INFO: [ view_end ] --START--
INFO: Run ShowPageTrace Behavior [ RunTime:-0.043032s ]
INFO: [ view_end ] --END-- [ RunTime:0.001476s ]

[ 2015-08-25T23:31:00+08:00 ] 220.181.108.183 /
INFO: [ app_begin ] --START--
INFO: Run ReadHtmlCache Behavior [ RunTime:0.000570s ]
INFO: [ app_begin ] --END-- [ RunTime:0.000708s ]
SQL: SHOW COLUMNS FROM `wy_links` [ RunTime:0.005111s ]
SQL: SELECT * FROM `wy_links` WHERE ( `status` = 1 )  [ RunTime:0.000265s ]
NOTIC: [2] Cannot use a scalar value as an array D:\www\qmyx.wuyelaile.com\weiwincms\_Core\Lib\Core\View.class.php ç¬¬ 69 è¡Œ.
INFO: [ view_template ] --START--
INFO: Run LocationTemplate Behavior [ RunTime:-0.024289s ]
INFO: [ view_template ] --END-- [ RunTime:0.001496s ]
INFO: [ view_parse ] --START--
INFO: Run ParseTemplate Behavior [ RunTime:-0.025935s ]
INFO: [ view_parse ] --END-- [ RunTime:0.012580s ]
INFO: [ view_filter ] --START--
INFO: Run ContentReplace Behavior [ RunTime:-0.038541s ]
INFO: Run TokenBuild Behavior [ RunTime:-0.039728s ]
INFO: Run WriteHtmlCache Behavior [ RunTime:-0.040912s ]
INFO: Run ShowRuntime Behavior [ RunTime:-0.041913s ]
INFO: [ view_filter ] --END-- [ RunTime:0.004608s ]
INFO: [ view_end ] --START--
INFO: Run ShowPageTrace Behavior [ RunTime:-0.043245s ]
INFO: [ view_end ] --END-- [ RunTime:0.001405s ]

