[ 2015-09-17T09:55:27+08:00 ] 144.12.113.80 /index.php?g=Wap&m=Agent&a=index&token=jeifef1412084627&from=timeline&isappinstalled=0
INFO: [ app_begin ] --START--
INFO: Run ReadHtmlCache Behavior [ RunTime:0.003595s ]
INFO: [ app_begin ] --END-- [ RunTime:0.003799s ]
SQL: SHOW COLUMNS FROM `wy_lpinfo` [ RunTime:0.083207s ]
SQL: SELECT * FROM `wy_lpinfo` WHERE ( `token` = 'jeifef1412084627' ) ORDER BY houseSort desc,id desc LIMIT 0,20   [ RunTime:0.002899s ]
NOTIC: [8] Undefined index:  wecha_id D:\www\qmyx.wuyelaile.com\weiwincms\Lib\Action\Wap\AgentAction.class.php Á¨¨ 29 Ë°å.
SQL: SHOW COLUMNS FROM `wy_jjr` [ RunTime:0.049293s ]
SQL: SELECT * FROM `wy_jjr` WHERE ( `Wecha_id` = null ) AND ( `Token` = 'jeifef1412084627' ) LIMIT 1   [ RunTime:0.001332s ]
SQL: SHOW COLUMNS FROM `wy_share_content` [ RunTime:0.030950s ]
SQL: SELECT * FROM `wy_share_content` WHERE token='jeifef1412084627' LIMIT 1   [ RunTime:0.000831s ]
NOTIC: [2] Cannot use a scalar value as an array D:\www\qmyx.wuyelaile.com\weiwincms\_Core\Lib\Core\View.class.php Á¨¨ 69 Ë°å.
INFO: [ view_template ] --START--
INFO: Run LocationTemplate Behavior [ RunTime:-0.304344s ]
INFO: [ view_template ] --END-- [ RunTime:0.060184s ]
INFO: [ view_parse ] --START--
NOTIC: [8] Undefined index:  wecha_id D:\www\qmyx.wuyelaile.com\weiwindata\logs\Cache\Wap\83c1e8c23d0efff676593c1e07496794.php Á¨¨ 68 Ë°å.
NOTIC: [8] Undefined index:  wecha_id D:\www\qmyx.wuyelaile.com\weiwindata\logs\Cache\Wap\83c1e8c23d0efff676593c1e07496794.php Á¨¨ 73 Ë°å.
NOTIC: [8] Undefined index:  wecha_id D:\www\qmyx.wuyelaile.com\weiwindata\logs\Cache\Wap\83c1e8c23d0efff676593c1e07496794.php Á¨¨ 76 Ë°å.
NOTIC: [8] Undefined index:  wecha_id D:\www\qmyx.wuyelaile.com\weiwindata\logs\Cache\Wap\83c1e8c23d0efff676593c1e07496794.php Á¨¨ 79 Ë°å.
NOTIC: [8] Undefined index:  wecha_id D:\www\qmyx.wuyelaile.com\weiwindata\logs\Cache\Wap\83c1e8c23d0efff676593c1e07496794.php Á¨¨ 82 Ë°å.
NOTIC: [8] Undefined index:  wecha_id D:\www\qmyx.wuyelaile.com\weiwindata\logs\Cache\Wap\83c1e8c23d0efff676593c1e07496794.php Á¨¨ 85 Ë°å.
NOTIC: [8] Undefined index:  wecha_id D:\www\qmyx.wuyelaile.com\weiwindata\logs\Cache\Wap\83c1e8c23d0efff676593c1e07496794.php Á¨¨ 88 Ë°å.
NOTIC: [8] Undefined index:  wecha_id D:\www\qmyx.wuyelaile.com\weiwindata\logs\Cache\Wap\83c1e8c23d0efff676593c1e07496794.php Á¨¨ 97 Ë°å.
NOTIC: [8] Undefined index:  wecha_id D:\www\qmyx.wuyelaile.com\weiwindata\logs\Cache\Wap\83c1e8c23d0efff676593c1e07496794.php Á¨¨ 97 Ë°å.
NOTIC: [8] Undefined index:  wecha_id D:\www\qmyx.wuyelaile.com\weiwindata\logs\Cache\Wap\83c1e8c23d0efff676593c1e07496794.php Á¨¨ 97 Ë°å.
NOTIC: [8] Undefined index:  wecha_id D:\www\qmyx.wuyelaile.com\weiwindata\logs\Cache\Wap\83c1e8c23d0efff676593c1e07496794.php Á¨¨ 97 Ë°å.
NOTIC: [8] Undefined index:  wecha_id D:\www\qmyx.wuyelaile.com\weiwindata\logs\Cache\Wap\83c1e8c23d0efff676593c1e07496794.php Á¨¨ 97 Ë°å.
NOTIC: [8] Undefined index:  wecha_id D:\www\qmyx.wuyelaile.com\weiwindata\logs\Cache\Wap\83c1e8c23d0efff676593c1e07496794.php Á¨¨ 97 Ë°å.
NOTIC: [8] Undefined index:  wecha_id D:\www\qmyx.wuyelaile.com\weiwindata\logs\Cache\Wap\83c1e8c23d0efff676593c1e07496794.php Á¨¨ 97 Ë°å.
NOTIC: [8] Undefined index:  wecha_id D:\www\qmyx.wuyelaile.com\weiwindata\logs\Cache\Wap\83c1e8c23d0efff676593c1e07496794.php Á¨¨ 97 Ë°å.
NOTIC: [8] Undefined index:  wecha_id D:\www\qmyx.wuyelaile.com\weiwindata\logs\Cache\Wap\83c1e8c23d0efff676593c1e07496794.php Á¨¨ 97 Ë°å.
NOTIC: [8] Undefined index:  wecha_id D:\www\qmyx.wuyelaile.com\weiwindata\logs\Cache\Wap\83c1e8c23d0efff676593c1e07496794.php Á¨¨ 97 Ë°å.
NOTIC: [8] Undefined index:  wecha_id D:\www\qmyx.wuyelaile.com\weiwindata\logs\Cache\Wap\83c1e8c23d0efff676593c1e07496794.php Á¨¨ 138 Ë°å.
NOTIC: [8] Undefined index:  wecha_id D:\www\qmyx.wuyelaile.com\weiwindata\logs\Cache\Wap\83c1e8c23d0efff676593c1e07496794.php Á¨¨ 152 Ë°å.
INFO: Run ParseTemplate Behavior [ RunTime:-0.364635s ]
INFO: [ view_parse ] --END-- [ RunTime:0.070627s ]
INFO: [ view_filter ] --START--
INFO: Run ContentReplace Behavior [ RunTime:-0.435340s ]
INFO: Run TokenBuild Behavior [ RunTime:-0.437952s ]
INFO: Run WriteHtmlCache Behavior [ RunTime:-0.440066s ]
INFO: Run ShowRuntime Behavior [ RunTime:-0.441958s ]
INFO: [ view_filter ] --END-- [ RunTime:0.008940s ]
INFO: [ view_end ] --START--
INFO: Run ShowPageTrace Behavior [ RunTime:-0.444442s ]
INFO: [ view_end ] --END-- [ RunTime:0.024915s ]

[ 2015-09-17T09:55:27+08:00 ] 144.12.113.80 /index.php?g=Wap&m=Agent&a=index&token=jeifef1412084627&from=timeline&isappinstalled=0
NOTIC: [32] PHP Startup: Unable to load dynamic library 'D:\WebServer\php-5.2.5 (x64)\ext\php_fileinfo.dll' - ’“≤ªµΩ÷∏∂®µƒƒ£øÈ°£
 Unknown Á¨¨ 0 Ë°å.

[ 2015-09-17T09:55:55+08:00 ] 144.12.113.80 /index.php?g=Wap&m=Agent&a=ajaxlp&token=jeifef1412084627&t=0.8467721142806113
INFO: [ app_begin ] --START--
INFO: Run ReadHtmlCache Behavior [ RunTime:0.000639s ]
INFO: [ app_begin ] --END-- [ RunTime:0.000910s ]
SQL: SHOW COLUMNS FROM `wy_lpinfo` [ RunTime:0.016296s ]
SQL: SELECT * FROM `wy_lpinfo` WHERE ( `token` = 'jeifef1412084627' ) ORDER BY id desc LIMIT 20,4   [ RunTime:0.000684s ]

[ 2015-09-17T09:56:06+08:00 ] 144.12.113.80 /index.php?g=Wap&m=Agent&a=loupanInfo&token=jeifef1412084627&id=29&type=3
INFO: [ app_begin ] --START--
INFO: Run ReadHtmlCache Behavior [ RunTime:0.000615s ]
INFO: [ app_begin ] --END-- [ RunTime:0.000760s ]
SQL: SHOW COLUMNS FROM `wy_lpinfo` [ RunTime:0.005639s ]
SQL: UPDATE `wy_lpinfo` SET `video`=video+1 WHERE ( `id` = 29 ) AND ( `token` = 'jeifef1412084627' ) [ RunTime:0.086162s ]
SQL: SELECT * FROM `wy_lpinfo` WHERE ( `id` = 29 ) AND ( `token` = 'jeifef1412084627' ) LIMIT 1   [ RunTime:0.001160s ]
NOTIC: [2] Cannot use a scalar value as an array D:\www\qmyx.wuyelaile.com\weiwincms\_Core\Lib\Core\View.class.php Á¨¨ 69 Ë°å.
INFO: [ view_template ] --START--
INFO: Run LocationTemplate Behavior [ RunTime:-0.129466s ]
INFO: [ view_template ] --END-- [ RunTime:0.001159s ]
INFO: [ view_parse ] --START--
NOTIC: [8] Undefined variable: url D:\www\qmyx.wuyelaile.com\weiwindata\logs\Cache\Wap\15cb069a79c1a70eb570b5aca2bb66be.php Á¨¨ 22 Ë°å.
NOTIC: [8] Undefined variable: jjrarr D:\www\qmyx.wuyelaile.com\weiwindata\logs\Cache\Wap\15cb069a79c1a70eb570b5aca2bb66be.php Á¨¨ 139 Ë°å.
INFO: Run ParseTemplate Behavior [ RunTime:-0.130705s ]
INFO: [ view_parse ] --END-- [ RunTime:0.109875s ]
INFO: [ view_filter ] --START--
INFO: Run ContentReplace Behavior [ RunTime:-0.240683s ]
INFO: Run TokenBuild Behavior [ RunTime:-0.241574s ]
INFO: Run WriteHtmlCache Behavior [ RunTime:-0.242192s ]
INFO: Run ShowRuntime Behavior [ RunTime:-0.242542s ]
INFO: [ view_filter ] --END-- [ RunTime:0.002485s ]
INFO: [ view_end ] --START--
INFO: Run ShowPageTrace Behavior [ RunTime:-0.243321s ]
INFO: [ view_end ] --END-- [ RunTime:0.000646s ]

[ 2015-09-17T09:56:40+08:00 ] 144.12.113.80 /index.php?g=Wap&m=Agent&a=loupanInfo&token=jeifef1412084627&id=32&type=3
INFO: [ app_begin ] --START--
INFO: Run ReadHtmlCache Behavior [ RunTime:0.000659s ]
INFO: [ app_begin ] --END-- [ RunTime:0.000805s ]
SQL: SHOW COLUMNS FROM `wy_lpinfo` [ RunTime:0.005158s ]
SQL: UPDATE `wy_lpinfo` SET `video`=video+1 WHERE ( `id` = 32 ) AND ( `token` = 'jeifef1412084627' ) [ RunTime:0.005658s ]
SQL: SELECT * FROM `wy_lpinfo` WHERE ( `id` = 32 ) AND ( `token` = 'jeifef1412084627' ) LIMIT 1   [ RunTime:0.000502s ]
NOTIC: [2] Cannot use a scalar value as an array D:\www\qmyx.wuyelaile.com\weiwincms\_Core\Lib\Core\View.class.php Á¨¨ 69 Ë°å.
INFO: [ view_template ] --START--
INFO: Run LocationTemplate Behavior [ RunTime:-0.030529s ]
INFO: [ view_template ] --END-- [ RunTime:0.000903s ]
INFO: [ view_parse ] --START--
NOTIC: [8] Undefined variable: url D:\www\qmyx.wuyelaile.com\weiwindata\logs\Cache\Wap\15cb069a79c1a70eb570b5aca2bb66be.php Á¨¨ 22 Ë°å.
NOTIC: [8] Undefined variable: jjrarr D:\www\qmyx.wuyelaile.com\weiwindata\logs\Cache\Wap\15cb069a79c1a70eb570b5aca2bb66be.php Á¨¨ 139 Ë°å.
INFO: Run ParseTemplate Behavior [ RunTime:-0.031530s ]
INFO: [ view_parse ] --END-- [ RunTime:0.013185s ]
INFO: [ view_filter ] --START--
INFO: Run ContentReplace Behavior [ RunTime:-0.044802s ]
INFO: Run TokenBuild Behavior [ RunTime:-0.045446s ]
INFO: Run WriteHtmlCache Behavior [ RunTime:-0.046005s ]
INFO: Run ShowRuntime Behavior [ RunTime:-0.046325s ]
INFO: [ view_filter ] --END-- [ RunTime:0.002194s ]
INFO: [ view_end ] --START--
INFO: Run ShowPageTrace Behavior [ RunTime:-0.047088s ]
INFO: [ view_end ] --END-- [ RunTime:0.000806s ]

[ 2015-09-17T09:56:41+08:00 ] 120.204.201.76 /
INFO: [ app_begin ] --START--
INFO: Run ReadHtmlCache Behavior [ RunTime:0.001336s ]
INFO: [ app_begin ] --END-- [ RunTime:0.001522s ]
SQL: SHOW COLUMNS FROM `wy_links` [ RunTime:0.092760s ]
SQL: SELECT * FROM `wy_links` WHERE ( `status` = 1 )  [ RunTime:0.000986s ]
NOTIC: [2] Cannot use a scalar value as an array D:\www\qmyx.wuyelaile.com\weiwincms\_Core\Lib\Core\View.class.php Á¨¨ 69 Ë°å.
INFO: [ view_template ] --START--
INFO: Run LocationTemplate Behavior [ RunTime:-0.199172s ]
INFO: [ view_template ] --END-- [ RunTime:0.105109s ]
INFO: [ view_parse ] --START--
INFO: Run ParseTemplate Behavior [ RunTime:-0.304502s ]
INFO: [ view_parse ] --END-- [ RunTime:0.099243s ]
INFO: [ view_filter ] --START--
INFO: Run ContentReplace Behavior [ RunTime:-0.403787s ]
INFO: Run TokenBuild Behavior [ RunTime:-0.404902s ]
INFO: Run WriteHtmlCache Behavior [ RunTime:-0.406340s ]
INFO: Run ShowRuntime Behavior [ RunTime:-0.407230s ]
INFO: [ view_filter ] --END-- [ RunTime:0.004701s ]
INFO: [ view_end ] --START--
INFO: Run ShowPageTrace Behavior [ RunTime:-0.408586s ]
INFO: [ view_end ] --END-- [ RunTime:0.001542s ]

[ 2015-09-17T09:56:41+08:00 ] 120.204.201.76 /
NOTIC: [32] PHP Startup: Unable to load dynamic library 'D:\WebServer\php-5.2.5 (x64)\ext\php_fileinfo.dll' - ’“≤ªµΩ÷∏∂®µƒƒ£øÈ°£
 Unknown Á¨¨ 0 Ë°å.

[ 2015-09-17T09:56:41+08:00 ] 140.207.185.124 /
INFO: [ app_begin ] --START--
INFO: Run ReadHtmlCache Behavior [ RunTime:0.001307s ]
INFO: [ app_begin ] --END-- [ RunTime:0.001528s ]
SQL: SHOW COLUMNS FROM `wy_links` [ RunTime:0.094428s ]
SQL: SELECT * FROM `wy_links` WHERE ( `status` = 1 )  [ RunTime:0.000558s ]
NOTIC: [2] Cannot use a scalar value as an array D:\www\qmyx.wuyelaile.com\weiwincms\_Core\Lib\Core\View.class.php Á¨¨ 69 Ë°å.
INFO: [ view_template ] --START--
INFO: Run LocationTemplate Behavior [ RunTime:-0.197250s ]
INFO: [ view_template ] --END-- [ RunTime:0.105485s ]
INFO: [ view_parse ] --START--
INFO: Run ParseTemplate Behavior [ RunTime:-0.302926s ]
INFO: [ view_parse ] --END-- [ RunTime:0.118022s ]
INFO: [ view_filter ] --START--
INFO: Run ContentReplace Behavior [ RunTime:-0.420990s ]
INFO: Run TokenBuild Behavior [ RunTime:-0.422196s ]
INFO: Run WriteHtmlCache Behavior [ RunTime:-0.423634s ]
INFO: Run ShowRuntime Behavior [ RunTime:-0.424621s ]
INFO: [ view_filter ] --END-- [ RunTime:0.004894s ]
INFO: [ view_end ] --START--
INFO: Run ShowPageTrace Behavior [ RunTime:-0.425984s ]
INFO: [ view_end ] --END-- [ RunTime:0.001441s ]

[ 2015-09-17T09:56:41+08:00 ] 140.207.185.124 /
NOTIC: [32] PHP Startup: Unable to load dynamic library 'D:\WebServer\php-5.2.5 (x64)\ext\php_fileinfo.dll' - ’“≤ªµΩ÷∏∂®µƒƒ£øÈ°£
 Unknown Á¨¨ 0 Ë°å.

[ 2015-09-17T10:00:30+08:00 ] 123.125.71.108 /
INFO: [ app_begin ] --START--
INFO: Run ReadHtmlCache Behavior [ RunTime:0.001578s ]
INFO: [ app_begin ] --END-- [ RunTime:0.001718s ]
SQL: SHOW COLUMNS FROM `wy_links` [ RunTime:0.005000s ]
SQL: SELECT * FROM `wy_links` WHERE ( `status` = 1 )  [ RunTime:0.000232s ]
NOTIC: [2] Cannot use a scalar value as an array D:\www\qmyx.wuyelaile.com\weiwincms\_Core\Lib\Core\View.class.php Á¨¨ 69 Ë°å.
INFO: [ view_template ] --START--
INFO: Run LocationTemplate Behavior [ RunTime:-0.026597s ]
INFO: [ view_template ] --END-- [ RunTime:0.001958s ]
INFO: [ view_parse ] --START--
INFO: Run ParseTemplate Behavior [ RunTime:-0.028636s ]
INFO: [ view_parse ] --END-- [ RunTime:0.014110s ]
INFO: [ view_filter ] --START--
INFO: Run ContentReplace Behavior [ RunTime:-0.042854s ]
INFO: Run TokenBuild Behavior [ RunTime:-0.043898s ]
INFO: Run WriteHtmlCache Behavior [ RunTime:-0.044955s ]
INFO: Run ShowRuntime Behavior [ RunTime:-0.045783s ]
INFO: [ view_filter ] --END-- [ RunTime:0.004224s ]
INFO: [ view_end ] --START--
INFO: Run ShowPageTrace Behavior [ RunTime:-0.047181s ]
INFO: [ view_end ] --END-- [ RunTime:0.001320s ]

[ 2015-09-17T10:09:20+08:00 ] 180.153.214.181 /index.php?g=Wap&m=Agent&a=loupanInfo&token=jeifef1412084627&id=29&type=3
INFO: [ app_begin ] --START--
INFO: Run ReadHtmlCache Behavior [ RunTime:0.001571s ]
INFO: [ app_begin ] --END-- [ RunTime:0.001708s ]
SQL: SHOW COLUMNS FROM `wy_lpinfo` [ RunTime:0.006737s ]
SQL: UPDATE `wy_lpinfo` SET `video`=video+1 WHERE ( `id` = 29 ) AND ( `token` = 'jeifef1412084627' ) [ RunTime:0.005884s ]
SQL: SELECT * FROM `wy_lpinfo` WHERE ( `id` = 29 ) AND ( `token` = 'jeifef1412084627' ) LIMIT 1   [ RunTime:0.000860s ]
NOTIC: [2] Cannot use a scalar value as an array D:\www\qmyx.wuyelaile.com\weiwincms\_Core\Lib\Core\View.class.php Á¨¨ 69 Ë°å.
INFO: [ view_template ] --START--
INFO: Run LocationTemplate Behavior [ RunTime:-0.038964s ]
INFO: [ view_template ] --END-- [ RunTime:0.002072s ]
INFO: [ view_parse ] --START--
NOTIC: [8] Undefined variable: url D:\www\qmyx.wuyelaile.com\weiwindata\logs\Cache\Wap\15cb069a79c1a70eb570b5aca2bb66be.php Á¨¨ 22 Ë°å.
NOTIC: [8] Undefined variable: jjrarr D:\www\qmyx.wuyelaile.com\weiwindata\logs\Cache\Wap\15cb069a79c1a70eb570b5aca2bb66be.php Á¨¨ 139 Ë°å.
INFO: Run ParseTemplate Behavior [ RunTime:-0.041119s ]
INFO: [ view_parse ] --END-- [ RunTime:0.028949s ]
INFO: [ view_filter ] --START--
INFO: Run ContentReplace Behavior [ RunTime:-0.070149s ]
INFO: Run TokenBuild Behavior [ RunTime:-0.072228s ]
INFO: Run WriteHtmlCache Behavior [ RunTime:-0.074139s ]
INFO: Run ShowRuntime Behavior [ RunTime:-0.075478s ]
INFO: [ view_filter ] --END-- [ RunTime:0.008451s ]
INFO: [ view_end ] --START--
INFO: Run ShowPageTrace Behavior [ RunTime:-0.078905s ]
INFO: [ view_end ] --END-- [ RunTime:0.002612s ]

[ 2015-09-17T10:10:08+08:00 ] 180.153.161.55 /index.php?g=Wap&m=Agent&a=loupanInfo&token=jeifef1412084627&id=32&type=3
INFO: [ app_begin ] --START--
INFO: Run ReadHtmlCache Behavior [ RunTime:0.002152s ]
INFO: [ app_begin ] --END-- [ RunTime:0.002405s ]
SQL: SHOW COLUMNS FROM `wy_lpinfo` [ RunTime:0.006192s ]
SQL: UPDATE `wy_lpinfo` SET `video`=video+1 WHERE ( `id` = 32 ) AND ( `token` = 'jeifef1412084627' ) [ RunTime:0.005065s ]
SQL: SELECT * FROM `wy_lpinfo` WHERE ( `id` = 32 ) AND ( `token` = 'jeifef1412084627' ) LIMIT 1   [ RunTime:0.000566s ]
NOTIC: [2] Cannot use a scalar value as an array D:\www\qmyx.wuyelaile.com\weiwincms\_Core\Lib\Core\View.class.php Á¨¨ 69 Ë°å.
INFO: [ view_template ] --START--
INFO: Run LocationTemplate Behavior [ RunTime:-0.037127s ]
INFO: [ view_template ] --END-- [ RunTime:0.002018s ]
INFO: [ view_parse ] --START--
NOTIC: [8] Undefined variable: url D:\www\qmyx.wuyelaile.com\weiwindata\logs\Cache\Wap\15cb069a79c1a70eb570b5aca2bb66be.php Á¨¨ 22 Ë°å.
NOTIC: [8] Undefined variable: jjrarr D:\www\qmyx.wuyelaile.com\weiwindata\logs\Cache\Wap\15cb069a79c1a70eb570b5aca2bb66be.php Á¨¨ 139 Ë°å.
INFO: Run ParseTemplate Behavior [ RunTime:-0.039231s ]
INFO: [ view_parse ] --END-- [ RunTime:0.021391s ]
INFO: [ view_filter ] --START--
INFO: Run ContentReplace Behavior [ RunTime:-0.060711s ]
INFO: Run TokenBuild Behavior [ RunTime:-0.062479s ]
INFO: Run WriteHtmlCache Behavior [ RunTime:-0.064150s ]
INFO: Run ShowRuntime Behavior [ RunTime:-0.065785s ]
INFO: [ view_filter ] --END-- [ RunTime:0.006791s ]
INFO: [ view_end ] --START--
INFO: Run ShowPageTrace Behavior [ RunTime:-0.067617s ]
INFO: [ view_end ] --END-- [ RunTime:0.001667s ]

[ 2015-09-17T10:33:50+08:00 ] ERR: (ThinkException) Êó†Ê≥ïÂä†ËΩΩÊ®°Âùó:upyun
[ 2015-09-17T15:16:11+08:00 ] 183.136.190.62 /
INFO: [ app_begin ] --START--
INFO: Run ReadHtmlCache Behavior [ RunTime:0.006016s ]
INFO: [ app_begin ] --END-- [ RunTime:0.006282s ]
SQL: SHOW COLUMNS FROM `wy_links` [ RunTime:0.077227s ]
SQL: SELECT * FROM `wy_links` WHERE ( `status` = 1 )  [ RunTime:0.000252s ]
NOTIC: [2] Cannot use a scalar value as an array D:\www\qmyx.wuyelaile.com\weiwincms\_Core\Lib\Core\View.class.php Á¨¨ 69 Ë°å.
INFO: [ view_template ] --START--
INFO: Run LocationTemplate Behavior [ RunTime:-0.135717s ]
INFO: [ view_template ] --END-- [ RunTime:0.033895s ]
INFO: [ view_parse ] --START--
INFO: Run ParseTemplate Behavior [ RunTime:-0.169749s ]
INFO: [ view_parse ] --END-- [ RunTime:0.463620s ]
INFO: [ view_filter ] --START--
INFO: Run ContentReplace Behavior [ RunTime:-0.633478s ]
INFO: Run TokenBuild Behavior [ RunTime:-0.855111s ]
INFO: Run WriteHtmlCache Behavior [ RunTime:-0.882917s ]
INFO: Run ShowRuntime Behavior [ RunTime:-0.907737s ]
INFO: [ view_filter ] --END-- [ RunTime:0.277797s ]
INFO: [ view_end ] --START--
INFO: Run ShowPageTrace Behavior [ RunTime:-0.911387s ]
INFO: [ view_end ] --END-- [ RunTime:0.003128s ]

[ 2015-09-17T18:47:37+08:00 ] 121.42.0.14 /
INFO: [ app_begin ] --START--
INFO: Run ReadHtmlCache Behavior [ RunTime:0.003225s ]
INFO: [ app_begin ] --END-- [ RunTime:0.003416s ]
SQL: SHOW COLUMNS FROM `wy_links` [ RunTime:0.072189s ]
SQL: SELECT * FROM `wy_links` WHERE ( `status` = 1 )  [ RunTime:0.000233s ]
NOTIC: [2] Cannot use a scalar value as an array D:\www\qmyx.wuyelaile.com\weiwincms\_Core\Lib\Core\View.class.php Á¨¨ 69 Ë°å.
INFO: [ view_template ] --START--
INFO: Run LocationTemplate Behavior [ RunTime:-0.124277s ]
INFO: [ view_template ] --END-- [ RunTime:0.028351s ]
INFO: [ view_parse ] --START--
INFO: Run ParseTemplate Behavior [ RunTime:-0.152539s ]
INFO: [ view_parse ] --END-- [ RunTime:0.068361s ]
INFO: [ view_filter ] --START--
INFO: Run ContentReplace Behavior [ RunTime:-0.220984s ]
INFO: Run TokenBuild Behavior [ RunTime:-0.223279s ]
INFO: Run WriteHtmlCache Behavior [ RunTime:-0.225612s ]
INFO: Run ShowRuntime Behavior [ RunTime:-0.227455s ]
INFO: [ view_filter ] --END-- [ RunTime:0.008753s ]
INFO: [ view_end ] --START--
INFO: Run ShowPageTrace Behavior [ RunTime:-0.229887s ]
INFO: [ view_end ] --END-- [ RunTime:0.002715s ]

[ 2015-09-17T18:47:37+08:00 ] 121.42.0.14 /
NOTIC: [32] PHP Startup: Unable to load dynamic library 'D:\WebServer\php-5.2.5 (x64)\ext\php_fileinfo.dll' - ’“≤ªµΩ÷∏∂®µƒƒ£øÈ°£
 Unknown Á¨¨ 0 Ë°å.

[ 2015-09-17T19:35:03+08:00 ] 121.42.0.18 /
INFO: [ app_begin ] --START--
INFO: Run ReadHtmlCache Behavior [ RunTime:0.005720s ]
INFO: [ app_begin ] --END-- [ RunTime:0.006083s ]
SQL: SHOW COLUMNS FROM `wy_links` [ RunTime:0.006356s ]
SQL: SELECT * FROM `wy_links` WHERE ( `status` = 1 )  [ RunTime:0.000211s ]
NOTIC: [2] Cannot use a scalar value as an array D:\www\qmyx.wuyelaile.com\weiwincms\_Core\Lib\Core\View.class.php Á¨¨ 69 Ë°å.
INFO: [ view_template ] --START--
INFO: Run LocationTemplate Behavior [ RunTime:-0.068397s ]
INFO: [ view_template ] --END-- [ RunTime:0.380426s ]
INFO: [ view_parse ] --START--
INFO: Run ParseTemplate Behavior [ RunTime:-0.449052s ]
INFO: [ view_parse ] --END-- [ RunTime:0.060529s ]
INFO: [ view_filter ] --START--
INFO: Run ContentReplace Behavior [ RunTime:-0.509627s ]
INFO: Run TokenBuild Behavior [ RunTime:-0.512313s ]
INFO: Run WriteHtmlCache Behavior [ RunTime:-0.514533s ]
INFO: Run ShowRuntime Behavior [ RunTime:-0.516310s ]
INFO: [ view_filter ] --END-- [ RunTime:0.009532s ]
INFO: [ view_end ] --START--
INFO: Run ShowPageTrace Behavior [ RunTime:-0.519269s ]
INFO: [ view_end ] --END-- [ RunTime:0.002352s ]

[ 2015-09-17T19:35:03+08:00 ] 121.42.0.18 /
NOTIC: [32] PHP Startup: Unable to load dynamic library 'D:\WebServer\php-5.2.5 (x64)\ext\php_fileinfo.dll' - ’“≤ªµΩ÷∏∂®µƒƒ£øÈ°£
 Unknown Á¨¨ 0 Ë°å.

