[ 2015-09-01T00:25:29+08:00 ] 123.125.71.74 /
INFO: [ app_begin ] --START--
INFO: Run ReadHtmlCache Behavior [ RunTime:0.003592s ]
INFO: [ app_begin ] --END-- [ RunTime:0.003753s ]
SQL: SHOW COLUMNS FROM `wy_links` [ RunTime:0.124806s ]
SQL: SELECT * FROM `wy_links` WHERE ( `status` = 1 )  [ RunTime:0.000576s ]
NOTIC: [2] Cannot use a scalar value as an array D:\www\qmyx.wuyelaile.com\weiwincms\_Core\Lib\Core\View.class.php 第 69 行.
INFO: [ view_template ] --START--
INFO: Run LocationTemplate Behavior [ RunTime:-0.221709s ]
INFO: [ view_template ] --END-- [ RunTime:0.052928s ]
INFO: [ view_parse ] --START--
INFO: Run ParseTemplate Behavior [ RunTime:-0.274766s ]
INFO: [ view_parse ] --END-- [ RunTime:0.094618s ]
INFO: [ view_filter ] --START--
INFO: Run ContentReplace Behavior [ RunTime:-0.369472s ]
INFO: Run TokenBuild Behavior [ RunTime:-0.371996s ]
INFO: Run WriteHtmlCache Behavior [ RunTime:-0.374417s ]
INFO: Run ShowRuntime Behavior [ RunTime:-0.376348s ]
INFO: [ view_filter ] --END-- [ RunTime:0.009201s ]
INFO: [ view_end ] --START--
INFO: Run ShowPageTrace Behavior [ RunTime:-0.378772s ]
INFO: [ view_end ] --END-- [ RunTime:0.002708s ]

[ 2015-09-01T00:26:31+08:00 ] 220.181.108.84 /
INFO: [ app_begin ] --START--
INFO: Run ReadHtmlCache Behavior [ RunTime:0.001692s ]
INFO: [ app_begin ] --END-- [ RunTime:0.001897s ]
SQL: SHOW COLUMNS FROM `wy_links` [ RunTime:0.028674s ]
SQL: SELECT * FROM `wy_links` WHERE ( `status` = 1 )  [ RunTime:0.000214s ]
NOTIC: [2] Cannot use a scalar value as an array D:\www\qmyx.wuyelaile.com\weiwincms\_Core\Lib\Core\View.class.php 第 69 行.
INFO: [ view_template ] --START--
INFO: Run LocationTemplate Behavior [ RunTime:-0.054939s ]
INFO: [ view_template ] --END-- [ RunTime:0.001885s ]
INFO: [ view_parse ] --START--
INFO: Run ParseTemplate Behavior [ RunTime:-0.056907s ]
INFO: [ view_parse ] --END-- [ RunTime:0.012885s ]
INFO: [ view_filter ] --START--
INFO: Run ContentReplace Behavior [ RunTime:-0.069861s ]
INFO: Run TokenBuild Behavior [ RunTime:-0.071069s ]
INFO: Run WriteHtmlCache Behavior [ RunTime:-0.072298s ]
INFO: Run ShowRuntime Behavior [ RunTime:-0.073371s ]
INFO: [ view_filter ] --END-- [ RunTime:0.004748s ]
INFO: [ view_end ] --START--
INFO: Run ShowPageTrace Behavior [ RunTime:-0.074714s ]
INFO: [ view_end ] --END-- [ RunTime:0.001393s ]

[ 2015-09-01T00:27:13+08:00 ] 123.125.71.115 /
INFO: [ app_begin ] --START--
INFO: Run ReadHtmlCache Behavior [ RunTime:0.001262s ]
INFO: [ app_begin ] --END-- [ RunTime:0.001411s ]
SQL: SHOW COLUMNS FROM `wy_links` [ RunTime:0.036279s ]
SQL: SELECT * FROM `wy_links` WHERE ( `status` = 1 )  [ RunTime:0.000211s ]
NOTIC: [2] Cannot use a scalar value as an array D:\www\qmyx.wuyelaile.com\weiwincms\_Core\Lib\Core\View.class.php 第 69 行.
INFO: [ view_template ] --START--
INFO: Run LocationTemplate Behavior [ RunTime:-0.056462s ]
INFO: [ view_template ] --END-- [ RunTime:0.001974s ]
INFO: [ view_parse ] --START--
INFO: Run ParseTemplate Behavior [ RunTime:-0.058518s ]
INFO: [ view_parse ] --END-- [ RunTime:0.012902s ]
INFO: [ view_filter ] --START--
INFO: Run ContentReplace Behavior [ RunTime:-0.071491s ]
INFO: Run TokenBuild Behavior [ RunTime:-0.072676s ]
INFO: Run WriteHtmlCache Behavior [ RunTime:-0.073868s ]
INFO: Run ShowRuntime Behavior [ RunTime:-0.074867s ]
INFO: [ view_filter ] --END-- [ RunTime:0.004638s ]
INFO: [ view_end ] --START--
INFO: Run ShowPageTrace Behavior [ RunTime:-0.076228s ]
INFO: [ view_end ] --END-- [ RunTime:0.001586s ]

[ 2015-09-01T00:28:47+08:00 ] 220.181.108.95 /
INFO: [ app_begin ] --START--
INFO: Run ReadHtmlCache Behavior [ RunTime:0.001296s ]
INFO: [ app_begin ] --END-- [ RunTime:0.001447s ]
SQL: SHOW COLUMNS FROM `wy_links` [ RunTime:0.032130s ]
SQL: SELECT * FROM `wy_links` WHERE ( `status` = 1 )  [ RunTime:0.000206s ]
NOTIC: [2] Cannot use a scalar value as an array D:\www\qmyx.wuyelaile.com\weiwincms\_Core\Lib\Core\View.class.php 第 69 行.
INFO: [ view_template ] --START--
INFO: Run LocationTemplate Behavior [ RunTime:-0.053211s ]
INFO: [ view_template ] --END-- [ RunTime:0.001748s ]
INFO: [ view_parse ] --START--
INFO: Run ParseTemplate Behavior [ RunTime:-0.055211s ]
INFO: [ view_parse ] --END-- [ RunTime:0.015248s ]
INFO: [ view_filter ] --START--
INFO: Run ContentReplace Behavior [ RunTime:-0.070482s ]
INFO: Run TokenBuild Behavior [ RunTime:-0.071645s ]
INFO: Run WriteHtmlCache Behavior [ RunTime:-0.072901s ]
INFO: Run ShowRuntime Behavior [ RunTime:-0.073917s ]
INFO: [ view_filter ] --END-- [ RunTime:0.004704s ]
INFO: [ view_end ] --START--
INFO: Run ShowPageTrace Behavior [ RunTime:-0.075313s ]
INFO: [ view_end ] --END-- [ RunTime:0.001386s ]

[ 2015-09-01T03:54:07+08:00 ] 183.136.190.62 /
INFO: [ app_begin ] --START--
INFO: Run ReadHtmlCache Behavior [ RunTime:0.001360s ]
INFO: [ app_begin ] --END-- [ RunTime:0.001533s ]
SQL: SHOW COLUMNS FROM `wy_links` [ RunTime:0.015026s ]
SQL: SELECT * FROM `wy_links` WHERE ( `status` = 1 )  [ RunTime:0.000472s ]
NOTIC: [2] Cannot use a scalar value as an array D:\www\qmyx.wuyelaile.com\weiwincms\_Core\Lib\Core\View.class.php 第 69 行.
INFO: [ view_template ] --START--
INFO: Run LocationTemplate Behavior [ RunTime:-0.043192s ]
INFO: [ view_template ] --END-- [ RunTime:0.001940s ]
INFO: [ view_parse ] --START--
INFO: Run ParseTemplate Behavior [ RunTime:-0.045215s ]
INFO: [ view_parse ] --END-- [ RunTime:0.020911s ]
INFO: [ view_filter ] --START--
INFO: Run ContentReplace Behavior [ RunTime:-0.066235s ]
INFO: Run TokenBuild Behavior [ RunTime:-0.067539s ]
INFO: Run WriteHtmlCache Behavior [ RunTime:-0.068947s ]
INFO: Run ShowRuntime Behavior [ RunTime:-0.070022s ]
INFO: [ view_filter ] --END-- [ RunTime:0.005058s ]
INFO: [ view_end ] --START--
INFO: Run ShowPageTrace Behavior [ RunTime:-0.071393s ]
INFO: [ view_end ] --END-- [ RunTime:0.001490s ]

