[ 2015-09-15T20:26:53+08:00 ] 220.181.108.157 /index.php?g=Wap&m=Agent&a=index&token=jeifef1412084627&wecha_id=oI5B3uFvj5VU7zO-FuwxOrnKXkNI
INFO: [ app_begin ] --START--
INFO: Run ReadHtmlCache Behavior [ RunTime:0.004762s ]
INFO: [ app_begin ] --END-- [ RunTime:0.004965s ]
SQL: SHOW COLUMNS FROM `wy_lpinfo` [ RunTime:0.111423s ]
SQL: SELECT * FROM `wy_lpinfo` WHERE ( `token` = 'jeifef1412084627' ) ORDER BY houseSort desc,id desc LIMIT 0,20   [ RunTime:0.001826s ]
SQL: SHOW COLUMNS FROM `wy_jjr` [ RunTime:0.067831s ]
SQL: SELECT * FROM `wy_jjr` WHERE ( `Wecha_id` = 'oI5B3uFvj5VU7zO-FuwxOrnKXkNI' ) AND ( `Token` = 'jeifef1412084627' ) LIMIT 1   [ RunTime:0.001043s ]
SQL: SHOW COLUMNS FROM `wy_share_content` [ RunTime:0.037244s ]
SQL: SELECT * FROM `wy_share_content` WHERE token='jeifef1412084627' LIMIT 1   [ RunTime:0.000401s ]
NOTIC: [2] Cannot use a scalar value as an array D:\www\qmyx.wuyelaile.com\weiwincms\_Core\Lib\Core\View.class.php ç¬¬ 69 è¡Œ.
INFO: [ view_template ] --START--
INFO: Run LocationTemplate Behavior [ RunTime:-0.343733s ]
INFO: [ view_template ] --END-- [ RunTime:0.058623s ]
INFO: [ view_parse ] --START--
INFO: Run ParseTemplate Behavior [ RunTime:-0.402598s ]
INFO: [ view_parse ] --END-- [ RunTime:0.111442s ]
INFO: [ view_filter ] --START--
INFO: Run ContentReplace Behavior [ RunTime:-0.513989s ]
INFO: Run TokenBuild Behavior [ RunTime:-0.516314s ]
INFO: Run WriteHtmlCache Behavior [ RunTime:-0.518421s ]
INFO: Run ShowRuntime Behavior [ RunTime:-0.520144s ]
INFO: [ view_filter ] --END-- [ RunTime:0.008136s ]
INFO: [ view_end ] --START--
INFO: Run ShowPageTrace Behavior [ RunTime:-0.522237s ]
INFO: [ view_end ] --END-- [ RunTime:0.002489s ]

[ 2015-09-15T20:26:53+08:00 ] 220.181.108.157 /index.php?g=Wap&m=Agent&a=index&token=jeifef1412084627&wecha_id=oI5B3uFvj5VU7zO-FuwxOrnKXkNI
NOTIC: [32] PHP Startup: Unable to load dynamic library 'D:\WebServer\php-5.2.5 (x64)\ext\php_fileinfo.dll' - ÕÒ²»µ½Ö¸¶¨µÄÄ£¿é¡£
 Unknown ç¬¬ 0 è¡Œ.

