[ 2015-08-30T00:47:12+08:00 ] 220.181.108.154 /
INFO: [ app_begin ] --START--
INFO: Run ReadHtmlCache Behavior [ RunTime:0.001053s ]
INFO: [ app_begin ] --END-- [ RunTime:0.001190s ]
SQL: SHOW COLUMNS FROM `wy_links` [ RunTime:0.005406s ]
SQL: SELECT * FROM `wy_links` WHERE ( `status` = 1 )  [ RunTime:0.000378s ]
NOTIC: [2] Cannot use a scalar value as an array D:\www\qmyx.wuyelaile.com\weiwincms\_Core\Lib\Core\View.class.php 第 69 行.
INFO: [ view_template ] --START--
INFO: Run LocationTemplate Behavior [ RunTime:-0.028422s ]
INFO: [ view_template ] --END-- [ RunTime:0.001816s ]
INFO: [ view_parse ] --START--
INFO: Run ParseTemplate Behavior [ RunTime:-0.030300s ]
INFO: [ view_parse ] --END-- [ RunTime:0.022105s ]
INFO: [ view_filter ] --START--
INFO: Run ContentReplace Behavior [ RunTime:-0.052484s ]
INFO: Run TokenBuild Behavior [ RunTime:-0.053676s ]
INFO: Run WriteHtmlCache Behavior [ RunTime:-0.055113s ]
INFO: Run ShowRuntime Behavior [ RunTime:-0.056103s ]
INFO: [ view_filter ] --END-- [ RunTime:0.004858s ]
INFO: [ view_end ] --START--
INFO: Run ShowPageTrace Behavior [ RunTime:-0.057444s ]
INFO: [ view_end ] --END-- [ RunTime:0.001395s ]

[ 2015-08-30T03:51:46+08:00 ] 183.136.190.62 /
INFO: [ app_begin ] --START--
INFO: Run ReadHtmlCache Behavior [ RunTime:0.001342s ]
INFO: [ app_begin ] --END-- [ RunTime:0.001507s ]
SQL: SHOW COLUMNS FROM `wy_links` [ RunTime:0.006342s ]
SQL: SELECT * FROM `wy_links` WHERE ( `status` = 1 )  [ RunTime:0.000291s ]
NOTIC: [2] Cannot use a scalar value as an array D:\www\qmyx.wuyelaile.com\weiwincms\_Core\Lib\Core\View.class.php 第 69 行.
INFO: [ view_template ] --START--
INFO: Run LocationTemplate Behavior [ RunTime:-0.030221s ]
INFO: [ view_template ] --END-- [ RunTime:0.002209s ]
INFO: [ view_parse ] --START--
INFO: Run ParseTemplate Behavior [ RunTime:-0.032513s ]
INFO: [ view_parse ] --END-- [ RunTime:0.022581s ]
INFO: [ view_filter ] --START--
INFO: Run ContentReplace Behavior [ RunTime:-0.055170s ]
INFO: Run TokenBuild Behavior [ RunTime:-0.056577s ]
INFO: Run WriteHtmlCache Behavior [ RunTime:-0.058065s ]
INFO: Run ShowRuntime Behavior [ RunTime:-0.059312s ]
INFO: [ view_filter ] --END-- [ RunTime:0.005849s ]
INFO: [ view_end ] --START--
INFO: Run ShowPageTrace Behavior [ RunTime:-0.061149s ]
INFO: [ view_end ] --END-- [ RunTime:0.001469s ]

[ 2015-08-30T12:25:28+08:00 ] 123.125.71.49 /
INFO: [ app_begin ] --START--
INFO: Run ReadHtmlCache Behavior [ RunTime:0.001243s ]
INFO: [ app_begin ] --END-- [ RunTime:0.001396s ]
SQL: SHOW COLUMNS FROM `wy_links` [ RunTime:0.004705s ]
SQL: SELECT * FROM `wy_links` WHERE ( `status` = 1 )  [ RunTime:0.000213s ]
NOTIC: [2] Cannot use a scalar value as an array D:\www\qmyx.wuyelaile.com\weiwincms\_Core\Lib\Core\View.class.php 第 69 行.
INFO: [ view_template ] --START--
INFO: Run LocationTemplate Behavior [ RunTime:-0.025321s ]
INFO: [ view_template ] --END-- [ RunTime:0.002016s ]
INFO: [ view_parse ] --START--
INFO: Run ParseTemplate Behavior [ RunTime:-0.027421s ]
INFO: [ view_parse ] --END-- [ RunTime:0.020021s ]
INFO: [ view_filter ] --START--
INFO: Run ContentReplace Behavior [ RunTime:-0.047526s ]
INFO: Run TokenBuild Behavior [ RunTime:-0.048792s ]
INFO: Run WriteHtmlCache Behavior [ RunTime:-0.050259s ]
INFO: Run ShowRuntime Behavior [ RunTime:-0.051476s ]
INFO: [ view_filter ] --END-- [ RunTime:0.005242s ]
INFO: [ view_end ] --START--
INFO: Run ShowPageTrace Behavior [ RunTime:-0.052870s ]
INFO: [ view_end ] --END-- [ RunTime:0.001402s ]

[ 2015-08-30T12:25:36+08:00 ] 220.181.108.97 /
INFO: [ app_begin ] --START--
INFO: Run ReadHtmlCache Behavior [ RunTime:0.001342s ]
INFO: [ app_begin ] --END-- [ RunTime:0.001513s ]
SQL: SHOW COLUMNS FROM `wy_links` [ RunTime:0.004953s ]
SQL: SELECT * FROM `wy_links` WHERE ( `status` = 1 )  [ RunTime:0.000285s ]
NOTIC: [2] Cannot use a scalar value as an array D:\www\qmyx.wuyelaile.com\weiwincms\_Core\Lib\Core\View.class.php 第 69 行.
INFO: [ view_template ] --START--
INFO: Run LocationTemplate Behavior [ RunTime:-0.028222s ]
INFO: [ view_template ] --END-- [ RunTime:0.001682s ]
INFO: [ view_parse ] --START--
INFO: Run ParseTemplate Behavior [ RunTime:-0.029989s ]
INFO: [ view_parse ] --END-- [ RunTime:0.014832s ]
INFO: [ view_filter ] --START--
INFO: Run ContentReplace Behavior [ RunTime:-0.044909s ]
INFO: Run TokenBuild Behavior [ RunTime:-0.046183s ]
INFO: Run WriteHtmlCache Behavior [ RunTime:-0.048434s ]
INFO: Run ShowRuntime Behavior [ RunTime:-0.049833s ]
INFO: [ view_filter ] --END-- [ RunTime:0.006972s ]
INFO: [ view_end ] --START--
INFO: Run ShowPageTrace Behavior [ RunTime:-0.052089s ]
INFO: [ view_end ] --END-- [ RunTime:0.002258s ]

[ 2015-08-30T12:27:12+08:00 ] 123.125.71.43 /
INFO: [ app_begin ] --START--
INFO: Run ReadHtmlCache Behavior [ RunTime:0.001324s ]
INFO: [ app_begin ] --END-- [ RunTime:0.001458s ]
SQL: SHOW COLUMNS FROM `wy_links` [ RunTime:0.004790s ]
SQL: SELECT * FROM `wy_links` WHERE ( `status` = 1 )  [ RunTime:0.000219s ]
NOTIC: [2] Cannot use a scalar value as an array D:\www\qmyx.wuyelaile.com\weiwincms\_Core\Lib\Core\View.class.php 第 69 行.
INFO: [ view_template ] --START--
INFO: Run LocationTemplate Behavior [ RunTime:-0.025266s ]
INFO: [ view_template ] --END-- [ RunTime:0.002411s ]
INFO: [ view_parse ] --START--
INFO: Run ParseTemplate Behavior [ RunTime:-0.027764s ]
INFO: [ view_parse ] --END-- [ RunTime:0.013904s ]
INFO: [ view_filter ] --START--
INFO: Run ContentReplace Behavior [ RunTime:-0.041732s ]
INFO: Run TokenBuild Behavior [ RunTime:-0.043139s ]
INFO: Run WriteHtmlCache Behavior [ RunTime:-0.044437s ]
INFO: Run ShowRuntime Behavior [ RunTime:-0.045539s ]
INFO: [ view_filter ] --END-- [ RunTime:0.005583s ]
INFO: [ view_end ] --START--
INFO: Run ShowPageTrace Behavior [ RunTime:-0.047419s ]
INFO: [ view_end ] --END-- [ RunTime:0.002425s ]

[ 2015-08-30T12:28:02+08:00 ] 220.181.108.78 /
INFO: [ app_begin ] --START--
INFO: Run ReadHtmlCache Behavior [ RunTime:0.001283s ]
INFO: [ app_begin ] --END-- [ RunTime:0.001460s ]
SQL: SHOW COLUMNS FROM `wy_links` [ RunTime:0.005737s ]
SQL: SELECT * FROM `wy_links` WHERE ( `status` = 1 )  [ RunTime:0.000245s ]
NOTIC: [2] Cannot use a scalar value as an array D:\www\qmyx.wuyelaile.com\weiwincms\_Core\Lib\Core\View.class.php 第 69 行.
INFO: [ view_template ] --START--
INFO: Run LocationTemplate Behavior [ RunTime:-0.029669s ]
INFO: [ view_template ] --END-- [ RunTime:0.001962s ]
INFO: [ view_parse ] --START--
INFO: Run ParseTemplate Behavior [ RunTime:-0.031716s ]
INFO: [ view_parse ] --END-- [ RunTime:0.014157s ]
INFO: [ view_filter ] --START--
INFO: Run ContentReplace Behavior [ RunTime:-0.046007s ]
INFO: Run TokenBuild Behavior [ RunTime:-0.047717s ]
INFO: Run WriteHtmlCache Behavior [ RunTime:-0.049017s ]
INFO: Run ShowRuntime Behavior [ RunTime:-0.050079s ]
INFO: [ view_filter ] --END-- [ RunTime:0.005448s ]
INFO: [ view_end ] --START--
INFO: Run ShowPageTrace Behavior [ RunTime:-0.051554s ]
INFO: [ view_end ] --END-- [ RunTime:0.001477s ]

[ 2015-08-30T15:30:27+08:00 ] 123.125.71.51 /
INFO: [ app_begin ] --START--
INFO: Run ReadHtmlCache Behavior [ RunTime:0.001282s ]
INFO: [ app_begin ] --END-- [ RunTime:0.001419s ]
SQL: SHOW COLUMNS FROM `wy_links` [ RunTime:0.006774s ]
SQL: SELECT * FROM `wy_links` WHERE ( `status` = 1 )  [ RunTime:0.000216s ]
NOTIC: [2] Cannot use a scalar value as an array D:\www\qmyx.wuyelaile.com\weiwincms\_Core\Lib\Core\View.class.php 第 69 行.
INFO: [ view_template ] --START--
INFO: Run LocationTemplate Behavior [ RunTime:-0.028431s ]
INFO: [ view_template ] --END-- [ RunTime:0.001789s ]
INFO: [ view_parse ] --START--
INFO: Run ParseTemplate Behavior [ RunTime:-0.030305s ]
INFO: [ view_parse ] --END-- [ RunTime:0.023263s ]
INFO: [ view_filter ] --START--
INFO: Run ContentReplace Behavior [ RunTime:-0.053655s ]
INFO: Run TokenBuild Behavior [ RunTime:-0.054957s ]
INFO: Run WriteHtmlCache Behavior [ RunTime:-0.056509s ]
INFO: Run ShowRuntime Behavior [ RunTime:-0.057537s ]
INFO: [ view_filter ] --END-- [ RunTime:0.005196s ]
INFO: [ view_end ] --START--
INFO: Run ShowPageTrace Behavior [ RunTime:-0.058954s ]
INFO: [ view_end ] --END-- [ RunTime:0.001523s ]

[ 2015-08-30T15:30:30+08:00 ] 220.181.108.115 /
INFO: [ app_begin ] --START--
INFO: Run ReadHtmlCache Behavior [ RunTime:0.001359s ]
INFO: [ app_begin ] --END-- [ RunTime:0.001521s ]
SQL: SHOW COLUMNS FROM `wy_links` [ RunTime:0.004819s ]
SQL: SELECT * FROM `wy_links` WHERE ( `status` = 1 )  [ RunTime:0.000235s ]
NOTIC: [2] Cannot use a scalar value as an array D:\www\qmyx.wuyelaile.com\weiwincms\_Core\Lib\Core\View.class.php 第 69 行.
INFO: [ view_template ] --START--
INFO: Run LocationTemplate Behavior [ RunTime:-0.024193s ]
INFO: [ view_template ] --END-- [ RunTime:0.001599s ]
INFO: [ view_parse ] --START--
INFO: Run ParseTemplate Behavior [ RunTime:-0.025877s ]
INFO: [ view_parse ] --END-- [ RunTime:0.013924s ]
INFO: [ view_filter ] --START--
INFO: Run ContentReplace Behavior [ RunTime:-0.039874s ]
INFO: Run TokenBuild Behavior [ RunTime:-0.040864s ]
INFO: Run WriteHtmlCache Behavior [ RunTime:-0.041900s ]
INFO: Run ShowRuntime Behavior [ RunTime:-0.042897s ]
INFO: [ view_filter ] --END-- [ RunTime:0.004270s ]
INFO: [ view_end ] --START--
INFO: Run ShowPageTrace Behavior [ RunTime:-0.044244s ]
INFO: [ view_end ] --END-- [ RunTime:0.001344s ]

[ 2015-08-30T15:32:08+08:00 ] 123.125.71.15 /
INFO: [ app_begin ] --START--
INFO: Run ReadHtmlCache Behavior [ RunTime:0.001849s ]
INFO: [ app_begin ] --END-- [ RunTime:0.002062s ]
SQL: SHOW COLUMNS FROM `wy_links` [ RunTime:0.005285s ]
SQL: SELECT * FROM `wy_links` WHERE ( `status` = 1 )  [ RunTime:0.000224s ]
NOTIC: [2] Cannot use a scalar value as an array D:\www\qmyx.wuyelaile.com\weiwincms\_Core\Lib\Core\View.class.php 第 69 行.
INFO: [ view_template ] --START--
INFO: Run LocationTemplate Behavior [ RunTime:-0.032212s ]
INFO: [ view_template ] --END-- [ RunTime:0.001637s ]
INFO: [ view_parse ] --START--
INFO: Run ParseTemplate Behavior [ RunTime:-0.033935s ]
INFO: [ view_parse ] --END-- [ RunTime:0.014219s ]
INFO: [ view_filter ] --START--
INFO: Run ContentReplace Behavior [ RunTime:-0.048243s ]
INFO: Run TokenBuild Behavior [ RunTime:-0.049655s ]
INFO: Run WriteHtmlCache Behavior [ RunTime:-0.050729s ]
INFO: Run ShowRuntime Behavior [ RunTime:-0.051774s ]
INFO: [ view_filter ] --END-- [ RunTime:0.005126s ]
INFO: [ view_end ] --START--
INFO: Run ShowPageTrace Behavior [ RunTime:-0.053482s ]
INFO: [ view_end ] --END-- [ RunTime:0.001521s ]

[ 2015-08-30T15:33:13+08:00 ] 220.181.108.108 /
INFO: [ app_begin ] --START--
INFO: Run ReadHtmlCache Behavior [ RunTime:0.001360s ]
INFO: [ app_begin ] --END-- [ RunTime:0.001533s ]
SQL: SHOW COLUMNS FROM `wy_links` [ RunTime:0.005221s ]
SQL: SELECT * FROM `wy_links` WHERE ( `status` = 1 )  [ RunTime:0.000245s ]
NOTIC: [2] Cannot use a scalar value as an array D:\www\qmyx.wuyelaile.com\weiwincms\_Core\Lib\Core\View.class.php 第 69 行.
INFO: [ view_template ] --START--
INFO: Run LocationTemplate Behavior [ RunTime:-0.026461s ]
INFO: [ view_template ] --END-- [ RunTime:0.001694s ]
INFO: [ view_parse ] --START--
INFO: Run ParseTemplate Behavior [ RunTime:-0.028240s ]
INFO: [ view_parse ] --END-- [ RunTime:0.012858s ]
INFO: [ view_filter ] --START--
INFO: Run ContentReplace Behavior [ RunTime:-0.041167s ]
INFO: Run TokenBuild Behavior [ RunTime:-0.042332s ]
INFO: Run WriteHtmlCache Behavior [ RunTime:-0.043544s ]
INFO: Run ShowRuntime Behavior [ RunTime:-0.044534s ]
INFO: [ view_filter ] --END-- [ RunTime:0.004601s ]
INFO: [ view_end ] --START--
INFO: Run ShowPageTrace Behavior [ RunTime:-0.045867s ]
INFO: [ view_end ] --END-- [ RunTime:0.001385s ]

