[ 2015-08-02T07:27:29+08:00 ] 220.181.108.152 /
INFO: [ app_begin ] --START--
INFO: Run ReadHtmlCache Behavior [ RunTime:0.017331s ]
INFO: [ app_begin ] --END-- [ RunTime:0.017493s ]
SQL: SHOW COLUMNS FROM `wy_links` [ RunTime:0.061455s ]
SQL: SELECT * FROM `wy_links` WHERE ( `status` = 1 )  [ RunTime:0.000218s ]
NOTIC: [2] Cannot use a scalar value as an array D:\www\qmyx.wuyelaile.com\weiwincms\_Core\Lib\Core\View.class.php 第 69 行.
INFO: [ view_template ] --START--
INFO: Run LocationTemplate Behavior [ RunTime:-0.192639s ]
INFO: [ view_template ] --END-- [ RunTime:0.066276s ]
INFO: [ view_parse ] --START--
INFO: Run ParseTemplate Behavior [ RunTime:-0.259068s ]
INFO: [ view_parse ] --END-- [ RunTime:0.093550s ]
INFO: [ view_filter ] --START--
INFO: Run ContentReplace Behavior [ RunTime:-0.352670s ]
INFO: Run TokenBuild Behavior [ RunTime:-0.356079s ]
INFO: Run WriteHtmlCache Behavior [ RunTime:-0.358491s ]
INFO: Run ShowRuntime Behavior [ RunTime:-0.360904s ]
INFO: [ view_filter ] --END-- [ RunTime:0.010524s ]
INFO: [ view_end ] --START--
INFO: Run ShowPageTrace Behavior [ RunTime:-0.363305s ]
INFO: [ view_end ] --END-- [ RunTime:0.002512s ]

[ 2015-08-02T07:27:38+08:00 ] 123.125.71.82 /
INFO: [ app_begin ] --START--
INFO: Run ReadHtmlCache Behavior [ RunTime:0.001382s ]
INFO: [ app_begin ] --END-- [ RunTime:0.001558s ]
SQL: SHOW COLUMNS FROM `wy_links` [ RunTime:0.002283s ]
SQL: SELECT * FROM `wy_links` WHERE ( `status` = 1 )  [ RunTime:0.000221s ]
NOTIC: [2] Cannot use a scalar value as an array D:\www\qmyx.wuyelaile.com\weiwincms\_Core\Lib\Core\View.class.php 第 69 行.
INFO: [ view_template ] --START--
INFO: Run LocationTemplate Behavior [ RunTime:-0.052408s ]
INFO: [ view_template ] --END-- [ RunTime:0.001626s ]
INFO: [ view_parse ] --START--
INFO: Run ParseTemplate Behavior [ RunTime:-0.054173s ]
INFO: [ view_parse ] --END-- [ RunTime:0.014551s ]
INFO: [ view_filter ] --START--
INFO: Run ContentReplace Behavior [ RunTime:-0.068791s ]
INFO: Run TokenBuild Behavior [ RunTime:-0.070000s ]
INFO: Run WriteHtmlCache Behavior [ RunTime:-0.071472s ]
INFO: Run ShowRuntime Behavior [ RunTime:-0.072528s ]
INFO: [ view_filter ] --END-- [ RunTime:0.005038s ]
INFO: [ view_end ] --START--
INFO: Run ShowPageTrace Behavior [ RunTime:-0.073928s ]
INFO: [ view_end ] --END-- [ RunTime:0.001570s ]

[ 2015-08-02T07:29:36+08:00 ] 123.125.71.79 /
INFO: [ app_begin ] --START--
INFO: Run ReadHtmlCache Behavior [ RunTime:0.001323s ]
INFO: [ app_begin ] --END-- [ RunTime:0.001473s ]
SQL: SHOW COLUMNS FROM `wy_links` [ RunTime:0.002296s ]
SQL: SELECT * FROM `wy_links` WHERE ( `status` = 1 )  [ RunTime:0.000266s ]
NOTIC: [2] Cannot use a scalar value as an array D:\www\qmyx.wuyelaile.com\weiwincms\_Core\Lib\Core\View.class.php 第 69 行.
INFO: [ view_template ] --START--
INFO: Run LocationTemplate Behavior [ RunTime:-0.022382s ]
INFO: [ view_template ] --END-- [ RunTime:0.002274s ]
INFO: [ view_parse ] --START--
INFO: Run ParseTemplate Behavior [ RunTime:-0.024790s ]
INFO: [ view_parse ] --END-- [ RunTime:0.016026s ]
INFO: [ view_filter ] --START--
INFO: Run ContentReplace Behavior [ RunTime:-0.040884s ]
INFO: Run TokenBuild Behavior [ RunTime:-0.042293s ]
INFO: Run WriteHtmlCache Behavior [ RunTime:-0.043584s ]
INFO: Run ShowRuntime Behavior [ RunTime:-0.044665s ]
INFO: [ view_filter ] --END-- [ RunTime:0.005189s ]
INFO: [ view_end ] --START--
INFO: Run ShowPageTrace Behavior [ RunTime:-0.046229s ]
INFO: [ view_end ] --END-- [ RunTime:0.001482s ]

[ 2015-08-02T07:29:42+08:00 ] 220.181.108.160 /
INFO: [ app_begin ] --START--
INFO: Run ReadHtmlCache Behavior [ RunTime:0.001365s ]
INFO: [ app_begin ] --END-- [ RunTime:0.001558s ]
SQL: SHOW COLUMNS FROM `wy_links` [ RunTime:0.002162s ]
SQL: SELECT * FROM `wy_links` WHERE ( `status` = 1 )  [ RunTime:0.000222s ]
NOTIC: [2] Cannot use a scalar value as an array D:\www\qmyx.wuyelaile.com\weiwincms\_Core\Lib\Core\View.class.php 第 69 行.
INFO: [ view_template ] --START--
INFO: Run LocationTemplate Behavior [ RunTime:-0.020598s ]
INFO: [ view_template ] --END-- [ RunTime:0.001630s ]
INFO: [ view_parse ] --START--
INFO: Run ParseTemplate Behavior [ RunTime:-0.022311s ]
INFO: [ view_parse ] --END-- [ RunTime:0.013666s ]
INFO: [ view_filter ] --START--
INFO: Run ContentReplace Behavior [ RunTime:-0.036068s ]
INFO: Run TokenBuild Behavior [ RunTime:-0.037291s ]
INFO: Run WriteHtmlCache Behavior [ RunTime:-0.038543s ]
INFO: Run ShowRuntime Behavior [ RunTime:-0.039565s ]
INFO: [ view_filter ] --END-- [ RunTime:0.004782s ]
INFO: [ view_end ] --START--
INFO: Run ShowPageTrace Behavior [ RunTime:-0.040952s ]
INFO: [ view_end ] --END-- [ RunTime:0.001388s ]

[ 2015-08-02T16:26:51+08:00 ] 123.125.71.87 /
INFO: [ app_begin ] --START--
INFO: Run ReadHtmlCache Behavior [ RunTime:0.001389s ]
INFO: [ app_begin ] --END-- [ RunTime:0.001536s ]
SQL: SHOW COLUMNS FROM `wy_links` [ RunTime:0.002365s ]
SQL: SELECT * FROM `wy_links` WHERE ( `status` = 1 )  [ RunTime:0.000203s ]
NOTIC: [2] Cannot use a scalar value as an array D:\www\qmyx.wuyelaile.com\weiwincms\_Core\Lib\Core\View.class.php 第 69 行.
INFO: [ view_template ] --START--
INFO: Run LocationTemplate Behavior [ RunTime:-0.023077s ]
INFO: [ view_template ] --END-- [ RunTime:0.001919s ]
INFO: [ view_parse ] --START--
INFO: Run ParseTemplate Behavior [ RunTime:-0.025130s ]
INFO: [ view_parse ] --END-- [ RunTime:0.021368s ]
INFO: [ view_filter ] --START--
INFO: Run ContentReplace Behavior [ RunTime:-0.046515s ]
INFO: Run TokenBuild Behavior [ RunTime:-0.047905s ]
INFO: Run WriteHtmlCache Behavior [ RunTime:-0.049288s ]
INFO: Run ShowRuntime Behavior [ RunTime:-0.050319s ]
INFO: [ view_filter ] --END-- [ RunTime:0.005069s ]
INFO: [ view_end ] --START--
INFO: Run ShowPageTrace Behavior [ RunTime:-0.051697s ]
INFO: [ view_end ] --END-- [ RunTime:0.001386s ]

[ 2015-08-02T16:27:10+08:00 ] 220.181.108.95 /
INFO: [ app_begin ] --START--
INFO: Run ReadHtmlCache Behavior [ RunTime:0.001218s ]
INFO: [ app_begin ] --END-- [ RunTime:0.001357s ]
SQL: SHOW COLUMNS FROM `wy_links` [ RunTime:0.002295s ]
SQL: SELECT * FROM `wy_links` WHERE ( `status` = 1 )  [ RunTime:0.000215s ]
NOTIC: [2] Cannot use a scalar value as an array D:\www\qmyx.wuyelaile.com\weiwincms\_Core\Lib\Core\View.class.php 第 69 行.
INFO: [ view_template ] --START--
INFO: Run LocationTemplate Behavior [ RunTime:-0.055896s ]
INFO: [ view_template ] --END-- [ RunTime:0.001826s ]
INFO: [ view_parse ] --START--
INFO: Run ParseTemplate Behavior [ RunTime:-0.057804s ]
INFO: [ view_parse ] --END-- [ RunTime:0.012833s ]
INFO: [ view_filter ] --START--
INFO: Run ContentReplace Behavior [ RunTime:-0.070706s ]
INFO: Run TokenBuild Behavior [ RunTime:-0.071865s ]
INFO: Run WriteHtmlCache Behavior [ RunTime:-0.073124s ]
INFO: Run ShowRuntime Behavior [ RunTime:-0.074208s ]
INFO: [ view_filter ] --END-- [ RunTime:0.004879s ]
INFO: [ view_end ] --START--
INFO: Run ShowPageTrace Behavior [ RunTime:-0.075683s ]
INFO: [ view_end ] --END-- [ RunTime:0.001377s ]

[ 2015-08-02T16:28:47+08:00 ] 123.125.71.73 /
INFO: [ app_begin ] --START--
INFO: Run ReadHtmlCache Behavior [ RunTime:0.001595s ]
INFO: [ app_begin ] --END-- [ RunTime:0.001819s ]
SQL: SHOW COLUMNS FROM `wy_links` [ RunTime:0.002426s ]
SQL: SELECT * FROM `wy_links` WHERE ( `status` = 1 )  [ RunTime:0.000226s ]
NOTIC: [2] Cannot use a scalar value as an array D:\www\qmyx.wuyelaile.com\weiwincms\_Core\Lib\Core\View.class.php 第 69 行.
INFO: [ view_template ] --START--
INFO: Run LocationTemplate Behavior [ RunTime:-0.026629s ]
INFO: [ view_template ] --END-- [ RunTime:0.001854s ]
INFO: [ view_parse ] --START--
INFO: Run ParseTemplate Behavior [ RunTime:-0.028558s ]
INFO: [ view_parse ] --END-- [ RunTime:0.015123s ]
INFO: [ view_filter ] --START--
INFO: Run ContentReplace Behavior [ RunTime:-0.043777s ]
INFO: Run TokenBuild Behavior [ RunTime:-0.044993s ]
INFO: Run WriteHtmlCache Behavior [ RunTime:-0.046244s ]
INFO: Run ShowRuntime Behavior [ RunTime:-0.047335s ]
INFO: [ view_filter ] --END-- [ RunTime:0.004891s ]
INFO: [ view_end ] --START--
INFO: Run ShowPageTrace Behavior [ RunTime:-0.048776s ]
INFO: [ view_end ] --END-- [ RunTime:0.001675s ]

[ 2015-08-02T16:28:54+08:00 ] 220.181.108.88 /
INFO: [ app_begin ] --START--
INFO: Run ReadHtmlCache Behavior [ RunTime:0.001796s ]
INFO: [ app_begin ] --END-- [ RunTime:0.002095s ]
SQL: SHOW COLUMNS FROM `wy_links` [ RunTime:0.002301s ]
SQL: SELECT * FROM `wy_links` WHERE ( `status` = 1 )  [ RunTime:0.000218s ]
NOTIC: [2] Cannot use a scalar value as an array D:\www\qmyx.wuyelaile.com\weiwincms\_Core\Lib\Core\View.class.php 第 69 行.
INFO: [ view_template ] --START--
INFO: Run LocationTemplate Behavior [ RunTime:-0.029275s ]
INFO: [ view_template ] --END-- [ RunTime:0.001783s ]
INFO: [ view_parse ] --START--
INFO: Run ParseTemplate Behavior [ RunTime:-0.031140s ]
INFO: [ view_parse ] --END-- [ RunTime:0.014037s ]
INFO: [ view_filter ] --START--
INFO: Run ContentReplace Behavior [ RunTime:-0.045257s ]
INFO: Run TokenBuild Behavior [ RunTime:-0.046473s ]
INFO: Run WriteHtmlCache Behavior [ RunTime:-0.047660s ]
INFO: Run ShowRuntime Behavior [ RunTime:-0.048655s ]
INFO: [ view_filter ] --END-- [ RunTime:0.004702s ]
INFO: [ view_end ] --START--
INFO: Run ShowPageTrace Behavior [ RunTime:-0.050058s ]
INFO: [ view_end ] --END-- [ RunTime:0.001578s ]

