[ 2015-06-01T03:25:09+08:00 ] 101.226.89.121 /index.php?g=Wap&m=Agent&a=loupanInfo
INFO: [ app_begin ] --START--
INFO: Run ReadHtmlCache Behavior [ RunTime:0.005945s ]
INFO: [ app_begin ] --END-- [ RunTime:0.006106s ]
NOTIC: [8] Undefined index:  wecha_id D:\www\qmyx.wuyelaile.com\weiwincms\Lib\Action\Wap\AgentAction.class.php ç¬¬ 305 è¡Œ.
NOTIC: [8] Undefined index:  id D:\www\qmyx.wuyelaile.com\weiwincms\Lib\Action\Wap\AgentAction.class.php ç¬¬ 306 è¡Œ.
NOTIC: [8] Undefined index:  token D:\www\qmyx.wuyelaile.com\weiwincms\Lib\Action\Wap\AgentAction.class.php ç¬¬ 307 è¡Œ.
SQL: SHOW COLUMNS FROM `wy_lpinfo` [ RunTime:0.140713s ]
SQL: UPDATE `wy_lpinfo` SET `video`=video+1 WHERE ( `id` = null ) AND ( `token` = null ) [ RunTime:0.000404s ]
SQL: SELECT * FROM `wy_lpinfo` WHERE ( `id` = null ) AND ( `token` = null ) LIMIT 1   [ RunTime:0.000532s ]
NOTIC: [2] Cannot use a scalar value as an array D:\www\qmyx.wuyelaile.com\weiwincms\_Core\Lib\Core\View.class.php ç¬¬ 69 è¡Œ.
INFO: [ view_template ] --START--
INFO: Run LocationTemplate Behavior [ RunTime:-0.287000s ]
INFO: [ view_template ] --END-- [ RunTime:0.060776s ]
INFO: [ view_parse ] --START--
NOTIC: [8] Undefined variable: url D:\www\qmyx.wuyelaile.com\weiwindata\logs\Cache\Wap\15cb069a79c1a70eb570b5aca2bb66be.php ç¬¬ 22 è¡Œ.
NOTIC: [8] Undefined variable: jjrarr D:\www\qmyx.wuyelaile.com\weiwindata\logs\Cache\Wap\15cb069a79c1a70eb570b5aca2bb66be.php ç¬¬ 139 è¡Œ.
INFO: Run ParseTemplate Behavior [ RunTime:-0.347962s ]
INFO: [ view_parse ] --END-- [ RunTime:0.134196s ]
INFO: [ view_filter ] --START--
INFO: Run ContentReplace Behavior [ RunTime:-0.482254s ]
INFO: Run TokenBuild Behavior [ RunTime:-0.489295s ]
INFO: Run WriteHtmlCache Behavior [ RunTime:-0.496898s ]
INFO: Run ShowRuntime Behavior [ RunTime:-0.502144s ]
INFO: [ view_filter ] --END-- [ RunTime:0.024609s ]
INFO: [ view_end ] --START--
INFO: Run ShowPageTrace Behavior [ RunTime:-0.506930s ]
INFO: [ view_end ] --END-- [ RunTime:0.004740s ]

[ 2015-06-01T03:25:09+08:00 ] 101.226.93.233 /index.php?g=Wap&m=Agent&a=loupanInfo
INFO: [ app_begin ] --START--
INFO: Run ReadHtmlCache Behavior [ RunTime:0.003772s ]
INFO: [ app_begin ] --END-- [ RunTime:0.004019s ]
NOTIC: [8] Undefined index:  wecha_id D:\www\qmyx.wuyelaile.com\weiwincms\Lib\Action\Wap\AgentAction.class.php ç¬¬ 305 è¡Œ.
NOTIC: [8] Undefined index:  id D:\www\qmyx.wuyelaile.com\weiwincms\Lib\Action\Wap\AgentAction.class.php ç¬¬ 306 è¡Œ.
NOTIC: [8] Undefined index:  token D:\www\qmyx.wuyelaile.com\weiwincms\Lib\Action\Wap\AgentAction.class.php ç¬¬ 307 è¡Œ.
SQL: SHOW COLUMNS FROM `wy_lpinfo` [ RunTime:0.137586s ]
SQL: UPDATE `wy_lpinfo` SET `video`=video+1 WHERE ( `id` = null ) AND ( `token` = null ) [ RunTime:0.000465s ]
SQL: SELECT * FROM `wy_lpinfo` WHERE ( `id` = null ) AND ( `token` = null ) LIMIT 1   [ RunTime:0.000556s ]
NOTIC: [2] Cannot use a scalar value as an array D:\www\qmyx.wuyelaile.com\weiwincms\_Core\Lib\Core\View.class.php ç¬¬ 69 è¡Œ.
INFO: [ view_template ] --START--
INFO: Run LocationTemplate Behavior [ RunTime:-0.202250s ]
INFO: [ view_template ] --END-- [ RunTime:0.059079s ]
INFO: [ view_parse ] --START--
NOTIC: [8] Undefined variable: url D:\www\qmyx.wuyelaile.com\weiwindata\logs\Cache\Wap\15cb069a79c1a70eb570b5aca2bb66be.php ç¬¬ 22 è¡Œ.
NOTIC: [8] Undefined variable: jjrarr D:\www\qmyx.wuyelaile.com\weiwindata\logs\Cache\Wap\15cb069a79c1a70eb570b5aca2bb66be.php ç¬¬ 139 è¡Œ.
INFO: Run ParseTemplate Behavior [ RunTime:-0.261489s ]
INFO: [ view_parse ] --END-- [ RunTime:0.131353s ]
INFO: [ view_filter ] --START--
INFO: Run ContentReplace Behavior [ RunTime:-0.392930s ]
INFO: Run TokenBuild Behavior [ RunTime:-0.397309s ]
INFO: Run WriteHtmlCache Behavior [ RunTime:-0.401944s ]
INFO: Run ShowRuntime Behavior [ RunTime:-0.406249s ]
INFO: [ view_filter ] --END-- [ RunTime:0.017358s ]
INFO: [ view_end ] --START--
INFO: Run ShowPageTrace Behavior [ RunTime:-0.410382s ]
INFO: [ view_end ] --END-- [ RunTime:0.004906s ]

[ 2015-06-01T03:25:09+08:00 ] 101.226.93.233 /index.php?g=Wap&m=Agent&a=loupanInfo
NOTIC: [32] PHP Startup: Unable to load dynamic library 'D:\WebServer\php-5.2.5 (x64)\ext\php_fileinfo.dll' - ÕÒ²»µ½Ö¸¶¨µÄÄ£¿é¡£
 Unknown ç¬¬ 0 è¡Œ.

[ 2015-06-01T09:31:55+08:00 ] 123.125.71.22 /
INFO: [ app_begin ] --START--
INFO: Run ReadHtmlCache Behavior [ RunTime:0.005565s ]
INFO: [ app_begin ] --END-- [ RunTime:0.005729s ]
SQL: SHOW COLUMNS FROM `wy_links` [ RunTime:0.082132s ]
SQL: SELECT * FROM `wy_links` WHERE ( `status` = 1 )  [ RunTime:0.000263s ]
NOTIC: [2] Cannot use a scalar value as an array D:\www\qmyx.wuyelaile.com\weiwincms\_Core\Lib\Core\View.class.php ç¬¬ 69 è¡Œ.
INFO: [ view_template ] --START--
INFO: Run LocationTemplate Behavior [ RunTime:-0.155511s ]
INFO: [ view_template ] --END-- [ RunTime:0.050939s ]
INFO: [ view_parse ] --START--
INFO: Run ParseTemplate Behavior [ RunTime:-0.206569s ]
INFO: [ view_parse ] --END-- [ RunTime:0.160020s ]
INFO: [ view_filter ] --START--
INFO: Run ContentReplace Behavior [ RunTime:-0.366674s ]
INFO: Run TokenBuild Behavior [ RunTime:-0.372829s ]
INFO: Run WriteHtmlCache Behavior [ RunTime:-0.379415s ]
INFO: Run ShowRuntime Behavior [ RunTime:-0.385329s ]
INFO: [ view_filter ] --END-- [ RunTime:0.028387s ]
INFO: [ view_end ] --START--
INFO: Run ShowPageTrace Behavior [ RunTime:-0.395167s ]
INFO: [ view_end ] --END-- [ RunTime:0.006912s ]

[ 2015-06-01T09:32:35+08:00 ] 220.181.108.174 /
INFO: [ app_begin ] --START--
INFO: Run ReadHtmlCache Behavior [ RunTime:0.004759s ]
INFO: [ app_begin ] --END-- [ RunTime:0.004924s ]
SQL: SHOW COLUMNS FROM `wy_links` [ RunTime:0.023881s ]
SQL: SELECT * FROM `wy_links` WHERE ( `status` = 1 )  [ RunTime:0.000238s ]
NOTIC: [2] Cannot use a scalar value as an array D:\www\qmyx.wuyelaile.com\weiwincms\_Core\Lib\Core\View.class.php ç¬¬ 69 è¡Œ.
INFO: [ view_template ] --START--
INFO: Run LocationTemplate Behavior [ RunTime:-0.231478s ]
INFO: [ view_template ] --END-- [ RunTime:0.005991s ]
INFO: [ view_parse ] --START--
INFO: Run ParseTemplate Behavior [ RunTime:-0.237562s ]
INFO: [ view_parse ] --END-- [ RunTime:0.031308s ]
INFO: [ view_filter ] --START--
INFO: Run ContentReplace Behavior [ RunTime:-0.268980s ]
INFO: Run TokenBuild Behavior [ RunTime:-0.273667s ]
INFO: Run WriteHtmlCache Behavior [ RunTime:-0.278405s ]
INFO: Run ShowRuntime Behavior [ RunTime:-0.284063s ]
INFO: [ view_filter ] --END-- [ RunTime:0.019880s ]
INFO: [ view_end ] --START--
INFO: Run ShowPageTrace Behavior [ RunTime:-0.288966s ]
INFO: [ view_end ] --END-- [ RunTime:0.004821s ]

[ 2015-06-01T09:32:57+08:00 ] 123.125.71.27 /
INFO: [ app_begin ] --START--
INFO: Run ReadHtmlCache Behavior [ RunTime:0.005341s ]
INFO: [ app_begin ] --END-- [ RunTime:0.005482s ]
SQL: SHOW COLUMNS FROM `wy_links` [ RunTime:0.009550s ]
SQL: SELECT * FROM `wy_links` WHERE ( `status` = 1 )  [ RunTime:0.000302s ]
NOTIC: [2] Cannot use a scalar value as an array D:\www\qmyx.wuyelaile.com\weiwincms\_Core\Lib\Core\View.class.php ç¬¬ 69 è¡Œ.
INFO: [ view_template ] --START--
INFO: Run LocationTemplate Behavior [ RunTime:-0.058648s ]
INFO: [ view_template ] --END-- [ RunTime:0.006059s ]
INFO: [ view_parse ] --START--
INFO: Run ParseTemplate Behavior [ RunTime:-0.064796s ]
INFO: [ view_parse ] --END-- [ RunTime:0.032421s ]
INFO: [ view_filter ] --START--
INFO: Run ContentReplace Behavior [ RunTime:-0.097291s ]
INFO: Run TokenBuild Behavior [ RunTime:-0.102094s ]
INFO: Run WriteHtmlCache Behavior [ RunTime:-0.107000s ]
INFO: Run ShowRuntime Behavior [ RunTime:-0.111864s ]
INFO: [ view_filter ] --END-- [ RunTime:0.019418s ]
INFO: [ view_end ] --START--
INFO: Run ShowPageTrace Behavior [ RunTime:-0.116812s ]
INFO: [ view_end ] --END-- [ RunTime:0.005320s ]

[ 2015-06-01T09:34:13+08:00 ] 220.181.108.177 /
INFO: [ app_begin ] --START--
INFO: Run ReadHtmlCache Behavior [ RunTime:0.004558s ]
INFO: [ app_begin ] --END-- [ RunTime:0.004703s ]
SQL: SHOW COLUMNS FROM `wy_links` [ RunTime:0.009675s ]
SQL: SELECT * FROM `wy_links` WHERE ( `status` = 1 )  [ RunTime:0.000212s ]
NOTIC: [2] Cannot use a scalar value as an array D:\www\qmyx.wuyelaile.com\weiwincms\_Core\Lib\Core\View.class.php ç¬¬ 69 è¡Œ.
INFO: [ view_template ] --START--
INFO: Run LocationTemplate Behavior [ RunTime:-0.075725s ]
INFO: [ view_template ] --END-- [ RunTime:0.006822s ]
INFO: [ view_parse ] --START--
INFO: Run ParseTemplate Behavior [ RunTime:-0.082641s ]
INFO: [ view_parse ] --END-- [ RunTime:0.032067s ]
INFO: [ view_filter ] --START--
INFO: Run ContentReplace Behavior [ RunTime:-0.114808s ]
INFO: Run TokenBuild Behavior [ RunTime:-0.119676s ]
INFO: Run WriteHtmlCache Behavior [ RunTime:-0.124682s ]
INFO: Run ShowRuntime Behavior [ RunTime:-0.129416s ]
INFO: [ view_filter ] --END-- [ RunTime:0.020217s ]
INFO: [ view_end ] --START--
INFO: Run ShowPageTrace Behavior [ RunTime:-0.135228s ]
INFO: [ view_end ] --END-- [ RunTime:0.006740s ]

[ 2015-06-01T11:00:55+08:00 ] 112.247.80.59 /index.php?g=Wap&m=Agent&a=index&token=jeifef1412084627&from=timeline&isappinstalled=0
INFO: [ app_begin ] --START--
INFO: Run ReadHtmlCache Behavior [ RunTime:0.005892s ]
INFO: [ app_begin ] --END-- [ RunTime:0.006055s ]
SQL: SHOW COLUMNS FROM `wy_lpinfo` [ RunTime:0.062787s ]
SQL: SELECT * FROM `wy_lpinfo` WHERE ( `token` = 'jeifef1412084627' ) ORDER BY houseSort desc,id desc LIMIT 0,20   [ RunTime:0.001525s ]
NOTIC: [8] Undefined index:  wecha_id D:\www\qmyx.wuyelaile.com\weiwincms\Lib\Action\Wap\AgentAction.class.php ç¬¬ 29 è¡Œ.
SQL: SHOW COLUMNS FROM `wy_jjr` [ RunTime:0.043816s ]
SQL: SELECT * FROM `wy_jjr` WHERE ( `Wecha_id` = null ) AND ( `Token` = 'jeifef1412084627' ) LIMIT 1   [ RunTime:0.000282s ]
SQL: SHOW COLUMNS FROM `wy_share_content` [ RunTime:0.021038s ]
SQL: SELECT * FROM `wy_share_content` WHERE token='jeifef1412084627' LIMIT 1   [ RunTime:0.000320s ]
NOTIC: [2] Cannot use a scalar value as an array D:\www\qmyx.wuyelaile.com\weiwincms\_Core\Lib\Core\View.class.php ç¬¬ 69 è¡Œ.
INFO: [ view_template ] --START--
INFO: Run LocationTemplate Behavior [ RunTime:-0.325734s ]
INFO: [ view_template ] --END-- [ RunTime:0.055587s ]
INFO: [ view_parse ] --START--
NOTIC: [8] Undefined index:  wecha_id D:\www\qmyx.wuyelaile.com\weiwindata\logs\Cache\Wap\83c1e8c23d0efff676593c1e07496794.php ç¬¬ 68 è¡Œ.
NOTIC: [8] Undefined index:  wecha_id D:\www\qmyx.wuyelaile.com\weiwindata\logs\Cache\Wap\83c1e8c23d0efff676593c1e07496794.php ç¬¬ 73 è¡Œ.
NOTIC: [8] Undefined index:  wecha_id D:\www\qmyx.wuyelaile.com\weiwindata\logs\Cache\Wap\83c1e8c23d0efff676593c1e07496794.php ç¬¬ 76 è¡Œ.
NOTIC: [8] Undefined index:  wecha_id D:\www\qmyx.wuyelaile.com\weiwindata\logs\Cache\Wap\83c1e8c23d0efff676593c1e07496794.php ç¬¬ 79 è¡Œ.
NOTIC: [8] Undefined index:  wecha_id D:\www\qmyx.wuyelaile.com\weiwindata\logs\Cache\Wap\83c1e8c23d0efff676593c1e07496794.php ç¬¬ 82 è¡Œ.
NOTIC: [8] Undefined index:  wecha_id D:\www\qmyx.wuyelaile.com\weiwindata\logs\Cache\Wap\83c1e8c23d0efff676593c1e07496794.php ç¬¬ 85 è¡Œ.
NOTIC: [8] Undefined index:  wecha_id D:\www\qmyx.wuyelaile.com\weiwindata\logs\Cache\Wap\83c1e8c23d0efff676593c1e07496794.php ç¬¬ 88 è¡Œ.
NOTIC: [8] Undefined index:  wecha_id D:\www\qmyx.wuyelaile.com\weiwindata\logs\Cache\Wap\83c1e8c23d0efff676593c1e07496794.php ç¬¬ 97 è¡Œ.
NOTIC: [8] Undefined index:  wecha_id D:\www\qmyx.wuyelaile.com\weiwindata\logs\Cache\Wap\83c1e8c23d0efff676593c1e07496794.php ç¬¬ 97 è¡Œ.
NOTIC: [8] Undefined index:  wecha_id D:\www\qmyx.wuyelaile.com\weiwindata\logs\Cache\Wap\83c1e8c23d0efff676593c1e07496794.php ç¬¬ 97 è¡Œ.
NOTIC: [8] Undefined index:  wecha_id D:\www\qmyx.wuyelaile.com\weiwindata\logs\Cache\Wap\83c1e8c23d0efff676593c1e07496794.php ç¬¬ 97 è¡Œ.
NOTIC: [8] Undefined index:  wecha_id D:\www\qmyx.wuyelaile.com\weiwindata\logs\Cache\Wap\83c1e8c23d0efff676593c1e07496794.php ç¬¬ 97 è¡Œ.
NOTIC: [8] Undefined index:  wecha_id D:\www\qmyx.wuyelaile.com\weiwindata\logs\Cache\Wap\83c1e8c23d0efff676593c1e07496794.php ç¬¬ 97 è¡Œ.
NOTIC: [8] Undefined index:  wecha_id D:\www\qmyx.wuyelaile.com\weiwindata\logs\Cache\Wap\83c1e8c23d0efff676593c1e07496794.php ç¬¬ 97 è¡Œ.
NOTIC: [8] Undefined index:  wecha_id D:\www\qmyx.wuyelaile.com\weiwindata\logs\Cache\Wap\83c1e8c23d0efff676593c1e07496794.php ç¬¬ 97 è¡Œ.
NOTIC: [8] Undefined index:  wecha_id D:\www\qmyx.wuyelaile.com\weiwindata\logs\Cache\Wap\83c1e8c23d0efff676593c1e07496794.php ç¬¬ 97 è¡Œ.
NOTIC: [8] Undefined index:  wecha_id D:\www\qmyx.wuyelaile.com\weiwindata\logs\Cache\Wap\83c1e8c23d0efff676593c1e07496794.php ç¬¬ 97 è¡Œ.
NOTIC: [8] Undefined index:  wecha_id D:\www\qmyx.wuyelaile.com\weiwindata\logs\Cache\Wap\83c1e8c23d0efff676593c1e07496794.php ç¬¬ 138 è¡Œ.
NOTIC: [8] Undefined index:  wecha_id D:\www\qmyx.wuyelaile.com\weiwindata\logs\Cache\Wap\83c1e8c23d0efff676593c1e07496794.php ç¬¬ 152 è¡Œ.
INFO: Run ParseTemplate Behavior [ RunTime:-0.381458s ]
INFO: [ view_parse ] --END-- [ RunTime:0.076661s ]
INFO: [ view_filter ] --START--
INFO: Run ContentReplace Behavior [ RunTime:-0.458291s ]
INFO: Run TokenBuild Behavior [ RunTime:-0.464404s ]
INFO: Run WriteHtmlCache Behavior [ RunTime:-0.470465s ]
INFO: Run ShowRuntime Behavior [ RunTime:-0.476337s ]
INFO: [ view_filter ] --END-- [ RunTime:0.023590s ]
INFO: [ view_end ] --START--
INFO: Run ShowPageTrace Behavior [ RunTime:-0.482002s ]
INFO: [ view_end ] --END-- [ RunTime:0.005872s ]

[ 2015-06-01T11:00:56+08:00 ] 140.207.185.14 /
INFO: [ app_begin ] --START--
INFO: Run ReadHtmlCache Behavior [ RunTime:0.000749s ]
INFO: [ app_begin ] --END-- [ RunTime:0.000897s ]
SQL: SHOW COLUMNS FROM `wy_links` [ RunTime:0.032988s ]
SQL: SELECT * FROM `wy_links` WHERE ( `status` = 1 )  [ RunTime:0.000259s ]
NOTIC: [2] Cannot use a scalar value as an array D:\www\qmyx.wuyelaile.com\weiwincms\_Core\Lib\Core\View.class.php ç¬¬ 69 è¡Œ.
INFO: [ view_template ] --START--
INFO: Run LocationTemplate Behavior [ RunTime:-0.070491s ]
INFO: [ view_template ] --END-- [ RunTime:0.022512s ]
INFO: [ view_parse ] --START--
INFO: Run ParseTemplate Behavior [ RunTime:-0.093118s ]
INFO: [ view_parse ] --END-- [ RunTime:0.081986s ]
INFO: [ view_filter ] --START--
INFO: Run ContentReplace Behavior [ RunTime:-0.175186s ]
INFO: Run TokenBuild Behavior [ RunTime:-0.181328s ]
INFO: Run WriteHtmlCache Behavior [ RunTime:-0.187538s ]
INFO: Run ShowRuntime Behavior [ RunTime:-0.192926s ]
INFO: [ view_filter ] --END-- [ RunTime:0.024450s ]
INFO: [ view_end ] --START--
INFO: Run ShowPageTrace Behavior [ RunTime:-0.199771s ]
INFO: [ view_end ] --END-- [ RunTime:0.006317s ]

[ 2015-06-01T11:00:57+08:00 ] 117.135.149.14 /
INFO: [ app_begin ] --START--
INFO: Run ReadHtmlCache Behavior [ RunTime:0.003544s ]
INFO: [ app_begin ] --END-- [ RunTime:0.003729s ]
SQL: SHOW COLUMNS FROM `wy_links` [ RunTime:0.010665s ]
SQL: SELECT * FROM `wy_links` WHERE ( `status` = 1 )  [ RunTime:0.000216s ]
NOTIC: [2] Cannot use a scalar value as an array D:\www\qmyx.wuyelaile.com\weiwincms\_Core\Lib\Core\View.class.php ç¬¬ 69 è¡Œ.
INFO: [ view_template ] --START--
INFO: Run LocationTemplate Behavior [ RunTime:-0.057845s ]
INFO: [ view_template ] --END-- [ RunTime:0.006046s ]
INFO: [ view_parse ] --START--
INFO: Run ParseTemplate Behavior [ RunTime:-0.063979s ]
INFO: [ view_parse ] --END-- [ RunTime:0.035186s ]
INFO: [ view_filter ] --START--
INFO: Run ContentReplace Behavior [ RunTime:-0.099241s ]
INFO: Run TokenBuild Behavior [ RunTime:-0.106970s ]
INFO: Run WriteHtmlCache Behavior [ RunTime:-0.110866s ]
INFO: Run ShowRuntime Behavior [ RunTime:-0.114070s ]
INFO: [ view_filter ] --END-- [ RunTime:0.018399s ]
INFO: [ view_end ] --START--
INFO: Run ShowPageTrace Behavior [ RunTime:-0.117744s ]
INFO: [ view_end ] --END-- [ RunTime:0.003734s ]

[ 2015-06-01T11:00:57+08:00 ] 117.135.149.14 /
NOTIC: [32] PHP Startup: Unable to load dynamic library 'D:\WebServer\php-5.2.5 (x64)\ext\php_fileinfo.dll' - ÕÒ²»µ½Ö¸¶¨µÄÄ£¿é¡£
 Unknown ç¬¬ 0 è¡Œ.

[ 2015-06-01T11:01:37+08:00 ] 220.181.132.218 /index.php?g=Wap&m=Agent&a=index&from=timeline&isappinstalled=0
INFO: [ app_begin ] --START--
INFO: Run ReadHtmlCache Behavior [ RunTime:0.002546s ]
INFO: [ app_begin ] --END-- [ RunTime:0.002712s ]
SQL: SHOW COLUMNS FROM `wy_lpinfo` [ RunTime:0.011246s ]
SQL: SELECT * FROM `wy_lpinfo` WHERE ( `token` = null ) ORDER BY houseSort desc,id desc LIMIT 0,20   [ RunTime:0.000586s ]
NOTIC: [8] Undefined index:  wecha_id D:\www\qmyx.wuyelaile.com\weiwincms\Lib\Action\Wap\AgentAction.class.php ç¬¬ 29 è¡Œ.
NOTIC: [8] Undefined index:  token D:\www\qmyx.wuyelaile.com\weiwincms\Lib\Action\Wap\AgentAction.class.php ç¬¬ 30 è¡Œ.
SQL: SHOW COLUMNS FROM `wy_jjr` [ RunTime:0.009442s ]
SQL: SELECT * FROM `wy_jjr` WHERE ( `Wecha_id` = null ) AND ( `Token` = null ) LIMIT 1   [ RunTime:0.000218s ]
SQL: SHOW COLUMNS FROM `wy_share_content` [ RunTime:0.014448s ]
SQL: SELECT * FROM `wy_share_content` WHERE token='' LIMIT 1   [ RunTime:0.000222s ]
NOTIC: [2] Cannot use a scalar value as an array D:\www\qmyx.wuyelaile.com\weiwincms\_Core\Lib\Core\View.class.php ç¬¬ 69 è¡Œ.
INFO: [ view_template ] --START--
INFO: Run LocationTemplate Behavior [ RunTime:-0.082980s ]
INFO: [ view_template ] --END-- [ RunTime:0.010649s ]
INFO: [ view_parse ] --START--
NOTIC: [8] Undefined index:  token D:\www\qmyx.wuyelaile.com\weiwindata\logs\Cache\Wap\83c1e8c23d0efff676593c1e07496794.php ç¬¬ 68 è¡Œ.
NOTIC: [8] Undefined index:  wecha_id D:\www\qmyx.wuyelaile.com\weiwindata\logs\Cache\Wap\83c1e8c23d0efff676593c1e07496794.php ç¬¬ 68 è¡Œ.
NOTIC: [8] Undefined index:  token D:\www\qmyx.wuyelaile.com\weiwindata\logs\Cache\Wap\83c1e8c23d0efff676593c1e07496794.php ç¬¬ 73 è¡Œ.
NOTIC: [8] Undefined index:  wecha_id D:\www\qmyx.wuyelaile.com\weiwindata\logs\Cache\Wap\83c1e8c23d0efff676593c1e07496794.php ç¬¬ 73 è¡Œ.
NOTIC: [8] Undefined index:  token D:\www\qmyx.wuyelaile.com\weiwindata\logs\Cache\Wap\83c1e8c23d0efff676593c1e07496794.php ç¬¬ 76 è¡Œ.
NOTIC: [8] Undefined index:  wecha_id D:\www\qmyx.wuyelaile.com\weiwindata\logs\Cache\Wap\83c1e8c23d0efff676593c1e07496794.php ç¬¬ 76 è¡Œ.
NOTIC: [8] Undefined index:  token D:\www\qmyx.wuyelaile.com\weiwindata\logs\Cache\Wap\83c1e8c23d0efff676593c1e07496794.php ç¬¬ 79 è¡Œ.
NOTIC: [8] Undefined index:  wecha_id D:\www\qmyx.wuyelaile.com\weiwindata\logs\Cache\Wap\83c1e8c23d0efff676593c1e07496794.php ç¬¬ 79 è¡Œ.
NOTIC: [8] Undefined index:  token D:\www\qmyx.wuyelaile.com\weiwindata\logs\Cache\Wap\83c1e8c23d0efff676593c1e07496794.php ç¬¬ 82 è¡Œ.
NOTIC: [8] Undefined index:  wecha_id D:\www\qmyx.wuyelaile.com\weiwindata\logs\Cache\Wap\83c1e8c23d0efff676593c1e07496794.php ç¬¬ 82 è¡Œ.
NOTIC: [8] Undefined index:  token D:\www\qmyx.wuyelaile.com\weiwindata\logs\Cache\Wap\83c1e8c23d0efff676593c1e07496794.php ç¬¬ 85 è¡Œ.
NOTIC: [8] Undefined index:  wecha_id D:\www\qmyx.wuyelaile.com\weiwindata\logs\Cache\Wap\83c1e8c23d0efff676593c1e07496794.php ç¬¬ 85 è¡Œ.
NOTIC: [8] Undefined index:  token D:\www\qmyx.wuyelaile.com\weiwindata\logs\Cache\Wap\83c1e8c23d0efff676593c1e07496794.php ç¬¬ 88 è¡Œ.
NOTIC: [8] Undefined index:  wecha_id D:\www\qmyx.wuyelaile.com\weiwindata\logs\Cache\Wap\83c1e8c23d0efff676593c1e07496794.php ç¬¬ 88 è¡Œ.
NOTIC: [8] Undefined index:  token D:\www\qmyx.wuyelaile.com\weiwindata\logs\Cache\Wap\83c1e8c23d0efff676593c1e07496794.php ç¬¬ 138 è¡Œ.
NOTIC: [8] Undefined index:  wecha_id D:\www\qmyx.wuyelaile.com\weiwindata\logs\Cache\Wap\83c1e8c23d0efff676593c1e07496794.php ç¬¬ 138 è¡Œ.
NOTIC: [8] Undefined index:  wecha_id D:\www\qmyx.wuyelaile.com\weiwindata\logs\Cache\Wap\83c1e8c23d0efff676593c1e07496794.php ç¬¬ 152 è¡Œ.
INFO: Run ParseTemplate Behavior [ RunTime:-0.093734s ]
INFO: [ view_parse ] --END-- [ RunTime:0.029734s ]
INFO: [ view_filter ] --START--
INFO: Run ContentReplace Behavior [ RunTime:-0.123567s ]
INFO: Run TokenBuild Behavior [ RunTime:-0.125274s ]
INFO: Run WriteHtmlCache Behavior [ RunTime:-0.126970s ]
INFO: Run ShowRuntime Behavior [ RunTime:-0.128787s ]
INFO: [ view_filter ] --END-- [ RunTime:0.006950s ]
INFO: [ view_end ] --START--
INFO: Run ShowPageTrace Behavior [ RunTime:-0.130626s ]
INFO: [ view_end ] --END-- [ RunTime:0.001979s ]

[ 2015-06-01T11:14:31+08:00 ] 101.199.108.55 /index.php?g=Wap&m=Agent&a=index&from=timeline&isappinstalled=0
INFO: [ app_begin ] --START--
INFO: Run ReadHtmlCache Behavior [ RunTime:0.004536s ]
INFO: [ app_begin ] --END-- [ RunTime:0.004725s ]
SQL: SHOW COLUMNS FROM `wy_lpinfo` [ RunTime:0.030092s ]
SQL: SELECT * FROM `wy_lpinfo` WHERE ( `token` = null ) ORDER BY houseSort desc,id desc LIMIT 0,20   [ RunTime:0.000251s ]
NOTIC: [8] Undefined index:  wecha_id D:\www\qmyx.wuyelaile.com\weiwincms\Lib\Action\Wap\AgentAction.class.php ç¬¬ 29 è¡Œ.
NOTIC: [8] Undefined index:  token D:\www\qmyx.wuyelaile.com\weiwincms\Lib\Action\Wap\AgentAction.class.php ç¬¬ 30 è¡Œ.
SQL: SHOW COLUMNS FROM `wy_jjr` [ RunTime:0.009551s ]
SQL: SELECT * FROM `wy_jjr` WHERE ( `Wecha_id` = null ) AND ( `Token` = null ) LIMIT 1   [ RunTime:0.000212s ]
SQL: SHOW COLUMNS FROM `wy_share_content` [ RunTime:0.008585s ]
SQL: SELECT * FROM `wy_share_content` WHERE token='' LIMIT 1   [ RunTime:0.000208s ]
NOTIC: [2] Cannot use a scalar value as an array D:\www\qmyx.wuyelaile.com\weiwincms\_Core\Lib\Core\View.class.php ç¬¬ 69 è¡Œ.
INFO: [ view_template ] --START--
INFO: Run LocationTemplate Behavior [ RunTime:-0.104905s ]
INFO: [ view_template ] --END-- [ RunTime:0.006929s ]
INFO: [ view_parse ] --START--
NOTIC: [8] Undefined index:  token D:\www\qmyx.wuyelaile.com\weiwindata\logs\Cache\Wap\83c1e8c23d0efff676593c1e07496794.php ç¬¬ 68 è¡Œ.
NOTIC: [8] Undefined index:  wecha_id D:\www\qmyx.wuyelaile.com\weiwindata\logs\Cache\Wap\83c1e8c23d0efff676593c1e07496794.php ç¬¬ 68 è¡Œ.
NOTIC: [8] Undefined index:  token D:\www\qmyx.wuyelaile.com\weiwindata\logs\Cache\Wap\83c1e8c23d0efff676593c1e07496794.php ç¬¬ 73 è¡Œ.
NOTIC: [8] Undefined index:  wecha_id D:\www\qmyx.wuyelaile.com\weiwindata\logs\Cache\Wap\83c1e8c23d0efff676593c1e07496794.php ç¬¬ 73 è¡Œ.
NOTIC: [8] Undefined index:  token D:\www\qmyx.wuyelaile.com\weiwindata\logs\Cache\Wap\83c1e8c23d0efff676593c1e07496794.php ç¬¬ 76 è¡Œ.
NOTIC: [8] Undefined index:  wecha_id D:\www\qmyx.wuyelaile.com\weiwindata\logs\Cache\Wap\83c1e8c23d0efff676593c1e07496794.php ç¬¬ 76 è¡Œ.
NOTIC: [8] Undefined index:  token D:\www\qmyx.wuyelaile.com\weiwindata\logs\Cache\Wap\83c1e8c23d0efff676593c1e07496794.php ç¬¬ 79 è¡Œ.
NOTIC: [8] Undefined index:  wecha_id D:\www\qmyx.wuyelaile.com\weiwindata\logs\Cache\Wap\83c1e8c23d0efff676593c1e07496794.php ç¬¬ 79 è¡Œ.
NOTIC: [8] Undefined index:  token D:\www\qmyx.wuyelaile.com\weiwindata\logs\Cache\Wap\83c1e8c23d0efff676593c1e07496794.php ç¬¬ 82 è¡Œ.
NOTIC: [8] Undefined index:  wecha_id D:\www\qmyx.wuyelaile.com\weiwindata\logs\Cache\Wap\83c1e8c23d0efff676593c1e07496794.php ç¬¬ 82 è¡Œ.
NOTIC: [8] Undefined index:  token D:\www\qmyx.wuyelaile.com\weiwindata\logs\Cache\Wap\83c1e8c23d0efff676593c1e07496794.php ç¬¬ 85 è¡Œ.
NOTIC: [8] Undefined index:  wecha_id D:\www\qmyx.wuyelaile.com\weiwindata\logs\Cache\Wap\83c1e8c23d0efff676593c1e07496794.php ç¬¬ 85 è¡Œ.
NOTIC: [8] Undefined index:  token D:\www\qmyx.wuyelaile.com\weiwindata\logs\Cache\Wap\83c1e8c23d0efff676593c1e07496794.php ç¬¬ 88 è¡Œ.
NOTIC: [8] Undefined index:  wecha_id D:\www\qmyx.wuyelaile.com\weiwindata\logs\Cache\Wap\83c1e8c23d0efff676593c1e07496794.php ç¬¬ 88 è¡Œ.
NOTIC: [8] Undefined index:  token D:\www\qmyx.wuyelaile.com\weiwindata\logs\Cache\Wap\83c1e8c23d0efff676593c1e07496794.php ç¬¬ 138 è¡Œ.
NOTIC: [8] Undefined index:  wecha_id D:\www\qmyx.wuyelaile.com\weiwindata\logs\Cache\Wap\83c1e8c23d0efff676593c1e07496794.php ç¬¬ 138 è¡Œ.
NOTIC: [8] Undefined index:  wecha_id D:\www\qmyx.wuyelaile.com\weiwindata\logs\Cache\Wap\83c1e8c23d0efff676593c1e07496794.php ç¬¬ 152 è¡Œ.
INFO: Run ParseTemplate Behavior [ RunTime:-0.111925s ]
INFO: [ view_parse ] --END-- [ RunTime:0.046555s ]
INFO: [ view_filter ] --START--
INFO: Run ContentReplace Behavior [ RunTime:-0.158602s ]
INFO: Run TokenBuild Behavior [ RunTime:-0.162468s ]
INFO: Run WriteHtmlCache Behavior [ RunTime:-0.166661s ]
INFO: Run ShowRuntime Behavior [ RunTime:-0.170145s ]
INFO: [ view_filter ] --END-- [ RunTime:0.015317s ]
INFO: [ view_end ] --START--
INFO: Run ShowPageTrace Behavior [ RunTime:-0.174027s ]
INFO: [ view_end ] --END-- [ RunTime:0.003853s ]

[ 2015-06-01T11:14:31+08:00 ] 101.199.108.55 /index.php?g=Wap&m=Agent&a=index&from=timeline&isappinstalled=0
NOTIC: [32] PHP Startup: Unable to load dynamic library 'D:\WebServer\php-5.2.5 (x64)\ext\php_fileinfo.dll' - ÕÒ²»µ½Ö¸¶¨µÄÄ£¿é¡£
 Unknown ç¬¬ 0 è¡Œ.

[ 2015-06-01T12:36:12+08:00 ] 111.37.25.74 /index.php?g=Wap&m=Agent&a=index&token=jeifef1412084627&from=timeline&isappinstalled=0
INFO: [ app_begin ] --START--
INFO: Run ReadHtmlCache Behavior [ RunTime:0.006170s ]
INFO: [ app_begin ] --END-- [ RunTime:0.007339s ]
SQL: SHOW COLUMNS FROM `wy_lpinfo` [ RunTime:0.328135s ]
SQL: SELECT * FROM `wy_lpinfo` WHERE ( `token` = 'jeifef1412084627' ) ORDER BY houseSort desc,id desc LIMIT 0,20   [ RunTime:0.001314s ]
NOTIC: [8] Undefined index:  wecha_id D:\www\qmyx.wuyelaile.com\weiwincms\Lib\Action\Wap\AgentAction.class.php ç¬¬ 29 è¡Œ.
SQL: SHOW COLUMNS FROM `wy_jjr` [ RunTime:0.040332s ]
SQL: SELECT * FROM `wy_jjr` WHERE ( `Wecha_id` = null ) AND ( `Token` = 'jeifef1412084627' ) LIMIT 1   [ RunTime:0.000240s ]
SQL: SHOW COLUMNS FROM `wy_share_content` [ RunTime:0.041096s ]
SQL: SELECT * FROM `wy_share_content` WHERE token='jeifef1412084627' LIMIT 1   [ RunTime:0.000301s ]
NOTIC: [2] Cannot use a scalar value as an array D:\www\qmyx.wuyelaile.com\weiwincms\_Core\Lib\Core\View.class.php ç¬¬ 69 è¡Œ.
INFO: [ view_template ] --START--
INFO: Run LocationTemplate Behavior [ RunTime:-0.733282s ]
INFO: [ view_template ] --END-- [ RunTime:0.020714s ]
INFO: [ view_parse ] --START--
NOTIC: [8] Undefined index:  wecha_id D:\www\qmyx.wuyelaile.com\weiwindata\logs\Cache\Wap\83c1e8c23d0efff676593c1e07496794.php ç¬¬ 68 è¡Œ.
NOTIC: [8] Undefined index:  wecha_id D:\www\qmyx.wuyelaile.com\weiwindata\logs\Cache\Wap\83c1e8c23d0efff676593c1e07496794.php ç¬¬ 73 è¡Œ.
NOTIC: [8] Undefined index:  wecha_id D:\www\qmyx.wuyelaile.com\weiwindata\logs\Cache\Wap\83c1e8c23d0efff676593c1e07496794.php ç¬¬ 76 è¡Œ.
NOTIC: [8] Undefined index:  wecha_id D:\www\qmyx.wuyelaile.com\weiwindata\logs\Cache\Wap\83c1e8c23d0efff676593c1e07496794.php ç¬¬ 79 è¡Œ.
NOTIC: [8] Undefined index:  wecha_id D:\www\qmyx.wuyelaile.com\weiwindata\logs\Cache\Wap\83c1e8c23d0efff676593c1e07496794.php ç¬¬ 82 è¡Œ.
NOTIC: [8] Undefined index:  wecha_id D:\www\qmyx.wuyelaile.com\weiwindata\logs\Cache\Wap\83c1e8c23d0efff676593c1e07496794.php ç¬¬ 85 è¡Œ.
NOTIC: [8] Undefined index:  wecha_id D:\www\qmyx.wuyelaile.com\weiwindata\logs\Cache\Wap\83c1e8c23d0efff676593c1e07496794.php ç¬¬ 88 è¡Œ.
NOTIC: [8] Undefined index:  wecha_id D:\www\qmyx.wuyelaile.com\weiwindata\logs\Cache\Wap\83c1e8c23d0efff676593c1e07496794.php ç¬¬ 97 è¡Œ.
NOTIC: [8] Undefined index:  wecha_id D:\www\qmyx.wuyelaile.com\weiwindata\logs\Cache\Wap\83c1e8c23d0efff676593c1e07496794.php ç¬¬ 97 è¡Œ.
NOTIC: [8] Undefined index:  wecha_id D:\www\qmyx.wuyelaile.com\weiwindata\logs\Cache\Wap\83c1e8c23d0efff676593c1e07496794.php ç¬¬ 97 è¡Œ.
NOTIC: [8] Undefined index:  wecha_id D:\www\qmyx.wuyelaile.com\weiwindata\logs\Cache\Wap\83c1e8c23d0efff676593c1e07496794.php ç¬¬ 97 è¡Œ.
NOTIC: [8] Undefined index:  wecha_id D:\www\qmyx.wuyelaile.com\weiwindata\logs\Cache\Wap\83c1e8c23d0efff676593c1e07496794.php ç¬¬ 97 è¡Œ.
NOTIC: [8] Undefined index:  wecha_id D:\www\qmyx.wuyelaile.com\weiwindata\logs\Cache\Wap\83c1e8c23d0efff676593c1e07496794.php ç¬¬ 97 è¡Œ.
NOTIC: [8] Undefined index:  wecha_id D:\www\qmyx.wuyelaile.com\weiwindata\logs\Cache\Wap\83c1e8c23d0efff676593c1e07496794.php ç¬¬ 97 è¡Œ.
NOTIC: [8] Undefined index:  wecha_id D:\www\qmyx.wuyelaile.com\weiwindata\logs\Cache\Wap\83c1e8c23d0efff676593c1e07496794.php ç¬¬ 97 è¡Œ.
NOTIC: [8] Undefined index:  wecha_id D:\www\qmyx.wuyelaile.com\weiwindata\logs\Cache\Wap\83c1e8c23d0efff676593c1e07496794.php ç¬¬ 97 è¡Œ.
NOTIC: [8] Undefined index:  wecha_id D:\www\qmyx.wuyelaile.com\weiwindata\logs\Cache\Wap\83c1e8c23d0efff676593c1e07496794.php ç¬¬ 97 è¡Œ.
NOTIC: [8] Undefined index:  wecha_id D:\www\qmyx.wuyelaile.com\weiwindata\logs\Cache\Wap\83c1e8c23d0efff676593c1e07496794.php ç¬¬ 138 è¡Œ.
NOTIC: [8] Undefined index:  wecha_id D:\www\qmyx.wuyelaile.com\weiwindata\logs\Cache\Wap\83c1e8c23d0efff676593c1e07496794.php ç¬¬ 152 è¡Œ.
INFO: Run ParseTemplate Behavior [ RunTime:-0.754126s ]
INFO: [ view_parse ] --END-- [ RunTime:0.072217s ]
INFO: [ view_filter ] --START--
INFO: Run ContentReplace Behavior [ RunTime:-0.826418s ]
INFO: Run TokenBuild Behavior [ RunTime:-0.830726s ]
INFO: Run WriteHtmlCache Behavior [ RunTime:-0.835127s ]
INFO: Run ShowRuntime Behavior [ RunTime:-0.838921s ]
INFO: [ view_filter ] --END-- [ RunTime:0.017034s ]
INFO: [ view_end ] --START--
INFO: Run ShowPageTrace Behavior [ RunTime:-0.843683s ]
INFO: [ view_end ] --END-- [ RunTime:0.004395s ]

[ 2015-06-01T12:36:12+08:00 ] 111.37.25.74 /index.php?g=Wap&m=Agent&a=index&token=jeifef1412084627&from=timeline&isappinstalled=0
NOTIC: [32] PHP Startup: Unable to load dynamic library 'D:\WebServer\php-5.2.5 (x64)\ext\php_fileinfo.dll' - ÕÒ²»µ½Ö¸¶¨µÄÄ£¿é¡£
 Unknown ç¬¬ 0 è¡Œ.

[ 2015-06-01T14:04:41+08:00 ] 220.181.132.218 /
INFO: [ app_begin ] --START--
INFO: Run ReadHtmlCache Behavior [ RunTime:0.004156s ]
INFO: [ app_begin ] --END-- [ RunTime:0.004334s ]
SQL: SHOW COLUMNS FROM `wy_links` [ RunTime:0.061419s ]
SQL: SELECT * FROM `wy_links` WHERE ( `status` = 1 )  [ RunTime:0.000283s ]
NOTIC: [2] Cannot use a scalar value as an array D:\www\qmyx.wuyelaile.com\weiwincms\_Core\Lib\Core\View.class.php ç¬¬ 69 è¡Œ.
INFO: [ view_template ] --START--
INFO: Run LocationTemplate Behavior [ RunTime:-0.121639s ]
INFO: [ view_template ] --END-- [ RunTime:0.020620s ]
INFO: [ view_parse ] --START--
INFO: Run ParseTemplate Behavior [ RunTime:-0.142340s ]
INFO: [ view_parse ] --END-- [ RunTime:0.107493s ]
INFO: [ view_filter ] --START--
INFO: Run ContentReplace Behavior [ RunTime:-0.249949s ]
INFO: Run TokenBuild Behavior [ RunTime:-0.256465s ]
INFO: Run WriteHtmlCache Behavior [ RunTime:-0.262003s ]
INFO: Run ShowRuntime Behavior [ RunTime:-0.267967s ]
INFO: [ view_filter ] --END-- [ RunTime:0.023736s ]
INFO: [ view_end ] --START--
INFO: Run ShowPageTrace Behavior [ RunTime:-0.273768s ]
INFO: [ view_end ] --END-- [ RunTime:0.006571s ]

[ 2015-06-01T14:15:44+08:00 ] 220.181.132.200 /
INFO: [ app_begin ] --START--
INFO: Run ReadHtmlCache Behavior [ RunTime:0.002960s ]
INFO: [ app_begin ] --END-- [ RunTime:0.003116s ]
SQL: SHOW COLUMNS FROM `wy_links` [ RunTime:0.009667s ]
SQL: SELECT * FROM `wy_links` WHERE ( `status` = 1 )  [ RunTime:0.000231s ]
NOTIC: [2] Cannot use a scalar value as an array D:\www\qmyx.wuyelaile.com\weiwincms\_Core\Lib\Core\View.class.php ç¬¬ 69 è¡Œ.
INFO: [ view_template ] --START--
INFO: Run LocationTemplate Behavior [ RunTime:-0.051089s ]
INFO: [ view_template ] --END-- [ RunTime:0.006732s ]
INFO: [ view_parse ] --START--
INFO: Run ParseTemplate Behavior [ RunTime:-0.057931s ]
INFO: [ view_parse ] --END-- [ RunTime:0.027767s ]
INFO: [ view_filter ] --START--
INFO: Run ContentReplace Behavior [ RunTime:-0.085749s ]
INFO: Run TokenBuild Behavior [ RunTime:-0.090825s ]
INFO: Run WriteHtmlCache Behavior [ RunTime:-0.095693s ]
INFO: Run ShowRuntime Behavior [ RunTime:-0.100275s ]
INFO: [ view_filter ] --END-- [ RunTime:0.019291s ]
INFO: [ view_end ] --START--
INFO: Run ShowPageTrace Behavior [ RunTime:-0.105140s ]
INFO: [ view_end ] --END-- [ RunTime:0.005284s ]

[ 2015-06-01T20:41:06+08:00 ] 111.37.24.213 /index.php?g=Wap&m=Agent&a=index&token=jeifef1412084627&from=timeline&isappinstalled=0
INFO: [ app_begin ] --START--
INFO: Run ReadHtmlCache Behavior [ RunTime:0.006408s ]
INFO: [ app_begin ] --END-- [ RunTime:0.006659s ]
SQL: SHOW COLUMNS FROM `wy_lpinfo` [ RunTime:0.048635s ]
SQL: SELECT * FROM `wy_lpinfo` WHERE ( `token` = 'jeifef1412084627' ) ORDER BY houseSort desc,id desc LIMIT 0,20   [ RunTime:0.001198s ]
NOTIC: [8] Undefined index:  wecha_id D:\www\qmyx.wuyelaile.com\weiwincms\Lib\Action\Wap\AgentAction.class.php ç¬¬ 29 è¡Œ.
SQL: SHOW COLUMNS FROM `wy_jjr` [ RunTime:0.028374s ]
SQL: SELECT * FROM `wy_jjr` WHERE ( `Wecha_id` = null ) AND ( `Token` = 'jeifef1412084627' ) LIMIT 1   [ RunTime:0.000309s ]
SQL: SHOW COLUMNS FROM `wy_share_content` [ RunTime:0.022147s ]
SQL: SELECT * FROM `wy_share_content` WHERE token='jeifef1412084627' LIMIT 1   [ RunTime:0.000288s ]
NOTIC: [2] Cannot use a scalar value as an array D:\www\qmyx.wuyelaile.com\weiwincms\_Core\Lib\Core\View.class.php ç¬¬ 69 è¡Œ.
INFO: [ view_template ] --START--
INFO: Run LocationTemplate Behavior [ RunTime:-0.237010s ]
INFO: [ view_template ] --END-- [ RunTime:0.045825s ]
INFO: [ view_parse ] --START--
NOTIC: [8] Undefined index:  wecha_id D:\www\qmyx.wuyelaile.com\weiwindata\logs\Cache\Wap\83c1e8c23d0efff676593c1e07496794.php ç¬¬ 68 è¡Œ.
NOTIC: [8] Undefined index:  wecha_id D:\www\qmyx.wuyelaile.com\weiwindata\logs\Cache\Wap\83c1e8c23d0efff676593c1e07496794.php ç¬¬ 73 è¡Œ.
NOTIC: [8] Undefined index:  wecha_id D:\www\qmyx.wuyelaile.com\weiwindata\logs\Cache\Wap\83c1e8c23d0efff676593c1e07496794.php ç¬¬ 76 è¡Œ.
NOTIC: [8] Undefined index:  wecha_id D:\www\qmyx.wuyelaile.com\weiwindata\logs\Cache\Wap\83c1e8c23d0efff676593c1e07496794.php ç¬¬ 79 è¡Œ.
NOTIC: [8] Undefined index:  wecha_id D:\www\qmyx.wuyelaile.com\weiwindata\logs\Cache\Wap\83c1e8c23d0efff676593c1e07496794.php ç¬¬ 82 è¡Œ.
NOTIC: [8] Undefined index:  wecha_id D:\www\qmyx.wuyelaile.com\weiwindata\logs\Cache\Wap\83c1e8c23d0efff676593c1e07496794.php ç¬¬ 85 è¡Œ.
NOTIC: [8] Undefined index:  wecha_id D:\www\qmyx.wuyelaile.com\weiwindata\logs\Cache\Wap\83c1e8c23d0efff676593c1e07496794.php ç¬¬ 88 è¡Œ.
NOTIC: [8] Undefined index:  wecha_id D:\www\qmyx.wuyelaile.com\weiwindata\logs\Cache\Wap\83c1e8c23d0efff676593c1e07496794.php ç¬¬ 97 è¡Œ.
NOTIC: [8] Undefined index:  wecha_id D:\www\qmyx.wuyelaile.com\weiwindata\logs\Cache\Wap\83c1e8c23d0efff676593c1e07496794.php ç¬¬ 97 è¡Œ.
NOTIC: [8] Undefined index:  wecha_id D:\www\qmyx.wuyelaile.com\weiwindata\logs\Cache\Wap\83c1e8c23d0efff676593c1e07496794.php ç¬¬ 97 è¡Œ.
NOTIC: [8] Undefined index:  wecha_id D:\www\qmyx.wuyelaile.com\weiwindata\logs\Cache\Wap\83c1e8c23d0efff676593c1e07496794.php ç¬¬ 97 è¡Œ.
NOTIC: [8] Undefined index:  wecha_id D:\www\qmyx.wuyelaile.com\weiwindata\logs\Cache\Wap\83c1e8c23d0efff676593c1e07496794.php ç¬¬ 97 è¡Œ.
NOTIC: [8] Undefined index:  wecha_id D:\www\qmyx.wuyelaile.com\weiwindata\logs\Cache\Wap\83c1e8c23d0efff676593c1e07496794.php ç¬¬ 97 è¡Œ.
NOTIC: [8] Undefined index:  wecha_id D:\www\qmyx.wuyelaile.com\weiwindata\logs\Cache\Wap\83c1e8c23d0efff676593c1e07496794.php ç¬¬ 97 è¡Œ.
NOTIC: [8] Undefined index:  wecha_id D:\www\qmyx.wuyelaile.com\weiwindata\logs\Cache\Wap\83c1e8c23d0efff676593c1e07496794.php ç¬¬ 97 è¡Œ.
NOTIC: [8] Undefined index:  wecha_id D:\www\qmyx.wuyelaile.com\weiwindata\logs\Cache\Wap\83c1e8c23d0efff676593c1e07496794.php ç¬¬ 97 è¡Œ.
NOTIC: [8] Undefined index:  wecha_id D:\www\qmyx.wuyelaile.com\weiwindata\logs\Cache\Wap\83c1e8c23d0efff676593c1e07496794.php ç¬¬ 97 è¡Œ.
NOTIC: [8] Undefined index:  wecha_id D:\www\qmyx.wuyelaile.com\weiwindata\logs\Cache\Wap\83c1e8c23d0efff676593c1e07496794.php ç¬¬ 138 è¡Œ.
NOTIC: [8] Undefined index:  wecha_id D:\www\qmyx.wuyelaile.com\weiwindata\logs\Cache\Wap\83c1e8c23d0efff676593c1e07496794.php ç¬¬ 152 è¡Œ.
INFO: Run ParseTemplate Behavior [ RunTime:-0.282989s ]
INFO: [ view_parse ] --END-- [ RunTime:0.373793s ]
INFO: [ view_filter ] --START--
INFO: Run ContentReplace Behavior [ RunTime:-0.656975s ]
INFO: Run TokenBuild Behavior [ RunTime:-0.668941s ]
INFO: Run WriteHtmlCache Behavior [ RunTime:-0.676486s ]
INFO: Run ShowRuntime Behavior [ RunTime:-0.684062s ]
INFO: [ view_filter ] --END-- [ RunTime:0.033027s ]
INFO: [ view_end ] --START--
INFO: Run ShowPageTrace Behavior [ RunTime:-0.690093s ]
INFO: [ view_end ] --END-- [ RunTime:0.005740s ]

[ 2015-06-01T20:41:29+08:00 ] 111.37.24.213 /index.php?g=Wap&m=Agent&a=ajaxlp&token=jeifef1412084627&t=0.01764455158263445
INFO: [ app_begin ] --START--
INFO: Run ReadHtmlCache Behavior [ RunTime:0.000741s ]
INFO: [ app_begin ] --END-- [ RunTime:0.001170s ]
SQL: SHOW COLUMNS FROM `wy_lpinfo` [ RunTime:0.009401s ]
SQL: SELECT * FROM `wy_lpinfo` WHERE ( `token` = 'jeifef1412084627' ) ORDER BY id desc LIMIT 20,4   [ RunTime:0.000800s ]

[ 2015-06-01T20:41:34+08:00 ] 111.37.24.213 /index.php?g=Wap&m=Agent&a=index&token=jeifef1412084627&from=timeline&isappinstalled=0
INFO: [ app_begin ] --START--
INFO: Run ReadHtmlCache Behavior [ RunTime:0.000789s ]
INFO: [ app_begin ] --END-- [ RunTime:0.000936s ]
SQL: SHOW COLUMNS FROM `wy_lpinfo` [ RunTime:0.012313s ]
SQL: SELECT * FROM `wy_lpinfo` WHERE ( `token` = 'jeifef1412084627' ) ORDER BY houseSort desc,id desc LIMIT 0,20   [ RunTime:0.001427s ]
NOTIC: [8] Undefined index:  wecha_id D:\www\qmyx.wuyelaile.com\weiwincms\Lib\Action\Wap\AgentAction.class.php ç¬¬ 29 è¡Œ.
SQL: SHOW COLUMNS FROM `wy_jjr` [ RunTime:0.012437s ]
SQL: SELECT * FROM `wy_jjr` WHERE ( `Wecha_id` = null ) AND ( `Token` = 'jeifef1412084627' ) LIMIT 1   [ RunTime:0.000309s ]
SQL: SHOW COLUMNS FROM `wy_share_content` [ RunTime:0.011961s ]
SQL: SELECT * FROM `wy_share_content` WHERE token='jeifef1412084627' LIMIT 1   [ RunTime:0.000331s ]
NOTIC: [2] Cannot use a scalar value as an array D:\www\qmyx.wuyelaile.com\weiwincms\_Core\Lib\Core\View.class.php ç¬¬ 69 è¡Œ.
INFO: [ view_template ] --START--
INFO: Run LocationTemplate Behavior [ RunTime:-0.079242s ]
INFO: [ view_template ] --END-- [ RunTime:0.007419s ]
INFO: [ view_parse ] --START--
NOTIC: [8] Undefined index:  wecha_id D:\www\qmyx.wuyelaile.com\weiwindata\logs\Cache\Wap\83c1e8c23d0efff676593c1e07496794.php ç¬¬ 68 è¡Œ.
NOTIC: [8] Undefined index:  wecha_id D:\www\qmyx.wuyelaile.com\weiwindata\logs\Cache\Wap\83c1e8c23d0efff676593c1e07496794.php ç¬¬ 73 è¡Œ.
NOTIC: [8] Undefined index:  wecha_id D:\www\qmyx.wuyelaile.com\weiwindata\logs\Cache\Wap\83c1e8c23d0efff676593c1e07496794.php ç¬¬ 76 è¡Œ.
NOTIC: [8] Undefined index:  wecha_id D:\www\qmyx.wuyelaile.com\weiwindata\logs\Cache\Wap\83c1e8c23d0efff676593c1e07496794.php ç¬¬ 79 è¡Œ.
NOTIC: [8] Undefined index:  wecha_id D:\www\qmyx.wuyelaile.com\weiwindata\logs\Cache\Wap\83c1e8c23d0efff676593c1e07496794.php ç¬¬ 82 è¡Œ.
NOTIC: [8] Undefined index:  wecha_id D:\www\qmyx.wuyelaile.com\weiwindata\logs\Cache\Wap\83c1e8c23d0efff676593c1e07496794.php ç¬¬ 85 è¡Œ.
NOTIC: [8] Undefined index:  wecha_id D:\www\qmyx.wuyelaile.com\weiwindata\logs\Cache\Wap\83c1e8c23d0efff676593c1e07496794.php ç¬¬ 88 è¡Œ.
NOTIC: [8] Undefined index:  wecha_id D:\www\qmyx.wuyelaile.com\weiwindata\logs\Cache\Wap\83c1e8c23d0efff676593c1e07496794.php ç¬¬ 97 è¡Œ.
NOTIC: [8] Undefined index:  wecha_id D:\www\qmyx.wuyelaile.com\weiwindata\logs\Cache\Wap\83c1e8c23d0efff676593c1e07496794.php ç¬¬ 97 è¡Œ.
NOTIC: [8] Undefined index:  wecha_id D:\www\qmyx.wuyelaile.com\weiwindata\logs\Cache\Wap\83c1e8c23d0efff676593c1e07496794.php ç¬¬ 97 è¡Œ.
NOTIC: [8] Undefined index:  wecha_id D:\www\qmyx.wuyelaile.com\weiwindata\logs\Cache\Wap\83c1e8c23d0efff676593c1e07496794.php ç¬¬ 97 è¡Œ.
NOTIC: [8] Undefined index:  wecha_id D:\www\qmyx.wuyelaile.com\weiwindata\logs\Cache\Wap\83c1e8c23d0efff676593c1e07496794.php ç¬¬ 97 è¡Œ.
NOTIC: [8] Undefined index:  wecha_id D:\www\qmyx.wuyelaile.com\weiwindata\logs\Cache\Wap\83c1e8c23d0efff676593c1e07496794.php ç¬¬ 97 è¡Œ.
NOTIC: [8] Undefined index:  wecha_id D:\www\qmyx.wuyelaile.com\weiwindata\logs\Cache\Wap\83c1e8c23d0efff676593c1e07496794.php ç¬¬ 97 è¡Œ.
NOTIC: [8] Undefined index:  wecha_id D:\www\qmyx.wuyelaile.com\weiwindata\logs\Cache\Wap\83c1e8c23d0efff676593c1e07496794.php ç¬¬ 97 è¡Œ.
NOTIC: [8] Undefined index:  wecha_id D:\www\qmyx.wuyelaile.com\weiwindata\logs\Cache\Wap\83c1e8c23d0efff676593c1e07496794.php ç¬¬ 97 è¡Œ.
NOTIC: [8] Undefined index:  wecha_id D:\www\qmyx.wuyelaile.com\weiwindata\logs\Cache\Wap\83c1e8c23d0efff676593c1e07496794.php ç¬¬ 97 è¡Œ.
NOTIC: [8] Undefined index:  wecha_id D:\www\qmyx.wuyelaile.com\weiwindata\logs\Cache\Wap\83c1e8c23d0efff676593c1e07496794.php ç¬¬ 138 è¡Œ.
NOTIC: [8] Undefined index:  wecha_id D:\www\qmyx.wuyelaile.com\weiwindata\logs\Cache\Wap\83c1e8c23d0efff676593c1e07496794.php ç¬¬ 152 è¡Œ.
INFO: Run ParseTemplate Behavior [ RunTime:-0.086758s ]
INFO: [ view_parse ] --END-- [ RunTime:0.039296s ]
INFO: [ view_filter ] --START--
INFO: Run ContentReplace Behavior [ RunTime:-0.126153s ]
INFO: Run TokenBuild Behavior [ RunTime:-0.131901s ]
INFO: Run WriteHtmlCache Behavior [ RunTime:-0.136569s ]
INFO: Run ShowRuntime Behavior [ RunTime:-0.141292s ]
INFO: [ view_filter ] --END-- [ RunTime:0.019765s ]
INFO: [ view_end ] --START--
INFO: Run ShowPageTrace Behavior [ RunTime:-0.146061s ]
INFO: [ view_end ] --END-- [ RunTime:0.005097s ]

[ 2015-06-01T20:41:35+08:00 ] 101.226.66.179 /index.php?g=Wap&m=Agent&a=index&token=jeifef1412084627&from=timeline&isappinstalled=0
INFO: [ app_begin ] --START--
INFO: Run ReadHtmlCache Behavior [ RunTime:0.000744s ]
INFO: [ app_begin ] --END-- [ RunTime:0.000888s ]
SQL: SHOW COLUMNS FROM `wy_lpinfo` [ RunTime:0.011643s ]
SQL: SELECT * FROM `wy_lpinfo` WHERE ( `token` = 'jeifef1412084627' ) ORDER BY houseSort desc,id desc LIMIT 0,20   [ RunTime:0.001218s ]
NOTIC: [8] Undefined index:  wecha_id D:\www\qmyx.wuyelaile.com\weiwincms\Lib\Action\Wap\AgentAction.class.php ç¬¬ 29 è¡Œ.
SQL: SHOW COLUMNS FROM `wy_jjr` [ RunTime:0.011398s ]
SQL: SELECT * FROM `wy_jjr` WHERE ( `Wecha_id` = null ) AND ( `Token` = 'jeifef1412084627' ) LIMIT 1   [ RunTime:0.000239s ]
SQL: SHOW COLUMNS FROM `wy_share_content` [ RunTime:0.012987s ]
SQL: SELECT * FROM `wy_share_content` WHERE token='jeifef1412084627' LIMIT 1   [ RunTime:0.000250s ]
NOTIC: [2] Cannot use a scalar value as an array D:\www\qmyx.wuyelaile.com\weiwincms\_Core\Lib\Core\View.class.php ç¬¬ 69 è¡Œ.
INFO: [ view_template ] --START--
INFO: Run LocationTemplate Behavior [ RunTime:-0.078591s ]
INFO: [ view_template ] --END-- [ RunTime:0.008568s ]
INFO: [ view_parse ] --START--
NOTIC: [8] Undefined index:  wecha_id D:\www\qmyx.wuyelaile.com\weiwindata\logs\Cache\Wap\83c1e8c23d0efff676593c1e07496794.php ç¬¬ 68 è¡Œ.
NOTIC: [8] Undefined index:  wecha_id D:\www\qmyx.wuyelaile.com\weiwindata\logs\Cache\Wap\83c1e8c23d0efff676593c1e07496794.php ç¬¬ 73 è¡Œ.
NOTIC: [8] Undefined index:  wecha_id D:\www\qmyx.wuyelaile.com\weiwindata\logs\Cache\Wap\83c1e8c23d0efff676593c1e07496794.php ç¬¬ 76 è¡Œ.
NOTIC: [8] Undefined index:  wecha_id D:\www\qmyx.wuyelaile.com\weiwindata\logs\Cache\Wap\83c1e8c23d0efff676593c1e07496794.php ç¬¬ 79 è¡Œ.
NOTIC: [8] Undefined index:  wecha_id D:\www\qmyx.wuyelaile.com\weiwindata\logs\Cache\Wap\83c1e8c23d0efff676593c1e07496794.php ç¬¬ 82 è¡Œ.
NOTIC: [8] Undefined index:  wecha_id D:\www\qmyx.wuyelaile.com\weiwindata\logs\Cache\Wap\83c1e8c23d0efff676593c1e07496794.php ç¬¬ 85 è¡Œ.
NOTIC: [8] Undefined index:  wecha_id D:\www\qmyx.wuyelaile.com\weiwindata\logs\Cache\Wap\83c1e8c23d0efff676593c1e07496794.php ç¬¬ 88 è¡Œ.
NOTIC: [8] Undefined index:  wecha_id D:\www\qmyx.wuyelaile.com\weiwindata\logs\Cache\Wap\83c1e8c23d0efff676593c1e07496794.php ç¬¬ 97 è¡Œ.
NOTIC: [8] Undefined index:  wecha_id D:\www\qmyx.wuyelaile.com\weiwindata\logs\Cache\Wap\83c1e8c23d0efff676593c1e07496794.php ç¬¬ 97 è¡Œ.
NOTIC: [8] Undefined index:  wecha_id D:\www\qmyx.wuyelaile.com\weiwindata\logs\Cache\Wap\83c1e8c23d0efff676593c1e07496794.php ç¬¬ 97 è¡Œ.
NOTIC: [8] Undefined index:  wecha_id D:\www\qmyx.wuyelaile.com\weiwindata\logs\Cache\Wap\83c1e8c23d0efff676593c1e07496794.php ç¬¬ 97 è¡Œ.
NOTIC: [8] Undefined index:  wecha_id D:\www\qmyx.wuyelaile.com\weiwindata\logs\Cache\Wap\83c1e8c23d0efff676593c1e07496794.php ç¬¬ 97 è¡Œ.
NOTIC: [8] Undefined index:  wecha_id D:\www\qmyx.wuyelaile.com\weiwindata\logs\Cache\Wap\83c1e8c23d0efff676593c1e07496794.php ç¬¬ 97 è¡Œ.
NOTIC: [8] Undefined index:  wecha_id D:\www\qmyx.wuyelaile.com\weiwindata\logs\Cache\Wap\83c1e8c23d0efff676593c1e07496794.php ç¬¬ 97 è¡Œ.
NOTIC: [8] Undefined index:  wecha_id D:\www\qmyx.wuyelaile.com\weiwindata\logs\Cache\Wap\83c1e8c23d0efff676593c1e07496794.php ç¬¬ 97 è¡Œ.
NOTIC: [8] Undefined index:  wecha_id D:\www\qmyx.wuyelaile.com\weiwindata\logs\Cache\Wap\83c1e8c23d0efff676593c1e07496794.php ç¬¬ 97 è¡Œ.
NOTIC: [8] Undefined index:  wecha_id D:\www\qmyx.wuyelaile.com\weiwindata\logs\Cache\Wap\83c1e8c23d0efff676593c1e07496794.php ç¬¬ 97 è¡Œ.
NOTIC: [8] Undefined index:  wecha_id D:\www\qmyx.wuyelaile.com\weiwindata\logs\Cache\Wap\83c1e8c23d0efff676593c1e07496794.php ç¬¬ 138 è¡Œ.
NOTIC: [8] Undefined index:  wecha_id D:\www\qmyx.wuyelaile.com\weiwindata\logs\Cache\Wap\83c1e8c23d0efff676593c1e07496794.php ç¬¬ 152 è¡Œ.
INFO: Run ParseTemplate Behavior [ RunTime:-0.087250s ]
INFO: [ view_parse ] --END-- [ RunTime:0.042857s ]
INFO: [ view_filter ] --START--
INFO: Run ContentReplace Behavior [ RunTime:-0.130194s ]
INFO: Run TokenBuild Behavior [ RunTime:-0.135353s ]
INFO: Run WriteHtmlCache Behavior [ RunTime:-0.140027s ]
INFO: Run ShowRuntime Behavior [ RunTime:-0.144699s ]
INFO: [ view_filter ] --END-- [ RunTime:0.019307s ]
INFO: [ view_end ] --START--
INFO: Run ShowPageTrace Behavior [ RunTime:-0.149634s ]
INFO: [ view_end ] --END-- [ RunTime:0.005050s ]

