[ 2015-04-24T00:10:30+08:00 ] 180.153.206.13 /index.php?g=Wap&m=Agent&a=index&token=jeifef1412084627&from=timeline&isappinstalled=0
INFO: [ app_begin ] --START--
INFO: Run ReadHtmlCache Behavior [ RunTime:0.002936s ]
INFO: [ app_begin ] --END-- [ RunTime:0.003125s ]
SQL: SHOW COLUMNS FROM `wy_lpinfo` [ RunTime:0.010373s ]
SQL: SELECT * FROM `wy_lpinfo` WHERE ( `token` = 'jeifef1412084627' ) ORDER BY houseSort desc,id desc LIMIT 0,20   [ RunTime:0.001497s ]
NOTIC: [8] Undefined index:  wecha_id D:\www\qmyx.wuyelaile.com\weiwincms\Lib\Action\Wap\AgentAction.class.php Á¨¨ 29 Ë°å.
SQL: SHOW COLUMNS FROM `wy_jjr` [ RunTime:0.009645s ]
SQL: SELECT * FROM `wy_jjr` WHERE ( `Wecha_id` = null ) AND ( `Token` = 'jeifef1412084627' ) LIMIT 1   [ RunTime:0.000237s ]
SQL: SHOW COLUMNS FROM `wy_share_content` [ RunTime:0.010791s ]
SQL: SELECT * FROM `wy_share_content` WHERE token='jeifef1412084627' LIMIT 1   [ RunTime:0.000314s ]
NOTIC: [2] Cannot use a scalar value as an array D:\www\qmyx.wuyelaile.com\weiwincms\_Core\Lib\Core\View.class.php Á¨¨ 69 Ë°å.
INFO: [ view_template ] --START--
INFO: Run LocationTemplate Behavior [ RunTime:-0.077866s ]
INFO: [ view_template ] --END-- [ RunTime:0.005438s ]
INFO: [ view_parse ] --START--
NOTIC: [8] Undefined index:  wecha_id D:\www\qmyx.wuyelaile.com\weiwindata\logs\Cache\Wap\83c1e8c23d0efff676593c1e07496794.php Á¨¨ 68 Ë°å.
NOTIC: [8] Undefined index:  wecha_id D:\www\qmyx.wuyelaile.com\weiwindata\logs\Cache\Wap\83c1e8c23d0efff676593c1e07496794.php Á¨¨ 73 Ë°å.
NOTIC: [8] Undefined index:  wecha_id D:\www\qmyx.wuyelaile.com\weiwindata\logs\Cache\Wap\83c1e8c23d0efff676593c1e07496794.php Á¨¨ 76 Ë°å.
NOTIC: [8] Undefined index:  wecha_id D:\www\qmyx.wuyelaile.com\weiwindata\logs\Cache\Wap\83c1e8c23d0efff676593c1e07496794.php Á¨¨ 79 Ë°å.
NOTIC: [8] Undefined index:  wecha_id D:\www\qmyx.wuyelaile.com\weiwindata\logs\Cache\Wap\83c1e8c23d0efff676593c1e07496794.php Á¨¨ 82 Ë°å.
NOTIC: [8] Undefined index:  wecha_id D:\www\qmyx.wuyelaile.com\weiwindata\logs\Cache\Wap\83c1e8c23d0efff676593c1e07496794.php Á¨¨ 85 Ë°å.
NOTIC: [8] Undefined index:  wecha_id D:\www\qmyx.wuyelaile.com\weiwindata\logs\Cache\Wap\83c1e8c23d0efff676593c1e07496794.php Á¨¨ 88 Ë°å.
NOTIC: [8] Undefined index:  wecha_id D:\www\qmyx.wuyelaile.com\weiwindata\logs\Cache\Wap\83c1e8c23d0efff676593c1e07496794.php Á¨¨ 97 Ë°å.
NOTIC: [8] Undefined index:  wecha_id D:\www\qmyx.wuyelaile.com\weiwindata\logs\Cache\Wap\83c1e8c23d0efff676593c1e07496794.php Á¨¨ 97 Ë°å.
NOTIC: [8] Undefined index:  wecha_id D:\www\qmyx.wuyelaile.com\weiwindata\logs\Cache\Wap\83c1e8c23d0efff676593c1e07496794.php Á¨¨ 97 Ë°å.
NOTIC: [8] Undefined index:  wecha_id D:\www\qmyx.wuyelaile.com\weiwindata\logs\Cache\Wap\83c1e8c23d0efff676593c1e07496794.php Á¨¨ 97 Ë°å.
NOTIC: [8] Undefined index:  wecha_id D:\www\qmyx.wuyelaile.com\weiwindata\logs\Cache\Wap\83c1e8c23d0efff676593c1e07496794.php Á¨¨ 97 Ë°å.
NOTIC: [8] Undefined index:  wecha_id D:\www\qmyx.wuyelaile.com\weiwindata\logs\Cache\Wap\83c1e8c23d0efff676593c1e07496794.php Á¨¨ 97 Ë°å.
NOTIC: [8] Undefined index:  wecha_id D:\www\qmyx.wuyelaile.com\weiwindata\logs\Cache\Wap\83c1e8c23d0efff676593c1e07496794.php Á¨¨ 97 Ë°å.
NOTIC: [8] Undefined index:  wecha_id D:\www\qmyx.wuyelaile.com\weiwindata\logs\Cache\Wap\83c1e8c23d0efff676593c1e07496794.php Á¨¨ 97 Ë°å.
NOTIC: [8] Undefined index:  wecha_id D:\www\qmyx.wuyelaile.com\weiwindata\logs\Cache\Wap\83c1e8c23d0efff676593c1e07496794.php Á¨¨ 97 Ë°å.
NOTIC: [8] Undefined index:  wecha_id D:\www\qmyx.wuyelaile.com\weiwindata\logs\Cache\Wap\83c1e8c23d0efff676593c1e07496794.php Á¨¨ 97 Ë°å.
NOTIC: [8] Undefined index:  wecha_id D:\www\qmyx.wuyelaile.com\weiwindata\logs\Cache\Wap\83c1e8c23d0efff676593c1e07496794.php Á¨¨ 138 Ë°å.
NOTIC: [8] Undefined index:  wecha_id D:\www\qmyx.wuyelaile.com\weiwindata\logs\Cache\Wap\83c1e8c23d0efff676593c1e07496794.php Á¨¨ 152 Ë°å.
INFO: Run ParseTemplate Behavior [ RunTime:-0.083535s ]
INFO: [ view_parse ] --END-- [ RunTime:0.045840s ]
INFO: [ view_filter ] --START--
INFO: Run ContentReplace Behavior [ RunTime:-0.129455s ]
INFO: Run TokenBuild Behavior [ RunTime:-0.132490s ]
INFO: Run WriteHtmlCache Behavior [ RunTime:-0.136154s ]
INFO: Run ShowRuntime Behavior [ RunTime:-0.138757s ]
INFO: [ view_filter ] --END-- [ RunTime:0.012725s ]
INFO: [ view_end ] --START--
INFO: Run ShowPageTrace Behavior [ RunTime:-0.142314s ]
INFO: [ view_end ] --END-- [ RunTime:0.002950s ]

[ 2015-04-24T00:10:30+08:00 ] 180.153.206.13 /index.php?g=Wap&m=Agent&a=index&token=jeifef1412084627&from=timeline&isappinstalled=0
NOTIC: [32] PHP Startup: Unable to load dynamic library 'D:\WebServer\php-5.2.5 (x64)\ext\php_fileinfo.dll' - ’“≤ªµΩ÷∏∂®µƒƒ£øÈ°£
 Unknown Á¨¨ 0 Ë°å.

[ 2015-04-24T00:10:32+08:00 ] 117.136.71.206 /index.php?g=Wap&m=Agent&a=index&token=jeifef1412084627&from=timeline&isappinstalled=0
INFO: [ app_begin ] --START--
INFO: Run ReadHtmlCache Behavior [ RunTime:0.000815s ]
INFO: [ app_begin ] --END-- [ RunTime:0.000953s ]
SQL: SHOW COLUMNS FROM `wy_lpinfo` [ RunTime:0.011264s ]
SQL: SELECT * FROM `wy_lpinfo` WHERE ( `token` = 'jeifef1412084627' ) ORDER BY houseSort desc,id desc LIMIT 0,20   [ RunTime:0.001189s ]
NOTIC: [8] Undefined index:  wecha_id D:\www\qmyx.wuyelaile.com\weiwincms\Lib\Action\Wap\AgentAction.class.php Á¨¨ 29 Ë°å.
SQL: SHOW COLUMNS FROM `wy_jjr` [ RunTime:0.009632s ]
SQL: SELECT * FROM `wy_jjr` WHERE ( `Wecha_id` = null ) AND ( `Token` = 'jeifef1412084627' ) LIMIT 1   [ RunTime:0.000224s ]
SQL: SHOW COLUMNS FROM `wy_share_content` [ RunTime:0.009713s ]
SQL: SELECT * FROM `wy_share_content` WHERE token='jeifef1412084627' LIMIT 1   [ RunTime:0.000221s ]
NOTIC: [2] Cannot use a scalar value as an array D:\www\qmyx.wuyelaile.com\weiwincms\_Core\Lib\Core\View.class.php Á¨¨ 69 Ë°å.
INFO: [ view_template ] --START--
INFO: Run LocationTemplate Behavior [ RunTime:-0.058592s ]
INFO: [ view_template ] --END-- [ RunTime:0.000742s ]
INFO: [ view_parse ] --START--
NOTIC: [8] Undefined index:  wecha_id D:\www\qmyx.wuyelaile.com\weiwindata\logs\Cache\Wap\83c1e8c23d0efff676593c1e07496794.php Á¨¨ 68 Ë°å.
NOTIC: [8] Undefined index:  wecha_id D:\www\qmyx.wuyelaile.com\weiwindata\logs\Cache\Wap\83c1e8c23d0efff676593c1e07496794.php Á¨¨ 73 Ë°å.
NOTIC: [8] Undefined index:  wecha_id D:\www\qmyx.wuyelaile.com\weiwindata\logs\Cache\Wap\83c1e8c23d0efff676593c1e07496794.php Á¨¨ 76 Ë°å.
NOTIC: [8] Undefined index:  wecha_id D:\www\qmyx.wuyelaile.com\weiwindata\logs\Cache\Wap\83c1e8c23d0efff676593c1e07496794.php Á¨¨ 79 Ë°å.
NOTIC: [8] Undefined index:  wecha_id D:\www\qmyx.wuyelaile.com\weiwindata\logs\Cache\Wap\83c1e8c23d0efff676593c1e07496794.php Á¨¨ 82 Ë°å.
NOTIC: [8] Undefined index:  wecha_id D:\www\qmyx.wuyelaile.com\weiwindata\logs\Cache\Wap\83c1e8c23d0efff676593c1e07496794.php Á¨¨ 85 Ë°å.
NOTIC: [8] Undefined index:  wecha_id D:\www\qmyx.wuyelaile.com\weiwindata\logs\Cache\Wap\83c1e8c23d0efff676593c1e07496794.php Á¨¨ 88 Ë°å.
NOTIC: [8] Undefined index:  wecha_id D:\www\qmyx.wuyelaile.com\weiwindata\logs\Cache\Wap\83c1e8c23d0efff676593c1e07496794.php Á¨¨ 97 Ë°å.
NOTIC: [8] Undefined index:  wecha_id D:\www\qmyx.wuyelaile.com\weiwindata\logs\Cache\Wap\83c1e8c23d0efff676593c1e07496794.php Á¨¨ 97 Ë°å.
NOTIC: [8] Undefined index:  wecha_id D:\www\qmyx.wuyelaile.com\weiwindata\logs\Cache\Wap\83c1e8c23d0efff676593c1e07496794.php Á¨¨ 97 Ë°å.
NOTIC: [8] Undefined index:  wecha_id D:\www\qmyx.wuyelaile.com\weiwindata\logs\Cache\Wap\83c1e8c23d0efff676593c1e07496794.php Á¨¨ 97 Ë°å.
NOTIC: [8] Undefined index:  wecha_id D:\www\qmyx.wuyelaile.com\weiwindata\logs\Cache\Wap\83c1e8c23d0efff676593c1e07496794.php Á¨¨ 97 Ë°å.
NOTIC: [8] Undefined index:  wecha_id D:\www\qmyx.wuyelaile.com\weiwindata\logs\Cache\Wap\83c1e8c23d0efff676593c1e07496794.php Á¨¨ 97 Ë°å.
NOTIC: [8] Undefined index:  wecha_id D:\www\qmyx.wuyelaile.com\weiwindata\logs\Cache\Wap\83c1e8c23d0efff676593c1e07496794.php Á¨¨ 97 Ë°å.
NOTIC: [8] Undefined index:  wecha_id D:\www\qmyx.wuyelaile.com\weiwindata\logs\Cache\Wap\83c1e8c23d0efff676593c1e07496794.php Á¨¨ 97 Ë°å.
NOTIC: [8] Undefined index:  wecha_id D:\www\qmyx.wuyelaile.com\weiwindata\logs\Cache\Wap\83c1e8c23d0efff676593c1e07496794.php Á¨¨ 97 Ë°å.
NOTIC: [8] Undefined index:  wecha_id D:\www\qmyx.wuyelaile.com\weiwindata\logs\Cache\Wap\83c1e8c23d0efff676593c1e07496794.php Á¨¨ 97 Ë°å.
NOTIC: [8] Undefined index:  wecha_id D:\www\qmyx.wuyelaile.com\weiwindata\logs\Cache\Wap\83c1e8c23d0efff676593c1e07496794.php Á¨¨ 138 Ë°å.
NOTIC: [8] Undefined index:  wecha_id D:\www\qmyx.wuyelaile.com\weiwindata\logs\Cache\Wap\83c1e8c23d0efff676593c1e07496794.php Á¨¨ 152 Ë°å.
INFO: Run ParseTemplate Behavior [ RunTime:-0.059417s ]
INFO: [ view_parse ] --END-- [ RunTime:0.016813s ]
INFO: [ view_filter ] --START--
INFO: Run ContentReplace Behavior [ RunTime:-0.076297s ]
INFO: Run TokenBuild Behavior [ RunTime:-0.077013s ]
INFO: Run WriteHtmlCache Behavior [ RunTime:-0.077813s ]
INFO: Run ShowRuntime Behavior [ RunTime:-0.078273s ]
INFO: [ view_filter ] --END-- [ RunTime:0.002726s ]
INFO: [ view_end ] --START--
INFO: Run ShowPageTrace Behavior [ RunTime:-0.079130s ]
INFO: [ view_end ] --END-- [ RunTime:0.000850s ]

[ 2015-04-24T00:33:39+08:00 ] 111.37.7.68 /index.php?&g=Wap&m=Agent&a=loupanInfo&state=25&wecha_id=oI5B3uG4lQD8sHReX8F-bEtjryb4&token=jeifef1412084627
INFO: [ app_begin ] --START--
INFO: Run ReadHtmlCache Behavior [ RunTime:0.003127s ]
INFO: [ app_begin ] --END-- [ RunTime:0.003410s ]
NOTIC: [8] Undefined index:  code D:\www\qmyx.wuyelaile.com\weiwincms\Lib\Action\Wap\AgentAction.class.php Á¨¨ 186 Ë°å.
SQL: SHOW COLUMNS FROM `wy_xmfx` [ RunTime:0.012438s ]
SQL: SELECT * FROM `wy_xmfx` WHERE ( `id` = 25 ) LIMIT 1   [ RunTime:0.000680s ]
NOTIC: [8] Undefined index:  openid D:\www\qmyx.wuyelaile.com\weiwincms\Lib\Action\Wap\AgentAction.class.php Á¨¨ 197 Ë°å.
SQL: SHOW COLUMNS FROM `wy_xmfx_list` [ RunTime:0.012319s ]
SQL: SELECT * FROM `wy_xmfx_list` WHERE ( `wecha_id` = null ) AND ( `token` = null ) AND ( `uid` = 0 ) AND ( `mwecha_id` = null ) LIMIT 1   [ RunTime:0.006582s ]
SQL: SHOW COLUMNS FROM `wy_lpinfo` [ RunTime:0.014783s ]
SQL: UPDATE `wy_lpinfo` SET `video`=video+1 WHERE ( `id` = 0 ) [ RunTime:0.000374s ]
SQL: INSERT INTO `wy_xmfx_list` (`token`,`uid`,`mwecha_id`,`wecha_id`) VALUES ('','0','','') [ RunTime:0.032099s ]
SQL: SHOW COLUMNS FROM `wy_xmfx` [ RunTime:0.009997s ]
SQL: UPDATE `wy_xmfx` SET `views`=views+1 WHERE ( `id` = 25 ) [ RunTime:0.000607s ]
SQL: SELECT `longitude`,`latitude` FROM `wy_lpinfo` WHERE ( `id` = 0 ) LIMIT 1   [ RunTime:0.000317s ]
SQL: SHOW COLUMNS FROM `wy_product_setting` [ RunTime:0.025426s ]
SQL: SELECT * FROM `wy_product_setting` WHERE ( `token` = null ) LIMIT 1   [ RunTime:0.000394s ]
NOTIC: [2] Division by zero D:\www\qmyx.wuyelaile.com\weiwincms\Lib\Action\Wap\AgentAction.class.php Á¨¨ 237 Ë°å.
SQL: SHOW COLUMNS FROM `wy_jjr` [ RunTime:0.010357s ]
SQL: UPDATE `wy_jjr` SET `credit`=credit+0 WHERE ( `ID` = null ) [ RunTime:0.000502s ]
SQL: UPDATE `wy_xmfx` SET `hascredit`=hascredit+0 WHERE ( `id` = 25 ) [ RunTime:0.000269s ]
SQL: SELECT * FROM `wy_lpinfo` WHERE ( `id` = null ) LIMIT 1   [ RunTime:0.000379s ]
SQL: SHOW COLUMNS FROM `wy_jjr` [ RunTime:0.008865s ]
SQL: SELECT * FROM `wy_jjr` WHERE ( `ID` = null ) LIMIT 1   [ RunTime:0.000374s ]
NOTIC: [2] Cannot use a scalar value as an array D:\www\qmyx.wuyelaile.com\weiwincms\_Core\Lib\Core\View.class.php Á¨¨ 69 Ë°å.
INFO: [ view_template ] --START--
INFO: Run LocationTemplate Behavior [ RunTime:-3.151968s ]
INFO: [ view_template ] --END-- [ RunTime:0.004768s ]
INFO: [ view_parse ] --START--
INFO: Run ParseTemplate Behavior [ RunTime:-3.156824s ]
INFO: [ view_parse ] --END-- [ RunTime:0.035989s ]
INFO: [ view_filter ] --START--
INFO: Run ContentReplace Behavior [ RunTime:-3.192904s ]
INFO: Run TokenBuild Behavior [ RunTime:-3.195696s ]
INFO: Run WriteHtmlCache Behavior [ RunTime:-3.198546s ]
INFO: Run ShowRuntime Behavior [ RunTime:-3.201089s ]
INFO: [ view_filter ] --END-- [ RunTime:0.011006s ]
INFO: [ view_end ] --START--
INFO: Run ShowPageTrace Behavior [ RunTime:-3.204012s ]
INFO: [ view_end ] --END-- [ RunTime:0.002955s ]
NOTIC: [32] PHP Startup: Unable to load dynamic library 'D:\WebServer\php-5.2.5 (x64)\ext\php_fileinfo.dll' - ’“≤ªµΩ÷∏∂®µƒƒ£øÈ°£
 Unknown Á¨¨ 0 Ë°å.

[ 2015-04-24T00:33:40+08:00 ] 180.153.206.18 /index.php?&g=Wap&m=Agent&a=loupanInfo&state=25&wecha_id=oI5B3uG4lQD8sHReX8F-bEtjryb4&token=jeifef1412084627
INFO: [ app_begin ] --START--
INFO: Run ReadHtmlCache Behavior [ RunTime:0.002924s ]
INFO: [ app_begin ] --END-- [ RunTime:0.003110s ]
NOTIC: [8] Undefined index:  code D:\www\qmyx.wuyelaile.com\weiwincms\Lib\Action\Wap\AgentAction.class.php Á¨¨ 186 Ë°å.
SQL: SHOW COLUMNS FROM `wy_xmfx` [ RunTime:0.010310s ]
SQL: SELECT * FROM `wy_xmfx` WHERE ( `id` = 25 ) LIMIT 1   [ RunTime:0.000273s ]
NOTIC: [8] Undefined index:  openid D:\www\qmyx.wuyelaile.com\weiwincms\Lib\Action\Wap\AgentAction.class.php Á¨¨ 197 Ë°å.
SQL: SHOW COLUMNS FROM `wy_xmfx_list` [ RunTime:0.010541s ]
SQL: SELECT * FROM `wy_xmfx_list` WHERE ( `wecha_id` = null ) AND ( `token` = null ) AND ( `uid` = 0 ) AND ( `mwecha_id` = null ) LIMIT 1   [ RunTime:0.006264s ]
SQL: SHOW COLUMNS FROM `wy_lpinfo` [ RunTime:0.010427s ]
SQL: UPDATE `wy_lpinfo` SET `video`=video+1 WHERE ( `id` = 0 ) [ RunTime:0.000598s ]
SQL: INSERT INTO `wy_xmfx_list` (`token`,`uid`,`mwecha_id`,`wecha_id`) VALUES ('','0','','') [ RunTime:0.012615s ]
SQL: SHOW COLUMNS FROM `wy_xmfx` [ RunTime:0.008839s ]
SQL: UPDATE `wy_xmfx` SET `views`=views+1 WHERE ( `id` = 25 ) [ RunTime:0.000345s ]
SQL: SELECT `longitude`,`latitude` FROM `wy_lpinfo` WHERE ( `id` = 0 ) LIMIT 1   [ RunTime:0.000196s ]
SQL: SHOW COLUMNS FROM `wy_product_setting` [ RunTime:0.008583s ]
SQL: SELECT * FROM `wy_product_setting` WHERE ( `token` = null ) LIMIT 1   [ RunTime:0.000234s ]
NOTIC: [2] Division by zero D:\www\qmyx.wuyelaile.com\weiwincms\Lib\Action\Wap\AgentAction.class.php Á¨¨ 237 Ë°å.
SQL: SHOW COLUMNS FROM `wy_jjr` [ RunTime:0.008855s ]
SQL: UPDATE `wy_jjr` SET `credit`=credit+0 WHERE ( `ID` = null ) [ RunTime:0.000285s ]
SQL: UPDATE `wy_xmfx` SET `hascredit`=hascredit+0 WHERE ( `id` = 25 ) [ RunTime:0.000295s ]
SQL: SELECT * FROM `wy_lpinfo` WHERE ( `id` = null ) LIMIT 1   [ RunTime:0.000212s ]
SQL: SHOW COLUMNS FROM `wy_jjr` [ RunTime:0.009726s ]
SQL: SELECT * FROM `wy_jjr` WHERE ( `ID` = null ) LIMIT 1   [ RunTime:0.000221s ]
NOTIC: [2] Cannot use a scalar value as an array D:\www\qmyx.wuyelaile.com\weiwincms\_Core\Lib\Core\View.class.php Á¨¨ 69 Ë°å.
INFO: [ view_template ] --START--
INFO: Run LocationTemplate Behavior [ RunTime:-3.899028s ]
INFO: [ view_template ] --END-- [ RunTime:0.004692s ]
INFO: [ view_parse ] --START--
INFO: Run ParseTemplate Behavior [ RunTime:-3.903804s ]
INFO: [ view_parse ] --END-- [ RunTime:0.031863s ]
INFO: [ view_filter ] --START--
INFO: Run ContentReplace Behavior [ RunTime:-3.935744s ]
INFO: Run TokenBuild Behavior [ RunTime:-3.938672s ]
INFO: Run WriteHtmlCache Behavior [ RunTime:-3.941919s ]
INFO: Run ShowRuntime Behavior [ RunTime:-3.944353s ]
INFO: [ view_filter ] --END-- [ RunTime:0.011300s ]
INFO: [ view_end ] --START--
INFO: Run ShowPageTrace Behavior [ RunTime:-3.947140s ]
INFO: [ view_end ] --END-- [ RunTime:0.002831s ]
NOTIC: [32] PHP Startup: Unable to load dynamic library 'D:\WebServer\php-5.2.5 (x64)\ext\php_fileinfo.dll' - ’“≤ªµΩ÷∏∂®µƒƒ£øÈ°£
 Unknown Á¨¨ 0 Ë°å.

[ 2015-04-24T00:34:00+08:00 ] 111.37.7.68 /index.php?&g=Wap&m=Agent&a=loupanInfo&state=25&wecha_id=oI5B3uG4lQD8sHReX8F-bEtjryb4&token=jeifef1412084627
INFO: [ app_begin ] --START--
INFO: Run ReadHtmlCache Behavior [ RunTime:0.000833s ]
INFO: [ app_begin ] --END-- [ RunTime:0.000995s ]
NOTIC: [8] Undefined index:  code D:\www\qmyx.wuyelaile.com\weiwincms\Lib\Action\Wap\AgentAction.class.php Á¨¨ 186 Ë°å.
SQL: SHOW COLUMNS FROM `wy_xmfx` [ RunTime:0.010810s ]
SQL: SELECT * FROM `wy_xmfx` WHERE ( `id` = 25 ) LIMIT 1   [ RunTime:0.000304s ]
NOTIC: [8] Undefined index:  openid D:\www\qmyx.wuyelaile.com\weiwincms\Lib\Action\Wap\AgentAction.class.php Á¨¨ 197 Ë°å.
SQL: SHOW COLUMNS FROM `wy_xmfx_list` [ RunTime:0.008926s ]
SQL: SELECT * FROM `wy_xmfx_list` WHERE ( `wecha_id` = null ) AND ( `token` = null ) AND ( `uid` = 0 ) AND ( `mwecha_id` = null ) LIMIT 1   [ RunTime:0.006239s ]
SQL: SHOW COLUMNS FROM `wy_lpinfo` [ RunTime:0.009236s ]
SQL: UPDATE `wy_lpinfo` SET `video`=video+1 WHERE ( `id` = 0 ) [ RunTime:0.000365s ]
SQL: INSERT INTO `wy_xmfx_list` (`token`,`uid`,`mwecha_id`,`wecha_id`) VALUES ('','0','','') [ RunTime:0.007744s ]
SQL: SHOW COLUMNS FROM `wy_xmfx` [ RunTime:0.010400s ]
SQL: UPDATE `wy_xmfx` SET `views`=views+1 WHERE ( `id` = 25 ) [ RunTime:0.000351s ]
SQL: SELECT `longitude`,`latitude` FROM `wy_lpinfo` WHERE ( `id` = 0 ) LIMIT 1   [ RunTime:0.000299s ]
SQL: SHOW COLUMNS FROM `wy_product_setting` [ RunTime:0.009849s ]
SQL: SELECT * FROM `wy_product_setting` WHERE ( `token` = null ) LIMIT 1   [ RunTime:0.000289s ]
NOTIC: [2] Division by zero D:\www\qmyx.wuyelaile.com\weiwincms\Lib\Action\Wap\AgentAction.class.php Á¨¨ 237 Ë°å.
SQL: SHOW COLUMNS FROM `wy_jjr` [ RunTime:0.009247s ]
SQL: UPDATE `wy_jjr` SET `credit`=credit+0 WHERE ( `ID` = null ) [ RunTime:0.000286s ]
SQL: UPDATE `wy_xmfx` SET `hascredit`=hascredit+0 WHERE ( `id` = 25 ) [ RunTime:0.000312s ]
SQL: SELECT * FROM `wy_lpinfo` WHERE ( `id` = null ) LIMIT 1   [ RunTime:0.000258s ]
SQL: SHOW COLUMNS FROM `wy_jjr` [ RunTime:0.009578s ]
SQL: SELECT * FROM `wy_jjr` WHERE ( `ID` = null ) LIMIT 1   [ RunTime:0.000252s ]
NOTIC: [2] Cannot use a scalar value as an array D:\www\qmyx.wuyelaile.com\weiwincms\_Core\Lib\Core\View.class.php Á¨¨ 69 Ë°å.
INFO: [ view_template ] --START--
INFO: Run LocationTemplate Behavior [ RunTime:-0.278767s ]
INFO: [ view_template ] --END-- [ RunTime:0.000778s ]
INFO: [ view_parse ] --START--
INFO: Run ParseTemplate Behavior [ RunTime:-0.279626s ]
INFO: [ view_parse ] --END-- [ RunTime:0.013735s ]
INFO: [ view_filter ] --START--
INFO: Run ContentReplace Behavior [ RunTime:-0.293447s ]
INFO: Run TokenBuild Behavior [ RunTime:-0.294120s ]
INFO: Run WriteHtmlCache Behavior [ RunTime:-0.294781s ]
INFO: Run ShowRuntime Behavior [ RunTime:-0.295252s ]
INFO: [ view_filter ] --END-- [ RunTime:0.002604s ]
INFO: [ view_end ] --START--
INFO: Run ShowPageTrace Behavior [ RunTime:-0.296174s ]
INFO: [ view_end ] --END-- [ RunTime:0.000921s ]

[ 2015-04-24T00:34:10+08:00 ] 111.37.7.68 /index.php?&g=Wap&m=Agent&a=loupanInfo&state=25&wecha_id=oI5B3uG4lQD8sHReX8F-bEtjryb4&token=jeifef1412084627
INFO: [ app_begin ] --START--
INFO: Run ReadHtmlCache Behavior [ RunTime:0.000720s ]
INFO: [ app_begin ] --END-- [ RunTime:0.000865s ]
NOTIC: [8] Undefined index:  code D:\www\qmyx.wuyelaile.com\weiwincms\Lib\Action\Wap\AgentAction.class.php Á¨¨ 186 Ë°å.
SQL: SHOW COLUMNS FROM `wy_xmfx` [ RunTime:0.009627s ]
SQL: SELECT * FROM `wy_xmfx` WHERE ( `id` = 25 ) LIMIT 1   [ RunTime:0.000287s ]
NOTIC: [8] Undefined index:  openid D:\www\qmyx.wuyelaile.com\weiwincms\Lib\Action\Wap\AgentAction.class.php Á¨¨ 197 Ë°å.
SQL: SHOW COLUMNS FROM `wy_xmfx_list` [ RunTime:0.009803s ]
SQL: SELECT * FROM `wy_xmfx_list` WHERE ( `wecha_id` = null ) AND ( `token` = null ) AND ( `uid` = 0 ) AND ( `mwecha_id` = null ) LIMIT 1   [ RunTime:0.006373s ]
SQL: SHOW COLUMNS FROM `wy_lpinfo` [ RunTime:0.009833s ]
SQL: UPDATE `wy_lpinfo` SET `video`=video+1 WHERE ( `id` = 0 ) [ RunTime:0.000386s ]
SQL: INSERT INTO `wy_xmfx_list` (`token`,`uid`,`mwecha_id`,`wecha_id`) VALUES ('','0','','') [ RunTime:0.027632s ]
SQL: SHOW COLUMNS FROM `wy_xmfx` [ RunTime:0.008566s ]
SQL: UPDATE `wy_xmfx` SET `views`=views+1 WHERE ( `id` = 25 ) [ RunTime:0.000300s ]
SQL: SELECT `longitude`,`latitude` FROM `wy_lpinfo` WHERE ( `id` = 0 ) LIMIT 1   [ RunTime:0.000191s ]
SQL: SHOW COLUMNS FROM `wy_product_setting` [ RunTime:0.009645s ]
SQL: SELECT * FROM `wy_product_setting` WHERE ( `token` = null ) LIMIT 1   [ RunTime:0.000221s ]
NOTIC: [2] Division by zero D:\www\qmyx.wuyelaile.com\weiwincms\Lib\Action\Wap\AgentAction.class.php Á¨¨ 237 Ë°å.
SQL: SHOW COLUMNS FROM `wy_jjr` [ RunTime:0.011547s ]
SQL: UPDATE `wy_jjr` SET `credit`=credit+0 WHERE ( `ID` = null ) [ RunTime:0.000400s ]
SQL: UPDATE `wy_xmfx` SET `hascredit`=hascredit+0 WHERE ( `id` = 25 ) [ RunTime:0.000326s ]
SQL: SELECT * FROM `wy_lpinfo` WHERE ( `id` = null ) LIMIT 1   [ RunTime:0.000315s ]
SQL: SHOW COLUMNS FROM `wy_jjr` [ RunTime:0.012967s ]
SQL: SELECT * FROM `wy_jjr` WHERE ( `ID` = null ) LIMIT 1   [ RunTime:0.000348s ]
NOTIC: [2] Cannot use a scalar value as an array D:\www\qmyx.wuyelaile.com\weiwincms\_Core\Lib\Core\View.class.php Á¨¨ 69 Ë°å.
INFO: [ view_template ] --START--
INFO: Run LocationTemplate Behavior [ RunTime:-0.300029s ]
INFO: [ view_template ] --END-- [ RunTime:0.000787s ]
INFO: [ view_parse ] --START--
INFO: Run ParseTemplate Behavior [ RunTime:-0.300898s ]
INFO: [ view_parse ] --END-- [ RunTime:0.012965s ]
INFO: [ view_filter ] --START--
INFO: Run ContentReplace Behavior [ RunTime:-0.313932s ]
INFO: Run TokenBuild Behavior [ RunTime:-0.314632s ]
INFO: Run WriteHtmlCache Behavior [ RunTime:-0.315340s ]
INFO: Run ShowRuntime Behavior [ RunTime:-0.315841s ]
INFO: [ view_filter ] --END-- [ RunTime:0.002749s ]
INFO: [ view_end ] --START--
INFO: Run ShowPageTrace Behavior [ RunTime:-0.316793s ]
INFO: [ view_end ] --END-- [ RunTime:0.001015s ]

[ 2015-04-24T01:14:37+08:00 ] 106.39.252.145 /index.php?g=Wap&m=Agent&a=index&token=jeifef1412084627&from=timeline&isappinstalled=0
INFO: [ app_begin ] --START--
INFO: Run ReadHtmlCache Behavior [ RunTime:0.003234s ]
INFO: [ app_begin ] --END-- [ RunTime:0.003414s ]
SQL: SHOW COLUMNS FROM `wy_lpinfo` [ RunTime:0.017990s ]
SQL: SELECT * FROM `wy_lpinfo` WHERE ( `token` = 'jeifef1412084627' ) ORDER BY houseSort desc,id desc LIMIT 0,20   [ RunTime:0.001283s ]
NOTIC: [8] Undefined index:  wecha_id D:\www\qmyx.wuyelaile.com\weiwincms\Lib\Action\Wap\AgentAction.class.php Á¨¨ 29 Ë°å.
SQL: SHOW COLUMNS FROM `wy_jjr` [ RunTime:0.036798s ]
SQL: SELECT * FROM `wy_jjr` WHERE ( `Wecha_id` = null ) AND ( `Token` = 'jeifef1412084627' ) LIMIT 1   [ RunTime:0.000272s ]
SQL: SHOW COLUMNS FROM `wy_share_content` [ RunTime:0.018631s ]
SQL: SELECT * FROM `wy_share_content` WHERE token='jeifef1412084627' LIMIT 1   [ RunTime:0.000213s ]
NOTIC: [2] Cannot use a scalar value as an array D:\www\qmyx.wuyelaile.com\weiwincms\_Core\Lib\Core\View.class.php Á¨¨ 69 Ë°å.
INFO: [ view_template ] --START--
INFO: Run LocationTemplate Behavior [ RunTime:-0.200490s ]
INFO: [ view_template ] --END-- [ RunTime:0.004810s ]
INFO: [ view_parse ] --START--
NOTIC: [8] Undefined index:  wecha_id D:\www\qmyx.wuyelaile.com\weiwindata\logs\Cache\Wap\83c1e8c23d0efff676593c1e07496794.php Á¨¨ 68 Ë°å.
NOTIC: [8] Undefined index:  wecha_id D:\www\qmyx.wuyelaile.com\weiwindata\logs\Cache\Wap\83c1e8c23d0efff676593c1e07496794.php Á¨¨ 73 Ë°å.
NOTIC: [8] Undefined index:  wecha_id D:\www\qmyx.wuyelaile.com\weiwindata\logs\Cache\Wap\83c1e8c23d0efff676593c1e07496794.php Á¨¨ 76 Ë°å.
NOTIC: [8] Undefined index:  wecha_id D:\www\qmyx.wuyelaile.com\weiwindata\logs\Cache\Wap\83c1e8c23d0efff676593c1e07496794.php Á¨¨ 79 Ë°å.
NOTIC: [8] Undefined index:  wecha_id D:\www\qmyx.wuyelaile.com\weiwindata\logs\Cache\Wap\83c1e8c23d0efff676593c1e07496794.php Á¨¨ 82 Ë°å.
NOTIC: [8] Undefined index:  wecha_id D:\www\qmyx.wuyelaile.com\weiwindata\logs\Cache\Wap\83c1e8c23d0efff676593c1e07496794.php Á¨¨ 85 Ë°å.
NOTIC: [8] Undefined index:  wecha_id D:\www\qmyx.wuyelaile.com\weiwindata\logs\Cache\Wap\83c1e8c23d0efff676593c1e07496794.php Á¨¨ 88 Ë°å.
NOTIC: [8] Undefined index:  wecha_id D:\www\qmyx.wuyelaile.com\weiwindata\logs\Cache\Wap\83c1e8c23d0efff676593c1e07496794.php Á¨¨ 97 Ë°å.
NOTIC: [8] Undefined index:  wecha_id D:\www\qmyx.wuyelaile.com\weiwindata\logs\Cache\Wap\83c1e8c23d0efff676593c1e07496794.php Á¨¨ 97 Ë°å.
NOTIC: [8] Undefined index:  wecha_id D:\www\qmyx.wuyelaile.com\weiwindata\logs\Cache\Wap\83c1e8c23d0efff676593c1e07496794.php Á¨¨ 97 Ë°å.
NOTIC: [8] Undefined index:  wecha_id D:\www\qmyx.wuyelaile.com\weiwindata\logs\Cache\Wap\83c1e8c23d0efff676593c1e07496794.php Á¨¨ 97 Ë°å.
NOTIC: [8] Undefined index:  wecha_id D:\www\qmyx.wuyelaile.com\weiwindata\logs\Cache\Wap\83c1e8c23d0efff676593c1e07496794.php Á¨¨ 97 Ë°å.
NOTIC: [8] Undefined index:  wecha_id D:\www\qmyx.wuyelaile.com\weiwindata\logs\Cache\Wap\83c1e8c23d0efff676593c1e07496794.php Á¨¨ 97 Ë°å.
NOTIC: [8] Undefined index:  wecha_id D:\www\qmyx.wuyelaile.com\weiwindata\logs\Cache\Wap\83c1e8c23d0efff676593c1e07496794.php Á¨¨ 97 Ë°å.
NOTIC: [8] Undefined index:  wecha_id D:\www\qmyx.wuyelaile.com\weiwindata\logs\Cache\Wap\83c1e8c23d0efff676593c1e07496794.php Á¨¨ 97 Ë°å.
NOTIC: [8] Undefined index:  wecha_id D:\www\qmyx.wuyelaile.com\weiwindata\logs\Cache\Wap\83c1e8c23d0efff676593c1e07496794.php Á¨¨ 97 Ë°å.
NOTIC: [8] Undefined index:  wecha_id D:\www\qmyx.wuyelaile.com\weiwindata\logs\Cache\Wap\83c1e8c23d0efff676593c1e07496794.php Á¨¨ 97 Ë°å.
NOTIC: [8] Undefined index:  wecha_id D:\www\qmyx.wuyelaile.com\weiwindata\logs\Cache\Wap\83c1e8c23d0efff676593c1e07496794.php Á¨¨ 138 Ë°å.
NOTIC: [8] Undefined index:  wecha_id D:\www\qmyx.wuyelaile.com\weiwindata\logs\Cache\Wap\83c1e8c23d0efff676593c1e07496794.php Á¨¨ 152 Ë°å.
INFO: Run ParseTemplate Behavior [ RunTime:-0.205440s ]
INFO: [ view_parse ] --END-- [ RunTime:0.036685s ]
INFO: [ view_filter ] --START--
INFO: Run ContentReplace Behavior [ RunTime:-0.242195s ]
INFO: Run TokenBuild Behavior [ RunTime:-0.248396s ]
INFO: Run WriteHtmlCache Behavior [ RunTime:-0.254023s ]
INFO: Run ShowRuntime Behavior [ RunTime:-0.259570s ]
INFO: [ view_filter ] --END-- [ RunTime:0.027160s ]
INFO: [ view_end ] --START--
INFO: Run ShowPageTrace Behavior [ RunTime:-0.269532s ]
INFO: [ view_end ] --END-- [ RunTime:0.006519s ]

[ 2015-04-24T01:14:37+08:00 ] 140.207.185.123 /
INFO: [ app_begin ] --START--
INFO: Run ReadHtmlCache Behavior [ RunTime:0.003866s ]
INFO: [ app_begin ] --END-- [ RunTime:0.004079s ]
SQL: SHOW COLUMNS FROM `wy_links` [ RunTime:0.014691s ]
SQL: SELECT * FROM `wy_links` WHERE ( `status` = 1 )  [ RunTime:0.000224s ]
NOTIC: [2] Cannot use a scalar value as an array D:\www\qmyx.wuyelaile.com\weiwincms\_Core\Lib\Core\View.class.php Á¨¨ 69 Ë°å.
INFO: [ view_template ] --START--
INFO: Run LocationTemplate Behavior [ RunTime:-0.073552s ]
INFO: [ view_template ] --END-- [ RunTime:0.005362s ]
INFO: [ view_parse ] --START--
INFO: Run ParseTemplate Behavior [ RunTime:-0.079013s ]
INFO: [ view_parse ] --END-- [ RunTime:0.030531s ]
INFO: [ view_filter ] --START--
INFO: Run ContentReplace Behavior [ RunTime:-0.109615s ]
INFO: Run TokenBuild Behavior [ RunTime:-0.112671s ]
INFO: Run WriteHtmlCache Behavior [ RunTime:-0.116277s ]
INFO: Run ShowRuntime Behavior [ RunTime:-0.119450s ]
INFO: [ view_filter ] --END-- [ RunTime:0.012680s ]
INFO: [ view_end ] --START--
INFO: Run ShowPageTrace Behavior [ RunTime:-0.122398s ]
INFO: [ view_end ] --END-- [ RunTime:0.003511s ]

[ 2015-04-24T01:14:37+08:00 ] 140.207.185.123 /
NOTIC: [32] PHP Startup: Unable to load dynamic library 'D:\WebServer\php-5.2.5 (x64)\ext\php_fileinfo.dll' - ’“≤ªµΩ÷∏∂®µƒƒ£øÈ°£
 Unknown Á¨¨ 0 Ë°å.

[ 2015-04-24T01:14:37+08:00 ] 183.195.233.181 /
INFO: [ app_begin ] --START--
INFO: Run ReadHtmlCache Behavior [ RunTime:0.002949s ]
INFO: [ app_begin ] --END-- [ RunTime:0.003125s ]
SQL: SHOW COLUMNS FROM `wy_links` [ RunTime:0.008805s ]
SQL: SELECT * FROM `wy_links` WHERE ( `status` = 1 )  [ RunTime:0.000215s ]
NOTIC: [2] Cannot use a scalar value as an array D:\www\qmyx.wuyelaile.com\weiwincms\_Core\Lib\Core\View.class.php Á¨¨ 69 Ë°å.
INFO: [ view_template ] --START--
INFO: Run LocationTemplate Behavior [ RunTime:-0.052265s ]
INFO: [ view_template ] --END-- [ RunTime:0.004923s ]
INFO: [ view_parse ] --START--
INFO: Run ParseTemplate Behavior [ RunTime:-0.057277s ]
INFO: [ view_parse ] --END-- [ RunTime:0.028725s ]
INFO: [ view_filter ] --START--
INFO: Run ContentReplace Behavior [ RunTime:-0.086213s ]
INFO: Run TokenBuild Behavior [ RunTime:-0.089241s ]
INFO: Run WriteHtmlCache Behavior [ RunTime:-0.092108s ]
INFO: Run ShowRuntime Behavior [ RunTime:-0.094602s ]
INFO: [ view_filter ] --END-- [ RunTime:0.011239s ]
INFO: [ view_end ] --START--
INFO: Run ShowPageTrace Behavior [ RunTime:-0.097409s ]
INFO: [ view_end ] --END-- [ RunTime:0.002955s ]

[ 2015-04-24T01:14:37+08:00 ] 183.195.233.181 /
NOTIC: [32] PHP Startup: Unable to load dynamic library 'D:\WebServer\php-5.2.5 (x64)\ext\php_fileinfo.dll' - ’“≤ªµΩ÷∏∂®µƒƒ£øÈ°£
 Unknown Á¨¨ 0 Ë°å.

[ 2015-04-24T03:02:44+08:00 ] 220.181.132.220 /
INFO: [ app_begin ] --START--
INFO: Run ReadHtmlCache Behavior [ RunTime:0.003027s ]
INFO: [ app_begin ] --END-- [ RunTime:0.003207s ]
SQL: SHOW COLUMNS FROM `wy_links` [ RunTime:0.014838s ]
SQL: SELECT * FROM `wy_links` WHERE ( `status` = 1 )  [ RunTime:0.000283s ]
NOTIC: [2] Cannot use a scalar value as an array D:\www\qmyx.wuyelaile.com\weiwincms\_Core\Lib\Core\View.class.php Á¨¨ 69 Ë°å.
INFO: [ view_template ] --START--
INFO: Run LocationTemplate Behavior [ RunTime:-0.058528s ]
INFO: [ view_template ] --END-- [ RunTime:0.005465s ]
INFO: [ view_parse ] --START--
INFO: Run ParseTemplate Behavior [ RunTime:-0.064089s ]
INFO: [ view_parse ] --END-- [ RunTime:0.035097s ]
INFO: [ view_filter ] --START--
INFO: Run ContentReplace Behavior [ RunTime:-0.099268s ]
INFO: Run TokenBuild Behavior [ RunTime:-0.104340s ]
INFO: Run WriteHtmlCache Behavior [ RunTime:-0.109779s ]
INFO: Run ShowRuntime Behavior [ RunTime:-0.115334s ]
INFO: [ view_filter ] --END-- [ RunTime:0.021403s ]
INFO: [ view_end ] --START--
INFO: Run ShowPageTrace Behavior [ RunTime:-0.120778s ]
INFO: [ view_end ] --END-- [ RunTime:0.005224s ]

[ 2015-04-24T03:03:14+08:00 ] 101.199.112.49 /
INFO: [ app_begin ] --START--
INFO: Run ReadHtmlCache Behavior [ RunTime:0.000764s ]
INFO: [ app_begin ] --END-- [ RunTime:0.000931s ]
SQL: SHOW COLUMNS FROM `wy_links` [ RunTime:0.009158s ]
SQL: SELECT * FROM `wy_links` WHERE ( `status` = 1 )  [ RunTime:0.000218s ]
NOTIC: [2] Cannot use a scalar value as an array D:\www\qmyx.wuyelaile.com\weiwincms\_Core\Lib\Core\View.class.php Á¨¨ 69 Ë°å.
INFO: [ view_template ] --START--
INFO: Run LocationTemplate Behavior [ RunTime:-0.030362s ]
INFO: [ view_template ] --END-- [ RunTime:0.001321s ]
INFO: [ view_parse ] --START--
INFO: Run ParseTemplate Behavior [ RunTime:-0.031767s ]
INFO: [ view_parse ] --END-- [ RunTime:0.013169s ]
INFO: [ view_filter ] --START--
INFO: Run ContentReplace Behavior [ RunTime:-0.045090s ]
INFO: Run TokenBuild Behavior [ RunTime:-0.050118s ]
INFO: Run WriteHtmlCache Behavior [ RunTime:-0.055316s ]
INFO: Run ShowRuntime Behavior [ RunTime:-0.060152s ]
INFO: [ view_filter ] --END-- [ RunTime:0.020492s ]
INFO: [ view_end ] --START--
INFO: Run ShowPageTrace Behavior [ RunTime:-0.065612s ]
INFO: [ view_end ] --END-- [ RunTime:0.005146s ]

[ 2015-04-24T05:58:26+08:00 ] ERR: (ThinkException) Êó†Ê≥ïÂä†ËΩΩÊ®°Âùó:agent
[ 2015-04-24T08:20:11+08:00 ] ERR: (ThinkException) Êó†Ê≥ïÂä†ËΩΩÊ®°Âùó:map
[ 2015-04-24T15:05:49+08:00 ] 120.204.200.83 /
INFO: [ app_begin ] --START--
INFO: Run ReadHtmlCache Behavior [ RunTime:0.003403s ]
INFO: [ app_begin ] --END-- [ RunTime:0.003594s ]
SQL: SHOW COLUMNS FROM `wy_links` [ RunTime:0.025931s ]
SQL: SELECT * FROM `wy_links` WHERE ( `status` = 1 )  [ RunTime:0.000242s ]
NOTIC: [2] Cannot use a scalar value as an array D:\www\qmyx.wuyelaile.com\weiwincms\_Core\Lib\Core\View.class.php Á¨¨ 69 Ë°å.
INFO: [ view_template ] --START--
INFO: Run LocationTemplate Behavior [ RunTime:-0.073456s ]
INFO: [ view_template ] --END-- [ RunTime:0.005563s ]
INFO: [ view_parse ] --START--
INFO: Run ParseTemplate Behavior [ RunTime:-0.079106s ]
INFO: [ view_parse ] --END-- [ RunTime:0.033183s ]
INFO: [ view_filter ] --START--
INFO: Run ContentReplace Behavior [ RunTime:-0.112387s ]
INFO: Run TokenBuild Behavior [ RunTime:-0.116553s ]
INFO: Run WriteHtmlCache Behavior [ RunTime:-0.120205s ]
INFO: Run ShowRuntime Behavior [ RunTime:-0.123307s ]
INFO: [ view_filter ] --END-- [ RunTime:0.015001s ]
INFO: [ view_end ] --START--
INFO: Run ShowPageTrace Behavior [ RunTime:-0.127511s ]
INFO: [ view_end ] --END-- [ RunTime:0.009795s ]

[ 2015-04-24T15:05:49+08:00 ] 120.204.200.83 /
NOTIC: [32] PHP Startup: Unable to load dynamic library 'D:\WebServer\php-5.2.5 (x64)\ext\php_fileinfo.dll' - ’“≤ªµΩ÷∏∂®µƒƒ£øÈ°£
 Unknown Á¨¨ 0 Ë°å.

[ 2015-04-24T15:05:49+08:00 ] 140.207.54.180 /
INFO: [ app_begin ] --START--
INFO: Run ReadHtmlCache Behavior [ RunTime:0.002848s ]
INFO: [ app_begin ] --END-- [ RunTime:0.003036s ]
SQL: SHOW COLUMNS FROM `wy_links` [ RunTime:0.031303s ]
SQL: SELECT * FROM `wy_links` WHERE ( `status` = 1 )  [ RunTime:0.000248s ]
NOTIC: [2] Cannot use a scalar value as an array D:\www\qmyx.wuyelaile.com\weiwincms\_Core\Lib\Core\View.class.php Á¨¨ 69 Ë°å.
INFO: [ view_template ] --START--
INFO: Run LocationTemplate Behavior [ RunTime:-1.656430s ]
INFO: [ view_template ] --END-- [ RunTime:0.036409s ]
INFO: [ view_parse ] --START--
INFO: Run ParseTemplate Behavior [ RunTime:-1.692952s ]
INFO: [ view_parse ] --END-- [ RunTime:0.127479s ]
INFO: [ view_filter ] --START--
INFO: Run ContentReplace Behavior [ RunTime:-1.820502s ]
INFO: Run TokenBuild Behavior [ RunTime:-1.829802s ]
INFO: Run WriteHtmlCache Behavior [ RunTime:-1.841786s ]
INFO: Run ShowRuntime Behavior [ RunTime:-1.846519s ]
INFO: [ view_filter ] --END-- [ RunTime:0.030728s ]
INFO: [ view_end ] --START--
INFO: Run ShowPageTrace Behavior [ RunTime:-1.851404s ]
INFO: [ view_end ] --END-- [ RunTime:0.015283s ]

[ 2015-04-24T15:05:49+08:00 ] 140.207.54.180 /
NOTIC: [32] PHP Startup: Unable to load dynamic library 'D:\WebServer\php-5.2.5 (x64)\ext\php_fileinfo.dll' - ’“≤ªµΩ÷∏∂®µƒƒ£øÈ°£
 Unknown Á¨¨ 0 Ë°å.

[ 2015-04-24T15:05:49+08:00 ] 223.78.214.31 /index.php?g=Wap&m=Agent&a=index&token=jeifef1412084627&from=timeline&isappinstalled=0
INFO: [ app_begin ] --START--
INFO: Run ReadHtmlCache Behavior [ RunTime:0.003043s ]
INFO: [ app_begin ] --END-- [ RunTime:0.003236s ]
SQL: SHOW COLUMNS FROM `wy_lpinfo` [ RunTime:0.023849s ]
SQL: SELECT * FROM `wy_lpinfo` WHERE ( `token` = 'jeifef1412084627' ) ORDER BY houseSort desc,id desc LIMIT 0,20   [ RunTime:0.000925s ]
NOTIC: [8] Undefined index:  wecha_id D:\www\qmyx.wuyelaile.com\weiwincms\Lib\Action\Wap\AgentAction.class.php Á¨¨ 29 Ë°å.
SQL: SHOW COLUMNS FROM `wy_jjr` [ RunTime:1.005401s ]
SQL: SELECT * FROM `wy_jjr` WHERE ( `Wecha_id` = null ) AND ( `Token` = 'jeifef1412084627' ) LIMIT 1   [ RunTime:0.000221s ]
SQL: SHOW COLUMNS FROM `wy_share_content` [ RunTime:0.021255s ]
SQL: SELECT * FROM `wy_share_content` WHERE token='jeifef1412084627' LIMIT 1   [ RunTime:0.000595s ]
NOTIC: [2] Cannot use a scalar value as an array D:\www\qmyx.wuyelaile.com\weiwincms\_Core\Lib\Core\View.class.php Á¨¨ 69 Ë°å.
INFO: [ view_template ] --START--
INFO: Run LocationTemplate Behavior [ RunTime:-1.695848s ]
INFO: [ view_template ] --END-- [ RunTime:0.036315s ]
INFO: [ view_parse ] --START--
NOTIC: [8] Undefined index:  wecha_id D:\www\qmyx.wuyelaile.com\weiwindata\logs\Cache\Wap\83c1e8c23d0efff676593c1e07496794.php Á¨¨ 68 Ë°å.
NOTIC: [8] Undefined index:  wecha_id D:\www\qmyx.wuyelaile.com\weiwindata\logs\Cache\Wap\83c1e8c23d0efff676593c1e07496794.php Á¨¨ 73 Ë°å.
NOTIC: [8] Undefined index:  wecha_id D:\www\qmyx.wuyelaile.com\weiwindata\logs\Cache\Wap\83c1e8c23d0efff676593c1e07496794.php Á¨¨ 76 Ë°å.
NOTIC: [8] Undefined index:  wecha_id D:\www\qmyx.wuyelaile.com\weiwindata\logs\Cache\Wap\83c1e8c23d0efff676593c1e07496794.php Á¨¨ 79 Ë°å.
NOTIC: [8] Undefined index:  wecha_id D:\www\qmyx.wuyelaile.com\weiwindata\logs\Cache\Wap\83c1e8c23d0efff676593c1e07496794.php Á¨¨ 82 Ë°å.
NOTIC: [8] Undefined index:  wecha_id D:\www\qmyx.wuyelaile.com\weiwindata\logs\Cache\Wap\83c1e8c23d0efff676593c1e07496794.php Á¨¨ 85 Ë°å.
NOTIC: [8] Undefined index:  wecha_id D:\www\qmyx.wuyelaile.com\weiwindata\logs\Cache\Wap\83c1e8c23d0efff676593c1e07496794.php Á¨¨ 88 Ë°å.
NOTIC: [8] Undefined index:  wecha_id D:\www\qmyx.wuyelaile.com\weiwindata\logs\Cache\Wap\83c1e8c23d0efff676593c1e07496794.php Á¨¨ 97 Ë°å.
NOTIC: [8] Undefined index:  wecha_id D:\www\qmyx.wuyelaile.com\weiwindata\logs\Cache\Wap\83c1e8c23d0efff676593c1e07496794.php Á¨¨ 97 Ë°å.
NOTIC: [8] Undefined index:  wecha_id D:\www\qmyx.wuyelaile.com\weiwindata\logs\Cache\Wap\83c1e8c23d0efff676593c1e07496794.php Á¨¨ 97 Ë°å.
NOTIC: [8] Undefined index:  wecha_id D:\www\qmyx.wuyelaile.com\weiwindata\logs\Cache\Wap\83c1e8c23d0efff676593c1e07496794.php Á¨¨ 97 Ë°å.
NOTIC: [8] Undefined index:  wecha_id D:\www\qmyx.wuyelaile.com\weiwindata\logs\Cache\Wap\83c1e8c23d0efff676593c1e07496794.php Á¨¨ 97 Ë°å.
NOTIC: [8] Undefined index:  wecha_id D:\www\qmyx.wuyelaile.com\weiwindata\logs\Cache\Wap\83c1e8c23d0efff676593c1e07496794.php Á¨¨ 97 Ë°å.
NOTIC: [8] Undefined index:  wecha_id D:\www\qmyx.wuyelaile.com\weiwindata\logs\Cache\Wap\83c1e8c23d0efff676593c1e07496794.php Á¨¨ 97 Ë°å.
NOTIC: [8] Undefined index:  wecha_id D:\www\qmyx.wuyelaile.com\weiwindata\logs\Cache\Wap\83c1e8c23d0efff676593c1e07496794.php Á¨¨ 97 Ë°å.
NOTIC: [8] Undefined index:  wecha_id D:\www\qmyx.wuyelaile.com\weiwindata\logs\Cache\Wap\83c1e8c23d0efff676593c1e07496794.php Á¨¨ 97 Ë°å.
NOTIC: [8] Undefined index:  wecha_id D:\www\qmyx.wuyelaile.com\weiwindata\logs\Cache\Wap\83c1e8c23d0efff676593c1e07496794.php Á¨¨ 97 Ë°å.
NOTIC: [8] Undefined index:  wecha_id D:\www\qmyx.wuyelaile.com\weiwindata\logs\Cache\Wap\83c1e8c23d0efff676593c1e07496794.php Á¨¨ 138 Ë°å.
NOTIC: [8] Undefined index:  wecha_id D:\www\qmyx.wuyelaile.com\weiwindata\logs\Cache\Wap\83c1e8c23d0efff676593c1e07496794.php Á¨¨ 152 Ë°å.
INFO: Run ParseTemplate Behavior [ RunTime:-1.732267s ]
INFO: [ view_parse ] --END-- [ RunTime:0.204532s ]
INFO: [ view_filter ] --START--
INFO: Run ContentReplace Behavior [ RunTime:-1.936879s ]
INFO: Run TokenBuild Behavior [ RunTime:-1.940807s ]
INFO: Run WriteHtmlCache Behavior [ RunTime:-1.943792s ]
INFO: Run ShowRuntime Behavior [ RunTime:-1.946400s ]
INFO: [ view_filter ] --END-- [ RunTime:0.012469s ]
INFO: [ view_end ] --START--
INFO: Run ShowPageTrace Behavior [ RunTime:-1.949526s ]
INFO: [ view_end ] --END-- [ RunTime:0.003120s ]

[ 2015-04-24T15:05:49+08:00 ] 223.78.214.31 /index.php?g=Wap&m=Agent&a=index&token=jeifef1412084627&from=timeline&isappinstalled=0
NOTIC: [32] PHP Startup: Unable to load dynamic library 'D:\WebServer\php-5.2.5 (x64)\ext\php_fileinfo.dll' - ’“≤ªµΩ÷∏∂®µƒƒ£øÈ°£
 Unknown Á¨¨ 0 Ë°å.

[ 2015-04-24T15:06:29+08:00 ] 223.78.214.31 /index.php?g=Wap&m=Agent&a=ajaxlp&token=jeifef1412084627&t=0.7307131586130708
INFO: [ app_begin ] --START--
INFO: Run ReadHtmlCache Behavior [ RunTime:0.001047s ]
INFO: [ app_begin ] --END-- [ RunTime:0.001228s ]
SQL: SHOW COLUMNS FROM `wy_lpinfo` [ RunTime:0.009522s ]
SQL: SELECT * FROM `wy_lpinfo` WHERE ( `token` = 'jeifef1412084627' ) ORDER BY id desc LIMIT 20,4   [ RunTime:0.000662s ]

[ 2015-04-24T15:51:30+08:00 ] ERR: (ThinkException) Êó†Ê≥ïÂä†ËΩΩÊ®°Âùó:agent
[ 2015-04-24T17:02:49+08:00 ] 112.65.193.13 /index.php?g=Wap&m=Agent&a=loupanInfo
INFO: [ app_begin ] --START--
INFO: Run ReadHtmlCache Behavior [ RunTime:0.003302s ]
INFO: [ app_begin ] --END-- [ RunTime:0.003561s ]
NOTIC: [8] Undefined index:  wecha_id D:\www\qmyx.wuyelaile.com\weiwincms\Lib\Action\Wap\AgentAction.class.php Á¨¨ 305 Ë°å.
NOTIC: [8] Undefined index:  id D:\www\qmyx.wuyelaile.com\weiwincms\Lib\Action\Wap\AgentAction.class.php Á¨¨ 306 Ë°å.
NOTIC: [8] Undefined index:  token D:\www\qmyx.wuyelaile.com\weiwincms\Lib\Action\Wap\AgentAction.class.php Á¨¨ 307 Ë°å.
SQL: SHOW COLUMNS FROM `wy_lpinfo` [ RunTime:0.012131s ]
SQL: UPDATE `wy_lpinfo` SET `video`=video+1 WHERE ( `id` = null ) AND ( `token` = null ) [ RunTime:0.000386s ]
SQL: SELECT * FROM `wy_lpinfo` WHERE ( `id` = null ) AND ( `token` = null ) LIMIT 1   [ RunTime:0.000435s ]
NOTIC: [2] Cannot use a scalar value as an array D:\www\qmyx.wuyelaile.com\weiwincms\_Core\Lib\Core\View.class.php Á¨¨ 69 Ë°å.
INFO: [ view_template ] --START--
INFO: Run LocationTemplate Behavior [ RunTime:-0.061215s ]
INFO: [ view_template ] --END-- [ RunTime:0.004553s ]
INFO: [ view_parse ] --START--
NOTIC: [8] Undefined variable: url D:\www\qmyx.wuyelaile.com\weiwindata\logs\Cache\Wap\15cb069a79c1a70eb570b5aca2bb66be.php Á¨¨ 22 Ë°å.
NOTIC: [8] Undefined variable: jjrarr D:\www\qmyx.wuyelaile.com\weiwindata\logs\Cache\Wap\15cb069a79c1a70eb570b5aca2bb66be.php Á¨¨ 139 Ë°å.
INFO: Run ParseTemplate Behavior [ RunTime:-0.065859s ]
INFO: [ view_parse ] --END-- [ RunTime:0.099110s ]
INFO: [ view_filter ] --START--
INFO: Run ContentReplace Behavior [ RunTime:-0.165052s ]
INFO: Run TokenBuild Behavior [ RunTime:-0.167759s ]
INFO: Run WriteHtmlCache Behavior [ RunTime:-0.173009s ]
INFO: Run ShowRuntime Behavior [ RunTime:-0.177669s ]
INFO: [ view_filter ] --END-- [ RunTime:0.017601s ]
INFO: [ view_end ] --START--
INFO: Run ShowPageTrace Behavior [ RunTime:-0.182748s ]
INFO: [ view_end ] --END-- [ RunTime:0.005230s ]

[ 2015-04-24T17:42:21+08:00 ] 183.136.190.62 /
INFO: [ app_begin ] --START--
INFO: Run ReadHtmlCache Behavior [ RunTime:0.002808s ]
INFO: [ app_begin ] --END-- [ RunTime:0.002963s ]
SQL: SHOW COLUMNS FROM `wy_links` [ RunTime:0.011616s ]
SQL: SELECT * FROM `wy_links` WHERE ( `status` = 1 )  [ RunTime:0.000236s ]
NOTIC: [2] Cannot use a scalar value as an array D:\www\qmyx.wuyelaile.com\weiwincms\_Core\Lib\Core\View.class.php Á¨¨ 69 Ë°å.
INFO: [ view_template ] --START--
INFO: Run LocationTemplate Behavior [ RunTime:-0.057029s ]
INFO: [ view_template ] --END-- [ RunTime:0.007973s ]
INFO: [ view_parse ] --START--
INFO: Run ParseTemplate Behavior [ RunTime:-0.065092s ]
INFO: [ view_parse ] --END-- [ RunTime:0.040493s ]
INFO: [ view_filter ] --START--
INFO: Run ContentReplace Behavior [ RunTime:-0.105669s ]
INFO: Run TokenBuild Behavior [ RunTime:-0.114294s ]
INFO: Run WriteHtmlCache Behavior [ RunTime:-0.119598s ]
INFO: Run ShowRuntime Behavior [ RunTime:-0.124223s ]
INFO: [ view_filter ] --END-- [ RunTime:0.023334s ]
INFO: [ view_end ] --START--
INFO: Run ShowPageTrace Behavior [ RunTime:-0.129109s ]
INFO: [ view_end ] --END-- [ RunTime:0.005271s ]

[ 2015-04-24T20:27:25+08:00 ] ERR: (ThinkException) Êó†Ê≥ïÂä†ËΩΩÊ®°Âùó:map
