[ 2015-02-24T10:59:39+08:00 ] 117.136.77.146 /index.php?g=Wap&m=Agent&a=index&token=jeifef1412084627&from=timeline&isappinstalled=0
INFO: [ app_begin ] --START--
INFO: Run ReadHtmlCache Behavior [ RunTime:0.006018s ]
INFO: [ app_begin ] --END-- [ RunTime:0.006180s ]
SQL: SHOW COLUMNS FROM `wy_lpinfo` [ RunTime:0.011504s ]
SQL: SELECT * FROM `wy_lpinfo` WHERE ( `token` = 'jeifef1412084627' ) ORDER BY houseSort desc,id desc LIMIT 0,20   [ RunTime:0.001520s ]
NOTIC: [8] Undefined index:  wecha_id D:\www\qmyx.wuyelaile.com\weiwincms\Lib\Action\Wap\AgentAction.class.php ç¬¬ 29 è¡Œ.
SQL: SHOW COLUMNS FROM `wy_jjr` [ RunTime:0.009516s ]
SQL: SELECT * FROM `wy_jjr` WHERE ( `Wecha_id` = null ) AND ( `Token` = 'jeifef1412084627' ) LIMIT 1   [ RunTime:0.000612s ]
SQL: SHOW COLUMNS FROM `wy_share_content` [ RunTime:0.008998s ]
SQL: SELECT * FROM `wy_share_content` WHERE token='jeifef1412084627' LIMIT 1   [ RunTime:0.000379s ]
NOTIC: [2] Cannot use a scalar value as an array D:\www\qmyx.wuyelaile.com\weiwincms\_Core\Lib\Core\View.class.php ç¬¬ 69 è¡Œ.
INFO: [ view_template ] --START--
INFO: Run LocationTemplate Behavior [ RunTime:-0.088593s ]
INFO: [ view_template ] --END-- [ RunTime:0.008248s ]
INFO: [ view_parse ] --START--
NOTIC: [8] Undefined index:  wecha_id D:\www\qmyx.wuyelaile.com\weiwindata\logs\Cache\Wap\83c1e8c23d0efff676593c1e07496794.php ç¬¬ 68 è¡Œ.
NOTIC: [8] Undefined index:  wecha_id D:\www\qmyx.wuyelaile.com\weiwindata\logs\Cache\Wap\83c1e8c23d0efff676593c1e07496794.php ç¬¬ 73 è¡Œ.
NOTIC: [8] Undefined index:  wecha_id D:\www\qmyx.wuyelaile.com\weiwindata\logs\Cache\Wap\83c1e8c23d0efff676593c1e07496794.php ç¬¬ 76 è¡Œ.
NOTIC: [8] Undefined index:  wecha_id D:\www\qmyx.wuyelaile.com\weiwindata\logs\Cache\Wap\83c1e8c23d0efff676593c1e07496794.php ç¬¬ 79 è¡Œ.
NOTIC: [8] Undefined index:  wecha_id D:\www\qmyx.wuyelaile.com\weiwindata\logs\Cache\Wap\83c1e8c23d0efff676593c1e07496794.php ç¬¬ 82 è¡Œ.
NOTIC: [8] Undefined index:  wecha_id D:\www\qmyx.wuyelaile.com\weiwindata\logs\Cache\Wap\83c1e8c23d0efff676593c1e07496794.php ç¬¬ 85 è¡Œ.
NOTIC: [8] Undefined index:  wecha_id D:\www\qmyx.wuyelaile.com\weiwindata\logs\Cache\Wap\83c1e8c23d0efff676593c1e07496794.php ç¬¬ 88 è¡Œ.
NOTIC: [8] Undefined index:  wecha_id D:\www\qmyx.wuyelaile.com\weiwindata\logs\Cache\Wap\83c1e8c23d0efff676593c1e07496794.php ç¬¬ 97 è¡Œ.
NOTIC: [8] Undefined index:  wecha_id D:\www\qmyx.wuyelaile.com\weiwindata\logs\Cache\Wap\83c1e8c23d0efff676593c1e07496794.php ç¬¬ 97 è¡Œ.
NOTIC: [8] Undefined index:  wecha_id D:\www\qmyx.wuyelaile.com\weiwindata\logs\Cache\Wap\83c1e8c23d0efff676593c1e07496794.php ç¬¬ 97 è¡Œ.
NOTIC: [8] Undefined index:  wecha_id D:\www\qmyx.wuyelaile.com\weiwindata\logs\Cache\Wap\83c1e8c23d0efff676593c1e07496794.php ç¬¬ 97 è¡Œ.
NOTIC: [8] Undefined index:  wecha_id D:\www\qmyx.wuyelaile.com\weiwindata\logs\Cache\Wap\83c1e8c23d0efff676593c1e07496794.php ç¬¬ 97 è¡Œ.
NOTIC: [8] Undefined index:  wecha_id D:\www\qmyx.wuyelaile.com\weiwindata\logs\Cache\Wap\83c1e8c23d0efff676593c1e07496794.php ç¬¬ 97 è¡Œ.
NOTIC: [8] Undefined index:  wecha_id D:\www\qmyx.wuyelaile.com\weiwindata\logs\Cache\Wap\83c1e8c23d0efff676593c1e07496794.php ç¬¬ 97 è¡Œ.
NOTIC: [8] Undefined index:  wecha_id D:\www\qmyx.wuyelaile.com\weiwindata\logs\Cache\Wap\83c1e8c23d0efff676593c1e07496794.php ç¬¬ 97 è¡Œ.
NOTIC: [8] Undefined index:  wecha_id D:\www\qmyx.wuyelaile.com\weiwindata\logs\Cache\Wap\83c1e8c23d0efff676593c1e07496794.php ç¬¬ 97 è¡Œ.
NOTIC: [8] Undefined index:  wecha_id D:\www\qmyx.wuyelaile.com\weiwindata\logs\Cache\Wap\83c1e8c23d0efff676593c1e07496794.php ç¬¬ 97 è¡Œ.
NOTIC: [8] Undefined index:  wecha_id D:\www\qmyx.wuyelaile.com\weiwindata\logs\Cache\Wap\83c1e8c23d0efff676593c1e07496794.php ç¬¬ 138 è¡Œ.
NOTIC: [8] Undefined index:  wecha_id D:\www\qmyx.wuyelaile.com\weiwindata\logs\Cache\Wap\83c1e8c23d0efff676593c1e07496794.php ç¬¬ 152 è¡Œ.
INFO: Run ParseTemplate Behavior [ RunTime:-0.096914s ]
INFO: [ view_parse ] --END-- [ RunTime:0.049181s ]
INFO: [ view_filter ] --START--
INFO: Run ContentReplace Behavior [ RunTime:-0.146178s ]
INFO: Run TokenBuild Behavior [ RunTime:-0.151212s ]
INFO: Run WriteHtmlCache Behavior [ RunTime:-0.156177s ]
INFO: Run ShowRuntime Behavior [ RunTime:-0.160834s ]
INFO: [ view_filter ] --END-- [ RunTime:0.019571s ]
INFO: [ view_end ] --START--
INFO: Run ShowPageTrace Behavior [ RunTime:-0.165862s ]
INFO: [ view_end ] --END-- [ RunTime:0.005036s ]

[ 2015-02-24T10:59:41+08:00 ] 125.39.210.31 /
INFO: [ app_begin ] --START--
INFO: Run ReadHtmlCache Behavior [ RunTime:0.004640s ]
INFO: [ app_begin ] --END-- [ RunTime:0.004793s ]
SQL: SHOW COLUMNS FROM `wy_links` [ RunTime:0.177808s ]
SQL: SELECT * FROM `wy_links` WHERE ( `status` = 1 )  [ RunTime:0.000319s ]
NOTIC: [2] Cannot use a scalar value as an array D:\www\qmyx.wuyelaile.com\weiwincms\_Core\Lib\Core\View.class.php ç¬¬ 69 è¡Œ.
INFO: [ view_template ] --START--
INFO: Run LocationTemplate Behavior [ RunTime:-0.248060s ]
INFO: [ view_template ] --END-- [ RunTime:0.008380s ]
INFO: [ view_parse ] --START--
INFO: Run ParseTemplate Behavior [ RunTime:-0.256542s ]
INFO: [ view_parse ] --END-- [ RunTime:0.041181s ]
INFO: [ view_filter ] --START--
INFO: Run ContentReplace Behavior [ RunTime:-0.297792s ]
INFO: Run TokenBuild Behavior [ RunTime:-0.301635s ]
INFO: Run WriteHtmlCache Behavior [ RunTime:-0.305709s ]
INFO: Run ShowRuntime Behavior [ RunTime:-0.310795s ]
INFO: [ view_filter ] --END-- [ RunTime:0.018374s ]
INFO: [ view_end ] --START--
INFO: Run ShowPageTrace Behavior [ RunTime:-0.316279s ]
INFO: [ view_end ] --END-- [ RunTime:0.005385s ]

[ 2015-02-24T10:59:41+08:00 ] 111.30.132.148 /
INFO: [ app_begin ] --START--
INFO: Run ReadHtmlCache Behavior [ RunTime:0.003391s ]
INFO: [ app_begin ] --END-- [ RunTime:0.003639s ]
SQL: SHOW COLUMNS FROM `wy_links` [ RunTime:0.051333s ]
SQL: SELECT * FROM `wy_links` WHERE ( `status` = 1 )  [ RunTime:0.000217s ]
NOTIC: [2] Cannot use a scalar value as an array D:\www\qmyx.wuyelaile.com\weiwincms\_Core\Lib\Core\View.class.php ç¬¬ 69 è¡Œ.
INFO: [ view_template ] --START--
INFO: Run LocationTemplate Behavior [ RunTime:-0.090468s ]
INFO: [ view_template ] --END-- [ RunTime:0.005782s ]
INFO: [ view_parse ] --START--
INFO: Run ParseTemplate Behavior [ RunTime:-0.096295s ]
INFO: [ view_parse ] --END-- [ RunTime:0.030043s ]
INFO: [ view_filter ] --START--
INFO: Run ContentReplace Behavior [ RunTime:-0.126410s ]
INFO: Run TokenBuild Behavior [ RunTime:-0.129834s ]
INFO: Run WriteHtmlCache Behavior [ RunTime:-0.133598s ]
INFO: Run ShowRuntime Behavior [ RunTime:-0.136920s ]
INFO: [ view_filter ] --END-- [ RunTime:0.014507s ]
INFO: [ view_end ] --START--
INFO: Run ShowPageTrace Behavior [ RunTime:-0.141037s ]
INFO: [ view_end ] --END-- [ RunTime:0.003436s ]

[ 2015-02-24T10:59:41+08:00 ] 111.30.132.148 /
NOTIC: [32] PHP Startup: Unable to load dynamic library 'D:\WebServer\php-5.2.5 (x64)\ext\php_fileinfo.dll' - ÕÒ²»µ½Ö¸¶¨µÄÄ£¿é¡£
 Unknown ç¬¬ 0 è¡Œ.

[ 2015-02-24T10:59:41+08:00 ] 125.39.210.27 /
INFO: [ app_begin ] --START--
INFO: Run ReadHtmlCache Behavior [ RunTime:0.003031s ]
INFO: [ app_begin ] --END-- [ RunTime:0.003222s ]
SQL: SHOW COLUMNS FROM `wy_links` [ RunTime:0.034102s ]
SQL: SELECT * FROM `wy_links` WHERE ( `status` = 1 )  [ RunTime:0.000169s ]
NOTIC: [2] Cannot use a scalar value as an array D:\www\qmyx.wuyelaile.com\weiwincms\_Core\Lib\Core\View.class.php ç¬¬ 69 è¡Œ.
INFO: [ view_template ] --START--
INFO: Run LocationTemplate Behavior [ RunTime:-0.089283s ]
INFO: [ view_template ] --END-- [ RunTime:0.005338s ]
INFO: [ view_parse ] --START--
INFO: Run ParseTemplate Behavior [ RunTime:-0.094687s ]
INFO: [ view_parse ] --END-- [ RunTime:0.030282s ]
INFO: [ view_filter ] --START--
INFO: Run ContentReplace Behavior [ RunTime:-0.125038s ]
INFO: Run TokenBuild Behavior [ RunTime:-0.127668s ]
INFO: Run WriteHtmlCache Behavior [ RunTime:-0.130526s ]
INFO: Run ShowRuntime Behavior [ RunTime:-0.133584s ]
INFO: [ view_filter ] --END-- [ RunTime:0.011548s ]
INFO: [ view_end ] --START--
INFO: Run ShowPageTrace Behavior [ RunTime:-0.136693s ]
INFO: [ view_end ] --END-- [ RunTime:0.003151s ]

[ 2015-02-24T10:59:41+08:00 ] 125.39.210.27 /
NOTIC: [32] PHP Startup: Unable to load dynamic library 'D:\WebServer\php-5.2.5 (x64)\ext\php_fileinfo.dll' - ÕÒ²»µ½Ö¸¶¨µÄÄ£¿é¡£
 Unknown ç¬¬ 0 è¡Œ.

[ 2015-02-24T10:59:41+08:00 ] 111.30.132.176 /
INFO: [ app_begin ] --START--
INFO: Run ReadHtmlCache Behavior [ RunTime:0.003365s ]
INFO: [ app_begin ] --END-- [ RunTime:0.004198s ]
SQL: SHOW COLUMNS FROM `wy_links` [ RunTime:0.244944s ]
SQL: SELECT * FROM `wy_links` WHERE ( `status` = 1 )  [ RunTime:0.000237s ]
NOTIC: [2] Cannot use a scalar value as an array D:\www\qmyx.wuyelaile.com\weiwincms\_Core\Lib\Core\View.class.php ç¬¬ 69 è¡Œ.
INFO: [ view_template ] --START--
INFO: Run LocationTemplate Behavior [ RunTime:-0.708481s ]
INFO: [ view_template ] --END-- [ RunTime:0.005266s ]
INFO: [ view_parse ] --START--
INFO: Run ParseTemplate Behavior [ RunTime:-0.713842s ]
INFO: [ view_parse ] --END-- [ RunTime:0.030343s ]
INFO: [ view_filter ] --START--
INFO: Run ContentReplace Behavior [ RunTime:-0.744290s ]
INFO: Run TokenBuild Behavior [ RunTime:-0.747131s ]
INFO: Run WriteHtmlCache Behavior [ RunTime:-0.750245s ]
INFO: Run ShowRuntime Behavior [ RunTime:-0.752922s ]
INFO: [ view_filter ] --END-- [ RunTime:0.011635s ]
INFO: [ view_end ] --START--
INFO: Run ShowPageTrace Behavior [ RunTime:-0.756024s ]
INFO: [ view_end ] --END-- [ RunTime:0.002988s ]

[ 2015-02-24T10:59:41+08:00 ] 111.30.132.176 /
NOTIC: [32] PHP Startup: Unable to load dynamic library 'D:\WebServer\php-5.2.5 (x64)\ext\php_fileinfo.dll' - ÕÒ²»µ½Ö¸¶¨µÄÄ£¿é¡£
 Unknown ç¬¬ 0 è¡Œ.

[ 2015-02-24T10:59:42+08:00 ] 61.49.56.47 /
INFO: [ app_begin ] --START--
INFO: Run ReadHtmlCache Behavior [ RunTime:0.001048s ]
INFO: [ app_begin ] --END-- [ RunTime:0.001262s ]
SQL: SHOW COLUMNS FROM `wy_links` [ RunTime:0.004742s ]
SQL: SELECT * FROM `wy_links` WHERE ( `status` = 1 )  [ RunTime:0.000170s ]
NOTIC: [2] Cannot use a scalar value as an array D:\www\qmyx.wuyelaile.com\weiwincms\_Core\Lib\Core\View.class.php ç¬¬ 69 è¡Œ.
INFO: [ view_template ] --START--
INFO: Run LocationTemplate Behavior [ RunTime:-0.022146s ]
INFO: [ view_template ] --END-- [ RunTime:0.001317s ]
INFO: [ view_parse ] --START--
INFO: Run ParseTemplate Behavior [ RunTime:-0.023546s ]
INFO: [ view_parse ] --END-- [ RunTime:0.010695s ]
INFO: [ view_filter ] --START--
INFO: Run ContentReplace Behavior [ RunTime:-0.034312s ]
INFO: Run TokenBuild Behavior [ RunTime:-0.034954s ]
INFO: Run WriteHtmlCache Behavior [ RunTime:-0.035634s ]
INFO: Run ShowRuntime Behavior [ RunTime:-0.036119s ]
INFO: [ view_filter ] --END-- [ RunTime:0.002560s ]
INFO: [ view_end ] --START--
INFO: Run ShowPageTrace Behavior [ RunTime:-0.036968s ]
INFO: [ view_end ] --END-- [ RunTime:0.000853s ]

[ 2015-02-24T10:59:42+08:00 ] 111.30.132.195 /
INFO: [ app_begin ] --START--
INFO: Run ReadHtmlCache Behavior [ RunTime:0.000744s ]
INFO: [ app_begin ] --END-- [ RunTime:0.000884s ]
SQL: SHOW COLUMNS FROM `wy_links` [ RunTime:0.004468s ]
SQL: SELECT * FROM `wy_links` WHERE ( `status` = 1 )  [ RunTime:0.000161s ]
NOTIC: [2] Cannot use a scalar value as an array D:\www\qmyx.wuyelaile.com\weiwincms\_Core\Lib\Core\View.class.php ç¬¬ 69 è¡Œ.
INFO: [ view_template ] --START--
INFO: Run LocationTemplate Behavior [ RunTime:-0.021815s ]
INFO: [ view_template ] --END-- [ RunTime:0.001305s ]
INFO: [ view_parse ] --START--
INFO: Run ParseTemplate Behavior [ RunTime:-0.023203s ]
INFO: [ view_parse ] --END-- [ RunTime:0.010839s ]
INFO: [ view_filter ] --START--
INFO: Run ContentReplace Behavior [ RunTime:-0.034109s ]
INFO: Run TokenBuild Behavior [ RunTime:-0.034765s ]
INFO: Run WriteHtmlCache Behavior [ RunTime:-0.035450s ]
INFO: Run ShowRuntime Behavior [ RunTime:-0.035975s ]
INFO: [ view_filter ] --END-- [ RunTime:0.002643s ]
INFO: [ view_end ] --START--
INFO: Run ShowPageTrace Behavior [ RunTime:-0.036851s ]
INFO: [ view_end ] --END-- [ RunTime:0.000894s ]

[ 2015-02-24T10:59:43+08:00 ] 61.49.57.55 /
INFO: [ app_begin ] --START--
INFO: Run ReadHtmlCache Behavior [ RunTime:0.002571s ]
INFO: [ app_begin ] --END-- [ RunTime:0.002772s ]
SQL: SHOW COLUMNS FROM `wy_links` [ RunTime:1.283815s ]
SQL: SELECT * FROM `wy_links` WHERE ( `status` = 1 )  [ RunTime:0.000336s ]
NOTIC: [2] Cannot use a scalar value as an array D:\www\qmyx.wuyelaile.com\weiwincms\_Core\Lib\Core\View.class.php ç¬¬ 69 è¡Œ.
INFO: [ view_template ] --START--
INFO: Run LocationTemplate Behavior [ RunTime:-1.301212s ]
INFO: [ view_template ] --END-- [ RunTime:0.001273s ]
INFO: [ view_parse ] --START--
INFO: Run ParseTemplate Behavior [ RunTime:-1.302552s ]
INFO: [ view_parse ] --END-- [ RunTime:0.010711s ]
INFO: [ view_filter ] --START--
INFO: Run ContentReplace Behavior [ RunTime:-1.313337s ]
INFO: Run TokenBuild Behavior [ RunTime:-1.314060s ]
INFO: Run WriteHtmlCache Behavior [ RunTime:-1.314883s ]
INFO: Run ShowRuntime Behavior [ RunTime:-1.315371s ]
INFO: [ view_filter ] --END-- [ RunTime:0.002933s ]
INFO: [ view_end ] --START--
INFO: Run ShowPageTrace Behavior [ RunTime:-1.316368s ]
INFO: [ view_end ] --END-- [ RunTime:0.000922s ]

[ 2015-02-24T10:59:43+08:00 ] 111.161.52.28 /
INFO: [ app_begin ] --START--
INFO: Run ReadHtmlCache Behavior [ RunTime:0.000744s ]
INFO: [ app_begin ] --END-- [ RunTime:0.000906s ]
SQL: SHOW COLUMNS FROM `wy_links` [ RunTime:1.386820s ]
SQL: SELECT * FROM `wy_links` WHERE ( `status` = 1 )  [ RunTime:0.000181s ]
NOTIC: [2] Cannot use a scalar value as an array D:\www\qmyx.wuyelaile.com\weiwincms\_Core\Lib\Core\View.class.php ç¬¬ 69 è¡Œ.
INFO: [ view_template ] --START--
INFO: Run LocationTemplate Behavior [ RunTime:-1.404577s ]
INFO: [ view_template ] --END-- [ RunTime:0.001286s ]
INFO: [ view_parse ] --START--
INFO: Run ParseTemplate Behavior [ RunTime:-1.405951s ]
INFO: [ view_parse ] --END-- [ RunTime:0.010851s ]
INFO: [ view_filter ] --START--
INFO: Run ContentReplace Behavior [ RunTime:-1.416866s ]
INFO: Run TokenBuild Behavior [ RunTime:-1.417542s ]
INFO: Run WriteHtmlCache Behavior [ RunTime:-1.418281s ]
INFO: Run ShowRuntime Behavior [ RunTime:-1.418765s ]
INFO: [ view_filter ] --END-- [ RunTime:0.002679s ]
INFO: [ view_end ] --START--
INFO: Run ShowPageTrace Behavior [ RunTime:-1.419648s ]
INFO: [ view_end ] --END-- [ RunTime:0.001145s ]

[ 2015-02-24T10:59:43+08:00 ] 111.161.52.28 /
INFO: [ app_begin ] --START--
INFO: Run ReadHtmlCache Behavior [ RunTime:0.001190s ]
INFO: [ app_begin ] --END-- [ RunTime:0.001402s ]
SQL: SHOW COLUMNS FROM `wy_links` [ RunTime:1.540334s ]
SQL: SELECT * FROM `wy_links` WHERE ( `status` = 1 )  [ RunTime:0.000244s ]
NOTIC: [2] Cannot use a scalar value as an array D:\www\qmyx.wuyelaile.com\weiwincms\_Core\Lib\Core\View.class.php ç¬¬ 69 è¡Œ.
INFO: [ view_template ] --START--
INFO: Run LocationTemplate Behavior [ RunTime:-2.248438s ]
INFO: [ view_template ] --END-- [ RunTime:0.001287s ]
INFO: [ view_parse ] --START--
INFO: Run ParseTemplate Behavior [ RunTime:-2.249818s ]
INFO: [ view_parse ] --END-- [ RunTime:0.012060s ]
INFO: [ view_filter ] --START--
INFO: Run ContentReplace Behavior [ RunTime:-2.261957s ]
INFO: Run TokenBuild Behavior [ RunTime:-2.262632s ]
INFO: Run WriteHtmlCache Behavior [ RunTime:-2.263329s ]
INFO: Run ShowRuntime Behavior [ RunTime:-2.263841s ]
INFO: [ view_filter ] --END-- [ RunTime:0.002656s ]
INFO: [ view_end ] --START--
INFO: Run ShowPageTrace Behavior [ RunTime:-2.264711s ]
INFO: [ view_end ] --END-- [ RunTime:0.000887s ]

[ 2015-02-24T10:59:43+08:00 ] 111.30.132.194 /
INFO: [ app_begin ] --START--
INFO: Run ReadHtmlCache Behavior [ RunTime:0.003458s ]
INFO: [ app_begin ] --END-- [ RunTime:0.003645s ]
SQL: SHOW COLUMNS FROM `wy_links` [ RunTime:1.463957s ]
SQL: SELECT * FROM `wy_links` WHERE ( `status` = 1 )  [ RunTime:0.000174s ]
NOTIC: [2] Cannot use a scalar value as an array D:\www\qmyx.wuyelaile.com\weiwincms\_Core\Lib\Core\View.class.php ç¬¬ 69 è¡Œ.
INFO: [ view_template ] --START--
INFO: Run LocationTemplate Behavior [ RunTime:-1.636722s ]
INFO: [ view_template ] --END-- [ RunTime:0.005845s ]
INFO: [ view_parse ] --START--
INFO: Run ParseTemplate Behavior [ RunTime:-1.642664s ]
INFO: [ view_parse ] --END-- [ RunTime:0.032136s ]
INFO: [ view_filter ] --START--
INFO: Run ContentReplace Behavior [ RunTime:-1.674880s ]
INFO: Run TokenBuild Behavior [ RunTime:-1.677804s ]
INFO: Run WriteHtmlCache Behavior [ RunTime:-1.680927s ]
INFO: Run ShowRuntime Behavior [ RunTime:-1.684633s ]
INFO: [ view_filter ] --END-- [ RunTime:0.012957s ]
INFO: [ view_end ] --START--
INFO: Run ShowPageTrace Behavior [ RunTime:-1.687942s ]
INFO: [ view_end ] --END-- [ RunTime:0.003190s ]

[ 2015-02-24T10:59:43+08:00 ] 111.30.132.194 /
NOTIC: [32] PHP Startup: Unable to load dynamic library 'D:\WebServer\php-5.2.5 (x64)\ext\php_fileinfo.dll' - ÕÒ²»µ½Ö¸¶¨µÄÄ£¿é¡£
 Unknown ç¬¬ 0 è¡Œ.

[ 2015-02-24T10:59:44+08:00 ] 111.30.132.194 /
INFO: [ app_begin ] --START--
INFO: Run ReadHtmlCache Behavior [ RunTime:0.005285s ]
INFO: [ app_begin ] --END-- [ RunTime:0.005444s ]
SQL: SHOW COLUMNS FROM `wy_links` [ RunTime:1.459420s ]
SQL: SELECT * FROM `wy_links` WHERE ( `status` = 1 )  [ RunTime:0.000169s ]
NOTIC: [2] Cannot use a scalar value as an array D:\www\qmyx.wuyelaile.com\weiwincms\_Core\Lib\Core\View.class.php ç¬¬ 69 è¡Œ.
INFO: [ view_template ] --START--
INFO: Run LocationTemplate Behavior [ RunTime:-2.280633s ]
INFO: [ view_template ] --END-- [ RunTime:0.005878s ]
INFO: [ view_parse ] --START--
INFO: Run ParseTemplate Behavior [ RunTime:-2.286596s ]
INFO: [ view_parse ] --END-- [ RunTime:0.032265s ]
INFO: [ view_filter ] --START--
INFO: Run ContentReplace Behavior [ RunTime:-2.318951s ]
INFO: Run TokenBuild Behavior [ RunTime:-2.322948s ]
INFO: Run WriteHtmlCache Behavior [ RunTime:-2.327452s ]
INFO: Run ShowRuntime Behavior [ RunTime:-2.332409s ]
INFO: [ view_filter ] --END-- [ RunTime:0.019090s ]
INFO: [ view_end ] --START--
INFO: Run ShowPageTrace Behavior [ RunTime:-2.338135s ]
INFO: [ view_end ] --END-- [ RunTime:0.005114s ]

[ 2015-02-24T10:59:44+08:00 ] 111.161.52.27 /
INFO: [ app_begin ] --START--
INFO: Run ReadHtmlCache Behavior [ RunTime:0.003005s ]
INFO: [ app_begin ] --END-- [ RunTime:0.003197s ]
SQL: SHOW COLUMNS FROM `wy_links` [ RunTime:1.552669s ]
SQL: SELECT * FROM `wy_links` WHERE ( `status` = 1 )  [ RunTime:0.000189s ]
NOTIC: [2] Cannot use a scalar value as an array D:\www\qmyx.wuyelaile.com\weiwincms\_Core\Lib\Core\View.class.php ç¬¬ 69 è¡Œ.
INFO: [ view_template ] --START--
INFO: Run LocationTemplate Behavior [ RunTime:-1.679150s ]
INFO: [ view_template ] --END-- [ RunTime:0.007237s ]
INFO: [ view_parse ] --START--
INFO: Run ParseTemplate Behavior [ RunTime:-1.686489s ]
INFO: [ view_parse ] --END-- [ RunTime:0.032032s ]
INFO: [ view_filter ] --START--
INFO: Run ContentReplace Behavior [ RunTime:-1.718592s ]
INFO: Run TokenBuild Behavior [ RunTime:-1.721861s ]
INFO: Run WriteHtmlCache Behavior [ RunTime:-1.725261s ]
INFO: Run ShowRuntime Behavior [ RunTime:-1.727794s ]
INFO: [ view_filter ] --END-- [ RunTime:0.012384s ]
INFO: [ view_end ] --START--
INFO: Run ShowPageTrace Behavior [ RunTime:-1.731105s ]
INFO: [ view_end ] --END-- [ RunTime:0.003313s ]

[ 2015-02-24T10:59:44+08:00 ] 111.161.52.27 /
NOTIC: [32] PHP Startup: Unable to load dynamic library 'D:\WebServer\php-5.2.5 (x64)\ext\php_fileinfo.dll' - ÕÒ²»µ½Ö¸¶¨µÄÄ£¿é¡£
 Unknown ç¬¬ 0 è¡Œ.

[ 2015-02-24T10:59:44+08:00 ] 111.30.132.194 /
INFO: [ app_begin ] --START--
INFO: Run ReadHtmlCache Behavior [ RunTime:0.004043s ]
INFO: [ app_begin ] --END-- [ RunTime:0.004239s ]
SQL: SHOW COLUMNS FROM `wy_links` [ RunTime:1.625919s ]
SQL: SELECT * FROM `wy_links` WHERE ( `status` = 1 )  [ RunTime:0.000170s ]
NOTIC: [2] Cannot use a scalar value as an array D:\www\qmyx.wuyelaile.com\weiwincms\_Core\Lib\Core\View.class.php ç¬¬ 69 è¡Œ.
INFO: [ view_template ] --START--
INFO: Run LocationTemplate Behavior [ RunTime:-2.510875s ]
INFO: [ view_template ] --END-- [ RunTime:0.004968s ]
INFO: [ view_parse ] --START--
INFO: Run ParseTemplate Behavior [ RunTime:-2.515950s ]
INFO: [ view_parse ] --END-- [ RunTime:0.034827s ]
INFO: [ view_filter ] --START--
INFO: Run ContentReplace Behavior [ RunTime:-2.550987s ]
INFO: Run TokenBuild Behavior [ RunTime:-2.555249s ]
INFO: Run WriteHtmlCache Behavior [ RunTime:-2.558486s ]
INFO: Run ShowRuntime Behavior [ RunTime:-2.561571s ]
INFO: [ view_filter ] --END-- [ RunTime:0.014083s ]
INFO: [ view_end ] --START--
INFO: Run ShowPageTrace Behavior [ RunTime:-2.565107s ]
INFO: [ view_end ] --END-- [ RunTime:0.003506s ]

[ 2015-02-24T10:59:44+08:00 ] 111.30.132.194 /
NOTIC: [32] PHP Startup: Unable to load dynamic library 'D:\WebServer\php-5.2.5 (x64)\ext\php_fileinfo.dll' - ÕÒ²»µ½Ö¸¶¨µÄÄ£¿é¡£
 Unknown ç¬¬ 0 è¡Œ.

[ 2015-02-24T10:59:44+08:00 ] 111.161.59.195 /
INFO: [ app_begin ] --START--
INFO: Run ReadHtmlCache Behavior [ RunTime:0.002978s ]
INFO: [ app_begin ] --END-- [ RunTime:0.003202s ]
SQL: SHOW COLUMNS FROM `wy_links` [ RunTime:1.609330s ]
SQL: SELECT * FROM `wy_links` WHERE ( `status` = 1 )  [ RunTime:0.000258s ]
NOTIC: [2] Cannot use a scalar value as an array D:\www\qmyx.wuyelaile.com\weiwincms\_Core\Lib\Core\View.class.php ç¬¬ 69 è¡Œ.
INFO: [ view_template ] --START--
INFO: Run LocationTemplate Behavior [ RunTime:-2.445313s ]
INFO: [ view_template ] --END-- [ RunTime:0.006419s ]
INFO: [ view_parse ] --START--
INFO: Run ParseTemplate Behavior [ RunTime:-2.451878s ]
INFO: [ view_parse ] --END-- [ RunTime:0.031880s ]
INFO: [ view_filter ] --START--
INFO: Run ContentReplace Behavior [ RunTime:-2.483837s ]
INFO: Run TokenBuild Behavior [ RunTime:-2.487285s ]
INFO: Run WriteHtmlCache Behavior [ RunTime:-2.490208s ]
INFO: Run ShowRuntime Behavior [ RunTime:-2.493066s ]
INFO: [ view_filter ] --END-- [ RunTime:0.011983s ]
INFO: [ view_end ] --START--
INFO: Run ShowPageTrace Behavior [ RunTime:-2.495916s ]
INFO: [ view_end ] --END-- [ RunTime:0.002865s ]

[ 2015-02-24T10:59:44+08:00 ] 111.161.59.195 /
NOTIC: [32] PHP Startup: Unable to load dynamic library 'D:\WebServer\php-5.2.5 (x64)\ext\php_fileinfo.dll' - ÕÒ²»µ½Ö¸¶¨µÄÄ£¿é¡£
 Unknown ç¬¬ 0 è¡Œ.

[ 2015-02-24T10:59:44+08:00 ] 125.39.57.38 /
INFO: [ app_begin ] --START--
INFO: Run ReadHtmlCache Behavior [ RunTime:0.003035s ]
INFO: [ app_begin ] --END-- [ RunTime:0.003233s ]
SQL: SHOW COLUMNS FROM `wy_links` [ RunTime:1.648693s ]
SQL: SELECT * FROM `wy_links` WHERE ( `status` = 1 )  [ RunTime:0.000261s ]
NOTIC: [2] Cannot use a scalar value as an array D:\www\qmyx.wuyelaile.com\weiwincms\_Core\Lib\Core\View.class.php ç¬¬ 69 è¡Œ.
INFO: [ view_template ] --START--
INFO: Run LocationTemplate Behavior [ RunTime:-1.904090s ]
INFO: [ view_template ] --END-- [ RunTime:0.005182s ]
INFO: [ view_parse ] --START--
INFO: Run ParseTemplate Behavior [ RunTime:-1.909363s ]
INFO: [ view_parse ] --END-- [ RunTime:0.031701s ]
INFO: [ view_filter ] --START--
INFO: Run ContentReplace Behavior [ RunTime:-1.941140s ]
INFO: Run TokenBuild Behavior [ RunTime:-1.943900s ]
INFO: Run WriteHtmlCache Behavior [ RunTime:-1.948436s ]
INFO: Run ShowRuntime Behavior [ RunTime:-1.952863s ]
INFO: [ view_filter ] --END-- [ RunTime:0.014675s ]
INFO: [ view_end ] --START--
INFO: Run ShowPageTrace Behavior [ RunTime:-1.955923s ]
INFO: [ view_end ] --END-- [ RunTime:0.003033s ]

[ 2015-02-24T10:59:44+08:00 ] 125.39.57.38 /
NOTIC: [32] PHP Startup: Unable to load dynamic library 'D:\WebServer\php-5.2.5 (x64)\ext\php_fileinfo.dll' - ÕÒ²»µ½Ö¸¶¨µÄÄ£¿é¡£
 Unknown ç¬¬ 0 è¡Œ.

[ 2015-02-24T10:59:44+08:00 ] 61.49.57.55 /
INFO: [ app_begin ] --START--
INFO: Run ReadHtmlCache Behavior [ RunTime:0.003187s ]
INFO: [ app_begin ] --END-- [ RunTime:0.003376s ]
SQL: SHOW COLUMNS FROM `wy_links` [ RunTime:1.619755s ]
SQL: SELECT * FROM `wy_links` WHERE ( `status` = 1 )  [ RunTime:0.000177s ]
NOTIC: [2] Cannot use a scalar value as an array D:\www\qmyx.wuyelaile.com\weiwincms\_Core\Lib\Core\View.class.php ç¬¬ 69 è¡Œ.
INFO: [ view_template ] --START--
INFO: Run LocationTemplate Behavior [ RunTime:-1.693270s ]
INFO: [ view_template ] --END-- [ RunTime:0.005239s ]
INFO: [ view_parse ] --START--
INFO: Run ParseTemplate Behavior [ RunTime:-1.698606s ]
INFO: [ view_parse ] --END-- [ RunTime:0.029333s ]
INFO: [ view_filter ] --START--
INFO: Run ContentReplace Behavior [ RunTime:-1.728020s ]
INFO: Run TokenBuild Behavior [ RunTime:-1.730780s ]
INFO: Run WriteHtmlCache Behavior [ RunTime:-1.733770s ]
INFO: Run ShowRuntime Behavior [ RunTime:-1.736521s ]
INFO: [ view_filter ] --END-- [ RunTime:0.011571s ]
INFO: [ view_end ] --START--
INFO: Run ShowPageTrace Behavior [ RunTime:-1.739699s ]
INFO: [ view_end ] --END-- [ RunTime:0.003191s ]

[ 2015-02-24T10:59:44+08:00 ] 61.49.57.55 /
NOTIC: [32] PHP Startup: Unable to load dynamic library 'D:\WebServer\php-5.2.5 (x64)\ext\php_fileinfo.dll' - ÕÒ²»µ½Ö¸¶¨µÄÄ£¿é¡£
 Unknown ç¬¬ 0 è¡Œ.

[ 2015-02-24T10:59:44+08:00 ] 111.30.132.190 /
INFO: [ app_begin ] --START--
INFO: Run ReadHtmlCache Behavior [ RunTime:0.003327s ]
INFO: [ app_begin ] --END-- [ RunTime:0.003523s ]
SQL: SHOW COLUMNS FROM `wy_links` [ RunTime:1.261858s ]
SQL: SELECT * FROM `wy_links` WHERE ( `status` = 1 )  [ RunTime:0.000232s ]
NOTIC: [2] Cannot use a scalar value as an array D:\www\qmyx.wuyelaile.com\weiwincms\_Core\Lib\Core\View.class.php ç¬¬ 69 è¡Œ.
INFO: [ view_template ] --START--
INFO: Run LocationTemplate Behavior [ RunTime:-1.356787s ]
INFO: [ view_template ] --END-- [ RunTime:0.006693s ]
INFO: [ view_parse ] --START--
INFO: Run ParseTemplate Behavior [ RunTime:-1.363576s ]
INFO: [ view_parse ] --END-- [ RunTime:0.030700s ]
INFO: [ view_filter ] --START--
INFO: Run ContentReplace Behavior [ RunTime:-1.394348s ]
INFO: Run TokenBuild Behavior [ RunTime:-1.397459s ]
INFO: Run WriteHtmlCache Behavior [ RunTime:-1.400501s ]
INFO: Run ShowRuntime Behavior [ RunTime:-1.402989s ]
INFO: [ view_filter ] --END-- [ RunTime:0.011398s ]
INFO: [ view_end ] --START--
INFO: Run ShowPageTrace Behavior [ RunTime:-1.405845s ]
INFO: [ view_end ] --END-- [ RunTime:0.002935s ]

[ 2015-02-24T10:59:44+08:00 ] 111.30.132.190 /
NOTIC: [32] PHP Startup: Unable to load dynamic library 'D:\WebServer\php-5.2.5 (x64)\ext\php_fileinfo.dll' - ÕÒ²»µ½Ö¸¶¨µÄÄ£¿é¡£
 Unknown ç¬¬ 0 è¡Œ.

[ 2015-02-24T10:59:44+08:00 ] 111.30.132.205 /
INFO: [ app_begin ] --START--
INFO: Run ReadHtmlCache Behavior [ RunTime:0.003131s ]
INFO: [ app_begin ] --END-- [ RunTime:0.003324s ]
SQL: SHOW COLUMNS FROM `wy_links` [ RunTime:1.652604s ]
SQL: SELECT * FROM `wy_links` WHERE ( `status` = 1 )  [ RunTime:0.000273s ]
NOTIC: [2] Cannot use a scalar value as an array D:\www\qmyx.wuyelaile.com\weiwincms\_Core\Lib\Core\View.class.php ç¬¬ 69 è¡Œ.
INFO: [ view_template ] --START--
INFO: Run LocationTemplate Behavior [ RunTime:-1.920443s ]
INFO: [ view_template ] --END-- [ RunTime:0.005110s ]
INFO: [ view_parse ] --START--
INFO: Run ParseTemplate Behavior [ RunTime:-1.925641s ]
INFO: [ view_parse ] --END-- [ RunTime:0.030034s ]
INFO: [ view_filter ] --START--
INFO: Run ContentReplace Behavior [ RunTime:-1.955759s ]
INFO: Run TokenBuild Behavior [ RunTime:-1.958423s ]
INFO: Run WriteHtmlCache Behavior [ RunTime:-1.961570s ]
INFO: Run ShowRuntime Behavior [ RunTime:-1.964147s ]
INFO: [ view_filter ] --END-- [ RunTime:0.011302s ]
INFO: [ view_end ] --START--
INFO: Run ShowPageTrace Behavior [ RunTime:-1.967170s ]
INFO: [ view_end ] --END-- [ RunTime:0.004008s ]

[ 2015-02-24T10:59:44+08:00 ] 111.30.132.205 /
NOTIC: [32] PHP Startup: Unable to load dynamic library 'D:\WebServer\php-5.2.5 (x64)\ext\php_fileinfo.dll' - ÕÒ²»µ½Ö¸¶¨µÄÄ£¿é¡£
 Unknown ç¬¬ 0 è¡Œ.

[ 2015-02-24T10:59:44+08:00 ] 111.161.62.191 /
INFO: [ app_begin ] --START--
INFO: Run ReadHtmlCache Behavior [ RunTime:0.003047s ]
INFO: [ app_begin ] --END-- [ RunTime:0.003238s ]
SQL: SHOW COLUMNS FROM `wy_links` [ RunTime:1.445532s ]
SQL: SELECT * FROM `wy_links` WHERE ( `status` = 1 )  [ RunTime:0.000202s ]
NOTIC: [2] Cannot use a scalar value as an array D:\www\qmyx.wuyelaile.com\weiwincms\_Core\Lib\Core\View.class.php ç¬¬ 69 è¡Œ.
INFO: [ view_template ] --START--
INFO: Run LocationTemplate Behavior [ RunTime:-1.521928s ]
INFO: [ view_template ] --END-- [ RunTime:0.005661s ]
INFO: [ view_parse ] --START--
INFO: Run ParseTemplate Behavior [ RunTime:-1.527696s ]
INFO: [ view_parse ] --END-- [ RunTime:0.033955s ]
INFO: [ view_filter ] --START--
INFO: Run ContentReplace Behavior [ RunTime:-1.561721s ]
INFO: Run TokenBuild Behavior [ RunTime:-1.564728s ]
INFO: Run WriteHtmlCache Behavior [ RunTime:-1.567837s ]
INFO: Run ShowRuntime Behavior [ RunTime:-1.570519s ]
INFO: [ view_filter ] --END-- [ RunTime:0.011880s ]
INFO: [ view_end ] --START--
INFO: Run ShowPageTrace Behavior [ RunTime:-1.573711s ]
INFO: [ view_end ] --END-- [ RunTime:0.003204s ]

[ 2015-02-24T10:59:44+08:00 ] 111.161.62.191 /
NOTIC: [32] PHP Startup: Unable to load dynamic library 'D:\WebServer\php-5.2.5 (x64)\ext\php_fileinfo.dll' - ÕÒ²»µ½Ö¸¶¨µÄÄ£¿é¡£
 Unknown ç¬¬ 0 è¡Œ.

[ 2015-02-24T10:59:44+08:00 ] 111.161.61.49 /
INFO: [ app_begin ] --START--
INFO: Run ReadHtmlCache Behavior [ RunTime:0.005444s ]
INFO: [ app_begin ] --END-- [ RunTime:0.005693s ]
SQL: SHOW COLUMNS FROM `wy_links` [ RunTime:1.253891s ]
SQL: SELECT * FROM `wy_links` WHERE ( `status` = 1 )  [ RunTime:0.000242s ]
NOTIC: [2] Cannot use a scalar value as an array D:\www\qmyx.wuyelaile.com\weiwincms\_Core\Lib\Core\View.class.php ç¬¬ 69 è¡Œ.
INFO: [ view_template ] --START--
INFO: Run LocationTemplate Behavior [ RunTime:-1.362667s ]
INFO: [ view_template ] --END-- [ RunTime:0.005707s ]
INFO: [ view_parse ] --START--
INFO: Run ParseTemplate Behavior [ RunTime:-1.368466s ]
INFO: [ view_parse ] --END-- [ RunTime:0.031952s ]
INFO: [ view_filter ] --START--
INFO: Run ContentReplace Behavior [ RunTime:-1.400526s ]
INFO: Run TokenBuild Behavior [ RunTime:-1.404572s ]
INFO: Run WriteHtmlCache Behavior [ RunTime:-1.408357s ]
INFO: Run ShowRuntime Behavior [ RunTime:-1.411351s ]
INFO: [ view_filter ] --END-- [ RunTime:0.014186s ]
INFO: [ view_end ] --START--
INFO: Run ShowPageTrace Behavior [ RunTime:-1.414815s ]
INFO: [ view_end ] --END-- [ RunTime:0.003486s ]

[ 2015-02-24T10:59:44+08:00 ] 111.161.61.49 /
NOTIC: [32] PHP Startup: Unable to load dynamic library 'D:\WebServer\php-5.2.5 (x64)\ext\php_fileinfo.dll' - ÕÒ²»µ½Ö¸¶¨µÄÄ£¿é¡£
 Unknown ç¬¬ 0 è¡Œ.

[ 2015-02-24T10:59:44+08:00 ] 111.161.62.191 /
INFO: [ app_begin ] --START--
INFO: Run ReadHtmlCache Behavior [ RunTime:0.002902s ]
INFO: [ app_begin ] --END-- [ RunTime:0.003113s ]
SQL: SHOW COLUMNS FROM `wy_links` [ RunTime:1.271792s ]
SQL: SELECT * FROM `wy_links` WHERE ( `status` = 1 )  [ RunTime:0.000218s ]
NOTIC: [2] Cannot use a scalar value as an array D:\www\qmyx.wuyelaile.com\weiwincms\_Core\Lib\Core\View.class.php ç¬¬ 69 è¡Œ.
INFO: [ view_template ] --START--
INFO: Run LocationTemplate Behavior [ RunTime:-1.410321s ]
INFO: [ view_template ] --END-- [ RunTime:0.006236s ]
INFO: [ view_parse ] --START--
INFO: Run ParseTemplate Behavior [ RunTime:-1.416617s ]
INFO: [ view_parse ] --END-- [ RunTime:0.032670s ]
INFO: [ view_filter ] --START--
INFO: Run ContentReplace Behavior [ RunTime:-1.449357s ]
INFO: Run TokenBuild Behavior [ RunTime:-1.452768s ]
INFO: Run WriteHtmlCache Behavior [ RunTime:-1.455896s ]
INFO: Run ShowRuntime Behavior [ RunTime:-1.460587s ]
INFO: [ view_filter ] --END-- [ RunTime:0.015248s ]
INFO: [ view_end ] --START--
INFO: Run ShowPageTrace Behavior [ RunTime:-1.464712s ]
INFO: [ view_end ] --END-- [ RunTime:0.003018s ]

[ 2015-02-24T10:59:44+08:00 ] 111.161.62.191 /
NOTIC: [32] PHP Startup: Unable to load dynamic library 'D:\WebServer\php-5.2.5 (x64)\ext\php_fileinfo.dll' - ÕÒ²»µ½Ö¸¶¨µÄÄ£¿é¡£
 Unknown ç¬¬ 0 è¡Œ.

[ 2015-02-24T10:59:44+08:00 ] 111.161.59.193 /
INFO: [ app_begin ] --START--
INFO: Run ReadHtmlCache Behavior [ RunTime:0.002983s ]
INFO: [ app_begin ] --END-- [ RunTime:0.003185s ]
SQL: SHOW COLUMNS FROM `wy_links` [ RunTime:1.095854s ]
SQL: SELECT * FROM `wy_links` WHERE ( `status` = 1 )  [ RunTime:0.000245s ]
NOTIC: [2] Cannot use a scalar value as an array D:\www\qmyx.wuyelaile.com\weiwincms\_Core\Lib\Core\View.class.php ç¬¬ 69 è¡Œ.
INFO: [ view_template ] --START--
INFO: Run LocationTemplate Behavior [ RunTime:-1.201516s ]
INFO: [ view_template ] --END-- [ RunTime:0.005990s ]
INFO: [ view_parse ] --START--
INFO: Run ParseTemplate Behavior [ RunTime:-1.207610s ]
INFO: [ view_parse ] --END-- [ RunTime:0.032353s ]
INFO: [ view_filter ] --START--
INFO: Run ContentReplace Behavior [ RunTime:-1.240034s ]
INFO: Run TokenBuild Behavior [ RunTime:-1.243584s ]
INFO: Run WriteHtmlCache Behavior [ RunTime:-1.246890s ]
INFO: Run ShowRuntime Behavior [ RunTime:-1.249642s ]
INFO: [ view_filter ] --END-- [ RunTime:0.012717s ]
INFO: [ view_end ] --START--
INFO: Run ShowPageTrace Behavior [ RunTime:-1.252887s ]
INFO: [ view_end ] --END-- [ RunTime:0.003158s ]

[ 2015-02-24T10:59:44+08:00 ] 111.161.59.193 /
NOTIC: [32] PHP Startup: Unable to load dynamic library 'D:\WebServer\php-5.2.5 (x64)\ext\php_fileinfo.dll' - ÕÒ²»µ½Ö¸¶¨µÄÄ£¿é¡£
 Unknown ç¬¬ 0 è¡Œ.

[ 2015-02-24T10:59:44+08:00 ] 111.30.132.205 /
INFO: [ app_begin ] --START--
INFO: Run ReadHtmlCache Behavior [ RunTime:0.003412s ]
INFO: [ app_begin ] --END-- [ RunTime:0.003599s ]
SQL: SHOW COLUMNS FROM `wy_links` [ RunTime:1.111727s ]
SQL: SELECT * FROM `wy_links` WHERE ( `status` = 1 )  [ RunTime:0.000188s ]
NOTIC: [2] Cannot use a scalar value as an array D:\www\qmyx.wuyelaile.com\weiwincms\_Core\Lib\Core\View.class.php ç¬¬ 69 è¡Œ.
INFO: [ view_template ] --START--
INFO: Run LocationTemplate Behavior [ RunTime:-1.171460s ]
INFO: [ view_template ] --END-- [ RunTime:0.005698s ]
INFO: [ view_parse ] --START--
INFO: Run ParseTemplate Behavior [ RunTime:-1.177226s ]
INFO: [ view_parse ] --END-- [ RunTime:0.031606s ]
INFO: [ view_filter ] --START--
INFO: Run ContentReplace Behavior [ RunTime:-1.208898s ]
INFO: Run TokenBuild Behavior [ RunTime:-1.211702s ]
INFO: Run WriteHtmlCache Behavior [ RunTime:-1.214716s ]
INFO: Run ShowRuntime Behavior [ RunTime:-1.217544s ]
INFO: [ view_filter ] --END-- [ RunTime:0.011583s ]
INFO: [ view_end ] --START--
INFO: Run ShowPageTrace Behavior [ RunTime:-1.220587s ]
INFO: [ view_end ] --END-- [ RunTime:0.003300s ]

[ 2015-02-24T10:59:44+08:00 ] 111.30.132.205 /
NOTIC: [32] PHP Startup: Unable to load dynamic library 'D:\WebServer\php-5.2.5 (x64)\ext\php_fileinfo.dll' - ÕÒ²»µ½Ö¸¶¨µÄÄ£¿é¡£
 Unknown ç¬¬ 0 è¡Œ.

[ 2015-02-24T10:59:44+08:00 ] 111.30.132.208 /
INFO: [ app_begin ] --START--
INFO: Run ReadHtmlCache Behavior [ RunTime:0.000796s ]
INFO: [ app_begin ] --END-- [ RunTime:0.000936s ]
SQL: SHOW COLUMNS FROM `wy_links` [ RunTime:1.165173s ]
SQL: SELECT * FROM `wy_links` WHERE ( `status` = 1 )  [ RunTime:0.000183s ]
NOTIC: [2] Cannot use a scalar value as an array D:\www\qmyx.wuyelaile.com\weiwincms\_Core\Lib\Core\View.class.php ç¬¬ 69 è¡Œ.
INFO: [ view_template ] --START--
INFO: Run LocationTemplate Behavior [ RunTime:-1.217714s ]
INFO: [ view_template ] --END-- [ RunTime:0.001288s ]
INFO: [ view_parse ] --START--
INFO: Run ParseTemplate Behavior [ RunTime:-1.219090s ]
INFO: [ view_parse ] --END-- [ RunTime:0.010805s ]
INFO: [ view_filter ] --START--
INFO: Run ContentReplace Behavior [ RunTime:-1.229967s ]
INFO: Run TokenBuild Behavior [ RunTime:-1.230595s ]
INFO: Run WriteHtmlCache Behavior [ RunTime:-1.231294s ]
INFO: Run ShowRuntime Behavior [ RunTime:-1.231763s ]
INFO: [ view_filter ] --END-- [ RunTime:0.002543s ]
INFO: [ view_end ] --START--
INFO: Run ShowPageTrace Behavior [ RunTime:-1.232604s ]
INFO: [ view_end ] --END-- [ RunTime:0.000856s ]

[ 2015-02-24T10:59:44+08:00 ] 111.30.132.146 /
INFO: [ app_begin ] --START--
INFO: Run ReadHtmlCache Behavior [ RunTime:0.000790s ]
INFO: [ app_begin ] --END-- [ RunTime:0.000935s ]
SQL: SHOW COLUMNS FROM `wy_links` [ RunTime:1.079773s ]
SQL: SELECT * FROM `wy_links` WHERE ( `status` = 1 )  [ RunTime:0.000156s ]
NOTIC: [2] Cannot use a scalar value as an array D:\www\qmyx.wuyelaile.com\weiwincms\_Core\Lib\Core\View.class.php ç¬¬ 69 è¡Œ.
INFO: [ view_template ] --START--
INFO: Run LocationTemplate Behavior [ RunTime:-1.099897s ]
INFO: [ view_template ] --END-- [ RunTime:0.001279s ]
INFO: [ view_parse ] --START--
INFO: Run ParseTemplate Behavior [ RunTime:-1.101258s ]
INFO: [ view_parse ] --END-- [ RunTime:0.010831s ]
INFO: [ view_filter ] --START--
INFO: Run ContentReplace Behavior [ RunTime:-1.112160s ]
INFO: Run TokenBuild Behavior [ RunTime:-1.112830s ]
INFO: Run WriteHtmlCache Behavior [ RunTime:-1.113544s ]
INFO: Run ShowRuntime Behavior [ RunTime:-1.114042s ]
INFO: [ view_filter ] --END-- [ RunTime:0.002654s ]
INFO: [ view_end ] --START--
INFO: Run ShowPageTrace Behavior [ RunTime:-1.114908s ]
INFO: [ view_end ] --END-- [ RunTime:0.000870s ]

[ 2015-02-24T10:59:44+08:00 ] 111.30.132.212 /
INFO: [ app_begin ] --START--
INFO: Run ReadHtmlCache Behavior [ RunTime:0.003245s ]
INFO: [ app_begin ] --END-- [ RunTime:0.003497s ]
SQL: SHOW COLUMNS FROM `wy_links` [ RunTime:0.953098s ]
SQL: SELECT * FROM `wy_links` WHERE ( `status` = 1 )  [ RunTime:0.000183s ]
NOTIC: [2] Cannot use a scalar value as an array D:\www\qmyx.wuyelaile.com\weiwincms\_Core\Lib\Core\View.class.php ç¬¬ 69 è¡Œ.
INFO: [ view_template ] --START--
INFO: Run LocationTemplate Behavior [ RunTime:-1.014915s ]
INFO: [ view_template ] --END-- [ RunTime:0.005413s ]
INFO: [ view_parse ] --START--
INFO: Run ParseTemplate Behavior [ RunTime:-1.020451s ]
INFO: [ view_parse ] --END-- [ RunTime:0.034306s ]
INFO: [ view_filter ] --START--
INFO: Run ContentReplace Behavior [ RunTime:-1.054799s ]
INFO: Run TokenBuild Behavior [ RunTime:-1.057664s ]
INFO: Run WriteHtmlCache Behavior [ RunTime:-1.061292s ]
INFO: Run ShowRuntime Behavior [ RunTime:-1.064480s ]
INFO: [ view_filter ] --END-- [ RunTime:0.013102s ]
INFO: [ view_end ] --START--
INFO: Run ShowPageTrace Behavior [ RunTime:-1.067998s ]
INFO: [ view_end ] --END-- [ RunTime:0.003841s ]

[ 2015-02-24T10:59:44+08:00 ] 111.30.132.194 /
INFO: [ app_begin ] --START--
INFO: Run ReadHtmlCache Behavior [ RunTime:0.003262s ]
INFO: [ app_begin ] --END-- [ RunTime:0.003445s ]
SQL: SHOW COLUMNS FROM `wy_links` [ RunTime:0.924392s ]
SQL: SELECT * FROM `wy_links` WHERE ( `status` = 1 )  [ RunTime:0.000185s ]
NOTIC: [2] Cannot use a scalar value as an array D:\www\qmyx.wuyelaile.com\weiwincms\_Core\Lib\Core\View.class.php ç¬¬ 69 è¡Œ.
INFO: [ view_template ] --START--
INFO: Run LocationTemplate Behavior [ RunTime:-0.976074s ]
INFO: [ view_template ] --END-- [ RunTime:0.005556s ]
INFO: [ view_parse ] --START--
INFO: Run ParseTemplate Behavior [ RunTime:-0.981713s ]
INFO: [ view_parse ] --END-- [ RunTime:0.031214s ]
INFO: [ view_filter ] --START--
INFO: Run ContentReplace Behavior [ RunTime:-1.013002s ]
INFO: Run TokenBuild Behavior [ RunTime:-1.015879s ]
INFO: Run WriteHtmlCache Behavior [ RunTime:-1.020218s ]
INFO: Run ShowRuntime Behavior [ RunTime:-1.023434s ]
INFO: [ view_filter ] --END-- [ RunTime:0.013785s ]
INFO: [ view_end ] --START--
INFO: Run ShowPageTrace Behavior [ RunTime:-1.026914s ]
INFO: [ view_end ] --END-- [ RunTime:0.003630s ]

[ 2015-02-24T10:59:44+08:00 ] 111.30.132.212 /
NOTIC: [32] PHP Startup: Unable to load dynamic library 'D:\WebServer\php-5.2.5 (x64)\ext\php_fileinfo.dll' - ÕÒ²»µ½Ö¸¶¨µÄÄ£¿é¡£
 Unknown ç¬¬ 0 è¡Œ.

[ 2015-02-24T10:59:44+08:00 ] 111.30.132.194 /
NOTIC: [32] PHP Startup: Unable to load dynamic library 'D:\WebServer\php-5.2.5 (x64)\ext\php_fileinfo.dll' - ÕÒ²»µ½Ö¸¶¨µÄÄ£¿é¡£
 Unknown ç¬¬ 0 è¡Œ.

[ 2015-02-24T10:59:44+08:00 ] 125.39.210.31 /
INFO: [ app_begin ] --START--
INFO: Run ReadHtmlCache Behavior [ RunTime:0.000777s ]
INFO: [ app_begin ] --END-- [ RunTime:0.000919s ]
SQL: SHOW COLUMNS FROM `wy_links` [ RunTime:0.778731s ]
SQL: SELECT * FROM `wy_links` WHERE ( `status` = 1 )  [ RunTime:0.000439s ]
NOTIC: [2] Cannot use a scalar value as an array D:\www\qmyx.wuyelaile.com\weiwincms\_Core\Lib\Core\View.class.php ç¬¬ 69 è¡Œ.
INFO: [ view_template ] --START--
INFO: Run LocationTemplate Behavior [ RunTime:-0.802945s ]
INFO: [ view_template ] --END-- [ RunTime:0.001369s ]
INFO: [ view_parse ] --START--
INFO: Run ParseTemplate Behavior [ RunTime:-0.804404s ]
INFO: [ view_parse ] --END-- [ RunTime:0.011479s ]
INFO: [ view_filter ] --START--
INFO: Run ContentReplace Behavior [ RunTime:-0.815953s ]
INFO: Run TokenBuild Behavior [ RunTime:-0.816632s ]
INFO: Run WriteHtmlCache Behavior [ RunTime:-0.817357s ]
INFO: Run ShowRuntime Behavior [ RunTime:-0.817861s ]
INFO: [ view_filter ] --END-- [ RunTime:0.002690s ]
INFO: [ view_end ] --START--
INFO: Run ShowPageTrace Behavior [ RunTime:-0.818738s ]
INFO: [ view_end ] --END-- [ RunTime:0.000894s ]

[ 2015-02-24T10:59:44+08:00 ] 111.30.132.190 /
INFO: [ app_begin ] --START--
INFO: Run ReadHtmlCache Behavior [ RunTime:0.000741s ]
INFO: [ app_begin ] --END-- [ RunTime:0.000873s ]
SQL: SHOW COLUMNS FROM `wy_links` [ RunTime:0.912688s ]
SQL: SELECT * FROM `wy_links` WHERE ( `status` = 1 )  [ RunTime:0.000426s ]
NOTIC: [2] Cannot use a scalar value as an array D:\www\qmyx.wuyelaile.com\weiwincms\_Core\Lib\Core\View.class.php ç¬¬ 69 è¡Œ.
INFO: [ view_template ] --START--
INFO: Run LocationTemplate Behavior [ RunTime:-0.934408s ]
INFO: [ view_template ] --END-- [ RunTime:0.001323s ]
INFO: [ view_parse ] --START--
INFO: Run ParseTemplate Behavior [ RunTime:-0.935813s ]
INFO: [ view_parse ] --END-- [ RunTime:0.011099s ]
INFO: [ view_filter ] --START--
INFO: Run ContentReplace Behavior [ RunTime:-0.946977s ]
INFO: Run TokenBuild Behavior [ RunTime:-0.947638s ]
INFO: Run WriteHtmlCache Behavior [ RunTime:-0.948373s ]
INFO: Run ShowRuntime Behavior [ RunTime:-0.948911s ]
INFO: [ view_filter ] --END-- [ RunTime:0.002727s ]
INFO: [ view_end ] --START--
INFO: Run ShowPageTrace Behavior [ RunTime:-0.949816s ]
INFO: [ view_end ] --END-- [ RunTime:0.000879s ]

[ 2015-02-24T10:59:44+08:00 ] 111.30.132.148 /
INFO: [ app_begin ] --START--
INFO: Run ReadHtmlCache Behavior [ RunTime:0.000786s ]
INFO: [ app_begin ] --END-- [ RunTime:0.000930s ]
SQL: SHOW COLUMNS FROM `wy_links` [ RunTime:0.675225s ]
SQL: SELECT * FROM `wy_links` WHERE ( `status` = 1 )  [ RunTime:0.000158s ]
NOTIC: [2] Cannot use a scalar value as an array D:\www\qmyx.wuyelaile.com\weiwincms\_Core\Lib\Core\View.class.php ç¬¬ 69 è¡Œ.
INFO: [ view_template ] --START--
INFO: Run LocationTemplate Behavior [ RunTime:-0.706020s ]
INFO: [ view_template ] --END-- [ RunTime:0.001425s ]
INFO: [ view_parse ] --START--
INFO: Run ParseTemplate Behavior [ RunTime:-0.707534s ]
INFO: [ view_parse ] --END-- [ RunTime:0.011276s ]
INFO: [ view_filter ] --START--
INFO: Run ContentReplace Behavior [ RunTime:-0.718880s ]
INFO: Run TokenBuild Behavior [ RunTime:-0.719513s ]
INFO: Run WriteHtmlCache Behavior [ RunTime:-0.720196s ]
INFO: Run ShowRuntime Behavior [ RunTime:-0.720683s ]
INFO: [ view_filter ] --END-- [ RunTime:0.002563s ]
INFO: [ view_end ] --START--
INFO: Run ShowPageTrace Behavior [ RunTime:-0.721542s ]
INFO: [ view_end ] --END-- [ RunTime:0.000897s ]

[ 2015-02-24T10:59:44+08:00 ] 111.30.132.212 /
INFO: [ app_begin ] --START--
INFO: Run ReadHtmlCache Behavior [ RunTime:0.003556s ]
INFO: [ app_begin ] --END-- [ RunTime:0.003777s ]
SQL: SHOW COLUMNS FROM `wy_links` [ RunTime:0.925368s ]
SQL: SELECT * FROM `wy_links` WHERE ( `status` = 1 )  [ RunTime:0.000207s ]
NOTIC: [2] Cannot use a scalar value as an array D:\www\qmyx.wuyelaile.com\weiwincms\_Core\Lib\Core\View.class.php ç¬¬ 69 è¡Œ.
INFO: [ view_template ] --START--
INFO: Run LocationTemplate Behavior [ RunTime:-0.967956s ]
INFO: [ view_template ] --END-- [ RunTime:0.005355s ]
INFO: [ view_parse ] --START--
INFO: Run ParseTemplate Behavior [ RunTime:-0.973395s ]
INFO: [ view_parse ] --END-- [ RunTime:0.039256s ]
INFO: [ view_filter ] --START--
INFO: Run ContentReplace Behavior [ RunTime:-1.012725s ]
INFO: Run TokenBuild Behavior [ RunTime:-1.015633s ]
INFO: Run WriteHtmlCache Behavior [ RunTime:-1.018606s ]
INFO: Run ShowRuntime Behavior [ RunTime:-1.021327s ]
INFO: [ view_filter ] --END-- [ RunTime:0.011590s ]
INFO: [ view_end ] --START--
INFO: Run ShowPageTrace Behavior [ RunTime:-1.024415s ]
INFO: [ view_end ] --END-- [ RunTime:0.002831s ]

[ 2015-02-24T10:59:44+08:00 ] 111.30.132.212 /
NOTIC: [32] PHP Startup: Unable to load dynamic library 'D:\WebServer\php-5.2.5 (x64)\ext\php_fileinfo.dll' - ÕÒ²»µ½Ö¸¶¨µÄÄ£¿é¡£
 Unknown ç¬¬ 0 è¡Œ.

[ 2015-02-24T10:59:44+08:00 ] 111.30.132.212 /
INFO: [ app_begin ] --START--
INFO: Run ReadHtmlCache Behavior [ RunTime:0.005876s ]
INFO: [ app_begin ] --END-- [ RunTime:0.006021s ]
SQL: SHOW COLUMNS FROM `wy_links` [ RunTime:0.735994s ]
SQL: SELECT * FROM `wy_links` WHERE ( `status` = 1 )  [ RunTime:0.011288s ]
NOTIC: [2] Cannot use a scalar value as an array D:\www\qmyx.wuyelaile.com\weiwincms\_Core\Lib\Core\View.class.php ç¬¬ 69 è¡Œ.
INFO: [ view_template ] --START--
INFO: Run LocationTemplate Behavior [ RunTime:-0.798417s ]
INFO: [ view_template ] --END-- [ RunTime:0.005799s ]
INFO: [ view_parse ] --START--
INFO: Run ParseTemplate Behavior [ RunTime:-0.804301s ]
INFO: [ view_parse ] --END-- [ RunTime:0.031909s ]
INFO: [ view_filter ] --START--
INFO: Run ContentReplace Behavior [ RunTime:-0.836302s ]
INFO: Run TokenBuild Behavior [ RunTime:-0.840038s ]
INFO: Run WriteHtmlCache Behavior [ RunTime:-0.844055s ]
INFO: Run ShowRuntime Behavior [ RunTime:-0.848645s ]
INFO: [ view_filter ] --END-- [ RunTime:0.016951s ]
INFO: [ view_end ] --START--
INFO: Run ShowPageTrace Behavior [ RunTime:-0.853356s ]
INFO: [ view_end ] --END-- [ RunTime:0.004941s ]

[ 2015-02-24T10:59:44+08:00 ] 111.30.132.212 /
INFO: [ app_begin ] --START--
INFO: Run ReadHtmlCache Behavior [ RunTime:0.000798s ]
INFO: [ app_begin ] --END-- [ RunTime:0.000928s ]
SQL: SHOW COLUMNS FROM `wy_links` [ RunTime:0.631108s ]
SQL: SELECT * FROM `wy_links` WHERE ( `status` = 1 )  [ RunTime:0.000170s ]
NOTIC: [2] Cannot use a scalar value as an array D:\www\qmyx.wuyelaile.com\weiwincms\_Core\Lib\Core\View.class.php ç¬¬ 69 è¡Œ.
INFO: [ view_template ] --START--
INFO: Run LocationTemplate Behavior [ RunTime:-0.652884s ]
INFO: [ view_template ] --END-- [ RunTime:0.001660s ]
INFO: [ view_parse ] --START--
INFO: Run ParseTemplate Behavior [ RunTime:-0.654622s ]
INFO: [ view_parse ] --END-- [ RunTime:0.011273s ]
INFO: [ view_filter ] --START--
INFO: Run ContentReplace Behavior [ RunTime:-0.665994s ]
INFO: Run TokenBuild Behavior [ RunTime:-0.666646s ]
INFO: Run WriteHtmlCache Behavior [ RunTime:-0.667378s ]
INFO: Run ShowRuntime Behavior [ RunTime:-0.667875s ]
INFO: [ view_filter ] --END-- [ RunTime:0.002746s ]
INFO: [ view_end ] --START--
INFO: Run ShowPageTrace Behavior [ RunTime:-0.668812s ]
INFO: [ view_end ] --END-- [ RunTime:0.000879s ]

[ 2015-02-24T11:00:06+08:00 ] 117.136.77.146 /index.php?g=Wap&m=Agent&a=register&token=jeifef1412084627
INFO: [ app_begin ] --START--
INFO: Run ReadHtmlCache Behavior [ RunTime:0.000711s ]
INFO: [ app_begin ] --END-- [ RunTime:0.000849s ]
NOTIC: [8] Undefined index:  wecha_id D:\www\qmyx.wuyelaile.com\weiwincms\Lib\Action\Wap\AgentAction.class.php ç¬¬ 130 è¡Œ.
SQL: SHOW COLUMNS FROM `wy_wxuser` [ RunTime:0.037001s ]
SQL: SELECT `wxname`,`headerpic` FROM `wy_wxuser` WHERE ( `token` = 'jeifef1412084627' ) LIMIT 1   [ RunTime:0.000403s ]
NOTIC: [2] Cannot use a scalar value as an array D:\www\qmyx.wuyelaile.com\weiwincms\_Core\Lib\Core\View.class.php ç¬¬ 69 è¡Œ.
INFO: [ view_template ] --START--
INFO: Run LocationTemplate Behavior [ RunTime:-0.067573s ]
INFO: [ view_template ] --END-- [ RunTime:0.004261s ]
INFO: [ view_parse ] --START--
INFO: Run ParseTemplate Behavior [ RunTime:-0.071919s ]
INFO: [ view_parse ] --END-- [ RunTime:0.016886s ]
INFO: [ view_filter ] --START--
INFO: Run ContentReplace Behavior [ RunTime:-0.088874s ]
INFO: Run TokenBuild Behavior [ RunTime:-0.089513s ]
INFO: Run WriteHtmlCache Behavior [ RunTime:-0.090189s ]
INFO: Run ShowRuntime Behavior [ RunTime:-0.090681s ]
INFO: [ view_filter ] --END-- [ RunTime:0.002577s ]
INFO: [ view_end ] --START--
INFO: Run ShowPageTrace Behavior [ RunTime:-0.091551s ]
INFO: [ view_end ] --END-- [ RunTime:0.000949s ]

[ 2015-02-24T11:00:06+08:00 ] 180.153.206.25 /index.php?g=Wap&m=Agent&a=register&token=jeifef1412084627
INFO: [ app_begin ] --START--
INFO: Run ReadHtmlCache Behavior [ RunTime:0.004936s ]
INFO: [ app_begin ] --END-- [ RunTime:0.005084s ]
NOTIC: [8] Undefined index:  wecha_id D:\www\qmyx.wuyelaile.com\weiwincms\Lib\Action\Wap\AgentAction.class.php ç¬¬ 130 è¡Œ.
SQL: SHOW COLUMNS FROM `wy_wxuser` [ RunTime:0.009713s ]
SQL: SELECT `wxname`,`headerpic` FROM `wy_wxuser` WHERE ( `token` = 'jeifef1412084627' ) LIMIT 1   [ RunTime:0.000181s ]
NOTIC: [2] Cannot use a scalar value as an array D:\www\qmyx.wuyelaile.com\weiwincms\_Core\Lib\Core\View.class.php ç¬¬ 69 è¡Œ.
INFO: [ view_template ] --START--
INFO: Run LocationTemplate Behavior [ RunTime:-0.060935s ]
INFO: [ view_template ] --END-- [ RunTime:0.006770s ]
INFO: [ view_parse ] --START--
INFO: Run ParseTemplate Behavior [ RunTime:-0.067792s ]
INFO: [ view_parse ] --END-- [ RunTime:0.029516s ]
INFO: [ view_filter ] --START--
INFO: Run ContentReplace Behavior [ RunTime:-0.097390s ]
INFO: Run TokenBuild Behavior [ RunTime:-0.100970s ]
INFO: Run WriteHtmlCache Behavior [ RunTime:-0.104591s ]
INFO: Run ShowRuntime Behavior [ RunTime:-0.109082s ]
INFO: [ view_filter ] --END-- [ RunTime:0.016434s ]
INFO: [ view_end ] --START--
INFO: Run ShowPageTrace Behavior [ RunTime:-0.113927s ]
INFO: [ view_end ] --END-- [ RunTime:0.005511s ]

[ 2015-02-24T12:01:41+08:00 ] 183.136.190.62 /
INFO: [ app_begin ] --START--
INFO: Run ReadHtmlCache Behavior [ RunTime:0.005631s ]
INFO: [ app_begin ] --END-- [ RunTime:0.006145s ]
SQL: SHOW COLUMNS FROM `wy_links` [ RunTime:0.011507s ]
SQL: SELECT * FROM `wy_links` WHERE ( `status` = 1 )  [ RunTime:0.000249s ]
NOTIC: [2] Cannot use a scalar value as an array D:\www\qmyx.wuyelaile.com\weiwincms\_Core\Lib\Core\View.class.php ç¬¬ 69 è¡Œ.
INFO: [ view_template ] --START--
INFO: Run LocationTemplate Behavior [ RunTime:-0.049771s ]
INFO: [ view_template ] --END-- [ RunTime:0.005513s ]
INFO: [ view_parse ] --START--
INFO: Run ParseTemplate Behavior [ RunTime:-0.055342s ]
INFO: [ view_parse ] --END-- [ RunTime:0.031786s ]
INFO: [ view_filter ] --START--
INFO: Run ContentReplace Behavior [ RunTime:-0.087198s ]
INFO: Run TokenBuild Behavior [ RunTime:-0.090253s ]
INFO: Run WriteHtmlCache Behavior [ RunTime:-0.093669s ]
INFO: Run ShowRuntime Behavior [ RunTime:-0.096509s ]
INFO: [ view_filter ] --END-- [ RunTime:0.012379s ]
INFO: [ view_end ] --START--
INFO: Run ShowPageTrace Behavior [ RunTime:-0.099862s ]
INFO: [ view_end ] --END-- [ RunTime:0.003255s ]

[ 2015-02-24T12:01:41+08:00 ] 183.136.190.62 /
NOTIC: [32] PHP Startup: Unable to load dynamic library 'D:\WebServer\php-5.2.5 (x64)\ext\php_fileinfo.dll' - ÕÒ²»µ½Ö¸¶¨µÄÄ£¿é¡£
 Unknown ç¬¬ 0 è¡Œ.

[ 2015-02-24T14:27:47+08:00 ] 27.200.216.126 /index.php?g=Wap&m=Agent&a=index&token=jeifef1412084627&from=timeline&isappinstalled=0
INFO: [ app_begin ] --START--
INFO: Run ReadHtmlCache Behavior [ RunTime:0.005702s ]
INFO: [ app_begin ] --END-- [ RunTime:0.005909s ]
SQL: SHOW COLUMNS FROM `wy_lpinfo` [ RunTime:0.009718s ]
SQL: SELECT * FROM `wy_lpinfo` WHERE ( `token` = 'jeifef1412084627' ) ORDER BY houseSort desc,id desc LIMIT 0,20   [ RunTime:0.000633s ]
NOTIC: [8] Undefined index:  wecha_id D:\www\qmyx.wuyelaile.com\weiwincms\Lib\Action\Wap\AgentAction.class.php ç¬¬ 29 è¡Œ.
SQL: SHOW COLUMNS FROM `wy_jjr` [ RunTime:0.009154s ]
SQL: SELECT * FROM `wy_jjr` WHERE ( `Wecha_id` = null ) AND ( `Token` = 'jeifef1412084627' ) LIMIT 1   [ RunTime:0.000203s ]
SQL: SHOW COLUMNS FROM `wy_share_content` [ RunTime:0.010203s ]
SQL: SELECT * FROM `wy_share_content` WHERE token='jeifef1412084627' LIMIT 1   [ RunTime:0.000234s ]
NOTIC: [2] Cannot use a scalar value as an array D:\www\qmyx.wuyelaile.com\weiwincms\_Core\Lib\Core\View.class.php ç¬¬ 69 è¡Œ.
INFO: [ view_template ] --START--
INFO: Run LocationTemplate Behavior [ RunTime:-0.085597s ]
INFO: [ view_template ] --END-- [ RunTime:0.007387s ]
INFO: [ view_parse ] --START--
NOTIC: [8] Undefined index:  wecha_id D:\www\qmyx.wuyelaile.com\weiwindata\logs\Cache\Wap\83c1e8c23d0efff676593c1e07496794.php ç¬¬ 68 è¡Œ.
NOTIC: [8] Undefined index:  wecha_id D:\www\qmyx.wuyelaile.com\weiwindata\logs\Cache\Wap\83c1e8c23d0efff676593c1e07496794.php ç¬¬ 73 è¡Œ.
NOTIC: [8] Undefined index:  wecha_id D:\www\qmyx.wuyelaile.com\weiwindata\logs\Cache\Wap\83c1e8c23d0efff676593c1e07496794.php ç¬¬ 76 è¡Œ.
NOTIC: [8] Undefined index:  wecha_id D:\www\qmyx.wuyelaile.com\weiwindata\logs\Cache\Wap\83c1e8c23d0efff676593c1e07496794.php ç¬¬ 79 è¡Œ.
NOTIC: [8] Undefined index:  wecha_id D:\www\qmyx.wuyelaile.com\weiwindata\logs\Cache\Wap\83c1e8c23d0efff676593c1e07496794.php ç¬¬ 82 è¡Œ.
NOTIC: [8] Undefined index:  wecha_id D:\www\qmyx.wuyelaile.com\weiwindata\logs\Cache\Wap\83c1e8c23d0efff676593c1e07496794.php ç¬¬ 85 è¡Œ.
NOTIC: [8] Undefined index:  wecha_id D:\www\qmyx.wuyelaile.com\weiwindata\logs\Cache\Wap\83c1e8c23d0efff676593c1e07496794.php ç¬¬ 88 è¡Œ.
NOTIC: [8] Undefined index:  wecha_id D:\www\qmyx.wuyelaile.com\weiwindata\logs\Cache\Wap\83c1e8c23d0efff676593c1e07496794.php ç¬¬ 97 è¡Œ.
NOTIC: [8] Undefined index:  wecha_id D:\www\qmyx.wuyelaile.com\weiwindata\logs\Cache\Wap\83c1e8c23d0efff676593c1e07496794.php ç¬¬ 97 è¡Œ.
NOTIC: [8] Undefined index:  wecha_id D:\www\qmyx.wuyelaile.com\weiwindata\logs\Cache\Wap\83c1e8c23d0efff676593c1e07496794.php ç¬¬ 97 è¡Œ.
NOTIC: [8] Undefined index:  wecha_id D:\www\qmyx.wuyelaile.com\weiwindata\logs\Cache\Wap\83c1e8c23d0efff676593c1e07496794.php ç¬¬ 97 è¡Œ.
NOTIC: [8] Undefined index:  wecha_id D:\www\qmyx.wuyelaile.com\weiwindata\logs\Cache\Wap\83c1e8c23d0efff676593c1e07496794.php ç¬¬ 97 è¡Œ.
NOTIC: [8] Undefined index:  wecha_id D:\www\qmyx.wuyelaile.com\weiwindata\logs\Cache\Wap\83c1e8c23d0efff676593c1e07496794.php ç¬¬ 97 è¡Œ.
NOTIC: [8] Undefined index:  wecha_id D:\www\qmyx.wuyelaile.com\weiwindata\logs\Cache\Wap\83c1e8c23d0efff676593c1e07496794.php ç¬¬ 97 è¡Œ.
NOTIC: [8] Undefined index:  wecha_id D:\www\qmyx.wuyelaile.com\weiwindata\logs\Cache\Wap\83c1e8c23d0efff676593c1e07496794.php ç¬¬ 97 è¡Œ.
NOTIC: [8] Undefined index:  wecha_id D:\www\qmyx.wuyelaile.com\weiwindata\logs\Cache\Wap\83c1e8c23d0efff676593c1e07496794.php ç¬¬ 97 è¡Œ.
NOTIC: [8] Undefined index:  wecha_id D:\www\qmyx.wuyelaile.com\weiwindata\logs\Cache\Wap\83c1e8c23d0efff676593c1e07496794.php ç¬¬ 97 è¡Œ.
NOTIC: [8] Undefined index:  wecha_id D:\www\qmyx.wuyelaile.com\weiwindata\logs\Cache\Wap\83c1e8c23d0efff676593c1e07496794.php ç¬¬ 138 è¡Œ.
NOTIC: [8] Undefined index:  wecha_id D:\www\qmyx.wuyelaile.com\weiwindata\logs\Cache\Wap\83c1e8c23d0efff676593c1e07496794.php ç¬¬ 152 è¡Œ.
INFO: Run ParseTemplate Behavior [ RunTime:-0.093074s ]
INFO: [ view_parse ] --END-- [ RunTime:0.046325s ]
INFO: [ view_filter ] --START--
INFO: Run ContentReplace Behavior [ RunTime:-0.139510s ]
INFO: Run TokenBuild Behavior [ RunTime:-0.144567s ]
INFO: Run WriteHtmlCache Behavior [ RunTime:-0.149699s ]
INFO: Run ShowRuntime Behavior [ RunTime:-0.154734s ]
INFO: [ view_filter ] --END-- [ RunTime:0.020308s ]
INFO: [ view_end ] --START--
INFO: Run ShowPageTrace Behavior [ RunTime:-0.159935s ]
INFO: [ view_end ] --END-- [ RunTime:0.005108s ]

[ 2015-02-24T22:58:09+08:00 ] 119.187.90.130 /index.php?g=Wap&m=Agent&a=loupanInfo&code=011efe04cbb38c00ef66b4cc5f73879x&state=439
INFO: [ app_begin ] --START--
INFO: Run ReadHtmlCache Behavior [ RunTime:0.004814s ]
INFO: [ app_begin ] --END-- [ RunTime:0.004960s ]
SQL: SHOW COLUMNS FROM `wy_xmfx` [ RunTime:0.010679s ]
SQL: SELECT * FROM `wy_xmfx` WHERE ( `id` = 439 ) LIMIT 1   [ RunTime:0.000395s ]
SQL: SHOW COLUMNS FROM `wy_xmfx_list` [ RunTime:0.008712s ]
SQL: SELECT * FROM `wy_xmfx_list` WHERE ( `wecha_id` = 'oqsrSjnDkoByH9a1XQ6JYRzT3NdA' ) AND ( `token` = 'jeifef1412084627' ) AND ( `uid` = 32 ) AND ( `mwecha_id` = 'oI5B3uGqOa5uG8oWKCccG6vR00h4' ) LIMIT 1   [ RunTime:0.006564s ]
SQL: SHOW COLUMNS FROM `wy_lpinfo` [ RunTime:0.009436s ]
SQL: UPDATE `wy_lpinfo` SET `video`=video+1 WHERE ( `id` = 32 ) [ RunTime:0.059137s ]
SQL: INSERT INTO `wy_xmfx_list` (`token`,`uid`,`mwecha_id`,`wecha_id`) VALUES ('jeifef1412084627','32','oI5B3uGqOa5uG8oWKCccG6vR00h4','oqsrSjnDkoByH9a1XQ6JYRzT3NdA') [ RunTime:0.004703s ]
SQL: SHOW COLUMNS FROM `wy_xmfx` [ RunTime:0.012376s ]
SQL: UPDATE `wy_xmfx` SET `views`=views+1 WHERE ( `id` = 439 ) [ RunTime:0.005224s ]
SQL: SELECT `longitude`,`latitude` FROM `wy_lpinfo` WHERE ( `id` = 32 ) LIMIT 1   [ RunTime:0.000474s ]
SQL: SHOW COLUMNS FROM `wy_product_setting` [ RunTime:0.014035s ]
SQL: SELECT * FROM `wy_product_setting` WHERE ( `token` = 'jeifef1412084627' ) LIMIT 1   [ RunTime:0.000397s ]
SQL: SELECT `hascredit`,`hasmoney` FROM `wy_xmfx` WHERE ( `id` = 439 ) LIMIT 1   [ RunTime:0.000307s ]
SQL: SELECT * FROM `wy_lpinfo` WHERE ( `id` = 32 ) LIMIT 1   [ RunTime:0.000375s ]
SQL: SHOW COLUMNS FROM `wy_jjr` [ RunTime:0.009373s ]
SQL: SELECT * FROM `wy_jjr` WHERE ( `ID` = 183 ) LIMIT 1   [ RunTime:0.000369s ]
NOTIC: [2] Cannot use a scalar value as an array D:\www\qmyx.wuyelaile.com\weiwincms\_Core\Lib\Core\View.class.php ç¬¬ 69 è¡Œ.
INFO: [ view_template ] --START--
INFO: Run LocationTemplate Behavior [ RunTime:-2.565895s ]
INFO: [ view_template ] --END-- [ RunTime:0.007291s ]
INFO: [ view_parse ] --START--
INFO: Run ParseTemplate Behavior [ RunTime:-2.573269s ]
INFO: [ view_parse ] --END-- [ RunTime:0.044485s ]
INFO: [ view_filter ] --START--
INFO: Run ContentReplace Behavior [ RunTime:-2.617870s ]
INFO: Run TokenBuild Behavior [ RunTime:-2.622657s ]
INFO: Run WriteHtmlCache Behavior [ RunTime:-2.627799s ]
INFO: Run ShowRuntime Behavior [ RunTime:-2.632372s ]
INFO: [ view_filter ] --END-- [ RunTime:0.019557s ]
INFO: [ view_end ] --START--
INFO: Run ShowPageTrace Behavior [ RunTime:-2.637545s ]
INFO: [ view_end ] --END-- [ RunTime:0.005056s ]

