[ 2015-08-15T04:31:00+08:00 ] 123.125.71.89 /
INFO: [ app_begin ] --START--
INFO: Run ReadHtmlCache Behavior [ RunTime:0.003356s ]
INFO: [ app_begin ] --END-- [ RunTime:0.003513s ]
SQL: SHOW COLUMNS FROM `wy_links` [ RunTime:0.311858s ]
SQL: SELECT * FROM `wy_links` WHERE ( `status` = 1 )  [ RunTime:0.000376s ]
NOTIC: [2] Cannot use a scalar value as an array D:\www\qmyx.wuyelaile.com\weiwincms\_Core\Lib\Core\View.class.php Á¨¨ 69 Ë°å.
INFO: [ view_template ] --START--
INFO: Run LocationTemplate Behavior [ RunTime:-0.394370s ]
INFO: [ view_template ] --END-- [ RunTime:0.072777s ]
INFO: [ view_parse ] --START--
INFO: Run ParseTemplate Behavior [ RunTime:-0.467340s ]
INFO: [ view_parse ] --END-- [ RunTime:0.107078s ]
INFO: [ view_filter ] --START--
INFO: Run ContentReplace Behavior [ RunTime:-0.574501s ]
INFO: Run TokenBuild Behavior [ RunTime:-0.578115s ]
INFO: Run WriteHtmlCache Behavior [ RunTime:-0.581740s ]
INFO: Run ShowRuntime Behavior [ RunTime:-0.584743s ]
INFO: [ view_filter ] --END-- [ RunTime:0.013979s ]
INFO: [ view_end ] --START--
INFO: Run ShowPageTrace Behavior [ RunTime:-0.588587s ]
INFO: [ view_end ] --END-- [ RunTime:0.004003s ]

[ 2015-08-15T04:31:20+08:00 ] 220.181.108.83 /
INFO: [ app_begin ] --START--
INFO: Run ReadHtmlCache Behavior [ RunTime:0.001814s ]
INFO: [ app_begin ] --END-- [ RunTime:0.001994s ]
SQL: SHOW COLUMNS FROM `wy_links` [ RunTime:0.055379s ]
SQL: SELECT * FROM `wy_links` WHERE ( `status` = 1 )  [ RunTime:0.000287s ]
NOTIC: [2] Cannot use a scalar value as an array D:\www\qmyx.wuyelaile.com\weiwincms\_Core\Lib\Core\View.class.php Á¨¨ 69 Ë°å.
INFO: [ view_template ] --START--
INFO: Run LocationTemplate Behavior [ RunTime:-0.083977s ]
INFO: [ view_template ] --END-- [ RunTime:0.001972s ]
INFO: [ view_parse ] --START--
INFO: Run ParseTemplate Behavior [ RunTime:-0.086036s ]
INFO: [ view_parse ] --END-- [ RunTime:0.020301s ]
INFO: [ view_filter ] --START--
INFO: Run ContentReplace Behavior [ RunTime:-0.106410s ]
INFO: Run TokenBuild Behavior [ RunTime:-0.107910s ]
INFO: Run WriteHtmlCache Behavior [ RunTime:-0.109376s ]
INFO: Run ShowRuntime Behavior [ RunTime:-0.110768s ]
INFO: [ view_filter ] --END-- [ RunTime:0.006028s ]
INFO: [ view_end ] --START--
INFO: Run ShowPageTrace Behavior [ RunTime:-0.112553s ]
INFO: [ view_end ] --END-- [ RunTime:0.001826s ]

[ 2015-08-15T04:32:50+08:00 ] 220.181.108.110 /
INFO: [ app_begin ] --START--
INFO: Run ReadHtmlCache Behavior [ RunTime:0.001737s ]
INFO: [ app_begin ] --END-- [ RunTime:0.001890s ]
SQL: SHOW COLUMNS FROM `wy_links` [ RunTime:0.031515s ]
SQL: SELECT * FROM `wy_links` WHERE ( `status` = 1 )  [ RunTime:0.000212s ]
NOTIC: [2] Cannot use a scalar value as an array D:\www\qmyx.wuyelaile.com\weiwincms\_Core\Lib\Core\View.class.php Á¨¨ 69 Ë°å.
INFO: [ view_template ] --START--
INFO: Run LocationTemplate Behavior [ RunTime:-0.055503s ]
INFO: [ view_template ] --END-- [ RunTime:0.002052s ]
INFO: [ view_parse ] --START--
INFO: Run ParseTemplate Behavior [ RunTime:-0.057639s ]
INFO: [ view_parse ] --END-- [ RunTime:0.020319s ]
INFO: [ view_filter ] --START--
INFO: Run ContentReplace Behavior [ RunTime:-0.078036s ]
INFO: Run TokenBuild Behavior [ RunTime:-0.079530s ]
INFO: Run WriteHtmlCache Behavior [ RunTime:-0.080810s ]
INFO: Run ShowRuntime Behavior [ RunTime:-0.082178s ]
INFO: [ view_filter ] --END-- [ RunTime:0.005767s ]
INFO: [ view_end ] --START--
INFO: Run ShowPageTrace Behavior [ RunTime:-0.083901s ]
INFO: [ view_end ] --END-- [ RunTime:0.001697s ]

[ 2015-08-15T04:33:11+08:00 ] 123.125.71.70 /
INFO: [ app_begin ] --START--
INFO: Run ReadHtmlCache Behavior [ RunTime:0.001659s ]
INFO: [ app_begin ] --END-- [ RunTime:0.001808s ]
SQL: SHOW COLUMNS FROM `wy_links` [ RunTime:0.032100s ]
SQL: SELECT * FROM `wy_links` WHERE ( `status` = 1 )  [ RunTime:0.000291s ]
NOTIC: [2] Cannot use a scalar value as an array D:\www\qmyx.wuyelaile.com\weiwincms\_Core\Lib\Core\View.class.php Á¨¨ 69 Ë°å.
INFO: [ view_template ] --START--
INFO: Run LocationTemplate Behavior [ RunTime:-0.055026s ]
INFO: [ view_template ] --END-- [ RunTime:0.002874s ]
INFO: [ view_parse ] --START--
INFO: Run ParseTemplate Behavior [ RunTime:-0.057992s ]
INFO: [ view_parse ] --END-- [ RunTime:0.019671s ]
INFO: [ view_filter ] --START--
INFO: Run ContentReplace Behavior [ RunTime:-0.077769s ]
INFO: Run TokenBuild Behavior [ RunTime:-0.079431s ]
INFO: Run WriteHtmlCache Behavior [ RunTime:-0.081108s ]
INFO: Run ShowRuntime Behavior [ RunTime:-0.082523s ]
INFO: [ view_filter ] --END-- [ RunTime:0.006433s ]
INFO: [ view_end ] --START--
INFO: Run ShowPageTrace Behavior [ RunTime:-0.084299s ]
INFO: [ view_end ] --END-- [ RunTime:0.001856s ]

[ 2015-08-15T06:27:10+08:00 ] 123.125.71.58 /
INFO: [ app_begin ] --START--
INFO: Run ReadHtmlCache Behavior [ RunTime:0.001131s ]
INFO: [ app_begin ] --END-- [ RunTime:0.001321s ]
SQL: SHOW COLUMNS FROM `wy_links` [ RunTime:0.039136s ]
SQL: SELECT * FROM `wy_links` WHERE ( `status` = 1 )  [ RunTime:0.000229s ]
NOTIC: [2] Cannot use a scalar value as an array D:\www\qmyx.wuyelaile.com\weiwincms\_Core\Lib\Core\View.class.php Á¨¨ 69 Ë°å.
INFO: [ view_template ] --START--
INFO: Run LocationTemplate Behavior [ RunTime:-0.065910s ]
INFO: [ view_template ] --END-- [ RunTime:0.001797s ]
INFO: [ view_parse ] --START--
INFO: Run ParseTemplate Behavior [ RunTime:-0.067805s ]
INFO: [ view_parse ] --END-- [ RunTime:0.029459s ]
INFO: [ view_filter ] --START--
INFO: Run ContentReplace Behavior [ RunTime:-0.097389s ]
INFO: Run TokenBuild Behavior [ RunTime:-0.098507s ]
INFO: Run WriteHtmlCache Behavior [ RunTime:-0.099870s ]
INFO: Run ShowRuntime Behavior [ RunTime:-0.100784s ]
INFO: [ view_filter ] --END-- [ RunTime:0.004992s ]
INFO: [ view_end ] --START--
INFO: Run ShowPageTrace Behavior [ RunTime:-0.102486s ]
INFO: [ view_end ] --END-- [ RunTime:0.001284s ]

[ 2015-08-15T06:27:10+08:00 ] 123.125.71.58 /
NOTIC: [32] PHP Startup: Unable to load dynamic library 'D:\WebServer\php-5.2.5 (x64)\ext\php_fileinfo.dll' - ’“≤ªµΩ÷∏∂®µƒƒ£øÈ°£
 Unknown Á¨¨ 0 Ë°å.

[ 2015-08-15T06:27:12+08:00 ] 220.181.108.107 /
INFO: [ app_begin ] --START--
INFO: Run ReadHtmlCache Behavior [ RunTime:0.000618s ]
INFO: [ app_begin ] --END-- [ RunTime:0.000766s ]
SQL: SHOW COLUMNS FROM `wy_links` [ RunTime:0.032780s ]
SQL: SELECT * FROM `wy_links` WHERE ( `status` = 1 )  [ RunTime:0.000222s ]
NOTIC: [2] Cannot use a scalar value as an array D:\www\qmyx.wuyelaile.com\weiwincms\_Core\Lib\Core\View.class.php Á¨¨ 69 Ë°å.
INFO: [ view_template ] --START--
INFO: Run LocationTemplate Behavior [ RunTime:-0.052358s ]
INFO: [ view_template ] --END-- [ RunTime:0.000802s ]
INFO: [ view_parse ] --START--
INFO: Run ParseTemplate Behavior [ RunTime:-0.053320s ]
INFO: [ view_parse ] --END-- [ RunTime:0.016474s ]
INFO: [ view_filter ] --START--
INFO: Run ContentReplace Behavior [ RunTime:-0.069859s ]
INFO: Run TokenBuild Behavior [ RunTime:-0.070397s ]
INFO: Run WriteHtmlCache Behavior [ RunTime:-0.070986s ]
INFO: Run ShowRuntime Behavior [ RunTime:-0.071310s ]
INFO: [ view_filter ] --END-- [ RunTime:0.002046s ]
INFO: [ view_end ] --START--
INFO: Run ShowPageTrace Behavior [ RunTime:-0.071999s ]
INFO: [ view_end ] --END-- [ RunTime:0.000703s ]

[ 2015-08-15T06:29:13+08:00 ] 123.125.71.12 /
INFO: [ app_begin ] --START--
INFO: Run ReadHtmlCache Behavior [ RunTime:0.001114s ]
INFO: [ app_begin ] --END-- [ RunTime:0.001261s ]
SQL: SHOW COLUMNS FROM `wy_links` [ RunTime:0.018004s ]
SQL: SELECT * FROM `wy_links` WHERE ( `status` = 1 )  [ RunTime:0.000258s ]
NOTIC: [2] Cannot use a scalar value as an array D:\www\qmyx.wuyelaile.com\weiwincms\_Core\Lib\Core\View.class.php Á¨¨ 69 Ë°å.
INFO: [ view_template ] --START--
INFO: Run LocationTemplate Behavior [ RunTime:-0.038324s ]
INFO: [ view_template ] --END-- [ RunTime:0.001937s ]
INFO: [ view_parse ] --START--
INFO: Run ParseTemplate Behavior [ RunTime:-0.040334s ]
INFO: [ view_parse ] --END-- [ RunTime:0.019443s ]
INFO: [ view_filter ] --START--
INFO: Run ContentReplace Behavior [ RunTime:-0.059880s ]
INFO: Run TokenBuild Behavior [ RunTime:-0.061009s ]
INFO: Run WriteHtmlCache Behavior [ RunTime:-0.062063s ]
INFO: Run ShowRuntime Behavior [ RunTime:-0.062927s ]
INFO: [ view_filter ] --END-- [ RunTime:0.004149s ]
INFO: [ view_end ] --START--
INFO: Run ShowPageTrace Behavior [ RunTime:-0.064130s ]
INFO: [ view_end ] --END-- [ RunTime:0.001302s ]

[ 2015-08-15T06:29:13+08:00 ] 220.181.108.106 /
INFO: [ app_begin ] --START--
INFO: Run ReadHtmlCache Behavior [ RunTime:0.000569s ]
INFO: [ app_begin ] --END-- [ RunTime:0.000701s ]
SQL: SHOW COLUMNS FROM `wy_links` [ RunTime:0.030921s ]
SQL: SELECT * FROM `wy_links` WHERE ( `status` = 1 )  [ RunTime:0.000200s ]
NOTIC: [2] Cannot use a scalar value as an array D:\www\qmyx.wuyelaile.com\weiwincms\_Core\Lib\Core\View.class.php Á¨¨ 69 Ë°å.
INFO: [ view_template ] --START--
INFO: Run LocationTemplate Behavior [ RunTime:-0.046224s ]
INFO: [ view_template ] --END-- [ RunTime:0.000744s ]
INFO: [ view_parse ] --START--
INFO: Run ParseTemplate Behavior [ RunTime:-0.047045s ]
INFO: [ view_parse ] --END-- [ RunTime:0.015204s ]
INFO: [ view_filter ] --START--
INFO: Run ContentReplace Behavior [ RunTime:-0.062335s ]
INFO: Run TokenBuild Behavior [ RunTime:-0.062819s ]
INFO: Run WriteHtmlCache Behavior [ RunTime:-0.063328s ]
INFO: Run ShowRuntime Behavior [ RunTime:-0.063679s ]
INFO: [ view_filter ] --END-- [ RunTime:0.001918s ]
INFO: [ view_end ] --START--
INFO: Run ShowPageTrace Behavior [ RunTime:-0.064353s ]
INFO: [ view_end ] --END-- [ RunTime:0.000750s ]

[ 2015-08-15T17:35:18+08:00 ] ERR: (ThinkException) Ê®°Êùø‰∏çÂ≠òÂú®[./tpl/Wap/default/Index_index.html]
[ 2015-08-15T17:35:18+08:00 ] ERR: (ThinkException) Ê®°Êùø‰∏çÂ≠òÂú®[./tpl/Wap/default/Index_index.html]
[ 2015-08-15T17:35:18+08:00 ] 180.153.214.182 /index.php?g=Wap
INFO: [ app_begin ] --START--
INFO: Run ReadHtmlCache Behavior [ RunTime:0.004244s ]
INFO: [ app_begin ] --END-- [ RunTime:0.004497s ]
SQL: SHOW COLUMNS FROM `wy_userinfo` [ RunTime:0.108078s ]
SQL: SELECT * FROM `wy_userinfo` WHERE ( `token` = null ) AND ( `wecha_id` = null ) LIMIT 1   [ RunTime:0.000458s ]
SQL: SHOW COLUMNS FROM `wy_wechat_group_list` [ RunTime:0.066698s ]
SQL: SELECT * FROM `wy_wechat_group_list` WHERE ( `token` = null ) AND ( `openid` = null ) LIMIT 1   [ RunTime:0.012433s ]
NOTIC: [2] unlink(./weiwindata/logs/Temp/5/f/5fe1fc0e0fdbfbaff4ab677cf3a37648.php) [<a href='function.unlink'>function.unlink</a>]: No such file or directory D:\www\qmyx.wuyelaile.com\weiwincms\_Core\Lib\Driver\Cache\CacheFile.class.php Á¨¨ 176 Ë°å.
SQL: SHOW COLUMNS FROM `wy_home` [ RunTime:0.089043s ]
SQL: SELECT * FROM `wy_home` WHERE ( `token` = null ) LIMIT 1   [ RunTime:0.021182s ]
NOTIC: [2] unlink(./weiwindata/logs/Temp/0/d/0d2c1c12d6393e604b6e35e960614004.php) [<a href='function.unlink'>function.unlink</a>]: No such file or directory D:\www\qmyx.wuyelaile.com\weiwincms\_Core\Lib\Driver\Cache\CacheFile.class.php Á¨¨ 176 Ë°å.
SQL: SHOW COLUMNS FROM `wy_wxuser` [ RunTime:0.074535s ]
SQL: SELECT * FROM `wy_wxuser` WHERE ( `token` = null ) LIMIT 1   [ RunTime:0.000337s ]
NOTIC: [2] unlink(./weiwindata/logs/Temp/8/b/8b27330c23d5c53e2409cb5a50d9703d.php) [<a href='function.unlink'>function.unlink</a>]: No such file or directory D:\www\qmyx.wuyelaile.com\weiwincms\_Core\Lib\Driver\Cache\CacheFile.class.php Á¨¨ 176 Ë°å.
SQL: SHOW COLUMNS FROM `wy_catemenu` [ RunTime:0.093242s ]
SQL: SELECT * FROM `wy_catemenu` WHERE ( `token` = null ) AND ( `status` = 1 ) ORDER BY orderss desc  [ RunTime:0.001301s ]
NOTIC: [2] unlink(./weiwindata/logs/Temp/5/8/5848d5204b5e414e87c386581aa4207f.php) [<a href='function.unlink'>function.unlink</a>]: No such file or directory D:\www\qmyx.wuyelaile.com\weiwincms\_Core\Lib\Driver\Cache\CacheFile.class.php Á¨¨ 176 Ë°å.
SQL: SHOW COLUMNS FROM `wy_catemenu` [ RunTime:0.011380s ]
NOTIC: [8] Undefined index:  lpid D:\www\qmyx.wuyelaile.com\weiwincms\Lib\Action\WapAction.class.php Á¨¨ 80 Ë°å.
SQL: SELECT * FROM `wy_catemenu` WHERE ( `token` = null ) AND ( `status` = 1 ) AND ( `lpid` = null )  [ RunTime:0.000952s ]
SQL: SHOW COLUMNS FROM `wy_users` [ RunTime:0.047452s ]
SQL: SELECT * FROM `wy_users` WHERE ( `id` = 0 ) LIMIT 1   [ RunTime:0.000316s ]
NOTIC: [2] unlink(./weiwindata/logs/Temp/e/f/efe21af28ac2c16b2c3515b7a677c7a3.php) [<a href='function.unlink'>function.unlink</a>]: No such file or directory D:\www\qmyx.wuyelaile.com\weiwincms\_Core\Lib\Driver\Cache\CacheFile.class.php Á¨¨ 176 Ë°å.
SQL: SHOW COLUMNS FROM `wy_user_group` [ RunTime:0.025407s ]
SQL: SELECT * FROM `wy_user_group` WHERE ( `id` = 0 ) LIMIT 1   [ RunTime:0.000446s ]
NOTIC: [2] unlink(./weiwindata/logs/Temp/c/1/c12b83863679c53a027170a94c2d1853.php) [<a href='function.unlink'>function.unlink</a>]: No such file or directory D:\www\qmyx.wuyelaile.com\weiwincms\_Core\Lib\Driver\Cache\CacheFile.class.php Á¨¨ 176 Ë°å.
SQL: SHOW COLUMNS FROM `wy_company` [ RunTime:0.047020s ]
SQL: SELECT * FROM `wy_company` WHERE ( `token` = null ) AND ( `isbranch` = 0 ) LIMIT 1   [ RunTime:0.000390s ]
NOTIC: [2] unlink(./weiwindata/logs/Temp/5/f/5f590e6483487102f9aedcd019d413c0.php) [<a href='function.unlink'>function.unlink</a>]: No such file or directory D:\www\qmyx.wuyelaile.com\weiwincms\_Core\Lib\Driver\Cache\CacheFile.class.php Á¨¨ 176 Ë°å.
SQL: SHOW COLUMNS FROM `wy_classify` [ RunTime:0.083770s ]
NOTIC: [8] Undefined index:  lpid D:\www\qmyx.wuyelaile.com\weiwincms\Lib\Action\Wap\IndexAction.class.php Á¨¨ 25 Ë°å.
SQL: SELECT * FROM `wy_classify` WHERE ( `token` = null ) AND ( `status` = 1 ) AND ( `lpid` = null ) ORDER BY sorts desc  [ RunTime:0.000988s ]
NOTIC: [2] Invalid argument supplied for foreach() D:\www\qmyx.wuyelaile.com\weiwincms\Lib\Action\Wap\IndexAction.class.php Á¨¨ 506 Ë°å.
SQL: SHOW COLUMNS FROM `wy_home` [ RunTime:0.006277s ]
SQL: SELECT * FROM `wy_home` WHERE ( `token` = null ) LIMIT 1   [ RunTime:0.000242s ]
SQL: SHOW COLUMNS FROM `wy_kefuonline` [ RunTime:0.054219s ]
SQL: SELECT * FROM `wy_kefuonline` WHERE ( `token` = null ) LIMIT 1   [ RunTime:0.009358s ]
SQL: SELECT * FROM `wy_home` WHERE ( `token` = null ) LIMIT 1   [ RunTime:0.000246s ]
NOTIC: [8] Undefined index:  lpid D:\www\qmyx.wuyelaile.com\weiwincms\Lib\Action\Wap\IndexAction.class.php Á¨¨ 90 Ë°å.
SQL: SHOW COLUMNS FROM `wy_lpinfo` [ RunTime:0.111513s ]
SQL: SELECT * FROM `wy_lpinfo` WHERE ( `token` = null ) LIMIT 1   [ RunTime:0.032455s ]
SQL: SHOW COLUMNS FROM `wy_flash` [ RunTime:0.070892s ]
SQL: SELECT * FROM `wy_flash` WHERE ( `token` = null ) AND ( `lpid` = null ) ORDER BY sort asc  [ RunTime:0.002461s ]
NOTIC: [2] Invalid argument supplied for foreach() D:\www\qmyx.wuyelaile.com\weiwincms\Lib\Action\Wap\IndexAction.class.php Á¨¨ 506 Ë°å.
NOTIC: [2] Invalid argument supplied for foreach() D:\www\qmyx.wuyelaile.com\weiwincms\Lib\Action\Wap\IndexAction.class.php Á¨¨ 99 Ë°å.
NOTIC: [8] Undefined index:  tpltypeid D:\www\qmyx.wuyelaile.com\weiwincms\Lib\Action\Wap\IndexAction.class.php Á¨¨ 131 Ë°å.
NOTIC: [8] Undefined index:  tpltypeid D:\www\qmyx.wuyelaile.com\weiwincms\Lib\Action\Wap\IndexAction.class.php Á¨¨ 131 Ë°å.
NOTIC: [8] Undefined index:  tpltypeid D:\www\qmyx.wuyelaile.com\weiwincms\Lib\Action\Wap\IndexAction.class.php Á¨¨ 131 Ë°å.
NOTIC: [8] Undefined index:  tpltypeid D:\www\qmyx.wuyelaile.com\weiwincms\Lib\Action\Wap\IndexAction.class.php Á¨¨ 131 Ë°å.
NOTIC: [8] Undefined index:  tpltypeid D:\www\qmyx.wuyelaile.com\weiwincms\Lib\Action\Wap\IndexAction.class.php Á¨¨ 131 Ë°å.
NOTIC: [8] Undefined index:  tpltypeid D:\www\qmyx.wuyelaile.com\weiwincms\Lib\Action\Wap\IndexAction.class.php Á¨¨ 131 Ë°å.
NOTIC: [8] Undefined index:  tpltypeid D:\www\qmyx.wuyelaile.com\weiwincms\Lib\Action\Wap\IndexAction.class.php Á¨¨ 131 Ë°å.
NOTIC: [8] Undefined index:  tpltypeid D:\www\qmyx.wuyelaile.com\weiwincms\Lib\Action\Wap\IndexAction.class.php Á¨¨ 131 Ë°å.
NOTIC: [8] Undefined index:  tpltypeid D:\www\qmyx.wuyelaile.com\weiwincms\Lib\Action\Wap\IndexAction.class.php Á¨¨ 131 Ë°å.
NOTIC: [8] Undefined index:  tpltypeid D:\www\qmyx.wuyelaile.com\weiwincms\Lib\Action\Wap\IndexAction.class.php Á¨¨ 131 Ë°å.
NOTIC: [8] Undefined index:  tpltypeid D:\www\qmyx.wuyelaile.com\weiwincms\Lib\Action\Wap\IndexAction.class.php Á¨¨ 131 Ë°å.
NOTIC: [8] Undefined index:  tpltypeid D:\www\qmyx.wuyelaile.com\weiwincms\Lib\Action\Wap\IndexAction.class.php Á¨¨ 131 Ë°å.
NOTIC: [8] Undefined index:  tpltypeid D:\www\qmyx.wuyelaile.com\weiwincms\Lib\Action\Wap\IndexAction.class.php Á¨¨ 131 Ë°å.
NOTIC: [8] Undefined index:  tpltypeid D:\www\qmyx.wuyelaile.com\weiwincms\Lib\Action\Wap\IndexAction.class.php Á¨¨ 131 Ë°å.
NOTIC: [8] Undefined index:  tpltypeid D:\www\qmyx.wuyelaile.com\weiwincms\Lib\Action\Wap\IndexAction.class.php Á¨¨ 131 Ë°å.
NOTIC: [8] Undefined index:  tpltypeid D:\www\qmyx.wuyelaile.com\weiwincms\Lib\Action\Wap\IndexAction.class.php Á¨¨ 131 Ë°å.
NOTIC: [8] Undefined index:  tpltypeid D:\www\qmyx.wuyelaile.com\weiwincms\Lib\Action\Wap\IndexAction.class.php Á¨¨ 131 Ë°å.
NOTIC: [8] Undefined index:  tpltypeid D:\www\qmyx.wuyelaile.com\weiwincms\Lib\Action\Wap\IndexAction.class.php Á¨¨ 131 Ë°å.
NOTIC: [8] Undefined index:  tpltypeid D:\www\qmyx.wuyelaile.com\weiwincms\Lib\Action\Wap\IndexAction.class.php Á¨¨ 131 Ë°å.
NOTIC: [8] Undefined index:  tpltypeid D:\www\qmyx.wuyelaile.com\weiwincms\Lib\Action\Wap\IndexAction.class.php Á¨¨ 131 Ë°å.
NOTIC: [8] Undefined index:  tpltypeid D:\www\qmyx.wuyelaile.com\weiwincms\Lib\Action\Wap\IndexAction.class.php Á¨¨ 131 Ë°å.
NOTIC: [8] Undefined index:  tpltypeid D:\www\qmyx.wuyelaile.com\weiwincms\Lib\Action\Wap\IndexAction.class.php Á¨¨ 131 Ë°å.
NOTIC: [8] Undefined index:  tpltypeid D:\www\qmyx.wuyelaile.com\weiwincms\Lib\Action\Wap\IndexAction.class.php Á¨¨ 131 Ë°å.
NOTIC: [8] Undefined index:  tpltypeid D:\www\qmyx.wuyelaile.com\weiwincms\Lib\Action\Wap\IndexAction.class.php Á¨¨ 131 Ë°å.
NOTIC: [8] Undefined index:  tpltypeid D:\www\qmyx.wuyelaile.com\weiwincms\Lib\Action\Wap\IndexAction.class.php Á¨¨ 131 Ë°å.
NOTIC: [8] Undefined index:  tpltypeid D:\www\qmyx.wuyelaile.com\weiwincms\Lib\Action\Wap\IndexAction.class.php Á¨¨ 131 Ë°å.
NOTIC: [8] Undefined index:  tpltypeid D:\www\qmyx.wuyelaile.com\weiwincms\Lib\Action\Wap\IndexAction.class.php Á¨¨ 131 Ë°å.
NOTIC: [8] Undefined index:  tpltypeid D:\www\qmyx.wuyelaile.com\weiwincms\Lib\Action\Wap\IndexAction.class.php Á¨¨ 131 Ë°å.
NOTIC: [8] Undefined index:  tpltypeid D:\www\qmyx.wuyelaile.com\weiwincms\Lib\Action\Wap\IndexAction.class.php Á¨¨ 131 Ë°å.
NOTIC: [8] Undefined index:  tpltypeid D:\www\qmyx.wuyelaile.com\weiwincms\Lib\Action\Wap\IndexAction.class.php Á¨¨ 131 Ë°å.
NOTIC: [8] Undefined index:  tpltypeid D:\www\qmyx.wuyelaile.com\weiwincms\Lib\Action\Wap\IndexAction.class.php Á¨¨ 131 Ë°å.
NOTIC: [8] Undefined index:  tpltypeid D:\www\qmyx.wuyelaile.com\weiwincms\Lib\Action\Wap\IndexAction.class.php Á¨¨ 131 Ë°å.
NOTIC: [8] Undefined index:  tpltypeid D:\www\qmyx.wuyelaile.com\weiwincms\Lib\Action\Wap\IndexAction.class.php Á¨¨ 131 Ë°å.
NOTIC: [8] Undefined index:  tpltypeid D:\www\qmyx.wuyelaile.com\weiwincms\Lib\Action\Wap\IndexAction.class.php Á¨¨ 131 Ë°å.
NOTIC: [8] Undefined index:  tpltypeid D:\www\qmyx.wuyelaile.com\weiwincms\Lib\Action\Wap\IndexAction.class.php Á¨¨ 131 Ë°å.
NOTIC: [8] Undefined index:  tpltypeid D:\www\qmyx.wuyelaile.com\weiwincms\Lib\Action\Wap\IndexAction.class.php Á¨¨ 131 Ë°å.
NOTIC: [8] Undefined index:  tpltypeid D:\www\qmyx.wuyelaile.com\weiwincms\Lib\Action\Wap\IndexAction.class.php Á¨¨ 131 Ë°å.
NOTIC: [8] Undefined index:  tpltypeid D:\www\qmyx.wuyelaile.com\weiwincms\Lib\Action\Wap\IndexAction.class.php Á¨¨ 131 Ë°å.
NOTIC: [8] Undefined index:  tpltypeid D:\www\qmyx.wuyelaile.com\weiwincms\Lib\Action\Wap\IndexAction.class.php Á¨¨ 131 Ë°å.
NOTIC: [8] Undefined index:  tpltypeid D:\www\qmyx.wuyelaile.com\weiwincms\Lib\Action\Wap\IndexAction.class.php Á¨¨ 131 Ë°å.
NOTIC: [8] Undefined index:  tpltypeid D:\www\qmyx.wuyelaile.com\weiwincms\Lib\Action\Wap\IndexAction.class.php Á¨¨ 131 Ë°å.
NOTIC: [8] Undefined index:  tpltypeid D:\www\qmyx.wuyelaile.com\weiwincms\Lib\Action\Wap\IndexAction.class.php Á¨¨ 131 Ë°å.
NOTIC: [8] Undefined index:  tpltypeid D:\www\qmyx.wuyelaile.com\weiwincms\Lib\Action\Wap\IndexAction.class.php Á¨¨ 131 Ë°å.
NOTIC: [8] Undefined index:  tpltypeid D:\www\qmyx.wuyelaile.com\weiwincms\Lib\Action\Wap\IndexAction.class.php Á¨¨ 131 Ë°å.
NOTIC: [8] Undefined index:  tpltypeid D:\www\qmyx.wuyelaile.com\weiwincms\Lib\Action\Wap\IndexAction.class.php Á¨¨ 131 Ë°å.
NOTIC: [8] Undefined index:  tpltypeid D:\www\qmyx.wuyelaile.com\weiwincms\Lib\Action\Wap\IndexAction.class.php Á¨¨ 131 Ë°å.
NOTIC: [8] Undefined index:  tpltypeid D:\www\qmyx.wuyelaile.com\weiwincms\Lib\Action\Wap\IndexAction.class.php Á¨¨ 131 Ë°å.
NOTIC: [8] Undefined index:  tpltypeid D:\www\qmyx.wuyelaile.com\weiwincms\Lib\Action\Wap\IndexAction.class.php Á¨¨ 131 Ë°å.
NOTIC: [8] Undefined index:  tpltypeid D:\www\qmyx.wuyelaile.com\weiwincms\Lib\Action\Wap\IndexAction.class.php Á¨¨ 131 Ë°å.
NOTIC: [8] Undefined index:  tpltypeid D:\www\qmyx.wuyelaile.com\weiwincms\Lib\Action\Wap\IndexAction.class.php Á¨¨ 131 Ë°å.
NOTIC: [8] Undefined index:  tpltypeid D:\www\qmyx.wuyelaile.com\weiwincms\Lib\Action\Wap\IndexAction.class.php Á¨¨ 131 Ë°å.
NOTIC: [8] Undefined index:  tpltypeid D:\www\qmyx.wuyelaile.com\weiwincms\Lib\Action\Wap\IndexAction.class.php Á¨¨ 131 Ë°å.
NOTIC: [8] Undefined index:  tpltypeid D:\www\qmyx.wuyelaile.com\weiwincms\Lib\Action\Wap\IndexAction.class.php Á¨¨ 131 Ë°å.
NOTIC: [8] Undefined index:  tpltypeid D:\www\qmyx.wuyelaile.com\weiwincms\Lib\Action\Wap\IndexAction.class.php Á¨¨ 131 Ë°å.
NOTIC: [8] Undefined index:  tpltypeid D:\www\qmyx.wuyelaile.com\weiwincms\Lib\Action\Wap\IndexAction.class.php Á¨¨ 131 Ë°å.
NOTIC: [8] Undefined index:  tpltypeid D:\www\qmyx.wuyelaile.com\weiwincms\Lib\Action\Wap\IndexAction.class.php Á¨¨ 131 Ë°å.
NOTIC: [8] Undefined index:  tpltypeid D:\www\qmyx.wuyelaile.com\weiwincms\Lib\Action\Wap\IndexAction.class.php Á¨¨ 131 Ë°å.
NOTIC: [8] Undefined index:  tpltypeid D:\www\qmyx.wuyelaile.com\weiwincms\Lib\Action\Wap\IndexAction.class.php Á¨¨ 131 Ë°å.
NOTIC: [8] Undefined index:  tpltypeid D:\www\qmyx.wuyelaile.com\weiwincms\Lib\Action\Wap\IndexAction.class.php Á¨¨ 131 Ë°å.
NOTIC: [8] Undefined index:  tpltypeid D:\www\qmyx.wuyelaile.com\weiwincms\Lib\Action\Wap\IndexAction.class.php Á¨¨ 131 Ë°å.
NOTIC: [8] Undefined index:  tpltypeid D:\www\qmyx.wuyelaile.com\weiwincms\Lib\Action\Wap\IndexAction.class.php Á¨¨ 131 Ë°å.
NOTIC: [8] Undefined index:  tpltypeid D:\www\qmyx.wuyelaile.com\weiwincms\Lib\Action\Wap\IndexAction.class.php Á¨¨ 131 Ë°å.
NOTIC: [8] Undefined index:  tpltypeid D:\www\qmyx.wuyelaile.com\weiwincms\Lib\Action\Wap\IndexAction.class.php Á¨¨ 131 Ë°å.
NOTIC: [8] Undefined index:  tpltypeid D:\www\qmyx.wuyelaile.com\weiwincms\Lib\Action\Wap\IndexAction.class.php Á¨¨ 131 Ë°å.
NOTIC: [8] Undefined index:  tpltypeid D:\www\qmyx.wuyelaile.com\weiwincms\Lib\Action\Wap\IndexAction.class.php Á¨¨ 131 Ë°å.
NOTIC: [8] Undefined index:  tpltypeid D:\www\qmyx.wuyelaile.com\weiwincms\Lib\Action\Wap\IndexAction.class.php Á¨¨ 131 Ë°å.
NOTIC: [8] Undefined index:  tpltypeid D:\www\qmyx.wuyelaile.com\weiwincms\Lib\Action\Wap\IndexAction.class.php Á¨¨ 131 Ë°å.
NOTIC: [8] Undefined index:  tpltypeid D:\www\qmyx.wuyelaile.com\weiwincms\Lib\Action\Wap\IndexAction.class.php Á¨¨ 131 Ë°å.
NOTIC: [8] Undefined index:  tpltypeid D:\www\qmyx.wuyelaile.com\weiwincms\Lib\Action\Wap\IndexAction.class.php Á¨¨ 131 Ë°å.
NOTIC: [8] Undefined index:  tpltypeid D:\www\qmyx.wuyelaile.com\weiwincms\Lib\Action\Wap\IndexAction.class.php Á¨¨ 131 Ë°å.
NOTIC: [8] Undefined index:  tpltypeid D:\www\qmyx.wuyelaile.com\weiwincms\Lib\Action\Wap\IndexAction.class.php Á¨¨ 131 Ë°å.
NOTIC: [8] Undefined index:  tpltypeid D:\www\qmyx.wuyelaile.com\weiwincms\Lib\Action\Wap\IndexAction.class.php Á¨¨ 131 Ë°å.
NOTIC: [8] Undefined index:  tpltypeid D:\www\qmyx.wuyelaile.com\weiwincms\Lib\Action\Wap\IndexAction.class.php Á¨¨ 131 Ë°å.
NOTIC: [8] Undefined index:  tpltypeid D:\www\qmyx.wuyelaile.com\weiwincms\Lib\Action\Wap\IndexAction.class.php Á¨¨ 131 Ë°å.
NOTIC: [8] Undefined index:  tpltypeid D:\www\qmyx.wuyelaile.com\weiwincms\Lib\Action\Wap\IndexAction.class.php Á¨¨ 131 Ë°å.
NOTIC: [8] Undefined index:  tpltypeid D:\www\qmyx.wuyelaile.com\weiwincms\Lib\Action\Wap\IndexAction.class.php Á¨¨ 131 Ë°å.
NOTIC: [8] Undefined index:  tpltypeid D:\www\qmyx.wuyelaile.com\weiwincms\Lib\Action\Wap\IndexAction.class.php Á¨¨ 131 Ë°å.
NOTIC: [8] Undefined index:  tpltypeid D:\www\qmyx.wuyelaile.com\weiwincms\Lib\Action\Wap\IndexAction.class.php Á¨¨ 131 Ë°å.
NOTIC: [8] Undefined index:  tpltypeid D:\www\qmyx.wuyelaile.com\weiwincms\Lib\Action\Wap\IndexAction.class.php Á¨¨ 131 Ë°å.
NOTIC: [8] Undefined index:  tpltypeid D:\www\qmyx.wuyelaile.com\weiwincms\Lib\Action\Wap\IndexAction.class.php Á¨¨ 131 Ë°å.
NOTIC: [8] Undefined index:  tpltypeid D:\www\qmyx.wuyelaile.com\weiwincms\Lib\Action\Wap\IndexAction.class.php Á¨¨ 131 Ë°å.
NOTIC: [8] Undefined index:  tpltypeid D:\www\qmyx.wuyelaile.com\weiwincms\Lib\Action\Wap\IndexAction.class.php Á¨¨ 131 Ë°å.
NOTIC: [8] Undefined index:  tpltypeid D:\www\qmyx.wuyelaile.com\weiwincms\Lib\Action\Wap\IndexAction.class.php Á¨¨ 131 Ë°å.
NOTIC: [8] Undefined index:  tpltypeid D:\www\qmyx.wuyelaile.com\weiwincms\Lib\Action\Wap\IndexAction.class.php Á¨¨ 131 Ë°å.
NOTIC: [8] Undefined index:  tpltypeid D:\www\qmyx.wuyelaile.com\weiwincms\Lib\Action\Wap\IndexAction.class.php Á¨¨ 131 Ë°å.
NOTIC: [8] Undefined index:  tpltypeid D:\www\qmyx.wuyelaile.com\weiwincms\Lib\Action\Wap\IndexAction.class.php Á¨¨ 131 Ë°å.
NOTIC: [8] Undefined index:  tpltypeid D:\www\qmyx.wuyelaile.com\weiwincms\Lib\Action\Wap\IndexAction.class.php Á¨¨ 131 Ë°å.
NOTIC: [8] Undefined index:  tpltypeid D:\www\qmyx.wuyelaile.com\weiwincms\Lib\Action\Wap\IndexAction.class.php Á¨¨ 131 Ë°å.
NOTIC: [8] Undefined index:  tpltypeid D:\www\qmyx.wuyelaile.com\weiwincms\Lib\Action\Wap\IndexAction.class.php Á¨¨ 131 Ë°å.
NOTIC: [8] Undefined index:  tpltypeid D:\www\qmyx.wuyelaile.com\weiwincms\Lib\Action\Wap\IndexAction.class.php Á¨¨ 131 Ë°å.
NOTIC: [8] Undefined index:  tpltypeid D:\www\qmyx.wuyelaile.com\weiwincms\Lib\Action\Wap\IndexAction.class.php Á¨¨ 131 Ë°å.
NOTIC: [8] Undefined index:  tpltypeid D:\www\qmyx.wuyelaile.com\weiwincms\Lib\Action\Wap\IndexAction.class.php Á¨¨ 131 Ë°å.
NOTIC: [8] Undefined index:  tpltypeid D:\www\qmyx.wuyelaile.com\weiwincms\Lib\Action\Wap\IndexAction.class.php Á¨¨ 131 Ë°å.
NOTIC: [8] Undefined index:  tpltypeid D:\www\qmyx.wuyelaile.com\weiwincms\Lib\Action\Wap\IndexAction.class.php Á¨¨ 131 Ë°å.
NOTIC: [8] Undefined index:  tpltypeid D:\www\qmyx.wuyelaile.com\weiwincms\Lib\Action\Wap\IndexAction.class.php Á¨¨ 131 Ë°å.
NOTIC: [8] Undefined index:  tpltypeid D:\www\qmyx.wuyelaile.com\weiwincms\Lib\Action\Wap\IndexAction.class.php Á¨¨ 131 Ë°å.
NOTIC: [8] Undefined index:  tpltypeid D:\www\qmyx.wuyelaile.com\weiwincms\Lib\Action\Wap\IndexAction.class.php Á¨¨ 131 Ë°å.
NOTIC: [8] Undefined index:  tpltypeid D:\www\qmyx.wuyelaile.com\weiwincms\Lib\Action\Wap\IndexAction.class.php Á¨¨ 131 Ë°å.
NOTIC: [8] Undefined index:  tpltypeid D:\www\qmyx.wuyelaile.com\weiwincms\Lib\Action\Wap\IndexAction.class.php Á¨¨ 131 Ë°å.
NOTIC: [8] Undefined index:  tpltypeid D:\www\qmyx.wuyelaile.com\weiwincms\Lib\Action\Wap\IndexAction.class.php Á¨¨ 131 Ë°å.
NOTIC: [8] Undefined index:  tpltypeid D:\www\qmyx.wuyelaile.com\weiwincms\Lib\Action\Wap\IndexAction.class.php Á¨¨ 131 Ë°å.
NOTIC: [8] Undefined index:  tpltypeid D:\www\qmyx.wuyelaile.com\weiwincms\Lib\Action\Wap\IndexAction.class.php Á¨¨ 131 Ë°å.
NOTIC: [8] Undefined index:  tpltypeid D:\www\qmyx.wuyelaile.com\weiwincms\Lib\Action\Wap\IndexAction.class.php Á¨¨ 131 Ë°å.
NOTIC: [8] Undefined index:  tpltypeid D:\www\qmyx.wuyelaile.com\weiwincms\Lib\Action\Wap\IndexAction.class.php Á¨¨ 131 Ë°å.
NOTIC: [8] Undefined index:  tpltypeid D:\www\qmyx.wuyelaile.com\weiwincms\Lib\Action\Wap\IndexAction.class.php Á¨¨ 131 Ë°å.
NOTIC: [8] Undefined index:  tpltypeid D:\www\qmyx.wuyelaile.com\weiwincms\Lib\Action\Wap\IndexAction.class.php Á¨¨ 131 Ë°å.
NOTIC: [8] Undefined index:  tpltypeid D:\www\qmyx.wuyelaile.com\weiwincms\Lib\Action\Wap\IndexAction.class.php Á¨¨ 131 Ë°å.
NOTIC: [8] Undefined index:  tpltypeid D:\www\qmyx.wuyelaile.com\weiwincms\Lib\Action\Wap\IndexAction.class.php Á¨¨ 131 Ë°å.
NOTIC: [8] Undefined index:  tpltypeid D:\www\qmyx.wuyelaile.com\weiwincms\Lib\Action\Wap\IndexAction.class.php Á¨¨ 131 Ë°å.
NOTIC: [8] Undefined index:  tpltypeid D:\www\qmyx.wuyelaile.com\weiwincms\Lib\Action\Wap\IndexAction.class.php Á¨¨ 131 Ë°å.
NOTIC: [8] Undefined index:  tpltypeid D:\www\qmyx.wuyelaile.com\weiwincms\Lib\Action\Wap\IndexAction.class.php Á¨¨ 131 Ë°å.
NOTIC: [8] Undefined index:  tpltypeid D:\www\qmyx.wuyelaile.com\weiwincms\Lib\Action\Wap\IndexAction.class.php Á¨¨ 131 Ë°å.
NOTIC: [8] Undefined index:  tpltypeid D:\www\qmyx.wuyelaile.com\weiwincms\Lib\Action\Wap\IndexAction.class.php Á¨¨ 131 Ë°å.
NOTIC: [8] Undefined index:  tpltypeid D:\www\qmyx.wuyelaile.com\weiwincms\Lib\Action\Wap\IndexAction.class.php Á¨¨ 131 Ë°å.
NOTIC: [8] Undefined index:  tpltypeid D:\www\qmyx.wuyelaile.com\weiwincms\Lib\Action\Wap\IndexAction.class.php Á¨¨ 131 Ë°å.
NOTIC: [8] Undefined index:  tpltypeid D:\www\qmyx.wuyelaile.com\weiwincms\Lib\Action\Wap\IndexAction.class.php Á¨¨ 131 Ë°å.
NOTIC: [8] Undefined index:  tpltypeid D:\www\qmyx.wuyelaile.com\weiwincms\Lib\Action\Wap\IndexAction.class.php Á¨¨ 131 Ë°å.
NOTIC: [8] Undefined index:  tpltypeid D:\www\qmyx.wuyelaile.com\weiwincms\Lib\Action\Wap\IndexAction.class.php Á¨¨ 131 Ë°å.
NOTIC: [8] Undefined index:  tpltypeid D:\www\qmyx.wuyelaile.com\weiwincms\Lib\Action\Wap\IndexAction.class.php Á¨¨ 131 Ë°å.
NOTIC: [8] Undefined index:  tpltypeid D:\www\qmyx.wuyelaile.com\weiwincms\Lib\Action\Wap\IndexAction.class.php Á¨¨ 131 Ë°å.
NOTIC: [8] Undefined index:  tpltypeid D:\www\qmyx.wuyelaile.com\weiwincms\Lib\Action\Wap\IndexAction.class.php Á¨¨ 131 Ë°å.
NOTIC: [8] Undefined index:  tpltypeid D:\www\qmyx.wuyelaile.com\weiwincms\Lib\Action\Wap\IndexAction.class.php Á¨¨ 131 Ë°å.
NOTIC: [8] Undefined index:  tpltypeid D:\www\qmyx.wuyelaile.com\weiwincms\Lib\Action\Wap\IndexAction.class.php Á¨¨ 131 Ë°å.
NOTIC: [8] Undefined index:  tpltypeid D:\www\qmyx.wuyelaile.com\weiwincms\Lib\Action\Wap\IndexAction.class.php Á¨¨ 131 Ë°å.
NOTIC: [8] Undefined index:  tpltypeid D:\www\qmyx.wuyelaile.com\weiwincms\Lib\Action\Wap\IndexAction.class.php Á¨¨ 131 Ë°å.
NOTIC: [8] Undefined index:  tpltypeid D:\www\qmyx.wuyelaile.com\weiwincms\Lib\Action\Wap\IndexAction.class.php Á¨¨ 131 Ë°å.
NOTIC: [8] Undefined index:  tpltypeid D:\www\qmyx.wuyelaile.com\weiwincms\Lib\Action\Wap\IndexAction.class.php Á¨¨ 131 Ë°å.
NOTIC: [8] Undefined index:  tpltypeid D:\www\qmyx.wuyelaile.com\weiwincms\Lib\Action\Wap\IndexAction.class.php Á¨¨ 131 Ë°å.
NOTIC: [8] Undefined index:  tpltypeid D:\www\qmyx.wuyelaile.com\weiwincms\Lib\Action\Wap\IndexAction.class.php Á¨¨ 131 Ë°å.
NOTIC: [8] Undefined index:  tpltypeid D:\www\qmyx.wuyelaile.com\weiwincms\Lib\Action\Wap\IndexAction.class.php Á¨¨ 131 Ë°å.
NOTIC: [8] Undefined index:  tpltypeid D:\www\qmyx.wuyelaile.com\weiwincms\Lib\Action\Wap\IndexAction.class.php Á¨¨ 131 Ë°å.
NOTIC: [8] Undefined index:  tpltypeid D:\www\qmyx.wuyelaile.com\weiwincms\Lib\Action\Wap\IndexAction.class.php Á¨¨ 131 Ë°å.
NOTIC: [8] Undefined index:  tpltypeid D:\www\qmyx.wuyelaile.com\weiwincms\Lib\Action\Wap\IndexAction.class.php Á¨¨ 131 Ë°å.
NOTIC: [8] Undefined index:  tpltypeid D:\www\qmyx.wuyelaile.com\weiwincms\Lib\Action\Wap\IndexAction.class.php Á¨¨ 131 Ë°å.
NOTIC: [8] Undefined index:  tpltypeid D:\www\qmyx.wuyelaile.com\weiwincms\Lib\Action\Wap\IndexAction.class.php Á¨¨ 131 Ë°å.
NOTIC: [8] Undefined index:  tpltypeid D:\www\qmyx.wuyelaile.com\weiwincms\Lib\Action\Wap\IndexAction.class.php Á¨¨ 131 Ë°å.
NOTIC: [8] Undefined index:  tpltypeid D:\www\qmyx.wuyelaile.com\weiwincms\Lib\Action\Wap\IndexAction.class.php Á¨¨ 131 Ë°å.
NOTIC: [8] Undefined index:  tpltypeid D:\www\qmyx.wuyelaile.com\weiwincms\Lib\Action\Wap\IndexAction.class.php Á¨¨ 131 Ë°å.
NOTIC: [8] Undefined index:  tpltypeid D:\www\qmyx.wuyelaile.com\weiwincms\Lib\Action\Wap\IndexAction.class.php Á¨¨ 131 Ë°å.
NOTIC: [8] Undefined index:  tpltypeid D:\www\qmyx.wuyelaile.com\weiwincms\Lib\Action\Wap\IndexAction.class.php Á¨¨ 131 Ë°å.
NOTIC: [8] Undefined index:  tpltypeid D:\www\qmyx.wuyelaile.com\weiwincms\Lib\Action\Wap\IndexAction.class.php Á¨¨ 131 Ë°å.
NOTIC: [8] Undefined index:  tpltypeid D:\www\qmyx.wuyelaile.com\weiwincms\Lib\Action\Wap\IndexAction.class.php Á¨¨ 131 Ë°å.
NOTIC: [8] Undefined index:  tpltypeid D:\www\qmyx.wuyelaile.com\weiwincms\Lib\Action\Wap\IndexAction.class.php Á¨¨ 131 Ë°å.
NOTIC: [8] Undefined index:  tpltypeid D:\www\qmyx.wuyelaile.com\weiwincms\Lib\Action\Wap\IndexAction.class.php Á¨¨ 131 Ë°å.
NOTIC: [8] Undefined index:  tpltypeid D:\www\qmyx.wuyelaile.com\weiwincms\Lib\Action\Wap\IndexAction.class.php Á¨¨ 131 Ë°å.
NOTIC: [8] Undefined index:  tpltypeid D:\www\qmyx.wuyelaile.com\weiwincms\Lib\Action\Wap\IndexAction.class.php Á¨¨ 131 Ë°å.
NOTIC: [8] Undefined index:  tpltypeid D:\www\qmyx.wuyelaile.com\weiwincms\Lib\Action\Wap\IndexAction.class.php Á¨¨ 131 Ë°å.
NOTIC: [8] Undefined index:  tpltypeid D:\www\qmyx.wuyelaile.com\weiwincms\Lib\Action\Wap\IndexAction.class.php Á¨¨ 131 Ë°å.
NOTIC: [8] Undefined index:  tpltypeid D:\www\qmyx.wuyelaile.com\weiwincms\Lib\Action\Wap\IndexAction.class.php Á¨¨ 131 Ë°å.
NOTIC: [8] Undefined index:  tpltypeid D:\www\qmyx.wuyelaile.com\weiwincms\Lib\Action\Wap\IndexAction.class.php Á¨¨ 131 Ë°å.
NOTIC: [8] Undefined variable: tplinfo D:\www\qmyx.wuyelaile.com\weiwincms\Lib\Action\Wap\IndexAction.class.php Á¨¨ 136 Ë°å.
NOTIC: [8] Undefined variable: tplinfo D:\www\qmyx.wuyelaile.com\weiwincms\Lib\Action\Wap\IndexAction.class.php Á¨¨ 137 Ë°å.
NOTIC: [8] Undefined index:  tpltypename D:\www\qmyx.wuyelaile.com\weiwincms\Lib\Action\Wap\IndexAction.class.php Á¨¨ 170 Ë°å.
NOTIC: [2] Cannot use a scalar value as an array D:\www\qmyx.wuyelaile.com\weiwincms\_Core\Lib\Core\View.class.php Á¨¨ 69 Ë°å.
INFO: [ view_template ] --START--
NOTIC: [8] Undefined index:  class D:\www\qmyx.wuyelaile.com\weiwincms\_Core\Lib\Core\ThinkException.class.php Á¨¨ 63 Ë°å.
NOTIC: [8] Undefined index:  type D:\www\qmyx.wuyelaile.com\weiwincms\_Core\Lib\Core\ThinkException.class.php Á¨¨ 63 Ë°å.
NOTIC: [8] Undefined index:  class D:\www\qmyx.wuyelaile.com\weiwincms\_Core\Lib\Core\ThinkException.class.php Á¨¨ 63 Ë°å.
NOTIC: [8] Undefined index:  type D:\www\qmyx.wuyelaile.com\weiwincms\_Core\Lib\Core\ThinkException.class.php Á¨¨ 63 Ë°å.
NOTIC: [8] Undefined index:  file D:\www\qmyx.wuyelaile.com\weiwincms\_Core\Lib\Core\ThinkException.class.php Á¨¨ 62 Ë°å.
NOTIC: [8] Undefined index:  line D:\www\qmyx.wuyelaile.com\weiwincms\_Core\Lib\Core\ThinkException.class.php Á¨¨ 62 Ë°å.
NOTIC: [4096] Object of class IndexAction could not be converted to string D:\www\qmyx.wuyelaile.com\weiwincms\_Core\Lib\Core\ThinkException.class.php Á¨¨ 64 Ë°å.
NOTIC: [8] Undefined index:  class D:\www\qmyx.wuyelaile.com\weiwincms\_Core\Lib\Core\ThinkException.class.php Á¨¨ 63 Ë°å.
NOTIC: [8] Undefined index:  type D:\www\qmyx.wuyelaile.com\weiwincms\_Core\Lib\Core\ThinkException.class.php Á¨¨ 63 Ë°å.
NOTIC: [8] Undefined index:  class D:\www\qmyx.wuyelaile.com\weiwincms\_Core\Lib\Core\ThinkException.class.php Á¨¨ 63 Ë°å.
NOTIC: [8] Undefined index:  type D:\www\qmyx.wuyelaile.com\weiwincms\_Core\Lib\Core\ThinkException.class.php Á¨¨ 63 Ë°å.
NOTIC: [32] PHP Startup: Unable to load dynamic library 'D:\WebServer\php-5.2.5 (x64)\ext\php_fileinfo.dll' - ’“≤ªµΩ÷∏∂®µƒƒ£øÈ°£
 Unknown Á¨¨ 0 Ë°å.

[ 2015-08-15T17:35:18+08:00 ] 101.226.68.217 /index.php?g=Wap
INFO: [ app_begin ] --START--
INFO: Run ReadHtmlCache Behavior [ RunTime:0.004291s ]
INFO: [ app_begin ] --END-- [ RunTime:0.004442s ]
SQL: SHOW COLUMNS FROM `wy_userinfo` [ RunTime:0.109946s ]
SQL: SELECT * FROM `wy_userinfo` WHERE ( `token` = null ) AND ( `wecha_id` = null ) LIMIT 1   [ RunTime:0.000572s ]
SQL: SHOW COLUMNS FROM `wy_wechat_group_list` [ RunTime:0.066622s ]
SQL: SELECT * FROM `wy_wechat_group_list` WHERE ( `token` = null ) AND ( `openid` = null ) LIMIT 1   [ RunTime:0.012415s ]
NOTIC: [2] unlink(./weiwindata/logs/Temp/5/f/5fe1fc0e0fdbfbaff4ab677cf3a37648.php) [<a href='function.unlink'>function.unlink</a>]: No such file or directory D:\www\qmyx.wuyelaile.com\weiwincms\_Core\Lib\Driver\Cache\CacheFile.class.php Á¨¨ 176 Ë°å.
SQL: SHOW COLUMNS FROM `wy_home` [ RunTime:0.114832s ]
SQL: SELECT * FROM `wy_home` WHERE ( `token` = null ) LIMIT 1   [ RunTime:0.000318s ]
NOTIC: [2] unlink(./weiwindata/logs/Temp/0/d/0d2c1c12d6393e604b6e35e960614004.php) [<a href='function.unlink'>function.unlink</a>]: No such file or directory D:\www\qmyx.wuyelaile.com\weiwincms\_Core\Lib\Driver\Cache\CacheFile.class.php Á¨¨ 176 Ë°å.
SQL: SHOW COLUMNS FROM `wy_wxuser` [ RunTime:0.058998s ]
SQL: SELECT * FROM `wy_wxuser` WHERE ( `token` = null ) LIMIT 1   [ RunTime:0.001792s ]
NOTIC: [2] unlink(./weiwindata/logs/Temp/8/b/8b27330c23d5c53e2409cb5a50d9703d.php) [<a href='function.unlink'>function.unlink</a>]: No such file or directory D:\www\qmyx.wuyelaile.com\weiwincms\_Core\Lib\Driver\Cache\CacheFile.class.php Á¨¨ 176 Ë°å.
SQL: SHOW COLUMNS FROM `wy_catemenu` [ RunTime:0.087931s ]
SQL: SELECT * FROM `wy_catemenu` WHERE ( `token` = null ) AND ( `status` = 1 ) ORDER BY orderss desc  [ RunTime:0.010676s ]
NOTIC: [2] unlink(./weiwindata/logs/Temp/5/8/5848d5204b5e414e87c386581aa4207f.php) [<a href='function.unlink'>function.unlink</a>]: No such file or directory D:\www\qmyx.wuyelaile.com\weiwincms\_Core\Lib\Driver\Cache\CacheFile.class.php Á¨¨ 176 Ë°å.
SQL: SHOW COLUMNS FROM `wy_catemenu` [ RunTime:0.004959s ]
NOTIC: [8] Undefined index:  lpid D:\www\qmyx.wuyelaile.com\weiwincms\Lib\Action\WapAction.class.php Á¨¨ 80 Ë°å.
SQL: SELECT * FROM `wy_catemenu` WHERE ( `token` = null ) AND ( `status` = 1 ) AND ( `lpid` = null )  [ RunTime:0.000614s ]
SQL: SHOW COLUMNS FROM `wy_users` [ RunTime:0.042221s ]
SQL: SELECT * FROM `wy_users` WHERE ( `id` = 0 ) LIMIT 1   [ RunTime:0.000499s ]
NOTIC: [2] unlink(./weiwindata/logs/Temp/e/f/efe21af28ac2c16b2c3515b7a677c7a3.php) [<a href='function.unlink'>function.unlink</a>]: No such file or directory D:\www\qmyx.wuyelaile.com\weiwincms\_Core\Lib\Driver\Cache\CacheFile.class.php Á¨¨ 176 Ë°å.
SQL: SHOW COLUMNS FROM `wy_user_group` [ RunTime:0.026442s ]
SQL: SELECT * FROM `wy_user_group` WHERE ( `id` = 0 ) LIMIT 1   [ RunTime:0.000328s ]
NOTIC: [2] unlink(./weiwindata/logs/Temp/c/1/c12b83863679c53a027170a94c2d1853.php) [<a href='function.unlink'>function.unlink</a>]: No such file or directory D:\www\qmyx.wuyelaile.com\weiwincms\_Core\Lib\Driver\Cache\CacheFile.class.php Á¨¨ 176 Ë°å.
SQL: SHOW COLUMNS FROM `wy_company` [ RunTime:0.046649s ]
SQL: SELECT * FROM `wy_company` WHERE ( `token` = null ) AND ( `isbranch` = 0 ) LIMIT 1   [ RunTime:0.000256s ]
NOTIC: [2] unlink(./weiwindata/logs/Temp/5/f/5f590e6483487102f9aedcd019d413c0.php) [<a href='function.unlink'>function.unlink</a>]: No such file or directory D:\www\qmyx.wuyelaile.com\weiwincms\_Core\Lib\Driver\Cache\CacheFile.class.php Á¨¨ 176 Ë°å.
SQL: SHOW COLUMNS FROM `wy_classify` [ RunTime:0.083053s ]
NOTIC: [8] Undefined index:  lpid D:\www\qmyx.wuyelaile.com\weiwincms\Lib\Action\Wap\IndexAction.class.php Á¨¨ 25 Ë°å.
SQL: SELECT * FROM `wy_classify` WHERE ( `token` = null ) AND ( `status` = 1 ) AND ( `lpid` = null ) ORDER BY sorts desc  [ RunTime:0.001774s ]
NOTIC: [2] Invalid argument supplied for foreach() D:\www\qmyx.wuyelaile.com\weiwincms\Lib\Action\Wap\IndexAction.class.php Á¨¨ 506 Ë°å.
SQL: SHOW COLUMNS FROM `wy_home` [ RunTime:0.006975s ]
SQL: SELECT * FROM `wy_home` WHERE ( `token` = null ) LIMIT 1   [ RunTime:0.000254s ]
SQL: SHOW COLUMNS FROM `wy_kefuonline` [ RunTime:0.052972s ]
SQL: SELECT * FROM `wy_kefuonline` WHERE ( `token` = null ) LIMIT 1   [ RunTime:0.010064s ]
SQL: SELECT * FROM `wy_home` WHERE ( `token` = null ) LIMIT 1   [ RunTime:0.000282s ]
NOTIC: [8] Undefined index:  lpid D:\www\qmyx.wuyelaile.com\weiwincms\Lib\Action\Wap\IndexAction.class.php Á¨¨ 90 Ë°å.
SQL: SHOW COLUMNS FROM `wy_lpinfo` [ RunTime:0.098113s ]
SQL: SELECT * FROM `wy_lpinfo` WHERE ( `token` = null ) LIMIT 1   [ RunTime:0.045938s ]
SQL: SHOW COLUMNS FROM `wy_flash` [ RunTime:0.071480s ]
SQL: SELECT * FROM `wy_flash` WHERE ( `token` = null ) AND ( `lpid` = null ) ORDER BY sort asc  [ RunTime:0.001735s ]
NOTIC: [2] Invalid argument supplied for foreach() D:\www\qmyx.wuyelaile.com\weiwincms\Lib\Action\Wap\IndexAction.class.php Á¨¨ 506 Ë°å.
NOTIC: [2] Invalid argument supplied for foreach() D:\www\qmyx.wuyelaile.com\weiwincms\Lib\Action\Wap\IndexAction.class.php Á¨¨ 99 Ë°å.
NOTIC: [8] Undefined index:  tpltypeid D:\www\qmyx.wuyelaile.com\weiwincms\Lib\Action\Wap\IndexAction.class.php Á¨¨ 131 Ë°å.
NOTIC: [8] Undefined index:  tpltypeid D:\www\qmyx.wuyelaile.com\weiwincms\Lib\Action\Wap\IndexAction.class.php Á¨¨ 131 Ë°å.
NOTIC: [8] Undefined index:  tpltypeid D:\www\qmyx.wuyelaile.com\weiwincms\Lib\Action\Wap\IndexAction.class.php Á¨¨ 131 Ë°å.
NOTIC: [8] Undefined index:  tpltypeid D:\www\qmyx.wuyelaile.com\weiwincms\Lib\Action\Wap\IndexAction.class.php Á¨¨ 131 Ë°å.
NOTIC: [8] Undefined index:  tpltypeid D:\www\qmyx.wuyelaile.com\weiwincms\Lib\Action\Wap\IndexAction.class.php Á¨¨ 131 Ë°å.
NOTIC: [8] Undefined index:  tpltypeid D:\www\qmyx.wuyelaile.com\weiwincms\Lib\Action\Wap\IndexAction.class.php Á¨¨ 131 Ë°å.
NOTIC: [8] Undefined index:  tpltypeid D:\www\qmyx.wuyelaile.com\weiwincms\Lib\Action\Wap\IndexAction.class.php Á¨¨ 131 Ë°å.
NOTIC: [8] Undefined index:  tpltypeid D:\www\qmyx.wuyelaile.com\weiwincms\Lib\Action\Wap\IndexAction.class.php Á¨¨ 131 Ë°å.
NOTIC: [8] Undefined index:  tpltypeid D:\www\qmyx.wuyelaile.com\weiwincms\Lib\Action\Wap\IndexAction.class.php Á¨¨ 131 Ë°å.
NOTIC: [8] Undefined index:  tpltypeid D:\www\qmyx.wuyelaile.com\weiwincms\Lib\Action\Wap\IndexAction.class.php Á¨¨ 131 Ë°å.
NOTIC: [8] Undefined index:  tpltypeid D:\www\qmyx.wuyelaile.com\weiwincms\Lib\Action\Wap\IndexAction.class.php Á¨¨ 131 Ë°å.
NOTIC: [8] Undefined index:  tpltypeid D:\www\qmyx.wuyelaile.com\weiwincms\Lib\Action\Wap\IndexAction.class.php Á¨¨ 131 Ë°å.
NOTIC: [8] Undefined index:  tpltypeid D:\www\qmyx.wuyelaile.com\weiwincms\Lib\Action\Wap\IndexAction.class.php Á¨¨ 131 Ë°å.
NOTIC: [8] Undefined index:  tpltypeid D:\www\qmyx.wuyelaile.com\weiwincms\Lib\Action\Wap\IndexAction.class.php Á¨¨ 131 Ë°å.
NOTIC: [8] Undefined index:  tpltypeid D:\www\qmyx.wuyelaile.com\weiwincms\Lib\Action\Wap\IndexAction.class.php Á¨¨ 131 Ë°å.
NOTIC: [8] Undefined index:  tpltypeid D:\www\qmyx.wuyelaile.com\weiwincms\Lib\Action\Wap\IndexAction.class.php Á¨¨ 131 Ë°å.
NOTIC: [8] Undefined index:  tpltypeid D:\www\qmyx.wuyelaile.com\weiwincms\Lib\Action\Wap\IndexAction.class.php Á¨¨ 131 Ë°å.
NOTIC: [8] Undefined index:  tpltypeid D:\www\qmyx.wuyelaile.com\weiwincms\Lib\Action\Wap\IndexAction.class.php Á¨¨ 131 Ë°å.
NOTIC: [8] Undefined index:  tpltypeid D:\www\qmyx.wuyelaile.com\weiwincms\Lib\Action\Wap\IndexAction.class.php Á¨¨ 131 Ë°å.
NOTIC: [8] Undefined index:  tpltypeid D:\www\qmyx.wuyelaile.com\weiwincms\Lib\Action\Wap\IndexAction.class.php Á¨¨ 131 Ë°å.
NOTIC: [8] Undefined index:  tpltypeid D:\www\qmyx.wuyelaile.com\weiwincms\Lib\Action\Wap\IndexAction.class.php Á¨¨ 131 Ë°å.
NOTIC: [8] Undefined index:  tpltypeid D:\www\qmyx.wuyelaile.com\weiwincms\Lib\Action\Wap\IndexAction.class.php Á¨¨ 131 Ë°å.
NOTIC: [8] Undefined index:  tpltypeid D:\www\qmyx.wuyelaile.com\weiwincms\Lib\Action\Wap\IndexAction.class.php Á¨¨ 131 Ë°å.
NOTIC: [8] Undefined index:  tpltypeid D:\www\qmyx.wuyelaile.com\weiwincms\Lib\Action\Wap\IndexAction.class.php Á¨¨ 131 Ë°å.
NOTIC: [8] Undefined index:  tpltypeid D:\www\qmyx.wuyelaile.com\weiwincms\Lib\Action\Wap\IndexAction.class.php Á¨¨ 131 Ë°å.
NOTIC: [8] Undefined index:  tpltypeid D:\www\qmyx.wuyelaile.com\weiwincms\Lib\Action\Wap\IndexAction.class.php Á¨¨ 131 Ë°å.
NOTIC: [8] Undefined index:  tpltypeid D:\www\qmyx.wuyelaile.com\weiwincms\Lib\Action\Wap\IndexAction.class.php Á¨¨ 131 Ë°å.
NOTIC: [8] Undefined index:  tpltypeid D:\www\qmyx.wuyelaile.com\weiwincms\Lib\Action\Wap\IndexAction.class.php Á¨¨ 131 Ë°å.
NOTIC: [8] Undefined index:  tpltypeid D:\www\qmyx.wuyelaile.com\weiwincms\Lib\Action\Wap\IndexAction.class.php Á¨¨ 131 Ë°å.
NOTIC: [8] Undefined index:  tpltypeid D:\www\qmyx.wuyelaile.com\weiwincms\Lib\Action\Wap\IndexAction.class.php Á¨¨ 131 Ë°å.
NOTIC: [8] Undefined index:  tpltypeid D:\www\qmyx.wuyelaile.com\weiwincms\Lib\Action\Wap\IndexAction.class.php Á¨¨ 131 Ë°å.
NOTIC: [8] Undefined index:  tpltypeid D:\www\qmyx.wuyelaile.com\weiwincms\Lib\Action\Wap\IndexAction.class.php Á¨¨ 131 Ë°å.
NOTIC: [8] Undefined index:  tpltypeid D:\www\qmyx.wuyelaile.com\weiwincms\Lib\Action\Wap\IndexAction.class.php Á¨¨ 131 Ë°å.
NOTIC: [8] Undefined index:  tpltypeid D:\www\qmyx.wuyelaile.com\weiwincms\Lib\Action\Wap\IndexAction.class.php Á¨¨ 131 Ë°å.
NOTIC: [8] Undefined index:  tpltypeid D:\www\qmyx.wuyelaile.com\weiwincms\Lib\Action\Wap\IndexAction.class.php Á¨¨ 131 Ë°å.
NOTIC: [8] Undefined index:  tpltypeid D:\www\qmyx.wuyelaile.com\weiwincms\Lib\Action\Wap\IndexAction.class.php Á¨¨ 131 Ë°å.
NOTIC: [8] Undefined index:  tpltypeid D:\www\qmyx.wuyelaile.com\weiwincms\Lib\Action\Wap\IndexAction.class.php Á¨¨ 131 Ë°å.
NOTIC: [8] Undefined index:  tpltypeid D:\www\qmyx.wuyelaile.com\weiwincms\Lib\Action\Wap\IndexAction.class.php Á¨¨ 131 Ë°å.
NOTIC: [8] Undefined index:  tpltypeid D:\www\qmyx.wuyelaile.com\weiwincms\Lib\Action\Wap\IndexAction.class.php Á¨¨ 131 Ë°å.
NOTIC: [8] Undefined index:  tpltypeid D:\www\qmyx.wuyelaile.com\weiwincms\Lib\Action\Wap\IndexAction.class.php Á¨¨ 131 Ë°å.
NOTIC: [8] Undefined index:  tpltypeid D:\www\qmyx.wuyelaile.com\weiwincms\Lib\Action\Wap\IndexAction.class.php Á¨¨ 131 Ë°å.
NOTIC: [8] Undefined index:  tpltypeid D:\www\qmyx.wuyelaile.com\weiwincms\Lib\Action\Wap\IndexAction.class.php Á¨¨ 131 Ë°å.
NOTIC: [8] Undefined index:  tpltypeid D:\www\qmyx.wuyelaile.com\weiwincms\Lib\Action\Wap\IndexAction.class.php Á¨¨ 131 Ë°å.
NOTIC: [8] Undefined index:  tpltypeid D:\www\qmyx.wuyelaile.com\weiwincms\Lib\Action\Wap\IndexAction.class.php Á¨¨ 131 Ë°å.
NOTIC: [8] Undefined index:  tpltypeid D:\www\qmyx.wuyelaile.com\weiwincms\Lib\Action\Wap\IndexAction.class.php Á¨¨ 131 Ë°å.
NOTIC: [8] Undefined index:  tpltypeid D:\www\qmyx.wuyelaile.com\weiwincms\Lib\Action\Wap\IndexAction.class.php Á¨¨ 131 Ë°å.
NOTIC: [8] Undefined index:  tpltypeid D:\www\qmyx.wuyelaile.com\weiwincms\Lib\Action\Wap\IndexAction.class.php Á¨¨ 131 Ë°å.
NOTIC: [8] Undefined index:  tpltypeid D:\www\qmyx.wuyelaile.com\weiwincms\Lib\Action\Wap\IndexAction.class.php Á¨¨ 131 Ë°å.
NOTIC: [8] Undefined index:  tpltypeid D:\www\qmyx.wuyelaile.com\weiwincms\Lib\Action\Wap\IndexAction.class.php Á¨¨ 131 Ë°å.
NOTIC: [8] Undefined index:  tpltypeid D:\www\qmyx.wuyelaile.com\weiwincms\Lib\Action\Wap\IndexAction.class.php Á¨¨ 131 Ë°å.
NOTIC: [8] Undefined index:  tpltypeid D:\www\qmyx.wuyelaile.com\weiwincms\Lib\Action\Wap\IndexAction.class.php Á¨¨ 131 Ë°å.
NOTIC: [8] Undefined index:  tpltypeid D:\www\qmyx.wuyelaile.com\weiwincms\Lib\Action\Wap\IndexAction.class.php Á¨¨ 131 Ë°å.
NOTIC: [8] Undefined index:  tpltypeid D:\www\qmyx.wuyelaile.com\weiwincms\Lib\Action\Wap\IndexAction.class.php Á¨¨ 131 Ë°å.
NOTIC: [8] Undefined index:  tpltypeid D:\www\qmyx.wuyelaile.com\weiwincms\Lib\Action\Wap\IndexAction.class.php Á¨¨ 131 Ë°å.
NOTIC: [8] Undefined index:  tpltypeid D:\www\qmyx.wuyelaile.com\weiwincms\Lib\Action\Wap\IndexAction.class.php Á¨¨ 131 Ë°å.
NOTIC: [8] Undefined index:  tpltypeid D:\www\qmyx.wuyelaile.com\weiwincms\Lib\Action\Wap\IndexAction.class.php Á¨¨ 131 Ë°å.
NOTIC: [8] Undefined index:  tpltypeid D:\www\qmyx.wuyelaile.com\weiwincms\Lib\Action\Wap\IndexAction.class.php Á¨¨ 131 Ë°å.
NOTIC: [8] Undefined index:  tpltypeid D:\www\qmyx.wuyelaile.com\weiwincms\Lib\Action\Wap\IndexAction.class.php Á¨¨ 131 Ë°å.
NOTIC: [8] Undefined index:  tpltypeid D:\www\qmyx.wuyelaile.com\weiwincms\Lib\Action\Wap\IndexAction.class.php Á¨¨ 131 Ë°å.
NOTIC: [8] Undefined index:  tpltypeid D:\www\qmyx.wuyelaile.com\weiwincms\Lib\Action\Wap\IndexAction.class.php Á¨¨ 131 Ë°å.
NOTIC: [8] Undefined index:  tpltypeid D:\www\qmyx.wuyelaile.com\weiwincms\Lib\Action\Wap\IndexAction.class.php Á¨¨ 131 Ë°å.
NOTIC: [8] Undefined index:  tpltypeid D:\www\qmyx.wuyelaile.com\weiwincms\Lib\Action\Wap\IndexAction.class.php Á¨¨ 131 Ë°å.
NOTIC: [8] Undefined index:  tpltypeid D:\www\qmyx.wuyelaile.com\weiwincms\Lib\Action\Wap\IndexAction.class.php Á¨¨ 131 Ë°å.
NOTIC: [8] Undefined index:  tpltypeid D:\www\qmyx.wuyelaile.com\weiwincms\Lib\Action\Wap\IndexAction.class.php Á¨¨ 131 Ë°å.
NOTIC: [8] Undefined index:  tpltypeid D:\www\qmyx.wuyelaile.com\weiwincms\Lib\Action\Wap\IndexAction.class.php Á¨¨ 131 Ë°å.
NOTIC: [8] Undefined index:  tpltypeid D:\www\qmyx.wuyelaile.com\weiwincms\Lib\Action\Wap\IndexAction.class.php Á¨¨ 131 Ë°å.
NOTIC: [8] Undefined index:  tpltypeid D:\www\qmyx.wuyelaile.com\weiwincms\Lib\Action\Wap\IndexAction.class.php Á¨¨ 131 Ë°å.
NOTIC: [8] Undefined index:  tpltypeid D:\www\qmyx.wuyelaile.com\weiwincms\Lib\Action\Wap\IndexAction.class.php Á¨¨ 131 Ë°å.
NOTIC: [8] Undefined index:  tpltypeid D:\www\qmyx.wuyelaile.com\weiwincms\Lib\Action\Wap\IndexAction.class.php Á¨¨ 131 Ë°å.
NOTIC: [8] Undefined index:  tpltypeid D:\www\qmyx.wuyelaile.com\weiwincms\Lib\Action\Wap\IndexAction.class.php Á¨¨ 131 Ë°å.
NOTIC: [8] Undefined index:  tpltypeid D:\www\qmyx.wuyelaile.com\weiwincms\Lib\Action\Wap\IndexAction.class.php Á¨¨ 131 Ë°å.
NOTIC: [8] Undefined index:  tpltypeid D:\www\qmyx.wuyelaile.com\weiwincms\Lib\Action\Wap\IndexAction.class.php Á¨¨ 131 Ë°å.
NOTIC: [8] Undefined index:  tpltypeid D:\www\qmyx.wuyelaile.com\weiwincms\Lib\Action\Wap\IndexAction.class.php Á¨¨ 131 Ë°å.
NOTIC: [8] Undefined index:  tpltypeid D:\www\qmyx.wuyelaile.com\weiwincms\Lib\Action\Wap\IndexAction.class.php Á¨¨ 131 Ë°å.
NOTIC: [8] Undefined index:  tpltypeid D:\www\qmyx.wuyelaile.com\weiwincms\Lib\Action\Wap\IndexAction.class.php Á¨¨ 131 Ë°å.
NOTIC: [8] Undefined index:  tpltypeid D:\www\qmyx.wuyelaile.com\weiwincms\Lib\Action\Wap\IndexAction.class.php Á¨¨ 131 Ë°å.
NOTIC: [8] Undefined index:  tpltypeid D:\www\qmyx.wuyelaile.com\weiwincms\Lib\Action\Wap\IndexAction.class.php Á¨¨ 131 Ë°å.
NOTIC: [8] Undefined index:  tpltypeid D:\www\qmyx.wuyelaile.com\weiwincms\Lib\Action\Wap\IndexAction.class.php Á¨¨ 131 Ë°å.
NOTIC: [8] Undefined index:  tpltypeid D:\www\qmyx.wuyelaile.com\weiwincms\Lib\Action\Wap\IndexAction.class.php Á¨¨ 131 Ë°å.
NOTIC: [8] Undefined index:  tpltypeid D:\www\qmyx.wuyelaile.com\weiwincms\Lib\Action\Wap\IndexAction.class.php Á¨¨ 131 Ë°å.
NOTIC: [8] Undefined index:  tpltypeid D:\www\qmyx.wuyelaile.com\weiwincms\Lib\Action\Wap\IndexAction.class.php Á¨¨ 131 Ë°å.
NOTIC: [8] Undefined index:  tpltypeid D:\www\qmyx.wuyelaile.com\weiwincms\Lib\Action\Wap\IndexAction.class.php Á¨¨ 131 Ë°å.
NOTIC: [8] Undefined index:  tpltypeid D:\www\qmyx.wuyelaile.com\weiwincms\Lib\Action\Wap\IndexAction.class.php Á¨¨ 131 Ë°å.
NOTIC: [8] Undefined index:  tpltypeid D:\www\qmyx.wuyelaile.com\weiwincms\Lib\Action\Wap\IndexAction.class.php Á¨¨ 131 Ë°å.
NOTIC: [8] Undefined index:  tpltypeid D:\www\qmyx.wuyelaile.com\weiwincms\Lib\Action\Wap\IndexAction.class.php Á¨¨ 131 Ë°å.
NOTIC: [8] Undefined index:  tpltypeid D:\www\qmyx.wuyelaile.com\weiwincms\Lib\Action\Wap\IndexAction.class.php Á¨¨ 131 Ë°å.
NOTIC: [8] Undefined index:  tpltypeid D:\www\qmyx.wuyelaile.com\weiwincms\Lib\Action\Wap\IndexAction.class.php Á¨¨ 131 Ë°å.
NOTIC: [8] Undefined index:  tpltypeid D:\www\qmyx.wuyelaile.com\weiwincms\Lib\Action\Wap\IndexAction.class.php Á¨¨ 131 Ë°å.
NOTIC: [8] Undefined index:  tpltypeid D:\www\qmyx.wuyelaile.com\weiwincms\Lib\Action\Wap\IndexAction.class.php Á¨¨ 131 Ë°å.
NOTIC: [8] Undefined index:  tpltypeid D:\www\qmyx.wuyelaile.com\weiwincms\Lib\Action\Wap\IndexAction.class.php Á¨¨ 131 Ë°å.
NOTIC: [8] Undefined index:  tpltypeid D:\www\qmyx.wuyelaile.com\weiwincms\Lib\Action\Wap\IndexAction.class.php Á¨¨ 131 Ë°å.
NOTIC: [8] Undefined index:  tpltypeid D:\www\qmyx.wuyelaile.com\weiwincms\Lib\Action\Wap\IndexAction.class.php Á¨¨ 131 Ë°å.
NOTIC: [8] Undefined index:  tpltypeid D:\www\qmyx.wuyelaile.com\weiwincms\Lib\Action\Wap\IndexAction.class.php Á¨¨ 131 Ë°å.
NOTIC: [8] Undefined index:  tpltypeid D:\www\qmyx.wuyelaile.com\weiwincms\Lib\Action\Wap\IndexAction.class.php Á¨¨ 131 Ë°å.
NOTIC: [8] Undefined index:  tpltypeid D:\www\qmyx.wuyelaile.com\weiwincms\Lib\Action\Wap\IndexAction.class.php Á¨¨ 131 Ë°å.
NOTIC: [8] Undefined index:  tpltypeid D:\www\qmyx.wuyelaile.com\weiwincms\Lib\Action\Wap\IndexAction.class.php Á¨¨ 131 Ë°å.
NOTIC: [8] Undefined index:  tpltypeid D:\www\qmyx.wuyelaile.com\weiwincms\Lib\Action\Wap\IndexAction.class.php Á¨¨ 131 Ë°å.
NOTIC: [8] Undefined index:  tpltypeid D:\www\qmyx.wuyelaile.com\weiwincms\Lib\Action\Wap\IndexAction.class.php Á¨¨ 131 Ë°å.
NOTIC: [8] Undefined index:  tpltypeid D:\www\qmyx.wuyelaile.com\weiwincms\Lib\Action\Wap\IndexAction.class.php Á¨¨ 131 Ë°å.
NOTIC: [8] Undefined index:  tpltypeid D:\www\qmyx.wuyelaile.com\weiwincms\Lib\Action\Wap\IndexAction.class.php Á¨¨ 131 Ë°å.
NOTIC: [8] Undefined index:  tpltypeid D:\www\qmyx.wuyelaile.com\weiwincms\Lib\Action\Wap\IndexAction.class.php Á¨¨ 131 Ë°å.
NOTIC: [8] Undefined index:  tpltypeid D:\www\qmyx.wuyelaile.com\weiwincms\Lib\Action\Wap\IndexAction.class.php Á¨¨ 131 Ë°å.
NOTIC: [8] Undefined index:  tpltypeid D:\www\qmyx.wuyelaile.com\weiwincms\Lib\Action\Wap\IndexAction.class.php Á¨¨ 131 Ë°å.
NOTIC: [8] Undefined index:  tpltypeid D:\www\qmyx.wuyelaile.com\weiwincms\Lib\Action\Wap\IndexAction.class.php Á¨¨ 131 Ë°å.
NOTIC: [8] Undefined index:  tpltypeid D:\www\qmyx.wuyelaile.com\weiwincms\Lib\Action\Wap\IndexAction.class.php Á¨¨ 131 Ë°å.
NOTIC: [8] Undefined index:  tpltypeid D:\www\qmyx.wuyelaile.com\weiwincms\Lib\Action\Wap\IndexAction.class.php Á¨¨ 131 Ë°å.
NOTIC: [8] Undefined index:  tpltypeid D:\www\qmyx.wuyelaile.com\weiwincms\Lib\Action\Wap\IndexAction.class.php Á¨¨ 131 Ë°å.
NOTIC: [8] Undefined index:  tpltypeid D:\www\qmyx.wuyelaile.com\weiwincms\Lib\Action\Wap\IndexAction.class.php Á¨¨ 131 Ë°å.
NOTIC: [8] Undefined index:  tpltypeid D:\www\qmyx.wuyelaile.com\weiwincms\Lib\Action\Wap\IndexAction.class.php Á¨¨ 131 Ë°å.
NOTIC: [8] Undefined index:  tpltypeid D:\www\qmyx.wuyelaile.com\weiwincms\Lib\Action\Wap\IndexAction.class.php Á¨¨ 131 Ë°å.
NOTIC: [8] Undefined index:  tpltypeid D:\www\qmyx.wuyelaile.com\weiwincms\Lib\Action\Wap\IndexAction.class.php Á¨¨ 131 Ë°å.
NOTIC: [8] Undefined index:  tpltypeid D:\www\qmyx.wuyelaile.com\weiwincms\Lib\Action\Wap\IndexAction.class.php Á¨¨ 131 Ë°å.
NOTIC: [8] Undefined index:  tpltypeid D:\www\qmyx.wuyelaile.com\weiwincms\Lib\Action\Wap\IndexAction.class.php Á¨¨ 131 Ë°å.
NOTIC: [8] Undefined index:  tpltypeid D:\www\qmyx.wuyelaile.com\weiwincms\Lib\Action\Wap\IndexAction.class.php Á¨¨ 131 Ë°å.
NOTIC: [8] Undefined index:  tpltypeid D:\www\qmyx.wuyelaile.com\weiwincms\Lib\Action\Wap\IndexAction.class.php Á¨¨ 131 Ë°å.
NOTIC: [8] Undefined index:  tpltypeid D:\www\qmyx.wuyelaile.com\weiwincms\Lib\Action\Wap\IndexAction.class.php Á¨¨ 131 Ë°å.
NOTIC: [8] Undefined index:  tpltypeid D:\www\qmyx.wuyelaile.com\weiwincms\Lib\Action\Wap\IndexAction.class.php Á¨¨ 131 Ë°å.
NOTIC: [8] Undefined index:  tpltypeid D:\www\qmyx.wuyelaile.com\weiwincms\Lib\Action\Wap\IndexAction.class.php Á¨¨ 131 Ë°å.
NOTIC: [8] Undefined index:  tpltypeid D:\www\qmyx.wuyelaile.com\weiwincms\Lib\Action\Wap\IndexAction.class.php Á¨¨ 131 Ë°å.
NOTIC: [8] Undefined index:  tpltypeid D:\www\qmyx.wuyelaile.com\weiwincms\Lib\Action\Wap\IndexAction.class.php Á¨¨ 131 Ë°å.
NOTIC: [8] Undefined index:  tpltypeid D:\www\qmyx.wuyelaile.com\weiwincms\Lib\Action\Wap\IndexAction.class.php Á¨¨ 131 Ë°å.
NOTIC: [8] Undefined index:  tpltypeid D:\www\qmyx.wuyelaile.com\weiwincms\Lib\Action\Wap\IndexAction.class.php Á¨¨ 131 Ë°å.
NOTIC: [8] Undefined index:  tpltypeid D:\www\qmyx.wuyelaile.com\weiwincms\Lib\Action\Wap\IndexAction.class.php Á¨¨ 131 Ë°å.
NOTIC: [8] Undefined index:  tpltypeid D:\www\qmyx.wuyelaile.com\weiwincms\Lib\Action\Wap\IndexAction.class.php Á¨¨ 131 Ë°å.
NOTIC: [8] Undefined index:  tpltypeid D:\www\qmyx.wuyelaile.com\weiwincms\Lib\Action\Wap\IndexAction.class.php Á¨¨ 131 Ë°å.
NOTIC: [8] Undefined index:  tpltypeid D:\www\qmyx.wuyelaile.com\weiwincms\Lib\Action\Wap\IndexAction.class.php Á¨¨ 131 Ë°å.
NOTIC: [8] Undefined index:  tpltypeid D:\www\qmyx.wuyelaile.com\weiwincms\Lib\Action\Wap\IndexAction.class.php Á¨¨ 131 Ë°å.
NOTIC: [8] Undefined index:  tpltypeid D:\www\qmyx.wuyelaile.com\weiwincms\Lib\Action\Wap\IndexAction.class.php Á¨¨ 131 Ë°å.
NOTIC: [8] Undefined index:  tpltypeid D:\www\qmyx.wuyelaile.com\weiwincms\Lib\Action\Wap\IndexAction.class.php Á¨¨ 131 Ë°å.
NOTIC: [8] Undefined index:  tpltypeid D:\www\qmyx.wuyelaile.com\weiwincms\Lib\Action\Wap\IndexAction.class.php Á¨¨ 131 Ë°å.
NOTIC: [8] Undefined index:  tpltypeid D:\www\qmyx.wuyelaile.com\weiwincms\Lib\Action\Wap\IndexAction.class.php Á¨¨ 131 Ë°å.
NOTIC: [8] Undefined index:  tpltypeid D:\www\qmyx.wuyelaile.com\weiwincms\Lib\Action\Wap\IndexAction.class.php Á¨¨ 131 Ë°å.
NOTIC: [8] Undefined index:  tpltypeid D:\www\qmyx.wuyelaile.com\weiwincms\Lib\Action\Wap\IndexAction.class.php Á¨¨ 131 Ë°å.
NOTIC: [8] Undefined index:  tpltypeid D:\www\qmyx.wuyelaile.com\weiwincms\Lib\Action\Wap\IndexAction.class.php Á¨¨ 131 Ë°å.
NOTIC: [8] Undefined index:  tpltypeid D:\www\qmyx.wuyelaile.com\weiwincms\Lib\Action\Wap\IndexAction.class.php Á¨¨ 131 Ë°å.
NOTIC: [8] Undefined index:  tpltypeid D:\www\qmyx.wuyelaile.com\weiwincms\Lib\Action\Wap\IndexAction.class.php Á¨¨ 131 Ë°å.
NOTIC: [8] Undefined index:  tpltypeid D:\www\qmyx.wuyelaile.com\weiwincms\Lib\Action\Wap\IndexAction.class.php Á¨¨ 131 Ë°å.
NOTIC: [8] Undefined index:  tpltypeid D:\www\qmyx.wuyelaile.com\weiwincms\Lib\Action\Wap\IndexAction.class.php Á¨¨ 131 Ë°å.
NOTIC: [8] Undefined index:  tpltypeid D:\www\qmyx.wuyelaile.com\weiwincms\Lib\Action\Wap\IndexAction.class.php Á¨¨ 131 Ë°å.
NOTIC: [8] Undefined index:  tpltypeid D:\www\qmyx.wuyelaile.com\weiwincms\Lib\Action\Wap\IndexAction.class.php Á¨¨ 131 Ë°å.
NOTIC: [8] Undefined index:  tpltypeid D:\www\qmyx.wuyelaile.com\weiwincms\Lib\Action\Wap\IndexAction.class.php Á¨¨ 131 Ë°å.
NOTIC: [8] Undefined index:  tpltypeid D:\www\qmyx.wuyelaile.com\weiwincms\Lib\Action\Wap\IndexAction.class.php Á¨¨ 131 Ë°å.
NOTIC: [8] Undefined index:  tpltypeid D:\www\qmyx.wuyelaile.com\weiwincms\Lib\Action\Wap\IndexAction.class.php Á¨¨ 131 Ë°å.
NOTIC: [8] Undefined index:  tpltypeid D:\www\qmyx.wuyelaile.com\weiwincms\Lib\Action\Wap\IndexAction.class.php Á¨¨ 131 Ë°å.
NOTIC: [8] Undefined index:  tpltypeid D:\www\qmyx.wuyelaile.com\weiwincms\Lib\Action\Wap\IndexAction.class.php Á¨¨ 131 Ë°å.
NOTIC: [8] Undefined index:  tpltypeid D:\www\qmyx.wuyelaile.com\weiwincms\Lib\Action\Wap\IndexAction.class.php Á¨¨ 131 Ë°å.
NOTIC: [8] Undefined index:  tpltypeid D:\www\qmyx.wuyelaile.com\weiwincms\Lib\Action\Wap\IndexAction.class.php Á¨¨ 131 Ë°å.
NOTIC: [8] Undefined index:  tpltypeid D:\www\qmyx.wuyelaile.com\weiwincms\Lib\Action\Wap\IndexAction.class.php Á¨¨ 131 Ë°å.
NOTIC: [8] Undefined index:  tpltypeid D:\www\qmyx.wuyelaile.com\weiwincms\Lib\Action\Wap\IndexAction.class.php Á¨¨ 131 Ë°å.
NOTIC: [8] Undefined index:  tpltypeid D:\www\qmyx.wuyelaile.com\weiwincms\Lib\Action\Wap\IndexAction.class.php Á¨¨ 131 Ë°å.
NOTIC: [8] Undefined variable: tplinfo D:\www\qmyx.wuyelaile.com\weiwincms\Lib\Action\Wap\IndexAction.class.php Á¨¨ 136 Ë°å.
NOTIC: [8] Undefined variable: tplinfo D:\www\qmyx.wuyelaile.com\weiwincms\Lib\Action\Wap\IndexAction.class.php Á¨¨ 137 Ë°å.
NOTIC: [8] Undefined index:  tpltypename D:\www\qmyx.wuyelaile.com\weiwincms\Lib\Action\Wap\IndexAction.class.php Á¨¨ 170 Ë°å.
NOTIC: [2] Cannot use a scalar value as an array D:\www\qmyx.wuyelaile.com\weiwincms\_Core\Lib\Core\View.class.php Á¨¨ 69 Ë°å.
INFO: [ view_template ] --START--
NOTIC: [8] Undefined index:  class D:\www\qmyx.wuyelaile.com\weiwincms\_Core\Lib\Core\ThinkException.class.php Á¨¨ 63 Ë°å.
NOTIC: [8] Undefined index:  type D:\www\qmyx.wuyelaile.com\weiwincms\_Core\Lib\Core\ThinkException.class.php Á¨¨ 63 Ë°å.
NOTIC: [8] Undefined index:  class D:\www\qmyx.wuyelaile.com\weiwincms\_Core\Lib\Core\ThinkException.class.php Á¨¨ 63 Ë°å.
NOTIC: [8] Undefined index:  type D:\www\qmyx.wuyelaile.com\weiwincms\_Core\Lib\Core\ThinkException.class.php Á¨¨ 63 Ë°å.
NOTIC: [8] Undefined index:  file D:\www\qmyx.wuyelaile.com\weiwincms\_Core\Lib\Core\ThinkException.class.php Á¨¨ 62 Ë°å.
NOTIC: [8] Undefined index:  line D:\www\qmyx.wuyelaile.com\weiwincms\_Core\Lib\Core\ThinkException.class.php Á¨¨ 62 Ë°å.
NOTIC: [4096] Object of class IndexAction could not be converted to string D:\www\qmyx.wuyelaile.com\weiwincms\_Core\Lib\Core\ThinkException.class.php Á¨¨ 64 Ë°å.
NOTIC: [8] Undefined index:  class D:\www\qmyx.wuyelaile.com\weiwincms\_Core\Lib\Core\ThinkException.class.php Á¨¨ 63 Ë°å.
NOTIC: [8] Undefined index:  type D:\www\qmyx.wuyelaile.com\weiwincms\_Core\Lib\Core\ThinkException.class.php Á¨¨ 63 Ë°å.
NOTIC: [8] Undefined index:  class D:\www\qmyx.wuyelaile.com\weiwincms\_Core\Lib\Core\ThinkException.class.php Á¨¨ 63 Ë°å.
NOTIC: [8] Undefined index:  type D:\www\qmyx.wuyelaile.com\weiwincms\_Core\Lib\Core\ThinkException.class.php Á¨¨ 63 Ë°å.

[ 2015-08-15T20:04:29+08:00 ] 183.136.190.62 /
INFO: [ app_begin ] --START--
INFO: Run ReadHtmlCache Behavior [ RunTime:0.001543s ]
INFO: [ app_begin ] --END-- [ RunTime:0.001704s ]
SQL: SHOW COLUMNS FROM `wy_links` [ RunTime:0.105971s ]
SQL: SELECT * FROM `wy_links` WHERE ( `status` = 1 )  [ RunTime:0.000427s ]
NOTIC: [2] Cannot use a scalar value as an array D:\www\qmyx.wuyelaile.com\weiwincms\_Core\Lib\Core\View.class.php Á¨¨ 69 Ë°å.
INFO: [ view_template ] --START--
INFO: Run LocationTemplate Behavior [ RunTime:-0.166199s ]
INFO: [ view_template ] --END-- [ RunTime:0.024879s ]
INFO: [ view_parse ] --START--
INFO: Run ParseTemplate Behavior [ RunTime:-0.191217s ]
INFO: [ view_parse ] --END-- [ RunTime:0.141329s ]
INFO: [ view_filter ] --START--
INFO: Run ContentReplace Behavior [ RunTime:-0.332619s ]
INFO: Run TokenBuild Behavior [ RunTime:-0.335334s ]
INFO: Run WriteHtmlCache Behavior [ RunTime:-0.338304s ]
INFO: Run ShowRuntime Behavior [ RunTime:-0.364374s ]
INFO: [ view_filter ] --END-- [ RunTime:0.034453s ]
INFO: [ view_end ] --START--
INFO: Run ShowPageTrace Behavior [ RunTime:-0.367172s ]
INFO: [ view_end ] --END-- [ RunTime:0.002901s ]

[ 2015-08-15T20:36:02+08:00 ] 123.125.71.56 /
INFO: [ app_begin ] --START--
INFO: Run ReadHtmlCache Behavior [ RunTime:0.001126s ]
INFO: [ app_begin ] --END-- [ RunTime:0.001305s ]
SQL: SHOW COLUMNS FROM `wy_links` [ RunTime:0.004674s ]
SQL: SELECT * FROM `wy_links` WHERE ( `status` = 1 )  [ RunTime:0.000226s ]
NOTIC: [2] Cannot use a scalar value as an array D:\www\qmyx.wuyelaile.com\weiwincms\_Core\Lib\Core\View.class.php Á¨¨ 69 Ë°å.
INFO: [ view_template ] --START--
INFO: Run LocationTemplate Behavior [ RunTime:-0.027830s ]
INFO: [ view_template ] --END-- [ RunTime:0.002318s ]
INFO: [ view_parse ] --START--
INFO: Run ParseTemplate Behavior [ RunTime:-0.030204s ]
INFO: [ view_parse ] --END-- [ RunTime:0.025124s ]
INFO: [ view_filter ] --START--
INFO: Run ContentReplace Behavior [ RunTime:-0.055406s ]
INFO: Run TokenBuild Behavior [ RunTime:-0.057309s ]
INFO: Run WriteHtmlCache Behavior [ RunTime:-0.059211s ]
INFO: Run ShowRuntime Behavior [ RunTime:-0.060771s ]
INFO: [ view_filter ] --END-- [ RunTime:0.006985s ]
INFO: [ view_end ] --START--
INFO: Run ShowPageTrace Behavior [ RunTime:-0.062489s ]
INFO: [ view_end ] --END-- [ RunTime:0.001975s ]

[ 2015-08-15T20:36:24+08:00 ] 220.181.108.180 /
INFO: [ app_begin ] --START--
INFO: Run ReadHtmlCache Behavior [ RunTime:0.000606s ]
INFO: [ app_begin ] --END-- [ RunTime:0.000759s ]
SQL: SHOW COLUMNS FROM `wy_links` [ RunTime:0.004488s ]
SQL: SELECT * FROM `wy_links` WHERE ( `status` = 1 )  [ RunTime:0.000215s ]
NOTIC: [2] Cannot use a scalar value as an array D:\www\qmyx.wuyelaile.com\weiwincms\_Core\Lib\Core\View.class.php Á¨¨ 69 Ë°å.
INFO: [ view_template ] --START--
INFO: Run LocationTemplate Behavior [ RunTime:-0.025470s ]
INFO: [ view_template ] --END-- [ RunTime:0.002288s ]
INFO: [ view_parse ] --START--
INFO: Run ParseTemplate Behavior [ RunTime:-0.027840s ]
INFO: [ view_parse ] --END-- [ RunTime:0.014983s ]
INFO: [ view_filter ] --START--
INFO: Run ContentReplace Behavior [ RunTime:-0.042908s ]
INFO: Run TokenBuild Behavior [ RunTime:-0.044366s ]
INFO: Run WriteHtmlCache Behavior [ RunTime:-0.045875s ]
INFO: Run ShowRuntime Behavior [ RunTime:-0.047252s ]
INFO: [ view_filter ] --END-- [ RunTime:0.005924s ]
INFO: [ view_end ] --START--
INFO: Run ShowPageTrace Behavior [ RunTime:-0.048929s ]
INFO: [ view_end ] --END-- [ RunTime:0.001662s ]

[ 2015-08-15T20:38:01+08:00 ] 123.125.71.58 /
INFO: [ app_begin ] --START--
INFO: Run ReadHtmlCache Behavior [ RunTime:0.000610s ]
INFO: [ app_begin ] --END-- [ RunTime:0.000775s ]
SQL: SHOW COLUMNS FROM `wy_links` [ RunTime:0.005135s ]
SQL: SELECT * FROM `wy_links` WHERE ( `status` = 1 )  [ RunTime:0.000302s ]
NOTIC: [2] Cannot use a scalar value as an array D:\www\qmyx.wuyelaile.com\weiwincms\_Core\Lib\Core\View.class.php Á¨¨ 69 Ë°å.
INFO: [ view_template ] --START--
INFO: Run LocationTemplate Behavior [ RunTime:-0.026287s ]
INFO: [ view_template ] --END-- [ RunTime:0.002837s ]
INFO: [ view_parse ] --START--
INFO: Run ParseTemplate Behavior [ RunTime:-0.029209s ]
INFO: [ view_parse ] --END-- [ RunTime:0.016399s ]
INFO: [ view_filter ] --START--
INFO: Run ContentReplace Behavior [ RunTime:-0.045677s ]
INFO: Run TokenBuild Behavior [ RunTime:-0.047172s ]
INFO: Run WriteHtmlCache Behavior [ RunTime:-0.049022s ]
INFO: Run ShowRuntime Behavior [ RunTime:-0.050862s ]
INFO: [ view_filter ] --END-- [ RunTime:0.006748s ]
INFO: [ view_end ] --START--
INFO: Run ShowPageTrace Behavior [ RunTime:-0.052522s ]
INFO: [ view_end ] --END-- [ RunTime:0.001882s ]

[ 2015-08-15T20:38:05+08:00 ] 220.181.108.142 /
INFO: [ app_begin ] --START--
INFO: Run ReadHtmlCache Behavior [ RunTime:0.001320s ]
INFO: [ app_begin ] --END-- [ RunTime:0.001526s ]
SQL: SHOW COLUMNS FROM `wy_links` [ RunTime:0.005182s ]
SQL: SELECT * FROM `wy_links` WHERE ( `status` = 1 )  [ RunTime:0.000229s ]
NOTIC: [2] Cannot use a scalar value as an array D:\www\qmyx.wuyelaile.com\weiwincms\_Core\Lib\Core\View.class.php Á¨¨ 69 Ë°å.
INFO: [ view_template ] --START--
INFO: Run LocationTemplate Behavior [ RunTime:-0.027303s ]
INFO: [ view_template ] --END-- [ RunTime:0.002673s ]
INFO: [ view_parse ] --START--
INFO: Run ParseTemplate Behavior [ RunTime:-0.030060s ]
INFO: [ view_parse ] --END-- [ RunTime:0.015774s ]
INFO: [ view_filter ] --START--
INFO: Run ContentReplace Behavior [ RunTime:-0.045937s ]
INFO: Run TokenBuild Behavior [ RunTime:-0.047413s ]
INFO: Run WriteHtmlCache Behavior [ RunTime:-0.048914s ]
INFO: Run ShowRuntime Behavior [ RunTime:-0.050212s ]
INFO: [ view_filter ] --END-- [ RunTime:0.005805s ]
INFO: [ view_end ] --START--
INFO: Run ShowPageTrace Behavior [ RunTime:-0.051899s ]
INFO: [ view_end ] --END-- [ RunTime:0.001708s ]

