[ 2015-06-13T08:51:26+08:00 ] 112.247.114.253 /index.php?g=Wap&m=Agent&a=index&token=jeifef1412084627&from=timeline&isappinstalled=0
INFO: [ app_begin ] --START--
INFO: Run ReadHtmlCache Behavior [ RunTime:0.002876s ]
INFO: [ app_begin ] --END-- [ RunTime:0.004540s ]
SQL: SHOW COLUMNS FROM `wy_lpinfo` [ RunTime:0.024975s ]
SQL: SELECT * FROM `wy_lpinfo` WHERE ( `token` = 'jeifef1412084627' ) ORDER BY houseSort desc,id desc LIMIT 0,20   [ RunTime:0.001410s ]
NOTIC: [8] Undefined index:  wecha_id D:\www\qmyx.wuyelaile.com\weiwincms\Lib\Action\Wap\AgentAction.class.php Á¨¨ 29 Ë°å.
SQL: SHOW COLUMNS FROM `wy_jjr` [ RunTime:0.009720s ]
SQL: SELECT * FROM `wy_jjr` WHERE ( `Wecha_id` = null ) AND ( `Token` = 'jeifef1412084627' ) LIMIT 1   [ RunTime:0.000216s ]
SQL: SHOW COLUMNS FROM `wy_share_content` [ RunTime:0.008957s ]
SQL: SELECT * FROM `wy_share_content` WHERE token='jeifef1412084627' LIMIT 1   [ RunTime:0.000214s ]
NOTIC: [2] Cannot use a scalar value as an array D:\www\qmyx.wuyelaile.com\weiwincms\_Core\Lib\Core\View.class.php Á¨¨ 69 Ë°å.
INFO: [ view_template ] --START--
INFO: Run LocationTemplate Behavior [ RunTime:-0.158187s ]
INFO: [ view_template ] --END-- [ RunTime:0.004870s ]
INFO: [ view_parse ] --START--
NOTIC: [8] Undefined index:  wecha_id D:\www\qmyx.wuyelaile.com\weiwindata\logs\Cache\Wap\83c1e8c23d0efff676593c1e07496794.php Á¨¨ 68 Ë°å.
NOTIC: [8] Undefined index:  wecha_id D:\www\qmyx.wuyelaile.com\weiwindata\logs\Cache\Wap\83c1e8c23d0efff676593c1e07496794.php Á¨¨ 73 Ë°å.
NOTIC: [8] Undefined index:  wecha_id D:\www\qmyx.wuyelaile.com\weiwindata\logs\Cache\Wap\83c1e8c23d0efff676593c1e07496794.php Á¨¨ 76 Ë°å.
NOTIC: [8] Undefined index:  wecha_id D:\www\qmyx.wuyelaile.com\weiwindata\logs\Cache\Wap\83c1e8c23d0efff676593c1e07496794.php Á¨¨ 79 Ë°å.
NOTIC: [8] Undefined index:  wecha_id D:\www\qmyx.wuyelaile.com\weiwindata\logs\Cache\Wap\83c1e8c23d0efff676593c1e07496794.php Á¨¨ 82 Ë°å.
NOTIC: [8] Undefined index:  wecha_id D:\www\qmyx.wuyelaile.com\weiwindata\logs\Cache\Wap\83c1e8c23d0efff676593c1e07496794.php Á¨¨ 85 Ë°å.
NOTIC: [8] Undefined index:  wecha_id D:\www\qmyx.wuyelaile.com\weiwindata\logs\Cache\Wap\83c1e8c23d0efff676593c1e07496794.php Á¨¨ 88 Ë°å.
NOTIC: [8] Undefined index:  wecha_id D:\www\qmyx.wuyelaile.com\weiwindata\logs\Cache\Wap\83c1e8c23d0efff676593c1e07496794.php Á¨¨ 97 Ë°å.
NOTIC: [8] Undefined index:  wecha_id D:\www\qmyx.wuyelaile.com\weiwindata\logs\Cache\Wap\83c1e8c23d0efff676593c1e07496794.php Á¨¨ 97 Ë°å.
NOTIC: [8] Undefined index:  wecha_id D:\www\qmyx.wuyelaile.com\weiwindata\logs\Cache\Wap\83c1e8c23d0efff676593c1e07496794.php Á¨¨ 97 Ë°å.
NOTIC: [8] Undefined index:  wecha_id D:\www\qmyx.wuyelaile.com\weiwindata\logs\Cache\Wap\83c1e8c23d0efff676593c1e07496794.php Á¨¨ 97 Ë°å.
NOTIC: [8] Undefined index:  wecha_id D:\www\qmyx.wuyelaile.com\weiwindata\logs\Cache\Wap\83c1e8c23d0efff676593c1e07496794.php Á¨¨ 97 Ë°å.
NOTIC: [8] Undefined index:  wecha_id D:\www\qmyx.wuyelaile.com\weiwindata\logs\Cache\Wap\83c1e8c23d0efff676593c1e07496794.php Á¨¨ 97 Ë°å.
NOTIC: [8] Undefined index:  wecha_id D:\www\qmyx.wuyelaile.com\weiwindata\logs\Cache\Wap\83c1e8c23d0efff676593c1e07496794.php Á¨¨ 97 Ë°å.
NOTIC: [8] Undefined index:  wecha_id D:\www\qmyx.wuyelaile.com\weiwindata\logs\Cache\Wap\83c1e8c23d0efff676593c1e07496794.php Á¨¨ 97 Ë°å.
NOTIC: [8] Undefined index:  wecha_id D:\www\qmyx.wuyelaile.com\weiwindata\logs\Cache\Wap\83c1e8c23d0efff676593c1e07496794.php Á¨¨ 97 Ë°å.
NOTIC: [8] Undefined index:  wecha_id D:\www\qmyx.wuyelaile.com\weiwindata\logs\Cache\Wap\83c1e8c23d0efff676593c1e07496794.php Á¨¨ 97 Ë°å.
NOTIC: [8] Undefined index:  wecha_id D:\www\qmyx.wuyelaile.com\weiwindata\logs\Cache\Wap\83c1e8c23d0efff676593c1e07496794.php Á¨¨ 138 Ë°å.
NOTIC: [8] Undefined index:  wecha_id D:\www\qmyx.wuyelaile.com\weiwindata\logs\Cache\Wap\83c1e8c23d0efff676593c1e07496794.php Á¨¨ 152 Ë°å.
INFO: Run ParseTemplate Behavior [ RunTime:-0.163153s ]
INFO: [ view_parse ] --END-- [ RunTime:0.148064s ]
INFO: [ view_filter ] --START--
INFO: Run ContentReplace Behavior [ RunTime:-0.311300s ]
INFO: Run TokenBuild Behavior [ RunTime:-0.314376s ]
INFO: Run WriteHtmlCache Behavior [ RunTime:-0.318673s ]
INFO: Run ShowRuntime Behavior [ RunTime:-0.321477s ]
INFO: [ view_filter ] --END-- [ RunTime:0.013057s ]
INFO: [ view_end ] --START--
INFO: Run ShowPageTrace Behavior [ RunTime:-0.324476s ]
INFO: [ view_end ] --END-- [ RunTime:0.002821s ]

[ 2015-06-13T08:51:26+08:00 ] 112.247.114.253 /index.php?g=Wap&m=Agent&a=index&token=jeifef1412084627&from=timeline&isappinstalled=0
NOTIC: [32] PHP Startup: Unable to load dynamic library 'D:\WebServer\php-5.2.5 (x64)\ext\php_fileinfo.dll' - ’“≤ªµΩ÷∏∂®µƒƒ£øÈ°£
 Unknown Á¨¨ 0 Ë°å.

[ 2015-06-13T10:41:32+08:00 ] ERR: (ThinkException) Êó†Ê≥ïÂä†ËΩΩÊ®°Âùó:agent
[ 2015-06-13T12:27:07+08:00 ] 140.207.62.210 /
INFO: [ app_begin ] --START--
INFO: Run ReadHtmlCache Behavior [ RunTime:0.004804s ]
INFO: [ app_begin ] --END-- [ RunTime:0.005030s ]
SQL: SHOW COLUMNS FROM `wy_links` [ RunTime:0.151717s ]
SQL: SELECT * FROM `wy_links` WHERE ( `status` = 1 )  [ RunTime:0.000263s ]
NOTIC: [2] Cannot use a scalar value as an array D:\www\qmyx.wuyelaile.com\weiwincms\_Core\Lib\Core\View.class.php Á¨¨ 69 Ë°å.
INFO: [ view_template ] --START--
INFO: Run LocationTemplate Behavior [ RunTime:-0.329122s ]
INFO: [ view_template ] --END-- [ RunTime:0.049070s ]
INFO: [ view_parse ] --START--
INFO: Run ParseTemplate Behavior [ RunTime:-0.378296s ]
INFO: [ view_parse ] --END-- [ RunTime:0.086246s ]
INFO: [ view_filter ] --START--
INFO: Run ContentReplace Behavior [ RunTime:-0.464621s ]
INFO: Run TokenBuild Behavior [ RunTime:-0.478252s ]
INFO: Run WriteHtmlCache Behavior [ RunTime:-0.497836s ]
INFO: Run ShowRuntime Behavior [ RunTime:-0.502428s ]
INFO: [ view_filter ] --END-- [ RunTime:0.041601s ]
INFO: [ view_end ] --START--
INFO: Run ShowPageTrace Behavior [ RunTime:-0.506328s ]
INFO: [ view_end ] --END-- [ RunTime:0.012571s ]

[ 2015-06-13T12:27:07+08:00 ] 140.207.62.210 /
NOTIC: [32] PHP Startup: Unable to load dynamic library 'D:\WebServer\php-5.2.5 (x64)\ext\php_fileinfo.dll' - ’“≤ªµΩ÷∏∂®µƒƒ£øÈ°£
 Unknown Á¨¨ 0 Ë°å.

[ 2015-06-13T12:27:07+08:00 ] 112.224.19.147 /index.php?g=Wap&m=Agent&a=index&token=jeifef1412084627&from=timeline&isappinstalled=0
INFO: [ app_begin ] --START--
INFO: Run ReadHtmlCache Behavior [ RunTime:0.005936s ]
INFO: [ app_begin ] --END-- [ RunTime:0.006195s ]
SQL: SHOW COLUMNS FROM `wy_lpinfo` [ RunTime:0.137474s ]
SQL: SELECT * FROM `wy_lpinfo` WHERE ( `token` = 'jeifef1412084627' ) ORDER BY houseSort desc,id desc LIMIT 0,20   [ RunTime:0.001201s ]
NOTIC: [8] Undefined index:  wecha_id D:\www\qmyx.wuyelaile.com\weiwincms\Lib\Action\Wap\AgentAction.class.php Á¨¨ 29 Ë°å.
SQL: SHOW COLUMNS FROM `wy_jjr` [ RunTime:0.055289s ]
SQL: SELECT * FROM `wy_jjr` WHERE ( `Wecha_id` = null ) AND ( `Token` = 'jeifef1412084627' ) LIMIT 1   [ RunTime:0.000338s ]
SQL: SHOW COLUMNS FROM `wy_share_content` [ RunTime:0.054954s ]
SQL: SELECT * FROM `wy_share_content` WHERE token='jeifef1412084627' LIMIT 1   [ RunTime:0.000316s ]
NOTIC: [2] Cannot use a scalar value as an array D:\www\qmyx.wuyelaile.com\weiwincms\_Core\Lib\Core\View.class.php Á¨¨ 69 Ë°å.
INFO: [ view_template ] --START--
INFO: Run LocationTemplate Behavior [ RunTime:-0.444394s ]
INFO: [ view_template ] --END-- [ RunTime:0.053428s ]
INFO: [ view_parse ] --START--
NOTIC: [8] Undefined index:  wecha_id D:\www\qmyx.wuyelaile.com\weiwindata\logs\Cache\Wap\83c1e8c23d0efff676593c1e07496794.php Á¨¨ 68 Ë°å.
NOTIC: [8] Undefined index:  wecha_id D:\www\qmyx.wuyelaile.com\weiwindata\logs\Cache\Wap\83c1e8c23d0efff676593c1e07496794.php Á¨¨ 73 Ë°å.
NOTIC: [8] Undefined index:  wecha_id D:\www\qmyx.wuyelaile.com\weiwindata\logs\Cache\Wap\83c1e8c23d0efff676593c1e07496794.php Á¨¨ 76 Ë°å.
NOTIC: [8] Undefined index:  wecha_id D:\www\qmyx.wuyelaile.com\weiwindata\logs\Cache\Wap\83c1e8c23d0efff676593c1e07496794.php Á¨¨ 79 Ë°å.
NOTIC: [8] Undefined index:  wecha_id D:\www\qmyx.wuyelaile.com\weiwindata\logs\Cache\Wap\83c1e8c23d0efff676593c1e07496794.php Á¨¨ 82 Ë°å.
NOTIC: [8] Undefined index:  wecha_id D:\www\qmyx.wuyelaile.com\weiwindata\logs\Cache\Wap\83c1e8c23d0efff676593c1e07496794.php Á¨¨ 85 Ë°å.
NOTIC: [8] Undefined index:  wecha_id D:\www\qmyx.wuyelaile.com\weiwindata\logs\Cache\Wap\83c1e8c23d0efff676593c1e07496794.php Á¨¨ 88 Ë°å.
NOTIC: [8] Undefined index:  wecha_id D:\www\qmyx.wuyelaile.com\weiwindata\logs\Cache\Wap\83c1e8c23d0efff676593c1e07496794.php Á¨¨ 97 Ë°å.
NOTIC: [8] Undefined index:  wecha_id D:\www\qmyx.wuyelaile.com\weiwindata\logs\Cache\Wap\83c1e8c23d0efff676593c1e07496794.php Á¨¨ 97 Ë°å.
NOTIC: [8] Undefined index:  wecha_id D:\www\qmyx.wuyelaile.com\weiwindata\logs\Cache\Wap\83c1e8c23d0efff676593c1e07496794.php Á¨¨ 97 Ë°å.
NOTIC: [8] Undefined index:  wecha_id D:\www\qmyx.wuyelaile.com\weiwindata\logs\Cache\Wap\83c1e8c23d0efff676593c1e07496794.php Á¨¨ 97 Ë°å.
NOTIC: [8] Undefined index:  wecha_id D:\www\qmyx.wuyelaile.com\weiwindata\logs\Cache\Wap\83c1e8c23d0efff676593c1e07496794.php Á¨¨ 97 Ë°å.
NOTIC: [8] Undefined index:  wecha_id D:\www\qmyx.wuyelaile.com\weiwindata\logs\Cache\Wap\83c1e8c23d0efff676593c1e07496794.php Á¨¨ 97 Ë°å.
NOTIC: [8] Undefined index:  wecha_id D:\www\qmyx.wuyelaile.com\weiwindata\logs\Cache\Wap\83c1e8c23d0efff676593c1e07496794.php Á¨¨ 97 Ë°å.
NOTIC: [8] Undefined index:  wecha_id D:\www\qmyx.wuyelaile.com\weiwindata\logs\Cache\Wap\83c1e8c23d0efff676593c1e07496794.php Á¨¨ 97 Ë°å.
NOTIC: [8] Undefined index:  wecha_id D:\www\qmyx.wuyelaile.com\weiwindata\logs\Cache\Wap\83c1e8c23d0efff676593c1e07496794.php Á¨¨ 97 Ë°å.
NOTIC: [8] Undefined index:  wecha_id D:\www\qmyx.wuyelaile.com\weiwindata\logs\Cache\Wap\83c1e8c23d0efff676593c1e07496794.php Á¨¨ 97 Ë°å.
NOTIC: [8] Undefined index:  wecha_id D:\www\qmyx.wuyelaile.com\weiwindata\logs\Cache\Wap\83c1e8c23d0efff676593c1e07496794.php Á¨¨ 138 Ë°å.
NOTIC: [8] Undefined index:  wecha_id D:\www\qmyx.wuyelaile.com\weiwindata\logs\Cache\Wap\83c1e8c23d0efff676593c1e07496794.php Á¨¨ 152 Ë°å.
INFO: Run ParseTemplate Behavior [ RunTime:-0.497925s ]
INFO: [ view_parse ] --END-- [ RunTime:0.146999s ]
INFO: [ view_filter ] --START--
INFO: Run ContentReplace Behavior [ RunTime:-0.644993s ]
INFO: Run TokenBuild Behavior [ RunTime:-0.648081s ]
INFO: Run WriteHtmlCache Behavior [ RunTime:-0.650975s ]
INFO: Run ShowRuntime Behavior [ RunTime:-0.653683s ]
INFO: [ view_filter ] --END-- [ RunTime:0.012087s ]
INFO: [ view_end ] --START--
INFO: Run ShowPageTrace Behavior [ RunTime:-0.657233s ]
INFO: [ view_end ] --END-- [ RunTime:0.003575s ]

[ 2015-06-13T12:27:07+08:00 ] 112.224.19.147 /index.php?g=Wap&m=Agent&a=index&token=jeifef1412084627&from=timeline&isappinstalled=0
NOTIC: [32] PHP Startup: Unable to load dynamic library 'D:\WebServer\php-5.2.5 (x64)\ext\php_fileinfo.dll' - ’“≤ªµΩ÷∏∂®µƒƒ£øÈ°£
 Unknown Á¨¨ 0 Ë°å.

[ 2015-06-13T12:27:27+08:00 ] 112.224.19.147 /index.php?g=Wap&m=Agent&a=ajaxlp&token=jeifef1412084627&t=0.9759833554271609
INFO: [ app_begin ] --START--
INFO: Run ReadHtmlCache Behavior [ RunTime:0.000883s ]
INFO: [ app_begin ] --END-- [ RunTime:0.001030s ]
SQL: SHOW COLUMNS FROM `wy_lpinfo` [ RunTime:0.009792s ]
SQL: SELECT * FROM `wy_lpinfo` WHERE ( `token` = 'jeifef1412084627' ) ORDER BY id desc LIMIT 20,4   [ RunTime:0.000329s ]

[ 2015-06-13T12:27:34+08:00 ] 112.224.19.147 /index.php?g=Wap&m=Agent&a=register&token=jeifef1412084627
INFO: [ app_begin ] --START--
INFO: Run ReadHtmlCache Behavior [ RunTime:0.000732s ]
INFO: [ app_begin ] --END-- [ RunTime:0.000865s ]
NOTIC: [8] Undefined index:  wecha_id D:\www\qmyx.wuyelaile.com\weiwincms\Lib\Action\Wap\AgentAction.class.php Á¨¨ 130 Ë°å.
SQL: SHOW COLUMNS FROM `wy_wxuser` [ RunTime:0.066552s ]
SQL: SELECT `wxname`,`headerpic` FROM `wy_wxuser` WHERE ( `token` = 'jeifef1412084627' ) LIMIT 1   [ RunTime:0.000218s ]
NOTIC: [2] Cannot use a scalar value as an array D:\www\qmyx.wuyelaile.com\weiwincms\_Core\Lib\Core\View.class.php Á¨¨ 69 Ë°å.
INFO: [ view_template ] --START--
INFO: Run LocationTemplate Behavior [ RunTime:-0.092405s ]
INFO: [ view_template ] --END-- [ RunTime:0.003797s ]
INFO: [ view_parse ] --START--
INFO: Run ParseTemplate Behavior [ RunTime:-0.096294s ]
INFO: [ view_parse ] --END-- [ RunTime:0.015370s ]
INFO: [ view_filter ] --START--
INFO: Run ContentReplace Behavior [ RunTime:-0.111733s ]
INFO: Run TokenBuild Behavior [ RunTime:-0.112306s ]
INFO: Run WriteHtmlCache Behavior [ RunTime:-0.112919s ]
INFO: Run ShowRuntime Behavior [ RunTime:-0.113389s ]
INFO: [ view_filter ] --END-- [ RunTime:0.002350s ]
INFO: [ view_end ] --START--
INFO: Run ShowPageTrace Behavior [ RunTime:-0.114186s ]
INFO: [ view_end ] --END-- [ RunTime:0.000884s ]

[ 2015-06-13T12:28:04+08:00 ] 112.224.19.147 /index.php?g=Wap&m=Agent&a=index&token=jeifef1412084627&from=timeline&isappinstalled=0
INFO: [ app_begin ] --START--
INFO: Run ReadHtmlCache Behavior [ RunTime:0.000749s ]
INFO: [ app_begin ] --END-- [ RunTime:0.000893s ]
SQL: SHOW COLUMNS FROM `wy_lpinfo` [ RunTime:0.009613s ]
SQL: SELECT * FROM `wy_lpinfo` WHERE ( `token` = 'jeifef1412084627' ) ORDER BY houseSort desc,id desc LIMIT 0,20   [ RunTime:0.001529s ]
NOTIC: [8] Undefined index:  wecha_id D:\www\qmyx.wuyelaile.com\weiwincms\Lib\Action\Wap\AgentAction.class.php Á¨¨ 29 Ë°å.
SQL: SHOW COLUMNS FROM `wy_jjr` [ RunTime:0.009253s ]
SQL: SELECT * FROM `wy_jjr` WHERE ( `Wecha_id` = null ) AND ( `Token` = 'jeifef1412084627' ) LIMIT 1   [ RunTime:0.000215s ]
SQL: SHOW COLUMNS FROM `wy_share_content` [ RunTime:0.008960s ]
SQL: SELECT * FROM `wy_share_content` WHERE token='jeifef1412084627' LIMIT 1   [ RunTime:0.000215s ]
NOTIC: [2] Cannot use a scalar value as an array D:\www\qmyx.wuyelaile.com\weiwincms\_Core\Lib\Core\View.class.php Á¨¨ 69 Ë°å.
INFO: [ view_template ] --START--
INFO: Run LocationTemplate Behavior [ RunTime:-0.056725s ]
INFO: [ view_template ] --END-- [ RunTime:0.000741s ]
INFO: [ view_parse ] --START--
NOTIC: [8] Undefined index:  wecha_id D:\www\qmyx.wuyelaile.com\weiwindata\logs\Cache\Wap\83c1e8c23d0efff676593c1e07496794.php Á¨¨ 68 Ë°å.
NOTIC: [8] Undefined index:  wecha_id D:\www\qmyx.wuyelaile.com\weiwindata\logs\Cache\Wap\83c1e8c23d0efff676593c1e07496794.php Á¨¨ 73 Ë°å.
NOTIC: [8] Undefined index:  wecha_id D:\www\qmyx.wuyelaile.com\weiwindata\logs\Cache\Wap\83c1e8c23d0efff676593c1e07496794.php Á¨¨ 76 Ë°å.
NOTIC: [8] Undefined index:  wecha_id D:\www\qmyx.wuyelaile.com\weiwindata\logs\Cache\Wap\83c1e8c23d0efff676593c1e07496794.php Á¨¨ 79 Ë°å.
NOTIC: [8] Undefined index:  wecha_id D:\www\qmyx.wuyelaile.com\weiwindata\logs\Cache\Wap\83c1e8c23d0efff676593c1e07496794.php Á¨¨ 82 Ë°å.
NOTIC: [8] Undefined index:  wecha_id D:\www\qmyx.wuyelaile.com\weiwindata\logs\Cache\Wap\83c1e8c23d0efff676593c1e07496794.php Á¨¨ 85 Ë°å.
NOTIC: [8] Undefined index:  wecha_id D:\www\qmyx.wuyelaile.com\weiwindata\logs\Cache\Wap\83c1e8c23d0efff676593c1e07496794.php Á¨¨ 88 Ë°å.
NOTIC: [8] Undefined index:  wecha_id D:\www\qmyx.wuyelaile.com\weiwindata\logs\Cache\Wap\83c1e8c23d0efff676593c1e07496794.php Á¨¨ 97 Ë°å.
NOTIC: [8] Undefined index:  wecha_id D:\www\qmyx.wuyelaile.com\weiwindata\logs\Cache\Wap\83c1e8c23d0efff676593c1e07496794.php Á¨¨ 97 Ë°å.
NOTIC: [8] Undefined index:  wecha_id D:\www\qmyx.wuyelaile.com\weiwindata\logs\Cache\Wap\83c1e8c23d0efff676593c1e07496794.php Á¨¨ 97 Ë°å.
NOTIC: [8] Undefined index:  wecha_id D:\www\qmyx.wuyelaile.com\weiwindata\logs\Cache\Wap\83c1e8c23d0efff676593c1e07496794.php Á¨¨ 97 Ë°å.
NOTIC: [8] Undefined index:  wecha_id D:\www\qmyx.wuyelaile.com\weiwindata\logs\Cache\Wap\83c1e8c23d0efff676593c1e07496794.php Á¨¨ 97 Ë°å.
NOTIC: [8] Undefined index:  wecha_id D:\www\qmyx.wuyelaile.com\weiwindata\logs\Cache\Wap\83c1e8c23d0efff676593c1e07496794.php Á¨¨ 97 Ë°å.
NOTIC: [8] Undefined index:  wecha_id D:\www\qmyx.wuyelaile.com\weiwindata\logs\Cache\Wap\83c1e8c23d0efff676593c1e07496794.php Á¨¨ 97 Ë°å.
NOTIC: [8] Undefined index:  wecha_id D:\www\qmyx.wuyelaile.com\weiwindata\logs\Cache\Wap\83c1e8c23d0efff676593c1e07496794.php Á¨¨ 97 Ë°å.
NOTIC: [8] Undefined index:  wecha_id D:\www\qmyx.wuyelaile.com\weiwindata\logs\Cache\Wap\83c1e8c23d0efff676593c1e07496794.php Á¨¨ 97 Ë°å.
NOTIC: [8] Undefined index:  wecha_id D:\www\qmyx.wuyelaile.com\weiwindata\logs\Cache\Wap\83c1e8c23d0efff676593c1e07496794.php Á¨¨ 97 Ë°å.
NOTIC: [8] Undefined index:  wecha_id D:\www\qmyx.wuyelaile.com\weiwindata\logs\Cache\Wap\83c1e8c23d0efff676593c1e07496794.php Á¨¨ 138 Ë°å.
NOTIC: [8] Undefined index:  wecha_id D:\www\qmyx.wuyelaile.com\weiwindata\logs\Cache\Wap\83c1e8c23d0efff676593c1e07496794.php Á¨¨ 152 Ë°å.
INFO: Run ParseTemplate Behavior [ RunTime:-0.057550s ]
INFO: [ view_parse ] --END-- [ RunTime:0.020486s ]
INFO: [ view_filter ] --START--
INFO: Run ContentReplace Behavior [ RunTime:-0.078296s ]
INFO: Run TokenBuild Behavior [ RunTime:-0.079454s ]
INFO: Run WriteHtmlCache Behavior [ RunTime:-0.080573s ]
INFO: Run ShowRuntime Behavior [ RunTime:-0.081374s ]
INFO: [ view_filter ] --END-- [ RunTime:0.004311s ]
INFO: [ view_end ] --START--
INFO: Run ShowPageTrace Behavior [ RunTime:-0.082628s ]
INFO: [ view_end ] --END-- [ RunTime:0.000955s ]

[ 2015-06-13T12:28:10+08:00 ] 112.224.19.147 /index.php?g=Wap&m=Agent&a=register&token=jeifef1412084627
INFO: [ app_begin ] --START--
INFO: Run ReadHtmlCache Behavior [ RunTime:0.000760s ]
INFO: [ app_begin ] --END-- [ RunTime:0.000905s ]
NOTIC: [8] Undefined index:  wecha_id D:\www\qmyx.wuyelaile.com\weiwincms\Lib\Action\Wap\AgentAction.class.php Á¨¨ 130 Ë°å.
SQL: SHOW COLUMNS FROM `wy_wxuser` [ RunTime:0.011145s ]
SQL: SELECT `wxname`,`headerpic` FROM `wy_wxuser` WHERE ( `token` = 'jeifef1412084627' ) LIMIT 1   [ RunTime:0.000338s ]
NOTIC: [2] Cannot use a scalar value as an array D:\www\qmyx.wuyelaile.com\weiwincms\_Core\Lib\Core\View.class.php Á¨¨ 69 Ë°å.
INFO: [ view_template ] --START--
INFO: Run LocationTemplate Behavior [ RunTime:-0.036384s ]
INFO: [ view_template ] --END-- [ RunTime:0.003812s ]
INFO: [ view_parse ] --START--
INFO: Run ParseTemplate Behavior [ RunTime:-0.040288s ]
INFO: [ view_parse ] --END-- [ RunTime:0.013101s ]
INFO: [ view_filter ] --START--
INFO: Run ContentReplace Behavior [ RunTime:-0.053463s ]
INFO: Run TokenBuild Behavior [ RunTime:-0.054083s ]
INFO: Run WriteHtmlCache Behavior [ RunTime:-0.054791s ]
INFO: Run ShowRuntime Behavior [ RunTime:-0.055268s ]
INFO: [ view_filter ] --END-- [ RunTime:0.002515s ]
INFO: [ view_end ] --START--
INFO: Run ShowPageTrace Behavior [ RunTime:-0.056074s ]
INFO: [ view_end ] --END-- [ RunTime:0.001072s ]

[ 2015-06-13T12:41:04+08:00 ] 180.153.214.197 /index.php?g=Wap&m=Agent&a=register&token=jeifef1412084627
INFO: [ app_begin ] --START--
INFO: Run ReadHtmlCache Behavior [ RunTime:0.002756s ]
INFO: [ app_begin ] --END-- [ RunTime:0.002933s ]
NOTIC: [8] Undefined index:  wecha_id D:\www\qmyx.wuyelaile.com\weiwincms\Lib\Action\Wap\AgentAction.class.php Á¨¨ 130 Ë°å.
SQL: SHOW COLUMNS FROM `wy_wxuser` [ RunTime:0.010514s ]
SQL: SELECT `wxname`,`headerpic` FROM `wy_wxuser` WHERE ( `token` = 'jeifef1412084627' ) LIMIT 1   [ RunTime:0.000206s ]
NOTIC: [2] Cannot use a scalar value as an array D:\www\qmyx.wuyelaile.com\weiwincms\_Core\Lib\Core\View.class.php Á¨¨ 69 Ë°å.
INFO: [ view_template ] --START--
INFO: Run LocationTemplate Behavior [ RunTime:-0.077028s ]
INFO: [ view_template ] --END-- [ RunTime:0.005211s ]
INFO: [ view_parse ] --START--
INFO: Run ParseTemplate Behavior [ RunTime:-0.082353s ]
INFO: [ view_parse ] --END-- [ RunTime:0.028767s ]
INFO: [ view_filter ] --START--
INFO: Run ContentReplace Behavior [ RunTime:-0.111195s ]
INFO: Run TokenBuild Behavior [ RunTime:-0.114098s ]
INFO: Run WriteHtmlCache Behavior [ RunTime:-0.116939s ]
INFO: Run ShowRuntime Behavior [ RunTime:-0.119450s ]
INFO: [ view_filter ] --END-- [ RunTime:0.011367s ]
INFO: [ view_end ] --START--
INFO: Run ShowPageTrace Behavior [ RunTime:-0.122667s ]
INFO: [ view_end ] --END-- [ RunTime:0.002994s ]
NOTIC: [32] PHP Startup: Unable to load dynamic library 'D:\WebServer\php-5.2.5 (x64)\ext\php_fileinfo.dll' - ’“≤ªµΩ÷∏∂®µƒƒ£øÈ°£
 Unknown Á¨¨ 0 Ë°å.

[ 2015-06-13T16:32:52+08:00 ] 182.36.111.243 /index.php?g=Wap&m=Agent&a=index&token=jeifef1412084627&from=timeline&isappinstalled=0
INFO: [ app_begin ] --START--
INFO: Run ReadHtmlCache Behavior [ RunTime:0.002765s ]
INFO: [ app_begin ] --END-- [ RunTime:0.002953s ]
SQL: SHOW COLUMNS FROM `wy_lpinfo` [ RunTime:0.010119s ]
SQL: SELECT * FROM `wy_lpinfo` WHERE ( `token` = 'jeifef1412084627' ) ORDER BY houseSort desc,id desc LIMIT 0,20   [ RunTime:0.001497s ]
NOTIC: [8] Undefined index:  wecha_id D:\www\qmyx.wuyelaile.com\weiwincms\Lib\Action\Wap\AgentAction.class.php Á¨¨ 29 Ë°å.
SQL: SHOW COLUMNS FROM `wy_jjr` [ RunTime:0.010006s ]
SQL: SELECT * FROM `wy_jjr` WHERE ( `Wecha_id` = null ) AND ( `Token` = 'jeifef1412084627' ) LIMIT 1   [ RunTime:0.000233s ]
SQL: SHOW COLUMNS FROM `wy_share_content` [ RunTime:0.012702s ]
SQL: SELECT * FROM `wy_share_content` WHERE token='jeifef1412084627' LIMIT 1   [ RunTime:0.000280s ]
NOTIC: [2] Cannot use a scalar value as an array D:\www\qmyx.wuyelaile.com\weiwincms\_Core\Lib\Core\View.class.php Á¨¨ 69 Ë°å.
INFO: [ view_template ] --START--
INFO: Run LocationTemplate Behavior [ RunTime:-0.096569s ]
INFO: [ view_template ] --END-- [ RunTime:0.004649s ]
INFO: [ view_parse ] --START--
NOTIC: [8] Undefined index:  wecha_id D:\www\qmyx.wuyelaile.com\weiwindata\logs\Cache\Wap\83c1e8c23d0efff676593c1e07496794.php Á¨¨ 68 Ë°å.
NOTIC: [8] Undefined index:  wecha_id D:\www\qmyx.wuyelaile.com\weiwindata\logs\Cache\Wap\83c1e8c23d0efff676593c1e07496794.php Á¨¨ 73 Ë°å.
NOTIC: [8] Undefined index:  wecha_id D:\www\qmyx.wuyelaile.com\weiwindata\logs\Cache\Wap\83c1e8c23d0efff676593c1e07496794.php Á¨¨ 76 Ë°å.
NOTIC: [8] Undefined index:  wecha_id D:\www\qmyx.wuyelaile.com\weiwindata\logs\Cache\Wap\83c1e8c23d0efff676593c1e07496794.php Á¨¨ 79 Ë°å.
NOTIC: [8] Undefined index:  wecha_id D:\www\qmyx.wuyelaile.com\weiwindata\logs\Cache\Wap\83c1e8c23d0efff676593c1e07496794.php Á¨¨ 82 Ë°å.
NOTIC: [8] Undefined index:  wecha_id D:\www\qmyx.wuyelaile.com\weiwindata\logs\Cache\Wap\83c1e8c23d0efff676593c1e07496794.php Á¨¨ 85 Ë°å.
NOTIC: [8] Undefined index:  wecha_id D:\www\qmyx.wuyelaile.com\weiwindata\logs\Cache\Wap\83c1e8c23d0efff676593c1e07496794.php Á¨¨ 88 Ë°å.
NOTIC: [8] Undefined index:  wecha_id D:\www\qmyx.wuyelaile.com\weiwindata\logs\Cache\Wap\83c1e8c23d0efff676593c1e07496794.php Á¨¨ 97 Ë°å.
NOTIC: [8] Undefined index:  wecha_id D:\www\qmyx.wuyelaile.com\weiwindata\logs\Cache\Wap\83c1e8c23d0efff676593c1e07496794.php Á¨¨ 97 Ë°å.
NOTIC: [8] Undefined index:  wecha_id D:\www\qmyx.wuyelaile.com\weiwindata\logs\Cache\Wap\83c1e8c23d0efff676593c1e07496794.php Á¨¨ 97 Ë°å.
NOTIC: [8] Undefined index:  wecha_id D:\www\qmyx.wuyelaile.com\weiwindata\logs\Cache\Wap\83c1e8c23d0efff676593c1e07496794.php Á¨¨ 97 Ë°å.
NOTIC: [8] Undefined index:  wecha_id D:\www\qmyx.wuyelaile.com\weiwindata\logs\Cache\Wap\83c1e8c23d0efff676593c1e07496794.php Á¨¨ 97 Ë°å.
NOTIC: [8] Undefined index:  wecha_id D:\www\qmyx.wuyelaile.com\weiwindata\logs\Cache\Wap\83c1e8c23d0efff676593c1e07496794.php Á¨¨ 97 Ë°å.
NOTIC: [8] Undefined index:  wecha_id D:\www\qmyx.wuyelaile.com\weiwindata\logs\Cache\Wap\83c1e8c23d0efff676593c1e07496794.php Á¨¨ 97 Ë°å.
NOTIC: [8] Undefined index:  wecha_id D:\www\qmyx.wuyelaile.com\weiwindata\logs\Cache\Wap\83c1e8c23d0efff676593c1e07496794.php Á¨¨ 97 Ë°å.
NOTIC: [8] Undefined index:  wecha_id D:\www\qmyx.wuyelaile.com\weiwindata\logs\Cache\Wap\83c1e8c23d0efff676593c1e07496794.php Á¨¨ 97 Ë°å.
NOTIC: [8] Undefined index:  wecha_id D:\www\qmyx.wuyelaile.com\weiwindata\logs\Cache\Wap\83c1e8c23d0efff676593c1e07496794.php Á¨¨ 97 Ë°å.
NOTIC: [8] Undefined index:  wecha_id D:\www\qmyx.wuyelaile.com\weiwindata\logs\Cache\Wap\83c1e8c23d0efff676593c1e07496794.php Á¨¨ 138 Ë°å.
NOTIC: [8] Undefined index:  wecha_id D:\www\qmyx.wuyelaile.com\weiwindata\logs\Cache\Wap\83c1e8c23d0efff676593c1e07496794.php Á¨¨ 152 Ë°å.
INFO: Run ParseTemplate Behavior [ RunTime:-0.101357s ]
INFO: [ view_parse ] --END-- [ RunTime:0.041398s ]
INFO: [ view_filter ] --START--
INFO: Run ContentReplace Behavior [ RunTime:-0.142786s ]
INFO: Run TokenBuild Behavior [ RunTime:-0.145635s ]
INFO: Run WriteHtmlCache Behavior [ RunTime:-0.148495s ]
INFO: Run ShowRuntime Behavior [ RunTime:-0.151039s ]
INFO: [ view_filter ] --END-- [ RunTime:0.011396s ]
INFO: [ view_end ] --START--
INFO: Run ShowPageTrace Behavior [ RunTime:-0.154328s ]
INFO: [ view_end ] --END-- [ RunTime:0.003576s ]

[ 2015-06-13T16:32:52+08:00 ] 182.36.111.243 /index.php?g=Wap&m=Agent&a=index&token=jeifef1412084627&from=timeline&isappinstalled=0
NOTIC: [32] PHP Startup: Unable to load dynamic library 'D:\WebServer\php-5.2.5 (x64)\ext\php_fileinfo.dll' - ’“≤ªµΩ÷∏∂®µƒƒ£øÈ°£
 Unknown Á¨¨ 0 Ë°å.

[ 2015-06-13T16:33:15+08:00 ] 182.36.111.243 /index.php?g=Wap&m=Agent&a=ajaxlp&token=jeifef1412084627&t=0.4163231945130974
INFO: [ app_begin ] --START--
INFO: Run ReadHtmlCache Behavior [ RunTime:0.000784s ]
INFO: [ app_begin ] --END-- [ RunTime:0.000922s ]
SQL: SHOW COLUMNS FROM `wy_lpinfo` [ RunTime:0.009393s ]
SQL: SELECT * FROM `wy_lpinfo` WHERE ( `token` = 'jeifef1412084627' ) ORDER BY id desc LIMIT 20,4   [ RunTime:0.000248s ]

[ 2015-06-13T19:02:10+08:00 ] 119.178.255.118 /index.php?g=Wap&m=Agent&a=index&token=jeifef1412084627&from=timeline&isappinstalled=0
INFO: [ app_begin ] --START--
INFO: Run ReadHtmlCache Behavior [ RunTime:0.005583s ]
INFO: [ app_begin ] --END-- [ RunTime:0.005849s ]
SQL: SHOW COLUMNS FROM `wy_lpinfo` [ RunTime:0.050122s ]
SQL: SELECT * FROM `wy_lpinfo` WHERE ( `token` = 'jeifef1412084627' ) ORDER BY houseSort desc,id desc LIMIT 0,20   [ RunTime:0.001293s ]
NOTIC: [8] Undefined index:  wecha_id D:\www\qmyx.wuyelaile.com\weiwincms\Lib\Action\Wap\AgentAction.class.php Á¨¨ 29 Ë°å.
SQL: SHOW COLUMNS FROM `wy_jjr` [ RunTime:0.023583s ]
SQL: SELECT * FROM `wy_jjr` WHERE ( `Wecha_id` = null ) AND ( `Token` = 'jeifef1412084627' ) LIMIT 1   [ RunTime:0.000259s ]
SQL: SHOW COLUMNS FROM `wy_share_content` [ RunTime:0.022301s ]
SQL: SELECT * FROM `wy_share_content` WHERE token='jeifef1412084627' LIMIT 1   [ RunTime:0.000226s ]
NOTIC: [2] Cannot use a scalar value as an array D:\www\qmyx.wuyelaile.com\weiwincms\_Core\Lib\Core\View.class.php Á¨¨ 69 Ë°å.
INFO: [ view_template ] --START--
INFO: Run LocationTemplate Behavior [ RunTime:-0.299152s ]
INFO: [ view_template ] --END-- [ RunTime:0.053532s ]
INFO: [ view_parse ] --START--
NOTIC: [8] Undefined index:  wecha_id D:\www\qmyx.wuyelaile.com\weiwindata\logs\Cache\Wap\83c1e8c23d0efff676593c1e07496794.php Á¨¨ 68 Ë°å.
NOTIC: [8] Undefined index:  wecha_id D:\www\qmyx.wuyelaile.com\weiwindata\logs\Cache\Wap\83c1e8c23d0efff676593c1e07496794.php Á¨¨ 73 Ë°å.
NOTIC: [8] Undefined index:  wecha_id D:\www\qmyx.wuyelaile.com\weiwindata\logs\Cache\Wap\83c1e8c23d0efff676593c1e07496794.php Á¨¨ 76 Ë°å.
NOTIC: [8] Undefined index:  wecha_id D:\www\qmyx.wuyelaile.com\weiwindata\logs\Cache\Wap\83c1e8c23d0efff676593c1e07496794.php Á¨¨ 79 Ë°å.
NOTIC: [8] Undefined index:  wecha_id D:\www\qmyx.wuyelaile.com\weiwindata\logs\Cache\Wap\83c1e8c23d0efff676593c1e07496794.php Á¨¨ 82 Ë°å.
NOTIC: [8] Undefined index:  wecha_id D:\www\qmyx.wuyelaile.com\weiwindata\logs\Cache\Wap\83c1e8c23d0efff676593c1e07496794.php Á¨¨ 85 Ë°å.
NOTIC: [8] Undefined index:  wecha_id D:\www\qmyx.wuyelaile.com\weiwindata\logs\Cache\Wap\83c1e8c23d0efff676593c1e07496794.php Á¨¨ 88 Ë°å.
NOTIC: [8] Undefined index:  wecha_id D:\www\qmyx.wuyelaile.com\weiwindata\logs\Cache\Wap\83c1e8c23d0efff676593c1e07496794.php Á¨¨ 97 Ë°å.
NOTIC: [8] Undefined index:  wecha_id D:\www\qmyx.wuyelaile.com\weiwindata\logs\Cache\Wap\83c1e8c23d0efff676593c1e07496794.php Á¨¨ 97 Ë°å.
NOTIC: [8] Undefined index:  wecha_id D:\www\qmyx.wuyelaile.com\weiwindata\logs\Cache\Wap\83c1e8c23d0efff676593c1e07496794.php Á¨¨ 97 Ë°å.
NOTIC: [8] Undefined index:  wecha_id D:\www\qmyx.wuyelaile.com\weiwindata\logs\Cache\Wap\83c1e8c23d0efff676593c1e07496794.php Á¨¨ 97 Ë°å.
NOTIC: [8] Undefined index:  wecha_id D:\www\qmyx.wuyelaile.com\weiwindata\logs\Cache\Wap\83c1e8c23d0efff676593c1e07496794.php Á¨¨ 97 Ë°å.
NOTIC: [8] Undefined index:  wecha_id D:\www\qmyx.wuyelaile.com\weiwindata\logs\Cache\Wap\83c1e8c23d0efff676593c1e07496794.php Á¨¨ 97 Ë°å.
NOTIC: [8] Undefined index:  wecha_id D:\www\qmyx.wuyelaile.com\weiwindata\logs\Cache\Wap\83c1e8c23d0efff676593c1e07496794.php Á¨¨ 97 Ë°å.
NOTIC: [8] Undefined index:  wecha_id D:\www\qmyx.wuyelaile.com\weiwindata\logs\Cache\Wap\83c1e8c23d0efff676593c1e07496794.php Á¨¨ 97 Ë°å.
NOTIC: [8] Undefined index:  wecha_id D:\www\qmyx.wuyelaile.com\weiwindata\logs\Cache\Wap\83c1e8c23d0efff676593c1e07496794.php Á¨¨ 97 Ë°å.
NOTIC: [8] Undefined index:  wecha_id D:\www\qmyx.wuyelaile.com\weiwindata\logs\Cache\Wap\83c1e8c23d0efff676593c1e07496794.php Á¨¨ 97 Ë°å.
NOTIC: [8] Undefined index:  wecha_id D:\www\qmyx.wuyelaile.com\weiwindata\logs\Cache\Wap\83c1e8c23d0efff676593c1e07496794.php Á¨¨ 138 Ë°å.
NOTIC: [8] Undefined index:  wecha_id D:\www\qmyx.wuyelaile.com\weiwindata\logs\Cache\Wap\83c1e8c23d0efff676593c1e07496794.php Á¨¨ 152 Ë°å.
INFO: Run ParseTemplate Behavior [ RunTime:-0.352882s ]
INFO: [ view_parse ] --END-- [ RunTime:0.075513s ]
INFO: [ view_filter ] --START--
INFO: Run ContentReplace Behavior [ RunTime:-0.428627s ]
INFO: Run TokenBuild Behavior [ RunTime:-0.433032s ]
INFO: Run WriteHtmlCache Behavior [ RunTime:-0.437082s ]
INFO: Run ShowRuntime Behavior [ RunTime:-0.441091s ]
INFO: [ view_filter ] --END-- [ RunTime:0.016511s ]
INFO: [ view_end ] --START--
INFO: Run ShowPageTrace Behavior [ RunTime:-0.445238s ]
INFO: [ view_end ] --END-- [ RunTime:0.004438s ]

[ 2015-06-13T19:02:10+08:00 ] 119.178.255.118 /index.php?g=Wap&m=Agent&a=index&token=jeifef1412084627&from=timeline&isappinstalled=0
NOTIC: [32] PHP Startup: Unable to load dynamic library 'D:\WebServer\php-5.2.5 (x64)\ext\php_fileinfo.dll' - ’“≤ªµΩ÷∏∂®µƒƒ£øÈ°£
 Unknown Á¨¨ 0 Ë°å.

[ 2015-06-13T19:07:32+08:00 ] 119.178.255.118 /index.php?g=Wap&m=Agent&a=index&token=jeifef1412084627&from=timeline&isappinstalled=0
INFO: [ app_begin ] --START--
INFO: Run ReadHtmlCache Behavior [ RunTime:0.003432s ]
INFO: [ app_begin ] --END-- [ RunTime:0.003652s ]
SQL: SHOW COLUMNS FROM `wy_lpinfo` [ RunTime:0.011697s ]
SQL: SELECT * FROM `wy_lpinfo` WHERE ( `token` = 'jeifef1412084627' ) ORDER BY houseSort desc,id desc LIMIT 0,20   [ RunTime:0.001430s ]
NOTIC: [8] Undefined index:  wecha_id D:\www\qmyx.wuyelaile.com\weiwincms\Lib\Action\Wap\AgentAction.class.php Á¨¨ 29 Ë°å.
SQL: SHOW COLUMNS FROM `wy_jjr` [ RunTime:0.017217s ]
SQL: SELECT * FROM `wy_jjr` WHERE ( `Wecha_id` = null ) AND ( `Token` = 'jeifef1412084627' ) LIMIT 1   [ RunTime:0.000265s ]
SQL: SHOW COLUMNS FROM `wy_share_content` [ RunTime:0.011688s ]
SQL: SELECT * FROM `wy_share_content` WHERE token='jeifef1412084627' LIMIT 1   [ RunTime:0.000304s ]
NOTIC: [2] Cannot use a scalar value as an array D:\www\qmyx.wuyelaile.com\weiwincms\_Core\Lib\Core\View.class.php Á¨¨ 69 Ë°å.
INFO: [ view_template ] --START--
INFO: Run LocationTemplate Behavior [ RunTime:-0.124642s ]
INFO: [ view_template ] --END-- [ RunTime:0.004582s ]
INFO: [ view_parse ] --START--
NOTIC: [8] Undefined index:  wecha_id D:\www\qmyx.wuyelaile.com\weiwindata\logs\Cache\Wap\83c1e8c23d0efff676593c1e07496794.php Á¨¨ 68 Ë°å.
NOTIC: [8] Undefined index:  wecha_id D:\www\qmyx.wuyelaile.com\weiwindata\logs\Cache\Wap\83c1e8c23d0efff676593c1e07496794.php Á¨¨ 73 Ë°å.
NOTIC: [8] Undefined index:  wecha_id D:\www\qmyx.wuyelaile.com\weiwindata\logs\Cache\Wap\83c1e8c23d0efff676593c1e07496794.php Á¨¨ 76 Ë°å.
NOTIC: [8] Undefined index:  wecha_id D:\www\qmyx.wuyelaile.com\weiwindata\logs\Cache\Wap\83c1e8c23d0efff676593c1e07496794.php Á¨¨ 79 Ë°å.
NOTIC: [8] Undefined index:  wecha_id D:\www\qmyx.wuyelaile.com\weiwindata\logs\Cache\Wap\83c1e8c23d0efff676593c1e07496794.php Á¨¨ 82 Ë°å.
NOTIC: [8] Undefined index:  wecha_id D:\www\qmyx.wuyelaile.com\weiwindata\logs\Cache\Wap\83c1e8c23d0efff676593c1e07496794.php Á¨¨ 85 Ë°å.
NOTIC: [8] Undefined index:  wecha_id D:\www\qmyx.wuyelaile.com\weiwindata\logs\Cache\Wap\83c1e8c23d0efff676593c1e07496794.php Á¨¨ 88 Ë°å.
NOTIC: [8] Undefined index:  wecha_id D:\www\qmyx.wuyelaile.com\weiwindata\logs\Cache\Wap\83c1e8c23d0efff676593c1e07496794.php Á¨¨ 97 Ë°å.
NOTIC: [8] Undefined index:  wecha_id D:\www\qmyx.wuyelaile.com\weiwindata\logs\Cache\Wap\83c1e8c23d0efff676593c1e07496794.php Á¨¨ 97 Ë°å.
NOTIC: [8] Undefined index:  wecha_id D:\www\qmyx.wuyelaile.com\weiwindata\logs\Cache\Wap\83c1e8c23d0efff676593c1e07496794.php Á¨¨ 97 Ë°å.
NOTIC: [8] Undefined index:  wecha_id D:\www\qmyx.wuyelaile.com\weiwindata\logs\Cache\Wap\83c1e8c23d0efff676593c1e07496794.php Á¨¨ 97 Ë°å.
NOTIC: [8] Undefined index:  wecha_id D:\www\qmyx.wuyelaile.com\weiwindata\logs\Cache\Wap\83c1e8c23d0efff676593c1e07496794.php Á¨¨ 97 Ë°å.
NOTIC: [8] Undefined index:  wecha_id D:\www\qmyx.wuyelaile.com\weiwindata\logs\Cache\Wap\83c1e8c23d0efff676593c1e07496794.php Á¨¨ 97 Ë°å.
NOTIC: [8] Undefined index:  wecha_id D:\www\qmyx.wuyelaile.com\weiwindata\logs\Cache\Wap\83c1e8c23d0efff676593c1e07496794.php Á¨¨ 97 Ë°å.
NOTIC: [8] Undefined index:  wecha_id D:\www\qmyx.wuyelaile.com\weiwindata\logs\Cache\Wap\83c1e8c23d0efff676593c1e07496794.php Á¨¨ 97 Ë°å.
NOTIC: [8] Undefined index:  wecha_id D:\www\qmyx.wuyelaile.com\weiwindata\logs\Cache\Wap\83c1e8c23d0efff676593c1e07496794.php Á¨¨ 97 Ë°å.
NOTIC: [8] Undefined index:  wecha_id D:\www\qmyx.wuyelaile.com\weiwindata\logs\Cache\Wap\83c1e8c23d0efff676593c1e07496794.php Á¨¨ 97 Ë°å.
NOTIC: [8] Undefined index:  wecha_id D:\www\qmyx.wuyelaile.com\weiwindata\logs\Cache\Wap\83c1e8c23d0efff676593c1e07496794.php Á¨¨ 138 Ë°å.
NOTIC: [8] Undefined index:  wecha_id D:\www\qmyx.wuyelaile.com\weiwindata\logs\Cache\Wap\83c1e8c23d0efff676593c1e07496794.php Á¨¨ 152 Ë°å.
INFO: Run ParseTemplate Behavior [ RunTime:-0.129316s ]
INFO: [ view_parse ] --END-- [ RunTime:0.048239s ]
INFO: [ view_filter ] --START--
INFO: Run ContentReplace Behavior [ RunTime:-0.177628s ]
INFO: Run TokenBuild Behavior [ RunTime:-0.180573s ]
INFO: Run WriteHtmlCache Behavior [ RunTime:-0.183510s ]
INFO: Run ShowRuntime Behavior [ RunTime:-0.186203s ]
INFO: [ view_filter ] --END-- [ RunTime:0.011413s ]
INFO: [ view_end ] --START--
INFO: Run ShowPageTrace Behavior [ RunTime:-0.189154s ]
INFO: [ view_end ] --END-- [ RunTime:0.003450s ]

[ 2015-06-13T19:07:32+08:00 ] 119.178.255.118 /index.php?g=Wap&m=Agent&a=index&token=jeifef1412084627&from=timeline&isappinstalled=0
NOTIC: [32] PHP Startup: Unable to load dynamic library 'D:\WebServer\php-5.2.5 (x64)\ext\php_fileinfo.dll' - ’“≤ªµΩ÷∏∂®µƒƒ£øÈ°£
 Unknown Á¨¨ 0 Ë°å.

[ 2015-06-13T19:07:32+08:00 ] 140.207.185.126 /
INFO: [ app_begin ] --START--
INFO: Run ReadHtmlCache Behavior [ RunTime:0.003044s ]
INFO: [ app_begin ] --END-- [ RunTime:0.003216s ]
SQL: SHOW COLUMNS FROM `wy_links` [ RunTime:0.049507s ]
SQL: SELECT * FROM `wy_links` WHERE ( `status` = 1 )  [ RunTime:0.000258s ]
NOTIC: [2] Cannot use a scalar value as an array D:\www\qmyx.wuyelaile.com\weiwincms\_Core\Lib\Core\View.class.php Á¨¨ 69 Ë°å.
INFO: [ view_template ] --START--
INFO: Run LocationTemplate Behavior [ RunTime:-0.146549s ]
INFO: [ view_template ] --END-- [ RunTime:0.022246s ]
INFO: [ view_parse ] --START--
INFO: Run ParseTemplate Behavior [ RunTime:-0.168894s ]
INFO: [ view_parse ] --END-- [ RunTime:0.095815s ]
INFO: [ view_filter ] --START--
INFO: Run ContentReplace Behavior [ RunTime:-0.264780s ]
INFO: Run TokenBuild Behavior [ RunTime:-0.267473s ]
INFO: Run WriteHtmlCache Behavior [ RunTime:-0.270500s ]
INFO: Run ShowRuntime Behavior [ RunTime:-0.273007s ]
INFO: [ view_filter ] --END-- [ RunTime:0.011624s ]
INFO: [ view_end ] --START--
INFO: Run ShowPageTrace Behavior [ RunTime:-0.276510s ]
INFO: [ view_end ] --END-- [ RunTime:0.003294s ]

[ 2015-06-13T19:07:32+08:00 ] 140.207.185.126 /
NOTIC: [32] PHP Startup: Unable to load dynamic library 'D:\WebServer\php-5.2.5 (x64)\ext\php_fileinfo.dll' - ’“≤ªµΩ÷∏∂®µƒƒ£øÈ°£
 Unknown Á¨¨ 0 Ë°å.

[ 2015-06-13T19:07:39+08:00 ] 183.195.233.181 /
INFO: [ app_begin ] --START--
INFO: Run ReadHtmlCache Behavior [ RunTime:0.000726s ]
INFO: [ app_begin ] --END-- [ RunTime:0.000891s ]
SQL: SHOW COLUMNS FROM `wy_links` [ RunTime:0.010180s ]
SQL: SELECT * FROM `wy_links` WHERE ( `status` = 1 )  [ RunTime:0.000236s ]
NOTIC: [2] Cannot use a scalar value as an array D:\www\qmyx.wuyelaile.com\weiwincms\_Core\Lib\Core\View.class.php Á¨¨ 69 Ë°å.
INFO: [ view_template ] --START--
INFO: Run LocationTemplate Behavior [ RunTime:-0.051470s ]
INFO: [ view_template ] --END-- [ RunTime:0.001250s ]
INFO: [ view_parse ] --START--
INFO: Run ParseTemplate Behavior [ RunTime:-0.052834s ]
INFO: [ view_parse ] --END-- [ RunTime:0.011179s ]
INFO: [ view_filter ] --START--
INFO: Run ContentReplace Behavior [ RunTime:-0.064050s ]
INFO: Run TokenBuild Behavior [ RunTime:-0.064850s ]
INFO: Run WriteHtmlCache Behavior [ RunTime:-0.065658s ]
INFO: Run ShowRuntime Behavior [ RunTime:-0.066470s ]
INFO: [ view_filter ] --END-- [ RunTime:0.003173s ]
INFO: [ view_end ] --START--
INFO: Run ShowPageTrace Behavior [ RunTime:-0.067330s ]
INFO: [ view_end ] --END-- [ RunTime:0.000885s ]

[ 2015-06-13T22:33:43+08:00 ] 123.125.71.42 /index.php?g=Wap&m=Agent&a=index&token=jeifef1412084627&from=timeline&isappinstalled=0
INFO: [ app_begin ] --START--
INFO: Run ReadHtmlCache Behavior [ RunTime:0.004380s ]
INFO: [ app_begin ] --END-- [ RunTime:0.004612s ]
SQL: SHOW COLUMNS FROM `wy_lpinfo` [ RunTime:0.011889s ]
SQL: SELECT * FROM `wy_lpinfo` WHERE ( `token` = 'jeifef1412084627' ) ORDER BY houseSort desc,id desc LIMIT 0,20   [ RunTime:0.001776s ]
NOTIC: [8] Undefined index:  wecha_id D:\www\qmyx.wuyelaile.com\weiwincms\Lib\Action\Wap\AgentAction.class.php Á¨¨ 29 Ë°å.
SQL: SHOW COLUMNS FROM `wy_jjr` [ RunTime:0.010296s ]
SQL: SELECT * FROM `wy_jjr` WHERE ( `Wecha_id` = null ) AND ( `Token` = 'jeifef1412084627' ) LIMIT 1   [ RunTime:0.000318s ]
SQL: SHOW COLUMNS FROM `wy_share_content` [ RunTime:0.010083s ]
SQL: SELECT * FROM `wy_share_content` WHERE token='jeifef1412084627' LIMIT 1   [ RunTime:0.000245s ]
NOTIC: [2] Cannot use a scalar value as an array D:\www\qmyx.wuyelaile.com\weiwincms\_Core\Lib\Core\View.class.php Á¨¨ 69 Ë°å.
INFO: [ view_template ] --START--
INFO: Run LocationTemplate Behavior [ RunTime:-0.313978s ]
INFO: [ view_template ] --END-- [ RunTime:0.005544s ]
INFO: [ view_parse ] --START--
NOTIC: [8] Undefined index:  wecha_id D:\www\qmyx.wuyelaile.com\weiwindata\logs\Cache\Wap\83c1e8c23d0efff676593c1e07496794.php Á¨¨ 68 Ë°å.
NOTIC: [8] Undefined index:  wecha_id D:\www\qmyx.wuyelaile.com\weiwindata\logs\Cache\Wap\83c1e8c23d0efff676593c1e07496794.php Á¨¨ 73 Ë°å.
NOTIC: [8] Undefined index:  wecha_id D:\www\qmyx.wuyelaile.com\weiwindata\logs\Cache\Wap\83c1e8c23d0efff676593c1e07496794.php Á¨¨ 76 Ë°å.
NOTIC: [8] Undefined index:  wecha_id D:\www\qmyx.wuyelaile.com\weiwindata\logs\Cache\Wap\83c1e8c23d0efff676593c1e07496794.php Á¨¨ 79 Ë°å.
NOTIC: [8] Undefined index:  wecha_id D:\www\qmyx.wuyelaile.com\weiwindata\logs\Cache\Wap\83c1e8c23d0efff676593c1e07496794.php Á¨¨ 82 Ë°å.
NOTIC: [8] Undefined index:  wecha_id D:\www\qmyx.wuyelaile.com\weiwindata\logs\Cache\Wap\83c1e8c23d0efff676593c1e07496794.php Á¨¨ 85 Ë°å.
NOTIC: [8] Undefined index:  wecha_id D:\www\qmyx.wuyelaile.com\weiwindata\logs\Cache\Wap\83c1e8c23d0efff676593c1e07496794.php Á¨¨ 88 Ë°å.
NOTIC: [8] Undefined index:  wecha_id D:\www\qmyx.wuyelaile.com\weiwindata\logs\Cache\Wap\83c1e8c23d0efff676593c1e07496794.php Á¨¨ 97 Ë°å.
NOTIC: [8] Undefined index:  wecha_id D:\www\qmyx.wuyelaile.com\weiwindata\logs\Cache\Wap\83c1e8c23d0efff676593c1e07496794.php Á¨¨ 97 Ë°å.
NOTIC: [8] Undefined index:  wecha_id D:\www\qmyx.wuyelaile.com\weiwindata\logs\Cache\Wap\83c1e8c23d0efff676593c1e07496794.php Á¨¨ 97 Ë°å.
NOTIC: [8] Undefined index:  wecha_id D:\www\qmyx.wuyelaile.com\weiwindata\logs\Cache\Wap\83c1e8c23d0efff676593c1e07496794.php Á¨¨ 97 Ë°å.
NOTIC: [8] Undefined index:  wecha_id D:\www\qmyx.wuyelaile.com\weiwindata\logs\Cache\Wap\83c1e8c23d0efff676593c1e07496794.php Á¨¨ 97 Ë°å.
NOTIC: [8] Undefined index:  wecha_id D:\www\qmyx.wuyelaile.com\weiwindata\logs\Cache\Wap\83c1e8c23d0efff676593c1e07496794.php Á¨¨ 97 Ë°å.
NOTIC: [8] Undefined index:  wecha_id D:\www\qmyx.wuyelaile.com\weiwindata\logs\Cache\Wap\83c1e8c23d0efff676593c1e07496794.php Á¨¨ 97 Ë°å.
NOTIC: [8] Undefined index:  wecha_id D:\www\qmyx.wuyelaile.com\weiwindata\logs\Cache\Wap\83c1e8c23d0efff676593c1e07496794.php Á¨¨ 97 Ë°å.
NOTIC: [8] Undefined index:  wecha_id D:\www\qmyx.wuyelaile.com\weiwindata\logs\Cache\Wap\83c1e8c23d0efff676593c1e07496794.php Á¨¨ 97 Ë°å.
NOTIC: [8] Undefined index:  wecha_id D:\www\qmyx.wuyelaile.com\weiwindata\logs\Cache\Wap\83c1e8c23d0efff676593c1e07496794.php Á¨¨ 97 Ë°å.
NOTIC: [8] Undefined index:  wecha_id D:\www\qmyx.wuyelaile.com\weiwindata\logs\Cache\Wap\83c1e8c23d0efff676593c1e07496794.php Á¨¨ 138 Ë°å.
NOTIC: [8] Undefined index:  wecha_id D:\www\qmyx.wuyelaile.com\weiwindata\logs\Cache\Wap\83c1e8c23d0efff676593c1e07496794.php Á¨¨ 152 Ë°å.
INFO: Run ParseTemplate Behavior [ RunTime:-0.319581s ]
INFO: [ view_parse ] --END-- [ RunTime:0.085593s ]
INFO: [ view_filter ] --START--
INFO: Run ContentReplace Behavior [ RunTime:-0.405306s ]
INFO: Run TokenBuild Behavior [ RunTime:-0.410162s ]
INFO: Run WriteHtmlCache Behavior [ RunTime:-0.414897s ]
INFO: Run ShowRuntime Behavior [ RunTime:-0.419065s ]
INFO: [ view_filter ] --END-- [ RunTime:0.018208s ]
INFO: [ view_end ] --START--
INFO: Run ShowPageTrace Behavior [ RunTime:-0.423619s ]
INFO: [ view_end ] --END-- [ RunTime:0.005131s ]

[ 2015-06-13T22:33:43+08:00 ] 123.125.71.42 /index.php?g=Wap&m=Agent&a=index&token=jeifef1412084627&from=timeline&isappinstalled=0
NOTIC: [32] PHP Startup: Unable to load dynamic library 'D:\WebServer\php-5.2.5 (x64)\ext\php_fileinfo.dll' - ’“≤ªµΩ÷∏∂®µƒƒ£øÈ°£
 Unknown Á¨¨ 0 Ë°å.

[ 2015-06-13T23:42:48+08:00 ] 27.220.45.118 /index.php?g=Wap&m=Agent&a=index&token=jeifef1412084627&from=timeline&isappinstalled=0
INFO: [ app_begin ] --START--
INFO: Run ReadHtmlCache Behavior [ RunTime:0.002801s ]
INFO: [ app_begin ] --END-- [ RunTime:0.002995s ]
SQL: SHOW COLUMNS FROM `wy_lpinfo` [ RunTime:0.010788s ]
SQL: SELECT * FROM `wy_lpinfo` WHERE ( `token` = 'jeifef1412084627' ) ORDER BY houseSort desc,id desc LIMIT 0,20   [ RunTime:0.001725s ]
NOTIC: [8] Undefined index:  wecha_id D:\www\qmyx.wuyelaile.com\weiwincms\Lib\Action\Wap\AgentAction.class.php Á¨¨ 29 Ë°å.
SQL: SHOW COLUMNS FROM `wy_jjr` [ RunTime:0.010833s ]
SQL: SELECT * FROM `wy_jjr` WHERE ( `Wecha_id` = null ) AND ( `Token` = 'jeifef1412084627' ) LIMIT 1   [ RunTime:0.000277s ]
SQL: SHOW COLUMNS FROM `wy_share_content` [ RunTime:0.010626s ]
SQL: SELECT * FROM `wy_share_content` WHERE token='jeifef1412084627' LIMIT 1   [ RunTime:0.000248s ]
NOTIC: [2] Cannot use a scalar value as an array D:\www\qmyx.wuyelaile.com\weiwincms\_Core\Lib\Core\View.class.php Á¨¨ 69 Ë°å.
INFO: [ view_template ] --START--
INFO: Run LocationTemplate Behavior [ RunTime:-0.111208s ]
INFO: [ view_template ] --END-- [ RunTime:0.006993s ]
INFO: [ view_parse ] --START--
NOTIC: [8] Undefined index:  wecha_id D:\www\qmyx.wuyelaile.com\weiwindata\logs\Cache\Wap\83c1e8c23d0efff676593c1e07496794.php Á¨¨ 68 Ë°å.
NOTIC: [8] Undefined index:  wecha_id D:\www\qmyx.wuyelaile.com\weiwindata\logs\Cache\Wap\83c1e8c23d0efff676593c1e07496794.php Á¨¨ 73 Ë°å.
NOTIC: [8] Undefined index:  wecha_id D:\www\qmyx.wuyelaile.com\weiwindata\logs\Cache\Wap\83c1e8c23d0efff676593c1e07496794.php Á¨¨ 76 Ë°å.
NOTIC: [8] Undefined index:  wecha_id D:\www\qmyx.wuyelaile.com\weiwindata\logs\Cache\Wap\83c1e8c23d0efff676593c1e07496794.php Á¨¨ 79 Ë°å.
NOTIC: [8] Undefined index:  wecha_id D:\www\qmyx.wuyelaile.com\weiwindata\logs\Cache\Wap\83c1e8c23d0efff676593c1e07496794.php Á¨¨ 82 Ë°å.
NOTIC: [8] Undefined index:  wecha_id D:\www\qmyx.wuyelaile.com\weiwindata\logs\Cache\Wap\83c1e8c23d0efff676593c1e07496794.php Á¨¨ 85 Ë°å.
NOTIC: [8] Undefined index:  wecha_id D:\www\qmyx.wuyelaile.com\weiwindata\logs\Cache\Wap\83c1e8c23d0efff676593c1e07496794.php Á¨¨ 88 Ë°å.
NOTIC: [8] Undefined index:  wecha_id D:\www\qmyx.wuyelaile.com\weiwindata\logs\Cache\Wap\83c1e8c23d0efff676593c1e07496794.php Á¨¨ 97 Ë°å.
NOTIC: [8] Undefined index:  wecha_id D:\www\qmyx.wuyelaile.com\weiwindata\logs\Cache\Wap\83c1e8c23d0efff676593c1e07496794.php Á¨¨ 97 Ë°å.
NOTIC: [8] Undefined index:  wecha_id D:\www\qmyx.wuyelaile.com\weiwindata\logs\Cache\Wap\83c1e8c23d0efff676593c1e07496794.php Á¨¨ 97 Ë°å.
NOTIC: [8] Undefined index:  wecha_id D:\www\qmyx.wuyelaile.com\weiwindata\logs\Cache\Wap\83c1e8c23d0efff676593c1e07496794.php Á¨¨ 97 Ë°å.
NOTIC: [8] Undefined index:  wecha_id D:\www\qmyx.wuyelaile.com\weiwindata\logs\Cache\Wap\83c1e8c23d0efff676593c1e07496794.php Á¨¨ 97 Ë°å.
NOTIC: [8] Undefined index:  wecha_id D:\www\qmyx.wuyelaile.com\weiwindata\logs\Cache\Wap\83c1e8c23d0efff676593c1e07496794.php Á¨¨ 97 Ë°å.
NOTIC: [8] Undefined index:  wecha_id D:\www\qmyx.wuyelaile.com\weiwindata\logs\Cache\Wap\83c1e8c23d0efff676593c1e07496794.php Á¨¨ 97 Ë°å.
NOTIC: [8] Undefined index:  wecha_id D:\www\qmyx.wuyelaile.com\weiwindata\logs\Cache\Wap\83c1e8c23d0efff676593c1e07496794.php Á¨¨ 97 Ë°å.
NOTIC: [8] Undefined index:  wecha_id D:\www\qmyx.wuyelaile.com\weiwindata\logs\Cache\Wap\83c1e8c23d0efff676593c1e07496794.php Á¨¨ 97 Ë°å.
NOTIC: [8] Undefined index:  wecha_id D:\www\qmyx.wuyelaile.com\weiwindata\logs\Cache\Wap\83c1e8c23d0efff676593c1e07496794.php Á¨¨ 97 Ë°å.
NOTIC: [8] Undefined index:  wecha_id D:\www\qmyx.wuyelaile.com\weiwindata\logs\Cache\Wap\83c1e8c23d0efff676593c1e07496794.php Á¨¨ 138 Ë°å.
NOTIC: [8] Undefined index:  wecha_id D:\www\qmyx.wuyelaile.com\weiwindata\logs\Cache\Wap\83c1e8c23d0efff676593c1e07496794.php Á¨¨ 152 Ë°å.
INFO: Run ParseTemplate Behavior [ RunTime:-0.118332s ]
INFO: [ view_parse ] --END-- [ RunTime:0.038267s ]
INFO: [ view_filter ] --START--
INFO: Run ContentReplace Behavior [ RunTime:-0.156664s ]
INFO: Run TokenBuild Behavior [ RunTime:-0.159466s ]
INFO: Run WriteHtmlCache Behavior [ RunTime:-0.162323s ]
INFO: Run ShowRuntime Behavior [ RunTime:-0.164887s ]
INFO: [ view_filter ] --END-- [ RunTime:0.010990s ]
INFO: [ view_end ] --START--
INFO: Run ShowPageTrace Behavior [ RunTime:-0.167765s ]
INFO: [ view_end ] --END-- [ RunTime:0.003514s ]

[ 2015-06-13T23:42:48+08:00 ] 27.220.45.118 /index.php?g=Wap&m=Agent&a=index&token=jeifef1412084627&from=timeline&isappinstalled=0
NOTIC: [32] PHP Startup: Unable to load dynamic library 'D:\WebServer\php-5.2.5 (x64)\ext\php_fileinfo.dll' - ’“≤ªµΩ÷∏∂®µƒƒ£øÈ°£
 Unknown Á¨¨ 0 Ë°å.

