[ 2015-10-29T04:48:03+08:00 ] 183.136.190.62 /
INFO: [ app_begin ] --START--
INFO: Run ReadHtmlCache Behavior [ RunTime:0.003650s ]
INFO: [ app_begin ] --END-- [ RunTime:0.004743s ]
SQL: SHOW COLUMNS FROM `wy_links` [ RunTime:0.122938s ]
SQL: SELECT * FROM `wy_links` WHERE ( `status` = 1 )  [ RunTime:0.000844s ]
NOTIC: [2] Cannot use a scalar value as an array D:\www\qmyx.wuyelaile.com\weiwincms\_Core\Lib\Core\View.class.php ç¬¬ 69 è¡Œ.
INFO: [ view_template ] --START--
INFO: Run LocationTemplate Behavior [ RunTime:-0.210688s ]
INFO: [ view_template ] --END-- [ RunTime:0.030497s ]
INFO: [ view_parse ] --START--
INFO: Run ParseTemplate Behavior [ RunTime:-0.241344s ]
INFO: [ view_parse ] --END-- [ RunTime:0.119993s ]
INFO: [ view_filter ] --START--
INFO: Run ContentReplace Behavior [ RunTime:-0.361410s ]
INFO: Run TokenBuild Behavior [ RunTime:-0.363895s ]
INFO: Run WriteHtmlCache Behavior [ RunTime:-0.366096s ]
INFO: Run ShowRuntime Behavior [ RunTime:-0.367761s ]
INFO: [ view_filter ] --END-- [ RunTime:0.008222s ]
INFO: [ view_end ] --START--
INFO: Run ShowPageTrace Behavior [ RunTime:-0.369739s ]
INFO: [ view_end ] --END-- [ RunTime:0.002068s ]

[ 2015-10-29T04:48:03+08:00 ] 183.136.190.62 /
NOTIC: [32] PHP Startup: Unable to load dynamic library 'D:\WebServer\php-5.2.5 (x64)\ext\php_fileinfo.dll' - ÕÒ²»µ½Ö¸¶¨µÄÄ£¿é¡£
 Unknown ç¬¬ 0 è¡Œ.

[ 2015-10-29T05:21:16+08:00 ] 183.136.190.62 /
INFO: [ app_begin ] --START--
INFO: Run ReadHtmlCache Behavior [ RunTime:0.003224s ]
INFO: [ app_begin ] --END-- [ RunTime:0.004203s ]
SQL: SHOW COLUMNS FROM `wy_links` [ RunTime:0.100093s ]
SQL: SELECT * FROM `wy_links` WHERE ( `status` = 1 )  [ RunTime:0.000268s ]
NOTIC: [2] Cannot use a scalar value as an array D:\www\qmyx.wuyelaile.com\weiwincms\_Core\Lib\Core\View.class.php ç¬¬ 69 è¡Œ.
INFO: [ view_template ] --START--
INFO: Run LocationTemplate Behavior [ RunTime:-0.171970s ]
INFO: [ view_template ] --END-- [ RunTime:0.070442s ]
INFO: [ view_parse ] --START--
INFO: Run ParseTemplate Behavior [ RunTime:-0.242529s ]
INFO: [ view_parse ] --END-- [ RunTime:0.060890s ]
INFO: [ view_filter ] --START--
INFO: Run ContentReplace Behavior [ RunTime:-0.303494s ]
INFO: Run TokenBuild Behavior [ RunTime:-0.305604s ]
INFO: Run WriteHtmlCache Behavior [ RunTime:-0.308769s ]
INFO: Run ShowRuntime Behavior [ RunTime:-0.310746s ]
INFO: [ view_filter ] --END-- [ RunTime:0.010095s ]
INFO: [ view_end ] --START--
INFO: Run ShowPageTrace Behavior [ RunTime:-0.313743s ]
INFO: [ view_end ] --END-- [ RunTime:0.002811s ]

[ 2015-10-29T05:21:16+08:00 ] 183.136.190.62 /
NOTIC: [32] PHP Startup: Unable to load dynamic library 'D:\WebServer\php-5.2.5 (x64)\ext\php_fileinfo.dll' - ÕÒ²»µ½Ö¸¶¨µÄÄ£¿é¡£
 Unknown ç¬¬ 0 è¡Œ.

[ 2015-10-29T05:41:57+08:00 ] 183.136.190.62 /
INFO: [ app_begin ] --START--
INFO: Run ReadHtmlCache Behavior [ RunTime:0.004413s ]
INFO: [ app_begin ] --END-- [ RunTime:0.004658s ]
SQL: SHOW COLUMNS FROM `wy_links` [ RunTime:0.005885s ]
SQL: SELECT * FROM `wy_links` WHERE ( `status` = 1 )  [ RunTime:0.000287s ]
NOTIC: [2] Cannot use a scalar value as an array D:\www\qmyx.wuyelaile.com\weiwincms\_Core\Lib\Core\View.class.php ç¬¬ 69 è¡Œ.
INFO: [ view_template ] --START--
INFO: Run LocationTemplate Behavior [ RunTime:-0.045966s ]
INFO: [ view_template ] --END-- [ RunTime:0.029163s ]
INFO: [ view_parse ] --START--
INFO: Run ParseTemplate Behavior [ RunTime:-0.075242s ]
INFO: [ view_parse ] --END-- [ RunTime:0.086781s ]
INFO: [ view_filter ] --START--
INFO: Run ContentReplace Behavior [ RunTime:-0.162139s ]
INFO: Run TokenBuild Behavior [ RunTime:-0.189503s ]
INFO: Run WriteHtmlCache Behavior [ RunTime:-0.197065s ]
INFO: Run ShowRuntime Behavior [ RunTime:-0.199258s ]
INFO: [ view_filter ] --END-- [ RunTime:0.039487s ]
INFO: [ view_end ] --START--
INFO: Run ShowPageTrace Behavior [ RunTime:-0.201848s ]
INFO: [ view_end ] --END-- [ RunTime:0.002452s ]

[ 2015-10-29T05:41:57+08:00 ] 183.136.190.62 /
NOTIC: [32] PHP Startup: Unable to load dynamic library 'D:\WebServer\php-5.2.5 (x64)\ext\php_fileinfo.dll' - ÕÒ²»µ½Ö¸¶¨µÄÄ£¿é¡£
 Unknown ç¬¬ 0 è¡Œ.

