[ 2015-12-28T05:47:51+08:00 ] ERR: (ThinkException) 模板不存在[./tpl/Wap/default/Index_index.html]
[ 2015-12-28T05:47:51+08:00 ] 180.153.206.26 /index.php?g=Wap
INFO: [ app_begin ] --START--
INFO: Run ReadHtmlCache Behavior [ RunTime:0.003377s ]
INFO: [ app_begin ] --END-- [ RunTime:0.003539s ]
SQL: SHOW COLUMNS FROM `wy_userinfo` [ RunTime:0.108268s ]
SQL: SELECT * FROM `wy_userinfo` WHERE ( `token` = null ) AND ( `wecha_id` = null ) LIMIT 1   [ RunTime:0.000470s ]
SQL: SHOW COLUMNS FROM `wy_wechat_group_list` [ RunTime:0.045396s ]
SQL: SELECT * FROM `wy_wechat_group_list` WHERE ( `token` = null ) AND ( `openid` = null ) LIMIT 1   [ RunTime:0.005963s ]
NOTIC: [2] unlink(./weiwindata/logs/Temp/5/f/5fe1fc0e0fdbfbaff4ab677cf3a37648.php) [<a href='function.unlink'>function.unlink</a>]: No such file or directory D:\www\qmyx.wuyelaile.com\weiwincms\_Core\Lib\Driver\Cache\CacheFile.class.php 第 176 行.
SQL: SHOW COLUMNS FROM `wy_home` [ RunTime:0.126672s ]
SQL: SELECT * FROM `wy_home` WHERE ( `token` = null ) LIMIT 1   [ RunTime:0.023018s ]
NOTIC: [2] unlink(./weiwindata/logs/Temp/0/d/0d2c1c12d6393e604b6e35e960614004.php) [<a href='function.unlink'>function.unlink</a>]: No such file or directory D:\www\qmyx.wuyelaile.com\weiwincms\_Core\Lib\Driver\Cache\CacheFile.class.php 第 176 行.
SQL: SHOW COLUMNS FROM `wy_wxuser` [ RunTime:0.021610s ]
SQL: SELECT * FROM `wy_wxuser` WHERE ( `token` = null ) LIMIT 1   [ RunTime:0.001994s ]
NOTIC: [2] unlink(./weiwindata/logs/Temp/8/b/8b27330c23d5c53e2409cb5a50d9703d.php) [<a href='function.unlink'>function.unlink</a>]: No such file or directory D:\www\qmyx.wuyelaile.com\weiwincms\_Core\Lib\Driver\Cache\CacheFile.class.php 第 176 行.
SQL: SHOW COLUMNS FROM `wy_catemenu` [ RunTime:0.143422s ]
SQL: SELECT * FROM `wy_catemenu` WHERE ( `token` = null ) AND ( `status` = 1 ) ORDER BY orderss desc  [ RunTime:0.003754s ]
NOTIC: [2] unlink(./weiwindata/logs/Temp/5/8/5848d5204b5e414e87c386581aa4207f.php) [<a href='function.unlink'>function.unlink</a>]: No such file or directory D:\www\qmyx.wuyelaile.com\weiwincms\_Core\Lib\Driver\Cache\CacheFile.class.php 第 176 行.
SQL: SHOW COLUMNS FROM `wy_catemenu` [ RunTime:0.005476s ]
NOTIC: [8] Undefined index:  lpid D:\www\qmyx.wuyelaile.com\weiwincms\Lib\Action\WapAction.class.php 第 80 行.
SQL: SELECT * FROM `wy_catemenu` WHERE ( `token` = null ) AND ( `status` = 1 ) AND ( `lpid` = null )  [ RunTime:0.000445s ]
SQL: SHOW COLUMNS FROM `wy_users` [ RunTime:0.025969s ]
SQL: SELECT * FROM `wy_users` WHERE ( `id` = 0 ) LIMIT 1   [ RunTime:0.000682s ]
NOTIC: [2] unlink(./weiwindata/logs/Temp/e/f/efe21af28ac2c16b2c3515b7a677c7a3.php) [<a href='function.unlink'>function.unlink</a>]: No such file or directory D:\www\qmyx.wuyelaile.com\weiwincms\_Core\Lib\Driver\Cache\CacheFile.class.php 第 176 行.
SQL: SHOW COLUMNS FROM `wy_user_group` [ RunTime:0.048063s ]
SQL: SELECT * FROM `wy_user_group` WHERE ( `id` = 0 ) LIMIT 1   [ RunTime:0.000411s ]
NOTIC: [2] unlink(./weiwindata/logs/Temp/c/1/c12b83863679c53a027170a94c2d1853.php) [<a href='function.unlink'>function.unlink</a>]: No such file or directory D:\www\qmyx.wuyelaile.com\weiwincms\_Core\Lib\Driver\Cache\CacheFile.class.php 第 176 行.
SQL: SHOW COLUMNS FROM `wy_company` [ RunTime:0.055588s ]
SQL: SELECT * FROM `wy_company` WHERE ( `token` = null ) AND ( `isbranch` = 0 ) LIMIT 1   [ RunTime:0.000530s ]
NOTIC: [2] unlink(./weiwindata/logs/Temp/5/f/5f590e6483487102f9aedcd019d413c0.php) [<a href='function.unlink'>function.unlink</a>]: No such file or directory D:\www\qmyx.wuyelaile.com\weiwincms\_Core\Lib\Driver\Cache\CacheFile.class.php 第 176 行.
SQL: SHOW COLUMNS FROM `wy_classify` [ RunTime:0.143012s ]
NOTIC: [8] Undefined index:  lpid D:\www\qmyx.wuyelaile.com\weiwincms\Lib\Action\Wap\IndexAction.class.php 第 25 行.
SQL: SELECT * FROM `wy_classify` WHERE ( `token` = null ) AND ( `status` = 1 ) AND ( `lpid` = null ) ORDER BY sorts desc  [ RunTime:0.001913s ]
NOTIC: [2] Invalid argument supplied for foreach() D:\www\qmyx.wuyelaile.com\weiwincms\Lib\Action\Wap\IndexAction.class.php 第 506 行.
SQL: SHOW COLUMNS FROM `wy_home` [ RunTime:0.004563s ]
SQL: SELECT * FROM `wy_home` WHERE ( `token` = null ) LIMIT 1   [ RunTime:0.000221s ]
SQL: SHOW COLUMNS FROM `wy_kefuonline` [ RunTime:0.056124s ]
SQL: SELECT * FROM `wy_kefuonline` WHERE ( `token` = null ) LIMIT 1   [ RunTime:0.006087s ]
SQL: SELECT * FROM `wy_home` WHERE ( `token` = null ) LIMIT 1   [ RunTime:0.000275s ]
NOTIC: [8] Undefined index:  lpid D:\www\qmyx.wuyelaile.com\weiwincms\Lib\Action\Wap\IndexAction.class.php 第 90 行.
SQL: SHOW COLUMNS FROM `wy_lpinfo` [ RunTime:0.056260s ]
SQL: SELECT * FROM `wy_lpinfo` WHERE ( `token` = null ) LIMIT 1   [ RunTime:0.001038s ]
SQL: SHOW COLUMNS FROM `wy_flash` [ RunTime:0.056647s ]
SQL: SELECT * FROM `wy_flash` WHERE ( `token` = null ) AND ( `lpid` = null ) ORDER BY sort asc  [ RunTime:0.002628s ]
NOTIC: [2] Invalid argument supplied for foreach() D:\www\qmyx.wuyelaile.com\weiwincms\Lib\Action\Wap\IndexAction.class.php 第 506 行.
NOTIC: [2] Invalid argument supplied for foreach() D:\www\qmyx.wuyelaile.com\weiwincms\Lib\Action\Wap\IndexAction.class.php 第 99 行.
NOTIC: [8] Undefined index:  tpltypeid D:\www\qmyx.wuyelaile.com\weiwincms\Lib\Action\Wap\IndexAction.class.php 第 131 行.
NOTIC: [8] Undefined index:  tpltypeid D:\www\qmyx.wuyelaile.com\weiwincms\Lib\Action\Wap\IndexAction.class.php 第 131 行.
NOTIC: [8] Undefined index:  tpltypeid D:\www\qmyx.wuyelaile.com\weiwincms\Lib\Action\Wap\IndexAction.class.php 第 131 行.
NOTIC: [8] Undefined index:  tpltypeid D:\www\qmyx.wuyelaile.com\weiwincms\Lib\Action\Wap\IndexAction.class.php 第 131 行.
NOTIC: [8] Undefined index:  tpltypeid D:\www\qmyx.wuyelaile.com\weiwincms\Lib\Action\Wap\IndexAction.class.php 第 131 行.
NOTIC: [8] Undefined index:  tpltypeid D:\www\qmyx.wuyelaile.com\weiwincms\Lib\Action\Wap\IndexAction.class.php 第 131 行.
NOTIC: [8] Undefined index:  tpltypeid D:\www\qmyx.wuyelaile.com\weiwincms\Lib\Action\Wap\IndexAction.class.php 第 131 行.
NOTIC: [8] Undefined index:  tpltypeid D:\www\qmyx.wuyelaile.com\weiwincms\Lib\Action\Wap\IndexAction.class.php 第 131 行.
NOTIC: [8] Undefined index:  tpltypeid D:\www\qmyx.wuyelaile.com\weiwincms\Lib\Action\Wap\IndexAction.class.php 第 131 行.
NOTIC: [8] Undefined index:  tpltypeid D:\www\qmyx.wuyelaile.com\weiwincms\Lib\Action\Wap\IndexAction.class.php 第 131 行.
NOTIC: [8] Undefined index:  tpltypeid D:\www\qmyx.wuyelaile.com\weiwincms\Lib\Action\Wap\IndexAction.class.php 第 131 行.
NOTIC: [8] Undefined index:  tpltypeid D:\www\qmyx.wuyelaile.com\weiwincms\Lib\Action\Wap\IndexAction.class.php 第 131 行.
NOTIC: [8] Undefined index:  tpltypeid D:\www\qmyx.wuyelaile.com\weiwincms\Lib\Action\Wap\IndexAction.class.php 第 131 行.
NOTIC: [8] Undefined index:  tpltypeid D:\www\qmyx.wuyelaile.com\weiwincms\Lib\Action\Wap\IndexAction.class.php 第 131 行.
NOTIC: [8] Undefined index:  tpltypeid D:\www\qmyx.wuyelaile.com\weiwincms\Lib\Action\Wap\IndexAction.class.php 第 131 行.
NOTIC: [8] Undefined index:  tpltypeid D:\www\qmyx.wuyelaile.com\weiwincms\Lib\Action\Wap\IndexAction.class.php 第 131 行.
NOTIC: [8] Undefined index:  tpltypeid D:\www\qmyx.wuyelaile.com\weiwincms\Lib\Action\Wap\IndexAction.class.php 第 131 行.
NOTIC: [8] Undefined index:  tpltypeid D:\www\qmyx.wuyelaile.com\weiwincms\Lib\Action\Wap\IndexAction.class.php 第 131 行.
NOTIC: [8] Undefined index:  tpltypeid D:\www\qmyx.wuyelaile.com\weiwincms\Lib\Action\Wap\IndexAction.class.php 第 131 行.
NOTIC: [8] Undefined index:  tpltypeid D:\www\qmyx.wuyelaile.com\weiwincms\Lib\Action\Wap\IndexAction.class.php 第 131 行.
NOTIC: [8] Undefined index:  tpltypeid D:\www\qmyx.wuyelaile.com\weiwincms\Lib\Action\Wap\IndexAction.class.php 第 131 行.
NOTIC: [8] Undefined index:  tpltypeid D:\www\qmyx.wuyelaile.com\weiwincms\Lib\Action\Wap\IndexAction.class.php 第 131 行.
NOTIC: [8] Undefined index:  tpltypeid D:\www\qmyx.wuyelaile.com\weiwincms\Lib\Action\Wap\IndexAction.class.php 第 131 行.
NOTIC: [8] Undefined index:  tpltypeid D:\www\qmyx.wuyelaile.com\weiwincms\Lib\Action\Wap\IndexAction.class.php 第 131 行.
NOTIC: [8] Undefined index:  tpltypeid D:\www\qmyx.wuyelaile.com\weiwincms\Lib\Action\Wap\IndexAction.class.php 第 131 行.
NOTIC: [8] Undefined index:  tpltypeid D:\www\qmyx.wuyelaile.com\weiwincms\Lib\Action\Wap\IndexAction.class.php 第 131 行.
NOTIC: [8] Undefined index:  tpltypeid D:\www\qmyx.wuyelaile.com\weiwincms\Lib\Action\Wap\IndexAction.class.php 第 131 行.
NOTIC: [8] Undefined index:  tpltypeid D:\www\qmyx.wuyelaile.com\weiwincms\Lib\Action\Wap\IndexAction.class.php 第 131 行.
NOTIC: [8] Undefined index:  tpltypeid D:\www\qmyx.wuyelaile.com\weiwincms\Lib\Action\Wap\IndexAction.class.php 第 131 行.
NOTIC: [8] Undefined index:  tpltypeid D:\www\qmyx.wuyelaile.com\weiwincms\Lib\Action\Wap\IndexAction.class.php 第 131 行.
NOTIC: [8] Undefined index:  tpltypeid D:\www\qmyx.wuyelaile.com\weiwincms\Lib\Action\Wap\IndexAction.class.php 第 131 行.
NOTIC: [8] Undefined index:  tpltypeid D:\www\qmyx.wuyelaile.com\weiwincms\Lib\Action\Wap\IndexAction.class.php 第 131 行.
NOTIC: [8] Undefined index:  tpltypeid D:\www\qmyx.wuyelaile.com\weiwincms\Lib\Action\Wap\IndexAction.class.php 第 131 行.
NOTIC: [8] Undefined index:  tpltypeid D:\www\qmyx.wuyelaile.com\weiwincms\Lib\Action\Wap\IndexAction.class.php 第 131 行.
NOTIC: [8] Undefined index:  tpltypeid D:\www\qmyx.wuyelaile.com\weiwincms\Lib\Action\Wap\IndexAction.class.php 第 131 行.
NOTIC: [8] Undefined index:  tpltypeid D:\www\qmyx.wuyelaile.com\weiwincms\Lib\Action\Wap\IndexAction.class.php 第 131 行.
NOTIC: [8] Undefined index:  tpltypeid D:\www\qmyx.wuyelaile.com\weiwincms\Lib\Action\Wap\IndexAction.class.php 第 131 行.
NOTIC: [8] Undefined index:  tpltypeid D:\www\qmyx.wuyelaile.com\weiwincms\Lib\Action\Wap\IndexAction.class.php 第 131 行.
NOTIC: [8] Undefined index:  tpltypeid D:\www\qmyx.wuyelaile.com\weiwincms\Lib\Action\Wap\IndexAction.class.php 第 131 行.
NOTIC: [8] Undefined index:  tpltypeid D:\www\qmyx.wuyelaile.com\weiwincms\Lib\Action\Wap\IndexAction.class.php 第 131 行.
NOTIC: [8] Undefined index:  tpltypeid D:\www\qmyx.wuyelaile.com\weiwincms\Lib\Action\Wap\IndexAction.class.php 第 131 行.
NOTIC: [8] Undefined index:  tpltypeid D:\www\qmyx.wuyelaile.com\weiwincms\Lib\Action\Wap\IndexAction.class.php 第 131 行.
NOTIC: [8] Undefined index:  tpltypeid D:\www\qmyx.wuyelaile.com\weiwincms\Lib\Action\Wap\IndexAction.class.php 第 131 行.
NOTIC: [8] Undefined index:  tpltypeid D:\www\qmyx.wuyelaile.com\weiwincms\Lib\Action\Wap\IndexAction.class.php 第 131 行.
NOTIC: [8] Undefined index:  tpltypeid D:\www\qmyx.wuyelaile.com\weiwincms\Lib\Action\Wap\IndexAction.class.php 第 131 行.
NOTIC: [8] Undefined index:  tpltypeid D:\www\qmyx.wuyelaile.com\weiwincms\Lib\Action\Wap\IndexAction.class.php 第 131 行.
NOTIC: [8] Undefined index:  tpltypeid D:\www\qmyx.wuyelaile.com\weiwincms\Lib\Action\Wap\IndexAction.class.php 第 131 行.
NOTIC: [8] Undefined index:  tpltypeid D:\www\qmyx.wuyelaile.com\weiwincms\Lib\Action\Wap\IndexAction.class.php 第 131 行.
NOTIC: [8] Undefined index:  tpltypeid D:\www\qmyx.wuyelaile.com\weiwincms\Lib\Action\Wap\IndexAction.class.php 第 131 行.
NOTIC: [8] Undefined index:  tpltypeid D:\www\qmyx.wuyelaile.com\weiwincms\Lib\Action\Wap\IndexAction.class.php 第 131 行.
NOTIC: [8] Undefined index:  tpltypeid D:\www\qmyx.wuyelaile.com\weiwincms\Lib\Action\Wap\IndexAction.class.php 第 131 行.
NOTIC: [8] Undefined index:  tpltypeid D:\www\qmyx.wuyelaile.com\weiwincms\Lib\Action\Wap\IndexAction.class.php 第 131 行.
NOTIC: [8] Undefined index:  tpltypeid D:\www\qmyx.wuyelaile.com\weiwincms\Lib\Action\Wap\IndexAction.class.php 第 131 行.
NOTIC: [8] Undefined index:  tpltypeid D:\www\qmyx.wuyelaile.com\weiwincms\Lib\Action\Wap\IndexAction.class.php 第 131 行.
NOTIC: [8] Undefined index:  tpltypeid D:\www\qmyx.wuyelaile.com\weiwincms\Lib\Action\Wap\IndexAction.class.php 第 131 行.
NOTIC: [8] Undefined index:  tpltypeid D:\www\qmyx.wuyelaile.com\weiwincms\Lib\Action\Wap\IndexAction.class.php 第 131 行.
NOTIC: [8] Undefined index:  tpltypeid D:\www\qmyx.wuyelaile.com\weiwincms\Lib\Action\Wap\IndexAction.class.php 第 131 行.
NOTIC: [8] Undefined index:  tpltypeid D:\www\qmyx.wuyelaile.com\weiwincms\Lib\Action\Wap\IndexAction.class.php 第 131 行.
NOTIC: [8] Undefined index:  tpltypeid D:\www\qmyx.wuyelaile.com\weiwincms\Lib\Action\Wap\IndexAction.class.php 第 131 行.
NOTIC: [8] Undefined index:  tpltypeid D:\www\qmyx.wuyelaile.com\weiwincms\Lib\Action\Wap\IndexAction.class.php 第 131 行.
NOTIC: [8] Undefined index:  tpltypeid D:\www\qmyx.wuyelaile.com\weiwincms\Lib\Action\Wap\IndexAction.class.php 第 131 行.
NOTIC: [8] Undefined index:  tpltypeid D:\www\qmyx.wuyelaile.com\weiwincms\Lib\Action\Wap\IndexAction.class.php 第 131 行.
NOTIC: [8] Undefined index:  tpltypeid D:\www\qmyx.wuyelaile.com\weiwincms\Lib\Action\Wap\IndexAction.class.php 第 131 行.
NOTIC: [8] Undefined index:  tpltypeid D:\www\qmyx.wuyelaile.com\weiwincms\Lib\Action\Wap\IndexAction.class.php 第 131 行.
NOTIC: [8] Undefined index:  tpltypeid D:\www\qmyx.wuyelaile.com\weiwincms\Lib\Action\Wap\IndexAction.class.php 第 131 行.
NOTIC: [8] Undefined index:  tpltypeid D:\www\qmyx.wuyelaile.com\weiwincms\Lib\Action\Wap\IndexAction.class.php 第 131 行.
NOTIC: [8] Undefined index:  tpltypeid D:\www\qmyx.wuyelaile.com\weiwincms\Lib\Action\Wap\IndexAction.class.php 第 131 行.
NOTIC: [8] Undefined index:  tpltypeid D:\www\qmyx.wuyelaile.com\weiwincms\Lib\Action\Wap\IndexAction.class.php 第 131 行.
NOTIC: [8] Undefined index:  tpltypeid D:\www\qmyx.wuyelaile.com\weiwincms\Lib\Action\Wap\IndexAction.class.php 第 131 行.
NOTIC: [8] Undefined index:  tpltypeid D:\www\qmyx.wuyelaile.com\weiwincms\Lib\Action\Wap\IndexAction.class.php 第 131 行.
NOTIC: [8] Undefined index:  tpltypeid D:\www\qmyx.wuyelaile.com\weiwincms\Lib\Action\Wap\IndexAction.class.php 第 131 行.
NOTIC: [8] Undefined index:  tpltypeid D:\www\qmyx.wuyelaile.com\weiwincms\Lib\Action\Wap\IndexAction.class.php 第 131 行.
NOTIC: [8] Undefined index:  tpltypeid D:\www\qmyx.wuyelaile.com\weiwincms\Lib\Action\Wap\IndexAction.class.php 第 131 行.
NOTIC: [8] Undefined index:  tpltypeid D:\www\qmyx.wuyelaile.com\weiwincms\Lib\Action\Wap\IndexAction.class.php 第 131 行.
NOTIC: [8] Undefined index:  tpltypeid D:\www\qmyx.wuyelaile.com\weiwincms\Lib\Action\Wap\IndexAction.class.php 第 131 行.
NOTIC: [8] Undefined index:  tpltypeid D:\www\qmyx.wuyelaile.com\weiwincms\Lib\Action\Wap\IndexAction.class.php 第 131 行.
NOTIC: [8] Undefined index:  tpltypeid D:\www\qmyx.wuyelaile.com\weiwincms\Lib\Action\Wap\IndexAction.class.php 第 131 行.
NOTIC: [8] Undefined index:  tpltypeid D:\www\qmyx.wuyelaile.com\weiwincms\Lib\Action\Wap\IndexAction.class.php 第 131 行.
NOTIC: [8] Undefined index:  tpltypeid D:\www\qmyx.wuyelaile.com\weiwincms\Lib\Action\Wap\IndexAction.class.php 第 131 行.
NOTIC: [8] Undefined index:  tpltypeid D:\www\qmyx.wuyelaile.com\weiwincms\Lib\Action\Wap\IndexAction.class.php 第 131 行.
NOTIC: [8] Undefined index:  tpltypeid D:\www\qmyx.wuyelaile.com\weiwincms\Lib\Action\Wap\IndexAction.class.php 第 131 行.
NOTIC: [8] Undefined index:  tpltypeid D:\www\qmyx.wuyelaile.com\weiwincms\Lib\Action\Wap\IndexAction.class.php 第 131 行.
NOTIC: [8] Undefined index:  tpltypeid D:\www\qmyx.wuyelaile.com\weiwincms\Lib\Action\Wap\IndexAction.class.php 第 131 行.
NOTIC: [8] Undefined index:  tpltypeid D:\www\qmyx.wuyelaile.com\weiwincms\Lib\Action\Wap\IndexAction.class.php 第 131 行.
NOTIC: [8] Undefined index:  tpltypeid D:\www\qmyx.wuyelaile.com\weiwincms\Lib\Action\Wap\IndexAction.class.php 第 131 行.
NOTIC: [8] Undefined index:  tpltypeid D:\www\qmyx.wuyelaile.com\weiwincms\Lib\Action\Wap\IndexAction.class.php 第 131 行.
NOTIC: [8] Undefined index:  tpltypeid D:\www\qmyx.wuyelaile.com\weiwincms\Lib\Action\Wap\IndexAction.class.php 第 131 行.
NOTIC: [8] Undefined index:  tpltypeid D:\www\qmyx.wuyelaile.com\weiwincms\Lib\Action\Wap\IndexAction.class.php 第 131 行.
NOTIC: [8] Undefined index:  tpltypeid D:\www\qmyx.wuyelaile.com\weiwincms\Lib\Action\Wap\IndexAction.class.php 第 131 行.
NOTIC: [8] Undefined index:  tpltypeid D:\www\qmyx.wuyelaile.com\weiwincms\Lib\Action\Wap\IndexAction.class.php 第 131 行.
NOTIC: [8] Undefined index:  tpltypeid D:\www\qmyx.wuyelaile.com\weiwincms\Lib\Action\Wap\IndexAction.class.php 第 131 行.
NOTIC: [8] Undefined index:  tpltypeid D:\www\qmyx.wuyelaile.com\weiwincms\Lib\Action\Wap\IndexAction.class.php 第 131 行.
NOTIC: [8] Undefined index:  tpltypeid D:\www\qmyx.wuyelaile.com\weiwincms\Lib\Action\Wap\IndexAction.class.php 第 131 行.
NOTIC: [8] Undefined index:  tpltypeid D:\www\qmyx.wuyelaile.com\weiwincms\Lib\Action\Wap\IndexAction.class.php 第 131 行.
NOTIC: [8] Undefined index:  tpltypeid D:\www\qmyx.wuyelaile.com\weiwincms\Lib\Action\Wap\IndexAction.class.php 第 131 行.
NOTIC: [8] Undefined index:  tpltypeid D:\www\qmyx.wuyelaile.com\weiwincms\Lib\Action\Wap\IndexAction.class.php 第 131 行.
NOTIC: [8] Undefined index:  tpltypeid D:\www\qmyx.wuyelaile.com\weiwincms\Lib\Action\Wap\IndexAction.class.php 第 131 行.
NOTIC: [8] Undefined index:  tpltypeid D:\www\qmyx.wuyelaile.com\weiwincms\Lib\Action\Wap\IndexAction.class.php 第 131 行.
NOTIC: [8] Undefined index:  tpltypeid D:\www\qmyx.wuyelaile.com\weiwincms\Lib\Action\Wap\IndexAction.class.php 第 131 行.
NOTIC: [8] Undefined index:  tpltypeid D:\www\qmyx.wuyelaile.com\weiwincms\Lib\Action\Wap\IndexAction.class.php 第 131 行.
NOTIC: [8] Undefined index:  tpltypeid D:\www\qmyx.wuyelaile.com\weiwincms\Lib\Action\Wap\IndexAction.class.php 第 131 行.
NOTIC: [8] Undefined index:  tpltypeid D:\www\qmyx.wuyelaile.com\weiwincms\Lib\Action\Wap\IndexAction.class.php 第 131 行.
NOTIC: [8] Undefined index:  tpltypeid D:\www\qmyx.wuyelaile.com\weiwincms\Lib\Action\Wap\IndexAction.class.php 第 131 行.
NOTIC: [8] Undefined index:  tpltypeid D:\www\qmyx.wuyelaile.com\weiwincms\Lib\Action\Wap\IndexAction.class.php 第 131 行.
NOTIC: [8] Undefined index:  tpltypeid D:\www\qmyx.wuyelaile.com\weiwincms\Lib\Action\Wap\IndexAction.class.php 第 131 行.
NOTIC: [8] Undefined index:  tpltypeid D:\www\qmyx.wuyelaile.com\weiwincms\Lib\Action\Wap\IndexAction.class.php 第 131 行.
NOTIC: [8] Undefined index:  tpltypeid D:\www\qmyx.wuyelaile.com\weiwincms\Lib\Action\Wap\IndexAction.class.php 第 131 行.
NOTIC: [8] Undefined index:  tpltypeid D:\www\qmyx.wuyelaile.com\weiwincms\Lib\Action\Wap\IndexAction.class.php 第 131 行.
NOTIC: [8] Undefined index:  tpltypeid D:\www\qmyx.wuyelaile.com\weiwincms\Lib\Action\Wap\IndexAction.class.php 第 131 行.
NOTIC: [8] Undefined index:  tpltypeid D:\www\qmyx.wuyelaile.com\weiwincms\Lib\Action\Wap\IndexAction.class.php 第 131 行.
NOTIC: [8] Undefined index:  tpltypeid D:\www\qmyx.wuyelaile.com\weiwincms\Lib\Action\Wap\IndexAction.class.php 第 131 行.
NOTIC: [8] Undefined index:  tpltypeid D:\www\qmyx.wuyelaile.com\weiwincms\Lib\Action\Wap\IndexAction.class.php 第 131 行.
NOTIC: [8] Undefined index:  tpltypeid D:\www\qmyx.wuyelaile.com\weiwincms\Lib\Action\Wap\IndexAction.class.php 第 131 行.
NOTIC: [8] Undefined index:  tpltypeid D:\www\qmyx.wuyelaile.com\weiwincms\Lib\Action\Wap\IndexAction.class.php 第 131 行.
NOTIC: [8] Undefined index:  tpltypeid D:\www\qmyx.wuyelaile.com\weiwincms\Lib\Action\Wap\IndexAction.class.php 第 131 行.
NOTIC: [8] Undefined index:  tpltypeid D:\www\qmyx.wuyelaile.com\weiwincms\Lib\Action\Wap\IndexAction.class.php 第 131 行.
NOTIC: [8] Undefined index:  tpltypeid D:\www\qmyx.wuyelaile.com\weiwincms\Lib\Action\Wap\IndexAction.class.php 第 131 行.
NOTIC: [8] Undefined index:  tpltypeid D:\www\qmyx.wuyelaile.com\weiwincms\Lib\Action\Wap\IndexAction.class.php 第 131 行.
NOTIC: [8] Undefined index:  tpltypeid D:\www\qmyx.wuyelaile.com\weiwincms\Lib\Action\Wap\IndexAction.class.php 第 131 行.
NOTIC: [8] Undefined index:  tpltypeid D:\www\qmyx.wuyelaile.com\weiwincms\Lib\Action\Wap\IndexAction.class.php 第 131 行.
NOTIC: [8] Undefined index:  tpltypeid D:\www\qmyx.wuyelaile.com\weiwincms\Lib\Action\Wap\IndexAction.class.php 第 131 行.
NOTIC: [8] Undefined index:  tpltypeid D:\www\qmyx.wuyelaile.com\weiwincms\Lib\Action\Wap\IndexAction.class.php 第 131 行.
NOTIC: [8] Undefined index:  tpltypeid D:\www\qmyx.wuyelaile.com\weiwincms\Lib\Action\Wap\IndexAction.class.php 第 131 行.
NOTIC: [8] Undefined index:  tpltypeid D:\www\qmyx.wuyelaile.com\weiwincms\Lib\Action\Wap\IndexAction.class.php 第 131 行.
NOTIC: [8] Undefined index:  tpltypeid D:\www\qmyx.wuyelaile.com\weiwincms\Lib\Action\Wap\IndexAction.class.php 第 131 行.
NOTIC: [8] Undefined index:  tpltypeid D:\www\qmyx.wuyelaile.com\weiwincms\Lib\Action\Wap\IndexAction.class.php 第 131 行.
NOTIC: [8] Undefined index:  tpltypeid D:\www\qmyx.wuyelaile.com\weiwincms\Lib\Action\Wap\IndexAction.class.php 第 131 行.
NOTIC: [8] Undefined index:  tpltypeid D:\www\qmyx.wuyelaile.com\weiwincms\Lib\Action\Wap\IndexAction.class.php 第 131 行.
NOTIC: [8] Undefined index:  tpltypeid D:\www\qmyx.wuyelaile.com\weiwincms\Lib\Action\Wap\IndexAction.class.php 第 131 行.
NOTIC: [8] Undefined index:  tpltypeid D:\www\qmyx.wuyelaile.com\weiwincms\Lib\Action\Wap\IndexAction.class.php 第 131 行.
NOTIC: [8] Undefined index:  tpltypeid D:\www\qmyx.wuyelaile.com\weiwincms\Lib\Action\Wap\IndexAction.class.php 第 131 行.
NOTIC: [8] Undefined index:  tpltypeid D:\www\qmyx.wuyelaile.com\weiwincms\Lib\Action\Wap\IndexAction.class.php 第 131 行.
NOTIC: [8] Undefined index:  tpltypeid D:\www\qmyx.wuyelaile.com\weiwincms\Lib\Action\Wap\IndexAction.class.php 第 131 行.
NOTIC: [8] Undefined index:  tpltypeid D:\www\qmyx.wuyelaile.com\weiwincms\Lib\Action\Wap\IndexAction.class.php 第 131 行.
NOTIC: [8] Undefined index:  tpltypeid D:\www\qmyx.wuyelaile.com\weiwincms\Lib\Action\Wap\IndexAction.class.php 第 131 行.
NOTIC: [8] Undefined index:  tpltypeid D:\www\qmyx.wuyelaile.com\weiwincms\Lib\Action\Wap\IndexAction.class.php 第 131 行.
NOTIC: [8] Undefined index:  tpltypeid D:\www\qmyx.wuyelaile.com\weiwincms\Lib\Action\Wap\IndexAction.class.php 第 131 行.
NOTIC: [8] Undefined index:  tpltypeid D:\www\qmyx.wuyelaile.com\weiwincms\Lib\Action\Wap\IndexAction.class.php 第 131 行.
NOTIC: [8] Undefined index:  tpltypeid D:\www\qmyx.wuyelaile.com\weiwincms\Lib\Action\Wap\IndexAction.class.php 第 131 行.
NOTIC: [8] Undefined index:  tpltypeid D:\www\qmyx.wuyelaile.com\weiwincms\Lib\Action\Wap\IndexAction.class.php 第 131 行.
NOTIC: [8] Undefined index:  tpltypeid D:\www\qmyx.wuyelaile.com\weiwincms\Lib\Action\Wap\IndexAction.class.php 第 131 行.
NOTIC: [8] Undefined index:  tpltypeid D:\www\qmyx.wuyelaile.com\weiwincms\Lib\Action\Wap\IndexAction.class.php 第 131 行.
NOTIC: [8] Undefined index:  tpltypeid D:\www\qmyx.wuyelaile.com\weiwincms\Lib\Action\Wap\IndexAction.class.php 第 131 行.
NOTIC: [8] Undefined index:  tpltypeid D:\www\qmyx.wuyelaile.com\weiwincms\Lib\Action\Wap\IndexAction.class.php 第 131 行.
NOTIC: [8] Undefined index:  tpltypeid D:\www\qmyx.wuyelaile.com\weiwincms\Lib\Action\Wap\IndexAction.class.php 第 131 行.
NOTIC: [8] Undefined index:  tpltypeid D:\www\qmyx.wuyelaile.com\weiwincms\Lib\Action\Wap\IndexAction.class.php 第 131 行.
NOTIC: [8] Undefined index:  tpltypeid D:\www\qmyx.wuyelaile.com\weiwincms\Lib\Action\Wap\IndexAction.class.php 第 131 行.
NOTIC: [8] Undefined index:  tpltypeid D:\www\qmyx.wuyelaile.com\weiwincms\Lib\Action\Wap\IndexAction.class.php 第 131 行.
NOTIC: [8] Undefined index:  tpltypeid D:\www\qmyx.wuyelaile.com\weiwincms\Lib\Action\Wap\IndexAction.class.php 第 131 行.
NOTIC: [8] Undefined index:  tpltypeid D:\www\qmyx.wuyelaile.com\weiwincms\Lib\Action\Wap\IndexAction.class.php 第 131 行.
NOTIC: [8] Undefined variable: tplinfo D:\www\qmyx.wuyelaile.com\weiwincms\Lib\Action\Wap\IndexAction.class.php 第 136 行.
NOTIC: [8] Undefined variable: tplinfo D:\www\qmyx.wuyelaile.com\weiwincms\Lib\Action\Wap\IndexAction.class.php 第 137 行.
NOTIC: [8] Undefined index:  tpltypename D:\www\qmyx.wuyelaile.com\weiwincms\Lib\Action\Wap\IndexAction.class.php 第 170 行.
NOTIC: [2] Cannot use a scalar value as an array D:\www\qmyx.wuyelaile.com\weiwincms\_Core\Lib\Core\View.class.php 第 69 行.
INFO: [ view_template ] --START--
NOTIC: [8] Undefined index:  class D:\www\qmyx.wuyelaile.com\weiwincms\_Core\Lib\Core\ThinkException.class.php 第 63 行.
NOTIC: [8] Undefined index:  type D:\www\qmyx.wuyelaile.com\weiwincms\_Core\Lib\Core\ThinkException.class.php 第 63 行.
NOTIC: [8] Undefined index:  class D:\www\qmyx.wuyelaile.com\weiwincms\_Core\Lib\Core\ThinkException.class.php 第 63 行.
NOTIC: [8] Undefined index:  type D:\www\qmyx.wuyelaile.com\weiwincms\_Core\Lib\Core\ThinkException.class.php 第 63 行.
NOTIC: [8] Undefined index:  file D:\www\qmyx.wuyelaile.com\weiwincms\_Core\Lib\Core\ThinkException.class.php 第 62 行.
NOTIC: [8] Undefined index:  line D:\www\qmyx.wuyelaile.com\weiwincms\_Core\Lib\Core\ThinkException.class.php 第 62 行.
NOTIC: [4096] Object of class IndexAction could not be converted to string D:\www\qmyx.wuyelaile.com\weiwincms\_Core\Lib\Core\ThinkException.class.php 第 64 行.
NOTIC: [8] Undefined index:  class D:\www\qmyx.wuyelaile.com\weiwincms\_Core\Lib\Core\ThinkException.class.php 第 63 行.
NOTIC: [8] Undefined index:  type D:\www\qmyx.wuyelaile.com\weiwincms\_Core\Lib\Core\ThinkException.class.php 第 63 行.
NOTIC: [8] Undefined index:  class D:\www\qmyx.wuyelaile.com\weiwincms\_Core\Lib\Core\ThinkException.class.php 第 63 行.
NOTIC: [8] Undefined index:  type D:\www\qmyx.wuyelaile.com\weiwincms\_Core\Lib\Core\ThinkException.class.php 第 63 行.

[ 2015-12-28T12:09:09+08:00 ] 123.125.71.47 /index.php?g=Wap&m=Agent&a=register&token=jeifef1412084627
INFO: [ app_begin ] --START--
INFO: Run ReadHtmlCache Behavior [ RunTime:0.003958s ]
INFO: [ app_begin ] --END-- [ RunTime:0.004137s ]
NOTIC: [8] Undefined index:  wecha_id D:\www\qmyx.wuyelaile.com\weiwincms\Lib\Action\Wap\AgentAction.class.php 第 130 行.
SQL: SHOW COLUMNS FROM `wy_wxuser` [ RunTime:0.038268s ]
SQL: SELECT `wxname`,`headerpic` FROM `wy_wxuser` WHERE ( `token` = 'jeifef1412084627' ) LIMIT 1   [ RunTime:0.001410s ]
NOTIC: [2] Cannot use a scalar value as an array D:\www\qmyx.wuyelaile.com\weiwincms\_Core\Lib\Core\View.class.php 第 69 行.
INFO: [ view_template ] --START--
INFO: Run LocationTemplate Behavior [ RunTime:-0.183716s ]
INFO: [ view_template ] --END-- [ RunTime:0.093852s ]
INFO: [ view_parse ] --START--
INFO: Run ParseTemplate Behavior [ RunTime:-0.277681s ]
INFO: [ view_parse ] --END-- [ RunTime:0.080033s ]
INFO: [ view_filter ] --START--
INFO: Run ContentReplace Behavior [ RunTime:-0.357872s ]
INFO: Run TokenBuild Behavior [ RunTime:-0.360649s ]
INFO: Run WriteHtmlCache Behavior [ RunTime:-0.363372s ]
INFO: Run ShowRuntime Behavior [ RunTime:-0.365944s ]
INFO: [ view_filter ] --END-- [ RunTime:0.010970s ]
INFO: [ view_end ] --START--
INFO: Run ShowPageTrace Behavior [ RunTime:-0.369012s ]
INFO: [ view_end ] --END-- [ RunTime:0.002946s ]

