[ 2015-12-10T03:59:04+08:00 ] 121.42.0.35 /
INFO: [ app_begin ] --START--
INFO: Run ReadHtmlCache Behavior [ RunTime:0.006313s ]
INFO: [ app_begin ] --END-- [ RunTime:0.006499s ]
SQL: SHOW COLUMNS FROM `wy_links` [ RunTime:0.257496s ]
SQL: SELECT * FROM `wy_links` WHERE ( `status` = 1 )  [ RunTime:0.000499s ]
NOTIC: [2] Cannot use a scalar value as an array D:\www\qmyx.wuyelaile.com\weiwincms\_Core\Lib\Core\View.class.php 第 69 行.
INFO: [ view_template ] --START--
INFO: Run LocationTemplate Behavior [ RunTime:-0.349634s ]
INFO: [ view_template ] --END-- [ RunTime:0.034359s ]
INFO: [ view_parse ] --START--
INFO: Run ParseTemplate Behavior [ RunTime:-0.384099s ]
INFO: [ view_parse ] --END-- [ RunTime:0.123071s ]
INFO: [ view_filter ] --START--
INFO: Run ContentReplace Behavior [ RunTime:-0.507259s ]
INFO: Run TokenBuild Behavior [ RunTime:-0.509925s ]
INFO: Run WriteHtmlCache Behavior [ RunTime:-0.512468s ]
INFO: Run ShowRuntime Behavior [ RunTime:-0.514756s ]
INFO: [ view_filter ] --END-- [ RunTime:0.010093s ]
INFO: [ view_end ] --START--
INFO: Run ShowPageTrace Behavior [ RunTime:-0.517448s ]
INFO: [ view_end ] --END-- [ RunTime:0.002560s ]

[ 2015-12-10T05:48:39+08:00 ] 183.136.190.62 /
INFO: [ app_begin ] --START--
INFO: Run ReadHtmlCache Behavior [ RunTime:0.001620s ]
INFO: [ app_begin ] --END-- [ RunTime:0.001774s ]
SQL: SHOW COLUMNS FROM `wy_links` [ RunTime:0.005018s ]
SQL: SELECT * FROM `wy_links` WHERE ( `status` = 1 )  [ RunTime:0.000668s ]
NOTIC: [2] Cannot use a scalar value as an array D:\www\qmyx.wuyelaile.com\weiwincms\_Core\Lib\Core\View.class.php 第 69 行.
INFO: [ view_template ] --START--
INFO: Run LocationTemplate Behavior [ RunTime:-0.030444s ]
INFO: [ view_template ] --END-- [ RunTime:0.002368s ]
INFO: [ view_parse ] --START--
INFO: Run ParseTemplate Behavior [ RunTime:-0.032894s ]
INFO: [ view_parse ] --END-- [ RunTime:0.023339s ]
INFO: [ view_filter ] --START--
INFO: Run ContentReplace Behavior [ RunTime:-0.056299s ]
INFO: Run TokenBuild Behavior [ RunTime:-0.057948s ]
INFO: Run WriteHtmlCache Behavior [ RunTime:-0.059631s ]
INFO: Run ShowRuntime Behavior [ RunTime:-0.061140s ]
INFO: [ view_filter ] --END-- [ RunTime:0.006503s ]
INFO: [ view_end ] --START--
INFO: Run ShowPageTrace Behavior [ RunTime:-0.063005s ]
INFO: [ view_end ] --END-- [ RunTime:0.001994s ]

[ 2015-12-10T06:21:26+08:00 ] 123.125.71.92 /
INFO: [ app_begin ] --START--
INFO: Run ReadHtmlCache Behavior [ RunTime:0.001143s ]
INFO: [ app_begin ] --END-- [ RunTime:0.001282s ]
SQL: SHOW COLUMNS FROM `wy_links` [ RunTime:0.005184s ]
SQL: SELECT * FROM `wy_links` WHERE ( `status` = 1 )  [ RunTime:0.000282s ]
NOTIC: [2] Cannot use a scalar value as an array D:\www\qmyx.wuyelaile.com\weiwincms\_Core\Lib\Core\View.class.php 第 69 行.
INFO: [ view_template ] --START--
INFO: Run LocationTemplate Behavior [ RunTime:-0.025341s ]
INFO: [ view_template ] --END-- [ RunTime:0.001848s ]
INFO: [ view_parse ] --START--
INFO: Run ParseTemplate Behavior [ RunTime:-0.027276s ]
INFO: [ view_parse ] --END-- [ RunTime:0.023266s ]
INFO: [ view_filter ] --START--
INFO: Run ContentReplace Behavior [ RunTime:-0.050720s ]
INFO: Run TokenBuild Behavior [ RunTime:-0.052652s ]
INFO: Run WriteHtmlCache Behavior [ RunTime:-0.054441s ]
INFO: Run ShowRuntime Behavior [ RunTime:-0.055804s ]
INFO: [ view_filter ] --END-- [ RunTime:0.006741s ]
INFO: [ view_end ] --START--
INFO: Run ShowPageTrace Behavior [ RunTime:-0.057624s ]
INFO: [ view_end ] --END-- [ RunTime:0.002100s ]

