[ 2015-10-12T03:55:11+08:00 ] 123.125.71.85 /
INFO: [ app_begin ] --START--
INFO: Run ReadHtmlCache Behavior [ RunTime:0.001143s ]
INFO: [ app_begin ] --END-- [ RunTime:0.001334s ]
SQL: SHOW COLUMNS FROM `wy_links` [ RunTime:0.008593s ]
SQL: SELECT * FROM `wy_links` WHERE ( `status` = 1 )  [ RunTime:0.000353s ]
NOTIC: [2] Cannot use a scalar value as an array D:\www\qmyx.wuyelaile.com\weiwincms\_Core\Lib\Core\View.class.php ç¬¬ 69 è¡Œ.
INFO: [ view_template ] --START--
INFO: Run LocationTemplate Behavior [ RunTime:-0.033127s ]
INFO: [ view_template ] --END-- [ RunTime:0.001698s ]
INFO: [ view_parse ] --START--
INFO: Run ParseTemplate Behavior [ RunTime:-0.034912s ]
INFO: [ view_parse ] --END-- [ RunTime:0.023482s ]
INFO: [ view_filter ] --START--
INFO: Run ContentReplace Behavior [ RunTime:-0.058578s ]
INFO: Run TokenBuild Behavior [ RunTime:-0.059611s ]
INFO: Run WriteHtmlCache Behavior [ RunTime:-0.060857s ]
INFO: Run ShowRuntime Behavior [ RunTime:-0.061680s ]
INFO: [ view_filter ] --END-- [ RunTime:0.004276s ]
INFO: [ view_end ] --START--
INFO: Run ShowPageTrace Behavior [ RunTime:-0.062852s ]
INFO: [ view_end ] --END-- [ RunTime:0.001301s ]

[ 2015-10-12T03:55:11+08:00 ] 123.125.71.85 /
NOTIC: [32] PHP Startup: Unable to load dynamic library 'D:\WebServer\php-5.2.5 (x64)\ext\php_fileinfo.dll' - ÕÒ²»µ½Ö¸¶¨µÄÄ£¿é¡£
 Unknown ç¬¬ 0 è¡Œ.

[ 2015-10-12T03:55:11+08:00 ] 123.125.71.74 /
INFO: [ app_begin ] --START--
INFO: Run ReadHtmlCache Behavior [ RunTime:0.000593s ]
INFO: [ app_begin ] --END-- [ RunTime:0.000726s ]
SQL: SHOW COLUMNS FROM `wy_links` [ RunTime:0.004914s ]
SQL: SELECT * FROM `wy_links` WHERE ( `status` = 1 )  [ RunTime:0.000204s ]
NOTIC: [2] Cannot use a scalar value as an array D:\www\qmyx.wuyelaile.com\weiwincms\_Core\Lib\Core\View.class.php ç¬¬ 69 è¡Œ.
INFO: [ view_template ] --START--
INFO: Run LocationTemplate Behavior [ RunTime:-0.019486s ]
INFO: [ view_template ] --END-- [ RunTime:0.000796s ]
INFO: [ view_parse ] --START--
INFO: Run ParseTemplate Behavior [ RunTime:-0.020362s ]
INFO: [ view_parse ] --END-- [ RunTime:0.010023s ]
INFO: [ view_filter ] --START--
INFO: Run ContentReplace Behavior [ RunTime:-0.030457s ]
INFO: Run TokenBuild Behavior [ RunTime:-0.031219s ]
INFO: Run WriteHtmlCache Behavior [ RunTime:-0.032102s ]
INFO: Run ShowRuntime Behavior [ RunTime:-0.032509s ]
INFO: [ view_filter ] --END-- [ RunTime:0.002703s ]
INFO: [ view_end ] --START--
INFO: Run ShowPageTrace Behavior [ RunTime:-0.033260s ]
INFO: [ view_end ] --END-- [ RunTime:0.000747s ]

[ 2015-10-12T03:56:55+08:00 ] 220.181.108.147 /
INFO: [ app_begin ] --START--
INFO: Run ReadHtmlCache Behavior [ RunTime:0.000631s ]
INFO: [ app_begin ] --END-- [ RunTime:0.000803s ]
SQL: SHOW COLUMNS FROM `wy_links` [ RunTime:0.037077s ]
SQL: SELECT * FROM `wy_links` WHERE ( `status` = 1 )  [ RunTime:0.000217s ]
NOTIC: [2] Cannot use a scalar value as an array D:\www\qmyx.wuyelaile.com\weiwincms\_Core\Lib\Core\View.class.php ç¬¬ 69 è¡Œ.
INFO: [ view_template ] --START--
INFO: Run LocationTemplate Behavior [ RunTime:-0.053322s ]
INFO: [ view_template ] --END-- [ RunTime:0.000737s ]
INFO: [ view_parse ] --START--
INFO: Run ParseTemplate Behavior [ RunTime:-0.054168s ]
INFO: [ view_parse ] --END-- [ RunTime:0.010318s ]
INFO: [ view_filter ] --START--
INFO: Run ContentReplace Behavior [ RunTime:-0.064560s ]
INFO: Run TokenBuild Behavior [ RunTime:-0.065127s ]
INFO: Run WriteHtmlCache Behavior [ RunTime:-0.065695s ]
INFO: Run ShowRuntime Behavior [ RunTime:-0.066063s ]
INFO: [ view_filter ] --END-- [ RunTime:0.002106s ]
INFO: [ view_end ] --START--
INFO: Run ShowPageTrace Behavior [ RunTime:-0.066769s ]
INFO: [ view_end ] --END-- [ RunTime:0.000781s ]

[ 2015-10-12T03:59:32+08:00 ] 220.181.108.154 /
INFO: [ app_begin ] --START--
INFO: Run ReadHtmlCache Behavior [ RunTime:0.001684s ]
INFO: [ app_begin ] --END-- [ RunTime:0.001890s ]
SQL: SHOW COLUMNS FROM `wy_links` [ RunTime:0.008085s ]
SQL: SELECT * FROM `wy_links` WHERE ( `status` = 1 )  [ RunTime:0.000282s ]
NOTIC: [2] Cannot use a scalar value as an array D:\www\qmyx.wuyelaile.com\weiwincms\_Core\Lib\Core\View.class.php ç¬¬ 69 è¡Œ.
INFO: [ view_template ] --START--
INFO: Run LocationTemplate Behavior [ RunTime:-0.031048s ]
INFO: [ view_template ] --END-- [ RunTime:0.001836s ]
INFO: [ view_parse ] --START--
INFO: Run ParseTemplate Behavior [ RunTime:-0.032978s ]
INFO: [ view_parse ] --END-- [ RunTime:0.015294s ]
INFO: [ view_filter ] --START--
INFO: Run ContentReplace Behavior [ RunTime:-0.048361s ]
INFO: Run TokenBuild Behavior [ RunTime:-0.049477s ]
INFO: Run WriteHtmlCache Behavior [ RunTime:-0.050729s ]
INFO: Run ShowRuntime Behavior [ RunTime:-0.051730s ]
INFO: [ view_filter ] --END-- [ RunTime:0.004801s ]
INFO: [ view_end ] --START--
INFO: Run ShowPageTrace Behavior [ RunTime:-0.053335s ]
INFO: [ view_end ] --END-- [ RunTime:0.001943s ]

[ 2015-10-12T04:37:42+08:00 ] 220.181.108.78 /
INFO: [ app_begin ] --START--
INFO: Run ReadHtmlCache Behavior [ RunTime:0.001579s ]
INFO: [ app_begin ] --END-- [ RunTime:0.001728s ]
SQL: SHOW COLUMNS FROM `wy_links` [ RunTime:0.005713s ]
SQL: SELECT * FROM `wy_links` WHERE ( `status` = 1 )  [ RunTime:0.000206s ]
NOTIC: [2] Cannot use a scalar value as an array D:\www\qmyx.wuyelaile.com\weiwincms\_Core\Lib\Core\View.class.php ç¬¬ 69 è¡Œ.
INFO: [ view_template ] --START--
INFO: Run LocationTemplate Behavior [ RunTime:-0.029843s ]
INFO: [ view_template ] --END-- [ RunTime:0.002388s ]
INFO: [ view_parse ] --START--
INFO: Run ParseTemplate Behavior [ RunTime:-0.032315s ]
INFO: [ view_parse ] --END-- [ RunTime:0.024444s ]
INFO: [ view_filter ] --START--
INFO: Run ContentReplace Behavior [ RunTime:-0.056830s ]
INFO: Run TokenBuild Behavior [ RunTime:-0.058307s ]
INFO: Run WriteHtmlCache Behavior [ RunTime:-0.060026s ]
INFO: Run ShowRuntime Behavior [ RunTime:-0.061297s ]
INFO: [ view_filter ] --END-- [ RunTime:0.006123s ]
INFO: [ view_end ] --START--
INFO: Run ShowPageTrace Behavior [ RunTime:-0.063055s ]
INFO: [ view_end ] --END-- [ RunTime:0.001670s ]

[ 2015-10-12T04:37:42+08:00 ] 220.181.108.97 /
INFO: [ app_begin ] --START--
INFO: Run ReadHtmlCache Behavior [ RunTime:0.001561s ]
INFO: [ app_begin ] --END-- [ RunTime:0.001720s ]
SQL: SHOW COLUMNS FROM `wy_links` [ RunTime:0.004477s ]
SQL: SELECT * FROM `wy_links` WHERE ( `status` = 1 )  [ RunTime:0.000204s ]
NOTIC: [2] Cannot use a scalar value as an array D:\www\qmyx.wuyelaile.com\weiwincms\_Core\Lib\Core\View.class.php ç¬¬ 69 è¡Œ.
INFO: [ view_template ] --START--
INFO: Run LocationTemplate Behavior [ RunTime:-0.027188s ]
INFO: [ view_template ] --END-- [ RunTime:0.001667s ]
INFO: [ view_parse ] --START--
INFO: Run ParseTemplate Behavior [ RunTime:-0.028939s ]
INFO: [ view_parse ] --END-- [ RunTime:0.014734s ]
INFO: [ view_filter ] --START--
INFO: Run ContentReplace Behavior [ RunTime:-0.043748s ]
INFO: Run TokenBuild Behavior [ RunTime:-0.044992s ]
INFO: Run WriteHtmlCache Behavior [ RunTime:-0.046236s ]
INFO: Run ShowRuntime Behavior [ RunTime:-0.047510s ]
INFO: [ view_filter ] --END-- [ RunTime:0.005506s ]
INFO: [ view_end ] --START--
INFO: Run ShowPageTrace Behavior [ RunTime:-0.049356s ]
INFO: [ view_end ] --END-- [ RunTime:0.001774s ]

[ 2015-10-12T04:39:26+08:00 ] 123.125.71.58 /
INFO: [ app_begin ] --START--
INFO: Run ReadHtmlCache Behavior [ RunTime:0.001519s ]
INFO: [ app_begin ] --END-- [ RunTime:0.001665s ]
SQL: SHOW COLUMNS FROM `wy_links` [ RunTime:0.004530s ]
SQL: SELECT * FROM `wy_links` WHERE ( `status` = 1 )  [ RunTime:0.000209s ]
NOTIC: [2] Cannot use a scalar value as an array D:\www\qmyx.wuyelaile.com\weiwincms\_Core\Lib\Core\View.class.php ç¬¬ 69 è¡Œ.
INFO: [ view_template ] --START--
INFO: Run LocationTemplate Behavior [ RunTime:-0.027189s ]
INFO: [ view_template ] --END-- [ RunTime:0.001893s ]
INFO: [ view_parse ] --START--
INFO: Run ParseTemplate Behavior [ RunTime:-0.029165s ]
INFO: [ view_parse ] --END-- [ RunTime:0.016016s ]
INFO: [ view_filter ] --START--
INFO: Run ContentReplace Behavior [ RunTime:-0.045258s ]
INFO: Run TokenBuild Behavior [ RunTime:-0.046762s ]
INFO: Run WriteHtmlCache Behavior [ RunTime:-0.048106s ]
INFO: Run ShowRuntime Behavior [ RunTime:-0.049394s ]
INFO: [ view_filter ] --END-- [ RunTime:0.005806s ]
INFO: [ view_end ] --START--
INFO: Run ShowPageTrace Behavior [ RunTime:-0.051164s ]
INFO: [ view_end ] --END-- [ RunTime:0.001778s ]

[ 2015-10-12T04:42:10+08:00 ] 123.125.71.52 /
INFO: [ app_begin ] --START--
INFO: Run ReadHtmlCache Behavior [ RunTime:0.001571s ]
INFO: [ app_begin ] --END-- [ RunTime:0.001731s ]
SQL: SHOW COLUMNS FROM `wy_links` [ RunTime:0.005529s ]
SQL: SELECT * FROM `wy_links` WHERE ( `status` = 1 )  [ RunTime:0.000232s ]
NOTIC: [2] Cannot use a scalar value as an array D:\www\qmyx.wuyelaile.com\weiwincms\_Core\Lib\Core\View.class.php ç¬¬ 69 è¡Œ.
INFO: [ view_template ] --START--
INFO: Run LocationTemplate Behavior [ RunTime:-0.030637s ]
INFO: [ view_template ] --END-- [ RunTime:0.002312s ]
INFO: [ view_parse ] --START--
INFO: Run ParseTemplate Behavior [ RunTime:-0.033037s ]
INFO: [ view_parse ] --END-- [ RunTime:0.018077s ]
INFO: [ view_filter ] --START--
INFO: Run ContentReplace Behavior [ RunTime:-0.051296s ]
INFO: Run TokenBuild Behavior [ RunTime:-0.053899s ]
INFO: Run WriteHtmlCache Behavior [ RunTime:-0.056249s ]
INFO: Run ShowRuntime Behavior [ RunTime:-0.058465s ]
INFO: [ view_filter ] --END-- [ RunTime:0.009105s ]
INFO: [ view_end ] --START--
INFO: Run ShowPageTrace Behavior [ RunTime:-0.060498s ]
INFO: [ view_end ] --END-- [ RunTime:0.001731s ]

[ 2015-10-12T06:00:59+08:00 ] 220.181.108.181 /
INFO: [ app_begin ] --START--
INFO: Run ReadHtmlCache Behavior [ RunTime:0.001555s ]
INFO: [ app_begin ] --END-- [ RunTime:0.001714s ]
SQL: SHOW COLUMNS FROM `wy_links` [ RunTime:0.031716s ]
SQL: SELECT * FROM `wy_links` WHERE ( `status` = 1 )  [ RunTime:0.000208s ]
NOTIC: [2] Cannot use a scalar value as an array D:\www\qmyx.wuyelaile.com\weiwincms\_Core\Lib\Core\View.class.php ç¬¬ 69 è¡Œ.
INFO: [ view_template ] --START--
INFO: Run LocationTemplate Behavior [ RunTime:-0.057764s ]
INFO: [ view_template ] --END-- [ RunTime:0.002519s ]
INFO: [ view_parse ] --START--
INFO: Run ParseTemplate Behavior [ RunTime:-0.060342s ]
INFO: [ view_parse ] --END-- [ RunTime:0.024627s ]
INFO: [ view_filter ] --START--
INFO: Run ContentReplace Behavior [ RunTime:-0.085049s ]
INFO: Run TokenBuild Behavior [ RunTime:-0.086579s ]
INFO: Run WriteHtmlCache Behavior [ RunTime:-0.088321s ]
INFO: Run ShowRuntime Behavior [ RunTime:-0.089606s ]
INFO: [ view_filter ] --END-- [ RunTime:0.006111s ]
INFO: [ view_end ] --START--
INFO: Run ShowPageTrace Behavior [ RunTime:-0.091271s ]
INFO: [ view_end ] --END-- [ RunTime:0.001675s ]

[ 2015-10-12T06:00:59+08:00 ] 220.181.108.185 /
INFO: [ app_begin ] --START--
INFO: Run ReadHtmlCache Behavior [ RunTime:0.001682s ]
INFO: [ app_begin ] --END-- [ RunTime:0.001839s ]
SQL: SHOW COLUMNS FROM `wy_links` [ RunTime:0.007158s ]
SQL: SELECT * FROM `wy_links` WHERE ( `status` = 1 )  [ RunTime:0.000208s ]
NOTIC: [2] Cannot use a scalar value as an array D:\www\qmyx.wuyelaile.com\weiwincms\_Core\Lib\Core\View.class.php ç¬¬ 69 è¡Œ.
INFO: [ view_template ] --START--
INFO: Run LocationTemplate Behavior [ RunTime:-0.042032s ]
INFO: [ view_template ] --END-- [ RunTime:0.002442s ]
INFO: [ view_parse ] --START--
INFO: Run ParseTemplate Behavior [ RunTime:-0.044559s ]
INFO: [ view_parse ] --END-- [ RunTime:0.016835s ]
INFO: [ view_filter ] --START--
INFO: Run ContentReplace Behavior [ RunTime:-0.061478s ]
INFO: Run TokenBuild Behavior [ RunTime:-0.062891s ]
INFO: Run WriteHtmlCache Behavior [ RunTime:-0.064904s ]
INFO: Run ShowRuntime Behavior [ RunTime:-0.066894s ]
INFO: [ view_filter ] --END-- [ RunTime:0.007788s ]
INFO: [ view_end ] --START--
INFO: Run ShowPageTrace Behavior [ RunTime:-0.069449s ]
INFO: [ view_end ] --END-- [ RunTime:0.002423s ]

[ 2015-10-12T06:01:00+08:00 ] 123.125.71.72 /
INFO: [ app_begin ] --START--
INFO: Run ReadHtmlCache Behavior [ RunTime:0.001581s ]
INFO: [ app_begin ] --END-- [ RunTime:0.001761s ]
SQL: SHOW COLUMNS FROM `wy_links` [ RunTime:0.004379s ]
SQL: SELECT * FROM `wy_links` WHERE ( `status` = 1 )  [ RunTime:0.000195s ]
NOTIC: [2] Cannot use a scalar value as an array D:\www\qmyx.wuyelaile.com\weiwincms\_Core\Lib\Core\View.class.php ç¬¬ 69 è¡Œ.
INFO: [ view_template ] --START--
INFO: Run LocationTemplate Behavior [ RunTime:-0.026022s ]
INFO: [ view_template ] --END-- [ RunTime:0.003201s ]
INFO: [ view_parse ] --START--
INFO: Run ParseTemplate Behavior [ RunTime:-0.029171s ]
INFO: [ view_parse ] --END-- [ RunTime:0.015775s ]
INFO: [ view_filter ] --START--
INFO: Run ContentReplace Behavior [ RunTime:-0.045018s ]
INFO: Run TokenBuild Behavior [ RunTime:-0.046528s ]
INFO: Run WriteHtmlCache Behavior [ RunTime:-0.048093s ]
INFO: Run ShowRuntime Behavior [ RunTime:-0.049432s ]
INFO: [ view_filter ] --END-- [ RunTime:0.006062s ]
INFO: [ view_end ] --START--
INFO: Run ShowPageTrace Behavior [ RunTime:-0.051209s ]
INFO: [ view_end ] --END-- [ RunTime:0.001814s ]

[ 2015-10-12T06:01:00+08:00 ] 123.125.71.89 /
INFO: [ app_begin ] --START--
INFO: Run ReadHtmlCache Behavior [ RunTime:0.001498s ]
INFO: [ app_begin ] --END-- [ RunTime:0.001646s ]
SQL: SHOW COLUMNS FROM `wy_links` [ RunTime:0.006592s ]
SQL: SELECT * FROM `wy_links` WHERE ( `status` = 1 )  [ RunTime:0.000273s ]
NOTIC: [2] Cannot use a scalar value as an array D:\www\qmyx.wuyelaile.com\weiwincms\_Core\Lib\Core\View.class.php ç¬¬ 69 è¡Œ.
INFO: [ view_template ] --START--
INFO: Run LocationTemplate Behavior [ RunTime:-0.028316s ]
INFO: [ view_template ] --END-- [ RunTime:0.002262s ]
INFO: [ view_parse ] --START--
INFO: Run ParseTemplate Behavior [ RunTime:-0.030673s ]
INFO: [ view_parse ] --END-- [ RunTime:0.016190s ]
INFO: [ view_filter ] --START--
INFO: Run ContentReplace Behavior [ RunTime:-0.046926s ]
INFO: Run TokenBuild Behavior [ RunTime:-0.048349s ]
INFO: Run WriteHtmlCache Behavior [ RunTime:-0.049797s ]
INFO: Run ShowRuntime Behavior [ RunTime:-0.051081s ]
INFO: [ view_filter ] --END-- [ RunTime:0.005689s ]
INFO: [ view_end ] --START--
INFO: Run ShowPageTrace Behavior [ RunTime:-0.052720s ]
INFO: [ view_end ] --END-- [ RunTime:0.001663s ]

[ 2015-10-12T06:23:11+08:00 ] 121.42.0.38 /
INFO: [ app_begin ] --START--
INFO: Run ReadHtmlCache Behavior [ RunTime:0.001155s ]
INFO: [ app_begin ] --END-- [ RunTime:0.001387s ]
SQL: SHOW COLUMNS FROM `wy_links` [ RunTime:0.004844s ]
SQL: SELECT * FROM `wy_links` WHERE ( `status` = 1 )  [ RunTime:0.000268s ]
NOTIC: [2] Cannot use a scalar value as an array D:\www\qmyx.wuyelaile.com\weiwincms\_Core\Lib\Core\View.class.php ç¬¬ 69 è¡Œ.
INFO: [ view_template ] --START--
INFO: Run LocationTemplate Behavior [ RunTime:-0.030596s ]
INFO: [ view_template ] --END-- [ RunTime:0.001644s ]
INFO: [ view_parse ] --START--
INFO: Run ParseTemplate Behavior [ RunTime:-0.032387s ]
INFO: [ view_parse ] --END-- [ RunTime:0.024197s ]
INFO: [ view_filter ] --START--
INFO: Run ContentReplace Behavior [ RunTime:-0.056763s ]
INFO: Run TokenBuild Behavior [ RunTime:-0.057948s ]
INFO: Run WriteHtmlCache Behavior [ RunTime:-0.059309s ]
INFO: Run ShowRuntime Behavior [ RunTime:-0.060212s ]
INFO: [ view_filter ] --END-- [ RunTime:0.004627s ]
INFO: [ view_end ] --START--
INFO: Run ShowPageTrace Behavior [ RunTime:-0.061440s ]
INFO: [ view_end ] --END-- [ RunTime:0.001263s ]

[ 2015-10-12T06:23:11+08:00 ] 121.42.0.38 /
NOTIC: [32] PHP Startup: Unable to load dynamic library 'D:\WebServer\php-5.2.5 (x64)\ext\php_fileinfo.dll' - ÕÒ²»µ½Ö¸¶¨µÄÄ£¿é¡£
 Unknown ç¬¬ 0 è¡Œ.

[ 2015-10-12T06:45:44+08:00 ] 123.125.71.83 /
INFO: [ app_begin ] --START--
INFO: Run ReadHtmlCache Behavior [ RunTime:0.001076s ]
INFO: [ app_begin ] --END-- [ RunTime:0.001234s ]
SQL: SHOW COLUMNS FROM `wy_links` [ RunTime:0.007346s ]
SQL: SELECT * FROM `wy_links` WHERE ( `status` = 1 )  [ RunTime:0.000304s ]
NOTIC: [2] Cannot use a scalar value as an array D:\www\qmyx.wuyelaile.com\weiwincms\_Core\Lib\Core\View.class.php ç¬¬ 69 è¡Œ.
INFO: [ view_template ] --START--
INFO: Run LocationTemplate Behavior [ RunTime:-0.029592s ]
INFO: [ view_template ] --END-- [ RunTime:0.001811s ]
INFO: [ view_parse ] --START--
INFO: Run ParseTemplate Behavior [ RunTime:-0.031484s ]
INFO: [ view_parse ] --END-- [ RunTime:0.022571s ]
INFO: [ view_filter ] --START--
INFO: Run ContentReplace Behavior [ RunTime:-0.054129s ]
INFO: Run TokenBuild Behavior [ RunTime:-0.055845s ]
INFO: Run WriteHtmlCache Behavior [ RunTime:-0.057579s ]
INFO: Run ShowRuntime Behavior [ RunTime:-0.058933s ]
INFO: [ view_filter ] --END-- [ RunTime:0.006537s ]
INFO: [ view_end ] --START--
INFO: Run ShowPageTrace Behavior [ RunTime:-0.060771s ]
INFO: [ view_end ] --END-- [ RunTime:0.001681s ]

[ 2015-10-12T06:46:26+08:00 ] 220.181.108.116 /
INFO: [ app_begin ] --START--
INFO: Run ReadHtmlCache Behavior [ RunTime:0.000626s ]
INFO: [ app_begin ] --END-- [ RunTime:0.000763s ]
SQL: SHOW COLUMNS FROM `wy_links` [ RunTime:0.004517s ]
SQL: SELECT * FROM `wy_links` WHERE ( `status` = 1 )  [ RunTime:0.000259s ]
NOTIC: [2] Cannot use a scalar value as an array D:\www\qmyx.wuyelaile.com\weiwincms\_Core\Lib\Core\View.class.php ç¬¬ 69 è¡Œ.
INFO: [ view_template ] --START--
INFO: Run LocationTemplate Behavior [ RunTime:-0.021137s ]
INFO: [ view_template ] --END-- [ RunTime:0.001242s ]
INFO: [ view_parse ] --START--
INFO: Run ParseTemplate Behavior [ RunTime:-0.022456s ]
INFO: [ view_parse ] --END-- [ RunTime:0.016638s ]
INFO: [ view_filter ] --START--
INFO: Run ContentReplace Behavior [ RunTime:-0.039178s ]
INFO: Run TokenBuild Behavior [ RunTime:-0.040709s ]
INFO: Run WriteHtmlCache Behavior [ RunTime:-0.042187s ]
INFO: Run ShowRuntime Behavior [ RunTime:-0.043447s ]
INFO: [ view_filter ] --END-- [ RunTime:0.005875s ]
INFO: [ view_end ] --START--
INFO: Run ShowPageTrace Behavior [ RunTime:-0.045167s ]
INFO: [ view_end ] --END-- [ RunTime:0.001743s ]

[ 2015-10-12T06:47:59+08:00 ] 123.125.71.89 /
INFO: [ app_begin ] --START--
INFO: Run ReadHtmlCache Behavior [ RunTime:0.001092s ]
INFO: [ app_begin ] --END-- [ RunTime:0.001237s ]
SQL: SHOW COLUMNS FROM `wy_links` [ RunTime:0.004294s ]
SQL: SELECT * FROM `wy_links` WHERE ( `status` = 1 )  [ RunTime:0.000218s ]
NOTIC: [2] Cannot use a scalar value as an array D:\www\qmyx.wuyelaile.com\weiwincms\_Core\Lib\Core\View.class.php ç¬¬ 69 è¡Œ.
INFO: [ view_template ] --START--
INFO: Run LocationTemplate Behavior [ RunTime:-0.022834s ]
INFO: [ view_template ] --END-- [ RunTime:0.001579s ]
INFO: [ view_parse ] --START--
INFO: Run ParseTemplate Behavior [ RunTime:-0.024503s ]
INFO: [ view_parse ] --END-- [ RunTime:0.014377s ]
INFO: [ view_filter ] --START--
INFO: Run ContentReplace Behavior [ RunTime:-0.038944s ]
INFO: Run TokenBuild Behavior [ RunTime:-0.040459s ]
INFO: Run WriteHtmlCache Behavior [ RunTime:-0.041891s ]
INFO: Run ShowRuntime Behavior [ RunTime:-0.043202s ]
INFO: [ view_filter ] --END-- [ RunTime:0.005758s ]
INFO: [ view_end ] --START--
INFO: Run ShowPageTrace Behavior [ RunTime:-0.044799s ]
INFO: [ view_end ] --END-- [ RunTime:0.001730s ]

[ 2015-10-12T06:49:16+08:00 ] 220.181.108.81 /
INFO: [ app_begin ] --START--
INFO: Run ReadHtmlCache Behavior [ RunTime:0.000605s ]
INFO: [ app_begin ] --END-- [ RunTime:0.000735s ]
SQL: SHOW COLUMNS FROM `wy_links` [ RunTime:0.005283s ]
SQL: SELECT * FROM `wy_links` WHERE ( `status` = 1 )  [ RunTime:0.000225s ]
NOTIC: [2] Cannot use a scalar value as an array D:\www\qmyx.wuyelaile.com\weiwincms\_Core\Lib\Core\View.class.php ç¬¬ 69 è¡Œ.
INFO: [ view_template ] --START--
INFO: Run LocationTemplate Behavior [ RunTime:-0.020030s ]
INFO: [ view_template ] --END-- [ RunTime:0.000726s ]
INFO: [ view_parse ] --START--
INFO: Run ParseTemplate Behavior [ RunTime:-0.020839s ]
INFO: [ view_parse ] --END-- [ RunTime:0.013117s ]
INFO: [ view_filter ] --START--
INFO: Run ContentReplace Behavior [ RunTime:-0.034056s ]
INFO: Run TokenBuild Behavior [ RunTime:-0.035630s ]
INFO: Run WriteHtmlCache Behavior [ RunTime:-0.037168s ]
INFO: Run ShowRuntime Behavior [ RunTime:-0.038503s ]
INFO: [ view_filter ] --END-- [ RunTime:0.005993s ]
INFO: [ view_end ] --START--
INFO: Run ShowPageTrace Behavior [ RunTime:-0.040153s ]
INFO: [ view_end ] --END-- [ RunTime:0.001929s ]

