[ 2015-10-30T04:37:56+08:00 ] 183.136.190.62 /
INFO: [ app_begin ] --START--
INFO: Run ReadHtmlCache Behavior [ RunTime:0.004384s ]
INFO: [ app_begin ] --END-- [ RunTime:0.006035s ]
SQL: SHOW COLUMNS FROM `wy_links` [ RunTime:0.298240s ]
SQL: SELECT * FROM `wy_links` WHERE ( `status` = 1 )  [ RunTime:0.000496s ]
NOTIC: [2] Cannot use a scalar value as an array D:\www\qmyx.wuyelaile.com\weiwincms\_Core\Lib\Core\View.class.php ç¬¬ 69 è¡Œ.
INFO: [ view_template ] --START--
INFO: Run LocationTemplate Behavior [ RunTime:-0.376988s ]
INFO: [ view_template ] --END-- [ RunTime:0.027675s ]
INFO: [ view_parse ] --START--
INFO: Run ParseTemplate Behavior [ RunTime:-0.404779s ]
INFO: [ view_parse ] --END-- [ RunTime:0.086874s ]
INFO: [ view_filter ] --START--
INFO: Run ContentReplace Behavior [ RunTime:-0.491732s ]
INFO: Run TokenBuild Behavior [ RunTime:-0.494194s ]
INFO: Run WriteHtmlCache Behavior [ RunTime:-0.496267s ]
INFO: Run ShowRuntime Behavior [ RunTime:-0.498149s ]
INFO: [ view_filter ] --END-- [ RunTime:0.008639s ]
INFO: [ view_end ] --START--
INFO: Run ShowPageTrace Behavior [ RunTime:-0.500514s ]
INFO: [ view_end ] --END-- [ RunTime:0.002636s ]

[ 2015-10-30T04:37:56+08:00 ] 183.136.190.62 /
NOTIC: [32] PHP Startup: Unable to load dynamic library 'D:\WebServer\php-5.2.5 (x64)\ext\php_fileinfo.dll' - ÕÒ²»µ½Ö¸¶¨µÄÄ£¿é¡£
 Unknown ç¬¬ 0 è¡Œ.

[ 2015-10-30T05:01:05+08:00 ] 183.136.190.62 /
INFO: [ app_begin ] --START--
INFO: Run ReadHtmlCache Behavior [ RunTime:0.003141s ]
INFO: [ app_begin ] --END-- [ RunTime:0.003340s ]
SQL: SHOW COLUMNS FROM `wy_links` [ RunTime:0.144599s ]
SQL: SELECT * FROM `wy_links` WHERE ( `status` = 1 )  [ RunTime:0.000279s ]
NOTIC: [2] Cannot use a scalar value as an array D:\www\qmyx.wuyelaile.com\weiwincms\_Core\Lib\Core\View.class.php ç¬¬ 69 è¡Œ.
INFO: [ view_template ] --START--
INFO: Run LocationTemplate Behavior [ RunTime:-0.189687s ]
INFO: [ view_template ] --END-- [ RunTime:0.028935s ]
INFO: [ view_parse ] --START--
INFO: Run ParseTemplate Behavior [ RunTime:-0.218785s ]
INFO: [ view_parse ] --END-- [ RunTime:0.056333s ]
INFO: [ view_filter ] --START--
INFO: Run ContentReplace Behavior [ RunTime:-0.275208s ]
INFO: Run TokenBuild Behavior [ RunTime:-0.277281s ]
INFO: Run WriteHtmlCache Behavior [ RunTime:-0.279210s ]
INFO: Run ShowRuntime Behavior [ RunTime:-0.280704s ]
INFO: [ view_filter ] --END-- [ RunTime:0.007525s ]
INFO: [ view_end ] --START--
INFO: Run ShowPageTrace Behavior [ RunTime:-0.282816s ]
INFO: [ view_end ] --END-- [ RunTime:0.001879s ]

[ 2015-10-30T05:01:05+08:00 ] 183.136.190.62 /
NOTIC: [32] PHP Startup: Unable to load dynamic library 'D:\WebServer\php-5.2.5 (x64)\ext\php_fileinfo.dll' - ÕÒ²»µ½Ö¸¶¨µÄÄ£¿é¡£
 Unknown ç¬¬ 0 è¡Œ.

[ 2015-10-30T05:44:37+08:00 ] 183.136.190.62 /
INFO: [ app_begin ] --START--
INFO: Run ReadHtmlCache Behavior [ RunTime:0.018348s ]
INFO: [ app_begin ] --END-- [ RunTime:0.018596s ]
SQL: SHOW COLUMNS FROM `wy_links` [ RunTime:0.085896s ]
SQL: SELECT * FROM `wy_links` WHERE ( `status` = 1 )  [ RunTime:0.000334s ]
NOTIC: [2] Cannot use a scalar value as an array D:\www\qmyx.wuyelaile.com\weiwincms\_Core\Lib\Core\View.class.php ç¬¬ 69 è¡Œ.
INFO: [ view_template ] --START--
INFO: Run LocationTemplate Behavior [ RunTime:-0.133263s ]
INFO: [ view_template ] --END-- [ RunTime:0.025506s ]
INFO: [ view_parse ] --START--
INFO: Run ParseTemplate Behavior [ RunTime:-0.158862s ]
INFO: [ view_parse ] --END-- [ RunTime:0.089295s ]
INFO: [ view_filter ] --START--
INFO: Run ContentReplace Behavior [ RunTime:-0.248241s ]
INFO: Run TokenBuild Behavior [ RunTime:-0.250545s ]
INFO: Run WriteHtmlCache Behavior [ RunTime:-0.253423s ]
INFO: Run ShowRuntime Behavior [ RunTime:-0.256291s ]
INFO: [ view_filter ] --END-- [ RunTime:0.010181s ]
INFO: [ view_end ] --START--
INFO: Run ShowPageTrace Behavior [ RunTime:-0.258546s ]
INFO: [ view_end ] --END-- [ RunTime:0.002528s ]

[ 2015-10-30T05:44:37+08:00 ] 183.136.190.62 /
NOTIC: [32] PHP Startup: Unable to load dynamic library 'D:\WebServer\php-5.2.5 (x64)\ext\php_fileinfo.dll' - ÕÒ²»µ½Ö¸¶¨µÄÄ£¿é¡£
 Unknown ç¬¬ 0 è¡Œ.

