[ 2015-11-07T04:54:21+08:00 ] 183.136.190.62 /
INFO: [ app_begin ] --START--
INFO: Run ReadHtmlCache Behavior [ RunTime:0.001662s ]
INFO: [ app_begin ] --END-- [ RunTime:0.001846s ]
SQL: SHOW COLUMNS FROM `wy_links` [ RunTime:0.037531s ]
SQL: SELECT * FROM `wy_links` WHERE ( `status` = 1 )  [ RunTime:0.000310s ]
NOTIC: [2] Cannot use a scalar value as an array D:\www\qmyx.wuyelaile.com\weiwincms\_Core\Lib\Core\View.class.php 第 69 行.
INFO: [ view_template ] --START--
INFO: Run LocationTemplate Behavior [ RunTime:-0.072440s ]
INFO: [ view_template ] --END-- [ RunTime:0.002514s ]
INFO: [ view_parse ] --START--
INFO: Run ParseTemplate Behavior [ RunTime:-0.075059s ]
INFO: [ view_parse ] --END-- [ RunTime:0.027179s ]
INFO: [ view_filter ] --START--
INFO: Run ContentReplace Behavior [ RunTime:-0.102304s ]
INFO: Run TokenBuild Behavior [ RunTime:-0.104461s ]
INFO: Run WriteHtmlCache Behavior [ RunTime:-0.106183s ]
INFO: Run ShowRuntime Behavior [ RunTime:-0.107476s ]
INFO: [ view_filter ] --END-- [ RunTime:0.007433s ]
INFO: [ view_end ] --START--
INFO: Run ShowPageTrace Behavior [ RunTime:-0.109860s ]
INFO: [ view_end ] --END-- [ RunTime:0.001984s ]

[ 2015-11-07T08:32:55+08:00 ] 121.42.0.33 /
INFO: [ app_begin ] --START--
INFO: Run ReadHtmlCache Behavior [ RunTime:0.001822s ]
INFO: [ app_begin ] --END-- [ RunTime:0.001976s ]
SQL: SHOW COLUMNS FROM `wy_links` [ RunTime:0.037782s ]
SQL: SELECT * FROM `wy_links` WHERE ( `status` = 1 )  [ RunTime:0.000306s ]
NOTIC: [2] Cannot use a scalar value as an array D:\www\qmyx.wuyelaile.com\weiwincms\_Core\Lib\Core\View.class.php 第 69 行.
INFO: [ view_template ] --START--
INFO: Run LocationTemplate Behavior [ RunTime:-0.066788s ]
INFO: [ view_template ] --END-- [ RunTime:0.002419s ]
INFO: [ view_parse ] --START--
INFO: Run ParseTemplate Behavior [ RunTime:-0.069293s ]
INFO: [ view_parse ] --END-- [ RunTime:0.031341s ]
INFO: [ view_filter ] --START--
INFO: Run ContentReplace Behavior [ RunTime:-0.100716s ]
INFO: Run TokenBuild Behavior [ RunTime:-0.102147s ]
INFO: Run WriteHtmlCache Behavior [ RunTime:-0.104711s ]
INFO: Run ShowRuntime Behavior [ RunTime:-0.106677s ]
INFO: [ view_filter ] --END-- [ RunTime:0.007778s ]
INFO: [ view_end ] --START--
INFO: Run ShowPageTrace Behavior [ RunTime:-0.108606s ]
INFO: [ view_end ] --END-- [ RunTime:0.001907s ]

[ 2015-11-07T08:35:26+08:00 ] 220.181.108.109 /
INFO: [ app_begin ] --START--
INFO: Run ReadHtmlCache Behavior [ RunTime:0.001528s ]
INFO: [ app_begin ] --END-- [ RunTime:0.001666s ]
SQL: SHOW COLUMNS FROM `wy_links` [ RunTime:0.035689s ]
SQL: SELECT * FROM `wy_links` WHERE ( `status` = 1 )  [ RunTime:0.000266s ]
NOTIC: [2] Cannot use a scalar value as an array D:\www\qmyx.wuyelaile.com\weiwincms\_Core\Lib\Core\View.class.php 第 69 行.
INFO: [ view_template ] --START--
INFO: Run LocationTemplate Behavior [ RunTime:-0.061362s ]
INFO: [ view_template ] --END-- [ RunTime:0.002357s ]
INFO: [ view_parse ] --START--
INFO: Run ParseTemplate Behavior [ RunTime:-0.063800s ]
INFO: [ view_parse ] --END-- [ RunTime:0.018484s ]
INFO: [ view_filter ] --START--
INFO: Run ContentReplace Behavior [ RunTime:-0.082365s ]
INFO: Run TokenBuild Behavior [ RunTime:-0.083949s ]
INFO: Run WriteHtmlCache Behavior [ RunTime:-0.085534s ]
INFO: Run ShowRuntime Behavior [ RunTime:-0.086894s ]
INFO: [ view_filter ] --END-- [ RunTime:0.005990s ]
INFO: [ view_end ] --START--
INFO: Run ShowPageTrace Behavior [ RunTime:-0.088524s ]
INFO: [ view_end ] --END-- [ RunTime:0.001671s ]

