[ 2015-11-26T00:59:57+08:00 ] 123.125.71.74 /
INFO: [ app_begin ] --START--
INFO: Run ReadHtmlCache Behavior [ RunTime:0.003910s ]
INFO: [ app_begin ] --END-- [ RunTime:0.004136s ]
SQL: SHOW COLUMNS FROM `wy_links` [ RunTime:0.080524s ]
SQL: SELECT * FROM `wy_links` WHERE ( `status` = 1 )  [ RunTime:0.000476s ]
NOTIC: [2] Cannot use a scalar value as an array D:\www\qmyx.wuyelaile.com\weiwincms\_Core\Lib\Core\View.class.php ç¬¬ 69 è¡Œ.
INFO: [ view_template ] --START--
INFO: Run LocationTemplate Behavior [ RunTime:-0.194269s ]
INFO: [ view_template ] --END-- [ RunTime:0.029317s ]
INFO: [ view_parse ] --START--
INFO: Run ParseTemplate Behavior [ RunTime:-0.223690s ]
INFO: [ view_parse ] --END-- [ RunTime:0.079044s ]
INFO: [ view_filter ] --START--
INFO: Run ContentReplace Behavior [ RunTime:-0.302907s ]
INFO: Run TokenBuild Behavior [ RunTime:-0.305197s ]
INFO: Run WriteHtmlCache Behavior [ RunTime:-0.307405s ]
INFO: Run ShowRuntime Behavior [ RunTime:-0.309017s ]
INFO: [ view_filter ] --END-- [ RunTime:0.008473s ]
INFO: [ view_end ] --START--
INFO: Run ShowPageTrace Behavior [ RunTime:-0.311500s ]
INFO: [ view_end ] --END-- [ RunTime:0.002156s ]

[ 2015-11-26T00:59:57+08:00 ] 123.125.71.74 /
NOTIC: [32] PHP Startup: Unable to load dynamic library 'D:\WebServer\php-5.2.5 (x64)\ext\php_fileinfo.dll' - ÕÒ²»µ½Ö¸¶¨µÄÄ£¿é¡£
 Unknown ç¬¬ 0 è¡Œ.

[ 2015-11-26T03:45:06+08:00 ] 121.42.0.35 /
INFO: [ app_begin ] --START--
INFO: Run ReadHtmlCache Behavior [ RunTime:0.001572s ]
INFO: [ app_begin ] --END-- [ RunTime:0.001728s ]
SQL: SHOW COLUMNS FROM `wy_links` [ RunTime:0.006748s ]
SQL: SELECT * FROM `wy_links` WHERE ( `status` = 1 )  [ RunTime:0.000254s ]
NOTIC: [2] Cannot use a scalar value as an array D:\www\qmyx.wuyelaile.com\weiwincms\_Core\Lib\Core\View.class.php ç¬¬ 69 è¡Œ.
INFO: [ view_template ] --START--
INFO: Run LocationTemplate Behavior [ RunTime:-0.033820s ]
INFO: [ view_template ] --END-- [ RunTime:0.002413s ]
INFO: [ view_parse ] --START--
INFO: Run ParseTemplate Behavior [ RunTime:-0.036316s ]
INFO: [ view_parse ] --END-- [ RunTime:0.017941s ]
INFO: [ view_filter ] --START--
INFO: Run ContentReplace Behavior [ RunTime:-0.054395s ]
INFO: Run TokenBuild Behavior [ RunTime:-0.056103s ]
INFO: Run WriteHtmlCache Behavior [ RunTime:-0.057791s ]
INFO: Run ShowRuntime Behavior [ RunTime:-0.059360s ]
INFO: [ view_filter ] --END-- [ RunTime:0.006712s ]
INFO: [ view_end ] --START--
INFO: Run ShowPageTrace Behavior [ RunTime:-0.061216s ]
INFO: [ view_end ] --END-- [ RunTime:0.001918s ]

[ 2015-11-26T03:59:38+08:00 ] 183.136.190.62 /
INFO: [ app_begin ] --START--
INFO: Run ReadHtmlCache Behavior [ RunTime:0.004268s ]
INFO: [ app_begin ] --END-- [ RunTime:0.004831s ]
SQL: SHOW COLUMNS FROM `wy_links` [ RunTime:0.016294s ]
SQL: SELECT * FROM `wy_links` WHERE ( `status` = 1 )  [ RunTime:0.000257s ]
NOTIC: [2] Cannot use a scalar value as an array D:\www\qmyx.wuyelaile.com\weiwincms\_Core\Lib\Core\View.class.php ç¬¬ 69 è¡Œ.
INFO: [ view_template ] --START--
INFO: Run LocationTemplate Behavior [ RunTime:-0.062744s ]
INFO: [ view_template ] --END-- [ RunTime:0.097377s ]
INFO: [ view_parse ] --START--
INFO: Run ParseTemplate Behavior [ RunTime:-0.160242s ]
INFO: [ view_parse ] --END-- [ RunTime:0.065502s ]
INFO: [ view_filter ] --START--
INFO: Run ContentReplace Behavior [ RunTime:-0.225848s ]
INFO: Run TokenBuild Behavior [ RunTime:-0.228816s ]
INFO: Run WriteHtmlCache Behavior [ RunTime:-0.231161s ]
INFO: Run ShowRuntime Behavior [ RunTime:-0.233215s ]
INFO: [ view_filter ] --END-- [ RunTime:0.009827s ]
INFO: [ view_end ] --START--
INFO: Run ShowPageTrace Behavior [ RunTime:-0.235763s ]
INFO: [ view_end ] --END-- [ RunTime:0.002808s ]

[ 2015-11-26T11:23:48+08:00 ] 220.181.108.141 /
INFO: [ app_begin ] --START--
INFO: Run ReadHtmlCache Behavior [ RunTime:0.003193s ]
INFO: [ app_begin ] --END-- [ RunTime:0.003449s ]
SQL: SHOW COLUMNS FROM `wy_links` [ RunTime:0.437879s ]
SQL: SELECT * FROM `wy_links` WHERE ( `status` = 1 )  [ RunTime:0.000262s ]
NOTIC: [2] Cannot use a scalar value as an array D:\www\qmyx.wuyelaile.com\weiwincms\_Core\Lib\Core\View.class.php ç¬¬ 69 è¡Œ.
INFO: [ view_template ] --START--
INFO: Run LocationTemplate Behavior [ RunTime:-0.498521s ]
INFO: [ view_template ] --END-- [ RunTime:0.033862s ]
INFO: [ view_parse ] --START--
INFO: Run ParseTemplate Behavior [ RunTime:-0.532486s ]
INFO: [ view_parse ] --END-- [ RunTime:0.054033s ]
INFO: [ view_filter ] --START--
INFO: Run ContentReplace Behavior [ RunTime:-0.586683s ]
INFO: Run TokenBuild Behavior [ RunTime:-0.588686s ]
INFO: Run WriteHtmlCache Behavior [ RunTime:-0.590717s ]
INFO: Run ShowRuntime Behavior [ RunTime:-0.592413s ]
INFO: [ view_filter ] --END-- [ RunTime:0.007482s ]
INFO: [ view_end ] --START--
INFO: Run ShowPageTrace Behavior [ RunTime:-0.594268s ]
INFO: [ view_end ] --END-- [ RunTime:0.002628s ]

[ 2015-11-26T11:23:48+08:00 ] 220.181.108.141 /
NOTIC: [32] PHP Startup: Unable to load dynamic library 'D:\WebServer\php-5.2.5 (x64)\ext\php_fileinfo.dll' - ÕÒ²»µ½Ö¸¶¨µÄÄ£¿é¡£
 Unknown ç¬¬ 0 è¡Œ.

