[ 2015-10-03T03:53:23+08:00 ] 183.136.190.62 /
INFO: [ app_begin ] --START--
INFO: Run ReadHtmlCache Behavior [ RunTime:0.001511s ]
INFO: [ app_begin ] --END-- [ RunTime:0.001674s ]
SQL: SHOW COLUMNS FROM `wy_links` [ RunTime:0.017630s ]
SQL: SELECT * FROM `wy_links` WHERE ( `status` = 1 )  [ RunTime:0.000469s ]
NOTIC: [2] Cannot use a scalar value as an array D:\www\qmyx.wuyelaile.com\weiwincms\_Core\Lib\Core\View.class.php Á¨¨ 69 Ë°å.
INFO: [ view_template ] --START--
INFO: Run LocationTemplate Behavior [ RunTime:-0.046424s ]
INFO: [ view_template ] --END-- [ RunTime:0.002149s ]
INFO: [ view_parse ] --START--
INFO: Run ParseTemplate Behavior [ RunTime:-0.048658s ]
INFO: [ view_parse ] --END-- [ RunTime:0.031075s ]
INFO: [ view_filter ] --START--
INFO: Run ContentReplace Behavior [ RunTime:-0.079817s ]
INFO: Run TokenBuild Behavior [ RunTime:-0.081389s ]
INFO: Run WriteHtmlCache Behavior [ RunTime:-0.083188s ]
INFO: Run ShowRuntime Behavior [ RunTime:-0.084482s ]
INFO: [ view_filter ] --END-- [ RunTime:0.010048s ]
INFO: [ view_end ] --START--
INFO: Run ShowPageTrace Behavior [ RunTime:-0.090108s ]
INFO: [ view_end ] --END-- [ RunTime:0.002813s ]

[ 2015-10-03T06:24:40+08:00 ] 121.42.0.17 /
INFO: [ app_begin ] --START--
INFO: Run ReadHtmlCache Behavior [ RunTime:0.001249s ]
INFO: [ app_begin ] --END-- [ RunTime:0.001432s ]
SQL: SHOW COLUMNS FROM `wy_links` [ RunTime:0.035937s ]
SQL: SELECT * FROM `wy_links` WHERE ( `status` = 1 )  [ RunTime:0.000220s ]
NOTIC: [2] Cannot use a scalar value as an array D:\www\qmyx.wuyelaile.com\weiwincms\_Core\Lib\Core\View.class.php Á¨¨ 69 Ë°å.
INFO: [ view_template ] --START--
INFO: Run LocationTemplate Behavior [ RunTime:-0.065750s ]
INFO: [ view_template ] --END-- [ RunTime:0.001879s ]
INFO: [ view_parse ] --START--
INFO: Run ParseTemplate Behavior [ RunTime:-0.067722s ]
INFO: [ view_parse ] --END-- [ RunTime:0.027277s ]
INFO: [ view_filter ] --START--
INFO: Run ContentReplace Behavior [ RunTime:-0.095097s ]
INFO: Run TokenBuild Behavior [ RunTime:-0.096192s ]
INFO: Run WriteHtmlCache Behavior [ RunTime:-0.097446s ]
INFO: Run ShowRuntime Behavior [ RunTime:-0.098290s ]
INFO: [ view_filter ] --END-- [ RunTime:0.004318s ]
INFO: [ view_end ] --START--
INFO: Run ShowPageTrace Behavior [ RunTime:-0.099589s ]
INFO: [ view_end ] --END-- [ RunTime:0.001257s ]

[ 2015-10-03T06:24:40+08:00 ] 121.42.0.17 /
NOTIC: [32] PHP Startup: Unable to load dynamic library 'D:\WebServer\php-5.2.5 (x64)\ext\php_fileinfo.dll' - ’“≤ªµΩ÷∏∂®µƒƒ£øÈ°£
 Unknown Á¨¨ 0 Ë°å.

[ 2015-10-03T08:40:40+08:00 ] 220.181.108.119 /
INFO: [ app_begin ] --START--
INFO: Run ReadHtmlCache Behavior [ RunTime:0.001140s ]
INFO: [ app_begin ] --END-- [ RunTime:0.001289s ]
SQL: SHOW COLUMNS FROM `wy_links` [ RunTime:0.026842s ]
SQL: SELECT * FROM `wy_links` WHERE ( `status` = 1 )  [ RunTime:0.000317s ]
NOTIC: [2] Cannot use a scalar value as an array D:\www\qmyx.wuyelaile.com\weiwincms\_Core\Lib\Core\View.class.php Á¨¨ 69 Ë°å.
INFO: [ view_template ] --START--
INFO: Run LocationTemplate Behavior [ RunTime:-0.048642s ]
INFO: [ view_template ] --END-- [ RunTime:0.002324s ]
INFO: [ view_parse ] --START--
INFO: Run ParseTemplate Behavior [ RunTime:-0.051047s ]
INFO: [ view_parse ] --END-- [ RunTime:0.026230s ]
INFO: [ view_filter ] --START--
INFO: Run ContentReplace Behavior [ RunTime:-0.077379s ]
INFO: Run TokenBuild Behavior [ RunTime:-0.079047s ]
INFO: Run WriteHtmlCache Behavior [ RunTime:-0.080828s ]
INFO: Run ShowRuntime Behavior [ RunTime:-0.082243s ]
INFO: [ view_filter ] --END-- [ RunTime:0.006446s ]
INFO: [ view_end ] --START--
INFO: Run ShowPageTrace Behavior [ RunTime:-0.083936s ]
INFO: [ view_end ] --END-- [ RunTime:0.002171s ]

[ 2015-10-03T11:12:50+08:00 ] ERR: (ThinkException) Êó†Ê≥ïÂä†ËΩΩÊ®°Âùó:agent
