[ 2015-10-16T06:24:45+08:00 ] 121.42.0.19 /
INFO: [ app_begin ] --START--
INFO: Run ReadHtmlCache Behavior [ RunTime:0.002797s ]
INFO: [ app_begin ] --END-- [ RunTime:0.003104s ]
SQL: SHOW COLUMNS FROM `wy_links` [ RunTime:0.019219s ]
SQL: SELECT * FROM `wy_links` WHERE ( `status` = 1 )  [ RunTime:0.000332s ]
NOTIC: [2] Cannot use a scalar value as an array D:\www\qmyx.wuyelaile.com\weiwincms\_Core\Lib\Core\View.class.php ç¬¬ 69 è¡Œ.
INFO: [ view_template ] --START--
INFO: Run LocationTemplate Behavior [ RunTime:-0.085939s ]
INFO: [ view_template ] --END-- [ RunTime:0.002701s ]
INFO: [ view_parse ] --START--
INFO: Run ParseTemplate Behavior [ RunTime:-0.088725s ]
INFO: [ view_parse ] --END-- [ RunTime:0.049836s ]
INFO: [ view_filter ] --START--
INFO: Run ContentReplace Behavior [ RunTime:-0.138663s ]
INFO: Run TokenBuild Behavior [ RunTime:-0.141238s ]
INFO: Run WriteHtmlCache Behavior [ RunTime:-0.143786s ]
INFO: Run ShowRuntime Behavior [ RunTime:-0.145674s ]
INFO: [ view_filter ] --END-- [ RunTime:0.009153s ]
INFO: [ view_end ] --START--
INFO: Run ShowPageTrace Behavior [ RunTime:-0.147921s ]
INFO: [ view_end ] --END-- [ RunTime:0.002163s ]

[ 2015-10-16T06:24:45+08:00 ] 121.42.0.19 /
NOTIC: [32] PHP Startup: Unable to load dynamic library 'D:\WebServer\php-5.2.5 (x64)\ext\php_fileinfo.dll' - ÕÒ²»µ½Ö¸¶¨µÄÄ£¿é¡£
 Unknown ç¬¬ 0 è¡Œ.

