[ 2015-10-20T06:24:35+08:00 ] 121.42.0.39 /
INFO: [ app_begin ] --START--
INFO: Run ReadHtmlCache Behavior [ RunTime:0.003658s ]
INFO: [ app_begin ] --END-- [ RunTime:0.003957s ]
SQL: SHOW COLUMNS FROM `wy_links` [ RunTime:0.114755s ]
SQL: SELECT * FROM `wy_links` WHERE ( `status` = 1 )  [ RunTime:0.000581s ]
NOTIC: [2] Cannot use a scalar value as an array D:\www\qmyx.wuyelaile.com\weiwincms\_Core\Lib\Core\View.class.php 第 69 行.
INFO: [ view_template ] --START--
INFO: Run LocationTemplate Behavior [ RunTime:-0.281741s ]
INFO: [ view_template ] --END-- [ RunTime:0.046438s ]
INFO: [ view_parse ] --START--
INFO: Run ParseTemplate Behavior [ RunTime:-0.328410s ]
INFO: [ view_parse ] --END-- [ RunTime:0.235513s ]
INFO: [ view_filter ] --START--
INFO: Run ContentReplace Behavior [ RunTime:-0.563986s ]
INFO: Run TokenBuild Behavior [ RunTime:-0.573280s ]
INFO: Run WriteHtmlCache Behavior [ RunTime:-0.576369s ]
INFO: Run ShowRuntime Behavior [ RunTime:-0.578864s ]
INFO: [ view_filter ] --END-- [ RunTime:0.017763s ]
INFO: [ view_end ] --START--
INFO: Run ShowPageTrace Behavior [ RunTime:-0.581921s ]
INFO: [ view_end ] --END-- [ RunTime:0.003466s ]

[ 2015-10-20T15:08:15+08:00 ] ERR: (ThinkException) 无法加载模块:agent
