[ 2015-11-14T09:54:42+08:00 ] 220.181.108.119 /
INFO: [ app_begin ] --START--
INFO: Run ReadHtmlCache Behavior [ RunTime:0.004621s ]
INFO: [ app_begin ] --END-- [ RunTime:0.004809s ]
SQL: SHOW COLUMNS FROM `wy_links` [ RunTime:0.140982s ]
SQL: SELECT * FROM `wy_links` WHERE ( `status` = 1 )  [ RunTime:0.000454s ]
NOTIC: [2] Cannot use a scalar value as an array D:\www\qmyx.wuyelaile.com\weiwincms\_Core\Lib\Core\View.class.php ç¬¬ 69 è¡Œ.
INFO: [ view_template ] --START--
INFO: Run LocationTemplate Behavior [ RunTime:-0.238744s ]
INFO: [ view_template ] --END-- [ RunTime:0.039944s ]
INFO: [ view_parse ] --START--
INFO: Run ParseTemplate Behavior [ RunTime:-0.278778s ]
INFO: [ view_parse ] --END-- [ RunTime:0.140990s ]
INFO: [ view_filter ] --START--
INFO: Run ContentReplace Behavior [ RunTime:-0.419953s ]
INFO: Run TokenBuild Behavior [ RunTime:-0.422833s ]
INFO: Run WriteHtmlCache Behavior [ RunTime:-0.425827s ]
INFO: Run ShowRuntime Behavior [ RunTime:-0.428114s ]
INFO: [ view_filter ] --END-- [ RunTime:0.010685s ]
INFO: [ view_end ] --START--
INFO: Run ShowPageTrace Behavior [ RunTime:-0.430709s ]
INFO: [ view_end ] --END-- [ RunTime:0.002180s ]

[ 2015-11-14T09:54:42+08:00 ] 220.181.108.119 /
NOTIC: [32] PHP Startup: Unable to load dynamic library 'D:\WebServer\php-5.2.5 (x64)\ext\php_fileinfo.dll' - ÕÒ²»µ½Ö¸¶¨µÄÄ£¿é¡£
 Unknown ç¬¬ 0 è¡Œ.

[ 2015-11-14T11:02:45+08:00 ] 121.42.0.35 /
INFO: [ app_begin ] --START--
INFO: Run ReadHtmlCache Behavior [ RunTime:0.001168s ]
INFO: [ app_begin ] --END-- [ RunTime:0.001349s ]
SQL: SHOW COLUMNS FROM `wy_links` [ RunTime:0.034941s ]
SQL: SELECT * FROM `wy_links` WHERE ( `status` = 1 )  [ RunTime:0.000219s ]
NOTIC: [2] Cannot use a scalar value as an array D:\www\qmyx.wuyelaile.com\weiwincms\_Core\Lib\Core\View.class.php ç¬¬ 69 è¡Œ.
INFO: [ view_template ] --START--
INFO: Run LocationTemplate Behavior [ RunTime:-0.063481s ]
INFO: [ view_template ] --END-- [ RunTime:0.001761s ]
INFO: [ view_parse ] --START--
INFO: Run ParseTemplate Behavior [ RunTime:-0.065309s ]
INFO: [ view_parse ] --END-- [ RunTime:0.030133s ]
INFO: [ view_filter ] --START--
INFO: Run ContentReplace Behavior [ RunTime:-0.095567s ]
INFO: Run TokenBuild Behavior [ RunTime:-0.097393s ]
INFO: Run WriteHtmlCache Behavior [ RunTime:-0.098832s ]
INFO: Run ShowRuntime Behavior [ RunTime:-0.099699s ]
INFO: [ view_filter ] --END-- [ RunTime:0.005525s ]
INFO: [ view_end ] --START--
INFO: Run ShowPageTrace Behavior [ RunTime:-0.101272s ]
INFO: [ view_end ] --END-- [ RunTime:0.001900s ]

[ 2015-11-14T11:02:45+08:00 ] 121.42.0.35 /
NOTIC: [32] PHP Startup: Unable to load dynamic library 'D:\WebServer\php-5.2.5 (x64)\ext\php_fileinfo.dll' - ÕÒ²»µ½Ö¸¶¨µÄÄ£¿é¡£
 Unknown ç¬¬ 0 è¡Œ.

[ 2015-11-14T20:00:39+08:00 ] 123.125.71.84 /
INFO: [ app_begin ] --START--
INFO: Run ReadHtmlCache Behavior [ RunTime:0.001147s ]
INFO: [ app_begin ] --END-- [ RunTime:0.001344s ]
SQL: SHOW COLUMNS FROM `wy_links` [ RunTime:0.006987s ]
SQL: SELECT * FROM `wy_links` WHERE ( `status` = 1 )  [ RunTime:0.000435s ]
NOTIC: [2] Cannot use a scalar value as an array D:\www\qmyx.wuyelaile.com\weiwincms\_Core\Lib\Core\View.class.php ç¬¬ 69 è¡Œ.
INFO: [ view_template ] --START--
INFO: Run LocationTemplate Behavior [ RunTime:-0.029677s ]
INFO: [ view_template ] --END-- [ RunTime:0.002360s ]
INFO: [ view_parse ] --START--
INFO: Run ParseTemplate Behavior [ RunTime:-0.032190s ]
INFO: [ view_parse ] --END-- [ RunTime:0.025103s ]
INFO: [ view_filter ] --START--
INFO: Run ContentReplace Behavior [ RunTime:-0.057385s ]
INFO: Run TokenBuild Behavior [ RunTime:-0.058952s ]
INFO: Run WriteHtmlCache Behavior [ RunTime:-0.060782s ]
INFO: Run ShowRuntime Behavior [ RunTime:-0.062007s ]
INFO: [ view_filter ] --END-- [ RunTime:0.006124s ]
INFO: [ view_end ] --START--
INFO: Run ShowPageTrace Behavior [ RunTime:-0.063615s ]
INFO: [ view_end ] --END-- [ RunTime:0.001633s ]

