[ 2015-11-18T08:52:38+08:00 ] 183.136.190.62 /
INFO: [ app_begin ] --START--
INFO: Run ReadHtmlCache Behavior [ RunTime:0.002016s ]
INFO: [ app_begin ] --END-- [ RunTime:0.002172s ]
SQL: SHOW COLUMNS FROM `wy_links` [ RunTime:0.048039s ]
SQL: SELECT * FROM `wy_links` WHERE ( `status` = 1 )  [ RunTime:0.000481s ]
NOTIC: [2] Cannot use a scalar value as an array D:\www\qmyx.wuyelaile.com\weiwincms\_Core\Lib\Core\View.class.php ç¬¬ 69 è¡Œ.
INFO: [ view_template ] --START--
INFO: Run LocationTemplate Behavior [ RunTime:-0.108644s ]
INFO: [ view_template ] --END-- [ RunTime:0.023928s ]
INFO: [ view_parse ] --START--
INFO: Run ParseTemplate Behavior [ RunTime:-0.132683s ]
INFO: [ view_parse ] --END-- [ RunTime:0.059034s ]
INFO: [ view_filter ] --START--
INFO: Run ContentReplace Behavior [ RunTime:-0.191878s ]
INFO: Run TokenBuild Behavior [ RunTime:-0.194977s ]
INFO: Run WriteHtmlCache Behavior [ RunTime:-0.197771s ]
INFO: Run ShowRuntime Behavior [ RunTime:-0.199976s ]
INFO: [ view_filter ] --END-- [ RunTime:0.010666s ]
INFO: [ view_end ] --START--
INFO: Run ShowPageTrace Behavior [ RunTime:-0.202640s ]
INFO: [ view_end ] --END-- [ RunTime:0.002513s ]

[ 2015-11-18T09:03:44+08:00 ] 183.136.190.62 /
INFO: [ app_begin ] --START--
INFO: Run ReadHtmlCache Behavior [ RunTime:0.001209s ]
INFO: [ app_begin ] --END-- [ RunTime:0.001390s ]
SQL: SHOW COLUMNS FROM `wy_links` [ RunTime:0.004912s ]
SQL: SELECT * FROM `wy_links` WHERE ( `status` = 1 )  [ RunTime:0.000210s ]
NOTIC: [2] Cannot use a scalar value as an array D:\www\qmyx.wuyelaile.com\weiwincms\_Core\Lib\Core\View.class.php ç¬¬ 69 è¡Œ.
INFO: [ view_template ] --START--
INFO: Run LocationTemplate Behavior [ RunTime:-0.027499s ]
INFO: [ view_template ] --END-- [ RunTime:0.001744s ]
INFO: [ view_parse ] --START--
INFO: Run ParseTemplate Behavior [ RunTime:-0.029328s ]
INFO: [ view_parse ] --END-- [ RunTime:0.021040s ]
INFO: [ view_filter ] --START--
INFO: Run ContentReplace Behavior [ RunTime:-0.050450s ]
INFO: Run TokenBuild Behavior [ RunTime:-0.051493s ]
INFO: Run WriteHtmlCache Behavior [ RunTime:-0.052830s ]
INFO: Run ShowRuntime Behavior [ RunTime:-0.053663s ]
INFO: [ view_filter ] --END-- [ RunTime:0.004294s ]
INFO: [ view_end ] --START--
INFO: Run ShowPageTrace Behavior [ RunTime:-0.054841s ]
INFO: [ view_end ] --END-- [ RunTime:0.001216s ]

[ 2015-11-18T09:03:44+08:00 ] 183.136.190.62 /
NOTIC: [32] PHP Startup: Unable to load dynamic library 'D:\WebServer\php-5.2.5 (x64)\ext\php_fileinfo.dll' - ÕÒ²»µ½Ö¸¶¨µÄÄ£¿é¡£
 Unknown ç¬¬ 0 è¡Œ.

[ 2015-11-18T10:47:13+08:00 ] 220.181.108.147 /
INFO: [ app_begin ] --START--
INFO: Run ReadHtmlCache Behavior [ RunTime:0.001527s ]
INFO: [ app_begin ] --END-- [ RunTime:0.001696s ]
SQL: SHOW COLUMNS FROM `wy_links` [ RunTime:0.007035s ]
SQL: SELECT * FROM `wy_links` WHERE ( `status` = 1 )  [ RunTime:0.000250s ]
NOTIC: [2] Cannot use a scalar value as an array D:\www\qmyx.wuyelaile.com\weiwincms\_Core\Lib\Core\View.class.php ç¬¬ 69 è¡Œ.
INFO: [ view_template ] --START--
INFO: Run LocationTemplate Behavior [ RunTime:-0.030943s ]
INFO: [ view_template ] --END-- [ RunTime:0.002160s ]
INFO: [ view_parse ] --START--
INFO: Run ParseTemplate Behavior [ RunTime:-0.033188s ]
INFO: [ view_parse ] --END-- [ RunTime:0.027575s ]
INFO: [ view_filter ] --START--
INFO: Run ContentReplace Behavior [ RunTime:-0.060874s ]
INFO: Run TokenBuild Behavior [ RunTime:-0.062367s ]
INFO: Run WriteHtmlCache Behavior [ RunTime:-0.064065s ]
INFO: Run ShowRuntime Behavior [ RunTime:-0.065399s ]
INFO: [ view_filter ] --END-- [ RunTime:0.006389s ]
INFO: [ view_end ] --START--
INFO: Run ShowPageTrace Behavior [ RunTime:-0.067399s ]
INFO: [ view_end ] --END-- [ RunTime:0.002815s ]

