[ 2015-12-19T04:52:08+08:00 ] 183.136.190.62 /
INFO: [ app_begin ] --START--
INFO: Run ReadHtmlCache Behavior [ RunTime:0.004353s ]
INFO: [ app_begin ] --END-- [ RunTime:0.004562s ]
SQL: SHOW COLUMNS FROM `wy_links` [ RunTime:0.028672s ]
SQL: SELECT * FROM `wy_links` WHERE ( `status` = 1 )  [ RunTime:0.000384s ]
NOTIC: [2] Cannot use a scalar value as an array D:\www\qmyx.wuyelaile.com\weiwincms\_Core\Lib\Core\View.class.php 第 69 行.
INFO: [ view_template ] --START--
INFO: Run LocationTemplate Behavior [ RunTime:-0.099939s ]
INFO: [ view_template ] --END-- [ RunTime:0.040310s ]
INFO: [ view_parse ] --START--
INFO: Run ParseTemplate Behavior [ RunTime:-0.140442s ]
INFO: [ view_parse ] --END-- [ RunTime:0.090375s ]
INFO: [ view_filter ] --START--
INFO: Run ContentReplace Behavior [ RunTime:-0.230800s ]
INFO: Run TokenBuild Behavior [ RunTime:-0.233422s ]
INFO: Run WriteHtmlCache Behavior [ RunTime:-0.236328s ]
INFO: Run ShowRuntime Behavior [ RunTime:-0.238835s ]
INFO: [ view_filter ] --END-- [ RunTime:0.010615s ]
INFO: [ view_end ] --START--
INFO: Run ShowPageTrace Behavior [ RunTime:-0.241512s ]
INFO: [ view_end ] --END-- [ RunTime:0.002924s ]

[ 2015-12-19T05:10:26+08:00 ] ERR: (ThinkException) 无法加载模块:attachment
