[ 2015-12-21T04:24:55+08:00 ] 183.136.190.62 /
INFO: [ app_begin ] --START--
INFO: Run ReadHtmlCache Behavior [ RunTime:0.002033s ]
INFO: [ app_begin ] --END-- [ RunTime:0.002216s ]
SQL: SHOW COLUMNS FROM `wy_links` [ RunTime:0.211504s ]
SQL: SELECT * FROM `wy_links` WHERE ( `status` = 1 )  [ RunTime:0.000406s ]
NOTIC: [2] Cannot use a scalar value as an array D:\www\qmyx.wuyelaile.com\weiwincms\_Core\Lib\Core\View.class.php 第 69 行.
INFO: [ view_template ] --START--
INFO: Run LocationTemplate Behavior [ RunTime:-0.236756s ]
INFO: [ view_template ] --END-- [ RunTime:0.002301s ]
INFO: [ view_parse ] --START--
INFO: Run ParseTemplate Behavior [ RunTime:-0.239150s ]
INFO: [ view_parse ] --END-- [ RunTime:0.046382s ]
INFO: [ view_filter ] --START--
INFO: Run ContentReplace Behavior [ RunTime:-0.285616s ]
INFO: Run TokenBuild Behavior [ RunTime:-0.287570s ]
INFO: Run WriteHtmlCache Behavior [ RunTime:-0.289352s ]
INFO: Run ShowRuntime Behavior [ RunTime:-0.290647s ]
INFO: [ view_filter ] --END-- [ RunTime:0.006558s ]
INFO: [ view_end ] --START--
INFO: Run ShowPageTrace Behavior [ RunTime:-0.292287s ]
INFO: [ view_end ] --END-- [ RunTime:0.001660s ]

