[ 2015-10-08T06:25:10+08:00 ] 121.42.0.15 /
INFO: [ app_begin ] --START--
INFO: Run ReadHtmlCache Behavior [ RunTime:0.001122s ]
INFO: [ app_begin ] --END-- [ RunTime:0.001300s ]
SQL: SHOW COLUMNS FROM `wy_links` [ RunTime:0.005266s ]
SQL: SELECT * FROM `wy_links` WHERE ( `status` = 1 )  [ RunTime:0.000422s ]
NOTIC: [2] Cannot use a scalar value as an array D:\www\qmyx.wuyelaile.com\weiwincms\_Core\Lib\Core\View.class.php ç¬¬ 69 è¡Œ.
INFO: [ view_template ] --START--
INFO: Run LocationTemplate Behavior [ RunTime:-0.029193s ]
INFO: [ view_template ] --END-- [ RunTime:0.001735s ]
INFO: [ view_parse ] --START--
INFO: Run ParseTemplate Behavior [ RunTime:-0.031011s ]
INFO: [ view_parse ] --END-- [ RunTime:0.021865s ]
INFO: [ view_filter ] --START--
INFO: Run ContentReplace Behavior [ RunTime:-0.052973s ]
INFO: Run TokenBuild Behavior [ RunTime:-0.054262s ]
INFO: Run WriteHtmlCache Behavior [ RunTime:-0.055475s ]
INFO: Run ShowRuntime Behavior [ RunTime:-0.056311s ]
INFO: [ view_filter ] --END-- [ RunTime:0.004417s ]
INFO: [ view_end ] --START--
INFO: Run ShowPageTrace Behavior [ RunTime:-0.057492s ]
INFO: [ view_end ] --END-- [ RunTime:0.001257s ]

[ 2015-10-08T06:25:10+08:00 ] 121.42.0.15 /
NOTIC: [32] PHP Startup: Unable to load dynamic library 'D:\WebServer\php-5.2.5 (x64)\ext\php_fileinfo.dll' - ÕÒ²»µ½Ö¸¶¨µÄÄ£¿é¡£
 Unknown ç¬¬ 0 è¡Œ.

