[ 2015-11-01T02:21:55+08:00 ] 220.181.108.181 /
INFO: [ app_begin ] --START--
INFO: Run ReadHtmlCache Behavior [ RunTime:0.003855s ]
INFO: [ app_begin ] --END-- [ RunTime:0.004019s ]
SQL: SHOW COLUMNS FROM `wy_links` [ RunTime:0.074802s ]
SQL: SELECT * FROM `wy_links` WHERE ( `status` = 1 )  [ RunTime:0.000467s ]
NOTIC: [2] Cannot use a scalar value as an array D:\www\qmyx.wuyelaile.com\weiwincms\_Core\Lib\Core\View.class.php ç¬¬ 69 è¡Œ.
INFO: [ view_template ] --START--
INFO: Run LocationTemplate Behavior [ RunTime:-0.114436s ]
INFO: [ view_template ] --END-- [ RunTime:0.030174s ]
INFO: [ view_parse ] --START--
INFO: Run ParseTemplate Behavior [ RunTime:-0.144742s ]
INFO: [ view_parse ] --END-- [ RunTime:0.074762s ]
INFO: [ view_filter ] --START--
INFO: Run ContentReplace Behavior [ RunTime:-0.219702s ]
INFO: Run TokenBuild Behavior [ RunTime:-0.222468s ]
INFO: Run WriteHtmlCache Behavior [ RunTime:-0.225104s ]
INFO: Run ShowRuntime Behavior [ RunTime:-0.227126s ]
INFO: [ view_filter ] --END-- [ RunTime:0.010029s ]
INFO: [ view_end ] --START--
INFO: Run ShowPageTrace Behavior [ RunTime:-0.229718s ]
INFO: [ view_end ] --END-- [ RunTime:0.002492s ]

[ 2015-11-01T04:11:17+08:00 ] 183.136.190.62 /
INFO: [ app_begin ] --START--
INFO: Run ReadHtmlCache Behavior [ RunTime:0.007119s ]
INFO: [ app_begin ] --END-- [ RunTime:0.008350s ]
SQL: SHOW COLUMNS FROM `wy_links` [ RunTime:0.082041s ]
SQL: SELECT * FROM `wy_links` WHERE ( `status` = 1 )  [ RunTime:0.000391s ]
NOTIC: [2] Cannot use a scalar value as an array D:\www\qmyx.wuyelaile.com\weiwincms\_Core\Lib\Core\View.class.php ç¬¬ 69 è¡Œ.
INFO: [ view_template ] --START--
INFO: Run LocationTemplate Behavior [ RunTime:-0.135625s ]
INFO: [ view_template ] --END-- [ RunTime:0.035708s ]
INFO: [ view_parse ] --START--
INFO: Run ParseTemplate Behavior [ RunTime:-0.171441s ]
INFO: [ view_parse ] --END-- [ RunTime:0.077762s ]
INFO: [ view_filter ] --START--
INFO: Run ContentReplace Behavior [ RunTime:-0.249306s ]
INFO: Run TokenBuild Behavior [ RunTime:-0.252018s ]
INFO: Run WriteHtmlCache Behavior [ RunTime:-0.254516s ]
INFO: Run ShowRuntime Behavior [ RunTime:-0.256397s ]
INFO: [ view_filter ] --END-- [ RunTime:0.009092s ]
INFO: [ view_end ] --START--
INFO: Run ShowPageTrace Behavior [ RunTime:-0.258512s ]
INFO: [ view_end ] --END-- [ RunTime:0.002241s ]

[ 2015-11-01T04:11:17+08:00 ] 183.136.190.62 /
NOTIC: [32] PHP Startup: Unable to load dynamic library 'D:\WebServer\php-5.2.5 (x64)\ext\php_fileinfo.dll' - ÕÒ²»µ½Ö¸¶¨µÄÄ£¿é¡£
 Unknown ç¬¬ 0 è¡Œ.

[ 2015-11-01T04:14:29+08:00 ] 183.136.190.62 /
INFO: [ app_begin ] --START--
INFO: Run ReadHtmlCache Behavior [ RunTime:0.003601s ]
INFO: [ app_begin ] --END-- [ RunTime:0.003791s ]
SQL: SHOW COLUMNS FROM `wy_links` [ RunTime:0.037198s ]
SQL: SELECT * FROM `wy_links` WHERE ( `status` = 1 )  [ RunTime:0.000217s ]
NOTIC: [2] Cannot use a scalar value as an array D:\www\qmyx.wuyelaile.com\weiwincms\_Core\Lib\Core\View.class.php ç¬¬ 69 è¡Œ.
INFO: [ view_template ] --START--
INFO: Run LocationTemplate Behavior [ RunTime:-0.116603s ]
INFO: [ view_template ] --END-- [ RunTime:0.022766s ]
INFO: [ view_parse ] --START--
INFO: Run ParseTemplate Behavior [ RunTime:-0.139484s ]
INFO: [ view_parse ] --END-- [ RunTime:0.317849s ]
INFO: [ view_filter ] --START--
INFO: Run ContentReplace Behavior [ RunTime:-0.457480s ]
INFO: Run TokenBuild Behavior [ RunTime:-0.461400s ]
INFO: Run WriteHtmlCache Behavior [ RunTime:-0.463502s ]
INFO: Run ShowRuntime Behavior [ RunTime:-0.465357s ]
INFO: [ view_filter ] --END-- [ RunTime:0.009934s ]
INFO: [ view_end ] --START--
INFO: Run ShowPageTrace Behavior [ RunTime:-0.467493s ]
INFO: [ view_end ] --END-- [ RunTime:0.002161s ]

