[ 2015-11-27T04:02:55+08:00 ] 183.136.190.62 /
INFO: [ app_begin ] --START--
INFO: Run ReadHtmlCache Behavior [ RunTime:0.003600s ]
INFO: [ app_begin ] --END-- [ RunTime:0.003831s ]
SQL: SHOW COLUMNS FROM `wy_links` [ RunTime:0.053058s ]
SQL: SELECT * FROM `wy_links` WHERE ( `status` = 1 )  [ RunTime:0.001362s ]
NOTIC: [2] Cannot use a scalar value as an array D:\www\qmyx.wuyelaile.com\weiwincms\_Core\Lib\Core\View.class.php ç¬¬ 69 è¡Œ.
INFO: [ view_template ] --START--
INFO: Run LocationTemplate Behavior [ RunTime:-0.096327s ]
INFO: [ view_template ] --END-- [ RunTime:0.032561s ]
INFO: [ view_parse ] --START--
INFO: Run ParseTemplate Behavior [ RunTime:-0.129092s ]
INFO: [ view_parse ] --END-- [ RunTime:0.090923s ]
INFO: [ view_filter ] --START--
INFO: Run ContentReplace Behavior [ RunTime:-0.220065s ]
INFO: Run TokenBuild Behavior [ RunTime:-0.223626s ]
INFO: Run WriteHtmlCache Behavior [ RunTime:-0.226174s ]
INFO: Run ShowRuntime Behavior [ RunTime:-0.228455s ]
INFO: [ view_filter ] --END-- [ RunTime:0.010722s ]
INFO: [ view_end ] --START--
INFO: Run ShowPageTrace Behavior [ RunTime:-0.230968s ]
INFO: [ view_end ] --END-- [ RunTime:0.002128s ]

[ 2015-11-27T04:02:55+08:00 ] 183.136.190.62 /
NOTIC: [32] PHP Startup: Unable to load dynamic library 'D:\WebServer\php-5.2.5 (x64)\ext\php_fileinfo.dll' - ÕÒ²»µ½Ö¸¶¨µÄÄ£¿é¡£
 Unknown ç¬¬ 0 è¡Œ.

