[ 2015-11-20T03:25:16+08:00 ] 123.125.71.83 /
INFO: [ app_begin ] --START--
INFO: Run ReadHtmlCache Behavior [ RunTime:0.003314s ]
INFO: [ app_begin ] --END-- [ RunTime:0.003502s ]
SQL: SHOW COLUMNS FROM `wy_links` [ RunTime:0.164472s ]
SQL: SELECT * FROM `wy_links` WHERE ( `status` = 1 )  [ RunTime:0.000765s ]
NOTIC: [2] Cannot use a scalar value as an array D:\www\qmyx.wuyelaile.com\weiwincms\_Core\Lib\Core\View.class.php 第 69 行.
INFO: [ view_template ] --START--
INFO: Run LocationTemplate Behavior [ RunTime:-0.251983s ]
INFO: [ view_template ] --END-- [ RunTime:0.026013s ]
INFO: [ view_parse ] --START--
INFO: Run ParseTemplate Behavior [ RunTime:-0.278159s ]
INFO: [ view_parse ] --END-- [ RunTime:0.092672s ]
INFO: [ view_filter ] --START--
INFO: Run ContentReplace Behavior [ RunTime:-0.370931s ]
INFO: Run TokenBuild Behavior [ RunTime:-0.374287s ]
INFO: Run WriteHtmlCache Behavior [ RunTime:-0.376923s ]
INFO: Run ShowRuntime Behavior [ RunTime:-0.379093s ]
INFO: [ view_filter ] --END-- [ RunTime:0.010477s ]
INFO: [ view_end ] --START--
INFO: Run ShowPageTrace Behavior [ RunTime:-0.381527s ]
INFO: [ view_end ] --END-- [ RunTime:0.002918s ]

