[ 2015-12-15T05:59:24+08:00 ] 183.136.190.40 /
INFO: [ app_begin ] --START--
INFO: Run ReadHtmlCache Behavior [ RunTime:0.003769s ]
INFO: [ app_begin ] --END-- [ RunTime:0.003918s ]
SQL: SHOW COLUMNS FROM `wy_links` [ RunTime:0.065215s ]
SQL: SELECT * FROM `wy_links` WHERE ( `status` = 1 )  [ RunTime:0.000602s ]
NOTIC: [2] Cannot use a scalar value as an array D:\www\qmyx.wuyelaile.com\weiwincms\_Core\Lib\Core\View.class.php 第 69 行.
INFO: [ view_template ] --START--
INFO: Run LocationTemplate Behavior [ RunTime:-0.142225s ]
INFO: [ view_template ] --END-- [ RunTime:0.043937s ]
INFO: [ view_parse ] --START--
INFO: Run ParseTemplate Behavior [ RunTime:-0.186255s ]
INFO: [ view_parse ] --END-- [ RunTime:0.076426s ]
INFO: [ view_filter ] --START--
INFO: Run ContentReplace Behavior [ RunTime:-0.262757s ]
INFO: Run TokenBuild Behavior [ RunTime:-0.265470s ]
INFO: Run WriteHtmlCache Behavior [ RunTime:-0.268127s ]
INFO: Run ShowRuntime Behavior [ RunTime:-0.270300s ]
INFO: [ view_filter ] --END-- [ RunTime:0.010186s ]
INFO: [ view_end ] --START--
INFO: Run ShowPageTrace Behavior [ RunTime:-0.273047s ]
INFO: [ view_end ] --END-- [ RunTime:0.002729s ]

