[ 2015-12-17T02:43:55+08:00 ] 220.181.108.76 /
INFO: [ app_begin ] --START--
INFO: Run ReadHtmlCache Behavior [ RunTime:0.002352s ]
INFO: [ app_begin ] --END-- [ RunTime:0.002565s ]
SQL: SHOW COLUMNS FROM `wy_links` [ RunTime:0.079952s ]
SQL: SELECT * FROM `wy_links` WHERE ( `status` = 1 )  [ RunTime:0.000612s ]
NOTIC: [2] Cannot use a scalar value as an array D:\www\qmyx.wuyelaile.com\weiwincms\_Core\Lib\Core\View.class.php ç¬¬ 69 è¡Œ.
INFO: [ view_template ] --START--
INFO: Run LocationTemplate Behavior [ RunTime:-0.161162s ]
INFO: [ view_template ] --END-- [ RunTime:0.020812s ]
INFO: [ view_parse ] --START--
INFO: Run ParseTemplate Behavior [ RunTime:-0.182080s ]
INFO: [ view_parse ] --END-- [ RunTime:0.056828s ]
INFO: [ view_filter ] --START--
INFO: Run ContentReplace Behavior [ RunTime:-0.238988s ]
INFO: Run TokenBuild Behavior [ RunTime:-0.241346s ]
INFO: Run WriteHtmlCache Behavior [ RunTime:-0.243492s ]
INFO: Run ShowRuntime Behavior [ RunTime:-0.245257s ]
INFO: [ view_filter ] --END-- [ RunTime:0.008326s ]
INFO: [ view_end ] --START--
INFO: Run ShowPageTrace Behavior [ RunTime:-0.247412s ]
INFO: [ view_end ] --END-- [ RunTime:0.002104s ]

[ 2015-12-17T02:43:55+08:00 ] 220.181.108.76 /
NOTIC: [32] PHP Startup: Unable to load dynamic library 'D:\WebServer\php-5.2.5 (x64)\ext\php_fileinfo.dll' - ÕÒ²»µ½Ö¸¶¨µÄÄ£¿é¡£
 Unknown ç¬¬ 0 è¡Œ.

[ 2015-12-17T05:20:53+08:00 ] 183.136.190.62 /
INFO: [ app_begin ] --START--
INFO: Run ReadHtmlCache Behavior [ RunTime:0.001199s ]
INFO: [ app_begin ] --END-- [ RunTime:0.001360s ]
SQL: SHOW COLUMNS FROM `wy_links` [ RunTime:0.008008s ]
SQL: SELECT * FROM `wy_links` WHERE ( `status` = 1 )  [ RunTime:0.000206s ]
NOTIC: [2] Cannot use a scalar value as an array D:\www\qmyx.wuyelaile.com\weiwincms\_Core\Lib\Core\View.class.php ç¬¬ 69 è¡Œ.
INFO: [ view_template ] --START--
INFO: Run LocationTemplate Behavior [ RunTime:-0.039716s ]
INFO: [ view_template ] --END-- [ RunTime:0.002082s ]
INFO: [ view_parse ] --START--
INFO: Run ParseTemplate Behavior [ RunTime:-0.041891s ]
INFO: [ view_parse ] --END-- [ RunTime:0.024544s ]
INFO: [ view_filter ] --START--
INFO: Run ContentReplace Behavior [ RunTime:-0.066513s ]
INFO: Run TokenBuild Behavior [ RunTime:-0.067937s ]
INFO: Run WriteHtmlCache Behavior [ RunTime:-0.069560s ]
INFO: Run ShowRuntime Behavior [ RunTime:-0.070770s ]
INFO: [ view_filter ] --END-- [ RunTime:0.005727s ]
INFO: [ view_end ] --START--
INFO: Run ShowPageTrace Behavior [ RunTime:-0.072339s ]
INFO: [ view_end ] --END-- [ RunTime:0.001615s ]

