[ 2015-11-17T02:38:20+08:00 ] ERR: (ThinkException) 无法加载模块:agent
[ 2015-11-17T08:34:15+08:00 ] 121.42.0.34 /
INFO: [ app_begin ] --START--
INFO: Run ReadHtmlCache Behavior [ RunTime:0.002111s ]
INFO: [ app_begin ] --END-- [ RunTime:0.002279s ]
SQL: SHOW COLUMNS FROM `wy_links` [ RunTime:0.028666s ]
SQL: SELECT * FROM `wy_links` WHERE ( `status` = 1 )  [ RunTime:0.000371s ]
NOTIC: [2] Cannot use a scalar value as an array D:\www\qmyx.wuyelaile.com\weiwincms\_Core\Lib\Core\View.class.php 第 69 行.
INFO: [ view_template ] --START--
INFO: Run LocationTemplate Behavior [ RunTime:-0.129058s ]
INFO: [ view_template ] --END-- [ RunTime:0.002406s ]
INFO: [ view_parse ] --START--
INFO: Run ParseTemplate Behavior [ RunTime:-0.131545s ]
INFO: [ view_parse ] --END-- [ RunTime:0.074115s ]
INFO: [ view_filter ] --START--
INFO: Run ContentReplace Behavior [ RunTime:-0.205742s ]
INFO: Run TokenBuild Behavior [ RunTime:-0.207435s ]
INFO: Run WriteHtmlCache Behavior [ RunTime:-0.209247s ]
INFO: Run ShowRuntime Behavior [ RunTime:-0.210528s ]
INFO: [ view_filter ] --END-- [ RunTime:0.006348s ]
INFO: [ view_end ] --START--
INFO: Run ShowPageTrace Behavior [ RunTime:-0.212258s ]
INFO: [ view_end ] --END-- [ RunTime:0.001683s ]

[ 2015-11-17T17:05:21+08:00 ] 123.125.71.28 /
INFO: [ app_begin ] --START--
INFO: Run ReadHtmlCache Behavior [ RunTime:0.002175s ]
INFO: [ app_begin ] --END-- [ RunTime:0.002380s ]
SQL: SHOW COLUMNS FROM `wy_links` [ RunTime:0.007751s ]
SQL: SELECT * FROM `wy_links` WHERE ( `status` = 1 )  [ RunTime:0.000283s ]
NOTIC: [2] Cannot use a scalar value as an array D:\www\qmyx.wuyelaile.com\weiwincms\_Core\Lib\Core\View.class.php 第 69 行.
INFO: [ view_template ] --START--
INFO: Run LocationTemplate Behavior [ RunTime:-0.032891s ]
INFO: [ view_template ] --END-- [ RunTime:0.002705s ]
INFO: [ view_parse ] --START--
INFO: Run ParseTemplate Behavior [ RunTime:-0.035673s ]
INFO: [ view_parse ] --END-- [ RunTime:0.025899s ]
INFO: [ view_filter ] --START--
INFO: Run ContentReplace Behavior [ RunTime:-0.061664s ]
INFO: Run TokenBuild Behavior [ RunTime:-0.063188s ]
INFO: Run WriteHtmlCache Behavior [ RunTime:-0.064963s ]
INFO: Run ShowRuntime Behavior [ RunTime:-0.066347s ]
INFO: [ view_filter ] --END-- [ RunTime:0.006297s ]
INFO: [ view_end ] --START--
INFO: Run ShowPageTrace Behavior [ RunTime:-0.068045s ]
INFO: [ view_end ] --END-- [ RunTime:0.001810s ]

