[ 2015-12-13T03:44:16+08:00 ] 220.181.108.123 /
INFO: [ app_begin ] --START--
INFO: Run ReadHtmlCache Behavior [ RunTime:0.001132s ]
INFO: [ app_begin ] --END-- [ RunTime:0.001323s ]
SQL: SHOW COLUMNS FROM `wy_links` [ RunTime:0.004881s ]
SQL: SELECT * FROM `wy_links` WHERE ( `status` = 1 )  [ RunTime:0.000311s ]
NOTIC: [2] Cannot use a scalar value as an array D:\www\qmyx.wuyelaile.com\weiwincms\_Core\Lib\Core\View.class.php Á¨¨ 69 Ë°å.
INFO: [ view_template ] --START--
INFO: Run LocationTemplate Behavior [ RunTime:-0.028043s ]
INFO: [ view_template ] --END-- [ RunTime:0.001620s ]
INFO: [ view_parse ] --START--
INFO: Run ParseTemplate Behavior [ RunTime:-0.029780s ]
INFO: [ view_parse ] --END-- [ RunTime:0.024183s ]
INFO: [ view_filter ] --START--
INFO: Run ContentReplace Behavior [ RunTime:-0.054080s ]
INFO: Run TokenBuild Behavior [ RunTime:-0.055472s ]
INFO: Run WriteHtmlCache Behavior [ RunTime:-0.056847s ]
INFO: Run ShowRuntime Behavior [ RunTime:-0.057810s ]
INFO: [ view_filter ] --END-- [ RunTime:0.004961s ]
INFO: [ view_end ] --START--
INFO: Run ShowPageTrace Behavior [ RunTime:-0.059145s ]
INFO: [ view_end ] --END-- [ RunTime:0.001471s ]

[ 2015-12-13T03:44:16+08:00 ] 220.181.108.123 /
NOTIC: [32] PHP Startup: Unable to load dynamic library 'D:\WebServer\php-5.2.5 (x64)\ext\php_fileinfo.dll' - ’“≤ªµΩ÷∏∂®µƒƒ£øÈ°£
 Unknown Á¨¨ 0 Ë°å.

[ 2015-12-13T03:57:45+08:00 ] 183.136.190.62 /
INFO: [ app_begin ] --START--
INFO: Run ReadHtmlCache Behavior [ RunTime:0.002279s ]
INFO: [ app_begin ] --END-- [ RunTime:0.002480s ]
SQL: SHOW COLUMNS FROM `wy_links` [ RunTime:0.005456s ]
SQL: SELECT * FROM `wy_links` WHERE ( `status` = 1 )  [ RunTime:0.000292s ]
NOTIC: [2] Cannot use a scalar value as an array D:\www\qmyx.wuyelaile.com\weiwincms\_Core\Lib\Core\View.class.php Á¨¨ 69 Ë°å.
INFO: [ view_template ] --START--
INFO: Run LocationTemplate Behavior [ RunTime:-0.031344s ]
INFO: [ view_template ] --END-- [ RunTime:0.002249s ]
INFO: [ view_parse ] --START--
INFO: Run ParseTemplate Behavior [ RunTime:-0.033814s ]
INFO: [ view_parse ] --END-- [ RunTime:0.016773s ]
INFO: [ view_filter ] --START--
INFO: Run ContentReplace Behavior [ RunTime:-0.050578s ]
INFO: Run TokenBuild Behavior [ RunTime:-0.052208s ]
INFO: Run WriteHtmlCache Behavior [ RunTime:-0.053843s ]
INFO: Run ShowRuntime Behavior [ RunTime:-0.055301s ]
INFO: [ view_filter ] --END-- [ RunTime:0.006414s ]
INFO: [ view_end ] --START--
INFO: Run ShowPageTrace Behavior [ RunTime:-0.057133s ]
INFO: [ view_end ] --END-- [ RunTime:0.001724s ]

[ 2015-12-13T14:46:49+08:00 ] ERR: (ThinkException) Êó†Ê≥ïÂä†ËΩΩÊ®°Âùó:upyun
[ 2015-12-13T16:44:56+08:00 ] 123.125.71.23 /
INFO: [ app_begin ] --START--
INFO: Run ReadHtmlCache Behavior [ RunTime:0.001517s ]
INFO: [ app_begin ] --END-- [ RunTime:0.001673s ]
SQL: SHOW COLUMNS FROM `wy_links` [ RunTime:0.016323s ]
SQL: SELECT * FROM `wy_links` WHERE ( `status` = 1 )  [ RunTime:0.000339s ]
NOTIC: [2] Cannot use a scalar value as an array D:\www\qmyx.wuyelaile.com\weiwincms\_Core\Lib\Core\View.class.php Á¨¨ 69 Ë°å.
INFO: [ view_template ] --START--
INFO: Run LocationTemplate Behavior [ RunTime:-0.039668s ]
INFO: [ view_template ] --END-- [ RunTime:0.002393s ]
INFO: [ view_parse ] --START--
INFO: Run ParseTemplate Behavior [ RunTime:-0.042145s ]
INFO: [ view_parse ] --END-- [ RunTime:0.023889s ]
INFO: [ view_filter ] --START--
INFO: Run ContentReplace Behavior [ RunTime:-0.066106s ]
INFO: Run TokenBuild Behavior [ RunTime:-0.067512s ]
INFO: Run WriteHtmlCache Behavior [ RunTime:-0.069173s ]
INFO: Run ShowRuntime Behavior [ RunTime:-0.070490s ]
INFO: [ view_filter ] --END-- [ RunTime:0.005926s ]
INFO: [ view_end ] --START--
INFO: Run ShowPageTrace Behavior [ RunTime:-0.072138s ]
INFO: [ view_end ] --END-- [ RunTime:0.001736s ]

