[ 2015-10-13T06:24:41+08:00 ] 121.42.0.16 /
INFO: [ app_begin ] --START--
INFO: Run ReadHtmlCache Behavior [ RunTime:0.002462s ]
INFO: [ app_begin ] --END-- [ RunTime:0.002759s ]
SQL: SHOW COLUMNS FROM `wy_links` [ RunTime:0.035539s ]
SQL: SELECT * FROM `wy_links` WHERE ( `status` = 1 )  [ RunTime:0.000407s ]
NOTIC: [2] Cannot use a scalar value as an array D:\www\qmyx.wuyelaile.com\weiwincms\_Core\Lib\Core\View.class.php ç¬¬ 69 è¡Œ.
INFO: [ view_template ] --START--
INFO: Run LocationTemplate Behavior [ RunTime:-0.121079s ]
INFO: [ view_template ] --END-- [ RunTime:0.031409s ]
INFO: [ view_parse ] --START--
INFO: Run ParseTemplate Behavior [ RunTime:-0.152788s ]
INFO: [ view_parse ] --END-- [ RunTime:0.061287s ]
INFO: [ view_filter ] --START--
INFO: Run ContentReplace Behavior [ RunTime:-0.214059s ]
INFO: Run TokenBuild Behavior [ RunTime:-0.215687s ]
INFO: Run WriteHtmlCache Behavior [ RunTime:-0.217439s ]
INFO: Run ShowRuntime Behavior [ RunTime:-0.218823s ]
INFO: [ view_filter ] --END-- [ RunTime:0.006496s ]
INFO: [ view_end ] --START--
INFO: Run ShowPageTrace Behavior [ RunTime:-0.220658s ]
INFO: [ view_end ] --END-- [ RunTime:0.001871s ]

[ 2015-10-13T12:43:26+08:00 ] 220.181.108.187 /
INFO: [ app_begin ] --START--
INFO: Run ReadHtmlCache Behavior [ RunTime:0.001589s ]
INFO: [ app_begin ] --END-- [ RunTime:0.001742s ]
SQL: SHOW COLUMNS FROM `wy_links` [ RunTime:0.006526s ]
SQL: SELECT * FROM `wy_links` WHERE ( `status` = 1 )  [ RunTime:0.000231s ]
NOTIC: [2] Cannot use a scalar value as an array D:\www\qmyx.wuyelaile.com\weiwincms\_Core\Lib\Core\View.class.php ç¬¬ 69 è¡Œ.
INFO: [ view_template ] --START--
INFO: Run LocationTemplate Behavior [ RunTime:-0.032517s ]
INFO: [ view_template ] --END-- [ RunTime:0.002048s ]
INFO: [ view_parse ] --START--
INFO: Run ParseTemplate Behavior [ RunTime:-0.034660s ]
INFO: [ view_parse ] --END-- [ RunTime:0.023158s ]
INFO: [ view_filter ] --START--
INFO: Run ContentReplace Behavior [ RunTime:-0.057913s ]
INFO: Run TokenBuild Behavior [ RunTime:-0.059398s ]
INFO: Run WriteHtmlCache Behavior [ RunTime:-0.061146s ]
INFO: Run ShowRuntime Behavior [ RunTime:-0.062475s ]
INFO: [ view_filter ] --END-- [ RunTime:0.006151s ]
INFO: [ view_end ] --START--
INFO: Run ShowPageTrace Behavior [ RunTime:-0.064165s ]
INFO: [ view_end ] --END-- [ RunTime:0.001615s ]

[ 2015-10-13T12:43:26+08:00 ] 220.181.108.152 /
INFO: [ app_begin ] --START--
INFO: Run ReadHtmlCache Behavior [ RunTime:0.001590s ]
INFO: [ app_begin ] --END-- [ RunTime:0.001751s ]
SQL: SHOW COLUMNS FROM `wy_links` [ RunTime:0.006139s ]
SQL: SELECT * FROM `wy_links` WHERE ( `status` = 1 )  [ RunTime:0.000264s ]
NOTIC: [2] Cannot use a scalar value as an array D:\www\qmyx.wuyelaile.com\weiwincms\_Core\Lib\Core\View.class.php ç¬¬ 69 è¡Œ.
INFO: [ view_template ] --START--
INFO: Run LocationTemplate Behavior [ RunTime:-0.029006s ]
INFO: [ view_template ] --END-- [ RunTime:0.001914s ]
INFO: [ view_parse ] --START--
INFO: Run ParseTemplate Behavior [ RunTime:-0.031005s ]
INFO: [ view_parse ] --END-- [ RunTime:0.016281s ]
INFO: [ view_filter ] --START--
INFO: Run ContentReplace Behavior [ RunTime:-0.047368s ]
INFO: Run TokenBuild Behavior [ RunTime:-0.048657s ]
INFO: Run WriteHtmlCache Behavior [ RunTime:-0.049926s ]
INFO: Run ShowRuntime Behavior [ RunTime:-0.051260s ]
INFO: [ view_filter ] --END-- [ RunTime:0.005823s ]
INFO: [ view_end ] --START--
INFO: Run ShowPageTrace Behavior [ RunTime:-0.053363s ]
INFO: [ view_end ] --END-- [ RunTime:0.001941s ]

[ 2015-10-13T12:43:27+08:00 ] 123.125.71.36 /
INFO: [ app_begin ] --START--
INFO: Run ReadHtmlCache Behavior [ RunTime:0.001496s ]
INFO: [ app_begin ] --END-- [ RunTime:0.001660s ]
SQL: SHOW COLUMNS FROM `wy_links` [ RunTime:0.014686s ]
SQL: SELECT * FROM `wy_links` WHERE ( `status` = 1 )  [ RunTime:0.000273s ]
NOTIC: [2] Cannot use a scalar value as an array D:\www\qmyx.wuyelaile.com\weiwincms\_Core\Lib\Core\View.class.php ç¬¬ 69 è¡Œ.
INFO: [ view_template ] --START--
INFO: Run LocationTemplate Behavior [ RunTime:-0.037983s ]
INFO: [ view_template ] --END-- [ RunTime:0.002049s ]
INFO: [ view_parse ] --START--
INFO: Run ParseTemplate Behavior [ RunTime:-0.040154s ]
INFO: [ view_parse ] --END-- [ RunTime:0.021106s ]
INFO: [ view_filter ] --START--
INFO: Run ContentReplace Behavior [ RunTime:-0.061370s ]
INFO: Run TokenBuild Behavior [ RunTime:-0.063214s ]
INFO: Run WriteHtmlCache Behavior [ RunTime:-0.064593s ]
INFO: Run ShowRuntime Behavior [ RunTime:-0.066027s ]
INFO: [ view_filter ] --END-- [ RunTime:0.006418s ]
INFO: [ view_end ] --START--
INFO: Run ShowPageTrace Behavior [ RunTime:-0.067866s ]
INFO: [ view_end ] --END-- [ RunTime:0.001946s ]

[ 2015-10-13T12:43:27+08:00 ] 123.125.71.13 /
INFO: [ app_begin ] --START--
INFO: Run ReadHtmlCache Behavior [ RunTime:0.001668s ]
INFO: [ app_begin ] --END-- [ RunTime:0.001816s ]
SQL: SHOW COLUMNS FROM `wy_links` [ RunTime:0.007122s ]
SQL: SELECT * FROM `wy_links` WHERE ( `status` = 1 )  [ RunTime:0.000343s ]
NOTIC: [2] Cannot use a scalar value as an array D:\www\qmyx.wuyelaile.com\weiwincms\_Core\Lib\Core\View.class.php ç¬¬ 69 è¡Œ.
INFO: [ view_template ] --START--
INFO: Run LocationTemplate Behavior [ RunTime:-0.032476s ]
INFO: [ view_template ] --END-- [ RunTime:0.002007s ]
INFO: [ view_parse ] --START--
INFO: Run ParseTemplate Behavior [ RunTime:-0.034595s ]
INFO: [ view_parse ] --END-- [ RunTime:0.016302s ]
INFO: [ view_filter ] --START--
INFO: Run ContentReplace Behavior [ RunTime:-0.050946s ]
INFO: Run TokenBuild Behavior [ RunTime:-0.052255s ]
INFO: Run WriteHtmlCache Behavior [ RunTime:-0.053480s ]
INFO: Run ShowRuntime Behavior [ RunTime:-0.054785s ]
INFO: [ view_filter ] --END-- [ RunTime:0.005396s ]
INFO: [ view_end ] --START--
INFO: Run ShowPageTrace Behavior [ RunTime:-0.056456s ]
INFO: [ view_end ] --END-- [ RunTime:0.001704s ]

[ 2015-10-13T16:54:32+08:00 ] 123.125.71.86 /
INFO: [ app_begin ] --START--
INFO: Run ReadHtmlCache Behavior [ RunTime:0.001131s ]
INFO: [ app_begin ] --END-- [ RunTime:0.001308s ]
SQL: SHOW COLUMNS FROM `wy_links` [ RunTime:0.007838s ]
SQL: SELECT * FROM `wy_links` WHERE ( `status` = 1 )  [ RunTime:0.000238s ]
NOTIC: [2] Cannot use a scalar value as an array D:\www\qmyx.wuyelaile.com\weiwincms\_Core\Lib\Core\View.class.php ç¬¬ 69 è¡Œ.
INFO: [ view_template ] --START--
INFO: Run LocationTemplate Behavior [ RunTime:-0.032304s ]
INFO: [ view_template ] --END-- [ RunTime:0.001742s ]
INFO: [ view_parse ] --START--
INFO: Run ParseTemplate Behavior [ RunTime:-0.034132s ]
INFO: [ view_parse ] --END-- [ RunTime:0.021035s ]
INFO: [ view_filter ] --START--
INFO: Run ContentReplace Behavior [ RunTime:-0.055241s ]
INFO: Run TokenBuild Behavior [ RunTime:-0.056225s ]
INFO: Run WriteHtmlCache Behavior [ RunTime:-0.057420s ]
INFO: Run ShowRuntime Behavior [ RunTime:-0.058220s ]
INFO: [ view_filter ] --END-- [ RunTime:0.004034s ]
INFO: [ view_end ] --START--
INFO: Run ShowPageTrace Behavior [ RunTime:-0.059376s ]
INFO: [ view_end ] --END-- [ RunTime:0.001222s ]

[ 2015-10-13T16:54:32+08:00 ] 123.125.71.86 /
NOTIC: [32] PHP Startup: Unable to load dynamic library 'D:\WebServer\php-5.2.5 (x64)\ext\php_fileinfo.dll' - ÕÒ²»µ½Ö¸¶¨µÄÄ£¿é¡£
 Unknown ç¬¬ 0 è¡Œ.

[ 2015-10-13T16:54:32+08:00 ] 123.125.71.80 /
INFO: [ app_begin ] --START--
INFO: Run ReadHtmlCache Behavior [ RunTime:0.000604s ]
INFO: [ app_begin ] --END-- [ RunTime:0.000742s ]
SQL: SHOW COLUMNS FROM `wy_links` [ RunTime:0.009206s ]
SQL: SELECT * FROM `wy_links` WHERE ( `status` = 1 )  [ RunTime:0.000247s ]
NOTIC: [2] Cannot use a scalar value as an array D:\www\qmyx.wuyelaile.com\weiwincms\_Core\Lib\Core\View.class.php ç¬¬ 69 è¡Œ.
INFO: [ view_template ] --START--
INFO: Run LocationTemplate Behavior [ RunTime:-0.024331s ]
INFO: [ view_template ] --END-- [ RunTime:0.001060s ]
INFO: [ view_parse ] --START--
INFO: Run ParseTemplate Behavior [ RunTime:-0.025483s ]
INFO: [ view_parse ] --END-- [ RunTime:0.012684s ]
INFO: [ view_filter ] --START--
INFO: Run ContentReplace Behavior [ RunTime:-0.038233s ]
INFO: Run TokenBuild Behavior [ RunTime:-0.038773s ]
INFO: Run WriteHtmlCache Behavior [ RunTime:-0.039296s ]
INFO: Run ShowRuntime Behavior [ RunTime:-0.039659s ]
INFO: [ view_filter ] --END-- [ RunTime:0.002015s ]
INFO: [ view_end ] --START--
INFO: Run ShowPageTrace Behavior [ RunTime:-0.040347s ]
INFO: [ view_end ] --END-- [ RunTime:0.000739s ]

[ 2015-10-13T16:57:57+08:00 ] 220.181.108.90 /
INFO: [ app_begin ] --START--
INFO: Run ReadHtmlCache Behavior [ RunTime:0.001072s ]
INFO: [ app_begin ] --END-- [ RunTime:0.001227s ]
SQL: SHOW COLUMNS FROM `wy_links` [ RunTime:0.004385s ]
SQL: SELECT * FROM `wy_links` WHERE ( `status` = 1 )  [ RunTime:0.000269s ]
NOTIC: [2] Cannot use a scalar value as an array D:\www\qmyx.wuyelaile.com\weiwincms\_Core\Lib\Core\View.class.php ç¬¬ 69 è¡Œ.
INFO: [ view_template ] --START--
INFO: Run LocationTemplate Behavior [ RunTime:-0.023859s ]
INFO: [ view_template ] --END-- [ RunTime:0.001665s ]
INFO: [ view_parse ] --START--
INFO: Run ParseTemplate Behavior [ RunTime:-0.025620s ]
INFO: [ view_parse ] --END-- [ RunTime:0.012146s ]
INFO: [ view_filter ] --START--
INFO: Run ContentReplace Behavior [ RunTime:-0.037839s ]
INFO: Run TokenBuild Behavior [ RunTime:-0.038875s ]
INFO: Run WriteHtmlCache Behavior [ RunTime:-0.040019s ]
INFO: Run ShowRuntime Behavior [ RunTime:-0.040867s ]
INFO: [ view_filter ] --END-- [ RunTime:0.004122s ]
INFO: [ view_end ] --START--
INFO: Run ShowPageTrace Behavior [ RunTime:-0.042070s ]
INFO: [ view_end ] --END-- [ RunTime:0.001221s ]

[ 2015-10-13T16:59:49+08:00 ] 220.181.108.123 /
INFO: [ app_begin ] --START--
INFO: Run ReadHtmlCache Behavior [ RunTime:0.000601s ]
INFO: [ app_begin ] --END-- [ RunTime:0.000738s ]
SQL: SHOW COLUMNS FROM `wy_links` [ RunTime:0.004821s ]
SQL: SELECT * FROM `wy_links` WHERE ( `status` = 1 )  [ RunTime:0.000238s ]
NOTIC: [2] Cannot use a scalar value as an array D:\www\qmyx.wuyelaile.com\weiwincms\_Core\Lib\Core\View.class.php ç¬¬ 69 è¡Œ.
INFO: [ view_template ] --START--
INFO: Run LocationTemplate Behavior [ RunTime:-0.019749s ]
INFO: [ view_template ] --END-- [ RunTime:0.001180s ]
INFO: [ view_parse ] --START--
INFO: Run ParseTemplate Behavior [ RunTime:-0.021047s ]
INFO: [ view_parse ] --END-- [ RunTime:0.010493s ]
INFO: [ view_filter ] --START--
INFO: Run ContentReplace Behavior [ RunTime:-0.031608s ]
INFO: Run TokenBuild Behavior [ RunTime:-0.032192s ]
INFO: Run WriteHtmlCache Behavior [ RunTime:-0.032731s ]
INFO: Run ShowRuntime Behavior [ RunTime:-0.033383s ]
INFO: [ view_filter ] --END-- [ RunTime:0.002553s ]
INFO: [ view_end ] --START--
INFO: Run ShowPageTrace Behavior [ RunTime:-0.034262s ]
INFO: [ view_end ] --END-- [ RunTime:0.000817s ]

