[ 2015-12-03T00:45:58+08:00 ] ERR: (ThinkException) Êó†Ê≥ïÂä†ËΩΩÊ®°Âùó:map
[ 2015-12-03T01:52:40+08:00 ] 220.181.108.118 /index.php?g=Wap&m=Agent&a=index&token=jeifef1412084627&from=timeline&isappinstalled=0
INFO: [ app_begin ] --START--
INFO: Run ReadHtmlCache Behavior [ RunTime:0.007200s ]
INFO: [ app_begin ] --END-- [ RunTime:0.008459s ]
SQL: SHOW COLUMNS FROM `wy_lpinfo` [ RunTime:0.098151s ]
SQL: SELECT * FROM `wy_lpinfo` WHERE ( `token` = 'jeifef1412084627' ) ORDER BY houseSort desc,id desc LIMIT 0,20   [ RunTime:0.002095s ]
NOTIC: [8] Undefined index:  wecha_id D:\www\qmyx.wuyelaile.com\weiwincms\Lib\Action\Wap\AgentAction.class.php Á¨¨ 29 Ë°å.
SQL: SHOW COLUMNS FROM `wy_jjr` [ RunTime:0.133341s ]
SQL: SELECT * FROM `wy_jjr` WHERE ( `Wecha_id` = null ) AND ( `Token` = 'jeifef1412084627' ) LIMIT 1   [ RunTime:0.000734s ]
SQL: SHOW COLUMNS FROM `wy_share_content` [ RunTime:0.025498s ]
SQL: SELECT * FROM `wy_share_content` WHERE token='jeifef1412084627' LIMIT 1   [ RunTime:0.000385s ]
NOTIC: [2] Cannot use a scalar value as an array D:\www\qmyx.wuyelaile.com\weiwincms\_Core\Lib\Core\View.class.php Á¨¨ 69 Ë°å.
INFO: [ view_template ] --START--
INFO: Run LocationTemplate Behavior [ RunTime:-0.452035s ]
INFO: [ view_template ] --END-- [ RunTime:0.108605s ]
INFO: [ view_parse ] --START--
NOTIC: [8] Undefined index:  wecha_id D:\www\qmyx.wuyelaile.com\weiwindata\logs\Cache\Wap\83c1e8c23d0efff676593c1e07496794.php Á¨¨ 68 Ë°å.
NOTIC: [8] Undefined index:  wecha_id D:\www\qmyx.wuyelaile.com\weiwindata\logs\Cache\Wap\83c1e8c23d0efff676593c1e07496794.php Á¨¨ 73 Ë°å.
NOTIC: [8] Undefined index:  wecha_id D:\www\qmyx.wuyelaile.com\weiwindata\logs\Cache\Wap\83c1e8c23d0efff676593c1e07496794.php Á¨¨ 76 Ë°å.
NOTIC: [8] Undefined index:  wecha_id D:\www\qmyx.wuyelaile.com\weiwindata\logs\Cache\Wap\83c1e8c23d0efff676593c1e07496794.php Á¨¨ 79 Ë°å.
NOTIC: [8] Undefined index:  wecha_id D:\www\qmyx.wuyelaile.com\weiwindata\logs\Cache\Wap\83c1e8c23d0efff676593c1e07496794.php Á¨¨ 82 Ë°å.
NOTIC: [8] Undefined index:  wecha_id D:\www\qmyx.wuyelaile.com\weiwindata\logs\Cache\Wap\83c1e8c23d0efff676593c1e07496794.php Á¨¨ 85 Ë°å.
NOTIC: [8] Undefined index:  wecha_id D:\www\qmyx.wuyelaile.com\weiwindata\logs\Cache\Wap\83c1e8c23d0efff676593c1e07496794.php Á¨¨ 88 Ë°å.
NOTIC: [8] Undefined index:  wecha_id D:\www\qmyx.wuyelaile.com\weiwindata\logs\Cache\Wap\83c1e8c23d0efff676593c1e07496794.php Á¨¨ 97 Ë°å.
NOTIC: [8] Undefined index:  wecha_id D:\www\qmyx.wuyelaile.com\weiwindata\logs\Cache\Wap\83c1e8c23d0efff676593c1e07496794.php Á¨¨ 97 Ë°å.
NOTIC: [8] Undefined index:  wecha_id D:\www\qmyx.wuyelaile.com\weiwindata\logs\Cache\Wap\83c1e8c23d0efff676593c1e07496794.php Á¨¨ 97 Ë°å.
NOTIC: [8] Undefined index:  wecha_id D:\www\qmyx.wuyelaile.com\weiwindata\logs\Cache\Wap\83c1e8c23d0efff676593c1e07496794.php Á¨¨ 97 Ë°å.
NOTIC: [8] Undefined index:  wecha_id D:\www\qmyx.wuyelaile.com\weiwindata\logs\Cache\Wap\83c1e8c23d0efff676593c1e07496794.php Á¨¨ 97 Ë°å.
NOTIC: [8] Undefined index:  wecha_id D:\www\qmyx.wuyelaile.com\weiwindata\logs\Cache\Wap\83c1e8c23d0efff676593c1e07496794.php Á¨¨ 97 Ë°å.
NOTIC: [8] Undefined index:  wecha_id D:\www\qmyx.wuyelaile.com\weiwindata\logs\Cache\Wap\83c1e8c23d0efff676593c1e07496794.php Á¨¨ 97 Ë°å.
NOTIC: [8] Undefined index:  wecha_id D:\www\qmyx.wuyelaile.com\weiwindata\logs\Cache\Wap\83c1e8c23d0efff676593c1e07496794.php Á¨¨ 97 Ë°å.
NOTIC: [8] Undefined index:  wecha_id D:\www\qmyx.wuyelaile.com\weiwindata\logs\Cache\Wap\83c1e8c23d0efff676593c1e07496794.php Á¨¨ 97 Ë°å.
NOTIC: [8] Undefined index:  wecha_id D:\www\qmyx.wuyelaile.com\weiwindata\logs\Cache\Wap\83c1e8c23d0efff676593c1e07496794.php Á¨¨ 97 Ë°å.
NOTIC: [8] Undefined index:  wecha_id D:\www\qmyx.wuyelaile.com\weiwindata\logs\Cache\Wap\83c1e8c23d0efff676593c1e07496794.php Á¨¨ 138 Ë°å.
NOTIC: [8] Undefined index:  wecha_id D:\www\qmyx.wuyelaile.com\weiwindata\logs\Cache\Wap\83c1e8c23d0efff676593c1e07496794.php Á¨¨ 152 Ë°å.
INFO: Run ParseTemplate Behavior [ RunTime:-0.560753s ]
INFO: [ view_parse ] --END-- [ RunTime:0.100215s ]
INFO: [ view_filter ] --START--
INFO: Run ContentReplace Behavior [ RunTime:-0.661092s ]
INFO: Run TokenBuild Behavior [ RunTime:-0.663591s ]
INFO: Run WriteHtmlCache Behavior [ RunTime:-0.665680s ]
INFO: Run ShowRuntime Behavior [ RunTime:-0.667747s ]
INFO: [ view_filter ] --END-- [ RunTime:0.008939s ]
INFO: [ view_end ] --START--
INFO: Run ShowPageTrace Behavior [ RunTime:-0.670140s ]
INFO: [ view_end ] --END-- [ RunTime:0.002347s ]

[ 2015-12-03T01:52:40+08:00 ] 220.181.108.118 /index.php?g=Wap&m=Agent&a=index&token=jeifef1412084627&from=timeline&isappinstalled=0
NOTIC: [32] PHP Startup: Unable to load dynamic library 'D:\WebServer\php-5.2.5 (x64)\ext\php_fileinfo.dll' - ’“≤ªµΩ÷∏∂®µƒƒ£øÈ°£
 Unknown Á¨¨ 0 Ë°å.

[ 2015-12-03T04:00:24+08:00 ] 121.42.0.33 /
INFO: [ app_begin ] --START--
INFO: Run ReadHtmlCache Behavior [ RunTime:0.004015s ]
INFO: [ app_begin ] --END-- [ RunTime:0.005199s ]
SQL: SHOW COLUMNS FROM `wy_links` [ RunTime:0.081367s ]
SQL: SELECT * FROM `wy_links` WHERE ( `status` = 1 )  [ RunTime:0.000424s ]
NOTIC: [2] Cannot use a scalar value as an array D:\www\qmyx.wuyelaile.com\weiwincms\_Core\Lib\Core\View.class.php Á¨¨ 69 Ë°å.
INFO: [ view_template ] --START--
INFO: Run LocationTemplate Behavior [ RunTime:-0.128986s ]
INFO: [ view_template ] --END-- [ RunTime:0.020808s ]
INFO: [ view_parse ] --START--
INFO: Run ParseTemplate Behavior [ RunTime:-0.149907s ]
INFO: [ view_parse ] --END-- [ RunTime:0.104422s ]
INFO: [ view_filter ] --START--
INFO: Run ContentReplace Behavior [ RunTime:-0.254413s ]
INFO: Run TokenBuild Behavior [ RunTime:-0.256824s ]
INFO: Run WriteHtmlCache Behavior [ RunTime:-0.258927s ]
INFO: Run ShowRuntime Behavior [ RunTime:-0.260581s ]
INFO: [ view_filter ] --END-- [ RunTime:0.007944s ]
INFO: [ view_end ] --START--
INFO: Run ShowPageTrace Behavior [ RunTime:-0.262461s ]
INFO: [ view_end ] --END-- [ RunTime:0.002467s ]

[ 2015-12-03T04:00:24+08:00 ] 121.42.0.33 /
NOTIC: [32] PHP Startup: Unable to load dynamic library 'D:\WebServer\php-5.2.5 (x64)\ext\php_fileinfo.dll' - ’“≤ªµΩ÷∏∂®µƒƒ£øÈ°£
 Unknown Á¨¨ 0 Ë°å.

[ 2015-12-03T04:17:42+08:00 ] 220.181.108.146 /
INFO: [ app_begin ] --START--
INFO: Run ReadHtmlCache Behavior [ RunTime:0.003623s ]
INFO: [ app_begin ] --END-- [ RunTime:0.003843s ]
SQL: SHOW COLUMNS FROM `wy_links` [ RunTime:0.004322s ]
SQL: SELECT * FROM `wy_links` WHERE ( `status` = 1 )  [ RunTime:0.000214s ]
NOTIC: [2] Cannot use a scalar value as an array D:\www\qmyx.wuyelaile.com\weiwincms\_Core\Lib\Core\View.class.php Á¨¨ 69 Ë°å.
INFO: [ view_template ] --START--
INFO: Run LocationTemplate Behavior [ RunTime:-0.050968s ]
INFO: [ view_template ] --END-- [ RunTime:0.022223s ]
INFO: [ view_parse ] --START--
INFO: Run ParseTemplate Behavior [ RunTime:-0.073442s ]
INFO: [ view_parse ] --END-- [ RunTime:0.097275s ]
INFO: [ view_filter ] --START--
INFO: Run ContentReplace Behavior [ RunTime:-0.170763s ]
INFO: Run TokenBuild Behavior [ RunTime:-0.173471s ]
INFO: Run WriteHtmlCache Behavior [ RunTime:-0.176144s ]
INFO: Run ShowRuntime Behavior [ RunTime:-0.178044s ]
INFO: [ view_filter ] --END-- [ RunTime:0.009667s ]
INFO: [ view_end ] --START--
INFO: Run ShowPageTrace Behavior [ RunTime:-0.180534s ]
INFO: [ view_end ] --END-- [ RunTime:0.002630s ]

