[ 2015-11-04T04:36:16+08:00 ] 183.136.190.62 /
INFO: [ app_begin ] --START--
INFO: Run ReadHtmlCache Behavior [ RunTime:0.001108s ]
INFO: [ app_begin ] --END-- [ RunTime:0.001313s ]
SQL: SHOW COLUMNS FROM `wy_links` [ RunTime:0.004835s ]
SQL: SELECT * FROM `wy_links` WHERE ( `status` = 1 )  [ RunTime:0.000273s ]
NOTIC: [2] Cannot use a scalar value as an array D:\www\qmyx.wuyelaile.com\weiwincms\_Core\Lib\Core\View.class.php Á¨¨ 69 Ë°å.
INFO: [ view_template ] --START--
INFO: Run LocationTemplate Behavior [ RunTime:-0.027290s ]
INFO: [ view_template ] --END-- [ RunTime:0.002246s ]
INFO: [ view_parse ] --START--
INFO: Run ParseTemplate Behavior [ RunTime:-0.029632s ]
INFO: [ view_parse ] --END-- [ RunTime:0.025546s ]
INFO: [ view_filter ] --START--
INFO: Run ContentReplace Behavior [ RunTime:-0.055282s ]
INFO: Run TokenBuild Behavior [ RunTime:-0.057992s ]
INFO: Run WriteHtmlCache Behavior [ RunTime:-0.060610s ]
INFO: Run ShowRuntime Behavior [ RunTime:-0.062141s ]
INFO: [ view_filter ] --END-- [ RunTime:0.008572s ]
INFO: [ view_end ] --START--
INFO: Run ShowPageTrace Behavior [ RunTime:-0.063953s ]
INFO: [ view_end ] --END-- [ RunTime:0.001884s ]

[ 2015-11-04T04:36:22+08:00 ] 183.136.190.62 /
INFO: [ app_begin ] --START--
INFO: Run ReadHtmlCache Behavior [ RunTime:0.000571s ]
INFO: [ app_begin ] --END-- [ RunTime:0.000749s ]
SQL: SHOW COLUMNS FROM `wy_links` [ RunTime:0.004039s ]
SQL: SELECT * FROM `wy_links` WHERE ( `status` = 1 )  [ RunTime:0.000266s ]
NOTIC: [2] Cannot use a scalar value as an array D:\www\qmyx.wuyelaile.com\weiwincms\_Core\Lib\Core\View.class.php Á¨¨ 69 Ë°å.
INFO: [ view_template ] --START--
INFO: Run LocationTemplate Behavior [ RunTime:-0.020294s ]
INFO: [ view_template ] --END-- [ RunTime:0.002243s ]
INFO: [ view_parse ] --START--
INFO: Run ParseTemplate Behavior [ RunTime:-0.022659s ]
INFO: [ view_parse ] --END-- [ RunTime:0.016270s ]
INFO: [ view_filter ] --START--
INFO: Run ContentReplace Behavior [ RunTime:-0.038981s ]
INFO: Run TokenBuild Behavior [ RunTime:-0.040491s ]
INFO: Run WriteHtmlCache Behavior [ RunTime:-0.041927s ]
INFO: Run ShowRuntime Behavior [ RunTime:-0.043189s ]
INFO: [ view_filter ] --END-- [ RunTime:0.005677s ]
INFO: [ view_end ] --START--
INFO: Run ShowPageTrace Behavior [ RunTime:-0.044754s ]
INFO: [ view_end ] --END-- [ RunTime:0.002010s ]

[ 2015-11-04T15:17:34+08:00 ] 121.42.0.33 /
INFO: [ app_begin ] --START--
INFO: Run ReadHtmlCache Behavior [ RunTime:0.001365s ]
INFO: [ app_begin ] --END-- [ RunTime:0.001616s ]
SQL: SHOW COLUMNS FROM `wy_links` [ RunTime:0.007190s ]
SQL: SELECT * FROM `wy_links` WHERE ( `status` = 1 )  [ RunTime:0.000248s ]
NOTIC: [2] Cannot use a scalar value as an array D:\www\qmyx.wuyelaile.com\weiwincms\_Core\Lib\Core\View.class.php Á¨¨ 69 Ë°å.
INFO: [ view_template ] --START--
INFO: Run LocationTemplate Behavior [ RunTime:-0.038211s ]
INFO: [ view_template ] --END-- [ RunTime:0.001660s ]
INFO: [ view_parse ] --START--
INFO: Run ParseTemplate Behavior [ RunTime:-0.039954s ]
INFO: [ view_parse ] --END-- [ RunTime:0.025344s ]
INFO: [ view_filter ] --START--
INFO: Run ContentReplace Behavior [ RunTime:-0.065368s ]
INFO: Run TokenBuild Behavior [ RunTime:-0.066561s ]
INFO: Run WriteHtmlCache Behavior [ RunTime:-0.067788s ]
INFO: Run ShowRuntime Behavior [ RunTime:-0.068582s ]
INFO: [ view_filter ] --END-- [ RunTime:0.004337s ]
INFO: [ view_end ] --START--
INFO: Run ShowPageTrace Behavior [ RunTime:-0.069802s ]
INFO: [ view_end ] --END-- [ RunTime:0.001325s ]

[ 2015-11-04T15:17:34+08:00 ] 121.42.0.33 /
NOTIC: [32] PHP Startup: Unable to load dynamic library 'D:\WebServer\php-5.2.5 (x64)\ext\php_fileinfo.dll' - ’“≤ªµΩ÷∏∂®µƒƒ£øÈ°£
 Unknown Á¨¨ 0 Ë°å.

[ 2015-11-04T20:38:42+08:00 ] ERR: (ThinkException) Êó†Ê≥ïÂä†ËΩΩÊ®°Âùó:agent
