[ 2015-12-12T04:14:10+08:00 ] 183.136.190.62 /
INFO: [ app_begin ] --START--
INFO: Run ReadHtmlCache Behavior [ RunTime:0.001137s ]
INFO: [ app_begin ] --END-- [ RunTime:0.001288s ]
SQL: SHOW COLUMNS FROM `wy_links` [ RunTime:0.147448s ]
SQL: SELECT * FROM `wy_links` WHERE ( `status` = 1 )  [ RunTime:0.000483s ]
NOTIC: [2] Cannot use a scalar value as an array D:\www\qmyx.wuyelaile.com\weiwincms\_Core\Lib\Core\View.class.php 第 69 行.
INFO: [ view_template ] --START--
INFO: Run LocationTemplate Behavior [ RunTime:-0.193156s ]
INFO: [ view_template ] --END-- [ RunTime:0.025132s ]
INFO: [ view_parse ] --START--
INFO: Run ParseTemplate Behavior [ RunTime:-0.218443s ]
INFO: [ view_parse ] --END-- [ RunTime:0.075919s ]
INFO: [ view_filter ] --START--
INFO: Run ContentReplace Behavior [ RunTime:-0.294400s ]
INFO: Run TokenBuild Behavior [ RunTime:-0.296184s ]
INFO: Run WriteHtmlCache Behavior [ RunTime:-0.297988s ]
INFO: Run ShowRuntime Behavior [ RunTime:-0.299794s ]
INFO: [ view_filter ] --END-- [ RunTime:0.007117s ]
INFO: [ view_end ] --START--
INFO: Run ShowPageTrace Behavior [ RunTime:-0.301638s ]
INFO: [ view_end ] --END-- [ RunTime:0.001903s ]

