[ 2015-10-04T03:52:18+08:00 ] 183.136.190.62 /
INFO: [ app_begin ] --START--
INFO: Run ReadHtmlCache Behavior [ RunTime:0.001159s ]
INFO: [ app_begin ] --END-- [ RunTime:0.001346s ]
SQL: SHOW COLUMNS FROM `wy_links` [ RunTime:0.005146s ]
SQL: SELECT * FROM `wy_links` WHERE ( `status` = 1 )  [ RunTime:0.000560s ]
NOTIC: [2] Cannot use a scalar value as an array D:\www\qmyx.wuyelaile.com\weiwincms\_Core\Lib\Core\View.class.php ç¬¬ 69 è¡Œ.
INFO: [ view_template ] --START--
INFO: Run LocationTemplate Behavior [ RunTime:-0.030830s ]
INFO: [ view_template ] --END-- [ RunTime:0.001787s ]
INFO: [ view_parse ] --START--
INFO: Run ParseTemplate Behavior [ RunTime:-0.032644s ]
INFO: [ view_parse ] --END-- [ RunTime:0.025240s ]
INFO: [ view_filter ] --START--
INFO: Run ContentReplace Behavior [ RunTime:-0.057969s ]
INFO: Run TokenBuild Behavior [ RunTime:-0.058997s ]
INFO: Run WriteHtmlCache Behavior [ RunTime:-0.060229s ]
INFO: Run ShowRuntime Behavior [ RunTime:-0.061028s ]
INFO: [ view_filter ] --END-- [ RunTime:0.004129s ]
INFO: [ view_end ] --START--
INFO: Run ShowPageTrace Behavior [ RunTime:-0.062201s ]
INFO: [ view_end ] --END-- [ RunTime:0.001218s ]

[ 2015-10-04T03:52:18+08:00 ] 183.136.190.62 /
NOTIC: [32] PHP Startup: Unable to load dynamic library 'D:\WebServer\php-5.2.5 (x64)\ext\php_fileinfo.dll' - ÕÒ²»µ½Ö¸¶¨µÄÄ£¿é¡£
 Unknown ç¬¬ 0 è¡Œ.

[ 2015-10-04T06:25:42+08:00 ] 121.42.0.39 /
INFO: [ app_begin ] --START--
INFO: Run ReadHtmlCache Behavior [ RunTime:0.001674s ]
INFO: [ app_begin ] --END-- [ RunTime:0.001832s ]
SQL: SHOW COLUMNS FROM `wy_links` [ RunTime:0.007091s ]
SQL: SELECT * FROM `wy_links` WHERE ( `status` = 1 )  [ RunTime:0.000235s ]
NOTIC: [2] Cannot use a scalar value as an array D:\www\qmyx.wuyelaile.com\weiwincms\_Core\Lib\Core\View.class.php ç¬¬ 69 è¡Œ.
INFO: [ view_template ] --START--
INFO: Run LocationTemplate Behavior [ RunTime:-0.032199s ]
INFO: [ view_template ] --END-- [ RunTime:0.002372s ]
INFO: [ view_parse ] --START--
INFO: Run ParseTemplate Behavior [ RunTime:-0.034656s ]
INFO: [ view_parse ] --END-- [ RunTime:0.024664s ]
INFO: [ view_filter ] --START--
INFO: Run ContentReplace Behavior [ RunTime:-0.059418s ]
INFO: Run TokenBuild Behavior [ RunTime:-0.060933s ]
INFO: Run WriteHtmlCache Behavior [ RunTime:-0.062658s ]
INFO: Run ShowRuntime Behavior [ RunTime:-0.064067s ]
INFO: [ view_filter ] --END-- [ RunTime:0.006473s ]
INFO: [ view_end ] --START--
INFO: Run ShowPageTrace Behavior [ RunTime:-0.066014s ]
INFO: [ view_end ] --END-- [ RunTime:0.002013s ]

[ 2015-10-04T09:29:02+08:00 ] 123.125.71.53 /
INFO: [ app_begin ] --START--
INFO: Run ReadHtmlCache Behavior [ RunTime:0.001993s ]
INFO: [ app_begin ] --END-- [ RunTime:0.002203s ]
SQL: SHOW COLUMNS FROM `wy_links` [ RunTime:0.014295s ]
SQL: SELECT * FROM `wy_links` WHERE ( `status` = 1 )  [ RunTime:0.000307s ]
NOTIC: [2] Cannot use a scalar value as an array D:\www\qmyx.wuyelaile.com\weiwincms\_Core\Lib\Core\View.class.php ç¬¬ 69 è¡Œ.
INFO: [ view_template ] --START--
INFO: Run LocationTemplate Behavior [ RunTime:-0.061985s ]
INFO: [ view_template ] --END-- [ RunTime:0.002082s ]
INFO: [ view_parse ] --START--
INFO: Run ParseTemplate Behavior [ RunTime:-0.064155s ]
INFO: [ view_parse ] --END-- [ RunTime:0.022332s ]
INFO: [ view_filter ] --START--
INFO: Run ContentReplace Behavior [ RunTime:-0.086772s ]
INFO: Run TokenBuild Behavior [ RunTime:-0.087955s ]
INFO: Run WriteHtmlCache Behavior [ RunTime:-0.089171s ]
INFO: Run ShowRuntime Behavior [ RunTime:-0.090074s ]
INFO: [ view_filter ] --END-- [ RunTime:0.004405s ]
INFO: [ view_end ] --START--
INFO: Run ShowPageTrace Behavior [ RunTime:-0.091271s ]
INFO: [ view_end ] --END-- [ RunTime:0.001478s ]

[ 2015-10-04T09:29:02+08:00 ] 123.125.71.53 /
NOTIC: [32] PHP Startup: Unable to load dynamic library 'D:\WebServer\php-5.2.5 (x64)\ext\php_fileinfo.dll' - ÕÒ²»µ½Ö¸¶¨µÄÄ£¿é¡£
 Unknown ç¬¬ 0 è¡Œ.

[ 2015-10-04T09:29:44+08:00 ] 220.181.108.113 /
INFO: [ app_begin ] --START--
INFO: Run ReadHtmlCache Behavior [ RunTime:0.001102s ]
INFO: [ app_begin ] --END-- [ RunTime:0.001286s ]
SQL: SHOW COLUMNS FROM `wy_links` [ RunTime:0.009371s ]
SQL: SELECT * FROM `wy_links` WHERE ( `status` = 1 )  [ RunTime:0.000354s ]
NOTIC: [2] Cannot use a scalar value as an array D:\www\qmyx.wuyelaile.com\weiwincms\_Core\Lib\Core\View.class.php ç¬¬ 69 è¡Œ.
INFO: [ view_template ] --START--
INFO: Run LocationTemplate Behavior [ RunTime:-0.035392s ]
INFO: [ view_template ] --END-- [ RunTime:0.002287s ]
INFO: [ view_parse ] --START--
INFO: Run ParseTemplate Behavior [ RunTime:-0.037774s ]
INFO: [ view_parse ] --END-- [ RunTime:0.024756s ]
INFO: [ view_filter ] --START--
INFO: Run ContentReplace Behavior [ RunTime:-0.062641s ]
INFO: Run TokenBuild Behavior [ RunTime:-0.064038s ]
INFO: Run WriteHtmlCache Behavior [ RunTime:-0.065308s ]
INFO: Run ShowRuntime Behavior [ RunTime:-0.066437s ]
INFO: [ view_filter ] --END-- [ RunTime:0.005284s ]
INFO: [ view_end ] --START--
INFO: Run ShowPageTrace Behavior [ RunTime:-0.068043s ]
INFO: [ view_end ] --END-- [ RunTime:0.001503s ]

[ 2015-10-04T09:29:44+08:00 ] 220.181.108.113 /
NOTIC: [32] PHP Startup: Unable to load dynamic library 'D:\WebServer\php-5.2.5 (x64)\ext\php_fileinfo.dll' - ÕÒ²»µ½Ö¸¶¨µÄÄ£¿é¡£
 Unknown ç¬¬ 0 è¡Œ.

[ 2015-10-04T09:31:23+08:00 ] 123.125.71.49 /
INFO: [ app_begin ] --START--
INFO: Run ReadHtmlCache Behavior [ RunTime:0.000647s ]
INFO: [ app_begin ] --END-- [ RunTime:0.000780s ]
SQL: SHOW COLUMNS FROM `wy_links` [ RunTime:0.005193s ]
SQL: SELECT * FROM `wy_links` WHERE ( `status` = 1 )  [ RunTime:0.000241s ]
NOTIC: [2] Cannot use a scalar value as an array D:\www\qmyx.wuyelaile.com\weiwincms\_Core\Lib\Core\View.class.php ç¬¬ 69 è¡Œ.
INFO: [ view_template ] --START--
INFO: Run LocationTemplate Behavior [ RunTime:-0.020345s ]
INFO: [ view_template ] --END-- [ RunTime:0.000832s ]
INFO: [ view_parse ] --START--
INFO: Run ParseTemplate Behavior [ RunTime:-0.021244s ]
INFO: [ view_parse ] --END-- [ RunTime:0.010837s ]
INFO: [ view_filter ] --START--
INFO: Run ContentReplace Behavior [ RunTime:-0.032159s ]
INFO: Run TokenBuild Behavior [ RunTime:-0.032708s ]
INFO: Run WriteHtmlCache Behavior [ RunTime:-0.033282s ]
INFO: Run ShowRuntime Behavior [ RunTime:-0.033641s ]
INFO: [ view_filter ] --END-- [ RunTime:0.002117s ]
INFO: [ view_end ] --START--
INFO: Run ShowPageTrace Behavior [ RunTime:-0.034371s ]
INFO: [ view_end ] --END-- [ RunTime:0.000761s ]

[ 2015-10-04T09:31:43+08:00 ] 220.181.108.110 /
INFO: [ app_begin ] --START--
INFO: Run ReadHtmlCache Behavior [ RunTime:0.000598s ]
INFO: [ app_begin ] --END-- [ RunTime:0.000738s ]
SQL: SHOW COLUMNS FROM `wy_links` [ RunTime:0.005837s ]
SQL: SELECT * FROM `wy_links` WHERE ( `status` = 1 )  [ RunTime:0.000219s ]
NOTIC: [2] Cannot use a scalar value as an array D:\www\qmyx.wuyelaile.com\weiwincms\_Core\Lib\Core\View.class.php ç¬¬ 69 è¡Œ.
INFO: [ view_template ] --START--
INFO: Run LocationTemplate Behavior [ RunTime:-0.021418s ]
INFO: [ view_template ] --END-- [ RunTime:0.000732s ]
INFO: [ view_parse ] --START--
INFO: Run ParseTemplate Behavior [ RunTime:-0.022230s ]
INFO: [ view_parse ] --END-- [ RunTime:0.010016s ]
INFO: [ view_filter ] --START--
INFO: Run ContentReplace Behavior [ RunTime:-0.032434s ]
INFO: Run TokenBuild Behavior [ RunTime:-0.032926s ]
INFO: Run WriteHtmlCache Behavior [ RunTime:-0.033483s ]
INFO: Run ShowRuntime Behavior [ RunTime:-0.033821s ]
INFO: [ view_filter ] --END-- [ RunTime:0.002025s ]
INFO: [ view_end ] --START--
INFO: Run ShowPageTrace Behavior [ RunTime:-0.034553s ]
INFO: [ view_end ] --END-- [ RunTime:0.000737s ]

[ 2015-10-04T23:05:13+08:00 ] 123.125.71.72 /
INFO: [ app_begin ] --START--
INFO: Run ReadHtmlCache Behavior [ RunTime:0.001624s ]
INFO: [ app_begin ] --END-- [ RunTime:0.001789s ]
SQL: SHOW COLUMNS FROM `wy_links` [ RunTime:0.009986s ]
SQL: SELECT * FROM `wy_links` WHERE ( `status` = 1 )  [ RunTime:0.000403s ]
NOTIC: [2] Cannot use a scalar value as an array D:\www\qmyx.wuyelaile.com\weiwincms\_Core\Lib\Core\View.class.php ç¬¬ 69 è¡Œ.
INFO: [ view_template ] --START--
INFO: Run LocationTemplate Behavior [ RunTime:-0.038479s ]
INFO: [ view_template ] --END-- [ RunTime:0.002148s ]
INFO: [ view_parse ] --START--
INFO: Run ParseTemplate Behavior [ RunTime:-0.040710s ]
INFO: [ view_parse ] --END-- [ RunTime:0.024285s ]
INFO: [ view_filter ] --START--
INFO: Run ContentReplace Behavior [ RunTime:-0.065078s ]
INFO: Run TokenBuild Behavior [ RunTime:-0.066574s ]
INFO: Run WriteHtmlCache Behavior [ RunTime:-0.068234s ]
INFO: Run ShowRuntime Behavior [ RunTime:-0.069634s ]
INFO: [ view_filter ] --END-- [ RunTime:0.006080s ]
INFO: [ view_end ] --START--
INFO: Run ShowPageTrace Behavior [ RunTime:-0.071293s ]
INFO: [ view_end ] --END-- [ RunTime:0.001737s ]

