[ 2016-01-31T05:48:52+08:00 ] 123.125.71.72 /
INFO: [ app_begin ] --START--
INFO: Run ReadHtmlCache Behavior [ RunTime:0.002441s ]
INFO: [ app_begin ] --END-- [ RunTime:0.002632s ]
SQL: SHOW COLUMNS FROM `wy_links` [ RunTime:0.023275s ]
SQL: SELECT * FROM `wy_links` WHERE ( `status` = 1 )  [ RunTime:0.000457s ]
NOTIC: [2] Cannot use a scalar value as an array D:\www\qmyx.wuyelaile.com\weiwincms\_Core\Lib\Core\View.class.php ç¬¬ 69 è¡Œ.
INFO: [ view_template ] --START--
INFO: Run LocationTemplate Behavior [ RunTime:-0.087954s ]
INFO: [ view_template ] --END-- [ RunTime:0.002894s ]
INFO: [ view_parse ] --START--
INFO: Run ParseTemplate Behavior [ RunTime:-0.090935s ]
INFO: [ view_parse ] --END-- [ RunTime:0.047313s ]
INFO: [ view_filter ] --START--
INFO: Run ContentReplace Behavior [ RunTime:-0.138323s ]
INFO: Run TokenBuild Behavior [ RunTime:-0.140443s ]
INFO: Run WriteHtmlCache Behavior [ RunTime:-0.142587s ]
INFO: Run ShowRuntime Behavior [ RunTime:-0.144309s ]
INFO: [ view_filter ] --END-- [ RunTime:0.008946s ]
INFO: [ view_end ] --START--
INFO: Run ShowPageTrace Behavior [ RunTime:-0.147392s ]
INFO: [ view_end ] --END-- [ RunTime:0.002091s ]

[ 2016-01-31T05:48:52+08:00 ] 123.125.71.72 /
NOTIC: [32] PHP Startup: Unable to load dynamic library 'D:\WebServer\php-5.2.5 (x64)\ext\php_fileinfo.dll' - ÕÒ²»µ½Ö¸¶¨µÄÄ£¿é¡£
 Unknown ç¬¬ 0 è¡Œ.

