[ 2016-04-21T06:46:32+08:00 ] 123.125.71.71 /
INFO: [ app_begin ] --START--
INFO: Run ReadHtmlCache Behavior [ RunTime:0.003947s ]
INFO: [ app_begin ] --END-- [ RunTime:0.004939s ]
SQL: SHOW COLUMNS FROM `wy_links` [ RunTime:0.080756s ]
SQL: SELECT * FROM `wy_links` WHERE ( `status` = 1 )  [ RunTime:0.000347s ]
NOTIC: [2] Cannot use a scalar value as an array D:\www\qmyx.wuyelaile.com\weiwincms\_Core\Lib\Core\View.class.php ç¬¬ 69 è¡Œ.
INFO: [ view_template ] --START--
INFO: Run LocationTemplate Behavior [ RunTime:-0.142854s ]
INFO: [ view_template ] --END-- [ RunTime:0.036843s ]
INFO: [ view_parse ] --START--
INFO: Run ParseTemplate Behavior [ RunTime:-0.179791s ]
INFO: [ view_parse ] --END-- [ RunTime:0.085844s ]
INFO: [ view_filter ] --START--
INFO: Run ContentReplace Behavior [ RunTime:-0.265722s ]
INFO: Run TokenBuild Behavior [ RunTime:-0.267950s ]
INFO: Run WriteHtmlCache Behavior [ RunTime:-0.269913s ]
INFO: Run ShowRuntime Behavior [ RunTime:-0.271578s ]
INFO: [ view_filter ] --END-- [ RunTime:0.007735s ]
INFO: [ view_end ] --START--
INFO: Run ShowPageTrace Behavior [ RunTime:-0.273552s ]
INFO: [ view_end ] --END-- [ RunTime:0.001921s ]

[ 2016-04-21T06:46:32+08:00 ] 123.125.71.71 /
NOTIC: [32] PHP Startup: Unable to load dynamic library 'D:\WebServer\php-5.2.5 (x64)\ext\php_fileinfo.dll' - ÕÒ²»µ½Ö¸¶¨µÄÄ£¿é¡£
 Unknown ç¬¬ 0 è¡Œ.

