[ 2016-03-03T04:18:36+08:00 ] 121.42.0.16 /
INFO: [ app_begin ] --START--
INFO: Run ReadHtmlCache Behavior [ RunTime:0.003820s ]
INFO: [ app_begin ] --END-- [ RunTime:0.003974s ]
SQL: SHOW COLUMNS FROM `wy_links` [ RunTime:0.066958s ]
SQL: SELECT * FROM `wy_links` WHERE ( `status` = 1 )  [ RunTime:0.000347s ]
NOTIC: [2] Cannot use a scalar value as an array D:\www\qmyx.wuyelaile.com\weiwincms\_Core\Lib\Core\View.class.php 第 69 行.
INFO: [ view_template ] --START--
INFO: Run LocationTemplate Behavior [ RunTime:-0.107990s ]
INFO: [ view_template ] --END-- [ RunTime:0.023996s ]
INFO: [ view_parse ] --START--
INFO: Run ParseTemplate Behavior [ RunTime:-0.132246s ]
INFO: [ view_parse ] --END-- [ RunTime:0.070053s ]
INFO: [ view_filter ] --START--
INFO: Run ContentReplace Behavior [ RunTime:-0.202515s ]
INFO: Run TokenBuild Behavior [ RunTime:-0.205328s ]
INFO: Run WriteHtmlCache Behavior [ RunTime:-0.208365s ]
INFO: Run ShowRuntime Behavior [ RunTime:-0.210874s ]
INFO: [ view_filter ] --END-- [ RunTime:0.011181s ]
INFO: [ view_end ] --START--
INFO: Run ShowPageTrace Behavior [ RunTime:-0.213736s ]
INFO: [ view_end ] --END-- [ RunTime:0.002917s ]

[ 2016-03-03T09:43:45+08:00 ] 220.181.108.149 /
INFO: [ app_begin ] --START--
INFO: Run ReadHtmlCache Behavior [ RunTime:0.003736s ]
INFO: [ app_begin ] --END-- [ RunTime:0.003891s ]
SQL: SHOW COLUMNS FROM `wy_links` [ RunTime:0.136166s ]
SQL: SELECT * FROM `wy_links` WHERE ( `status` = 1 )  [ RunTime:0.000322s ]
NOTIC: [2] Cannot use a scalar value as an array D:\www\qmyx.wuyelaile.com\weiwincms\_Core\Lib\Core\View.class.php 第 69 行.
INFO: [ view_template ] --START--
INFO: Run LocationTemplate Behavior [ RunTime:-0.184179s ]
INFO: [ view_template ] --END-- [ RunTime:0.033874s ]
INFO: [ view_parse ] --START--
INFO: Run ParseTemplate Behavior [ RunTime:-0.218185s ]
INFO: [ view_parse ] --END-- [ RunTime:0.101164s ]
INFO: [ view_filter ] --START--
INFO: Run ContentReplace Behavior [ RunTime:-0.319398s ]
INFO: Run TokenBuild Behavior [ RunTime:-0.323940s ]
INFO: Run WriteHtmlCache Behavior [ RunTime:-0.327275s ]
INFO: Run ShowRuntime Behavior [ RunTime:-0.330204s ]
INFO: [ view_filter ] --END-- [ RunTime:0.014104s ]
INFO: [ view_end ] --START--
INFO: Run ShowPageTrace Behavior [ RunTime:-0.333670s ]
INFO: [ view_end ] --END-- [ RunTime:0.003182s ]

[ 2016-03-03T13:29:35+08:00 ] ERR: (ThinkException) 无法加载模块:map
[ 2016-03-03T20:15:57+08:00 ] 121.42.0.16 /
INFO: [ app_begin ] --START--
INFO: Run ReadHtmlCache Behavior [ RunTime:0.004096s ]
INFO: [ app_begin ] --END-- [ RunTime:0.004286s ]
SQL: SHOW COLUMNS FROM `wy_links` [ RunTime:0.119906s ]
SQL: SELECT * FROM `wy_links` WHERE ( `status` = 1 )  [ RunTime:0.000381s ]
NOTIC: [2] Cannot use a scalar value as an array D:\www\qmyx.wuyelaile.com\weiwincms\_Core\Lib\Core\View.class.php 第 69 行.
INFO: [ view_template ] --START--
INFO: Run LocationTemplate Behavior [ RunTime:-0.255509s ]
INFO: [ view_template ] --END-- [ RunTime:0.065115s ]
INFO: [ view_parse ] --START--
INFO: Run ParseTemplate Behavior [ RunTime:-0.320774s ]
INFO: [ view_parse ] --END-- [ RunTime:0.136095s ]
INFO: [ view_filter ] --START--
INFO: Run ContentReplace Behavior [ RunTime:-0.456949s ]
INFO: Run TokenBuild Behavior [ RunTime:-0.459643s ]
INFO: Run WriteHtmlCache Behavior [ RunTime:-0.461945s ]
INFO: Run ShowRuntime Behavior [ RunTime:-0.463955s ]
INFO: [ view_filter ] --END-- [ RunTime:0.009500s ]
INFO: [ view_end ] --START--
INFO: Run ShowPageTrace Behavior [ RunTime:-0.466545s ]
INFO: [ view_end ] --END-- [ RunTime:0.002761s ]

