[ 2016-01-30T04:00:00+08:00 ] 183.136.190.62 /
INFO: [ app_begin ] --START--
INFO: Run ReadHtmlCache Behavior [ RunTime:0.004409s ]
INFO: [ app_begin ] --END-- [ RunTime:0.004612s ]
SQL: SHOW COLUMNS FROM `wy_links` [ RunTime:0.072554s ]
SQL: SELECT * FROM `wy_links` WHERE ( `status` = 1 )  [ RunTime:0.000442s ]
NOTIC: [2] Cannot use a scalar value as an array D:\www\qmyx.wuyelaile.com\weiwincms\_Core\Lib\Core\View.class.php ç¬¬ 69 è¡Œ.
INFO: [ view_template ] --START--
INFO: Run LocationTemplate Behavior [ RunTime:-0.128311s ]
INFO: [ view_template ] --END-- [ RunTime:0.039168s ]
INFO: [ view_parse ] --START--
INFO: Run ParseTemplate Behavior [ RunTime:-0.167609s ]
INFO: [ view_parse ] --END-- [ RunTime:0.063773s ]
INFO: [ view_filter ] --START--
INFO: Run ContentReplace Behavior [ RunTime:-0.231450s ]
INFO: Run TokenBuild Behavior [ RunTime:-0.233768s ]
INFO: Run WriteHtmlCache Behavior [ RunTime:-0.236119s ]
INFO: Run ShowRuntime Behavior [ RunTime:-0.237912s ]
INFO: [ view_filter ] --END-- [ RunTime:0.009059s ]
INFO: [ view_end ] --START--
INFO: Run ShowPageTrace Behavior [ RunTime:-0.240606s ]
INFO: [ view_end ] --END-- [ RunTime:0.002356s ]

[ 2016-01-30T04:00:00+08:00 ] 183.136.190.62 /
NOTIC: [32] PHP Startup: Unable to load dynamic library 'D:\WebServer\php-5.2.5 (x64)\ext\php_fileinfo.dll' - ÕÒ²»µ½Ö¸¶¨µÄÄ£¿é¡£
 Unknown ç¬¬ 0 è¡Œ.

[ 2016-01-30T05:47:42+08:00 ] 220.181.108.185 /
INFO: [ app_begin ] --START--
INFO: Run ReadHtmlCache Behavior [ RunTime:0.001134s ]
INFO: [ app_begin ] --END-- [ RunTime:0.001349s ]
SQL: SHOW COLUMNS FROM `wy_links` [ RunTime:0.036136s ]
SQL: SELECT * FROM `wy_links` WHERE ( `status` = 1 )  [ RunTime:0.000402s ]
NOTIC: [2] Cannot use a scalar value as an array D:\www\qmyx.wuyelaile.com\weiwincms\_Core\Lib\Core\View.class.php ç¬¬ 69 è¡Œ.
INFO: [ view_template ] --START--
INFO: Run LocationTemplate Behavior [ RunTime:-0.063878s ]
INFO: [ view_template ] --END-- [ RunTime:0.001770s ]
INFO: [ view_parse ] --START--
INFO: Run ParseTemplate Behavior [ RunTime:-0.065756s ]
INFO: [ view_parse ] --END-- [ RunTime:0.026447s ]
INFO: [ view_filter ] --START--
INFO: Run ContentReplace Behavior [ RunTime:-0.092278s ]
INFO: Run TokenBuild Behavior [ RunTime:-0.093256s ]
INFO: Run WriteHtmlCache Behavior [ RunTime:-0.094554s ]
INFO: Run ShowRuntime Behavior [ RunTime:-0.095459s ]
INFO: [ view_filter ] --END-- [ RunTime:0.004245s ]
INFO: [ view_end ] --START--
INFO: Run ShowPageTrace Behavior [ RunTime:-0.096618s ]
INFO: [ view_end ] --END-- [ RunTime:0.001185s ]

[ 2016-01-30T05:47:42+08:00 ] 220.181.108.185 /
NOTIC: [32] PHP Startup: Unable to load dynamic library 'D:\WebServer\php-5.2.5 (x64)\ext\php_fileinfo.dll' - ÕÒ²»µ½Ö¸¶¨µÄÄ£¿é¡£
 Unknown ç¬¬ 0 è¡Œ.

