[ 2016-04-22T13:37:26+08:00 ] 123.125.71.53 /
INFO: [ app_begin ] --START--
INFO: Run ReadHtmlCache Behavior [ RunTime:0.004607s ]
INFO: [ app_begin ] --END-- [ RunTime:0.004798s ]
SQL: SHOW COLUMNS FROM `wy_links` [ RunTime:0.131375s ]
SQL: SELECT * FROM `wy_links` WHERE ( `status` = 1 )  [ RunTime:0.000580s ]
NOTIC: [2] Cannot use a scalar value as an array D:\www\qmyx.wuyelaile.com\weiwincms\_Core\Lib\Core\View.class.php 第 69 行.
INFO: [ view_template ] --START--
INFO: Run LocationTemplate Behavior [ RunTime:-0.183560s ]
INFO: [ view_template ] --END-- [ RunTime:0.096257s ]
INFO: [ view_parse ] --START--
INFO: Run ParseTemplate Behavior [ RunTime:-0.279915s ]
INFO: [ view_parse ] --END-- [ RunTime:0.130790s ]
INFO: [ view_filter ] --START--
INFO: Run ContentReplace Behavior [ RunTime:-0.410786s ]
INFO: Run TokenBuild Behavior [ RunTime:-0.413443s ]
INFO: Run WriteHtmlCache Behavior [ RunTime:-0.415982s ]
INFO: Run ShowRuntime Behavior [ RunTime:-0.418162s ]
INFO: [ view_filter ] --END-- [ RunTime:0.009756s ]
INFO: [ view_end ] --START--
INFO: Run ShowPageTrace Behavior [ RunTime:-0.420651s ]
INFO: [ view_end ] --END-- [ RunTime:0.002491s ]

