[ 2016-02-18T04:09:00+08:00 ] 183.136.190.62 /
INFO: [ app_begin ] --START--
INFO: Run ReadHtmlCache Behavior [ RunTime:0.004667s ]
INFO: [ app_begin ] --END-- [ RunTime:0.004817s ]
SQL: SHOW COLUMNS FROM `wy_links` [ RunTime:0.160591s ]
SQL: SELECT * FROM `wy_links` WHERE ( `status` = 1 )  [ RunTime:0.000484s ]
NOTIC: [2] Cannot use a scalar value as an array D:\www\qmyx.wuyelaile.com\weiwincms\_Core\Lib\Core\View.class.php ç¬¬ 69 è¡Œ.
INFO: [ view_template ] --START--
INFO: Run LocationTemplate Behavior [ RunTime:-0.219995s ]
INFO: [ view_template ] --END-- [ RunTime:0.026276s ]
INFO: [ view_parse ] --START--
INFO: Run ParseTemplate Behavior [ RunTime:-0.246401s ]
INFO: [ view_parse ] --END-- [ RunTime:0.109465s ]
INFO: [ view_filter ] --START--
INFO: Run ContentReplace Behavior [ RunTime:-0.355946s ]
INFO: Run TokenBuild Behavior [ RunTime:-0.358738s ]
INFO: Run WriteHtmlCache Behavior [ RunTime:-0.361201s ]
INFO: Run ShowRuntime Behavior [ RunTime:-0.363251s ]
INFO: [ view_filter ] --END-- [ RunTime:0.009770s ]
INFO: [ view_end ] --START--
INFO: Run ShowPageTrace Behavior [ RunTime:-0.365813s ]
INFO: [ view_end ] --END-- [ RunTime:0.002732s ]

[ 2016-02-18T08:39:45+08:00 ] 220.181.108.186 /index.php?g=Wap&m=Agent&a=index&token=jeifef1412084627&from=timeline&isappinstalled=0
INFO: [ app_begin ] --START--
INFO: Run ReadHtmlCache Behavior [ RunTime:0.001348s ]
INFO: [ app_begin ] --END-- [ RunTime:0.001568s ]
SQL: SHOW COLUMNS FROM `wy_lpinfo` [ RunTime:0.071479s ]
SQL: SELECT * FROM `wy_lpinfo` WHERE ( `token` = 'jeifef1412084627' ) ORDER BY houseSort desc,id desc LIMIT 0,20   [ RunTime:0.002069s ]
NOTIC: [8] Undefined index:  wecha_id D:\www\qmyx.wuyelaile.com\weiwincms\Lib\Action\Wap\AgentAction.class.php ç¬¬ 29 è¡Œ.
SQL: SHOW COLUMNS FROM `wy_jjr` [ RunTime:0.074925s ]
SQL: SELECT * FROM `wy_jjr` WHERE ( `Wecha_id` = null ) AND ( `Token` = 'jeifef1412084627' ) LIMIT 1   [ RunTime:0.001031s ]
SQL: SHOW COLUMNS FROM `wy_share_content` [ RunTime:0.052813s ]
SQL: SELECT * FROM `wy_share_content` WHERE token='jeifef1412084627' LIMIT 1   [ RunTime:0.000433s ]
NOTIC: [2] Cannot use a scalar value as an array D:\www\qmyx.wuyelaile.com\weiwincms\_Core\Lib\Core\View.class.php ç¬¬ 69 è¡Œ.
INFO: [ view_template ] --START--
INFO: Run LocationTemplate Behavior [ RunTime:-0.359606s ]
INFO: [ view_template ] --END-- [ RunTime:0.010439s ]
INFO: [ view_parse ] --START--
NOTIC: [8] Undefined index:  wecha_id D:\www\qmyx.wuyelaile.com\weiwindata\logs\Cache\Wap\83c1e8c23d0efff676593c1e07496794.php ç¬¬ 68 è¡Œ.
NOTIC: [8] Undefined index:  wecha_id D:\www\qmyx.wuyelaile.com\weiwindata\logs\Cache\Wap\83c1e8c23d0efff676593c1e07496794.php ç¬¬ 73 è¡Œ.
NOTIC: [8] Undefined index:  wecha_id D:\www\qmyx.wuyelaile.com\weiwindata\logs\Cache\Wap\83c1e8c23d0efff676593c1e07496794.php ç¬¬ 76 è¡Œ.
NOTIC: [8] Undefined index:  wecha_id D:\www\qmyx.wuyelaile.com\weiwindata\logs\Cache\Wap\83c1e8c23d0efff676593c1e07496794.php ç¬¬ 79 è¡Œ.
NOTIC: [8] Undefined index:  wecha_id D:\www\qmyx.wuyelaile.com\weiwindata\logs\Cache\Wap\83c1e8c23d0efff676593c1e07496794.php ç¬¬ 82 è¡Œ.
NOTIC: [8] Undefined index:  wecha_id D:\www\qmyx.wuyelaile.com\weiwindata\logs\Cache\Wap\83c1e8c23d0efff676593c1e07496794.php ç¬¬ 85 è¡Œ.
NOTIC: [8] Undefined index:  wecha_id D:\www\qmyx.wuyelaile.com\weiwindata\logs\Cache\Wap\83c1e8c23d0efff676593c1e07496794.php ç¬¬ 88 è¡Œ.
NOTIC: [8] Undefined index:  wecha_id D:\www\qmyx.wuyelaile.com\weiwindata\logs\Cache\Wap\83c1e8c23d0efff676593c1e07496794.php ç¬¬ 97 è¡Œ.
NOTIC: [8] Undefined index:  wecha_id D:\www\qmyx.wuyelaile.com\weiwindata\logs\Cache\Wap\83c1e8c23d0efff676593c1e07496794.php ç¬¬ 97 è¡Œ.
NOTIC: [8] Undefined index:  wecha_id D:\www\qmyx.wuyelaile.com\weiwindata\logs\Cache\Wap\83c1e8c23d0efff676593c1e07496794.php ç¬¬ 97 è¡Œ.
NOTIC: [8] Undefined index:  wecha_id D:\www\qmyx.wuyelaile.com\weiwindata\logs\Cache\Wap\83c1e8c23d0efff676593c1e07496794.php ç¬¬ 97 è¡Œ.
NOTIC: [8] Undefined index:  wecha_id D:\www\qmyx.wuyelaile.com\weiwindata\logs\Cache\Wap\83c1e8c23d0efff676593c1e07496794.php ç¬¬ 97 è¡Œ.
NOTIC: [8] Undefined index:  wecha_id D:\www\qmyx.wuyelaile.com\weiwindata\logs\Cache\Wap\83c1e8c23d0efff676593c1e07496794.php ç¬¬ 97 è¡Œ.
NOTIC: [8] Undefined index:  wecha_id D:\www\qmyx.wuyelaile.com\weiwindata\logs\Cache\Wap\83c1e8c23d0efff676593c1e07496794.php ç¬¬ 97 è¡Œ.
NOTIC: [8] Undefined index:  wecha_id D:\www\qmyx.wuyelaile.com\weiwindata\logs\Cache\Wap\83c1e8c23d0efff676593c1e07496794.php ç¬¬ 97 è¡Œ.
NOTIC: [8] Undefined index:  wecha_id D:\www\qmyx.wuyelaile.com\weiwindata\logs\Cache\Wap\83c1e8c23d0efff676593c1e07496794.php ç¬¬ 97 è¡Œ.
NOTIC: [8] Undefined index:  wecha_id D:\www\qmyx.wuyelaile.com\weiwindata\logs\Cache\Wap\83c1e8c23d0efff676593c1e07496794.php ç¬¬ 97 è¡Œ.
NOTIC: [8] Undefined index:  wecha_id D:\www\qmyx.wuyelaile.com\weiwindata\logs\Cache\Wap\83c1e8c23d0efff676593c1e07496794.php ç¬¬ 138 è¡Œ.
NOTIC: [8] Undefined index:  wecha_id D:\www\qmyx.wuyelaile.com\weiwindata\logs\Cache\Wap\83c1e8c23d0efff676593c1e07496794.php ç¬¬ 152 è¡Œ.
INFO: Run ParseTemplate Behavior [ RunTime:-0.370206s ]
INFO: [ view_parse ] --END-- [ RunTime:0.224385s ]
INFO: [ view_filter ] --START--
INFO: Run ContentReplace Behavior [ RunTime:-0.594717s ]
INFO: Run TokenBuild Behavior [ RunTime:-0.596540s ]
INFO: Run WriteHtmlCache Behavior [ RunTime:-0.598270s ]
INFO: Run ShowRuntime Behavior [ RunTime:-0.599402s ]
INFO: [ view_filter ] --END-- [ RunTime:0.006183s ]
INFO: [ view_end ] --START--
INFO: Run ShowPageTrace Behavior [ RunTime:-0.601064s ]
INFO: [ view_end ] --END-- [ RunTime:0.001529s ]

[ 2016-02-18T08:39:45+08:00 ] 220.181.108.186 /index.php?g=Wap&m=Agent&a=index&token=jeifef1412084627&from=timeline&isappinstalled=0
NOTIC: [32] PHP Startup: Unable to load dynamic library 'D:\WebServer\php-5.2.5 (x64)\ext\php_fileinfo.dll' - ÕÒ²»µ½Ö¸¶¨µÄÄ£¿é¡£
 Unknown ç¬¬ 0 è¡Œ.

