[ 2016-05-08T02:15:50+08:00 ] ERR: (ThinkException) 无法加载模块:agent
[ 2016-05-08T02:21:08+08:00 ] 140.205.144.131 /
INFO: [ app_begin ] --START--
INFO: Run ReadHtmlCache Behavior [ RunTime:0.001060s ]
INFO: [ app_begin ] --END-- [ RunTime:0.001203s ]
SQL: SHOW COLUMNS FROM `wy_links` [ RunTime:0.004932s ]
SQL: SELECT * FROM `wy_links` WHERE ( `status` = 1 )  [ RunTime:0.000312s ]
NOTIC: [2] Cannot use a scalar value as an array D:\www\qmyx.wuyelaile.com\weiwincms\_Core\Lib\Core\View.class.php 第 69 行.
INFO: [ view_template ] --START--
INFO: Run LocationTemplate Behavior [ RunTime:-0.025009s ]
INFO: [ view_template ] --END-- [ RunTime:0.001852s ]
INFO: [ view_parse ] --START--
INFO: Run ParseTemplate Behavior [ RunTime:-0.026946s ]
INFO: [ view_parse ] --END-- [ RunTime:0.021251s ]
INFO: [ view_filter ] --START--
INFO: Run ContentReplace Behavior [ RunTime:-0.048279s ]
INFO: Run TokenBuild Behavior [ RunTime:-0.049765s ]
INFO: Run WriteHtmlCache Behavior [ RunTime:-0.051442s ]
INFO: Run ShowRuntime Behavior [ RunTime:-0.052725s ]
INFO: [ view_filter ] --END-- [ RunTime:0.006016s ]
INFO: [ view_end ] --START--
INFO: Run ShowPageTrace Behavior [ RunTime:-0.054397s ]
INFO: [ view_end ] --END-- [ RunTime:0.001711s ]

[ 2016-05-08T09:10:38+08:00 ] 121.42.0.34 /
INFO: [ app_begin ] --START--
INFO: Run ReadHtmlCache Behavior [ RunTime:0.001677s ]
INFO: [ app_begin ] --END-- [ RunTime:0.001859s ]
SQL: SHOW COLUMNS FROM `wy_links` [ RunTime:0.004578s ]
SQL: SELECT * FROM `wy_links` WHERE ( `status` = 1 )  [ RunTime:0.000309s ]
NOTIC: [2] Cannot use a scalar value as an array D:\www\qmyx.wuyelaile.com\weiwincms\_Core\Lib\Core\View.class.php 第 69 行.
INFO: [ view_template ] --START--
INFO: Run LocationTemplate Behavior [ RunTime:-0.028510s ]
INFO: [ view_template ] --END-- [ RunTime:0.002280s ]
INFO: [ view_parse ] --START--
INFO: Run ParseTemplate Behavior [ RunTime:-0.030875s ]
INFO: [ view_parse ] --END-- [ RunTime:0.021692s ]
INFO: [ view_filter ] --START--
INFO: Run ContentReplace Behavior [ RunTime:-0.052648s ]
INFO: Run TokenBuild Behavior [ RunTime:-0.054183s ]
INFO: Run WriteHtmlCache Behavior [ RunTime:-0.055897s ]
INFO: Run ShowRuntime Behavior [ RunTime:-0.057218s ]
INFO: [ view_filter ] --END-- [ RunTime:0.006270s ]
INFO: [ view_end ] --START--
INFO: Run ShowPageTrace Behavior [ RunTime:-0.059008s ]
INFO: [ view_end ] --END-- [ RunTime:0.001717s ]

[ 2016-05-08T19:03:46+08:00 ] ERR: (ThinkException) 无法加载模块:upyun
[ 2016-05-08T19:09:26+08:00 ] 140.205.144.234 /
INFO: [ app_begin ] --START--
INFO: Run ReadHtmlCache Behavior [ RunTime:0.001066s ]
INFO: [ app_begin ] --END-- [ RunTime:0.001207s ]
SQL: SHOW COLUMNS FROM `wy_links` [ RunTime:0.005137s ]
SQL: SELECT * FROM `wy_links` WHERE ( `status` = 1 )  [ RunTime:0.000509s ]
NOTIC: [2] Cannot use a scalar value as an array D:\www\qmyx.wuyelaile.com\weiwincms\_Core\Lib\Core\View.class.php 第 69 行.
INFO: [ view_template ] --START--
INFO: Run LocationTemplate Behavior [ RunTime:-0.028542s ]
INFO: [ view_template ] --END-- [ RunTime:0.002354s ]
INFO: [ view_parse ] --START--
INFO: Run ParseTemplate Behavior [ RunTime:-0.031278s ]
INFO: [ view_parse ] --END-- [ RunTime:0.022913s ]
INFO: [ view_filter ] --START--
INFO: Run ContentReplace Behavior [ RunTime:-0.053963s ]
INFO: Run TokenBuild Behavior [ RunTime:-0.055439s ]
INFO: Run WriteHtmlCache Behavior [ RunTime:-0.057061s ]
INFO: Run ShowRuntime Behavior [ RunTime:-0.058381s ]
INFO: [ view_filter ] --END-- [ RunTime:0.005945s ]
INFO: [ view_end ] --START--
INFO: Run ShowPageTrace Behavior [ RunTime:-0.060007s ]
INFO: [ view_end ] --END-- [ RunTime:0.001705s ]

