[ 2016-07-19T03:06:07+08:00 ] 121.42.0.17 /
INFO: [ app_begin ] --START--
INFO: Run ReadHtmlCache Behavior [ RunTime:0.001619s ]
INFO: [ app_begin ] --END-- [ RunTime:0.001756s ]
SQL: SHOW COLUMNS FROM `wy_links` [ RunTime:0.022010s ]
SQL: SELECT * FROM `wy_links` WHERE ( `status` = 1 )  [ RunTime:0.000249s ]
NOTIC: [2] Cannot use a scalar value as an array D:\www\qmyx.wuyelaile.com\weiwincms\_Core\Lib\Core\View.class.php ç¬¬ 69 è¡Œ.
INFO: [ view_template ] --START--
INFO: Run LocationTemplate Behavior [ RunTime:-0.073635s ]
INFO: [ view_template ] --END-- [ RunTime:0.002335s ]
INFO: [ view_parse ] --START--
INFO: Run ParseTemplate Behavior [ RunTime:-0.076051s ]
INFO: [ view_parse ] --END-- [ RunTime:0.116237s ]
INFO: [ view_filter ] --START--
INFO: Run ContentReplace Behavior [ RunTime:-0.192371s ]
INFO: Run TokenBuild Behavior [ RunTime:-0.193971s ]
INFO: Run WriteHtmlCache Behavior [ RunTime:-0.195655s ]
INFO: Run ShowRuntime Behavior [ RunTime:-0.197001s ]
INFO: [ view_filter ] --END-- [ RunTime:0.006189s ]
INFO: [ view_end ] --START--
INFO: Run ShowPageTrace Behavior [ RunTime:-0.198661s ]
INFO: [ view_end ] --END-- [ RunTime:0.001730s ]

[ 2016-07-19T23:25:10+08:00 ] 123.125.71.69 /
INFO: [ app_begin ] --START--
INFO: Run ReadHtmlCache Behavior [ RunTime:0.001223s ]
INFO: [ app_begin ] --END-- [ RunTime:0.001404s ]
SQL: SHOW COLUMNS FROM `wy_links` [ RunTime:0.007049s ]
SQL: SELECT * FROM `wy_links` WHERE ( `status` = 1 )  [ RunTime:0.000421s ]
NOTIC: [2] Cannot use a scalar value as an array D:\www\qmyx.wuyelaile.com\weiwincms\_Core\Lib\Core\View.class.php ç¬¬ 69 è¡Œ.
INFO: [ view_template ] --START--
INFO: Run LocationTemplate Behavior [ RunTime:-0.471938s ]
INFO: [ view_template ] --END-- [ RunTime:0.001937s ]
INFO: [ view_parse ] --START--
INFO: Run ParseTemplate Behavior [ RunTime:-0.473960s ]
INFO: [ view_parse ] --END-- [ RunTime:0.021557s ]
INFO: [ view_filter ] --START--
INFO: Run ContentReplace Behavior [ RunTime:-0.495586s ]
INFO: Run TokenBuild Behavior [ RunTime:-0.497318s ]
INFO: Run WriteHtmlCache Behavior [ RunTime:-0.499324s ]
INFO: Run ShowRuntime Behavior [ RunTime:-0.500662s ]
INFO: [ view_filter ] --END-- [ RunTime:0.006828s ]
INFO: [ view_end ] --START--
INFO: Run ShowPageTrace Behavior [ RunTime:-0.502622s ]
INFO: [ view_end ] --END-- [ RunTime:0.001671s ]

[ 2016-07-19T23:25:10+08:00 ] 123.125.71.69 /
NOTIC: [32] PHP Startup: Unable to load dynamic library 'D:\WebServer\php-5.2.5 (x64)\ext\php_fileinfo.dll' - ÕÒ²»µ½Ö¸¶¨µÄÄ£¿é¡£
 Unknown ç¬¬ 0 è¡Œ.

