[ 2016-05-14T16:22:21+08:00 ] 183.136.190.62 /
INFO: [ app_begin ] --START--
INFO: Run ReadHtmlCache Behavior [ RunTime:0.003889s ]
INFO: [ app_begin ] --END-- [ RunTime:0.004284s ]
SQL: SHOW COLUMNS FROM `wy_links` [ RunTime:0.128227s ]
SQL: SELECT * FROM `wy_links` WHERE ( `status` = 1 )  [ RunTime:0.000374s ]
NOTIC: [2] Cannot use a scalar value as an array D:\www\qmyx.wuyelaile.com\weiwincms\_Core\Lib\Core\View.class.php 第 69 行.
INFO: [ view_template ] --START--
INFO: Run LocationTemplate Behavior [ RunTime:-0.172363s ]
INFO: [ view_template ] --END-- [ RunTime:0.028990s ]
INFO: [ view_parse ] --START--
INFO: Run ParseTemplate Behavior [ RunTime:-0.201458s ]
INFO: [ view_parse ] --END-- [ RunTime:0.058470s ]
INFO: [ view_filter ] --START--
INFO: Run ContentReplace Behavior [ RunTime:-0.260009s ]
INFO: Run TokenBuild Behavior [ RunTime:-0.262781s ]
INFO: Run WriteHtmlCache Behavior [ RunTime:-0.265255s ]
INFO: Run ShowRuntime Behavior [ RunTime:-0.267682s ]
INFO: [ view_filter ] --END-- [ RunTime:0.010385s ]
INFO: [ view_end ] --START--
INFO: Run ShowPageTrace Behavior [ RunTime:-0.270492s ]
INFO: [ view_end ] --END-- [ RunTime:0.002528s ]

