[ 2016-09-02T06:57:36+08:00 ] 42.156.251.188 /
INFO: [ app_begin ] --START--
INFO: Run ReadHtmlCache Behavior [ RunTime:0.004959s ]
INFO: [ app_begin ] --END-- [ RunTime:0.005116s ]
SQL: SHOW COLUMNS FROM `wy_links` [ RunTime:0.120071s ]
SQL: SELECT * FROM `wy_links` WHERE ( `status` = 1 )  [ RunTime:0.000366s ]
NOTIC: [2] Cannot use a scalar value as an array D:\www\qmyx.wuyelaile.com\weiwincms\_Core\Lib\Core\View.class.php 第 69 行.
INFO: [ view_template ] --START--
INFO: Run LocationTemplate Behavior [ RunTime:-0.206480s ]
INFO: [ view_template ] --END-- [ RunTime:0.045893s ]
INFO: [ view_parse ] --START--
INFO: Run ParseTemplate Behavior [ RunTime:-0.252485s ]
INFO: [ view_parse ] --END-- [ RunTime:0.077804s ]
INFO: [ view_filter ] --START--
INFO: Run ContentReplace Behavior [ RunTime:-0.330368s ]
INFO: Run TokenBuild Behavior [ RunTime:-0.333223s ]
INFO: Run WriteHtmlCache Behavior [ RunTime:-0.336027s ]
INFO: Run ShowRuntime Behavior [ RunTime:-0.338470s ]
INFO: [ view_filter ] --END-- [ RunTime:0.010760s ]
INFO: [ view_end ] --START--
INFO: Run ShowPageTrace Behavior [ RunTime:-0.341228s ]
INFO: [ view_end ] --END-- [ RunTime:0.002614s ]

