[ 2016-05-09T15:05:36+08:00 ] 220.181.108.187 /
INFO: [ app_begin ] --START--
INFO: Run ReadHtmlCache Behavior [ RunTime:0.001467s ]
INFO: [ app_begin ] --END-- [ RunTime:0.001603s ]
SQL: SHOW COLUMNS FROM `wy_links` [ RunTime:0.007036s ]
SQL: SELECT * FROM `wy_links` WHERE ( `status` = 1 )  [ RunTime:0.000300s ]
NOTIC: [2] Cannot use a scalar value as an array D:\www\qmyx.wuyelaile.com\weiwincms\_Core\Lib\Core\View.class.php 第 69 行.
INFO: [ view_template ] --START--
INFO: Run LocationTemplate Behavior [ RunTime:-0.030338s ]
INFO: [ view_template ] --END-- [ RunTime:0.002182s ]
INFO: [ view_parse ] --START--
INFO: Run ParseTemplate Behavior [ RunTime:-0.032604s ]
INFO: [ view_parse ] --END-- [ RunTime:0.025195s ]
INFO: [ view_filter ] --START--
INFO: Run ContentReplace Behavior [ RunTime:-0.057873s ]
INFO: Run TokenBuild Behavior [ RunTime:-0.059306s ]
INFO: Run WriteHtmlCache Behavior [ RunTime:-0.060554s ]
INFO: Run ShowRuntime Behavior [ RunTime:-0.061784s ]
INFO: [ view_filter ] --END-- [ RunTime:0.005384s ]
INFO: [ view_end ] --START--
INFO: Run ShowPageTrace Behavior [ RunTime:-0.063367s ]
INFO: [ view_end ] --END-- [ RunTime:0.001632s ]

[ 2016-05-09T15:06:17+08:00 ] 140.205.144.89 /
INFO: [ app_begin ] --START--
INFO: Run ReadHtmlCache Behavior [ RunTime:0.001091s ]
INFO: [ app_begin ] --END-- [ RunTime:0.001235s ]
SQL: SHOW COLUMNS FROM `wy_links` [ RunTime:0.004039s ]
SQL: SELECT * FROM `wy_links` WHERE ( `status` = 1 )  [ RunTime:0.000213s ]
NOTIC: [2] Cannot use a scalar value as an array D:\www\qmyx.wuyelaile.com\weiwincms\_Core\Lib\Core\View.class.php 第 69 行.
INFO: [ view_template ] --START--
INFO: Run LocationTemplate Behavior [ RunTime:-0.022347s ]
INFO: [ view_template ] --END-- [ RunTime:0.001677s ]
INFO: [ view_parse ] --START--
INFO: Run ParseTemplate Behavior [ RunTime:-0.024105s ]
INFO: [ view_parse ] --END-- [ RunTime:0.013617s ]
INFO: [ view_filter ] --START--
INFO: Run ContentReplace Behavior [ RunTime:-0.037796s ]
INFO: Run TokenBuild Behavior [ RunTime:-0.039238s ]
INFO: Run WriteHtmlCache Behavior [ RunTime:-0.040760s ]
INFO: Run ShowRuntime Behavior [ RunTime:-0.042018s ]
INFO: [ view_filter ] --END-- [ RunTime:0.005778s ]
INFO: [ view_end ] --START--
INFO: Run ShowPageTrace Behavior [ RunTime:-0.043672s ]
INFO: [ view_end ] --END-- [ RunTime:0.001688s ]

