[ 2016-06-16T08:23:48+08:00 ] 121.42.0.33 /
INFO: [ app_begin ] --START--
INFO: Run ReadHtmlCache Behavior [ RunTime:0.001510s ]
INFO: [ app_begin ] --END-- [ RunTime:0.001659s ]
SQL: SHOW COLUMNS FROM `wy_links` [ RunTime:0.005943s ]
SQL: SELECT * FROM `wy_links` WHERE ( `status` = 1 )  [ RunTime:0.000240s ]
NOTIC: [2] Cannot use a scalar value as an array D:\www\qmyx.wuyelaile.com\weiwincms\_Core\Lib\Core\View.class.php 第 69 行.
INFO: [ view_template ] --START--
INFO: Run LocationTemplate Behavior [ RunTime:-0.033355s ]
INFO: [ view_template ] --END-- [ RunTime:0.002146s ]
INFO: [ view_parse ] --START--
INFO: Run ParseTemplate Behavior [ RunTime:-0.035586s ]
INFO: [ view_parse ] --END-- [ RunTime:0.022775s ]
INFO: [ view_filter ] --START--
INFO: Run ContentReplace Behavior [ RunTime:-0.058479s ]
INFO: Run TokenBuild Behavior [ RunTime:-0.060193s ]
INFO: Run WriteHtmlCache Behavior [ RunTime:-0.061827s ]
INFO: Run ShowRuntime Behavior [ RunTime:-0.063052s ]
INFO: [ view_filter ] --END-- [ RunTime:0.006089s ]
INFO: [ view_end ] --START--
INFO: Run ShowPageTrace Behavior [ RunTime:-0.064655s ]
INFO: [ view_end ] --END-- [ RunTime:0.001656s ]

[ 2016-06-16T15:56:54+08:00 ] 110.86.5.90 /
INFO: [ app_begin ] --START--
INFO: Run ReadHtmlCache Behavior [ RunTime:0.001499s ]
INFO: [ app_begin ] --END-- [ RunTime:0.001649s ]
SQL: SHOW COLUMNS FROM `wy_links` [ RunTime:0.004862s ]
SQL: SELECT * FROM `wy_links` WHERE ( `status` = 1 )  [ RunTime:0.000296s ]
NOTIC: [2] Cannot use a scalar value as an array D:\www\qmyx.wuyelaile.com\weiwincms\_Core\Lib\Core\View.class.php 第 69 行.
INFO: [ view_template ] --START--
INFO: Run LocationTemplate Behavior [ RunTime:-0.027582s ]
INFO: [ view_template ] --END-- [ RunTime:0.002147s ]
INFO: [ view_parse ] --START--
INFO: Run ParseTemplate Behavior [ RunTime:-0.029813s ]
INFO: [ view_parse ] --END-- [ RunTime:0.021909s ]
INFO: [ view_filter ] --START--
INFO: Run ContentReplace Behavior [ RunTime:-0.051886s ]
INFO: Run TokenBuild Behavior [ RunTime:-0.054330s ]
INFO: Run WriteHtmlCache Behavior [ RunTime:-0.056345s ]
INFO: Run ShowRuntime Behavior [ RunTime:-0.057656s ]
INFO: [ view_filter ] --END-- [ RunTime:0.007409s ]
INFO: [ view_end ] --START--
INFO: Run ShowPageTrace Behavior [ RunTime:-0.059356s ]
INFO: [ view_end ] --END-- [ RunTime:0.001674s ]

