[ 2016-06-14T02:52:16+08:00 ] 220.181.108.163 /
INFO: [ app_begin ] --START--
INFO: Run ReadHtmlCache Behavior [ RunTime:0.004916s ]
INFO: [ app_begin ] --END-- [ RunTime:0.005143s ]
SQL: SHOW COLUMNS FROM `wy_links` [ RunTime:0.089867s ]
SQL: SELECT * FROM `wy_links` WHERE ( `status` = 1 )  [ RunTime:0.000421s ]
NOTIC: [2] Cannot use a scalar value as an array D:\www\qmyx.wuyelaile.com\weiwincms\_Core\Lib\Core\View.class.php 第 69 行.
INFO: [ view_template ] --START--
INFO: Run LocationTemplate Behavior [ RunTime:-0.158786s ]
INFO: [ view_template ] --END-- [ RunTime:0.006677s ]
INFO: [ view_parse ] --START--
INFO: Run ParseTemplate Behavior [ RunTime:-0.165573s ]
INFO: [ view_parse ] --END-- [ RunTime:0.083242s ]
INFO: [ view_filter ] --START--
INFO: Run ContentReplace Behavior [ RunTime:-0.248961s ]
INFO: Run TokenBuild Behavior [ RunTime:-0.251899s ]
INFO: Run WriteHtmlCache Behavior [ RunTime:-0.254688s ]
INFO: Run ShowRuntime Behavior [ RunTime:-0.256801s ]
INFO: [ view_filter ] --END-- [ RunTime:0.010179s ]
INFO: [ view_end ] --START--
INFO: Run ShowPageTrace Behavior [ RunTime:-0.259214s ]
INFO: [ view_end ] --END-- [ RunTime:0.002375s ]

