[ 2016-06-06T05:34:35+08:00 ] 220.181.108.111 /
INFO: [ app_begin ] --START--
INFO: Run ReadHtmlCache Behavior [ RunTime:0.001556s ]
INFO: [ app_begin ] --END-- [ RunTime:0.001696s ]
SQL: SHOW COLUMNS FROM `wy_links` [ RunTime:0.004778s ]
SQL: SELECT * FROM `wy_links` WHERE ( `status` = 1 )  [ RunTime:0.000316s ]
NOTIC: [2] Cannot use a scalar value as an array D:\www\qmyx.wuyelaile.com\weiwincms\_Core\Lib\Core\View.class.php 第 69 行.
INFO: [ view_template ] --START--
INFO: Run LocationTemplate Behavior [ RunTime:-0.027199s ]
INFO: [ view_template ] --END-- [ RunTime:0.002265s ]
INFO: [ view_parse ] --START--
INFO: Run ParseTemplate Behavior [ RunTime:-0.029550s ]
INFO: [ view_parse ] --END-- [ RunTime:0.022299s ]
INFO: [ view_filter ] --START--
INFO: Run ContentReplace Behavior [ RunTime:-0.051921s ]
INFO: Run TokenBuild Behavior [ RunTime:-0.053487s ]
INFO: Run WriteHtmlCache Behavior [ RunTime:-0.055065s ]
INFO: Run ShowRuntime Behavior [ RunTime:-0.056403s ]
INFO: [ view_filter ] --END-- [ RunTime:0.006063s ]
INFO: [ view_end ] --START--
INFO: Run ShowPageTrace Behavior [ RunTime:-0.058087s ]
INFO: [ view_end ] --END-- [ RunTime:0.001688s ]

