[ 2016-04-11T00:32:40+08:00 ] 123.125.71.50 /
INFO: [ app_begin ] --START--
INFO: Run ReadHtmlCache Behavior [ RunTime:0.004682s ]
INFO: [ app_begin ] --END-- [ RunTime:0.004861s ]
SQL: SHOW COLUMNS FROM `wy_links` [ RunTime:0.144474s ]
SQL: SELECT * FROM `wy_links` WHERE ( `status` = 1 )  [ RunTime:0.000442s ]
NOTIC: [2] Cannot use a scalar value as an array D:\www\qmyx.wuyelaile.com\weiwincms\_Core\Lib\Core\View.class.php 第 69 行.
INFO: [ view_template ] --START--
INFO: Run LocationTemplate Behavior [ RunTime:-0.214486s ]
INFO: [ view_template ] --END-- [ RunTime:0.058380s ]
INFO: [ view_parse ] --START--
INFO: Run ParseTemplate Behavior [ RunTime:-0.272963s ]
INFO: [ view_parse ] --END-- [ RunTime:0.085133s ]
INFO: [ view_filter ] --START--
INFO: Run ContentReplace Behavior [ RunTime:-0.358179s ]
INFO: Run TokenBuild Behavior [ RunTime:-0.360689s ]
INFO: Run WriteHtmlCache Behavior [ RunTime:-0.363193s ]
INFO: Run ShowRuntime Behavior [ RunTime:-0.365284s ]
INFO: [ view_filter ] --END-- [ RunTime:0.009419s ]
INFO: [ view_end ] --START--
INFO: Run ShowPageTrace Behavior [ RunTime:-0.367700s ]
INFO: [ view_end ] --END-- [ RunTime:0.002485s ]

