[ 2016-05-07T07:24:21+08:00 ] 123.125.71.28 /
INFO: [ app_begin ] --START--
INFO: Run ReadHtmlCache Behavior [ RunTime:0.001136s ]
INFO: [ app_begin ] --END-- [ RunTime:0.001314s ]
SQL: SHOW COLUMNS FROM `wy_links` [ RunTime:0.005452s ]
SQL: SELECT * FROM `wy_links` WHERE ( `status` = 1 )  [ RunTime:0.000352s ]
NOTIC: [2] Cannot use a scalar value as an array D:\www\qmyx.wuyelaile.com\weiwincms\_Core\Lib\Core\View.class.php ç¬¬ 69 è¡Œ.
INFO: [ view_template ] --START--
INFO: Run LocationTemplate Behavior [ RunTime:-0.029266s ]
INFO: [ view_template ] --END-- [ RunTime:0.001678s ]
INFO: [ view_parse ] --START--
INFO: Run ParseTemplate Behavior [ RunTime:-0.031027s ]
INFO: [ view_parse ] --END-- [ RunTime:0.022193s ]
INFO: [ view_filter ] --START--
INFO: Run ContentReplace Behavior [ RunTime:-0.053295s ]
INFO: Run TokenBuild Behavior [ RunTime:-0.054400s ]
INFO: Run WriteHtmlCache Behavior [ RunTime:-0.055662s ]
INFO: Run ShowRuntime Behavior [ RunTime:-0.056510s ]
INFO: [ view_filter ] --END-- [ RunTime:0.004312s ]
INFO: [ view_end ] --START--
INFO: Run ShowPageTrace Behavior [ RunTime:-0.057744s ]
INFO: [ view_end ] --END-- [ RunTime:0.001305s ]

[ 2016-05-07T07:24:21+08:00 ] 123.125.71.28 /
NOTIC: [32] PHP Startup: Unable to load dynamic library 'D:\WebServer\php-5.2.5 (x64)\ext\php_fileinfo.dll' - ÕÒ²»µ½Ö¸¶¨µÄÄ£¿é¡£
 Unknown ç¬¬ 0 è¡Œ.

[ 2016-05-07T07:29:10+08:00 ] 140.205.145.149 /
INFO: [ app_begin ] --START--
INFO: Run ReadHtmlCache Behavior [ RunTime:0.001868s ]
INFO: [ app_begin ] --END-- [ RunTime:0.002081s ]
SQL: SHOW COLUMNS FROM `wy_links` [ RunTime:0.043619s ]
SQL: SELECT * FROM `wy_links` WHERE ( `status` = 1 )  [ RunTime:0.000210s ]
NOTIC: [2] Cannot use a scalar value as an array D:\www\qmyx.wuyelaile.com\weiwincms\_Core\Lib\Core\View.class.php ç¬¬ 69 è¡Œ.
INFO: [ view_template ] --START--
INFO: Run LocationTemplate Behavior [ RunTime:-0.064898s ]
INFO: [ view_template ] --END-- [ RunTime:0.001684s ]
INFO: [ view_parse ] --START--
INFO: Run ParseTemplate Behavior [ RunTime:-0.066673s ]
INFO: [ view_parse ] --END-- [ RunTime:0.012170s ]
INFO: [ view_filter ] --START--
INFO: Run ContentReplace Behavior [ RunTime:-0.078911s ]
INFO: Run TokenBuild Behavior [ RunTime:-0.079878s ]
INFO: Run WriteHtmlCache Behavior [ RunTime:-0.080926s ]
INFO: Run ShowRuntime Behavior [ RunTime:-0.081738s ]
INFO: [ view_filter ] --END-- [ RunTime:0.003885s ]
INFO: [ view_end ] --START--
INFO: Run ShowPageTrace Behavior [ RunTime:-0.082895s ]
INFO: [ view_end ] --END-- [ RunTime:0.001226s ]

[ 2016-05-07T09:46:56+08:00 ] 121.42.0.35 /
INFO: [ app_begin ] --START--
INFO: Run ReadHtmlCache Behavior [ RunTime:0.001121s ]
INFO: [ app_begin ] --END-- [ RunTime:0.001297s ]
SQL: SHOW COLUMNS FROM `wy_links` [ RunTime:0.005845s ]
SQL: SELECT * FROM `wy_links` WHERE ( `status` = 1 )  [ RunTime:0.000235s ]
NOTIC: [2] Cannot use a scalar value as an array D:\www\qmyx.wuyelaile.com\weiwincms\_Core\Lib\Core\View.class.php ç¬¬ 69 è¡Œ.
INFO: [ view_template ] --START--
INFO: Run LocationTemplate Behavior [ RunTime:-0.026621s ]
INFO: [ view_template ] --END-- [ RunTime:0.002196s ]
INFO: [ view_parse ] --START--
INFO: Run ParseTemplate Behavior [ RunTime:-0.028902s ]
INFO: [ view_parse ] --END-- [ RunTime:0.023070s ]
INFO: [ view_filter ] --START--
INFO: Run ContentReplace Behavior [ RunTime:-0.052045s ]
INFO: Run TokenBuild Behavior [ RunTime:-0.053515s ]
INFO: Run WriteHtmlCache Behavior [ RunTime:-0.055184s ]
INFO: Run ShowRuntime Behavior [ RunTime:-0.056512s ]
INFO: [ view_filter ] --END-- [ RunTime:0.006017s ]
INFO: [ view_end ] --START--
INFO: Run ShowPageTrace Behavior [ RunTime:-0.058159s ]
INFO: [ view_end ] --END-- [ RunTime:0.001735s ]

