[ 2016-03-30T06:00:14+08:00 ] ERR: (ThinkException) Êó†Ê≥ïÂä†ËΩΩÊ®°Âùó:upyun
[ 2016-03-30T09:13:34+08:00 ] 220.181.108.101 /
INFO: [ app_begin ] --START--
INFO: Run ReadHtmlCache Behavior [ RunTime:0.002225s ]
INFO: [ app_begin ] --END-- [ RunTime:0.002418s ]
SQL: SHOW COLUMNS FROM `wy_links` [ RunTime:0.142768s ]
SQL: SELECT * FROM `wy_links` WHERE ( `status` = 1 )  [ RunTime:0.000399s ]
NOTIC: [2] Cannot use a scalar value as an array D:\www\qmyx.wuyelaile.com\weiwincms\_Core\Lib\Core\View.class.php Á¨¨ 69 Ë°å.
INFO: [ view_template ] --START--
INFO: Run LocationTemplate Behavior [ RunTime:-0.392530s ]
INFO: [ view_template ] --END-- [ RunTime:0.042907s ]
INFO: [ view_parse ] --START--
INFO: Run ParseTemplate Behavior [ RunTime:-0.435548s ]
INFO: [ view_parse ] --END-- [ RunTime:0.108746s ]
INFO: [ view_filter ] --START--
INFO: Run ContentReplace Behavior [ RunTime:-0.544476s ]
INFO: Run TokenBuild Behavior [ RunTime:-0.546927s ]
INFO: Run WriteHtmlCache Behavior [ RunTime:-0.549335s ]
INFO: Run ShowRuntime Behavior [ RunTime:-0.551195s ]
INFO: [ view_filter ] --END-- [ RunTime:0.008808s ]
INFO: [ view_end ] --START--
INFO: Run ShowPageTrace Behavior [ RunTime:-0.553377s ]
INFO: [ view_end ] --END-- [ RunTime:0.002737s ]

[ 2016-03-30T09:13:34+08:00 ] 220.181.108.101 /
NOTIC: [32] PHP Startup: Unable to load dynamic library 'D:\WebServer\php-5.2.5 (x64)\ext\php_fileinfo.dll' - ’“≤ªµΩ÷∏∂®µƒƒ£øÈ°£
 Unknown Á¨¨ 0 Ë°å.

[ 2016-03-30T12:26:51+08:00 ] 220.181.108.90 /
INFO: [ app_begin ] --START--
INFO: Run ReadHtmlCache Behavior [ RunTime:0.001095s ]
INFO: [ app_begin ] --END-- [ RunTime:0.001274s ]
SQL: SHOW COLUMNS FROM `wy_links` [ RunTime:0.035069s ]
SQL: SELECT * FROM `wy_links` WHERE ( `status` = 1 )  [ RunTime:0.000204s ]
NOTIC: [2] Cannot use a scalar value as an array D:\www\qmyx.wuyelaile.com\weiwincms\_Core\Lib\Core\View.class.php Á¨¨ 69 Ë°å.
INFO: [ view_template ] --START--
INFO: Run LocationTemplate Behavior [ RunTime:-0.061449s ]
INFO: [ view_template ] --END-- [ RunTime:0.001700s ]
INFO: [ view_parse ] --START--
INFO: Run ParseTemplate Behavior [ RunTime:-0.063261s ]
INFO: [ view_parse ] --END-- [ RunTime:0.027164s ]
INFO: [ view_filter ] --START--
INFO: Run ContentReplace Behavior [ RunTime:-0.090507s ]
INFO: Run TokenBuild Behavior [ RunTime:-0.091510s ]
INFO: Run WriteHtmlCache Behavior [ RunTime:-0.092728s ]
INFO: Run ShowRuntime Behavior [ RunTime:-0.093517s ]
INFO: [ view_filter ] --END-- [ RunTime:0.004095s ]
INFO: [ view_end ] --START--
INFO: Run ShowPageTrace Behavior [ RunTime:-0.094722s ]
INFO: [ view_end ] --END-- [ RunTime:0.001376s ]

[ 2016-03-30T12:26:51+08:00 ] 220.181.108.90 /
NOTIC: [32] PHP Startup: Unable to load dynamic library 'D:\WebServer\php-5.2.5 (x64)\ext\php_fileinfo.dll' - ’“≤ªµΩ÷∏∂®µƒƒ£øÈ°£
 Unknown Á¨¨ 0 Ë°å.

