[ 2016-04-28T15:35:18+08:00 ] 123.125.71.49 /
INFO: [ app_begin ] --START--
INFO: Run ReadHtmlCache Behavior [ RunTime:0.003718s ]
INFO: [ app_begin ] --END-- [ RunTime:0.004224s ]
SQL: SHOW COLUMNS FROM `wy_links` [ RunTime:0.258265s ]
SQL: SELECT * FROM `wy_links` WHERE ( `status` = 1 )  [ RunTime:0.000393s ]
NOTIC: [2] Cannot use a scalar value as an array D:\www\qmyx.wuyelaile.com\weiwincms\_Core\Lib\Core\View.class.php ç¬¬ 69 è¡Œ.
INFO: [ view_template ] --START--
INFO: Run LocationTemplate Behavior [ RunTime:-0.308828s ]
INFO: [ view_template ] --END-- [ RunTime:0.070766s ]
INFO: [ view_parse ] --START--
INFO: Run ParseTemplate Behavior [ RunTime:-0.379869s ]
INFO: [ view_parse ] --END-- [ RunTime:0.102015s ]
INFO: [ view_filter ] --START--
INFO: Run ContentReplace Behavior [ RunTime:-0.481880s ]
INFO: Run TokenBuild Behavior [ RunTime:-0.484041s ]
INFO: Run WriteHtmlCache Behavior [ RunTime:-0.486553s ]
INFO: Run ShowRuntime Behavior [ RunTime:-0.488378s ]
INFO: [ view_filter ] --END-- [ RunTime:0.008334s ]
INFO: [ view_end ] --START--
INFO: Run ShowPageTrace Behavior [ RunTime:-0.490310s ]
INFO: [ view_end ] --END-- [ RunTime:0.002300s ]

[ 2016-04-28T15:35:18+08:00 ] 123.125.71.49 /
NOTIC: [32] PHP Startup: Unable to load dynamic library 'D:\WebServer\php-5.2.5 (x64)\ext\php_fileinfo.dll' - ÕÒ²»µ½Ö¸¶¨µÄÄ£¿é¡£
 Unknown ç¬¬ 0 è¡Œ.

[ 2016-04-28T22:56:33+08:00 ] 220.181.108.150 /
INFO: [ app_begin ] --START--
INFO: Run ReadHtmlCache Behavior [ RunTime:0.001105s ]
INFO: [ app_begin ] --END-- [ RunTime:0.001286s ]
SQL: SHOW COLUMNS FROM `wy_links` [ RunTime:0.005955s ]
SQL: SELECT * FROM `wy_links` WHERE ( `status` = 1 )  [ RunTime:0.000239s ]
NOTIC: [2] Cannot use a scalar value as an array D:\www\qmyx.wuyelaile.com\weiwincms\_Core\Lib\Core\View.class.php ç¬¬ 69 è¡Œ.
INFO: [ view_template ] --START--
INFO: Run LocationTemplate Behavior [ RunTime:-0.030000s ]
INFO: [ view_template ] --END-- [ RunTime:0.001713s ]
INFO: [ view_parse ] --START--
INFO: Run ParseTemplate Behavior [ RunTime:-0.031797s ]
INFO: [ view_parse ] --END-- [ RunTime:0.021025s ]
INFO: [ view_filter ] --START--
INFO: Run ContentReplace Behavior [ RunTime:-0.052967s ]
INFO: Run TokenBuild Behavior [ RunTime:-0.053979s ]
INFO: Run WriteHtmlCache Behavior [ RunTime:-0.055159s ]
INFO: Run ShowRuntime Behavior [ RunTime:-0.055961s ]
INFO: [ view_filter ] --END-- [ RunTime:0.004051s ]
INFO: [ view_end ] --START--
INFO: Run ShowPageTrace Behavior [ RunTime:-0.057112s ]
INFO: [ view_end ] --END-- [ RunTime:0.001173s ]

[ 2016-04-28T22:56:33+08:00 ] 220.181.108.150 /
NOTIC: [32] PHP Startup: Unable to load dynamic library 'D:\WebServer\php-5.2.5 (x64)\ext\php_fileinfo.dll' - ÕÒ²»µ½Ö¸¶¨µÄÄ£¿é¡£
 Unknown ç¬¬ 0 è¡Œ.

