[ 2016-01-22T05:12:19+08:00 ] 183.136.190.62 /
INFO: [ app_begin ] --START--
INFO: Run ReadHtmlCache Behavior [ RunTime:0.002011s ]
INFO: [ app_begin ] --END-- [ RunTime:0.002216s ]
SQL: SHOW COLUMNS FROM `wy_links` [ RunTime:0.037001s ]
SQL: SELECT * FROM `wy_links` WHERE ( `status` = 1 )  [ RunTime:0.000341s ]
NOTIC: [2] Cannot use a scalar value as an array D:\www\qmyx.wuyelaile.com\weiwincms\_Core\Lib\Core\View.class.php 第 69 行.
INFO: [ view_template ] --START--
INFO: Run LocationTemplate Behavior [ RunTime:-0.065107s ]
INFO: [ view_template ] --END-- [ RunTime:0.002398s ]
INFO: [ view_parse ] --START--
INFO: Run ParseTemplate Behavior [ RunTime:-0.067592s ]
INFO: [ view_parse ] --END-- [ RunTime:0.028592s ]
INFO: [ view_filter ] --START--
INFO: Run ContentReplace Behavior [ RunTime:-0.096259s ]
INFO: Run TokenBuild Behavior [ RunTime:-0.097807s ]
INFO: Run WriteHtmlCache Behavior [ RunTime:-0.099589s ]
INFO: Run ShowRuntime Behavior [ RunTime:-0.100897s ]
INFO: [ view_filter ] --END-- [ RunTime:0.006225s ]
INFO: [ view_end ] --START--
INFO: Run ShowPageTrace Behavior [ RunTime:-0.102584s ]
INFO: [ view_end ] --END-- [ RunTime:0.001739s ]

