[ 2016-04-25T02:50:19+08:00 ] 123.125.71.27 /
INFO: [ app_begin ] --START--
INFO: Run ReadHtmlCache Behavior [ RunTime:0.006226s ]
INFO: [ app_begin ] --END-- [ RunTime:0.008130s ]
SQL: SHOW COLUMNS FROM `wy_links` [ RunTime:0.103938s ]
SQL: SELECT * FROM `wy_links` WHERE ( `status` = 1 )  [ RunTime:0.000424s ]
NOTIC: [2] Cannot use a scalar value as an array D:\www\qmyx.wuyelaile.com\weiwincms\_Core\Lib\Core\View.class.php Á¨¨ 69 Ë°å.
INFO: [ view_template ] --START--
INFO: Run LocationTemplate Behavior [ RunTime:-0.190272s ]
INFO: [ view_template ] --END-- [ RunTime:0.060331s ]
INFO: [ view_parse ] --START--
INFO: Run ParseTemplate Behavior [ RunTime:-0.250763s ]
INFO: [ view_parse ] --END-- [ RunTime:0.081255s ]
INFO: [ view_filter ] --START--
INFO: Run ContentReplace Behavior [ RunTime:-0.332177s ]
INFO: Run TokenBuild Behavior [ RunTime:-0.335072s ]
INFO: Run WriteHtmlCache Behavior [ RunTime:-0.337543s ]
INFO: Run ShowRuntime Behavior [ RunTime:-0.339753s ]
INFO: [ view_filter ] --END-- [ RunTime:0.009968s ]
INFO: [ view_end ] --START--
INFO: Run ShowPageTrace Behavior [ RunTime:-0.342215s ]
INFO: [ view_end ] --END-- [ RunTime:0.002987s ]

[ 2016-04-25T02:50:19+08:00 ] 123.125.71.27 /
NOTIC: [32] PHP Startup: Unable to load dynamic library 'D:\WebServer\php-5.2.5 (x64)\ext\php_fileinfo.dll' - ’“≤ªµΩ÷∏∂®µƒƒ£øÈ°£
 Unknown Á¨¨ 0 Ë°å.

[ 2016-04-25T03:23:40+08:00 ] ERR: (ThinkException) Êó†Ê≥ïÂä†ËΩΩÊ®°Âùó:agent
[ 2016-04-25T11:42:14+08:00 ] 123.125.71.18 /
INFO: [ app_begin ] --START--
INFO: Run ReadHtmlCache Behavior [ RunTime:0.004744s ]
INFO: [ app_begin ] --END-- [ RunTime:0.004924s ]
SQL: SHOW COLUMNS FROM `wy_links` [ RunTime:0.076234s ]
SQL: SELECT * FROM `wy_links` WHERE ( `status` = 1 )  [ RunTime:0.000275s ]
NOTIC: [2] Cannot use a scalar value as an array D:\www\qmyx.wuyelaile.com\weiwincms\_Core\Lib\Core\View.class.php Á¨¨ 69 Ë°å.
INFO: [ view_template ] --START--
INFO: Run LocationTemplate Behavior [ RunTime:-0.138849s ]
INFO: [ view_template ] --END-- [ RunTime:0.028674s ]
INFO: [ view_parse ] --START--
INFO: Run ParseTemplate Behavior [ RunTime:-0.167694s ]
INFO: [ view_parse ] --END-- [ RunTime:0.076166s ]
INFO: [ view_filter ] --START--
INFO: Run ContentReplace Behavior [ RunTime:-0.243938s ]
INFO: Run TokenBuild Behavior [ RunTime:-0.247205s ]
INFO: Run WriteHtmlCache Behavior [ RunTime:-0.250239s ]
INFO: Run ShowRuntime Behavior [ RunTime:-0.252667s ]
INFO: [ view_filter ] --END-- [ RunTime:0.011390s ]
INFO: [ view_end ] --START--
INFO: Run ShowPageTrace Behavior [ RunTime:-0.255506s ]
INFO: [ view_end ] --END-- [ RunTime:0.002844s ]

