[ 2016-06-08T13:16:38+08:00 ] ERR: (ThinkException) 无法加载模块:agent
[ 2016-06-08T17:53:57+08:00 ] 220.181.108.121 /
INFO: [ app_begin ] --START--
INFO: Run ReadHtmlCache Behavior [ RunTime:0.001160s ]
INFO: [ app_begin ] --END-- [ RunTime:0.001317s ]
SQL: SHOW COLUMNS FROM `wy_links` [ RunTime:0.006213s ]
SQL: SELECT * FROM `wy_links` WHERE ( `status` = 1 )  [ RunTime:0.000413s ]
NOTIC: [2] Cannot use a scalar value as an array D:\www\qmyx.wuyelaile.com\weiwincms\_Core\Lib\Core\View.class.php 第 69 行.
INFO: [ view_template ] --START--
INFO: Run LocationTemplate Behavior [ RunTime:-0.027143s ]
INFO: [ view_template ] --END-- [ RunTime:0.002297s ]
INFO: [ view_parse ] --START--
INFO: Run ParseTemplate Behavior [ RunTime:-0.029605s ]
INFO: [ view_parse ] --END-- [ RunTime:0.021111s ]
INFO: [ view_filter ] --START--
INFO: Run ContentReplace Behavior [ RunTime:-0.050780s ]
INFO: Run TokenBuild Behavior [ RunTime:-0.052261s ]
INFO: Run WriteHtmlCache Behavior [ RunTime:-0.053950s ]
INFO: Run ShowRuntime Behavior [ RunTime:-0.055175s ]
INFO: [ view_filter ] --END-- [ RunTime:0.005944s ]
INFO: [ view_end ] --START--
INFO: Run ShowPageTrace Behavior [ RunTime:-0.056863s ]
INFO: [ view_end ] --END-- [ RunTime:0.001655s ]

