[ 2016-03-19T01:43:17+08:00 ] ERR: (ThinkException) Êó†Ê≥ïÂä†ËΩΩÊ®°Âùó:agent
[ 2016-03-19T04:27:05+08:00 ] 121.42.0.35 /
INFO: [ app_begin ] --START--
INFO: Run ReadHtmlCache Behavior [ RunTime:0.001093s ]
INFO: [ app_begin ] --END-- [ RunTime:0.001265s ]
SQL: SHOW COLUMNS FROM `wy_links` [ RunTime:0.096374s ]
SQL: SELECT * FROM `wy_links` WHERE ( `status` = 1 )  [ RunTime:0.000402s ]
NOTIC: [2] Cannot use a scalar value as an array D:\www\qmyx.wuyelaile.com\weiwincms\_Core\Lib\Core\View.class.php Á¨¨ 69 Ë°å.
INFO: [ view_template ] --START--
INFO: Run LocationTemplate Behavior [ RunTime:-0.178658s ]
INFO: [ view_template ] --END-- [ RunTime:0.001736s ]
INFO: [ view_parse ] --START--
INFO: Run ParseTemplate Behavior [ RunTime:-0.180479s ]
INFO: [ view_parse ] --END-- [ RunTime:0.027604s ]
INFO: [ view_filter ] --START--
INFO: Run ContentReplace Behavior [ RunTime:-0.208160s ]
INFO: Run TokenBuild Behavior [ RunTime:-0.209154s ]
INFO: Run WriteHtmlCache Behavior [ RunTime:-0.210340s ]
INFO: Run ShowRuntime Behavior [ RunTime:-0.211165s ]
INFO: [ view_filter ] --END-- [ RunTime:0.004092s ]
INFO: [ view_end ] --START--
INFO: Run ShowPageTrace Behavior [ RunTime:-0.212345s ]
INFO: [ view_end ] --END-- [ RunTime:0.001221s ]

[ 2016-03-19T04:27:05+08:00 ] 121.42.0.35 /
NOTIC: [32] PHP Startup: Unable to load dynamic library 'D:\WebServer\php-5.2.5 (x64)\ext\php_fileinfo.dll' - ’“≤ªµΩ÷∏∂®µƒƒ£øÈ°£
 Unknown Á¨¨ 0 Ë°å.

[ 2016-03-19T14:58:39+08:00 ] 123.125.71.75 /
INFO: [ app_begin ] --START--
INFO: Run ReadHtmlCache Behavior [ RunTime:0.002078s ]
INFO: [ app_begin ] --END-- [ RunTime:0.002264s ]
SQL: SHOW COLUMNS FROM `wy_links` [ RunTime:0.052018s ]
SQL: SELECT * FROM `wy_links` WHERE ( `status` = 1 )  [ RunTime:0.000491s ]
NOTIC: [2] Cannot use a scalar value as an array D:\www\qmyx.wuyelaile.com\weiwincms\_Core\Lib\Core\View.class.php Á¨¨ 69 Ë°å.
INFO: [ view_template ] --START--
INFO: Run LocationTemplate Behavior [ RunTime:-0.119313s ]
INFO: [ view_template ] --END-- [ RunTime:0.024769s ]
INFO: [ view_parse ] --START--
INFO: Run ParseTemplate Behavior [ RunTime:-0.144200s ]
INFO: [ view_parse ] --END-- [ RunTime:0.070315s ]
INFO: [ view_filter ] --START--
INFO: Run ContentReplace Behavior [ RunTime:-0.214593s ]
INFO: Run TokenBuild Behavior [ RunTime:-0.216583s ]
INFO: Run WriteHtmlCache Behavior [ RunTime:-0.218981s ]
INFO: Run ShowRuntime Behavior [ RunTime:-0.221026s ]
INFO: [ view_filter ] --END-- [ RunTime:0.008763s ]
INFO: [ view_end ] --START--
INFO: Run ShowPageTrace Behavior [ RunTime:-0.223453s ]
INFO: [ view_end ] --END-- [ RunTime:0.002221s ]

[ 2016-03-19T14:58:39+08:00 ] 123.125.71.75 /
NOTIC: [32] PHP Startup: Unable to load dynamic library 'D:\WebServer\php-5.2.5 (x64)\ext\php_fileinfo.dll' - ’“≤ªµΩ÷∏∂®µƒƒ£øÈ°£
 Unknown Á¨¨ 0 Ë°å.

[ 2016-03-19T21:16:58+08:00 ] 121.42.0.35 /
INFO: [ app_begin ] --START--
INFO: Run ReadHtmlCache Behavior [ RunTime:0.001149s ]
INFO: [ app_begin ] --END-- [ RunTime:0.001332s ]
SQL: SHOW COLUMNS FROM `wy_links` [ RunTime:0.037141s ]
SQL: SELECT * FROM `wy_links` WHERE ( `status` = 1 )  [ RunTime:0.000266s ]
NOTIC: [2] Cannot use a scalar value as an array D:\www\qmyx.wuyelaile.com\weiwincms\_Core\Lib\Core\View.class.php Á¨¨ 69 Ë°å.
INFO: [ view_template ] --START--
INFO: Run LocationTemplate Behavior [ RunTime:-0.062133s ]
INFO: [ view_template ] --END-- [ RunTime:0.001657s ]
INFO: [ view_parse ] --START--
INFO: Run ParseTemplate Behavior [ RunTime:-0.063876s ]
INFO: [ view_parse ] --END-- [ RunTime:0.027911s ]
INFO: [ view_filter ] --START--
INFO: Run ContentReplace Behavior [ RunTime:-0.091886s ]
INFO: Run TokenBuild Behavior [ RunTime:-0.092914s ]
INFO: Run WriteHtmlCache Behavior [ RunTime:-0.094110s ]
INFO: Run ShowRuntime Behavior [ RunTime:-0.094962s ]
INFO: [ view_filter ] --END-- [ RunTime:0.004272s ]
INFO: [ view_end ] --START--
INFO: Run ShowPageTrace Behavior [ RunTime:-0.096231s ]
INFO: [ view_end ] --END-- [ RunTime:0.001263s ]

[ 2016-03-19T21:16:58+08:00 ] 121.42.0.35 /
NOTIC: [32] PHP Startup: Unable to load dynamic library 'D:\WebServer\php-5.2.5 (x64)\ext\php_fileinfo.dll' - ’“≤ªµΩ÷∏∂®µƒƒ£øÈ°£
 Unknown Á¨¨ 0 Ë°å.

