[ 2016-04-02T00:43:31+08:00 ] 123.125.71.91 /
INFO: [ app_begin ] --START--
INFO: Run ReadHtmlCache Behavior [ RunTime:0.002959s ]
INFO: [ app_begin ] --END-- [ RunTime:0.003167s ]
SQL: SHOW COLUMNS FROM `wy_links` [ RunTime:0.138640s ]
SQL: SELECT * FROM `wy_links` WHERE ( `status` = 1 )  [ RunTime:0.000455s ]
NOTIC: [2] Cannot use a scalar value as an array D:\www\qmyx.wuyelaile.com\weiwincms\_Core\Lib\Core\View.class.php Á¨¨ 69 Ë°å.
INFO: [ view_template ] --START--
INFO: Run LocationTemplate Behavior [ RunTime:-0.204923s ]
INFO: [ view_template ] --END-- [ RunTime:0.020759s ]
INFO: [ view_parse ] --START--
INFO: Run ParseTemplate Behavior [ RunTime:-0.225872s ]
INFO: [ view_parse ] --END-- [ RunTime:0.229275s ]
INFO: [ view_filter ] --START--
INFO: Run ContentReplace Behavior [ RunTime:-0.455474s ]
INFO: Run TokenBuild Behavior [ RunTime:-0.458116s ]
INFO: Run WriteHtmlCache Behavior [ RunTime:-0.460376s ]
INFO: Run ShowRuntime Behavior [ RunTime:-0.462441s ]
INFO: [ view_filter ] --END-- [ RunTime:0.009535s ]
INFO: [ view_end ] --START--
INFO: Run ShowPageTrace Behavior [ RunTime:-0.465140s ]
INFO: [ view_end ] --END-- [ RunTime:0.002626s ]

[ 2016-04-02T00:43:31+08:00 ] 123.125.71.91 /
NOTIC: [32] PHP Startup: Unable to load dynamic library 'D:\WebServer\php-5.2.5 (x64)\ext\php_fileinfo.dll' - ’“≤ªµΩ÷∏∂®µƒƒ£øÈ°£
 Unknown Á¨¨ 0 Ë°å.

[ 2016-04-02T22:19:18+08:00 ] ERR: (ThinkException) Êó†Ê≥ïÂä†ËΩΩÊ®°Âùó:agent
