[ 2016-03-04T15:52:58+08:00 ] 220.181.108.105 /
INFO: [ app_begin ] --START--
INFO: Run ReadHtmlCache Behavior [ RunTime:0.001581s ]
INFO: [ app_begin ] --END-- [ RunTime:0.001734s ]
SQL: SHOW COLUMNS FROM `wy_links` [ RunTime:0.036141s ]
SQL: SELECT * FROM `wy_links` WHERE ( `status` = 1 )  [ RunTime:0.000263s ]
NOTIC: [2] Cannot use a scalar value as an array D:\www\qmyx.wuyelaile.com\weiwincms\_Core\Lib\Core\View.class.php 第 69 行.
INFO: [ view_template ] --START--
INFO: Run LocationTemplate Behavior [ RunTime:-0.064063s ]
INFO: [ view_template ] --END-- [ RunTime:0.002473s ]
INFO: [ view_parse ] --START--
INFO: Run ParseTemplate Behavior [ RunTime:-0.066598s ]
INFO: [ view_parse ] --END-- [ RunTime:0.030562s ]
INFO: [ view_filter ] --START--
INFO: Run ContentReplace Behavior [ RunTime:-0.097239s ]
INFO: Run TokenBuild Behavior [ RunTime:-0.098617s ]
INFO: Run WriteHtmlCache Behavior [ RunTime:-0.100179s ]
INFO: Run ShowRuntime Behavior [ RunTime:-0.101564s ]
INFO: [ view_filter ] --END-- [ RunTime:0.005815s ]
INFO: [ view_end ] --START--
INFO: Run ShowPageTrace Behavior [ RunTime:-0.103199s ]
INFO: [ view_end ] --END-- [ RunTime:0.001613s ]

