[ 2016-05-15T06:07:53+08:00 ] 183.136.190.40 /
INFO: [ app_begin ] --START--
INFO: Run ReadHtmlCache Behavior [ RunTime:0.001095s ]
INFO: [ app_begin ] --END-- [ RunTime:0.001281s ]
SQL: SHOW COLUMNS FROM `wy_links` [ RunTime:0.004619s ]
SQL: SELECT * FROM `wy_links` WHERE ( `status` = 1 )  [ RunTime:0.000215s ]
NOTIC: [2] Cannot use a scalar value as an array D:\www\qmyx.wuyelaile.com\weiwincms\_Core\Lib\Core\View.class.php ç¬¬ 69 è¡Œ.
INFO: [ view_template ] --START--
INFO: Run LocationTemplate Behavior [ RunTime:-0.028646s ]
INFO: [ view_template ] --END-- [ RunTime:0.001631s ]
INFO: [ view_parse ] --START--
INFO: Run ParseTemplate Behavior [ RunTime:-0.030369s ]
INFO: [ view_parse ] --END-- [ RunTime:0.020602s ]
INFO: [ view_filter ] --START--
INFO: Run ContentReplace Behavior [ RunTime:-0.051039s ]
INFO: Run TokenBuild Behavior [ RunTime:-0.051999s ]
INFO: Run WriteHtmlCache Behavior [ RunTime:-0.053178s ]
INFO: Run ShowRuntime Behavior [ RunTime:-0.054004s ]
INFO: [ view_filter ] --END-- [ RunTime:0.004017s ]
INFO: [ view_end ] --START--
INFO: Run ShowPageTrace Behavior [ RunTime:-0.055154s ]
INFO: [ view_end ] --END-- [ RunTime:0.001175s ]

[ 2016-05-15T06:07:53+08:00 ] 183.136.190.40 /
NOTIC: [32] PHP Startup: Unable to load dynamic library 'D:\WebServer\php-5.2.5 (x64)\ext\php_fileinfo.dll' - ÕÒ²»µ½Ö¸¶¨µÄÄ£¿é¡£
 Unknown ç¬¬ 0 è¡Œ.

[ 2016-05-15T09:09:42+08:00 ] 121.42.0.34 /
INFO: [ app_begin ] --START--
INFO: Run ReadHtmlCache Behavior [ RunTime:0.001143s ]
INFO: [ app_begin ] --END-- [ RunTime:0.001287s ]
SQL: SHOW COLUMNS FROM `wy_links` [ RunTime:0.005323s ]
SQL: SELECT * FROM `wy_links` WHERE ( `status` = 1 )  [ RunTime:0.000227s ]
NOTIC: [2] Cannot use a scalar value as an array D:\www\qmyx.wuyelaile.com\weiwincms\_Core\Lib\Core\View.class.php ç¬¬ 69 è¡Œ.
INFO: [ view_template ] --START--
INFO: Run LocationTemplate Behavior [ RunTime:-0.025949s ]
INFO: [ view_template ] --END-- [ RunTime:0.001713s ]
INFO: [ view_parse ] --START--
INFO: Run ParseTemplate Behavior [ RunTime:-0.027758s ]
INFO: [ view_parse ] --END-- [ RunTime:0.021858s ]
INFO: [ view_filter ] --START--
INFO: Run ContentReplace Behavior [ RunTime:-0.049705s ]
INFO: Run TokenBuild Behavior [ RunTime:-0.051242s ]
INFO: Run WriteHtmlCache Behavior [ RunTime:-0.053034s ]
INFO: Run ShowRuntime Behavior [ RunTime:-0.054325s ]
INFO: [ view_filter ] --END-- [ RunTime:0.006131s ]
INFO: [ view_end ] --START--
INFO: Run ShowPageTrace Behavior [ RunTime:-0.055929s ]
INFO: [ view_end ] --END-- [ RunTime:0.001673s ]

[ 2016-05-15T18:03:47+08:00 ] 183.136.190.62 /
INFO: [ app_begin ] --START--
INFO: Run ReadHtmlCache Behavior [ RunTime:0.001346s ]
INFO: [ app_begin ] --END-- [ RunTime:0.001634s ]
SQL: SHOW COLUMNS FROM `wy_links` [ RunTime:0.004890s ]
SQL: SELECT * FROM `wy_links` WHERE ( `status` = 1 )  [ RunTime:0.000313s ]
NOTIC: [2] Cannot use a scalar value as an array D:\www\qmyx.wuyelaile.com\weiwincms\_Core\Lib\Core\View.class.php ç¬¬ 69 è¡Œ.
INFO: [ view_template ] --START--
INFO: Run LocationTemplate Behavior [ RunTime:-0.028036s ]
INFO: [ view_template ] --END-- [ RunTime:0.001667s ]
INFO: [ view_parse ] --START--
INFO: Run ParseTemplate Behavior [ RunTime:-0.029820s ]
INFO: [ view_parse ] --END-- [ RunTime:0.020481s ]
INFO: [ view_filter ] --START--
INFO: Run ContentReplace Behavior [ RunTime:-0.050372s ]
INFO: Run TokenBuild Behavior [ RunTime:-0.051375s ]
INFO: Run WriteHtmlCache Behavior [ RunTime:-0.052581s ]
INFO: Run ShowRuntime Behavior [ RunTime:-0.053425s ]
INFO: [ view_filter ] --END-- [ RunTime:0.004147s ]
INFO: [ view_end ] --START--
INFO: Run ShowPageTrace Behavior [ RunTime:-0.054617s ]
INFO: [ view_end ] --END-- [ RunTime:0.001220s ]

[ 2016-05-15T18:03:47+08:00 ] 183.136.190.62 /
NOTIC: [32] PHP Startup: Unable to load dynamic library 'D:\WebServer\php-5.2.5 (x64)\ext\php_fileinfo.dll' - ÕÒ²»µ½Ö¸¶¨µÄÄ£¿é¡£
 Unknown ç¬¬ 0 è¡Œ.

