[ 2016-01-25T03:47:31+08:00 ] ERR: (ThinkException) 无法加载模块:attachment
[ 2016-01-25T04:54:50+08:00 ] 183.136.190.62 /
INFO: [ app_begin ] --START--
INFO: Run ReadHtmlCache Behavior [ RunTime:0.001117s ]
INFO: [ app_begin ] --END-- [ RunTime:0.001305s ]
SQL: SHOW COLUMNS FROM `wy_links` [ RunTime:0.172095s ]
SQL: SELECT * FROM `wy_links` WHERE ( `status` = 1 )  [ RunTime:0.000251s ]
NOTIC: [2] Cannot use a scalar value as an array D:\www\qmyx.wuyelaile.com\weiwincms\_Core\Lib\Core\View.class.php 第 69 行.
INFO: [ view_template ] --START--
INFO: Run LocationTemplate Behavior [ RunTime:-0.196123s ]
INFO: [ view_template ] --END-- [ RunTime:0.002767s ]
INFO: [ view_parse ] --START--
INFO: Run ParseTemplate Behavior [ RunTime:-0.198949s ]
INFO: [ view_parse ] --END-- [ RunTime:0.023319s ]
INFO: [ view_filter ] --START--
INFO: Run ContentReplace Behavior [ RunTime:-0.222365s ]
INFO: Run TokenBuild Behavior [ RunTime:-0.224387s ]
INFO: Run WriteHtmlCache Behavior [ RunTime:-0.226293s ]
INFO: Run ShowRuntime Behavior [ RunTime:-0.227669s ]
INFO: [ view_filter ] --END-- [ RunTime:0.007112s ]
INFO: [ view_end ] --START--
INFO: Run ShowPageTrace Behavior [ RunTime:-0.229592s ]
INFO: [ view_end ] --END-- [ RunTime:0.001979s ]

[ 2016-01-25T13:49:07+08:00 ] 220.181.108.76 /
INFO: [ app_begin ] --START--
INFO: Run ReadHtmlCache Behavior [ RunTime:0.001555s ]
INFO: [ app_begin ] --END-- [ RunTime:0.001692s ]
SQL: SHOW COLUMNS FROM `wy_links` [ RunTime:0.006975s ]
SQL: SELECT * FROM `wy_links` WHERE ( `status` = 1 )  [ RunTime:0.000269s ]
NOTIC: [2] Cannot use a scalar value as an array D:\www\qmyx.wuyelaile.com\weiwincms\_Core\Lib\Core\View.class.php 第 69 行.
INFO: [ view_template ] --START--
INFO: Run LocationTemplate Behavior [ RunTime:-0.030834s ]
INFO: [ view_template ] --END-- [ RunTime:0.002067s ]
INFO: [ view_parse ] --START--
INFO: Run ParseTemplate Behavior [ RunTime:-0.032983s ]
INFO: [ view_parse ] --END-- [ RunTime:0.022378s ]
INFO: [ view_filter ] --START--
INFO: Run ContentReplace Behavior [ RunTime:-0.055432s ]
INFO: Run TokenBuild Behavior [ RunTime:-0.057542s ]
INFO: Run WriteHtmlCache Behavior [ RunTime:-0.059450s ]
INFO: Run ShowRuntime Behavior [ RunTime:-0.060952s ]
INFO: [ view_filter ] --END-- [ RunTime:0.007206s ]
INFO: [ view_end ] --START--
INFO: Run ShowPageTrace Behavior [ RunTime:-0.062815s ]
INFO: [ view_end ] --END-- [ RunTime:0.002082s ]

