[ 2016-07-10T08:28:36+08:00 ] 42.156.251.187 /
INFO: [ app_begin ] --START--
INFO: Run ReadHtmlCache Behavior [ RunTime:0.001256s ]
INFO: [ app_begin ] --END-- [ RunTime:0.001399s ]
SQL: SHOW COLUMNS FROM `wy_links` [ RunTime:0.005789s ]
SQL: SELECT * FROM `wy_links` WHERE ( `status` = 1 )  [ RunTime:0.000472s ]
NOTIC: [2] Cannot use a scalar value as an array D:\www\qmyx.wuyelaile.com\weiwincms\_Core\Lib\Core\View.class.php 第 69 行.
INFO: [ view_template ] --START--
INFO: Run LocationTemplate Behavior [ RunTime:-0.027845s ]
INFO: [ view_template ] --END-- [ RunTime:0.002361s ]
INFO: [ view_parse ] --START--
INFO: Run ParseTemplate Behavior [ RunTime:-0.030340s ]
INFO: [ view_parse ] --END-- [ RunTime:0.024009s ]
INFO: [ view_filter ] --START--
INFO: Run ContentReplace Behavior [ RunTime:-0.054442s ]
INFO: Run TokenBuild Behavior [ RunTime:-0.056110s ]
INFO: Run WriteHtmlCache Behavior [ RunTime:-0.057967s ]
INFO: Run ShowRuntime Behavior [ RunTime:-0.059264s ]
INFO: [ view_filter ] --END-- [ RunTime:0.006361s ]
INFO: [ view_end ] --START--
INFO: Run ShowPageTrace Behavior [ RunTime:-0.060902s ]
INFO: [ view_end ] --END-- [ RunTime:0.001880s ]

