[ 2016-03-08T05:08:59+08:00 ] 183.136.190.62 /
INFO: [ app_begin ] --START--
INFO: Run ReadHtmlCache Behavior [ RunTime:0.001153s ]
INFO: [ app_begin ] --END-- [ RunTime:0.001319s ]
SQL: SHOW COLUMNS FROM `wy_links` [ RunTime:0.007418s ]
SQL: SELECT * FROM `wy_links` WHERE ( `status` = 1 )  [ RunTime:0.000234s ]
NOTIC: [2] Cannot use a scalar value as an array D:\www\qmyx.wuyelaile.com\weiwincms\_Core\Lib\Core\View.class.php 第 69 行.
INFO: [ view_template ] --START--
INFO: Run LocationTemplate Behavior [ RunTime:-0.032421s ]
INFO: [ view_template ] --END-- [ RunTime:0.002305s ]
INFO: [ view_parse ] --START--
INFO: Run ParseTemplate Behavior [ RunTime:-0.034812s ]
INFO: [ view_parse ] --END-- [ RunTime:0.023851s ]
INFO: [ view_filter ] --START--
INFO: Run ContentReplace Behavior [ RunTime:-0.058747s ]
INFO: Run TokenBuild Behavior [ RunTime:-0.060392s ]
INFO: Run WriteHtmlCache Behavior [ RunTime:-0.062920s ]
INFO: Run ShowRuntime Behavior [ RunTime:-0.065116s ]
INFO: [ view_filter ] --END-- [ RunTime:0.008879s ]
INFO: [ view_end ] --START--
INFO: Run ShowPageTrace Behavior [ RunTime:-0.067850s ]
INFO: [ view_end ] --END-- [ RunTime:0.002743s ]

