[ 2016-02-04T04:49:36+08:00 ] 121.42.0.34 /
INFO: [ app_begin ] --START--
INFO: Run ReadHtmlCache Behavior [ RunTime:0.003559s ]
INFO: [ app_begin ] --END-- [ RunTime:0.003710s ]
SQL: SHOW COLUMNS FROM `wy_links` [ RunTime:0.151905s ]
SQL: SELECT * FROM `wy_links` WHERE ( `status` = 1 )  [ RunTime:0.000370s ]
NOTIC: [2] Cannot use a scalar value as an array D:\www\qmyx.wuyelaile.com\weiwincms\_Core\Lib\Core\View.class.php 第 69 行.
INFO: [ view_template ] --START--
INFO: Run LocationTemplate Behavior [ RunTime:-0.244289s ]
INFO: [ view_template ] --END-- [ RunTime:0.046759s ]
INFO: [ view_parse ] --START--
INFO: Run ParseTemplate Behavior [ RunTime:-0.291173s ]
INFO: [ view_parse ] --END-- [ RunTime:0.119756s ]
INFO: [ view_filter ] --START--
INFO: Run ContentReplace Behavior [ RunTime:-0.410987s ]
INFO: Run TokenBuild Behavior [ RunTime:-0.413531s ]
INFO: Run WriteHtmlCache Behavior [ RunTime:-0.416048s ]
INFO: Run ShowRuntime Behavior [ RunTime:-0.418042s ]
INFO: [ view_filter ] --END-- [ RunTime:0.009900s ]
INFO: [ view_end ] --START--
INFO: Run ShowPageTrace Behavior [ RunTime:-0.420985s ]
INFO: [ view_end ] --END-- [ RunTime:0.002429s ]

