[ 2016-01-04T09:52:32+08:00 ] 123.125.71.20 /index.php?g=Wap&m=Agent&a=index&token=jeifef1412084627&wecha_id=oI5B3uFvj5VU7zO-FuwxOrnKXkNI
INFO: [ app_begin ] --START--
INFO: Run ReadHtmlCache Behavior [ RunTime:0.001433s ]
INFO: [ app_begin ] --END-- [ RunTime:0.001581s ]
SQL: SHOW COLUMNS FROM `wy_lpinfo` [ RunTime:0.505497s ]
SQL: SELECT * FROM `wy_lpinfo` WHERE ( `token` = 'jeifef1412084627' ) ORDER BY houseSort desc,id desc LIMIT 0,20   [ RunTime:0.061838s ]
SQL: SHOW COLUMNS FROM `wy_jjr` [ RunTime:0.085773s ]
SQL: SELECT * FROM `wy_jjr` WHERE ( `Wecha_id` = 'oI5B3uFvj5VU7zO-FuwxOrnKXkNI' ) AND ( `Token` = 'jeifef1412084627' ) LIMIT 1   [ RunTime:0.002568s ]
SQL: SHOW COLUMNS FROM `wy_share_content` [ RunTime:0.176910s ]
SQL: SELECT * FROM `wy_share_content` WHERE token='jeifef1412084627' LIMIT 1   [ RunTime:0.000529s ]
NOTIC: [2] Cannot use a scalar value as an array D:\www\qmyx.wuyelaile.com\weiwincms\_Core\Lib\Core\View.class.php 第 69 行.
INFO: [ view_template ] --START--
INFO: Run LocationTemplate Behavior [ RunTime:-1.033887s ]
INFO: [ view_template ] --END-- [ RunTime:0.094458s ]
INFO: [ view_parse ] --START--
INFO: Run ParseTemplate Behavior [ RunTime:-1.128497s ]
INFO: [ view_parse ] --END-- [ RunTime:0.148402s ]
INFO: [ view_filter ] --START--
INFO: Run ContentReplace Behavior [ RunTime:-1.276978s ]
INFO: Run TokenBuild Behavior [ RunTime:-1.278632s ]
INFO: Run WriteHtmlCache Behavior [ RunTime:-1.280391s ]
INFO: Run ShowRuntime Behavior [ RunTime:-1.281755s ]
INFO: [ view_filter ] --END-- [ RunTime:0.006420s ]
INFO: [ view_end ] --START--
INFO: Run ShowPageTrace Behavior [ RunTime:-1.283508s ]
INFO: [ view_end ] --END-- [ RunTime:0.001796s ]

