[ 2016-05-28T05:23:51+08:00 ] 183.136.190.62 /
INFO: [ app_begin ] --START--
INFO: Run ReadHtmlCache Behavior [ RunTime:0.004020s ]
INFO: [ app_begin ] --END-- [ RunTime:0.004204s ]
SQL: SHOW COLUMNS FROM `wy_links` [ RunTime:0.067697s ]
SQL: SELECT * FROM `wy_links` WHERE ( `status` = 1 )  [ RunTime:0.000371s ]
NOTIC: [2] Cannot use a scalar value as an array D:\www\qmyx.wuyelaile.com\weiwincms\_Core\Lib\Core\View.class.php 第 69 行.
INFO: [ view_template ] --START--
INFO: Run LocationTemplate Behavior [ RunTime:-0.119368s ]
INFO: [ view_template ] --END-- [ RunTime:0.154702s ]
INFO: [ view_parse ] --START--
INFO: Run ParseTemplate Behavior [ RunTime:-0.274283s ]
INFO: [ view_parse ] --END-- [ RunTime:0.093094s ]
INFO: [ view_filter ] --START--
INFO: Run ContentReplace Behavior [ RunTime:-0.367431s ]
INFO: Run TokenBuild Behavior [ RunTime:-0.370451s ]
INFO: Run WriteHtmlCache Behavior [ RunTime:-0.373605s ]
INFO: Run ShowRuntime Behavior [ RunTime:-0.376015s ]
INFO: [ view_filter ] --END-- [ RunTime:0.011037s ]
INFO: [ view_end ] --START--
INFO: Run ShowPageTrace Behavior [ RunTime:-0.378585s ]
INFO: [ view_end ] --END-- [ RunTime:0.002817s ]

[ 2016-05-28T08:26:09+08:00 ] 121.42.0.33 /
INFO: [ app_begin ] --START--
INFO: Run ReadHtmlCache Behavior [ RunTime:0.003492s ]
INFO: [ app_begin ] --END-- [ RunTime:0.003637s ]
SQL: SHOW COLUMNS FROM `wy_links` [ RunTime:0.057882s ]
SQL: SELECT * FROM `wy_links` WHERE ( `status` = 1 )  [ RunTime:0.000340s ]
NOTIC: [2] Cannot use a scalar value as an array D:\www\qmyx.wuyelaile.com\weiwincms\_Core\Lib\Core\View.class.php 第 69 行.
INFO: [ view_template ] --START--
INFO: Run LocationTemplate Behavior [ RunTime:-0.099889s ]
INFO: [ view_template ] --END-- [ RunTime:0.023123s ]
INFO: [ view_parse ] --START--
INFO: Run ParseTemplate Behavior [ RunTime:-0.123105s ]
INFO: [ view_parse ] --END-- [ RunTime:0.080377s ]
INFO: [ view_filter ] --START--
INFO: Run ContentReplace Behavior [ RunTime:-0.203582s ]
INFO: Run TokenBuild Behavior [ RunTime:-0.206385s ]
INFO: Run WriteHtmlCache Behavior [ RunTime:-0.208953s ]
INFO: Run ShowRuntime Behavior [ RunTime:-0.211039s ]
INFO: [ view_filter ] --END-- [ RunTime:0.009844s ]
INFO: [ view_end ] --START--
INFO: Run ShowPageTrace Behavior [ RunTime:-0.213528s ]
INFO: [ view_end ] --END-- [ RunTime:0.003254s ]

[ 2016-05-28T16:40:10+08:00 ] 183.136.190.62 /
INFO: [ app_begin ] --START--
INFO: Run ReadHtmlCache Behavior [ RunTime:0.007559s ]
INFO: [ app_begin ] --END-- [ RunTime:0.007709s ]
SQL: SHOW COLUMNS FROM `wy_links` [ RunTime:0.076696s ]
SQL: SELECT * FROM `wy_links` WHERE ( `status` = 1 )  [ RunTime:0.000218s ]
NOTIC: [2] Cannot use a scalar value as an array D:\www\qmyx.wuyelaile.com\weiwincms\_Core\Lib\Core\View.class.php 第 69 行.
INFO: [ view_template ] --START--
INFO: Run LocationTemplate Behavior [ RunTime:-0.119411s ]
INFO: [ view_template ] --END-- [ RunTime:0.026586s ]
INFO: [ view_parse ] --START--
INFO: Run ParseTemplate Behavior [ RunTime:-0.146093s ]
INFO: [ view_parse ] --END-- [ RunTime:0.086616s ]
INFO: [ view_filter ] --START--
INFO: Run ContentReplace Behavior [ RunTime:-0.232788s ]
INFO: Run TokenBuild Behavior [ RunTime:-0.235397s ]
INFO: Run WriteHtmlCache Behavior [ RunTime:-0.237846s ]
INFO: Run ShowRuntime Behavior [ RunTime:-0.239975s ]
INFO: [ view_filter ] --END-- [ RunTime:0.009499s ]
INFO: [ view_end ] --START--
INFO: Run ShowPageTrace Behavior [ RunTime:-0.242387s ]
INFO: [ view_end ] --END-- [ RunTime:0.002342s ]

