[ 2016-01-03T06:22:07+08:00 ] 123.125.71.91 /
INFO: [ app_begin ] --START--
INFO: Run ReadHtmlCache Behavior [ RunTime:0.001227s ]
INFO: [ app_begin ] --END-- [ RunTime:0.001442s ]
SQL: SHOW COLUMNS FROM `wy_links` [ RunTime:0.007203s ]
SQL: SELECT * FROM `wy_links` WHERE ( `status` = 1 )  [ RunTime:0.000531s ]
NOTIC: [2] Cannot use a scalar value as an array D:\www\qmyx.wuyelaile.com\weiwincms\_Core\Lib\Core\View.class.php ç¬¬ 69 è¡Œ.
INFO: [ view_template ] --START--
INFO: Run LocationTemplate Behavior [ RunTime:-0.033048s ]
INFO: [ view_template ] --END-- [ RunTime:0.001692s ]
INFO: [ view_parse ] --START--
INFO: Run ParseTemplate Behavior [ RunTime:-0.034858s ]
INFO: [ view_parse ] --END-- [ RunTime:0.021844s ]
INFO: [ view_filter ] --START--
INFO: Run ContentReplace Behavior [ RunTime:-0.056807s ]
INFO: Run TokenBuild Behavior [ RunTime:-0.057944s ]
INFO: Run WriteHtmlCache Behavior [ RunTime:-0.059301s ]
INFO: Run ShowRuntime Behavior [ RunTime:-0.060197s ]
INFO: [ view_filter ] --END-- [ RunTime:0.004600s ]
INFO: [ view_end ] --START--
INFO: Run ShowPageTrace Behavior [ RunTime:-0.061493s ]
INFO: [ view_end ] --END-- [ RunTime:0.001302s ]

[ 2016-01-03T06:22:07+08:00 ] 123.125.71.91 /
NOTIC: [32] PHP Startup: Unable to load dynamic library 'D:\WebServer\php-5.2.5 (x64)\ext\php_fileinfo.dll' - ÕÒ²»µ½Ö¸¶¨µÄÄ£¿é¡£
 Unknown ç¬¬ 0 è¡Œ.

[ 2016-01-03T17:30:04+08:00 ] 220.181.108.186 /
INFO: [ app_begin ] --START--
INFO: Run ReadHtmlCache Behavior [ RunTime:0.001551s ]
INFO: [ app_begin ] --END-- [ RunTime:0.001711s ]
SQL: SHOW COLUMNS FROM `wy_links` [ RunTime:0.032141s ]
SQL: SELECT * FROM `wy_links` WHERE ( `status` = 1 )  [ RunTime:0.000236s ]
NOTIC: [2] Cannot use a scalar value as an array D:\www\qmyx.wuyelaile.com\weiwincms\_Core\Lib\Core\View.class.php ç¬¬ 69 è¡Œ.
INFO: [ view_template ] --START--
INFO: Run LocationTemplate Behavior [ RunTime:-0.060226s ]
INFO: [ view_template ] --END-- [ RunTime:0.002347s ]
INFO: [ view_parse ] --START--
INFO: Run ParseTemplate Behavior [ RunTime:-0.062658s ]
INFO: [ view_parse ] --END-- [ RunTime:0.030078s ]
INFO: [ view_filter ] --START--
INFO: Run ContentReplace Behavior [ RunTime:-0.092845s ]
INFO: Run TokenBuild Behavior [ RunTime:-0.094414s ]
INFO: Run WriteHtmlCache Behavior [ RunTime:-0.096077s ]
INFO: Run ShowRuntime Behavior [ RunTime:-0.097545s ]
INFO: [ view_filter ] --END-- [ RunTime:0.006251s ]
INFO: [ view_end ] --START--
INFO: Run ShowPageTrace Behavior [ RunTime:-0.099230s ]
INFO: [ view_end ] --END-- [ RunTime:0.001694s ]

