[ 2016-06-04T01:08:43+08:00 ] ERR: (ThinkException) 无法加载模块:agent
[ 2016-06-04T05:36:19+08:00 ] 183.136.190.62 /
INFO: [ app_begin ] --START--
INFO: Run ReadHtmlCache Behavior [ RunTime:0.002020s ]
INFO: [ app_begin ] --END-- [ RunTime:0.002265s ]
SQL: SHOW COLUMNS FROM `wy_links` [ RunTime:0.034322s ]
SQL: SELECT * FROM `wy_links` WHERE ( `status` = 1 )  [ RunTime:0.000200s ]
NOTIC: [2] Cannot use a scalar value as an array D:\www\qmyx.wuyelaile.com\weiwincms\_Core\Lib\Core\View.class.php 第 69 行.
INFO: [ view_template ] --START--
INFO: Run LocationTemplate Behavior [ RunTime:-0.064140s ]
INFO: [ view_template ] --END-- [ RunTime:0.002354s ]
INFO: [ view_parse ] --START--
INFO: Run ParseTemplate Behavior [ RunTime:-0.066581s ]
INFO: [ view_parse ] --END-- [ RunTime:0.027733s ]
INFO: [ view_filter ] --START--
INFO: Run ContentReplace Behavior [ RunTime:-0.094388s ]
INFO: Run TokenBuild Behavior [ RunTime:-0.095789s ]
INFO: Run WriteHtmlCache Behavior [ RunTime:-0.097444s ]
INFO: Run ShowRuntime Behavior [ RunTime:-0.099497s ]
INFO: [ view_filter ] --END-- [ RunTime:0.007616s ]
INFO: [ view_end ] --START--
INFO: Run ShowPageTrace Behavior [ RunTime:-0.102110s ]
INFO: [ view_end ] --END-- [ RunTime:0.001825s ]

[ 2016-06-04T08:24:32+08:00 ] 121.42.0.34 /
INFO: [ app_begin ] --START--
INFO: Run ReadHtmlCache Behavior [ RunTime:0.001096s ]
INFO: [ app_begin ] --END-- [ RunTime:0.001234s ]
SQL: SHOW COLUMNS FROM `wy_links` [ RunTime:0.015361s ]
SQL: SELECT * FROM `wy_links` WHERE ( `status` = 1 )  [ RunTime:0.000212s ]
NOTIC: [2] Cannot use a scalar value as an array D:\www\qmyx.wuyelaile.com\weiwincms\_Core\Lib\Core\View.class.php 第 69 行.
INFO: [ view_template ] --START--
INFO: Run LocationTemplate Behavior [ RunTime:-0.044087s ]
INFO: [ view_template ] --END-- [ RunTime:0.002455s ]
INFO: [ view_parse ] --START--
INFO: Run ParseTemplate Behavior [ RunTime:-0.046629s ]
INFO: [ view_parse ] --END-- [ RunTime:0.029908s ]
INFO: [ view_filter ] --START--
INFO: Run ContentReplace Behavior [ RunTime:-0.076613s ]
INFO: Run TokenBuild Behavior [ RunTime:-0.078539s ]
INFO: Run WriteHtmlCache Behavior [ RunTime:-0.080223s ]
INFO: Run ShowRuntime Behavior [ RunTime:-0.081552s ]
INFO: [ view_filter ] --END-- [ RunTime:0.007080s ]
INFO: [ view_end ] --START--
INFO: Run ShowPageTrace Behavior [ RunTime:-0.083797s ]
INFO: [ view_end ] --END-- [ RunTime:0.002708s ]

[ 2016-06-04T17:24:50+08:00 ] ERR: (ThinkException) 无法加载模块:map
