[ 2016-02-25T04:52:09+08:00 ] 121.42.0.33 /
INFO: [ app_begin ] --START--
INFO: Run ReadHtmlCache Behavior [ RunTime:0.004160s ]
INFO: [ app_begin ] --END-- [ RunTime:0.004325s ]
SQL: SHOW COLUMNS FROM `wy_links` [ RunTime:0.066134s ]
SQL: SELECT * FROM `wy_links` WHERE ( `status` = 1 )  [ RunTime:0.000225s ]
NOTIC: [2] Cannot use a scalar value as an array D:\www\qmyx.wuyelaile.com\weiwincms\_Core\Lib\Core\View.class.php ç¬¬ 69 è¡Œ.
INFO: [ view_template ] --START--
INFO: Run LocationTemplate Behavior [ RunTime:-0.135170s ]
INFO: [ view_template ] --END-- [ RunTime:0.074017s ]
INFO: [ view_parse ] --START--
INFO: Run ParseTemplate Behavior [ RunTime:-0.209292s ]
INFO: [ view_parse ] --END-- [ RunTime:0.081573s ]
INFO: [ view_filter ] --START--
INFO: Run ContentReplace Behavior [ RunTime:-0.291011s ]
INFO: Run TokenBuild Behavior [ RunTime:-0.294117s ]
INFO: Run WriteHtmlCache Behavior [ RunTime:-0.296598s ]
INFO: Run ShowRuntime Behavior [ RunTime:-0.298710s ]
INFO: [ view_filter ] --END-- [ RunTime:0.010014s ]
INFO: [ view_end ] --START--
INFO: Run ShowPageTrace Behavior [ RunTime:-0.301104s ]
INFO: [ view_end ] --END-- [ RunTime:0.002453s ]

[ 2016-02-25T15:31:04+08:00 ] 183.136.190.62 /
INFO: [ app_begin ] --START--
INFO: Run ReadHtmlCache Behavior [ RunTime:0.003240s ]
INFO: [ app_begin ] --END-- [ RunTime:0.003431s ]
SQL: SHOW COLUMNS FROM `wy_links` [ RunTime:0.107423s ]
SQL: SELECT * FROM `wy_links` WHERE ( `status` = 1 )  [ RunTime:0.000295s ]
NOTIC: [2] Cannot use a scalar value as an array D:\www\qmyx.wuyelaile.com\weiwincms\_Core\Lib\Core\View.class.php ç¬¬ 69 è¡Œ.
INFO: [ view_template ] --START--
INFO: Run LocationTemplate Behavior [ RunTime:-0.175085s ]
INFO: [ view_template ] --END-- [ RunTime:0.021713s ]
INFO: [ view_parse ] --START--
INFO: Run ParseTemplate Behavior [ RunTime:-0.197053s ]
INFO: [ view_parse ] --END-- [ RunTime:0.134270s ]
INFO: [ view_filter ] --START--
INFO: Run ContentReplace Behavior [ RunTime:-0.331361s ]
INFO: Run TokenBuild Behavior [ RunTime:-0.333472s ]
INFO: Run WriteHtmlCache Behavior [ RunTime:-0.335538s ]
INFO: Run ShowRuntime Behavior [ RunTime:-0.337252s ]
INFO: [ view_filter ] --END-- [ RunTime:0.008250s ]
INFO: [ view_end ] --START--
INFO: Run ShowPageTrace Behavior [ RunTime:-0.339720s ]
INFO: [ view_end ] --END-- [ RunTime:0.002214s ]

[ 2016-02-25T15:31:04+08:00 ] 183.136.190.62 /
NOTIC: [32] PHP Startup: Unable to load dynamic library 'D:\WebServer\php-5.2.5 (x64)\ext\php_fileinfo.dll' - ÕÒ²»µ½Ö¸¶¨µÄÄ£¿é¡£
 Unknown ç¬¬ 0 è¡Œ.

