[ 2016-03-20T13:12:51+08:00 ] 220.181.108.112 /
INFO: [ app_begin ] --START--
INFO: Run ReadHtmlCache Behavior [ RunTime:0.004114s ]
INFO: [ app_begin ] --END-- [ RunTime:0.004264s ]
SQL: SHOW COLUMNS FROM `wy_links` [ RunTime:0.125791s ]
SQL: SELECT * FROM `wy_links` WHERE ( `status` = 1 )  [ RunTime:0.000460s ]
NOTIC: [2] Cannot use a scalar value as an array D:\www\qmyx.wuyelaile.com\weiwincms\_Core\Lib\Core\View.class.php 第 69 行.
INFO: [ view_template ] --START--
INFO: Run LocationTemplate Behavior [ RunTime:-0.245599s ]
INFO: [ view_template ] --END-- [ RunTime:0.043598s ]
INFO: [ view_parse ] --START--
INFO: Run ParseTemplate Behavior [ RunTime:-0.289304s ]
INFO: [ view_parse ] --END-- [ RunTime:0.115276s ]
INFO: [ view_filter ] --START--
INFO: Run ContentReplace Behavior [ RunTime:-0.404659s ]
INFO: Run TokenBuild Behavior [ RunTime:-0.407293s ]
INFO: Run WriteHtmlCache Behavior [ RunTime:-0.409918s ]
INFO: Run ShowRuntime Behavior [ RunTime:-0.412067s ]
INFO: [ view_filter ] --END-- [ RunTime:0.009683s ]
INFO: [ view_end ] --START--
INFO: Run ShowPageTrace Behavior [ RunTime:-0.414456s ]
INFO: [ view_end ] --END-- [ RunTime:0.002497s ]

[ 2016-03-20T15:53:11+08:00 ] ERR: (ThinkException) 无法加载模块:upyun
