[ 2016-01-01T03:55:34+08:00 ] 121.42.0.34 /
INFO: [ app_begin ] --START--
INFO: Run ReadHtmlCache Behavior [ RunTime:0.002436s ]
INFO: [ app_begin ] --END-- [ RunTime:0.002659s ]
SQL: SHOW COLUMNS FROM `wy_links` [ RunTime:0.077300s ]
SQL: SELECT * FROM `wy_links` WHERE ( `status` = 1 )  [ RunTime:0.001056s ]
NOTIC: [2] Cannot use a scalar value as an array D:\www\qmyx.wuyelaile.com\weiwincms\_Core\Lib\Core\View.class.php 第 69 行.
INFO: [ view_template ] --START--
INFO: Run LocationTemplate Behavior [ RunTime:-0.125518s ]
INFO: [ view_template ] --END-- [ RunTime:0.003366s ]
INFO: [ view_parse ] --START--
INFO: Run ParseTemplate Behavior [ RunTime:-0.128969s ]
INFO: [ view_parse ] --END-- [ RunTime:0.049618s ]
INFO: [ view_filter ] --START--
INFO: Run ContentReplace Behavior [ RunTime:-0.178669s ]
INFO: Run TokenBuild Behavior [ RunTime:-0.181344s ]
INFO: Run WriteHtmlCache Behavior [ RunTime:-0.184418s ]
INFO: Run ShowRuntime Behavior [ RunTime:-0.186912s ]
INFO: [ view_filter ] --END-- [ RunTime:0.010844s ]
INFO: [ view_end ] --START--
INFO: Run ShowPageTrace Behavior [ RunTime:-0.189640s ]
INFO: [ view_end ] --END-- [ RunTime:0.002801s ]

