[ 2016-03-02T00:52:13+08:00 ] ERR: (ThinkException) Êó†Ê≥ïÂä†ËΩΩÊ®°Âùó:agent
[ 2016-03-02T04:12:35+08:00 ] 121.42.0.34 /
INFO: [ app_begin ] --START--
INFO: Run ReadHtmlCache Behavior [ RunTime:0.003276s ]
INFO: [ app_begin ] --END-- [ RunTime:0.004362s ]
SQL: SHOW COLUMNS FROM `wy_links` [ RunTime:0.060597s ]
SQL: SELECT * FROM `wy_links` WHERE ( `status` = 1 )  [ RunTime:0.000236s ]
NOTIC: [2] Cannot use a scalar value as an array D:\www\qmyx.wuyelaile.com\weiwincms\_Core\Lib\Core\View.class.php Á¨¨ 69 Ë°å.
INFO: [ view_template ] --START--
INFO: Run LocationTemplate Behavior [ RunTime:-0.108674s ]
INFO: [ view_template ] --END-- [ RunTime:0.034264s ]
INFO: [ view_parse ] --START--
INFO: Run ParseTemplate Behavior [ RunTime:-0.143044s ]
INFO: [ view_parse ] --END-- [ RunTime:0.077146s ]
INFO: [ view_filter ] --START--
INFO: Run ContentReplace Behavior [ RunTime:-0.220290s ]
INFO: Run TokenBuild Behavior [ RunTime:-0.222958s ]
INFO: Run WriteHtmlCache Behavior [ RunTime:-0.225035s ]
INFO: Run ShowRuntime Behavior [ RunTime:-0.226693s ]
INFO: [ view_filter ] --END-- [ RunTime:0.008269s ]
INFO: [ view_end ] --START--
INFO: Run ShowPageTrace Behavior [ RunTime:-0.228662s ]
INFO: [ view_end ] --END-- [ RunTime:0.002116s ]

[ 2016-03-02T04:12:35+08:00 ] 121.42.0.34 /
NOTIC: [32] PHP Startup: Unable to load dynamic library 'D:\WebServer\php-5.2.5 (x64)\ext\php_fileinfo.dll' - ’“≤ªµΩ÷∏∂®µƒƒ£øÈ°£
 Unknown Á¨¨ 0 Ë°å.

