[ 2016-04-13T04:20:12+08:00 ] 121.42.0.35 /
INFO: [ app_begin ] --START--
INFO: Run ReadHtmlCache Behavior [ RunTime:0.005675s ]
INFO: [ app_begin ] --END-- [ RunTime:0.005929s ]
SQL: SHOW COLUMNS FROM `wy_links` [ RunTime:0.078456s ]
SQL: SELECT * FROM `wy_links` WHERE ( `status` = 1 )  [ RunTime:0.000527s ]
NOTIC: [2] Cannot use a scalar value as an array D:\www\qmyx.wuyelaile.com\weiwincms\_Core\Lib\Core\View.class.php ç¬¬ 69 è¡Œ.
INFO: [ view_template ] --START--
INFO: Run LocationTemplate Behavior [ RunTime:-0.163747s ]
INFO: [ view_template ] --END-- [ RunTime:0.052851s ]
INFO: [ view_parse ] --START--
INFO: Run ParseTemplate Behavior [ RunTime:-0.216703s ]
INFO: [ view_parse ] --END-- [ RunTime:0.064947s ]
INFO: [ view_filter ] --START--
INFO: Run ContentReplace Behavior [ RunTime:-0.281734s ]
INFO: Run TokenBuild Behavior [ RunTime:-0.283914s ]
INFO: Run WriteHtmlCache Behavior [ RunTime:-0.285919s ]
INFO: Run ShowRuntime Behavior [ RunTime:-0.287424s ]
INFO: [ view_filter ] --END-- [ RunTime:0.007594s ]
INFO: [ view_end ] --START--
INFO: Run ShowPageTrace Behavior [ RunTime:-0.289426s ]
INFO: [ view_end ] --END-- [ RunTime:0.002010s ]

[ 2016-04-13T04:20:12+08:00 ] 121.42.0.35 /
NOTIC: [32] PHP Startup: Unable to load dynamic library 'D:\WebServer\php-5.2.5 (x64)\ext\php_fileinfo.dll' - ÕÒ²»µ½Ö¸¶¨µÄÄ£¿é¡£
 Unknown ç¬¬ 0 è¡Œ.

