[ 2016-01-17T22:25:43+08:00 ] 121.42.0.35 /
INFO: [ app_begin ] --START--
INFO: Run ReadHtmlCache Behavior [ RunTime:0.001711s ]
INFO: [ app_begin ] --END-- [ RunTime:0.001877s ]
SQL: SHOW COLUMNS FROM `wy_links` [ RunTime:0.128137s ]
SQL: SELECT * FROM `wy_links` WHERE ( `status` = 1 )  [ RunTime:0.000504s ]
NOTIC: [2] Cannot use a scalar value as an array D:\www\qmyx.wuyelaile.com\weiwincms\_Core\Lib\Core\View.class.php 第 69 行.
INFO: [ view_template ] --START--
INFO: Run LocationTemplate Behavior [ RunTime:-0.169131s ]
INFO: [ view_template ] --END-- [ RunTime:0.002497s ]
INFO: [ view_parse ] --START--
INFO: Run ParseTemplate Behavior [ RunTime:-0.171708s ]
INFO: [ view_parse ] --END-- [ RunTime:0.045566s ]
INFO: [ view_filter ] --START--
INFO: Run ContentReplace Behavior [ RunTime:-0.217401s ]
INFO: Run TokenBuild Behavior [ RunTime:-0.218896s ]
INFO: Run WriteHtmlCache Behavior [ RunTime:-0.220579s ]
INFO: Run ShowRuntime Behavior [ RunTime:-0.221874s ]
INFO: [ view_filter ] --END-- [ RunTime:0.006086s ]
INFO: [ view_end ] --START--
INFO: Run ShowPageTrace Behavior [ RunTime:-0.223540s ]
INFO: [ view_end ] --END-- [ RunTime:0.001825s ]

