[ 2016-04-10T04:32:44+08:00 ] 121.42.0.33 /
INFO: [ app_begin ] --START--
INFO: Run ReadHtmlCache Behavior [ RunTime:0.009268s ]
INFO: [ app_begin ] --END-- [ RunTime:0.009441s ]
SQL: SHOW COLUMNS FROM `wy_links` [ RunTime:0.070472s ]
SQL: SELECT * FROM `wy_links` WHERE ( `status` = 1 )  [ RunTime:0.000434s ]
NOTIC: [2] Cannot use a scalar value as an array D:\www\qmyx.wuyelaile.com\weiwincms\_Core\Lib\Core\View.class.php 第 69 行.
INFO: [ view_template ] --START--
INFO: Run LocationTemplate Behavior [ RunTime:-0.153441s ]
INFO: [ view_template ] --END-- [ RunTime:0.046080s ]
INFO: [ view_parse ] --START--
INFO: Run ParseTemplate Behavior [ RunTime:-0.199687s ]
INFO: [ view_parse ] --END-- [ RunTime:0.095567s ]
INFO: [ view_filter ] --START--
INFO: Run ContentReplace Behavior [ RunTime:-0.295302s ]
INFO: Run TokenBuild Behavior [ RunTime:-0.297825s ]
INFO: Run WriteHtmlCache Behavior [ RunTime:-0.300379s ]
INFO: Run ShowRuntime Behavior [ RunTime:-0.302426s ]
INFO: [ view_filter ] --END-- [ RunTime:0.009748s ]
INFO: [ view_end ] --START--
INFO: Run ShowPageTrace Behavior [ RunTime:-0.305219s ]
INFO: [ view_end ] --END-- [ RunTime:0.002975s ]

