[ 2016-03-29T04:05:24+08:00 ] 121.42.0.34 /
INFO: [ app_begin ] --START--
INFO: Run ReadHtmlCache Behavior [ RunTime:0.002963s ]
INFO: [ app_begin ] --END-- [ RunTime:0.003155s ]
SQL: SHOW COLUMNS FROM `wy_links` [ RunTime:0.106712s ]
SQL: SELECT * FROM `wy_links` WHERE ( `status` = 1 )  [ RunTime:0.000373s ]
NOTIC: [2] Cannot use a scalar value as an array D:\www\qmyx.wuyelaile.com\weiwincms\_Core\Lib\Core\View.class.php ç¬¬ 69 è¡Œ.
INFO: [ view_template ] --START--
INFO: Run LocationTemplate Behavior [ RunTime:-0.191214s ]
INFO: [ view_template ] --END-- [ RunTime:0.014314s ]
INFO: [ view_parse ] --START--
INFO: Run ParseTemplate Behavior [ RunTime:-0.205618s ]
INFO: [ view_parse ] --END-- [ RunTime:0.078805s ]
INFO: [ view_filter ] --START--
INFO: Run ContentReplace Behavior [ RunTime:-0.284506s ]
INFO: Run TokenBuild Behavior [ RunTime:-0.294305s ]
INFO: Run WriteHtmlCache Behavior [ RunTime:-0.296454s ]
INFO: Run ShowRuntime Behavior [ RunTime:-0.298129s ]
INFO: [ view_filter ] --END-- [ RunTime:0.015680s ]
INFO: [ view_end ] --START--
INFO: Run ShowPageTrace Behavior [ RunTime:-0.300288s ]
INFO: [ view_end ] --END-- [ RunTime:0.002048s ]

[ 2016-03-29T04:05:24+08:00 ] 121.42.0.34 /
NOTIC: [32] PHP Startup: Unable to load dynamic library 'D:\WebServer\php-5.2.5 (x64)\ext\php_fileinfo.dll' - ÕÒ²»µ½Ö¸¶¨µÄÄ£¿é¡£
 Unknown ç¬¬ 0 è¡Œ.

