[ 2016-01-26T04:09:50+08:00 ] 183.136.190.40 /
INFO: [ app_begin ] --START--
INFO: Run ReadHtmlCache Behavior [ RunTime:0.001765s ]
INFO: [ app_begin ] --END-- [ RunTime:0.002064s ]
SQL: SHOW COLUMNS FROM `wy_links` [ RunTime:0.035573s ]
SQL: SELECT * FROM `wy_links` WHERE ( `status` = 1 )  [ RunTime:0.000481s ]
NOTIC: [2] Cannot use a scalar value as an array D:\www\qmyx.wuyelaile.com\weiwincms\_Core\Lib\Core\View.class.php 第 69 行.
INFO: [ view_template ] --START--
INFO: Run LocationTemplate Behavior [ RunTime:-0.069338s ]
INFO: [ view_template ] --END-- [ RunTime:0.002551s ]
INFO: [ view_parse ] --START--
INFO: Run ParseTemplate Behavior [ RunTime:-0.071977s ]
INFO: [ view_parse ] --END-- [ RunTime:0.029224s ]
INFO: [ view_filter ] --START--
INFO: Run ContentReplace Behavior [ RunTime:-0.101283s ]
INFO: Run TokenBuild Behavior [ RunTime:-0.102809s ]
INFO: Run WriteHtmlCache Behavior [ RunTime:-0.104509s ]
INFO: Run ShowRuntime Behavior [ RunTime:-0.105971s ]
INFO: [ view_filter ] --END-- [ RunTime:0.006296s ]
INFO: [ view_end ] --START--
INFO: Run ShowPageTrace Behavior [ RunTime:-0.107679s ]
INFO: [ view_end ] --END-- [ RunTime:0.001693s ]

