[ 2016-05-03T02:59:37+08:00 ] 220.181.108.118 /
INFO: [ app_begin ] --START--
INFO: Run ReadHtmlCache Behavior [ RunTime:0.001845s ]
INFO: [ app_begin ] --END-- [ RunTime:0.002037s ]
SQL: SHOW COLUMNS FROM `wy_links` [ RunTime:0.030367s ]
SQL: SELECT * FROM `wy_links` WHERE ( `status` = 1 )  [ RunTime:0.000353s ]
NOTIC: [2] Cannot use a scalar value as an array D:\www\qmyx.wuyelaile.com\weiwincms\_Core\Lib\Core\View.class.php 第 69 行.
INFO: [ view_template ] --START--
INFO: Run LocationTemplate Behavior [ RunTime:-0.059795s ]
INFO: [ view_template ] --END-- [ RunTime:0.002285s ]
INFO: [ view_parse ] --START--
INFO: Run ParseTemplate Behavior [ RunTime:-0.062164s ]
INFO: [ view_parse ] --END-- [ RunTime:0.032458s ]
INFO: [ view_filter ] --START--
INFO: Run ContentReplace Behavior [ RunTime:-0.094798s ]
INFO: Run TokenBuild Behavior [ RunTime:-0.097087s ]
INFO: Run WriteHtmlCache Behavior [ RunTime:-0.099218s ]
INFO: Run ShowRuntime Behavior [ RunTime:-0.100657s ]
INFO: [ view_filter ] --END-- [ RunTime:0.008411s ]
INFO: [ view_end ] --START--
INFO: Run ShowPageTrace Behavior [ RunTime:-0.103390s ]
INFO: [ view_end ] --END-- [ RunTime:0.002747s ]

