[ 2016-03-17T06:20:31+08:00 ] 123.125.71.107 /
INFO: [ app_begin ] --START--
INFO: Run ReadHtmlCache Behavior [ RunTime:0.003278s ]
INFO: [ app_begin ] --END-- [ RunTime:0.003430s ]
SQL: SHOW COLUMNS FROM `wy_links` [ RunTime:0.144616s ]
SQL: SELECT * FROM `wy_links` WHERE ( `status` = 1 )  [ RunTime:0.000376s ]
NOTIC: [2] Cannot use a scalar value as an array D:\www\qmyx.wuyelaile.com\weiwincms\_Core\Lib\Core\View.class.php ç¬¬ 69 è¡Œ.
INFO: [ view_template ] --START--
INFO: Run LocationTemplate Behavior [ RunTime:-0.233314s ]
INFO: [ view_template ] --END-- [ RunTime:0.034956s ]
INFO: [ view_parse ] --START--
INFO: Run ParseTemplate Behavior [ RunTime:-0.268405s ]
INFO: [ view_parse ] --END-- [ RunTime:0.127097s ]
INFO: [ view_filter ] --START--
INFO: Run ContentReplace Behavior [ RunTime:-0.395583s ]
INFO: Run TokenBuild Behavior [ RunTime:-0.398505s ]
INFO: Run WriteHtmlCache Behavior [ RunTime:-0.401141s ]
INFO: Run ShowRuntime Behavior [ RunTime:-0.404257s ]
INFO: [ view_filter ] --END-- [ RunTime:0.011044s ]
INFO: [ view_end ] --START--
INFO: Run ShowPageTrace Behavior [ RunTime:-0.406730s ]
INFO: [ view_end ] --END-- [ RunTime:0.002596s ]

[ 2016-03-17T15:46:35+08:00 ] 220.181.108.142 /
INFO: [ app_begin ] --START--
INFO: Run ReadHtmlCache Behavior [ RunTime:0.001171s ]
INFO: [ app_begin ] --END-- [ RunTime:0.001362s ]
SQL: SHOW COLUMNS FROM `wy_links` [ RunTime:0.035182s ]
SQL: SELECT * FROM `wy_links` WHERE ( `status` = 1 )  [ RunTime:0.000217s ]
NOTIC: [2] Cannot use a scalar value as an array D:\www\qmyx.wuyelaile.com\weiwincms\_Core\Lib\Core\View.class.php ç¬¬ 69 è¡Œ.
INFO: [ view_template ] --START--
INFO: Run LocationTemplate Behavior [ RunTime:-0.061584s ]
INFO: [ view_template ] --END-- [ RunTime:0.001838s ]
INFO: [ view_parse ] --START--
INFO: Run ParseTemplate Behavior [ RunTime:-0.063505s ]
INFO: [ view_parse ] --END-- [ RunTime:0.026673s ]
INFO: [ view_filter ] --START--
INFO: Run ContentReplace Behavior [ RunTime:-0.090261s ]
INFO: Run TokenBuild Behavior [ RunTime:-0.091571s ]
INFO: Run WriteHtmlCache Behavior [ RunTime:-0.092805s ]
INFO: Run ShowRuntime Behavior [ RunTime:-0.093628s ]
INFO: [ view_filter ] --END-- [ RunTime:0.004492s ]
INFO: [ view_end ] --START--
INFO: Run ShowPageTrace Behavior [ RunTime:-0.094870s ]
INFO: [ view_end ] --END-- [ RunTime:0.001219s ]

[ 2016-03-17T15:46:35+08:00 ] 220.181.108.142 /
NOTIC: [32] PHP Startup: Unable to load dynamic library 'D:\WebServer\php-5.2.5 (x64)\ext\php_fileinfo.dll' - ÕÒ²»µ½Ö¸¶¨µÄÄ£¿é¡£
 Unknown ç¬¬ 0 è¡Œ.

