[ 2016-05-06T00:59:35+08:00 ] 220.181.108.160 /
INFO: [ app_begin ] --START--
INFO: Run ReadHtmlCache Behavior [ RunTime:0.001550s ]
INFO: [ app_begin ] --END-- [ RunTime:0.001709s ]
SQL: SHOW COLUMNS FROM `wy_links` [ RunTime:0.034882s ]
SQL: SELECT * FROM `wy_links` WHERE ( `status` = 1 )  [ RunTime:0.000462s ]
NOTIC: [2] Cannot use a scalar value as an array D:\www\qmyx.wuyelaile.com\weiwincms\_Core\Lib\Core\View.class.php ç¬¬ 69 è¡Œ.
INFO: [ view_template ] --START--
INFO: Run LocationTemplate Behavior [ RunTime:-0.062150s ]
INFO: [ view_template ] --END-- [ RunTime:0.002380s ]
INFO: [ view_parse ] --START--
INFO: Run ParseTemplate Behavior [ RunTime:-0.064613s ]
INFO: [ view_parse ] --END-- [ RunTime:0.028357s ]
INFO: [ view_filter ] --START--
INFO: Run ContentReplace Behavior [ RunTime:-0.093045s ]
INFO: Run TokenBuild Behavior [ RunTime:-0.094539s ]
INFO: Run WriteHtmlCache Behavior [ RunTime:-0.096231s ]
INFO: Run ShowRuntime Behavior [ RunTime:-0.097576s ]
INFO: [ view_filter ] --END-- [ RunTime:0.006105s ]
INFO: [ view_end ] --START--
INFO: Run ShowPageTrace Behavior [ RunTime:-0.099261s ]
INFO: [ view_end ] --END-- [ RunTime:0.001767s ]

[ 2016-05-06T05:19:25+08:00 ] 183.136.190.62 /
INFO: [ app_begin ] --START--
INFO: Run ReadHtmlCache Behavior [ RunTime:0.001245s ]
INFO: [ app_begin ] --END-- [ RunTime:0.001432s ]
SQL: SHOW COLUMNS FROM `wy_links` [ RunTime:0.005069s ]
SQL: SELECT * FROM `wy_links` WHERE ( `status` = 1 )  [ RunTime:0.000219s ]
NOTIC: [2] Cannot use a scalar value as an array D:\www\qmyx.wuyelaile.com\weiwincms\_Core\Lib\Core\View.class.php ç¬¬ 69 è¡Œ.
INFO: [ view_template ] --START--
INFO: Run LocationTemplate Behavior [ RunTime:-0.026837s ]
INFO: [ view_template ] --END-- [ RunTime:0.001672s ]
INFO: [ view_parse ] --START--
INFO: Run ParseTemplate Behavior [ RunTime:-0.028601s ]
INFO: [ view_parse ] --END-- [ RunTime:0.021242s ]
INFO: [ view_filter ] --START--
INFO: Run ContentReplace Behavior [ RunTime:-0.049941s ]
INFO: Run TokenBuild Behavior [ RunTime:-0.051081s ]
INFO: Run WriteHtmlCache Behavior [ RunTime:-0.052335s ]
INFO: Run ShowRuntime Behavior [ RunTime:-0.053147s ]
INFO: [ view_filter ] --END-- [ RunTime:0.004428s ]
INFO: [ view_end ] --START--
INFO: Run ShowPageTrace Behavior [ RunTime:-0.054537s ]
INFO: [ view_end ] --END-- [ RunTime:0.001294s ]

[ 2016-05-06T05:19:25+08:00 ] 183.136.190.62 /
NOTIC: [32] PHP Startup: Unable to load dynamic library 'D:\WebServer\php-5.2.5 (x64)\ext\php_fileinfo.dll' - ÕÒ²»µ½Ö¸¶¨µÄÄ£¿é¡£
 Unknown ç¬¬ 0 è¡Œ.

