[ 2016-05-27T05:12:43+08:00 ] 183.136.190.62 /
INFO: [ app_begin ] --START--
INFO: Run ReadHtmlCache Behavior [ RunTime:0.003938s ]
INFO: [ app_begin ] --END-- [ RunTime:0.004110s ]
SQL: SHOW COLUMNS FROM `wy_links` [ RunTime:0.246163s ]
SQL: SELECT * FROM `wy_links` WHERE ( `status` = 1 )  [ RunTime:0.000383s ]
NOTIC: [2] Cannot use a scalar value as an array D:\www\qmyx.wuyelaile.com\weiwincms\_Core\Lib\Core\View.class.php 第 69 行.
INFO: [ view_template ] --START--
INFO: Run LocationTemplate Behavior [ RunTime:-0.285713s ]
INFO: [ view_template ] --END-- [ RunTime:0.028782s ]
INFO: [ view_parse ] --START--
INFO: Run ParseTemplate Behavior [ RunTime:-0.314587s ]
INFO: [ view_parse ] --END-- [ RunTime:0.062258s ]
INFO: [ view_filter ] --START--
INFO: Run ContentReplace Behavior [ RunTime:-0.376922s ]
INFO: Run TokenBuild Behavior [ RunTime:-0.380429s ]
INFO: Run WriteHtmlCache Behavior [ RunTime:-0.382829s ]
INFO: Run ShowRuntime Behavior [ RunTime:-0.384944s ]
INFO: [ view_filter ] --END-- [ RunTime:0.010445s ]
INFO: [ view_end ] --START--
INFO: Run ShowPageTrace Behavior [ RunTime:-0.387473s ]
INFO: [ view_end ] --END-- [ RunTime:0.002578s ]

[ 2016-05-27T05:53:18+08:00 ] 123.125.71.117 /
INFO: [ app_begin ] --START--
INFO: Run ReadHtmlCache Behavior [ RunTime:0.004116s ]
INFO: [ app_begin ] --END-- [ RunTime:0.004277s ]
SQL: SHOW COLUMNS FROM `wy_links` [ RunTime:0.082906s ]
SQL: SELECT * FROM `wy_links` WHERE ( `status` = 1 )  [ RunTime:0.000421s ]
NOTIC: [2] Cannot use a scalar value as an array D:\www\qmyx.wuyelaile.com\weiwincms\_Core\Lib\Core\View.class.php 第 69 行.
INFO: [ view_template ] --START--
INFO: Run LocationTemplate Behavior [ RunTime:-0.124227s ]
INFO: [ view_template ] --END-- [ RunTime:0.024387s ]
INFO: [ view_parse ] --START--
INFO: Run ParseTemplate Behavior [ RunTime:-0.148671s ]
INFO: [ view_parse ] --END-- [ RunTime:0.049138s ]
INFO: [ view_filter ] --START--
INFO: Run ContentReplace Behavior [ RunTime:-0.197891s ]
INFO: Run TokenBuild Behavior [ RunTime:-0.201036s ]
INFO: Run WriteHtmlCache Behavior [ RunTime:-0.203584s ]
INFO: Run ShowRuntime Behavior [ RunTime:-0.205850s ]
INFO: [ view_filter ] --END-- [ RunTime:0.010449s ]
INFO: [ view_end ] --START--
INFO: Run ShowPageTrace Behavior [ RunTime:-0.208445s ]
INFO: [ view_end ] --END-- [ RunTime:0.002552s ]

[ 2016-05-27T16:42:35+08:00 ] 183.136.190.62 /
INFO: [ app_begin ] --START--
INFO: Run ReadHtmlCache Behavior [ RunTime:0.003844s ]
INFO: [ app_begin ] --END-- [ RunTime:0.004019s ]
SQL: SHOW COLUMNS FROM `wy_links` [ RunTime:0.090739s ]
SQL: SELECT * FROM `wy_links` WHERE ( `status` = 1 )  [ RunTime:0.000898s ]
NOTIC: [2] Cannot use a scalar value as an array D:\www\qmyx.wuyelaile.com\weiwincms\_Core\Lib\Core\View.class.php 第 69 行.
INFO: [ view_template ] --START--
INFO: Run LocationTemplate Behavior [ RunTime:-0.129864s ]
INFO: [ view_template ] --END-- [ RunTime:0.037181s ]
INFO: [ view_parse ] --START--
INFO: Run ParseTemplate Behavior [ RunTime:-0.167128s ]
INFO: [ view_parse ] --END-- [ RunTime:0.070027s ]
INFO: [ view_filter ] --START--
INFO: Run ContentReplace Behavior [ RunTime:-0.237234s ]
INFO: Run TokenBuild Behavior [ RunTime:-0.472291s ]
INFO: Run WriteHtmlCache Behavior [ RunTime:-0.475499s ]
INFO: Run ShowRuntime Behavior [ RunTime:-0.477533s ]
INFO: [ view_filter ] --END-- [ RunTime:0.242799s ]
INFO: [ view_end ] --START--
INFO: Run ShowPageTrace Behavior [ RunTime:-0.480140s ]
INFO: [ view_end ] --END-- [ RunTime:0.002526s ]

