[ 2016-03-06T01:53:39+08:00 ] 220.181.108.186 /
INFO: [ app_begin ] --START--
INFO: Run ReadHtmlCache Behavior [ RunTime:0.001082s ]
INFO: [ app_begin ] --END-- [ RunTime:0.001283s ]
SQL: SHOW COLUMNS FROM `wy_links` [ RunTime:0.004483s ]
SQL: SELECT * FROM `wy_links` WHERE ( `status` = 1 )  [ RunTime:0.000255s ]
NOTIC: [2] Cannot use a scalar value as an array D:\www\qmyx.wuyelaile.com\weiwincms\_Core\Lib\Core\View.class.php ç¬¬ 69 è¡Œ.
INFO: [ view_template ] --START--
INFO: Run LocationTemplate Behavior [ RunTime:-0.026614s ]
INFO: [ view_template ] --END-- [ RunTime:0.001807s ]
INFO: [ view_parse ] --START--
INFO: Run ParseTemplate Behavior [ RunTime:-0.028502s ]
INFO: [ view_parse ] --END-- [ RunTime:0.022224s ]
INFO: [ view_filter ] --START--
INFO: Run ContentReplace Behavior [ RunTime:-0.050803s ]
INFO: Run TokenBuild Behavior [ RunTime:-0.051812s ]
INFO: Run WriteHtmlCache Behavior [ RunTime:-0.052964s ]
INFO: Run ShowRuntime Behavior [ RunTime:-0.053749s ]
INFO: [ view_filter ] --END-- [ RunTime:0.003975s ]
INFO: [ view_end ] --START--
INFO: Run ShowPageTrace Behavior [ RunTime:-0.054876s ]
INFO: [ view_end ] --END-- [ RunTime:0.001159s ]

[ 2016-03-06T01:53:39+08:00 ] 220.181.108.186 /
NOTIC: [32] PHP Startup: Unable to load dynamic library 'D:\WebServer\php-5.2.5 (x64)\ext\php_fileinfo.dll' - ÕÒ²»µ½Ö¸¶¨µÄÄ£¿é¡£
 Unknown ç¬¬ 0 è¡Œ.

[ 2016-03-06T04:39:05+08:00 ] 121.42.0.34 /
INFO: [ app_begin ] --START--
INFO: Run ReadHtmlCache Behavior [ RunTime:0.001131s ]
INFO: [ app_begin ] --END-- [ RunTime:0.001324s ]
NOTIC: [8] session_start() [<a href='function.session-start'>function.session-start</a>]: ps_files_cleanup_dir: opendir(C:\Windows\Temp\) failed: No error (0) D:\www\qmyx.wuyelaile.com\weiwincms\_Core\Common\functions.php ç¬¬ 526 è¡Œ.
SQL: SHOW COLUMNS FROM `wy_links` [ RunTime:0.005240s ]
SQL: SELECT * FROM `wy_links` WHERE ( `status` = 1 )  [ RunTime:0.000262s ]
NOTIC: [2] Cannot use a scalar value as an array D:\www\qmyx.wuyelaile.com\weiwincms\_Core\Lib\Core\View.class.php ç¬¬ 69 è¡Œ.
INFO: [ view_template ] --START--
INFO: Run LocationTemplate Behavior [ RunTime:-0.028305s ]
INFO: [ view_template ] --END-- [ RunTime:0.001687s ]
INFO: [ view_parse ] --START--
INFO: Run ParseTemplate Behavior [ RunTime:-0.030077s ]
INFO: [ view_parse ] --END-- [ RunTime:0.022012s ]
INFO: [ view_filter ] --START--
INFO: Run ContentReplace Behavior [ RunTime:-0.052155s ]
INFO: Run TokenBuild Behavior [ RunTime:-0.053170s ]
INFO: Run WriteHtmlCache Behavior [ RunTime:-0.054391s ]
INFO: Run ShowRuntime Behavior [ RunTime:-0.055232s ]
INFO: [ view_filter ] --END-- [ RunTime:0.004143s ]
INFO: [ view_end ] --START--
INFO: Run ShowPageTrace Behavior [ RunTime:-0.056395s ]
INFO: [ view_end ] --END-- [ RunTime:0.001207s ]

[ 2016-03-06T04:39:05+08:00 ] 121.42.0.34 /
NOTIC: [32] PHP Startup: Unable to load dynamic library 'D:\WebServer\php-5.2.5 (x64)\ext\php_fileinfo.dll' - ÕÒ²»µ½Ö¸¶¨µÄÄ£¿é¡£
 Unknown ç¬¬ 0 è¡Œ.

