[ 2016-02-09T13:29:10+08:00 ] 123.125.71.52 /
INFO: [ app_begin ] --START--
INFO: Run ReadHtmlCache Behavior [ RunTime:0.004062s ]
INFO: [ app_begin ] --END-- [ RunTime:0.004243s ]
SQL: SHOW COLUMNS FROM `wy_links` [ RunTime:0.102190s ]
SQL: SELECT * FROM `wy_links` WHERE ( `status` = 1 )  [ RunTime:0.000515s ]
NOTIC: [2] Cannot use a scalar value as an array D:\www\qmyx.wuyelaile.com\weiwincms\_Core\Lib\Core\View.class.php 第 69 行.
INFO: [ view_template ] --START--
INFO: Run LocationTemplate Behavior [ RunTime:-0.322024s ]
INFO: [ view_template ] --END-- [ RunTime:0.033384s ]
INFO: [ view_parse ] --START--
INFO: Run ParseTemplate Behavior [ RunTime:-0.355552s ]
INFO: [ view_parse ] --END-- [ RunTime:0.134857s ]
INFO: [ view_filter ] --START--
INFO: Run ContentReplace Behavior [ RunTime:-0.490512s ]
INFO: Run TokenBuild Behavior [ RunTime:-0.493686s ]
INFO: Run WriteHtmlCache Behavior [ RunTime:-0.496428s ]
INFO: Run ShowRuntime Behavior [ RunTime:-0.498870s ]
INFO: [ view_filter ] --END-- [ RunTime:0.011007s ]
INFO: [ view_end ] --START--
INFO: Run ShowPageTrace Behavior [ RunTime:-0.501609s ]
INFO: [ view_end ] --END-- [ RunTime:0.002805s ]

