[ 2016-08-30T06:55:54+08:00 ] 42.156.251.185 /
INFO: [ app_begin ] --START--
INFO: Run ReadHtmlCache Behavior [ RunTime:0.003958s ]
INFO: [ app_begin ] --END-- [ RunTime:0.004134s ]
SQL: SHOW COLUMNS FROM `wy_links` [ RunTime:0.096559s ]
SQL: SELECT * FROM `wy_links` WHERE ( `status` = 1 )  [ RunTime:0.000451s ]
NOTIC: [2] Cannot use a scalar value as an array D:\www\qmyx.wuyelaile.com\weiwincms\_Core\Lib\Core\View.class.php 第 69 行.
INFO: [ view_template ] --START--
INFO: Run LocationTemplate Behavior [ RunTime:-0.171243s ]
INFO: [ view_template ] --END-- [ RunTime:0.025069s ]
INFO: [ view_parse ] --START--
INFO: Run ParseTemplate Behavior [ RunTime:-0.196446s ]
INFO: [ view_parse ] --END-- [ RunTime:0.405670s ]
INFO: [ view_filter ] --START--
INFO: Run ContentReplace Behavior [ RunTime:-0.602194s ]
INFO: Run TokenBuild Behavior [ RunTime:-0.604914s ]
INFO: Run WriteHtmlCache Behavior [ RunTime:-0.607445s ]
INFO: Run ShowRuntime Behavior [ RunTime:-0.609614s ]
INFO: [ view_filter ] --END-- [ RunTime:0.010201s ]
INFO: [ view_end ] --START--
INFO: Run ShowPageTrace Behavior [ RunTime:-0.612496s ]
INFO: [ view_end ] --END-- [ RunTime:0.003171s ]

