[ 2016-05-26T05:29:47+08:00 ] 183.136.190.62 /
INFO: [ app_begin ] --START--
INFO: Run ReadHtmlCache Behavior [ RunTime:0.004066s ]
INFO: [ app_begin ] --END-- [ RunTime:0.004254s ]
SQL: SHOW COLUMNS FROM `wy_links` [ RunTime:0.146482s ]
SQL: SELECT * FROM `wy_links` WHERE ( `status` = 1 )  [ RunTime:0.000266s ]
NOTIC: [2] Cannot use a scalar value as an array D:\www\qmyx.wuyelaile.com\weiwincms\_Core\Lib\Core\View.class.php 第 69 行.
INFO: [ view_template ] --START--
INFO: Run LocationTemplate Behavior [ RunTime:-0.292104s ]
INFO: [ view_template ] --END-- [ RunTime:0.031980s ]
INFO: [ view_parse ] --START--
INFO: Run ParseTemplate Behavior [ RunTime:-0.324196s ]
INFO: [ view_parse ] --END-- [ RunTime:0.102029s ]
INFO: [ view_filter ] --START--
INFO: Run ContentReplace Behavior [ RunTime:-0.426358s ]
INFO: Run TokenBuild Behavior [ RunTime:-0.429352s ]
INFO: Run WriteHtmlCache Behavior [ RunTime:-0.432043s ]
INFO: Run ShowRuntime Behavior [ RunTime:-0.434282s ]
INFO: [ view_filter ] --END-- [ RunTime:0.010461s ]
INFO: [ view_end ] --START--
INFO: Run ShowPageTrace Behavior [ RunTime:-0.436935s ]
INFO: [ view_end ] --END-- [ RunTime:0.002569s ]

[ 2016-05-26T08:30:05+08:00 ] 121.42.0.33 /
INFO: [ app_begin ] --START--
INFO: Run ReadHtmlCache Behavior [ RunTime:0.004384s ]
INFO: [ app_begin ] --END-- [ RunTime:0.004613s ]
SQL: SHOW COLUMNS FROM `wy_links` [ RunTime:0.073285s ]
SQL: SELECT * FROM `wy_links` WHERE ( `status` = 1 )  [ RunTime:0.000270s ]
NOTIC: [2] Cannot use a scalar value as an array D:\www\qmyx.wuyelaile.com\weiwincms\_Core\Lib\Core\View.class.php 第 69 行.
INFO: [ view_template ] --START--
INFO: Run LocationTemplate Behavior [ RunTime:-0.119647s ]
INFO: [ view_template ] --END-- [ RunTime:0.042048s ]
INFO: [ view_parse ] --START--
INFO: Run ParseTemplate Behavior [ RunTime:-0.161789s ]
INFO: [ view_parse ] --END-- [ RunTime:0.091515s ]
INFO: [ view_filter ] --START--
INFO: Run ContentReplace Behavior [ RunTime:-0.253406s ]
INFO: Run TokenBuild Behavior [ RunTime:-0.256458s ]
INFO: Run WriteHtmlCache Behavior [ RunTime:-0.258931s ]
INFO: Run ShowRuntime Behavior [ RunTime:-0.261371s ]
INFO: [ view_filter ] --END-- [ RunTime:0.010410s ]
INFO: [ view_end ] --START--
INFO: Run ShowPageTrace Behavior [ RunTime:-0.263915s ]
INFO: [ view_end ] --END-- [ RunTime:0.003126s ]

[ 2016-05-26T13:12:09+08:00 ] ERR: (ThinkException) 无法加载模块:upyun
[ 2016-05-26T13:47:24+08:00 ] 121.42.0.39 /
INFO: [ app_begin ] --START--
INFO: Run ReadHtmlCache Behavior [ RunTime:0.004644s ]
INFO: [ app_begin ] --END-- [ RunTime:0.004877s ]
SQL: SHOW COLUMNS FROM `wy_links` [ RunTime:0.065752s ]
SQL: SELECT * FROM `wy_links` WHERE ( `status` = 1 )  [ RunTime:0.000220s ]
NOTIC: [2] Cannot use a scalar value as an array D:\www\qmyx.wuyelaile.com\weiwincms\_Core\Lib\Core\View.class.php 第 69 行.
INFO: [ view_template ] --START--
INFO: Run LocationTemplate Behavior [ RunTime:-0.110984s ]
INFO: [ view_template ] --END-- [ RunTime:0.029222s ]
INFO: [ view_parse ] --START--
INFO: Run ParseTemplate Behavior [ RunTime:-0.140342s ]
INFO: [ view_parse ] --END-- [ RunTime:0.082888s ]
INFO: [ view_filter ] --START--
INFO: Run ContentReplace Behavior [ RunTime:-0.223309s ]
INFO: Run TokenBuild Behavior [ RunTime:-0.227576s ]
INFO: Run WriteHtmlCache Behavior [ RunTime:-0.230667s ]
INFO: Run ShowRuntime Behavior [ RunTime:-0.234220s ]
INFO: [ view_filter ] --END-- [ RunTime:0.014399s ]
INFO: [ view_end ] --START--
INFO: Run ShowPageTrace Behavior [ RunTime:-0.237913s ]
INFO: [ view_end ] --END-- [ RunTime:0.003137s ]

