[ 2016-01-10T04:46:34+08:00 ] 121.42.0.34 /
INFO: [ app_begin ] --START--
INFO: Run ReadHtmlCache Behavior [ RunTime:0.007074s ]
INFO: [ app_begin ] --END-- [ RunTime:0.007293s ]
SQL: SHOW COLUMNS FROM `wy_links` [ RunTime:0.050617s ]
SQL: SELECT * FROM `wy_links` WHERE ( `status` = 1 )  [ RunTime:0.000372s ]
NOTIC: [2] Cannot use a scalar value as an array D:\www\qmyx.wuyelaile.com\weiwincms\_Core\Lib\Core\View.class.php ç¬¬ 69 è¡Œ.
INFO: [ view_template ] --START--
INFO: Run LocationTemplate Behavior [ RunTime:-0.100617s ]
INFO: [ view_template ] --END-- [ RunTime:0.038310s ]
INFO: [ view_parse ] --START--
INFO: Run ParseTemplate Behavior [ RunTime:-0.139046s ]
INFO: [ view_parse ] --END-- [ RunTime:0.085352s ]
INFO: [ view_filter ] --START--
INFO: Run ContentReplace Behavior [ RunTime:-0.224479s ]
INFO: Run TokenBuild Behavior [ RunTime:-0.226894s ]
INFO: Run WriteHtmlCache Behavior [ RunTime:-0.229589s ]
INFO: Run ShowRuntime Behavior [ RunTime:-0.231493s ]
INFO: [ view_filter ] --END-- [ RunTime:0.009061s ]
INFO: [ view_end ] --START--
INFO: Run ShowPageTrace Behavior [ RunTime:-0.233650s ]
INFO: [ view_end ] --END-- [ RunTime:0.002154s ]

[ 2016-01-10T04:46:34+08:00 ] 121.42.0.34 /
NOTIC: [32] PHP Startup: Unable to load dynamic library 'D:\WebServer\php-5.2.5 (x64)\ext\php_fileinfo.dll' - ÕÒ²»µ½Ö¸¶¨µÄÄ£¿é¡£
 Unknown ç¬¬ 0 è¡Œ.

[ 2016-01-10T09:41:18+08:00 ] 183.136.190.40 /
INFO: [ app_begin ] --START--
INFO: Run ReadHtmlCache Behavior [ RunTime:0.002977s ]
INFO: [ app_begin ] --END-- [ RunTime:0.003217s ]
SQL: SHOW COLUMNS FROM `wy_links` [ RunTime:0.089418s ]
SQL: SELECT * FROM `wy_links` WHERE ( `status` = 1 )  [ RunTime:0.000248s ]
NOTIC: [2] Cannot use a scalar value as an array D:\www\qmyx.wuyelaile.com\weiwincms\_Core\Lib\Core\View.class.php ç¬¬ 69 è¡Œ.
INFO: [ view_template ] --START--
INFO: Run LocationTemplate Behavior [ RunTime:-0.127379s ]
INFO: [ view_template ] --END-- [ RunTime:0.022583s ]
INFO: [ view_parse ] --START--
INFO: Run ParseTemplate Behavior [ RunTime:-0.150063s ]
INFO: [ view_parse ] --END-- [ RunTime:0.071589s ]
INFO: [ view_filter ] --START--
INFO: Run ContentReplace Behavior [ RunTime:-0.221885s ]
INFO: Run TokenBuild Behavior [ RunTime:-0.224985s ]
INFO: Run WriteHtmlCache Behavior [ RunTime:-0.227530s ]
INFO: Run ShowRuntime Behavior [ RunTime:-0.229558s ]
INFO: [ view_filter ] --END-- [ RunTime:0.009896s ]
INFO: [ view_end ] --START--
INFO: Run ShowPageTrace Behavior [ RunTime:-0.231894s ]
INFO: [ view_end ] --END-- [ RunTime:0.002376s ]

[ 2016-01-10T09:41:18+08:00 ] 183.136.190.40 /
NOTIC: [32] PHP Startup: Unable to load dynamic library 'D:\WebServer\php-5.2.5 (x64)\ext\php_fileinfo.dll' - ÕÒ²»µ½Ö¸¶¨µÄÄ£¿é¡£
 Unknown ç¬¬ 0 è¡Œ.

[ 2016-01-10T09:44:00+08:00 ] 183.136.190.40 /
INFO: [ app_begin ] --START--
INFO: Run ReadHtmlCache Behavior [ RunTime:0.001145s ]
INFO: [ app_begin ] --END-- [ RunTime:0.001293s ]
SQL: SHOW COLUMNS FROM `wy_links` [ RunTime:0.004875s ]
SQL: SELECT * FROM `wy_links` WHERE ( `status` = 1 )  [ RunTime:0.000225s ]
NOTIC: [2] Cannot use a scalar value as an array D:\www\qmyx.wuyelaile.com\weiwincms\_Core\Lib\Core\View.class.php ç¬¬ 69 è¡Œ.
INFO: [ view_template ] --START--
INFO: Run LocationTemplate Behavior [ RunTime:-0.028205s ]
INFO: [ view_template ] --END-- [ RunTime:0.001813s ]
INFO: [ view_parse ] --START--
INFO: Run ParseTemplate Behavior [ RunTime:-0.030088s ]
INFO: [ view_parse ] --END-- [ RunTime:0.013150s ]
INFO: [ view_filter ] --START--
INFO: Run ContentReplace Behavior [ RunTime:-0.043310s ]
INFO: Run TokenBuild Behavior [ RunTime:-0.044327s ]
INFO: Run WriteHtmlCache Behavior [ RunTime:-0.045452s ]
INFO: Run ShowRuntime Behavior [ RunTime:-0.046318s ]
INFO: [ view_filter ] --END-- [ RunTime:0.004117s ]
INFO: [ view_end ] --START--
INFO: Run ShowPageTrace Behavior [ RunTime:-0.047535s ]
INFO: [ view_end ] --END-- [ RunTime:0.001253s ]

