[ 2016-08-20T06:04:31+08:00 ] 220.181.108.166 /
INFO: [ app_begin ] --START--
INFO: Run ReadHtmlCache Behavior [ RunTime:0.005418s ]
INFO: [ app_begin ] --END-- [ RunTime:0.006750s ]
SQL: SHOW COLUMNS FROM `wy_links` [ RunTime:0.101896s ]
SQL: SELECT * FROM `wy_links` WHERE ( `status` = 1 )  [ RunTime:0.000349s ]
NOTIC: [2] Cannot use a scalar value as an array D:\www\qmyx.wuyelaile.com\weiwincms\_Core\Lib\Core\View.class.php ç¬¬ 69 è¡Œ.
INFO: [ view_template ] --START--
INFO: Run LocationTemplate Behavior [ RunTime:-0.213612s ]
INFO: [ view_template ] --END-- [ RunTime:0.343710s ]
INFO: [ view_parse ] --START--
INFO: Run ParseTemplate Behavior [ RunTime:-0.557444s ]
INFO: [ view_parse ] --END-- [ RunTime:0.102128s ]
INFO: [ view_filter ] --START--
INFO: Run ContentReplace Behavior [ RunTime:-0.659647s ]
INFO: Run TokenBuild Behavior [ RunTime:-0.662198s ]
INFO: Run WriteHtmlCache Behavior [ RunTime:-0.664242s ]
INFO: Run ShowRuntime Behavior [ RunTime:-0.666010s ]
INFO: [ view_filter ] --END-- [ RunTime:0.008325s ]
INFO: [ view_end ] --START--
INFO: Run ShowPageTrace Behavior [ RunTime:-0.668070s ]
INFO: [ view_end ] --END-- [ RunTime:0.002862s ]

[ 2016-08-20T06:04:31+08:00 ] 220.181.108.166 /
NOTIC: [32] PHP Startup: Unable to load dynamic library 'D:\WebServer\php-5.2.5 (x64)\ext\php_fileinfo.dll' - ÕÒ²»µ½Ö¸¶¨µÄÄ£¿é¡£
 Unknown ç¬¬ 0 è¡Œ.

