[ 2016-02-14T03:57:16+08:00 ] 123.125.71.45 /
INFO: [ app_begin ] --START--
INFO: Run ReadHtmlCache Behavior [ RunTime:0.004147s ]
INFO: [ app_begin ] --END-- [ RunTime:0.004346s ]
SQL: SHOW COLUMNS FROM `wy_links` [ RunTime:0.547916s ]
SQL: SELECT * FROM `wy_links` WHERE ( `status` = 1 )  [ RunTime:0.000394s ]
NOTIC: [2] Cannot use a scalar value as an array D:\www\qmyx.wuyelaile.com\weiwincms\_Core\Lib\Core\View.class.php ç¬¬ 69 è¡Œ.
INFO: [ view_template ] --START--
INFO: Run LocationTemplate Behavior [ RunTime:-0.639076s ]
INFO: [ view_template ] --END-- [ RunTime:0.047980s ]
INFO: [ view_parse ] --START--
INFO: Run ParseTemplate Behavior [ RunTime:-0.687190s ]
INFO: [ view_parse ] --END-- [ RunTime:0.097621s ]
INFO: [ view_filter ] --START--
INFO: Run ContentReplace Behavior [ RunTime:-0.784979s ]
INFO: Run TokenBuild Behavior [ RunTime:-0.787636s ]
INFO: Run WriteHtmlCache Behavior [ RunTime:-0.790225s ]
INFO: Run ShowRuntime Behavior [ RunTime:-0.792304s ]
INFO: [ view_filter ] --END-- [ RunTime:0.009861s ]
INFO: [ view_end ] --START--
INFO: Run ShowPageTrace Behavior [ RunTime:-0.794991s ]
INFO: [ view_end ] --END-- [ RunTime:0.002938s ]

[ 2016-02-14T03:57:16+08:00 ] 123.125.71.45 /
NOTIC: [32] PHP Startup: Unable to load dynamic library 'D:\WebServer\php-5.2.5 (x64)\ext\php_fileinfo.dll' - ÕÒ²»µ½Ö¸¶¨µÄÄ£¿é¡£
 Unknown ç¬¬ 0 è¡Œ.

