[ 2016-03-11T07:42:09+08:00 ] 183.136.190.62 /
INFO: [ app_begin ] --START--
INFO: Run ReadHtmlCache Behavior [ RunTime:0.003414s ]
INFO: [ app_begin ] --END-- [ RunTime:0.003609s ]
SQL: SHOW COLUMNS FROM `wy_links` [ RunTime:0.123799s ]
SQL: SELECT * FROM `wy_links` WHERE ( `status` = 1 )  [ RunTime:0.000352s ]
NOTIC: [2] Cannot use a scalar value as an array D:\www\qmyx.wuyelaile.com\weiwincms\_Core\Lib\Core\View.class.php ç¬¬ 69 è¡Œ.
INFO: [ view_template ] --START--
INFO: Run LocationTemplate Behavior [ RunTime:-0.195772s ]
INFO: [ view_template ] --END-- [ RunTime:0.442220s ]
INFO: [ view_parse ] --START--
INFO: Run ParseTemplate Behavior [ RunTime:-0.638101s ]
INFO: [ view_parse ] --END-- [ RunTime:0.092702s ]
INFO: [ view_filter ] --START--
INFO: Run ContentReplace Behavior [ RunTime:-0.730977s ]
INFO: Run TokenBuild Behavior [ RunTime:-0.733373s ]
INFO: Run WriteHtmlCache Behavior [ RunTime:-0.735530s ]
INFO: Run ShowRuntime Behavior [ RunTime:-0.737170s ]
INFO: [ view_filter ] --END-- [ RunTime:0.008040s ]
INFO: [ view_end ] --START--
INFO: Run ShowPageTrace Behavior [ RunTime:-0.739092s ]
INFO: [ view_end ] --END-- [ RunTime:0.001943s ]

[ 2016-03-11T07:42:09+08:00 ] 183.136.190.62 /
NOTIC: [32] PHP Startup: Unable to load dynamic library 'D:\WebServer\php-5.2.5 (x64)\ext\php_fileinfo.dll' - ÕÒ²»µ½Ö¸¶¨µÄÄ£¿é¡£
 Unknown ç¬¬ 0 è¡Œ.

