[ 2016-02-12T03:56:55+08:00 ] 220.181.108.157 /index.php?g=Wap&m=Agent&a=index&token=jeifef1412084627&wecha_id=oI5B3uFvj5VU7zO-FuwxOrnKXkNI
INFO: [ app_begin ] --START--
INFO: Run ReadHtmlCache Behavior [ RunTime:0.003955s ]
INFO: [ app_begin ] --END-- [ RunTime:0.004142s ]
SQL: SHOW COLUMNS FROM `wy_lpinfo` [ RunTime:0.118226s ]
SQL: SELECT * FROM `wy_lpinfo` WHERE ( `token` = 'jeifef1412084627' ) ORDER BY houseSort desc,id desc LIMIT 0,20   [ RunTime:0.002466s ]
SQL: SHOW COLUMNS FROM `wy_jjr` [ RunTime:0.075313s ]
SQL: SELECT * FROM `wy_jjr` WHERE ( `Wecha_id` = 'oI5B3uFvj5VU7zO-FuwxOrnKXkNI' ) AND ( `Token` = 'jeifef1412084627' ) LIMIT 1   [ RunTime:0.001194s ]
SQL: SHOW COLUMNS FROM `wy_share_content` [ RunTime:0.316319s ]
SQL: SELECT * FROM `wy_share_content` WHERE token='jeifef1412084627' LIMIT 1   [ RunTime:0.000561s ]
NOTIC: [2] Cannot use a scalar value as an array D:\www\qmyx.wuyelaile.com\weiwincms\_Core\Lib\Core\View.class.php 第 69 行.
INFO: [ view_template ] --START--
INFO: Run LocationTemplate Behavior [ RunTime:-0.628750s ]
INFO: [ view_template ] --END-- [ RunTime:0.410567s ]
INFO: [ view_parse ] --START--
INFO: Run ParseTemplate Behavior [ RunTime:-1.039422s ]
INFO: [ view_parse ] --END-- [ RunTime:0.089530s ]
INFO: [ view_filter ] --START--
INFO: Run ContentReplace Behavior [ RunTime:-1.129034s ]
INFO: Run TokenBuild Behavior [ RunTime:-1.131981s ]
INFO: Run WriteHtmlCache Behavior [ RunTime:-1.134548s ]
INFO: Run ShowRuntime Behavior [ RunTime:-1.136633s ]
INFO: [ view_filter ] --END-- [ RunTime:0.009863s ]
INFO: [ view_end ] --START--
INFO: Run ShowPageTrace Behavior [ RunTime:-1.139005s ]
INFO: [ view_end ] --END-- [ RunTime:0.002549s ]

