[ 2016-03-13T04:47:52+08:00 ] 121.42.0.33 /
INFO: [ app_begin ] --START--
INFO: Run ReadHtmlCache Behavior [ RunTime:0.001583s ]
INFO: [ app_begin ] --END-- [ RunTime:0.001724s ]
SQL: SHOW COLUMNS FROM `wy_links` [ RunTime:0.035026s ]
SQL: SELECT * FROM `wy_links` WHERE ( `status` = 1 )  [ RunTime:0.000563s ]
NOTIC: [2] Cannot use a scalar value as an array D:\www\qmyx.wuyelaile.com\weiwincms\_Core\Lib\Core\View.class.php 第 69 行.
INFO: [ view_template ] --START--
INFO: Run LocationTemplate Behavior [ RunTime:-0.061992s ]
INFO: [ view_template ] --END-- [ RunTime:0.002316s ]
INFO: [ view_parse ] --START--
INFO: Run ParseTemplate Behavior [ RunTime:-0.064429s ]
INFO: [ view_parse ] --END-- [ RunTime:0.029786s ]
INFO: [ view_filter ] --START--
INFO: Run ContentReplace Behavior [ RunTime:-0.094324s ]
INFO: Run TokenBuild Behavior [ RunTime:-0.095799s ]
INFO: Run WriteHtmlCache Behavior [ RunTime:-0.097458s ]
INFO: Run ShowRuntime Behavior [ RunTime:-0.099272s ]
INFO: [ view_filter ] --END-- [ RunTime:0.006580s ]
INFO: [ view_end ] --START--
INFO: Run ShowPageTrace Behavior [ RunTime:-0.100998s ]
INFO: [ view_end ] --END-- [ RunTime:0.001687s ]

