[ 2016-05-24T05:36:41+08:00 ] 183.136.190.62 /
INFO: [ app_begin ] --START--
INFO: Run ReadHtmlCache Behavior [ RunTime:0.003913s ]
INFO: [ app_begin ] --END-- [ RunTime:0.004069s ]
SQL: SHOW COLUMNS FROM `wy_links` [ RunTime:0.107365s ]
SQL: SELECT * FROM `wy_links` WHERE ( `status` = 1 )  [ RunTime:0.000269s ]
NOTIC: [2] Cannot use a scalar value as an array D:\www\qmyx.wuyelaile.com\weiwincms\_Core\Lib\Core\View.class.php ç¬¬ 69 è¡Œ.
INFO: [ view_template ] --START--
INFO: Run LocationTemplate Behavior [ RunTime:-0.149100s ]
INFO: [ view_template ] --END-- [ RunTime:0.035394s ]
INFO: [ view_parse ] --START--
INFO: Run ParseTemplate Behavior [ RunTime:-0.184594s ]
INFO: [ view_parse ] --END-- [ RunTime:0.067898s ]
INFO: [ view_filter ] --START--
INFO: Run ContentReplace Behavior [ RunTime:-0.252595s ]
INFO: Run TokenBuild Behavior [ RunTime:-0.255769s ]
INFO: Run WriteHtmlCache Behavior [ RunTime:-0.258220s ]
INFO: Run ShowRuntime Behavior [ RunTime:-0.260373s ]
INFO: [ view_filter ] --END-- [ RunTime:0.010948s ]
INFO: [ view_end ] --START--
INFO: Run ShowPageTrace Behavior [ RunTime:-0.263772s ]
INFO: [ view_end ] --END-- [ RunTime:0.002963s ]

[ 2016-05-24T09:09:24+08:00 ] 121.42.0.33 /
INFO: [ app_begin ] --START--
INFO: Run ReadHtmlCache Behavior [ RunTime:0.001642s ]
INFO: [ app_begin ] --END-- [ RunTime:0.001785s ]
SQL: SHOW COLUMNS FROM `wy_links` [ RunTime:0.005890s ]
SQL: SELECT * FROM `wy_links` WHERE ( `status` = 1 )  [ RunTime:0.000249s ]
NOTIC: [2] Cannot use a scalar value as an array D:\www\qmyx.wuyelaile.com\weiwincms\_Core\Lib\Core\View.class.php ç¬¬ 69 è¡Œ.
INFO: [ view_template ] --START--
INFO: Run LocationTemplate Behavior [ RunTime:-0.030166s ]
INFO: [ view_template ] --END-- [ RunTime:0.002344s ]
INFO: [ view_parse ] --START--
INFO: Run ParseTemplate Behavior [ RunTime:-0.032597s ]
INFO: [ view_parse ] --END-- [ RunTime:0.024369s ]
INFO: [ view_filter ] --START--
INFO: Run ContentReplace Behavior [ RunTime:-0.057047s ]
INFO: Run TokenBuild Behavior [ RunTime:-0.058598s ]
INFO: Run WriteHtmlCache Behavior [ RunTime:-0.060308s ]
INFO: Run ShowRuntime Behavior [ RunTime:-0.061709s ]
INFO: [ view_filter ] --END-- [ RunTime:0.006254s ]
INFO: [ view_end ] --START--
INFO: Run ShowPageTrace Behavior [ RunTime:-0.063399s ]
INFO: [ view_end ] --END-- [ RunTime:0.001661s ]

[ 2016-05-24T16:45:55+08:00 ] 183.136.190.62 /
INFO: [ app_begin ] --START--
INFO: Run ReadHtmlCache Behavior [ RunTime:0.001501s ]
INFO: [ app_begin ] --END-- [ RunTime:0.001737s ]
SQL: SHOW COLUMNS FROM `wy_links` [ RunTime:0.006978s ]
SQL: SELECT * FROM `wy_links` WHERE ( `status` = 1 )  [ RunTime:0.000299s ]
NOTIC: [2] Cannot use a scalar value as an array D:\www\qmyx.wuyelaile.com\weiwincms\_Core\Lib\Core\View.class.php ç¬¬ 69 è¡Œ.
INFO: [ view_template ] --START--
INFO: Run LocationTemplate Behavior [ RunTime:-0.034359s ]
INFO: [ view_template ] --END-- [ RunTime:0.001690s ]
INFO: [ view_parse ] --START--
INFO: Run ParseTemplate Behavior [ RunTime:-0.036132s ]
INFO: [ view_parse ] --END-- [ RunTime:0.023259s ]
INFO: [ view_filter ] --START--
INFO: Run ContentReplace Behavior [ RunTime:-0.059482s ]
INFO: Run TokenBuild Behavior [ RunTime:-0.060551s ]
INFO: Run WriteHtmlCache Behavior [ RunTime:-0.061755s ]
INFO: Run ShowRuntime Behavior [ RunTime:-0.062619s ]
INFO: [ view_filter ] --END-- [ RunTime:0.004245s ]
INFO: [ view_end ] --START--
INFO: Run ShowPageTrace Behavior [ RunTime:-0.063835s ]
INFO: [ view_end ] --END-- [ RunTime:0.001289s ]

[ 2016-05-24T16:45:55+08:00 ] 183.136.190.62 /
NOTIC: [32] PHP Startup: Unable to load dynamic library 'D:\WebServer\php-5.2.5 (x64)\ext\php_fileinfo.dll' - ÕÒ²»µ½Ö¸¶¨µÄÄ£¿é¡£
 Unknown ç¬¬ 0 è¡Œ.

[ 2016-05-24T21:23:14+08:00 ] 121.42.0.37 /
INFO: [ app_begin ] --START--
INFO: Run ReadHtmlCache Behavior [ RunTime:0.001181s ]
INFO: [ app_begin ] --END-- [ RunTime:0.001359s ]
SQL: SHOW COLUMNS FROM `wy_links` [ RunTime:0.004802s ]
SQL: SELECT * FROM `wy_links` WHERE ( `status` = 1 )  [ RunTime:0.000212s ]
NOTIC: [2] Cannot use a scalar value as an array D:\www\qmyx.wuyelaile.com\weiwincms\_Core\Lib\Core\View.class.php ç¬¬ 69 è¡Œ.
INFO: [ view_template ] --START--
INFO: Run LocationTemplate Behavior [ RunTime:-0.028658s ]
INFO: [ view_template ] --END-- [ RunTime:0.001655s ]
INFO: [ view_parse ] --START--
INFO: Run ParseTemplate Behavior [ RunTime:-0.030398s ]
INFO: [ view_parse ] --END-- [ RunTime:0.020059s ]
INFO: [ view_filter ] --START--
INFO: Run ContentReplace Behavior [ RunTime:-0.050573s ]
INFO: Run TokenBuild Behavior [ RunTime:-0.051589s ]
INFO: Run WriteHtmlCache Behavior [ RunTime:-0.052826s ]
INFO: Run ShowRuntime Behavior [ RunTime:-0.054054s ]
INFO: [ view_filter ] --END-- [ RunTime:0.005049s ]
INFO: [ view_end ] --START--
INFO: Run ShowPageTrace Behavior [ RunTime:-0.055719s ]
INFO: [ view_end ] --END-- [ RunTime:0.001232s ]

[ 2016-05-24T21:23:14+08:00 ] 121.42.0.37 /
NOTIC: [32] PHP Startup: Unable to load dynamic library 'D:\WebServer\php-5.2.5 (x64)\ext\php_fileinfo.dll' - ÕÒ²»µ½Ö¸¶¨µÄÄ£¿é¡£
 Unknown ç¬¬ 0 è¡Œ.

