[ 2016-06-02T05:38:01+08:00 ] 183.136.190.62 /
INFO: [ app_begin ] --START--
INFO: Run ReadHtmlCache Behavior [ RunTime:0.001484s ]
INFO: [ app_begin ] --END-- [ RunTime:0.001631s ]
SQL: SHOW COLUMNS FROM `wy_links` [ RunTime:0.004709s ]
SQL: SELECT * FROM `wy_links` WHERE ( `status` = 1 )  [ RunTime:0.000197s ]
NOTIC: [2] Cannot use a scalar value as an array D:\www\qmyx.wuyelaile.com\weiwincms\_Core\Lib\Core\View.class.php ç¬¬ 69 è¡Œ.
INFO: [ view_template ] --START--
INFO: Run LocationTemplate Behavior [ RunTime:-0.027849s ]
INFO: [ view_template ] --END-- [ RunTime:0.002288s ]
INFO: [ view_parse ] --START--
INFO: Run ParseTemplate Behavior [ RunTime:-0.030222s ]
INFO: [ view_parse ] --END-- [ RunTime:0.022622s ]
INFO: [ view_filter ] --START--
INFO: Run ContentReplace Behavior [ RunTime:-0.052941s ]
INFO: Run TokenBuild Behavior [ RunTime:-0.054340s ]
INFO: Run WriteHtmlCache Behavior [ RunTime:-0.056202s ]
INFO: Run ShowRuntime Behavior [ RunTime:-0.057589s ]
INFO: [ view_filter ] --END-- [ RunTime:0.007118s ]
INFO: [ view_end ] --START--
INFO: Run ShowPageTrace Behavior [ RunTime:-0.060217s ]
INFO: [ view_end ] --END-- [ RunTime:0.002871s ]

[ 2016-06-02T17:52:59+08:00 ] 183.136.190.40 /
INFO: [ app_begin ] --START--
INFO: Run ReadHtmlCache Behavior [ RunTime:0.001129s ]
INFO: [ app_begin ] --END-- [ RunTime:0.001302s ]
SQL: SHOW COLUMNS FROM `wy_links` [ RunTime:0.031586s ]
SQL: SELECT * FROM `wy_links` WHERE ( `status` = 1 )  [ RunTime:0.000538s ]
NOTIC: [2] Cannot use a scalar value as an array D:\www\qmyx.wuyelaile.com\weiwincms\_Core\Lib\Core\View.class.php ç¬¬ 69 è¡Œ.
INFO: [ view_template ] --START--
INFO: Run LocationTemplate Behavior [ RunTime:-0.059302s ]
INFO: [ view_template ] --END-- [ RunTime:0.001782s ]
INFO: [ view_parse ] --START--
INFO: Run ParseTemplate Behavior [ RunTime:-0.061168s ]
INFO: [ view_parse ] --END-- [ RunTime:0.026359s ]
INFO: [ view_filter ] --START--
INFO: Run ContentReplace Behavior [ RunTime:-0.087597s ]
INFO: Run TokenBuild Behavior [ RunTime:-0.088607s ]
INFO: Run WriteHtmlCache Behavior [ RunTime:-0.089851s ]
INFO: Run ShowRuntime Behavior [ RunTime:-0.091110s ]
INFO: [ view_filter ] --END-- [ RunTime:0.004643s ]
INFO: [ view_end ] --START--
INFO: Run ShowPageTrace Behavior [ RunTime:-0.092343s ]
INFO: [ view_end ] --END-- [ RunTime:0.001240s ]

[ 2016-06-02T17:52:59+08:00 ] 183.136.190.40 /
NOTIC: [32] PHP Startup: Unable to load dynamic library 'D:\WebServer\php-5.2.5 (x64)\ext\php_fileinfo.dll' - ÕÒ²»µ½Ö¸¶¨µÄÄ£¿é¡£
 Unknown ç¬¬ 0 è¡Œ.

