[ 2016-02-13T08:43:32+08:00 ] 123.125.71.89 /
INFO: [ app_begin ] --START--
INFO: Run ReadHtmlCache Behavior [ RunTime:0.004613s ]
INFO: [ app_begin ] --END-- [ RunTime:0.004763s ]
SQL: SHOW COLUMNS FROM `wy_links` [ RunTime:0.087751s ]
SQL: SELECT * FROM `wy_links` WHERE ( `status` = 1 )  [ RunTime:0.000522s ]
NOTIC: [2] Cannot use a scalar value as an array D:\www\qmyx.wuyelaile.com\weiwincms\_Core\Lib\Core\View.class.php 第 69 行.
INFO: [ view_template ] --START--
INFO: Run LocationTemplate Behavior [ RunTime:-0.166025s ]
INFO: [ view_template ] --END-- [ RunTime:0.064967s ]
INFO: [ view_parse ] --START--
INFO: Run ParseTemplate Behavior [ RunTime:-0.231101s ]
INFO: [ view_parse ] --END-- [ RunTime:0.108918s ]
INFO: [ view_filter ] --START--
INFO: Run ContentReplace Behavior [ RunTime:-0.340100s ]
INFO: Run TokenBuild Behavior [ RunTime:-0.342765s ]
INFO: Run WriteHtmlCache Behavior [ RunTime:-0.345572s ]
INFO: Run ShowRuntime Behavior [ RunTime:-0.347585s ]
INFO: [ view_filter ] --END-- [ RunTime:0.010174s ]
INFO: [ view_end ] --START--
INFO: Run ShowPageTrace Behavior [ RunTime:-0.350382s ]
INFO: [ view_end ] --END-- [ RunTime:0.003361s ]

[ 2016-02-13T15:48:55+08:00 ] ERR: (ThinkException) 无法加载模块:agent
