[ 2016-03-23T15:21:59+08:00 ] 123.125.71.106 /index.php?g=Wap&m=Agent&a=index&token=jeifef1412084627&wecha_id=oI5B3uFvj5VU7zO-FuwxOrnKXkNI
INFO: [ app_begin ] --START--
INFO: Run ReadHtmlCache Behavior [ RunTime:0.003868s ]
INFO: [ app_begin ] --END-- [ RunTime:0.004055s ]
SQL: SHOW COLUMNS FROM `wy_lpinfo` [ RunTime:0.186447s ]
SQL: SELECT * FROM `wy_lpinfo` WHERE ( `token` = 'jeifef1412084627' ) ORDER BY houseSort desc,id desc LIMIT 0,20   [ RunTime:0.029944s ]
SQL: SHOW COLUMNS FROM `wy_jjr` [ RunTime:0.107682s ]
SQL: SELECT * FROM `wy_jjr` WHERE ( `Wecha_id` = 'oI5B3uFvj5VU7zO-FuwxOrnKXkNI' ) AND ( `Token` = 'jeifef1412084627' ) LIMIT 1   [ RunTime:0.002216s ]
SQL: SHOW COLUMNS FROM `wy_share_content` [ RunTime:0.115454s ]
SQL: SELECT * FROM `wy_share_content` WHERE token='jeifef1412084627' LIMIT 1   [ RunTime:0.000561s ]
NOTIC: [2] Cannot use a scalar value as an array D:\www\qmyx.wuyelaile.com\weiwincms\_Core\Lib\Core\View.class.php Á¨¨ 69 Ë°å.
INFO: [ view_template ] --START--
INFO: Run LocationTemplate Behavior [ RunTime:-0.689531s ]
INFO: [ view_template ] --END-- [ RunTime:0.022535s ]
INFO: [ view_parse ] --START--
INFO: Run ParseTemplate Behavior [ RunTime:-0.712166s ]
INFO: [ view_parse ] --END-- [ RunTime:0.181182s ]
INFO: [ view_filter ] --START--
INFO: Run ContentReplace Behavior [ RunTime:-0.893433s ]
INFO: Run TokenBuild Behavior [ RunTime:-0.895628s ]
INFO: Run WriteHtmlCache Behavior [ RunTime:-0.897615s ]
INFO: Run ShowRuntime Behavior [ RunTime:-0.899203s ]
INFO: [ view_filter ] --END-- [ RunTime:0.007622s ]
INFO: [ view_end ] --START--
INFO: Run ShowPageTrace Behavior [ RunTime:-0.901162s ]
INFO: [ view_end ] --END-- [ RunTime:0.001858s ]

[ 2016-03-23T15:21:59+08:00 ] 123.125.71.106 /index.php?g=Wap&m=Agent&a=index&token=jeifef1412084627&wecha_id=oI5B3uFvj5VU7zO-FuwxOrnKXkNI
NOTIC: [32] PHP Startup: Unable to load dynamic library 'D:\WebServer\php-5.2.5 (x64)\ext\php_fileinfo.dll' - ’“≤ªµΩ÷∏∂®µƒƒ£øÈ°£
 Unknown Á¨¨ 0 Ë°å.

[ 2016-03-23T20:08:11+08:00 ] ERR: (ThinkException) Êó†Ê≥ïÂä†ËΩΩÊ®°Âùó:agent
[ 2016-03-23T23:31:21+08:00 ] 123.125.71.79 /
INFO: [ app_begin ] --START--
INFO: Run ReadHtmlCache Behavior [ RunTime:0.001273s ]
INFO: [ app_begin ] --END-- [ RunTime:0.001530s ]
SQL: SHOW COLUMNS FROM `wy_links` [ RunTime:0.081588s ]
SQL: SELECT * FROM `wy_links` WHERE ( `status` = 1 )  [ RunTime:0.000361s ]
NOTIC: [2] Cannot use a scalar value as an array D:\www\qmyx.wuyelaile.com\weiwincms\_Core\Lib\Core\View.class.php Á¨¨ 69 Ë°å.
INFO: [ view_template ] --START--
INFO: Run LocationTemplate Behavior [ RunTime:-0.579024s ]
INFO: [ view_template ] --END-- [ RunTime:0.069981s ]
INFO: [ view_parse ] --START--
INFO: Run ParseTemplate Behavior [ RunTime:-0.649137s ]
INFO: [ view_parse ] --END-- [ RunTime:0.110487s ]
INFO: [ view_filter ] --START--
INFO: Run ContentReplace Behavior [ RunTime:-0.759721s ]
INFO: Run TokenBuild Behavior [ RunTime:-0.762197s ]
INFO: Run WriteHtmlCache Behavior [ RunTime:-0.765428s ]
INFO: Run ShowRuntime Behavior [ RunTime:-0.767707s ]
INFO: [ view_filter ] --END-- [ RunTime:0.011066s ]
INFO: [ view_end ] --START--
INFO: Run ShowPageTrace Behavior [ RunTime:-0.770909s ]
INFO: [ view_end ] --END-- [ RunTime:0.002949s ]

[ 2016-03-23T23:31:21+08:00 ] 123.125.71.79 /
NOTIC: [32] PHP Startup: Unable to load dynamic library 'D:\WebServer\php-5.2.5 (x64)\ext\php_fileinfo.dll' - ’“≤ªµΩ÷∏∂®µƒƒ£øÈ°£
 Unknown Á¨¨ 0 Ë°å.

