[ 2016-03-07T04:24:07+08:00 ] 121.42.0.34 /
INFO: [ app_begin ] --START--
INFO: Run ReadHtmlCache Behavior [ RunTime:0.001078s ]
INFO: [ app_begin ] --END-- [ RunTime:0.001226s ]
SQL: SHOW COLUMNS FROM `wy_links` [ RunTime:0.006622s ]
SQL: SELECT * FROM `wy_links` WHERE ( `status` = 1 )  [ RunTime:0.000425s ]
NOTIC: [2] Cannot use a scalar value as an array D:\www\qmyx.wuyelaile.com\weiwincms\_Core\Lib\Core\View.class.php 第 69 行.
INFO: [ view_template ] --START--
INFO: Run LocationTemplate Behavior [ RunTime:-0.028480s ]
INFO: [ view_template ] --END-- [ RunTime:0.002005s ]
INFO: [ view_parse ] --START--
INFO: Run ParseTemplate Behavior [ RunTime:-0.030573s ]
INFO: [ view_parse ] --END-- [ RunTime:0.023417s ]
INFO: [ view_filter ] --START--
INFO: Run ContentReplace Behavior [ RunTime:-0.054138s ]
INFO: Run TokenBuild Behavior [ RunTime:-0.056389s ]
INFO: Run WriteHtmlCache Behavior [ RunTime:-0.058969s ]
INFO: Run ShowRuntime Behavior [ RunTime:-0.061096s ]
INFO: [ view_filter ] --END-- [ RunTime:0.009453s ]
INFO: [ view_end ] --START--
INFO: Run ShowPageTrace Behavior [ RunTime:-0.063821s ]
INFO: [ view_end ] --END-- [ RunTime:0.001685s ]

[ 2016-03-07T10:14:14+08:00 ] 123.125.71.86 /
INFO: [ app_begin ] --START--
INFO: Run ReadHtmlCache Behavior [ RunTime:0.001180s ]
INFO: [ app_begin ] --END-- [ RunTime:0.001375s ]
SQL: SHOW COLUMNS FROM `wy_links` [ RunTime:0.036312s ]
SQL: SELECT * FROM `wy_links` WHERE ( `status` = 1 )  [ RunTime:0.000234s ]
NOTIC: [2] Cannot use a scalar value as an array D:\www\qmyx.wuyelaile.com\weiwincms\_Core\Lib\Core\View.class.php 第 69 行.
INFO: [ view_template ] --START--
INFO: Run LocationTemplate Behavior [ RunTime:-0.062218s ]
INFO: [ view_template ] --END-- [ RunTime:0.002207s ]
INFO: [ view_parse ] --START--
INFO: Run ParseTemplate Behavior [ RunTime:-0.064471s ]
INFO: [ view_parse ] --END-- [ RunTime:0.021970s ]
INFO: [ view_filter ] --START--
INFO: Run ContentReplace Behavior [ RunTime:-0.086554s ]
INFO: Run TokenBuild Behavior [ RunTime:-0.088021s ]
INFO: Run WriteHtmlCache Behavior [ RunTime:-0.089666s ]
INFO: Run ShowRuntime Behavior [ RunTime:-0.090893s ]
INFO: [ view_filter ] --END-- [ RunTime:0.005860s ]
INFO: [ view_end ] --START--
INFO: Run ShowPageTrace Behavior [ RunTime:-0.092516s ]
INFO: [ view_end ] --END-- [ RunTime:0.001611s ]

