[ 2016-01-27T04:00:57+08:00 ] 183.136.190.62 /
INFO: [ app_begin ] --START--
INFO: Run ReadHtmlCache Behavior [ RunTime:0.004006s ]
INFO: [ app_begin ] --END-- [ RunTime:0.004202s ]
SQL: SHOW COLUMNS FROM `wy_links` [ RunTime:0.046687s ]
SQL: SELECT * FROM `wy_links` WHERE ( `status` = 1 )  [ RunTime:0.000490s ]
NOTIC: [2] Cannot use a scalar value as an array D:\www\qmyx.wuyelaile.com\weiwincms\_Core\Lib\Core\View.class.php ç¬¬ 69 è¡Œ.
INFO: [ view_template ] --START--
INFO: Run LocationTemplate Behavior [ RunTime:-0.137523s ]
INFO: [ view_template ] --END-- [ RunTime:0.004912s ]
INFO: [ view_parse ] --START--
INFO: Run ParseTemplate Behavior [ RunTime:-0.142522s ]
INFO: [ view_parse ] --END-- [ RunTime:0.078221s ]
INFO: [ view_filter ] --START--
INFO: Run ContentReplace Behavior [ RunTime:-0.220830s ]
INFO: Run TokenBuild Behavior [ RunTime:-0.223545s ]
INFO: Run WriteHtmlCache Behavior [ RunTime:-0.226433s ]
INFO: Run ShowRuntime Behavior [ RunTime:-0.228694s ]
INFO: [ view_filter ] --END-- [ RunTime:0.010519s ]
INFO: [ view_end ] --START--
INFO: Run ShowPageTrace Behavior [ RunTime:-0.231447s ]
INFO: [ view_end ] --END-- [ RunTime:0.002838s ]

[ 2016-01-27T04:44:43+08:00 ] 121.42.0.35 /
INFO: [ app_begin ] --START--
INFO: Run ReadHtmlCache Behavior [ RunTime:0.001122s ]
INFO: [ app_begin ] --END-- [ RunTime:0.001331s ]
SQL: SHOW COLUMNS FROM `wy_links` [ RunTime:0.037734s ]
SQL: SELECT * FROM `wy_links` WHERE ( `status` = 1 )  [ RunTime:0.000302s ]
NOTIC: [2] Cannot use a scalar value as an array D:\www\qmyx.wuyelaile.com\weiwincms\_Core\Lib\Core\View.class.php ç¬¬ 69 è¡Œ.
INFO: [ view_template ] --START--
INFO: Run LocationTemplate Behavior [ RunTime:-0.064329s ]
INFO: [ view_template ] --END-- [ RunTime:0.001990s ]
INFO: [ view_parse ] --START--
INFO: Run ParseTemplate Behavior [ RunTime:-0.066404s ]
INFO: [ view_parse ] --END-- [ RunTime:0.030021s ]
INFO: [ view_filter ] --START--
INFO: Run ContentReplace Behavior [ RunTime:-0.096617s ]
INFO: Run TokenBuild Behavior [ RunTime:-0.098020s ]
INFO: Run WriteHtmlCache Behavior [ RunTime:-0.099334s ]
INFO: Run ShowRuntime Behavior [ RunTime:-0.100173s ]
INFO: [ view_filter ] --END-- [ RunTime:0.004640s ]
INFO: [ view_end ] --START--
INFO: Run ShowPageTrace Behavior [ RunTime:-0.101351s ]
INFO: [ view_end ] --END-- [ RunTime:0.001270s ]

[ 2016-01-27T04:44:43+08:00 ] 121.42.0.35 /
NOTIC: [32] PHP Startup: Unable to load dynamic library 'D:\WebServer\php-5.2.5 (x64)\ext\php_fileinfo.dll' - ÕÒ²»µ½Ö¸¶¨µÄÄ£¿é¡£
 Unknown ç¬¬ 0 è¡Œ.

[ 2016-01-27T18:06:46+08:00 ] 123.125.71.38 /
INFO: [ app_begin ] --START--
INFO: Run ReadHtmlCache Behavior [ RunTime:0.001849s ]
INFO: [ app_begin ] --END-- [ RunTime:0.002011s ]
SQL: SHOW COLUMNS FROM `wy_links` [ RunTime:0.038162s ]
SQL: SELECT * FROM `wy_links` WHERE ( `status` = 1 )  [ RunTime:0.001080s ]
NOTIC: [2] Cannot use a scalar value as an array D:\www\qmyx.wuyelaile.com\weiwincms\_Core\Lib\Core\View.class.php ç¬¬ 69 è¡Œ.
INFO: [ view_template ] --START--
INFO: Run LocationTemplate Behavior [ RunTime:-0.067341s ]
INFO: [ view_template ] --END-- [ RunTime:0.002563s ]
INFO: [ view_parse ] --START--
INFO: Run ParseTemplate Behavior [ RunTime:-0.070018s ]
INFO: [ view_parse ] --END-- [ RunTime:0.024050s ]
INFO: [ view_filter ] --START--
INFO: Run ContentReplace Behavior [ RunTime:-0.094157s ]
INFO: Run TokenBuild Behavior [ RunTime:-0.095804s ]
INFO: Run WriteHtmlCache Behavior [ RunTime:-0.098461s ]
INFO: Run ShowRuntime Behavior [ RunTime:-0.099845s ]
INFO: [ view_filter ] --END-- [ RunTime:0.007303s ]
INFO: [ view_end ] --START--
INFO: Run ShowPageTrace Behavior [ RunTime:-0.101573s ]
INFO: [ view_end ] --END-- [ RunTime:0.001828s ]

