[ 2017-09-24T03:39:45+08:00 ] 123.125.67.166 /
INFO: [ app_begin ] --START--
INFO: Run ReadHtmlCache Behavior [ RunTime:0.002765s ]
INFO: [ app_begin ] --END-- [ RunTime:0.002873s ]
SQL: SHOW COLUMNS FROM `wy_links` [ RunTime:0.008124s ]
SQL: SELECT * FROM `wy_links` WHERE ( `status` = 1 )  [ RunTime:0.000525s ]
NOTIC: [2] Cannot use a scalar value as an array D:\www\qmyx.wuyelaile.com\weiwincms\_Core\Lib\Core\View.class.php 第 69 行.
INFO: [ view_template ] --START--
INFO: Run LocationTemplate Behavior [ RunTime:-0.041139s ]
INFO: [ view_template ] --END-- [ RunTime:0.004726s ]
INFO: [ view_parse ] --START--
INFO: Run ParseTemplate Behavior [ RunTime:-0.045920s ]
INFO: [ view_parse ] --END-- [ RunTime:0.041741s ]
INFO: [ view_filter ] --START--
INFO: Run ContentReplace Behavior [ RunTime:-0.087723s ]
INFO: Run TokenBuild Behavior [ RunTime:-0.090560s ]
INFO: Run WriteHtmlCache Behavior [ RunTime:-0.093765s ]
INFO: Run ShowRuntime Behavior [ RunTime:-0.096231s ]
INFO: [ view_filter ] --END-- [ RunTime:0.011340s ]
INFO: [ view_end ] --START--
INFO: Run ShowPageTrace Behavior [ RunTime:-0.099164s ]
INFO: [ view_end ] --END-- [ RunTime:0.002748s ]

