[ 2017-02-09T14:56:42+08:00 ] 49.80.254.225 /
INFO: [ app_begin ] --START--
INFO: Run ReadHtmlCache Behavior [ RunTime:0.005734s ]
INFO: [ app_begin ] --END-- [ RunTime:0.005947s ]
SQL: SHOW COLUMNS FROM `wy_links` [ RunTime:0.154268s ]
SQL: SELECT * FROM `wy_links` WHERE ( `status` = 1 )  [ RunTime:0.000376s ]
NOTIC: [2] Cannot use a scalar value as an array D:\www\qmyx.wuyelaile.com\weiwincms\_Core\Lib\Core\View.class.php 第 69 行.
INFO: [ view_template ] --START--
INFO: Run LocationTemplate Behavior [ RunTime:-0.229641s ]
INFO: [ view_template ] --END-- [ RunTime:0.054660s ]
INFO: [ view_parse ] --START--
INFO: Run ParseTemplate Behavior [ RunTime:-0.284403s ]
INFO: [ view_parse ] --END-- [ RunTime:0.207778s ]
INFO: [ view_filter ] --START--
INFO: Run ContentReplace Behavior [ RunTime:-0.492263s ]
INFO: Run TokenBuild Behavior [ RunTime:-0.495605s ]
INFO: Run WriteHtmlCache Behavior [ RunTime:-0.498513s ]
INFO: Run ShowRuntime Behavior [ RunTime:-0.500886s ]
INFO: [ view_filter ] --END-- [ RunTime:0.011045s ]
INFO: [ view_end ] --START--
INFO: Run ShowPageTrace Behavior [ RunTime:-0.503410s ]
INFO: [ view_end ] --END-- [ RunTime:0.002630s ]

