[ 2017-03-10T14:39:52+08:00 ] 49.80.248.158 /
INFO: [ app_begin ] --START--
INFO: Run ReadHtmlCache Behavior [ RunTime:0.002696s ]
INFO: [ app_begin ] --END-- [ RunTime:0.002842s ]
SQL: SHOW COLUMNS FROM `wy_links` [ RunTime:0.081190s ]
SQL: SELECT * FROM `wy_links` WHERE ( `status` = 1 )  [ RunTime:0.000306s ]
NOTIC: [2] Cannot use a scalar value as an array D:\www\qmyx.wuyelaile.com\weiwincms\_Core\Lib\Core\View.class.php ç¬¬ 69 è¡Œ.
INFO: [ view_template ] --START--
INFO: Run LocationTemplate Behavior [ RunTime:-0.173970s ]
INFO: [ view_template ] --END-- [ RunTime:0.030783s ]
INFO: [ view_parse ] --START--
INFO: Run ParseTemplate Behavior [ RunTime:-0.204824s ]
INFO: [ view_parse ] --END-- [ RunTime:0.099402s ]
INFO: [ view_filter ] --START--
INFO: Run ContentReplace Behavior [ RunTime:-0.304287s ]
INFO: Run TokenBuild Behavior [ RunTime:-0.305692s ]
INFO: Run WriteHtmlCache Behavior [ RunTime:-0.307087s ]
INFO: Run ShowRuntime Behavior [ RunTime:-0.308246s ]
INFO: [ view_filter ] --END-- [ RunTime:0.005309s ]
INFO: [ view_end ] --START--
INFO: Run ShowPageTrace Behavior [ RunTime:-0.309663s ]
INFO: [ view_end ] --END-- [ RunTime:0.001437s ]

[ 2017-03-10T14:39:53+08:00 ] 49.80.248.158 /
NOTIC: [32] PHP Startup: Unable to load dynamic library 'D:\WebServer\php-5.2.5 (x64)\ext\php_fileinfo.dll' - ÕÒ²»µ½Ö¸¶¨µÄÄ£¿é¡£
 Unknown ç¬¬ 0 è¡Œ.

