[ 2017-01-03T13:46:45+08:00 ] 140.205.205.3 /
INFO: [ app_begin ] --START--
INFO: Run ReadHtmlCache Behavior [ RunTime:0.006599s ]
INFO: [ app_begin ] --END-- [ RunTime:0.006751s ]
SQL: SHOW COLUMNS FROM `wy_links` [ RunTime:0.465908s ]
SQL: SELECT * FROM `wy_links` WHERE ( `status` = 1 )  [ RunTime:0.000444s ]
NOTIC: [2] Cannot use a scalar value as an array D:\www\qmyx.wuyelaile.com\weiwincms\_Core\Lib\Core\View.class.php 第 69 行.
INFO: [ view_template ] --START--
INFO: Run LocationTemplate Behavior [ RunTime:-0.661321s ]
INFO: [ view_template ] --END-- [ RunTime:0.199004s ]
INFO: [ view_parse ] --START--
INFO: Run ParseTemplate Behavior [ RunTime:-0.860435s ]
INFO: [ view_parse ] --END-- [ RunTime:0.094100s ]
INFO: [ view_filter ] --START--
INFO: Run ContentReplace Behavior [ RunTime:-0.954706s ]
INFO: Run TokenBuild Behavior [ RunTime:-0.958139s ]
INFO: Run WriteHtmlCache Behavior [ RunTime:-0.961031s ]
INFO: Run ShowRuntime Behavior [ RunTime:-0.963455s ]
INFO: [ view_filter ] --END-- [ RunTime:0.011728s ]
INFO: [ view_end ] --START--
INFO: Run ShowPageTrace Behavior [ RunTime:-0.966500s ]
INFO: [ view_end ] --END-- [ RunTime:0.002910s ]

[ 2017-01-03T14:06:55+08:00 ] 140.205.205.1 /
INFO: [ app_begin ] --START--
INFO: Run ReadHtmlCache Behavior [ RunTime:0.001590s ]
INFO: [ app_begin ] --END-- [ RunTime:0.001740s ]
SQL: SHOW COLUMNS FROM `wy_links` [ RunTime:0.004953s ]
SQL: SELECT * FROM `wy_links` WHERE ( `status` = 1 )  [ RunTime:0.000204s ]
NOTIC: [2] Cannot use a scalar value as an array D:\www\qmyx.wuyelaile.com\weiwincms\_Core\Lib\Core\View.class.php 第 69 行.
INFO: [ view_template ] --START--
INFO: Run LocationTemplate Behavior [ RunTime:-0.030873s ]
INFO: [ view_template ] --END-- [ RunTime:0.002352s ]
INFO: [ view_parse ] --START--
INFO: Run ParseTemplate Behavior [ RunTime:-0.033313s ]
INFO: [ view_parse ] --END-- [ RunTime:0.023540s ]
INFO: [ view_filter ] --START--
INFO: Run ContentReplace Behavior [ RunTime:-0.056975s ]
INFO: Run TokenBuild Behavior [ RunTime:-0.058824s ]
INFO: Run WriteHtmlCache Behavior [ RunTime:-0.060697s ]
INFO: Run ShowRuntime Behavior [ RunTime:-0.062022s ]
INFO: [ view_filter ] --END-- [ RunTime:0.006660s ]
INFO: [ view_end ] --START--
INFO: Run ShowPageTrace Behavior [ RunTime:-0.063708s ]
INFO: [ view_end ] --END-- [ RunTime:0.001777s ]

