[ 2017-11-05T05:33:33+08:00 ] 140.205.201.10 /
INFO: [ app_begin ] --START--
INFO: Run ReadHtmlCache Behavior [ RunTime:0.002207s ]
INFO: [ app_begin ] --END-- [ RunTime:0.002330s ]
SQL: SHOW COLUMNS FROM `wy_links` [ RunTime:0.164384s ]
SQL: SELECT * FROM `wy_links` WHERE ( `status` = 1 )  [ RunTime:0.000433s ]
NOTIC: [2] Cannot use a scalar value as an array D:\www\qmyx.wuyelaile.com\weiwincms\_Core\Lib\Core\View.class.php 第 69 行.
INFO: [ view_template ] --START--
INFO: Run LocationTemplate Behavior [ RunTime:-0.202090s ]
INFO: [ view_template ] --END-- [ RunTime:0.018126s ]
INFO: [ view_parse ] --START--
INFO: Run ParseTemplate Behavior [ RunTime:-0.220294s ]
INFO: [ view_parse ] --END-- [ RunTime:0.025682s ]
INFO: [ view_filter ] --START--
INFO: Run ContentReplace Behavior [ RunTime:-0.246030s ]
INFO: Run TokenBuild Behavior [ RunTime:-0.248133s ]
INFO: Run WriteHtmlCache Behavior [ RunTime:-0.250382s ]
INFO: Run ShowRuntime Behavior [ RunTime:-0.252369s ]
INFO: [ view_filter ] --END-- [ RunTime:0.008492s ]
INFO: [ view_end ] --START--
INFO: Run ShowPageTrace Behavior [ RunTime:-0.254653s ]
INFO: [ view_end ] --END-- [ RunTime:0.002736s ]

