[ 2017-10-06T06:11:24+08:00 ] 140.205.201.13 /
INFO: [ app_begin ] --START--
INFO: Run ReadHtmlCache Behavior [ RunTime:0.002719s ]
INFO: [ app_begin ] --END-- [ RunTime:0.002828s ]
SQL: SHOW COLUMNS FROM `wy_links` [ RunTime:0.017525s ]
SQL: SELECT * FROM `wy_links` WHERE ( `status` = 1 )  [ RunTime:0.000429s ]
NOTIC: [2] Cannot use a scalar value as an array D:\www\qmyx.wuyelaile.com\weiwincms\_Core\Lib\Core\View.class.php 第 69 行.
INFO: [ view_template ] --START--
INFO: Run LocationTemplate Behavior [ RunTime:-0.053496s ]
INFO: [ view_template ] --END-- [ RunTime:0.004780s ]
INFO: [ view_parse ] --START--
INFO: Run ParseTemplate Behavior [ RunTime:-0.058335s ]
INFO: [ view_parse ] --END-- [ RunTime:0.061151s ]
INFO: [ view_filter ] --START--
INFO: Run ContentReplace Behavior [ RunTime:-0.119556s ]
INFO: Run TokenBuild Behavior [ RunTime:-0.122043s ]
INFO: Run WriteHtmlCache Behavior [ RunTime:-0.124390s ]
INFO: Run ShowRuntime Behavior [ RunTime:-0.126498s ]
INFO: [ view_filter ] --END-- [ RunTime:0.009562s ]
INFO: [ view_end ] --START--
INFO: Run ShowPageTrace Behavior [ RunTime:-0.129185s ]
INFO: [ view_end ] --END-- [ RunTime:0.002420s ]

