[ 2017-12-12T06:08:33+08:00 ] 140.205.201.22 /
INFO: [ app_begin ] --START--
INFO: Run ReadHtmlCache Behavior [ RunTime:0.003747s ]
INFO: [ app_begin ] --END-- [ RunTime:0.003879s ]
SQL: SHOW COLUMNS FROM `wy_links` [ RunTime:0.040856s ]
SQL: SELECT * FROM `wy_links` WHERE ( `status` = 1 )  [ RunTime:0.000268s ]
NOTIC: [2] Cannot use a scalar value as an array D:\www\qmyx.wuyelaile.com\weiwincms\_Core\Lib\Core\View.class.php 第 69 行.
INFO: [ view_template ] --START--
INFO: Run LocationTemplate Behavior [ RunTime:-0.119005s ]
INFO: [ view_template ] --END-- [ RunTime:0.006795s ]
INFO: [ view_parse ] --START--
INFO: Run ParseTemplate Behavior [ RunTime:-0.125879s ]
INFO: [ view_parse ] --END-- [ RunTime:0.049422s ]
INFO: [ view_filter ] --START--
INFO: Run ContentReplace Behavior [ RunTime:-0.175356s ]
INFO: Run TokenBuild Behavior [ RunTime:-0.178008s ]
INFO: Run WriteHtmlCache Behavior [ RunTime:-0.180607s ]
INFO: Run ShowRuntime Behavior [ RunTime:-0.182932s ]
INFO: [ view_filter ] --END-- [ RunTime:0.010165s ]
INFO: [ view_end ] --START--
INFO: Run ShowPageTrace Behavior [ RunTime:-0.185584s ]
INFO: [ view_end ] --END-- [ RunTime:0.002753s ]

