[ 2017-11-18T05:46:42+08:00 ] 140.205.201.21 /
INFO: [ app_begin ] --START--
INFO: Run ReadHtmlCache Behavior [ RunTime:0.003571s ]
INFO: [ app_begin ] --END-- [ RunTime:0.003702s ]
SQL: SHOW COLUMNS FROM `wy_links` [ RunTime:0.118765s ]
SQL: SELECT * FROM `wy_links` WHERE ( `status` = 1 )  [ RunTime:0.000279s ]
NOTIC: [2] Cannot use a scalar value as an array D:\www\qmyx.wuyelaile.com\weiwincms\_Core\Lib\Core\View.class.php 第 69 行.
INFO: [ view_template ] --START--
INFO: Run LocationTemplate Behavior [ RunTime:-0.174575s ]
INFO: [ view_template ] --END-- [ RunTime:0.047703s ]
INFO: [ view_parse ] --START--
INFO: Run ParseTemplate Behavior [ RunTime:-0.222362s ]
INFO: [ view_parse ] --END-- [ RunTime:0.061228s ]
INFO: [ view_filter ] --START--
INFO: Run ContentReplace Behavior [ RunTime:-0.283667s ]
INFO: Run TokenBuild Behavior [ RunTime:-0.286861s ]
INFO: Run WriteHtmlCache Behavior [ RunTime:-0.289927s ]
INFO: Run ShowRuntime Behavior [ RunTime:-0.292716s ]
INFO: [ view_filter ] --END-- [ RunTime:0.012225s ]
INFO: [ view_end ] --START--
INFO: Run ShowPageTrace Behavior [ RunTime:-0.295965s ]
INFO: [ view_end ] --END-- [ RunTime:0.003366s ]

