[ 2017-12-03T05:33:29+08:00 ] 140.205.201.18 /
INFO: [ app_begin ] --START--
INFO: Run ReadHtmlCache Behavior [ RunTime:0.002224s ]
INFO: [ app_begin ] --END-- [ RunTime:0.002338s ]
SQL: SHOW COLUMNS FROM `wy_links` [ RunTime:0.064991s ]
SQL: SELECT * FROM `wy_links` WHERE ( `status` = 1 )  [ RunTime:0.000403s ]
NOTIC: [2] Cannot use a scalar value as an array D:\www\qmyx.wuyelaile.com\weiwincms\_Core\Lib\Core\View.class.php 第 69 行.
INFO: [ view_template ] --START--
INFO: Run LocationTemplate Behavior [ RunTime:-0.095046s ]
INFO: [ view_template ] --END-- [ RunTime:0.003941s ]
INFO: [ view_parse ] --START--
INFO: Run ParseTemplate Behavior [ RunTime:-0.099056s ]
INFO: [ view_parse ] --END-- [ RunTime:0.023717s ]
INFO: [ view_filter ] --START--
INFO: Run ContentReplace Behavior [ RunTime:-0.122832s ]
INFO: Run TokenBuild Behavior [ RunTime:-0.124965s ]
INFO: Run WriteHtmlCache Behavior [ RunTime:-0.127638s ]
INFO: Run ShowRuntime Behavior [ RunTime:-0.130045s ]
INFO: [ view_filter ] --END-- [ RunTime:0.009601s ]
INFO: [ view_end ] --START--
INFO: Run ShowPageTrace Behavior [ RunTime:-0.132508s ]
INFO: [ view_end ] --END-- [ RunTime:0.002560s ]

