[ 2018-09-21T13:43:19+08:00 ] 106.14.204.78 /
INFO: [ app_begin ] --START--
INFO: Run ReadHtmlCache Behavior [ RunTime:0.011165s ]
INFO: [ app_begin ] --END-- [ RunTime:0.011318s ]
SQL: SHOW COLUMNS FROM `wy_links` [ RunTime:0.078840s ]
SQL: SELECT * FROM `wy_links` WHERE ( `status` = 1 )  [ RunTime:0.000445s ]
NOTIC: [2] Cannot use a scalar value as an array D:\www\qmyx.wuyelaile.com\weiwincms\_Core\Lib\Core\View.class.php ç¬¬ 69 è¡Œ.
INFO: [ view_template ] --START--
INFO: Run LocationTemplate Behavior [ RunTime:-0.207475s ]
INFO: [ view_template ] --END-- [ RunTime:0.040916s ]
INFO: [ view_parse ] --START--
INFO: Run ParseTemplate Behavior [ RunTime:-0.248472s ]
INFO: [ view_parse ] --END-- [ RunTime:0.040604s ]
INFO: [ view_filter ] --START--
INFO: Run ContentReplace Behavior [ RunTime:-0.289143s ]
INFO: Run TokenBuild Behavior [ RunTime:-0.298170s ]
INFO: Run WriteHtmlCache Behavior [ RunTime:-0.300536s ]
INFO: Run ShowRuntime Behavior [ RunTime:-0.302556s ]
INFO: [ view_filter ] --END-- [ RunTime:0.015667s ]
INFO: [ view_end ] --START--
INFO: Run ShowPageTrace Behavior [ RunTime:-0.304868s ]
INFO: [ view_end ] --END-- [ RunTime:0.002228s ]

[ 2018-09-21T13:43:19+08:00 ] 106.14.204.78 /
NOTIC: [32] PHP Startup: Unable to load dynamic library 'D:\WebServer\php-5.2.5 (x64)\ext\php_fileinfo.dll' - ÕÒ²»µ½Ö¸¶¨µÄÄ£¿é¡£
 Unknown ç¬¬ 0 è¡Œ.

