[ 2018-09-04T20:45:02+08:00 ] 171.43.185.234 /
INFO: [ app_begin ] --START--
INFO: Run ReadHtmlCache Behavior [ RunTime:0.024188s ]
INFO: [ app_begin ] --END-- [ RunTime:0.024337s ]
SQL: SHOW COLUMNS FROM `wy_links` [ RunTime:0.087991s ]
SQL: SELECT * FROM `wy_links` WHERE ( `status` = 1 )  [ RunTime:0.000808s ]
NOTIC: [2] Cannot use a scalar value as an array D:\www\qmyx.wuyelaile.com\weiwincms\_Core\Lib\Core\View.class.php 第 69 行.
INFO: [ view_template ] --START--
INFO: Run LocationTemplate Behavior [ RunTime:-0.175684s ]
INFO: [ view_template ] --END-- [ RunTime:0.058905s ]
INFO: [ view_parse ] --START--
INFO: Run ParseTemplate Behavior [ RunTime:-0.234678s ]
INFO: [ view_parse ] --END-- [ RunTime:0.054601s ]
INFO: [ view_filter ] --START--
INFO: Run ContentReplace Behavior [ RunTime:-0.289343s ]
INFO: Run TokenBuild Behavior [ RunTime:-0.299749s ]
INFO: Run WriteHtmlCache Behavior [ RunTime:-0.303523s ]
INFO: Run ShowRuntime Behavior [ RunTime:-0.306363s ]
INFO: [ view_filter ] --END-- [ RunTime:0.020823s ]
INFO: [ view_end ] --START--
INFO: Run ShowPageTrace Behavior [ RunTime:-0.310338s ]
INFO: [ view_end ] --END-- [ RunTime:0.004135s ]

