[ 2018-09-08T14:40:42+08:00 ] 101.132.69.5 /
INFO: [ app_begin ] --START--
INFO: Run ReadHtmlCache Behavior [ RunTime:0.003414s ]
INFO: [ app_begin ] --END-- [ RunTime:0.003660s ]
SQL: SHOW COLUMNS FROM `wy_links` [ RunTime:0.051731s ]
SQL: SELECT * FROM `wy_links` WHERE ( `status` = 1 )  [ RunTime:0.000774s ]
NOTIC: [2] Cannot use a scalar value as an array D:\www\qmyx.wuyelaile.com\weiwincms\_Core\Lib\Core\View.class.php ç¬¬ 69 è¡Œ.
INFO: [ view_template ] --START--
INFO: Run LocationTemplate Behavior [ RunTime:-0.129757s ]
INFO: [ view_template ] --END-- [ RunTime:0.042135s ]
INFO: [ view_parse ] --START--
INFO: Run ParseTemplate Behavior [ RunTime:-0.171992s ]
INFO: [ view_parse ] --END-- [ RunTime:0.092671s ]
INFO: [ view_filter ] --START--
INFO: Run ContentReplace Behavior [ RunTime:-0.264728s ]
INFO: Run TokenBuild Behavior [ RunTime:-0.267223s ]
INFO: Run WriteHtmlCache Behavior [ RunTime:-0.269375s ]
INFO: Run ShowRuntime Behavior [ RunTime:-0.271259s ]
INFO: [ view_filter ] --END-- [ RunTime:0.008563s ]
INFO: [ view_end ] --START--
INFO: Run ShowPageTrace Behavior [ RunTime:-0.273361s ]
INFO: [ view_end ] --END-- [ RunTime:0.002226s ]

[ 2018-09-08T14:40:42+08:00 ] 101.132.69.5 /
NOTIC: [32] PHP Startup: Unable to load dynamic library 'D:\WebServer\php-5.2.5 (x64)\ext\php_fileinfo.dll' - ÕÒ²»µ½Ö¸¶¨µÄÄ£¿é¡£
 Unknown ç¬¬ 0 è¡Œ.

