[ 2018-09-14T08:56:13+08:00 ] 49.80.145.11 /index.php?g=Wap&m=SaleManager&a=index&token=ynzfui1406882414&wecha_id={wechat_id}
INFO: [ app_begin ] --START--
INFO: Run ReadHtmlCache Behavior [ RunTime:0.011376s ]
INFO: [ app_begin ] --END-- [ RunTime:0.011574s ]
SQL: SHOW COLUMNS FROM `wy_zy` [ RunTime:0.034880s ]
SQL: SELECT * FROM `wy_zy` WHERE ( `Token` = 'ynzfui1406882414' ) AND ( `Wecha_id` = '{wechat_id}' ) LIMIT 1   [ RunTime:0.000532s ]
SQL: SHOW COLUMNS FROM `wy_jjr` [ RunTime:0.044784s ]
SQL: SELECT * FROM `wy_jjr` WHERE ( `Token` = 'ynzfui1406882414' ) AND ( `Wecha_id` = '{wechat_id}' ) LIMIT 1   [ RunTime:0.001394s ]
NOTIC: [2] Cannot use a scalar value as an array D:\www\qmyx.wuyelaile.com\weiwincms\_Core\Lib\Core\View.class.php Á¨¨ 69 Ë°å.
INFO: [ view_template ] --START--
INFO: Run LocationTemplate Behavior [ RunTime:-0.227985s ]
INFO: [ view_template ] --END-- [ RunTime:0.073065s ]
INFO: [ view_parse ] --START--
INFO: Run ParseTemplate Behavior [ RunTime:-0.301163s ]
INFO: [ view_parse ] --END-- [ RunTime:0.060584s ]
INFO: [ view_filter ] --START--
INFO: Run ContentReplace Behavior [ RunTime:-0.361871s ]
INFO: Run TokenBuild Behavior [ RunTime:-0.363987s ]
INFO: Run WriteHtmlCache Behavior [ RunTime:-0.365963s ]
INFO: Run ShowRuntime Behavior [ RunTime:-0.367685s ]
INFO: [ view_filter ] --END-- [ RunTime:0.007706s ]
INFO: [ view_end ] --START--
INFO: Run ShowPageTrace Behavior [ RunTime:-0.369586s ]
INFO: [ view_end ] --END-- [ RunTime:0.002070s ]
NOTIC: [32] PHP Startup: Unable to load dynamic library 'D:\WebServer\php-5.2.5 (x64)\ext\php_fileinfo.dll' - ’“≤ªµΩ÷∏∂®µƒƒ£øÈ°£
 Unknown Á¨¨ 0 Ë°å.

[ 2018-09-14T08:59:27+08:00 ] 49.80.145.11 /index.php?g=Wap&m=Agent&a=index&token=ynzfui1406882414&wecha_id={wechat_id}
INFO: [ app_begin ] --START--
INFO: Run ReadHtmlCache Behavior [ RunTime:0.001348s ]
INFO: [ app_begin ] --END-- [ RunTime:0.001468s ]
SQL: SHOW COLUMNS FROM `wy_lpinfo` [ RunTime:0.029429s ]
SQL: SELECT * FROM `wy_lpinfo` WHERE ( `token` = 'ynzfui1406882414' ) ORDER BY houseSort desc,id desc LIMIT 0,20   [ RunTime:0.000601s ]
SQL: SHOW COLUMNS FROM `wy_jjr` [ RunTime:0.016358s ]
SQL: SELECT * FROM `wy_jjr` WHERE ( `Wecha_id` = '{wechat_id}' ) AND ( `Token` = 'ynzfui1406882414' ) LIMIT 1   [ RunTime:0.000539s ]
SQL: SHOW COLUMNS FROM `wy_share_content` [ RunTime:0.026589s ]
SQL: SELECT * FROM `wy_share_content` WHERE token='ynzfui1406882414' LIMIT 1   [ RunTime:0.000639s ]
NOTIC: [8] Undefined variable: var D:\www\qmyx.wuyelaile.com\weiwincms\_Core\Common\functions.php Á¨¨ 234 Ë°å.
NOTIC: [2] array_reverse() [<a href='function.array-reverse'>function.array-reverse</a>]: The argument should be an array D:\www\qmyx.wuyelaile.com\weiwincms\_Core\Common\functions.php Á¨¨ 234 Ë°å.
NOTIC: [2] http_build_query() [<a href='function.http-build-query'>function.http-build-query</a>]: Parameter 1 expected to be Array or Object.  Incorrect value given D:\www\qmyx.wuyelaile.com\weiwincms\_Core\Common\functions.php Á¨¨ 234 Ë°å.

[ 2018-09-14T08:59:27+08:00 ] 49.80.145.11 /index.php?&g=Wap&m=Agent&a=ydl&token=ynzfui1406882414&wecha_id={wechat_id}
INFO: [ app_begin ] --START--
INFO: Run ReadHtmlCache Behavior [ RunTime:0.000477s ]
INFO: [ app_begin ] --END-- [ RunTime:0.000574s ]
SQL: SHOW COLUMNS FROM `wy_agent_rewardinfo` [ RunTime:0.052536s ]
SQL: SELECT SUM(rewardamount) AS tp_sum FROM `wy_agent_rewardinfo` WHERE wecha_id='{wechat_id}' and token='ynzfui1406882414' and rewardstatus =0 LIMIT 1   [ RunTime:0.000410s ]
SQL: SHOW COLUMNS FROM `wy_jjr` [ RunTime:0.015648s ]
SQL: SELECT * FROM `wy_jjr` WHERE ( `Wecha_id` = '{wechat_id}' ) AND ( `Token` = 'ynzfui1406882414' ) LIMIT 1   [ RunTime:0.000180s ]
SQL: SHOW COLUMNS FROM `wy_share_content` [ RunTime:0.015106s ]
SQL: SELECT * FROM `wy_share_content` WHERE token='ynzfui1406882414' LIMIT 1   [ RunTime:0.000158s ]
SQL: SHOW COLUMNS FROM `wy_kh` [ RunTime:0.058351s ]
SQL: SELECT COUNT(*) AS tp_count FROM `wy_kh` WHERE ( `Token` = 'ynzfui1406882414' ) AND ( `JJ_id` = 295 ) LIMIT 1   [ RunTime:0.000482s ]
SQL: SHOW COLUMNS FROM `wy_lpinfo` [ RunTime:0.017807s ]
SQL: SELECT * FROM `wy_lpinfo` WHERE ( `token` = 'ynzfui1406882414' ) ORDER BY houseSort desc,id desc LIMIT 0,20   [ RunTime:0.000265s ]
NOTIC: [2] Cannot use a scalar value as an array D:\www\qmyx.wuyelaile.com\weiwincms\_Core\Lib\Core\View.class.php Á¨¨ 69 Ë°å.
INFO: [ view_template ] --START--
INFO: Run LocationTemplate Behavior [ RunTime:-0.195728s ]
INFO: [ view_template ] --END-- [ RunTime:0.080584s ]
INFO: [ view_parse ] --START--
INFO: Run ParseTemplate Behavior [ RunTime:-0.276412s ]
INFO: [ view_parse ] --END-- [ RunTime:0.060027s ]
INFO: [ view_filter ] --START--
INFO: Run ContentReplace Behavior [ RunTime:-0.336542s ]
INFO: Run TokenBuild Behavior [ RunTime:-0.338070s ]
INFO: Run WriteHtmlCache Behavior [ RunTime:-0.339574s ]
INFO: Run ShowRuntime Behavior [ RunTime:-0.340921s ]
INFO: [ view_filter ] --END-- [ RunTime:0.005994s ]
INFO: [ view_end ] --START--
INFO: Run ShowPageTrace Behavior [ RunTime:-0.342594s ]
INFO: [ view_end ] --END-- [ RunTime:0.001695s ]

[ 2018-09-14T08:59:31+08:00 ] 49.80.145.11 /index.php?g=Wap&m=Agent&a=ajaxlp&token=ynzfui1406882414&wecha_id={wechat_id}&t=0.5232745327521116
INFO: [ app_begin ] --START--
INFO: Run ReadHtmlCache Behavior [ RunTime:0.000476s ]
INFO: [ app_begin ] --END-- [ RunTime:0.000566s ]
SQL: SHOW COLUMNS FROM `wy_lpinfo` [ RunTime:0.014669s ]
SQL: SELECT * FROM `wy_lpinfo` WHERE ( `token` = 'ynzfui1406882414' ) ORDER BY id desc LIMIT 20,4   [ RunTime:0.000539s ]

[ 2018-09-14T08:59:35+08:00 ] 49.80.145.11 /index.php?g=Wap&m=Agent&a=addCustom&token=ynzfui1406882414&wecha_id={wechat_id}
INFO: [ app_begin ] --START--
INFO: Run ReadHtmlCache Behavior [ RunTime:0.000487s ]
INFO: [ app_begin ] --END-- [ RunTime:0.000646s ]
SQL: SHOW COLUMNS FROM `wy_lpinfo` [ RunTime:0.015099s ]
SQL: SELECT * FROM `wy_lpinfo` WHERE ( `token` = 'ynzfui1406882414' )  [ RunTime:0.000516s ]
SQL: SHOW COLUMNS FROM `wy_jjr` [ RunTime:0.015538s ]
SQL: SELECT * FROM `wy_jjr` WHERE ( `Wecha_id` = '{wechat_id}' ) AND ( `Token` = 'ynzfui1406882414' ) LIMIT 1   [ RunTime:0.000178s ]
SQL: SELECT * FROM `wy_jjr` WHERE ( `Token` = 'ynzfui1406882414' )  [ RunTime:0.000515s ]
NOTIC: [2] Cannot use a scalar value as an array D:\www\qmyx.wuyelaile.com\weiwincms\_Core\Lib\Core\View.class.php Á¨¨ 69 Ë°å.
INFO: [ view_template ] --START--
INFO: Run LocationTemplate Behavior [ RunTime:-0.045868s ]
INFO: [ view_template ] --END-- [ RunTime:0.002084s ]
INFO: [ view_parse ] --START--
INFO: Run ParseTemplate Behavior [ RunTime:-0.048035s ]
INFO: [ view_parse ] --END-- [ RunTime:0.048203s ]
INFO: [ view_filter ] --START--
INFO: Run ContentReplace Behavior [ RunTime:-0.096285s ]
INFO: Run TokenBuild Behavior [ RunTime:-0.096704s ]
INFO: Run WriteHtmlCache Behavior [ RunTime:-0.097151s ]
INFO: Run ShowRuntime Behavior [ RunTime:-0.097443s ]
INFO: [ view_filter ] --END-- [ RunTime:0.001627s ]
INFO: [ view_end ] --START--
INFO: Run ShowPageTrace Behavior [ RunTime:-0.097971s ]
INFO: [ view_end ] --END-- [ RunTime:0.000522s ]

[ 2018-09-14T08:59:54+08:00 ] 49.80.145.11 /index.php?g=Wap&m=Zhiye&a=index&token=ynzfui1406882414&wecha_id={wechat_id}
INFO: [ app_begin ] --START--
INFO: Run ReadHtmlCache Behavior [ RunTime:0.000611s ]
INFO: [ app_begin ] --END-- [ RunTime:0.000707s ]
SQL: SHOW COLUMNS FROM `wy_ac` [ RunTime:0.026919s ]
SQL: SELECT * FROM `wy_ac` WHERE ( `Token` = 'ynzfui1406882414' ) AND ( `Wecha_id` = '{wechat_id}' ) LIMIT 1   [ RunTime:0.000363s ]
SQL: SHOW COLUMNS FROM `wy_jjr` [ RunTime:0.015424s ]
SQL: SELECT * FROM `wy_jjr` WHERE ( `Token` = 'ynzfui1406882414' ) AND ( `Wecha_id` = '{wechat_id}' ) LIMIT 1   [ RunTime:0.000154s ]
NOTIC: [2] Cannot use a scalar value as an array D:\www\qmyx.wuyelaile.com\weiwincms\_Core\Lib\Core\View.class.php Á¨¨ 69 Ë°å.
INFO: [ view_template ] --START--
INFO: Run LocationTemplate Behavior [ RunTime:-0.133335s ]
INFO: [ view_template ] --END-- [ RunTime:0.001274s ]
INFO: [ view_parse ] --START--
INFO: Run ParseTemplate Behavior [ RunTime:-0.134665s ]
INFO: [ view_parse ] --END-- [ RunTime:0.008279s ]
INFO: [ view_filter ] --START--
INFO: Run ContentReplace Behavior [ RunTime:-0.142987s ]
INFO: Run TokenBuild Behavior [ RunTime:-0.143366s ]
INFO: Run WriteHtmlCache Behavior [ RunTime:-0.143761s ]
INFO: Run ShowRuntime Behavior [ RunTime:-0.144065s ]
INFO: [ view_filter ] --END-- [ RunTime:0.001552s ]
INFO: [ view_end ] --START--
INFO: Run ShowPageTrace Behavior [ RunTime:-0.144599s ]
INFO: [ view_end ] --END-- [ RunTime:0.000543s ]

[ 2018-09-14T09:02:50+08:00 ] 49.80.145.11 /index.php?g=Wap&m=Zhiye&a=index&token=ynzfui1406882414&wecha_id=112
INFO: [ app_begin ] --START--
INFO: Run ReadHtmlCache Behavior [ RunTime:0.001277s ]
INFO: [ app_begin ] --END-- [ RunTime:0.001380s ]
SQL: SHOW COLUMNS FROM `wy_ac` [ RunTime:0.014486s ]
SQL: SELECT * FROM `wy_ac` WHERE ( `Token` = 'ynzfui1406882414' ) AND ( `Wecha_id` = '112' ) LIMIT 1   [ RunTime:0.000335s ]
SQL: SHOW COLUMNS FROM `wy_jjr` [ RunTime:0.015178s ]
SQL: SELECT * FROM `wy_jjr` WHERE ( `Token` = 'ynzfui1406882414' ) AND ( `Wecha_id` = '112' ) LIMIT 1   [ RunTime:0.000474s ]
SQL: SHOW COLUMNS FROM `wy_zy` [ RunTime:0.015582s ]
SQL: select zy.ID,zy.Token,zy.Wecha_id,zy.Name,zy.Tel,lp.LouPanTitle,city.name as cname 
					from wy_zy as zy,wy_lpinfo as lp,wy_city as city 
					where zy.Uid=lp.id and zy.Token='ynzfui1406882414' and zy.Wecha_id='112' and 
					city.code=lp.city limit 1 [ RunTime:0.030738s ]
NOTIC: [8] Undefined offset:  0 D:\www\qmyx.wuyelaile.com\weiwincms\Lib\Action\Wap\ZhiyeAction.class.php Á¨¨ 36 Ë°å.
SQL: SHOW COLUMNS FROM `wy_zy` [ RunTime:0.005607s ]
SQL: SELECT * FROM `wy_zy` WHERE ( `Wecha_id` = '112' ) AND ( `Token` = 'ynzfui1406882414' ) LIMIT 1   [ RunTime:0.000273s ]
NOTIC: [8] Undefined variable: var D:\www\qmyx.wuyelaile.com\weiwincms\_Core\Common\functions.php Á¨¨ 234 Ë°å.
NOTIC: [2] array_reverse() [<a href='function.array-reverse'>function.array-reverse</a>]: The argument should be an array D:\www\qmyx.wuyelaile.com\weiwincms\_Core\Common\functions.php Á¨¨ 234 Ë°å.
NOTIC: [2] http_build_query() [<a href='function.http-build-query'>function.http-build-query</a>]: Parameter 1 expected to be Array or Object.  Incorrect value given D:\www\qmyx.wuyelaile.com\weiwincms\_Core\Common\functions.php Á¨¨ 234 Ë°å.

[ 2018-09-14T09:02:52+08:00 ] 49.80.145.11 /index.php?&g=Wap&m=Zhiye&a=register&token=ynzfui1406882414&wecha_id=112
INFO: [ app_begin ] --START--
INFO: Run ReadHtmlCache Behavior [ RunTime:0.000528s ]
INFO: [ app_begin ] --END-- [ RunTime:0.000628s ]
SQL: SHOW COLUMNS FROM `wy_ac` [ RunTime:0.014863s ]
SQL: SELECT * FROM `wy_ac` WHERE ( `Token` = 'ynzfui1406882414' ) AND ( `Wecha_id` = '112' ) LIMIT 1   [ RunTime:0.000165s ]
SQL: SHOW COLUMNS FROM `wy_jjr` [ RunTime:0.016088s ]
SQL: SELECT * FROM `wy_jjr` WHERE ( `Token` = 'ynzfui1406882414' ) AND ( `Wecha_id` = '112' ) LIMIT 1   [ RunTime:0.000147s ]
SQL: SHOW COLUMNS FROM `wy_zy` [ RunTime:0.015526s ]
SQL: SELECT * FROM `wy_zy` WHERE Token='ynzfui1406882414' and Wecha_id='112' LIMIT 1   [ RunTime:0.000318s ]
SQL: SHOW COLUMNS FROM `wy_zc` [ RunTime:0.015932s ]
SQL: SELECT `TiaoKuan` FROM `wy_zc` WHERE ( `Token` = 'ynzfui1406882414' ) AND ( `cate` = 2 ) LIMIT 1   [ RunTime:0.000363s ]
SQL: SHOW COLUMNS FROM `wy_lpinfo` [ RunTime:0.016012s ]
SQL: SELECT * FROM `wy_lpinfo` WHERE token='ynzfui1406882414'  [ RunTime:0.000490s ]
NOTIC: [2] Cannot use a scalar value as an array D:\www\qmyx.wuyelaile.com\weiwincms\_Core\Lib\Core\View.class.php Á¨¨ 69 Ë°å.
INFO: [ view_template ] --START--
INFO: Run LocationTemplate Behavior [ RunTime:-0.104368s ]
INFO: [ view_template ] --END-- [ RunTime:0.044564s ]
INFO: [ view_parse ] --START--
INFO: Run ParseTemplate Behavior [ RunTime:-0.149038s ]
INFO: [ view_parse ] --END-- [ RunTime:0.041844s ]
INFO: [ view_filter ] --START--
INFO: Run ContentReplace Behavior [ RunTime:-0.190935s ]
INFO: Run TokenBuild Behavior [ RunTime:-0.192212s ]
INFO: Run WriteHtmlCache Behavior [ RunTime:-0.193413s ]
INFO: Run ShowRuntime Behavior [ RunTime:-0.194523s ]
INFO: [ view_filter ] --END-- [ RunTime:0.004871s ]
INFO: [ view_end ] --START--
INFO: Run ShowPageTrace Behavior [ RunTime:-0.195871s ]
INFO: [ view_end ] --END-- [ RunTime:0.001371s ]

[ 2018-09-14T09:36:34+08:00 ] 49.80.145.11 /index.php?&g=Wap&m=Zhiye&a=register
INFO: [ app_begin ] --START--
INFO: Run ReadHtmlCache Behavior [ RunTime:0.001991s ]
INFO: [ app_begin ] --END-- [ RunTime:0.002103s ]
NOTIC: [2] Cannot use a scalar value as an array D:\www\qmyx.wuyelaile.com\weiwincms\_Core\Lib\Core\View.class.php Á¨¨ 69 Ë°å.
INFO: [ view_template ] --START--
INFO: Run LocationTemplate Behavior [ RunTime:-0.015321s ]
INFO: [ view_template ] --END-- [ RunTime:0.005264s ]
INFO: [ view_parse ] --START--
INFO: Run ParseTemplate Behavior [ RunTime:-0.020669s ]
INFO: [ view_parse ] --END-- [ RunTime:0.028328s ]
INFO: [ view_filter ] --START--
INFO: Run ContentReplace Behavior [ RunTime:-0.049051s ]
INFO: Run TokenBuild Behavior [ RunTime:-0.051051s ]
INFO: Run WriteHtmlCache Behavior [ RunTime:-0.053398s ]
INFO: Run ShowRuntime Behavior [ RunTime:-0.055286s ]
INFO: [ view_filter ] --END-- [ RunTime:0.008314s ]
INFO: [ view_end ] --START--
INFO: Run ShowPageTrace Behavior [ RunTime:-0.057434s ]
INFO: [ view_end ] --END-- [ RunTime:0.002372s ]

[ 2018-09-14T11:10:47+08:00 ] 47.92.100.7 /index.php?g=Wap&m=Zhiye&a=index&token=ynzfui1406882414&wecha_id=112
INFO: [ app_begin ] --START--
INFO: Run ReadHtmlCache Behavior [ RunTime:0.002737s ]
INFO: [ app_begin ] --END-- [ RunTime:0.002867s ]
SQL: SHOW COLUMNS FROM `wy_ac` [ RunTime:0.076714s ]
SQL: SELECT * FROM `wy_ac` WHERE ( `Token` = 'ynzfui1406882414' ) AND ( `Wecha_id` = '112' ) LIMIT 1   [ RunTime:0.000219s ]
SQL: SHOW COLUMNS FROM `wy_jjr` [ RunTime:0.050479s ]
SQL: SELECT * FROM `wy_jjr` WHERE ( `Token` = 'ynzfui1406882414' ) AND ( `Wecha_id` = '112' ) LIMIT 1   [ RunTime:0.000160s ]
SQL: SHOW COLUMNS FROM `wy_zy` [ RunTime:0.016684s ]
SQL: select zy.ID,zy.Token,zy.Wecha_id,zy.Name,zy.Tel,lp.LouPanTitle,city.name as cname 
					from wy_zy as zy,wy_lpinfo as lp,wy_city as city 
					where zy.Uid=lp.id and zy.Token='ynzfui1406882414' and zy.Wecha_id='112' and 
					city.code=lp.city limit 1 [ RunTime:0.000192s ]
NOTIC: [8] Undefined offset:  0 D:\www\qmyx.wuyelaile.com\weiwincms\Lib\Action\Wap\ZhiyeAction.class.php Á¨¨ 36 Ë°å.
SQL: SHOW COLUMNS FROM `wy_zy` [ RunTime:0.016364s ]
SQL: SELECT * FROM `wy_zy` WHERE ( `Wecha_id` = '112' ) AND ( `Token` = 'ynzfui1406882414' ) LIMIT 1   [ RunTime:0.000175s ]
NOTIC: [8] Undefined variable: var D:\www\qmyx.wuyelaile.com\weiwincms\_Core\Common\functions.php Á¨¨ 234 Ë°å.
NOTIC: [2] array_reverse() [<a href='function.array-reverse'>function.array-reverse</a>]: The argument should be an array D:\www\qmyx.wuyelaile.com\weiwincms\_Core\Common\functions.php Á¨¨ 234 Ë°å.
NOTIC: [2] http_build_query() [<a href='function.http-build-query'>function.http-build-query</a>]: Parameter 1 expected to be Array or Object.  Incorrect value given D:\www\qmyx.wuyelaile.com\weiwincms\_Core\Common\functions.php Á¨¨ 234 Ë°å.

[ 2018-09-14T11:12:14+08:00 ] 39.107.126.72 /index.php?g=Wap&m=Zhiye&a=index&token=ynzfui1406882414&wecha_id=112
INFO: [ app_begin ] --START--
INFO: Run ReadHtmlCache Behavior [ RunTime:0.000540s ]
INFO: [ app_begin ] --END-- [ RunTime:0.000656s ]
SQL: SHOW COLUMNS FROM `wy_ac` [ RunTime:0.003825s ]
SQL: SELECT * FROM `wy_ac` WHERE ( `Token` = 'ynzfui1406882414' ) AND ( `Wecha_id` = '112' ) LIMIT 1   [ RunTime:0.000773s ]
SQL: SHOW COLUMNS FROM `wy_jjr` [ RunTime:0.002387s ]
SQL: SELECT * FROM `wy_jjr` WHERE ( `Token` = 'ynzfui1406882414' ) AND ( `Wecha_id` = '112' ) LIMIT 1   [ RunTime:0.000136s ]
SQL: SHOW COLUMNS FROM `wy_zy` [ RunTime:0.012351s ]
SQL: select zy.ID,zy.Token,zy.Wecha_id,zy.Name,zy.Tel,lp.LouPanTitle,city.name as cname 
					from wy_zy as zy,wy_lpinfo as lp,wy_city as city 
					where zy.Uid=lp.id and zy.Token='ynzfui1406882414' and zy.Wecha_id='112' and 
					city.code=lp.city limit 1 [ RunTime:0.000146s ]
NOTIC: [8] Undefined offset:  0 D:\www\qmyx.wuyelaile.com\weiwincms\Lib\Action\Wap\ZhiyeAction.class.php Á¨¨ 36 Ë°å.
SQL: SHOW COLUMNS FROM `wy_zy` [ RunTime:0.016127s ]
SQL: SELECT * FROM `wy_zy` WHERE ( `Wecha_id` = '112' ) AND ( `Token` = 'ynzfui1406882414' ) LIMIT 1   [ RunTime:0.000169s ]
NOTIC: [8] Undefined variable: var D:\www\qmyx.wuyelaile.com\weiwincms\_Core\Common\functions.php Á¨¨ 234 Ë°å.
NOTIC: [2] array_reverse() [<a href='function.array-reverse'>function.array-reverse</a>]: The argument should be an array D:\www\qmyx.wuyelaile.com\weiwincms\_Core\Common\functions.php Á¨¨ 234 Ë°å.
NOTIC: [2] http_build_query() [<a href='function.http-build-query'>function.http-build-query</a>]: Parameter 1 expected to be Array or Object.  Incorrect value given D:\www\qmyx.wuyelaile.com\weiwincms\_Core\Common\functions.php Á¨¨ 234 Ë°å.

[ 2018-09-14T11:12:23+08:00 ] 47.97.120.5 /index.php?g=Wap&m=Zhiye&a=index&token=ynzfui1406882414&wecha_id=112
INFO: [ app_begin ] --START--
INFO: Run ReadHtmlCache Behavior [ RunTime:0.000493s ]
INFO: [ app_begin ] --END-- [ RunTime:0.000593s ]
SQL: SHOW COLUMNS FROM `wy_ac` [ RunTime:0.053891s ]
SQL: SELECT * FROM `wy_ac` WHERE ( `Token` = 'ynzfui1406882414' ) AND ( `Wecha_id` = '112' ) LIMIT 1   [ RunTime:0.000192s ]
SQL: SHOW COLUMNS FROM `wy_jjr` [ RunTime:0.016881s ]
SQL: SELECT * FROM `wy_jjr` WHERE ( `Token` = 'ynzfui1406882414' ) AND ( `Wecha_id` = '112' ) LIMIT 1   [ RunTime:0.000200s ]
SQL: SHOW COLUMNS FROM `wy_zy` [ RunTime:0.019657s ]
SQL: select zy.ID,zy.Token,zy.Wecha_id,zy.Name,zy.Tel,lp.LouPanTitle,city.name as cname 
					from wy_zy as zy,wy_lpinfo as lp,wy_city as city 
					where zy.Uid=lp.id and zy.Token='ynzfui1406882414' and zy.Wecha_id='112' and 
					city.code=lp.city limit 1 [ RunTime:0.000177s ]
NOTIC: [8] Undefined offset:  0 D:\www\qmyx.wuyelaile.com\weiwincms\Lib\Action\Wap\ZhiyeAction.class.php Á¨¨ 36 Ë°å.
SQL: SHOW COLUMNS FROM `wy_zy` [ RunTime:0.016854s ]
SQL: SELECT * FROM `wy_zy` WHERE ( `Wecha_id` = '112' ) AND ( `Token` = 'ynzfui1406882414' ) LIMIT 1   [ RunTime:0.000156s ]
NOTIC: [8] Undefined variable: var D:\www\qmyx.wuyelaile.com\weiwincms\_Core\Common\functions.php Á¨¨ 234 Ë°å.
NOTIC: [2] array_reverse() [<a href='function.array-reverse'>function.array-reverse</a>]: The argument should be an array D:\www\qmyx.wuyelaile.com\weiwincms\_Core\Common\functions.php Á¨¨ 234 Ë°å.
NOTIC: [2] http_build_query() [<a href='function.http-build-query'>function.http-build-query</a>]: Parameter 1 expected to be Array or Object.  Incorrect value given D:\www\qmyx.wuyelaile.com\weiwincms\_Core\Common\functions.php Á¨¨ 234 Ë°å.

[ 2018-09-14T13:17:43+08:00 ] 49.80.172.202 /index.php?g=Wap&m=Agent&a=index&token=ynzfui1406882414&wecha_id={wechat_id}
INFO: [ app_begin ] --START--
INFO: Run ReadHtmlCache Behavior [ RunTime:0.013421s ]
INFO: [ app_begin ] --END-- [ RunTime:0.014574s ]
SQL: SHOW COLUMNS FROM `wy_lpinfo` [ RunTime:0.056220s ]
SQL: SELECT * FROM `wy_lpinfo` WHERE ( `token` = 'ynzfui1406882414' ) ORDER BY houseSort desc,id desc LIMIT 0,20   [ RunTime:0.000218s ]
SQL: SHOW COLUMNS FROM `wy_jjr` [ RunTime:0.019069s ]
SQL: SELECT * FROM `wy_jjr` WHERE ( `Wecha_id` = '{wechat_id}' ) AND ( `Token` = 'ynzfui1406882414' ) LIMIT 1   [ RunTime:0.000139s ]
SQL: SHOW COLUMNS FROM `wy_share_content` [ RunTime:0.021370s ]
SQL: SELECT * FROM `wy_share_content` WHERE token='ynzfui1406882414' LIMIT 1   [ RunTime:0.000147s ]
NOTIC: [8] Undefined variable: var D:\www\qmyx.wuyelaile.com\weiwincms\_Core\Common\functions.php Á¨¨ 234 Ë°å.
NOTIC: [2] array_reverse() [<a href='function.array-reverse'>function.array-reverse</a>]: The argument should be an array D:\www\qmyx.wuyelaile.com\weiwincms\_Core\Common\functions.php Á¨¨ 234 Ë°å.
NOTIC: [2] http_build_query() [<a href='function.http-build-query'>function.http-build-query</a>]: Parameter 1 expected to be Array or Object.  Incorrect value given D:\www\qmyx.wuyelaile.com\weiwincms\_Core\Common\functions.php Á¨¨ 234 Ë°å.
NOTIC: [32] PHP Startup: Unable to load dynamic library 'D:\WebServer\php-5.2.5 (x64)\ext\php_fileinfo.dll' - ’“≤ªµΩ÷∏∂®µƒƒ£øÈ°£
 Unknown Á¨¨ 0 Ë°å.

[ 2018-09-14T13:17:43+08:00 ] 49.80.172.202 /index.php?&g=Wap&m=Agent&a=ydl&token=ynzfui1406882414&wecha_id={wechat_id}
INFO: [ app_begin ] --START--
INFO: Run ReadHtmlCache Behavior [ RunTime:0.000552s ]
INFO: [ app_begin ] --END-- [ RunTime:0.000640s ]
SQL: SHOW COLUMNS FROM `wy_agent_rewardinfo` [ RunTime:0.039122s ]
SQL: SELECT SUM(rewardamount) AS tp_sum FROM `wy_agent_rewardinfo` WHERE wecha_id='{wechat_id}' and token='ynzfui1406882414' and rewardstatus =0 LIMIT 1   [ RunTime:0.000190s ]
SQL: SHOW COLUMNS FROM `wy_jjr` [ RunTime:0.004893s ]
SQL: SELECT * FROM `wy_jjr` WHERE ( `Wecha_id` = '{wechat_id}' ) AND ( `Token` = 'ynzfui1406882414' ) LIMIT 1   [ RunTime:0.000128s ]
SQL: SHOW COLUMNS FROM `wy_share_content` [ RunTime:0.002211s ]
SQL: SELECT * FROM `wy_share_content` WHERE token='ynzfui1406882414' LIMIT 1   [ RunTime:0.000112s ]
SQL: SHOW COLUMNS FROM `wy_kh` [ RunTime:0.004887s ]
SQL: SELECT COUNT(*) AS tp_count FROM `wy_kh` WHERE ( `Token` = 'ynzfui1406882414' ) AND ( `JJ_id` = 295 ) LIMIT 1   [ RunTime:0.000110s ]
SQL: SHOW COLUMNS FROM `wy_lpinfo` [ RunTime:0.002484s ]
SQL: SELECT * FROM `wy_lpinfo` WHERE ( `token` = 'ynzfui1406882414' ) ORDER BY houseSort desc,id desc LIMIT 0,20   [ RunTime:0.000175s ]
NOTIC: [2] Cannot use a scalar value as an array D:\www\qmyx.wuyelaile.com\weiwincms\_Core\Lib\Core\View.class.php Á¨¨ 69 Ë°å.
INFO: [ view_template ] --START--
INFO: Run LocationTemplate Behavior [ RunTime:-0.089811s ]
INFO: [ view_template ] --END-- [ RunTime:0.047893s ]
INFO: [ view_parse ] --START--
INFO: Run ParseTemplate Behavior [ RunTime:-0.137789s ]
INFO: [ view_parse ] --END-- [ RunTime:0.137978s ]
INFO: [ view_filter ] --START--
INFO: Run ContentReplace Behavior [ RunTime:-0.275826s ]
INFO: Run TokenBuild Behavior [ RunTime:-0.277955s ]
INFO: Run WriteHtmlCache Behavior [ RunTime:-0.280836s ]
INFO: Run ShowRuntime Behavior [ RunTime:-0.282844s ]
INFO: [ view_filter ] --END-- [ RunTime:0.009483s ]
INFO: [ view_end ] --START--
INFO: Run ShowPageTrace Behavior [ RunTime:-0.285384s ]
INFO: [ view_end ] --END-- [ RunTime:0.002121s ]

[ 2018-09-14T13:17:56+08:00 ] 49.80.172.202 /index.php?g=Wap&m=Agent&a=addCustom&token=ynzfui1406882414&wecha_id={wechat_id}
INFO: [ app_begin ] --START--
INFO: Run ReadHtmlCache Behavior [ RunTime:0.000546s ]
INFO: [ app_begin ] --END-- [ RunTime:0.000649s ]
SQL: SHOW COLUMNS FROM `wy_lpinfo` [ RunTime:0.012515s ]
SQL: SELECT * FROM `wy_lpinfo` WHERE ( `token` = 'ynzfui1406882414' )  [ RunTime:0.000208s ]
SQL: SHOW COLUMNS FROM `wy_jjr` [ RunTime:0.013954s ]
SQL: SELECT * FROM `wy_jjr` WHERE ( `Wecha_id` = '{wechat_id}' ) AND ( `Token` = 'ynzfui1406882414' ) LIMIT 1   [ RunTime:0.000160s ]
SQL: SELECT * FROM `wy_jjr` WHERE ( `Token` = 'ynzfui1406882414' )  [ RunTime:0.000154s ]
NOTIC: [2] Cannot use a scalar value as an array D:\www\qmyx.wuyelaile.com\weiwincms\_Core\Lib\Core\View.class.php Á¨¨ 69 Ë°å.
INFO: [ view_template ] --START--
INFO: Run LocationTemplate Behavior [ RunTime:-0.039305s ]
INFO: [ view_template ] --END-- [ RunTime:0.001346s ]
INFO: [ view_parse ] --START--
INFO: Run ParseTemplate Behavior [ RunTime:-0.040710s ]
INFO: [ view_parse ] --END-- [ RunTime:0.041965s ]
INFO: [ view_filter ] --START--
INFO: Run ContentReplace Behavior [ RunTime:-0.082792s ]
INFO: Run TokenBuild Behavior [ RunTime:-0.083466s ]
INFO: Run WriteHtmlCache Behavior [ RunTime:-0.084144s ]
INFO: Run ShowRuntime Behavior [ RunTime:-0.084595s ]
INFO: [ view_filter ] --END-- [ RunTime:0.002521s ]
INFO: [ view_end ] --START--
INFO: Run ShowPageTrace Behavior [ RunTime:-0.085408s ]
INFO: [ view_end ] --END-- [ RunTime:0.000863s ]

[ 2018-09-14T13:18:36+08:00 ] 49.80.172.202 /index.php?g=Wap&m=Agent&a=khyz&token=ynzfui1406882414&wecha_id={wechat_id}
INFO: [ app_begin ] --START--
INFO: Run ReadHtmlCache Behavior [ RunTime:0.000521s ]
INFO: [ app_begin ] --END-- [ RunTime:0.000621s ]
SQL: SHOW COLUMNS FROM `wy_kh` [ RunTime:0.015890s ]
SQL: SELECT * FROM `wy_kh` WHERE ( `Token` = 'ynzfui1406882414' ) AND ( `Tel` = '18331160701' ) LIMIT 1   [ RunTime:0.000588s ]

[ 2018-09-14T13:18:36+08:00 ] 49.80.172.202 /index.php?g=Wap&m=Agent&a=addCustomHandle&token=ynzfui1406882414&wecha_id={wechat_id}
INFO: [ app_begin ] --START--
INFO: Run ReadHtmlCache Behavior [ RunTime:0.000466s ]
INFO: [ app_begin ] --END-- [ RunTime:0.000568s ]
SQL: SHOW COLUMNS FROM `wy_kh` [ RunTime:0.013324s ]
SQL: SELECT * FROM `wy_kh` WHERE ( `Tel` = '18331160701' ) AND ( `Token` = 'ynzfui1406882414' ) AND ( `LouPanTitle` = 15 ) LIMIT 1   [ RunTime:0.000499s ]
SQL: SHOW COLUMNS FROM `wy_agent_status` [ RunTime:0.016741s ]
SQL: SELECT `id` FROM `wy_agent_status` ORDER BY sort asc LIMIT 1   [ RunTime:0.000370s ]
SQL: INSERT INTO `wy_kh` (`Token`,`Name`,`JJ_id`,`Tel`,`LouPanTitle`,`Stutas`,`SrTime`) VALUES ('ynzfui1406882414','Â∞èÊòé','295','18331160701','15','1','1536902316') [ RunTime:0.004650s ]
NOTIC: [8] Undefined variable: var D:\www\qmyx.wuyelaile.com\weiwincms\_Core\Common\functions.php Á¨¨ 234 Ë°å.
NOTIC: [2] array_reverse() [<a href='function.array-reverse'>function.array-reverse</a>]: The argument should be an array D:\www\qmyx.wuyelaile.com\weiwincms\_Core\Common\functions.php Á¨¨ 234 Ë°å.
NOTIC: [2] http_build_query() [<a href='function.http-build-query'>function.http-build-query</a>]: Parameter 1 expected to be Array or Object.  Incorrect value given D:\www\qmyx.wuyelaile.com\weiwincms\_Core\Common\functions.php Á¨¨ 234 Ë°å.

[ 2018-09-14T13:18:36+08:00 ] 49.80.172.202 /index.php?&g=Wap&m=Agent&a=successinfo&token=ynzfui1406882414&wecha_id={wechat_id}&JJ_id=295&type=1&cid=204
INFO: [ app_begin ] --START--
INFO: Run ReadHtmlCache Behavior [ RunTime:0.000452s ]
INFO: [ app_begin ] --END-- [ RunTime:0.000552s ]
SQL: SHOW COLUMNS FROM `wy_kh` [ RunTime:0.014067s ]
SQL: SELECT * FROM `wy_kh` WHERE ID=204 LIMIT 1   [ RunTime:0.000356s ]
SQL: SHOW COLUMNS FROM `wy_lpinfo` [ RunTime:0.016707s ]
SQL: SELECT `id`,`LouPanTitle`,`traffic` FROM `wy_lpinfo` WHERE id=15 LIMIT 1   [ RunTime:0.000342s ]
SQL: SHOW COLUMNS FROM `wy_jjr` [ RunTime:0.015914s ]
SQL: SELECT * FROM `wy_jjr` WHERE ID=295 LIMIT 1   [ RunTime:0.000324s ]
NOTIC: [2] Cannot use a scalar value as an array D:\www\qmyx.wuyelaile.com\weiwincms\_Core\Lib\Core\View.class.php Á¨¨ 69 Ë°å.
INFO: [ view_template ] --START--
INFO: Run LocationTemplate Behavior [ RunTime:-0.067039s ]
INFO: [ view_template ] --END-- [ RunTime:0.012301s ]
INFO: [ view_parse ] --START--
INFO: Run ParseTemplate Behavior [ RunTime:-0.079428s ]
INFO: [ view_parse ] --END-- [ RunTime:0.024711s ]
INFO: [ view_filter ] --START--
INFO: Run ContentReplace Behavior [ RunTime:-0.104191s ]
INFO: Run TokenBuild Behavior [ RunTime:-0.104619s ]
INFO: Run WriteHtmlCache Behavior [ RunTime:-0.105084s ]
INFO: Run ShowRuntime Behavior [ RunTime:-0.105398s ]
INFO: [ view_filter ] --END-- [ RunTime:0.001755s ]
INFO: [ view_end ] --START--
INFO: Run ShowPageTrace Behavior [ RunTime:-0.106020s ]
INFO: [ view_end ] --END-- [ RunTime:0.000575s ]

[ 2018-09-14T13:19:59+08:00 ] 49.80.172.202 /index.php?g=Wap&m=Agent&a=myCustom&token=ynzfui1406882414&wecha_id={wechat_id}&JJ_id=295
INFO: [ app_begin ] --START--
INFO: Run ReadHtmlCache Behavior [ RunTime:0.001293s ]
INFO: [ app_begin ] --END-- [ RunTime:0.001404s ]
SQL: SHOW COLUMNS FROM `wy_kh` [ RunTime:0.014945s ]
SQL: SELECT kh.ID,kh.Token,kh.Wecha_id,kh.`Name`,kh.Tel,
					lp.LouPanTitle,kh.SrTime,status.salesstatus 
					from wy_kh as kh LEFT JOIN wy_lpinfo as lp on kh.LouPanTitle=lp.id 
					LEFT JOIN wy_agent_status as status on kh.Stutas=status.id 
					WHERE kh.Token='ynzfui1406882414' AND kh.JJ_id=295 order by kh.SrTime desc [ RunTime:0.000558s ]
SQL: SHOW COLUMNS FROM `wy_jjr` [ RunTime:0.016215s ]
SQL: SELECT * FROM `wy_jjr` WHERE ( `Wecha_id` = '{wechat_id}' ) AND ( `Token` = 'ynzfui1406882414' ) LIMIT 1   [ RunTime:0.000231s ]
SQL: SELECT * FROM `wy_jjr` WHERE ( `Token` = 'ynzfui1406882414' )  [ RunTime:0.000173s ]
NOTIC: [2] Cannot use a scalar value as an array D:\www\qmyx.wuyelaile.com\weiwincms\_Core\Lib\Core\View.class.php Á¨¨ 69 Ë°å.
INFO: [ view_template ] --START--
INFO: Run LocationTemplate Behavior [ RunTime:-0.051637s ]
INFO: [ view_template ] --END-- [ RunTime:0.018983s ]
INFO: [ view_parse ] --START--
INFO: Run ParseTemplate Behavior [ RunTime:-0.070708s ]
INFO: [ view_parse ] --END-- [ RunTime:0.038792s ]
INFO: [ view_filter ] --START--
INFO: Run ContentReplace Behavior [ RunTime:-0.109553s ]
INFO: Run TokenBuild Behavior [ RunTime:-0.110902s ]
INFO: Run WriteHtmlCache Behavior [ RunTime:-0.112159s ]
INFO: Run ShowRuntime Behavior [ RunTime:-0.113348s ]
INFO: [ view_filter ] --END-- [ RunTime:0.005132s ]
INFO: [ view_end ] --START--
INFO: Run ShowPageTrace Behavior [ RunTime:-0.114755s ]
INFO: [ view_end ] --END-- [ RunTime:0.001450s ]

[ 2018-09-14T13:20:07+08:00 ] 49.80.172.202 /index.php?g=Wap&m=Agent&a=commission&token=ynzfui1406882414&wecha_id={wechat_id}&JJ_id=295
INFO: [ app_begin ] --START--
INFO: Run ReadHtmlCache Behavior [ RunTime:0.000480s ]
INFO: [ app_begin ] --END-- [ RunTime:0.000584s ]
SQL: SHOW COLUMNS FROM `wy_agent_rewardinfo` [ RunTime:0.014749s ]
SQL: SELECT * FROM `wy_agent_rewardinfo` WHERE ( `token` = 'ynzfui1406882414' ) AND ( `wecha_id` = '{wechat_id}' ) ORDER BY rewardstatus desc,id desc  [ RunTime:0.000429s ]
SQL: SELECT SUM(rewardamount) AS tp_sum FROM `wy_agent_rewardinfo` WHERE ( `token` = 'ynzfui1406882414' ) AND ( `wecha_id` = '{wechat_id}' ) AND ( `rewardstatus` = 0 ) LIMIT 1   [ RunTime:0.000605s ]
SQL: SELECT SUM(rewardamount) AS tp_sum FROM `wy_agent_rewardinfo` WHERE ( `token` = 'ynzfui1406882414' ) AND ( `wecha_id` = '{wechat_id}' ) AND ( `rewardstatus` = 1 ) LIMIT 1   [ RunTime:0.000311s ]
SQL: SELECT SUM(rewardamount) AS tp_sum FROM `wy_agent_rewardinfo` WHERE ( `token` = 'ynzfui1406882414' ) AND ( `wecha_id` = '{wechat_id}' ) AND ( `rewardstatus` IN ('-1','1','2') ) LIMIT 1   [ RunTime:0.000337s ]
SQL: SHOW COLUMNS FROM `wy_jjr` [ RunTime:0.016173s ]
SQL: SELECT * FROM `wy_jjr` WHERE ( `Wecha_id` = '{wechat_id}' ) AND ( `Token` = 'ynzfui1406882414' ) LIMIT 1   [ RunTime:0.000156s ]
SQL: SELECT * FROM `wy_jjr` WHERE ( `Token` = 'ynzfui1406882414' )  [ RunTime:0.000140s ]
NOTIC: [2] Cannot use a scalar value as an array D:\www\qmyx.wuyelaile.com\weiwincms\_Core\Lib\Core\View.class.php Á¨¨ 69 Ë°å.
INFO: [ view_template ] --START--
INFO: Run LocationTemplate Behavior [ RunTime:-0.048361s ]
INFO: [ view_template ] --END-- [ RunTime:0.011215s ]
INFO: [ view_parse ] --START--
NOTIC: [8] Undefined variable: bank D:\www\qmyx.wuyelaile.com\weiwindata\logs\Cache\Wap\2f94fb5904601d1ba8ccf9acc210c17e.php Á¨¨ 38 Ë°å.
NOTIC: [8] Undefined variable: vo D:\www\qmyx.wuyelaile.com\weiwindata\logs\Cache\Wap\2f94fb5904601d1ba8ccf9acc210c17e.php Á¨¨ 136 Ë°å.
INFO: Run ParseTemplate Behavior [ RunTime:-0.059634s ]
INFO: [ view_parse ] --END-- [ RunTime:0.070867s ]
INFO: [ view_filter ] --START--
INFO: Run ContentReplace Behavior [ RunTime:-0.130560s ]
INFO: Run TokenBuild Behavior [ RunTime:-0.131061s ]
INFO: Run WriteHtmlCache Behavior [ RunTime:-0.131529s ]
INFO: Run ShowRuntime Behavior [ RunTime:-0.131823s ]
INFO: [ view_filter ] --END-- [ RunTime:0.001812s ]
INFO: [ view_end ] --START--
INFO: Run ShowPageTrace Behavior [ RunTime:-0.132432s ]
INFO: [ view_end ] --END-- [ RunTime:0.000566s ]

[ 2018-09-14T15:36:16+08:00 ] 47.98.62.203 /
INFO: [ app_begin ] --START--
INFO: Run ReadHtmlCache Behavior [ RunTime:0.002293s ]
INFO: [ app_begin ] --END-- [ RunTime:0.002495s ]
SQL: SHOW COLUMNS FROM `wy_links` [ RunTime:0.058997s ]
SQL: SELECT * FROM `wy_links` WHERE ( `status` = 1 )  [ RunTime:0.000307s ]
NOTIC: [2] Cannot use a scalar value as an array D:\www\qmyx.wuyelaile.com\weiwincms\_Core\Lib\Core\View.class.php Á¨¨ 69 Ë°å.
INFO: [ view_template ] --START--
INFO: Run LocationTemplate Behavior [ RunTime:-0.115923s ]
INFO: [ view_template ] --END-- [ RunTime:0.055869s ]
INFO: [ view_parse ] --START--
INFO: Run ParseTemplate Behavior [ RunTime:-0.171940s ]
INFO: [ view_parse ] --END-- [ RunTime:0.054079s ]
INFO: [ view_filter ] --START--
INFO: Run ContentReplace Behavior [ RunTime:-0.226083s ]
INFO: Run TokenBuild Behavior [ RunTime:-0.228213s ]
INFO: Run WriteHtmlCache Behavior [ RunTime:-0.229804s ]
INFO: Run ShowRuntime Behavior [ RunTime:-0.231022s ]
INFO: [ view_filter ] --END-- [ RunTime:0.006422s ]
INFO: [ view_end ] --START--
INFO: Run ShowPageTrace Behavior [ RunTime:-0.232578s ]
INFO: [ view_end ] --END-- [ RunTime:0.001483s ]

[ 2018-09-14T15:36:16+08:00 ] 47.98.62.203 /
NOTIC: [32] PHP Startup: Unable to load dynamic library 'D:\WebServer\php-5.2.5 (x64)\ext\php_fileinfo.dll' - ’“≤ªµΩ÷∏∂®µƒƒ£øÈ°£
 Unknown Á¨¨ 0 Ë°å.

[ 2018-09-14T23:32:27+08:00 ] 111.231.218.16 /
INFO: [ app_begin ] --START--
INFO: Run ReadHtmlCache Behavior [ RunTime:0.002787s ]
INFO: [ app_begin ] --END-- [ RunTime:0.002942s ]
SQL: SHOW COLUMNS FROM `wy_links` [ RunTime:0.051276s ]
SQL: SELECT * FROM `wy_links` WHERE ( `status` = 1 )  [ RunTime:0.000144s ]
NOTIC: [2] Cannot use a scalar value as an array D:\www\qmyx.wuyelaile.com\weiwincms\_Core\Lib\Core\View.class.php Á¨¨ 69 Ë°å.
INFO: [ view_template ] --START--
INFO: Run LocationTemplate Behavior [ RunTime:-0.115521s ]
INFO: [ view_template ] --END-- [ RunTime:0.020864s ]
INFO: [ view_parse ] --START--
INFO: Run ParseTemplate Behavior [ RunTime:-0.136457s ]
INFO: [ view_parse ] --END-- [ RunTime:0.069882s ]
INFO: [ view_filter ] --START--
INFO: Run ContentReplace Behavior [ RunTime:-0.206406s ]
INFO: Run TokenBuild Behavior [ RunTime:-0.208461s ]
INFO: Run WriteHtmlCache Behavior [ RunTime:-0.210689s ]
INFO: Run ShowRuntime Behavior [ RunTime:-0.212571s ]
INFO: [ view_filter ] --END-- [ RunTime:0.008068s ]
INFO: [ view_end ] --START--
INFO: Run ShowPageTrace Behavior [ RunTime:-0.214545s ]
INFO: [ view_end ] --END-- [ RunTime:0.002257s ]

[ 2018-09-14T23:32:27+08:00 ] 111.231.218.16 /
NOTIC: [32] PHP Startup: Unable to load dynamic library 'D:\WebServer\php-5.2.5 (x64)\ext\php_fileinfo.dll' - ’“≤ªµΩ÷∏∂®µƒƒ£øÈ°£
 Unknown Á¨¨ 0 Ë°å.

