[ 2018-08-02T09:32:16+08:00 ] 49.80.172.24 /index.php?g=Wap&m=Agent&a=index&token=ynzfui1406882414&wecha_id={wechat_id}
INFO: [ app_begin ] --START--
INFO: Run ReadHtmlCache Behavior [ RunTime:0.005261s ]
INFO: [ app_begin ] --END-- [ RunTime:0.005432s ]
SQL: SHOW COLUMNS FROM `wy_lpinfo` [ RunTime:0.028686s ]
SQL: SELECT * FROM `wy_lpinfo` WHERE ( `token` = 'ynzfui1406882414' ) ORDER BY houseSort desc,id desc LIMIT 0,20   [ RunTime:0.000547s ]
SQL: SHOW COLUMNS FROM `wy_jjr` [ RunTime:0.017305s ]
SQL: SELECT * FROM `wy_jjr` WHERE ( `Wecha_id` = '{wechat_id}' ) AND ( `Token` = 'ynzfui1406882414' ) LIMIT 1   [ RunTime:0.000618s ]
SQL: SHOW COLUMNS FROM `wy_share_content` [ RunTime:0.022859s ]
SQL: SELECT * FROM `wy_share_content` WHERE token='ynzfui1406882414' LIMIT 1   [ RunTime:0.000332s ]
NOTIC: [8] Undefined variable: var D:\www\qmyx.wuyelaile.com\weiwincms\_Core\Common\functions.php 第 234 行.
NOTIC: [2] array_reverse() [<a href='function.array-reverse'>function.array-reverse</a>]: The argument should be an array D:\www\qmyx.wuyelaile.com\weiwincms\_Core\Common\functions.php 第 234 行.
NOTIC: [2] http_build_query() [<a href='function.http-build-query'>function.http-build-query</a>]: Parameter 1 expected to be Array or Object.  Incorrect value given D:\www\qmyx.wuyelaile.com\weiwincms\_Core\Common\functions.php 第 234 行.

[ 2018-08-02T09:32:17+08:00 ] 49.80.172.24 /index.php?&g=Wap&m=Agent&a=ydl&token=ynzfui1406882414&wecha_id={wechat_id}
INFO: [ app_begin ] --START--
INFO: Run ReadHtmlCache Behavior [ RunTime:0.002059s ]
INFO: [ app_begin ] --END-- [ RunTime:0.002172s ]
SQL: SHOW COLUMNS FROM `wy_agent_rewardinfo` [ RunTime:0.033933s ]
SQL: SELECT SUM(rewardamount) AS tp_sum FROM `wy_agent_rewardinfo` WHERE wecha_id='{wechat_id}' and token='ynzfui1406882414' and rewardstatus =0 LIMIT 1   [ RunTime:0.000410s ]
SQL: SHOW COLUMNS FROM `wy_jjr` [ RunTime:0.022935s ]
SQL: SELECT * FROM `wy_jjr` WHERE ( `Wecha_id` = '{wechat_id}' ) AND ( `Token` = 'ynzfui1406882414' ) LIMIT 1   [ RunTime:0.000193s ]
SQL: SHOW COLUMNS FROM `wy_share_content` [ RunTime:0.023202s ]
SQL: SELECT * FROM `wy_share_content` WHERE token='ynzfui1406882414' LIMIT 1   [ RunTime:0.000159s ]
SQL: SHOW COLUMNS FROM `wy_kh` [ RunTime:0.070462s ]
SQL: SELECT COUNT(*) AS tp_count FROM `wy_kh` WHERE ( `Token` = 'ynzfui1406882414' ) AND ( `JJ_id` = 295 ) LIMIT 1   [ RunTime:0.000452s ]
SQL: SHOW COLUMNS FROM `wy_lpinfo` [ RunTime:0.016966s ]
SQL: SELECT * FROM `wy_lpinfo` WHERE ( `token` = 'ynzfui1406882414' ) ORDER BY houseSort desc,id desc LIMIT 0,20   [ RunTime:0.000238s ]
NOTIC: [2] Cannot use a scalar value as an array D:\www\qmyx.wuyelaile.com\weiwincms\_Core\Lib\Core\View.class.php 第 69 行.
INFO: [ view_template ] --START--
INFO: Run LocationTemplate Behavior [ RunTime:-0.227468s ]
INFO: [ view_template ] --END-- [ RunTime:0.147557s ]
INFO: [ view_parse ] --START--
INFO: Run ParseTemplate Behavior [ RunTime:-0.375177s ]
INFO: [ view_parse ] --END-- [ RunTime:0.102406s ]
INFO: [ view_filter ] --START--
INFO: Run ContentReplace Behavior [ RunTime:-0.477616s ]
INFO: Run TokenBuild Behavior [ RunTime:-0.480665s ]
INFO: Run WriteHtmlCache Behavior [ RunTime:-0.483398s ]
INFO: Run ShowRuntime Behavior [ RunTime:-0.486528s ]
INFO: [ view_filter ] --END-- [ RunTime:0.011658s ]
INFO: [ view_end ] --START--
INFO: Run ShowPageTrace Behavior [ RunTime:-0.489352s ]
INFO: [ view_end ] --END-- [ RunTime:0.002786s ]

[ 2018-08-02T09:32:26+08:00 ] 49.80.172.24 /index.php?g=Wap&m=Agent&a=ajaxlp&token=ynzfui1406882414&wecha_id={wechat_id}&t=0.18809422752192195
INFO: [ app_begin ] --START--
INFO: Run ReadHtmlCache Behavior [ RunTime:0.002187s ]
INFO: [ app_begin ] --END-- [ RunTime:0.002284s ]
SQL: SHOW COLUMNS FROM `wy_lpinfo` [ RunTime:0.015154s ]
SQL: SELECT * FROM `wy_lpinfo` WHERE ( `token` = 'ynzfui1406882414' ) ORDER BY id desc LIMIT 20,4   [ RunTime:0.000462s ]

