[ 2018-07-14T18:52:11+08:00 ] 101.132.193.68 /
INFO: [ app_begin ] --START--
INFO: Run ReadHtmlCache Behavior [ RunTime:0.017823s ]
INFO: [ app_begin ] --END-- [ RunTime:0.018936s ]
SQL: SHOW COLUMNS FROM `wy_links` [ RunTime:0.089339s ]
SQL: SELECT * FROM `wy_links` WHERE ( `status` = 1 )  [ RunTime:0.000336s ]
NOTIC: [2] Cannot use a scalar value as an array D:\www\qmyx.wuyelaile.com\weiwincms\_Core\Lib\Core\View.class.php ç¬¬ 69 è¡Œ.
INFO: [ view_template ] --START--
INFO: Run LocationTemplate Behavior [ RunTime:-0.193638s ]
INFO: [ view_template ] --END-- [ RunTime:0.024280s ]
INFO: [ view_parse ] --START--
INFO: Run ParseTemplate Behavior [ RunTime:-0.218007s ]
INFO: [ view_parse ] --END-- [ RunTime:0.046670s ]
INFO: [ view_filter ] --START--
INFO: Run ContentReplace Behavior [ RunTime:-0.264737s ]
INFO: Run TokenBuild Behavior [ RunTime:-0.266826s ]
INFO: Run WriteHtmlCache Behavior [ RunTime:-0.268882s ]
INFO: Run ShowRuntime Behavior [ RunTime:-0.270618s ]
INFO: [ view_filter ] --END-- [ RunTime:0.007830s ]
INFO: [ view_end ] --START--
INFO: Run ShowPageTrace Behavior [ RunTime:-0.272654s ]
INFO: [ view_end ] --END-- [ RunTime:0.002142s ]

[ 2018-07-14T18:52:11+08:00 ] 101.132.193.68 /
NOTIC: [32] PHP Startup: Unable to load dynamic library 'D:\WebServer\php-5.2.5 (x64)\ext\php_fileinfo.dll' - ÕÒ²»µ½Ö¸¶¨µÄÄ£¿é¡£
 Unknown ç¬¬ 0 è¡Œ.

