[ 2018-09-18T09:02:32+08:00 ] 49.80.145.175 /index.php?g=Wap&m=Zhiye&a=index&token=ynzfui1406882414&wecha_id=112
INFO: [ app_begin ] --START--
INFO: Run ReadHtmlCache Behavior [ RunTime:0.073636s ]
INFO: [ app_begin ] --END-- [ RunTime:0.073868s ]
NOTIC: [8] session_start() [<a href='function.session-start'>function.session-start</a>]: ps_files_cleanup_dir: opendir(C:\Windows\Temp\) failed: No error (0) D:\www\qmyx.wuyelaile.com\weiwincms\_Core\Common\functions.php Á¨¨ 526 Ë°å.
SQL: SHOW COLUMNS FROM `wy_ac` [ RunTime:0.099752s ]
SQL: SELECT * FROM `wy_ac` WHERE ( `Token` = 'ynzfui1406882414' ) AND ( `Wecha_id` = '112' ) LIMIT 1   [ RunTime:0.000516s ]
SQL: SHOW COLUMNS FROM `wy_jjr` [ RunTime:0.121672s ]
SQL: SELECT * FROM `wy_jjr` WHERE ( `Token` = 'ynzfui1406882414' ) AND ( `Wecha_id` = '112' ) LIMIT 1   [ RunTime:0.001116s ]
SQL: SHOW COLUMNS FROM `wy_zy` [ RunTime:0.019018s ]
SQL: select zy.ID,zy.Token,zy.Wecha_id,zy.Name,zy.Tel,lp.LouPanTitle,city.name as cname 
					from wy_zy as zy,wy_lpinfo as lp,wy_city as city 
					where zy.Uid=lp.id and zy.Token='ynzfui1406882414' and zy.Wecha_id='112' and 
					city.code=lp.city limit 1 [ RunTime:0.033980s ]
NOTIC: [8] Undefined offset:  0 D:\www\qmyx.wuyelaile.com\weiwincms\Lib\Action\Wap\ZhiyeAction.class.php Á¨¨ 36 Ë°å.
SQL: SHOW COLUMNS FROM `wy_zy` [ RunTime:0.016413s ]
SQL: SELECT * FROM `wy_zy` WHERE ( `Wecha_id` = '112' ) AND ( `Token` = 'ynzfui1406882414' ) LIMIT 1   [ RunTime:0.000388s ]
NOTIC: [8] Undefined variable: var D:\www\qmyx.wuyelaile.com\weiwincms\_Core\Common\functions.php Á¨¨ 234 Ë°å.
NOTIC: [2] array_reverse() [<a href='function.array-reverse'>function.array-reverse</a>]: The argument should be an array D:\www\qmyx.wuyelaile.com\weiwincms\_Core\Common\functions.php Á¨¨ 234 Ë°å.
NOTIC: [2] http_build_query() [<a href='function.http-build-query'>function.http-build-query</a>]: Parameter 1 expected to be Array or Object.  Incorrect value given D:\www\qmyx.wuyelaile.com\weiwincms\_Core\Common\functions.php Á¨¨ 234 Ë°å.
NOTIC: [32] PHP Startup: Unable to load dynamic library 'D:\WebServer\php-5.2.5 (x64)\ext\php_fileinfo.dll' - ’“≤ªµΩ÷∏∂®µƒƒ£øÈ°£
 Unknown Á¨¨ 0 Ë°å.

[ 2018-09-18T09:02:34+08:00 ] 49.80.145.175 /index.php?&g=Wap&m=Zhiye&a=register&token=ynzfui1406882414&wecha_id=112
INFO: [ app_begin ] --START--
INFO: Run ReadHtmlCache Behavior [ RunTime:0.000594s ]
INFO: [ app_begin ] --END-- [ RunTime:0.000698s ]
SQL: SHOW COLUMNS FROM `wy_ac` [ RunTime:0.009039s ]
SQL: SELECT * FROM `wy_ac` WHERE ( `Token` = 'ynzfui1406882414' ) AND ( `Wecha_id` = '112' ) LIMIT 1   [ RunTime:0.000179s ]
SQL: SHOW COLUMNS FROM `wy_jjr` [ RunTime:0.016173s ]
SQL: SELECT * FROM `wy_jjr` WHERE ( `Token` = 'ynzfui1406882414' ) AND ( `Wecha_id` = '112' ) LIMIT 1   [ RunTime:0.000151s ]
SQL: SHOW COLUMNS FROM `wy_zy` [ RunTime:0.015924s ]
SQL: SELECT * FROM `wy_zy` WHERE Token='ynzfui1406882414' and Wecha_id='112' LIMIT 1   [ RunTime:0.000335s ]
SQL: SHOW COLUMNS FROM `wy_zc` [ RunTime:0.015781s ]
SQL: SELECT `TiaoKuan` FROM `wy_zc` WHERE ( `Token` = 'ynzfui1406882414' ) AND ( `cate` = 2 ) LIMIT 1   [ RunTime:0.000380s ]
SQL: SHOW COLUMNS FROM `wy_lpinfo` [ RunTime:0.016480s ]
SQL: SELECT * FROM `wy_lpinfo` WHERE token='ynzfui1406882414'  [ RunTime:0.000477s ]
NOTIC: [2] Cannot use a scalar value as an array D:\www\qmyx.wuyelaile.com\weiwincms\_Core\Lib\Core\View.class.php Á¨¨ 69 Ë°å.
INFO: [ view_template ] --START--
INFO: Run LocationTemplate Behavior [ RunTime:-0.101744s ]
INFO: [ view_template ] --END-- [ RunTime:0.073636s ]
INFO: [ view_parse ] --START--
INFO: Run ParseTemplate Behavior [ RunTime:-0.175568s ]
INFO: [ view_parse ] --END-- [ RunTime:0.232189s ]
INFO: [ view_filter ] --START--
INFO: Run ContentReplace Behavior [ RunTime:-0.407898s ]
INFO: Run TokenBuild Behavior [ RunTime:-0.425945s ]
INFO: Run WriteHtmlCache Behavior [ RunTime:-0.428133s ]
INFO: Run ShowRuntime Behavior [ RunTime:-0.430107s ]
INFO: [ view_filter ] --END-- [ RunTime:0.025153s ]
INFO: [ view_end ] --START--
INFO: Run ShowPageTrace Behavior [ RunTime:-0.433078s ]
INFO: [ view_end ] --END-- [ RunTime:0.002567s ]

[ 2018-09-18T09:04:05+08:00 ] 49.80.145.175 /index.php?g=Wap&m=SaleManager&a=index&token=ynzfui1406882414&wecha_id=113
INFO: [ app_begin ] --START--
INFO: Run ReadHtmlCache Behavior [ RunTime:0.000552s ]
INFO: [ app_begin ] --END-- [ RunTime:0.000645s ]
SQL: SHOW COLUMNS FROM `wy_zy` [ RunTime:0.014657s ]
SQL: SELECT * FROM `wy_zy` WHERE ( `Token` = 'ynzfui1406882414' ) AND ( `Wecha_id` = '113' ) LIMIT 1   [ RunTime:0.000325s ]
SQL: SHOW COLUMNS FROM `wy_jjr` [ RunTime:0.015607s ]
SQL: SELECT * FROM `wy_jjr` WHERE ( `Token` = 'ynzfui1406882414' ) AND ( `Wecha_id` = '113' ) LIMIT 1   [ RunTime:0.000471s ]
SQL: SHOW COLUMNS FROM `wy_ac` [ RunTime:0.015702s ]
SQL: SELECT * FROM `wy_ac` WHERE ( `Wecha_id` = '113' ) AND ( `Token` = 'ynzfui1406882414' ) LIMIT 1   [ RunTime:0.000224s ]
NOTIC: [8] Undefined variable: var D:\www\qmyx.wuyelaile.com\weiwincms\_Core\Common\functions.php Á¨¨ 234 Ë°å.
NOTIC: [2] array_reverse() [<a href='function.array-reverse'>function.array-reverse</a>]: The argument should be an array D:\www\qmyx.wuyelaile.com\weiwincms\_Core\Common\functions.php Á¨¨ 234 Ë°å.
NOTIC: [2] http_build_query() [<a href='function.http-build-query'>function.http-build-query</a>]: Parameter 1 expected to be Array or Object.  Incorrect value given D:\www\qmyx.wuyelaile.com\weiwincms\_Core\Common\functions.php Á¨¨ 234 Ë°å.

[ 2018-09-18T09:04:06+08:00 ] 49.80.145.175 /index.php?&g=Wap&m=SaleManager&a=register&wecha_id=113&token=ynzfui1406882414
INFO: [ app_begin ] --START--
INFO: Run ReadHtmlCache Behavior [ RunTime:0.000465s ]
INFO: [ app_begin ] --END-- [ RunTime:0.000572s ]
SQL: SHOW COLUMNS FROM `wy_zy` [ RunTime:0.002685s ]
SQL: SELECT * FROM `wy_zy` WHERE ( `Token` = 'ynzfui1406882414' ) AND ( `Wecha_id` = '113' ) LIMIT 1   [ RunTime:0.000659s ]
SQL: SHOW COLUMNS FROM `wy_jjr` [ RunTime:0.020862s ]
SQL: SELECT * FROM `wy_jjr` WHERE ( `Token` = 'ynzfui1406882414' ) AND ( `Wecha_id` = '113' ) LIMIT 1   [ RunTime:0.000168s ]
SQL: SHOW COLUMNS FROM `wy_ac` [ RunTime:0.016679s ]
SQL: SELECT * FROM `wy_ac` WHERE Token='ynzfui1406882414' and Wecha_id='113' LIMIT 1   [ RunTime:0.000343s ]
SQL: SHOW COLUMNS FROM `wy_lpinfo` [ RunTime:0.015913s ]
SQL: SELECT * FROM `wy_lpinfo` WHERE token='ynzfui1406882414'  [ RunTime:0.000189s ]
SQL: SHOW COLUMNS FROM `wy_zc` [ RunTime:0.017174s ]
SQL: SELECT * FROM `wy_zc` WHERE ( `Token` = 'ynzfui1406882414' ) AND ( `cate` = 3 ) LIMIT 1   [ RunTime:0.000324s ]
NOTIC: [2] Cannot use a scalar value as an array D:\www\qmyx.wuyelaile.com\weiwincms\_Core\Lib\Core\View.class.php Á¨¨ 69 Ë°å.
INFO: [ view_template ] --START--
INFO: Run LocationTemplate Behavior [ RunTime:-0.099605s ]
INFO: [ view_template ] --END-- [ RunTime:0.024625s ]
INFO: [ view_parse ] --START--
INFO: Run ParseTemplate Behavior [ RunTime:-0.124294s ]
INFO: [ view_parse ] --END-- [ RunTime:0.044438s ]
INFO: [ view_filter ] --START--
INFO: Run ContentReplace Behavior [ RunTime:-0.168791s ]
INFO: Run TokenBuild Behavior [ RunTime:-0.169191s ]
INFO: Run WriteHtmlCache Behavior [ RunTime:-0.169728s ]
INFO: Run ShowRuntime Behavior [ RunTime:-0.170029s ]
INFO: [ view_filter ] --END-- [ RunTime:0.001772s ]
INFO: [ view_end ] --START--
INFO: Run ShowPageTrace Behavior [ RunTime:-0.170642s ]
INFO: [ view_end ] --END-- [ RunTime:0.000547s ]

[ 2018-09-18T10:03:43+08:00 ] 49.80.145.175 /index.php?g=Wap&m=Agent&a=index&token=ynzfui1406882414&wecha_id={wechat_id}
INFO: [ app_begin ] --START--
INFO: Run ReadHtmlCache Behavior [ RunTime:0.001338s ]
INFO: [ app_begin ] --END-- [ RunTime:0.001480s ]
SQL: SHOW COLUMNS FROM `wy_lpinfo` [ RunTime:0.004115s ]
SQL: SELECT * FROM `wy_lpinfo` WHERE ( `token` = 'ynzfui1406882414' ) ORDER BY houseSort desc,id desc LIMIT 0,20   [ RunTime:0.000679s ]
SQL: SHOW COLUMNS FROM `wy_jjr` [ RunTime:0.002513s ]
SQL: SELECT * FROM `wy_jjr` WHERE ( `Wecha_id` = '{wechat_id}' ) AND ( `Token` = 'ynzfui1406882414' ) LIMIT 1   [ RunTime:0.000793s ]
SQL: SHOW COLUMNS FROM `wy_share_content` [ RunTime:0.019725s ]
SQL: SELECT * FROM `wy_share_content` WHERE token='ynzfui1406882414' LIMIT 1   [ RunTime:0.000455s ]
NOTIC: [8] Undefined variable: var D:\www\qmyx.wuyelaile.com\weiwincms\_Core\Common\functions.php Á¨¨ 234 Ë°å.
NOTIC: [2] array_reverse() [<a href='function.array-reverse'>function.array-reverse</a>]: The argument should be an array D:\www\qmyx.wuyelaile.com\weiwincms\_Core\Common\functions.php Á¨¨ 234 Ë°å.
NOTIC: [2] http_build_query() [<a href='function.http-build-query'>function.http-build-query</a>]: Parameter 1 expected to be Array or Object.  Incorrect value given D:\www\qmyx.wuyelaile.com\weiwincms\_Core\Common\functions.php Á¨¨ 234 Ë°å.

[ 2018-09-18T10:03:44+08:00 ] 49.80.145.175 /index.php?&g=Wap&m=Agent&a=ydl&token=ynzfui1406882414&wecha_id={wechat_id}
INFO: [ app_begin ] --START--
INFO: Run ReadHtmlCache Behavior [ RunTime:0.000500s ]
INFO: [ app_begin ] --END-- [ RunTime:0.000599s ]
SQL: SHOW COLUMNS FROM `wy_agent_rewardinfo` [ RunTime:0.019376s ]
SQL: SELECT SUM(rewardamount) AS tp_sum FROM `wy_agent_rewardinfo` WHERE wecha_id='{wechat_id}' and token='ynzfui1406882414' and rewardstatus =0 LIMIT 1   [ RunTime:0.000395s ]
SQL: SHOW COLUMNS FROM `wy_jjr` [ RunTime:0.003659s ]
SQL: SELECT * FROM `wy_jjr` WHERE ( `Wecha_id` = '{wechat_id}' ) AND ( `Token` = 'ynzfui1406882414' ) LIMIT 1   [ RunTime:0.000122s ]
SQL: SHOW COLUMNS FROM `wy_share_content` [ RunTime:0.003562s ]
SQL: SELECT * FROM `wy_share_content` WHERE token='ynzfui1406882414' LIMIT 1   [ RunTime:0.000141s ]
SQL: SHOW COLUMNS FROM `wy_kh` [ RunTime:0.031827s ]
SQL: SELECT COUNT(*) AS tp_count FROM `wy_kh` WHERE ( `Token` = 'ynzfui1406882414' ) AND ( `JJ_id` = 295 ) LIMIT 1   [ RunTime:0.000446s ]
SQL: SHOW COLUMNS FROM `wy_lpinfo` [ RunTime:0.013500s ]
SQL: SELECT * FROM `wy_lpinfo` WHERE ( `token` = 'ynzfui1406882414' ) ORDER BY houseSort desc,id desc LIMIT 0,20   [ RunTime:0.000196s ]
NOTIC: [2] Cannot use a scalar value as an array D:\www\qmyx.wuyelaile.com\weiwincms\_Core\Lib\Core\View.class.php Á¨¨ 69 Ë°å.
INFO: [ view_template ] --START--
INFO: Run LocationTemplate Behavior [ RunTime:-0.092525s ]
INFO: [ view_template ] --END-- [ RunTime:0.089354s ]
INFO: [ view_parse ] --START--
INFO: Run ParseTemplate Behavior [ RunTime:-0.181973s ]
INFO: [ view_parse ] --END-- [ RunTime:0.053540s ]
INFO: [ view_filter ] --START--
INFO: Run ContentReplace Behavior [ RunTime:-0.235572s ]
INFO: Run TokenBuild Behavior [ RunTime:-0.237796s ]
INFO: Run WriteHtmlCache Behavior [ RunTime:-0.239981s ]
INFO: Run ShowRuntime Behavior [ RunTime:-0.242110s ]
INFO: [ view_filter ] --END-- [ RunTime:0.008629s ]
INFO: [ view_end ] --START--
INFO: Run ShowPageTrace Behavior [ RunTime:-0.244272s ]
INFO: [ view_end ] --END-- [ RunTime:0.002439s ]

[ 2018-09-18T10:03:51+08:00 ] 49.80.145.175 /index.php?g=Wap&m=Agent&a=ajaxlp&token=ynzfui1406882414&wecha_id={wechat_id}&t=0.7058066315948963
INFO: [ app_begin ] --START--
INFO: Run ReadHtmlCache Behavior [ RunTime:0.000598s ]
INFO: [ app_begin ] --END-- [ RunTime:0.000711s ]
SQL: SHOW COLUMNS FROM `wy_lpinfo` [ RunTime:0.018087s ]
SQL: SELECT * FROM `wy_lpinfo` WHERE ( `token` = 'ynzfui1406882414' ) ORDER BY id desc LIMIT 20,4   [ RunTime:0.000568s ]

[ 2018-09-18T10:03:55+08:00 ] 49.80.145.175 /index.php?g=Wap&m=Agent&a=myCustom&token=ynzfui1406882414&wecha_id={wechat_id}&JJ_id=295
INFO: [ app_begin ] --START--
INFO: Run ReadHtmlCache Behavior [ RunTime:0.000542s ]
INFO: [ app_begin ] --END-- [ RunTime:0.000645s ]
SQL: SHOW COLUMNS FROM `wy_kh` [ RunTime:0.014596s ]
SQL: SELECT kh.ID,kh.Token,kh.Wecha_id,kh.`Name`,kh.Tel,
					lp.LouPanTitle,kh.SrTime,status.salesstatus 
					from wy_kh as kh LEFT JOIN wy_lpinfo as lp on kh.LouPanTitle=lp.id 
					LEFT JOIN wy_agent_status as status on kh.Stutas=status.id 
					WHERE kh.Token='ynzfui1406882414' AND kh.JJ_id=295 order by kh.SrTime desc [ RunTime:0.000695s ]
SQL: SHOW COLUMNS FROM `wy_jjr` [ RunTime:0.004709s ]
SQL: SELECT * FROM `wy_jjr` WHERE ( `Wecha_id` = '{wechat_id}' ) AND ( `Token` = 'ynzfui1406882414' ) LIMIT 1   [ RunTime:0.000152s ]
SQL: SELECT * FROM `wy_jjr` WHERE ( `Token` = 'ynzfui1406882414' )  [ RunTime:0.000451s ]
NOTIC: [2] Cannot use a scalar value as an array D:\www\qmyx.wuyelaile.com\weiwincms\_Core\Lib\Core\View.class.php Á¨¨ 69 Ë°å.
INFO: [ view_template ] --START--
INFO: Run LocationTemplate Behavior [ RunTime:-0.036641s ]
INFO: [ view_template ] --END-- [ RunTime:0.014246s ]
INFO: [ view_parse ] --START--
INFO: Run ParseTemplate Behavior [ RunTime:-0.051038s ]
INFO: [ view_parse ] --END-- [ RunTime:0.041312s ]
INFO: [ view_filter ] --START--
INFO: Run ContentReplace Behavior [ RunTime:-0.092446s ]
INFO: Run TokenBuild Behavior [ RunTime:-0.095965s ]
INFO: Run WriteHtmlCache Behavior [ RunTime:-0.100406s ]
INFO: Run ShowRuntime Behavior [ RunTime:-0.103854s ]
INFO: [ view_filter ] --END-- [ RunTime:0.015137s ]
INFO: [ view_end ] --START--
INFO: Run ShowPageTrace Behavior [ RunTime:-0.107709s ]
INFO: [ view_end ] --END-- [ RunTime:0.003869s ]

[ 2018-09-18T10:04:10+08:00 ] 49.80.145.175 /index.php?g=Wap&m=Zhiye&a=index&token=ynzfui1406882414&wecha_id={wechat_id}
INFO: [ app_begin ] --START--
INFO: Run ReadHtmlCache Behavior [ RunTime:0.000475s ]
INFO: [ app_begin ] --END-- [ RunTime:0.000580s ]
SQL: SHOW COLUMNS FROM `wy_ac` [ RunTime:0.015409s ]
SQL: SELECT * FROM `wy_ac` WHERE ( `Token` = 'ynzfui1406882414' ) AND ( `Wecha_id` = '{wechat_id}' ) LIMIT 1   [ RunTime:0.000360s ]
SQL: SHOW COLUMNS FROM `wy_jjr` [ RunTime:0.016823s ]
SQL: SELECT * FROM `wy_jjr` WHERE ( `Token` = 'ynzfui1406882414' ) AND ( `Wecha_id` = '{wechat_id}' ) LIMIT 1   [ RunTime:0.000622s ]
NOTIC: [2] Cannot use a scalar value as an array D:\www\qmyx.wuyelaile.com\weiwincms\_Core\Lib\Core\View.class.php Á¨¨ 69 Ë°å.
INFO: [ view_template ] --START--
INFO: Run LocationTemplate Behavior [ RunTime:-0.051182s ]
INFO: [ view_template ] --END-- [ RunTime:0.025411s ]
INFO: [ view_parse ] --START--
INFO: Run ParseTemplate Behavior [ RunTime:-0.076682s ]
INFO: [ view_parse ] --END-- [ RunTime:0.029201s ]
INFO: [ view_filter ] --START--
INFO: Run ContentReplace Behavior [ RunTime:-0.105946s ]
INFO: Run TokenBuild Behavior [ RunTime:-0.107964s ]
INFO: Run WriteHtmlCache Behavior [ RunTime:-0.110055s ]
INFO: Run ShowRuntime Behavior [ RunTime:-0.111964s ]
INFO: [ view_filter ] --END-- [ RunTime:0.008073s ]
INFO: [ view_end ] --START--
INFO: Run ShowPageTrace Behavior [ RunTime:-0.114087s ]
INFO: [ view_end ] --END-- [ RunTime:0.002192s ]

[ 2018-09-18T10:04:18+08:00 ] 49.80.145.175 /index.php?g=Wap&m=Zhiye&a=index&token=ynzfui1406882414&wecha_id={wechat_id}
INFO: [ app_begin ] --START--
INFO: Run ReadHtmlCache Behavior [ RunTime:0.000594s ]
INFO: [ app_begin ] --END-- [ RunTime:0.000707s ]
SQL: SHOW COLUMNS FROM `wy_ac` [ RunTime:0.014769s ]
SQL: SELECT * FROM `wy_ac` WHERE ( `Token` = 'ynzfui1406882414' ) AND ( `Wecha_id` = '{wechat_id}' ) LIMIT 1   [ RunTime:0.000165s ]
SQL: SHOW COLUMNS FROM `wy_jjr` [ RunTime:0.017306s ]
SQL: SELECT * FROM `wy_jjr` WHERE ( `Token` = 'ynzfui1406882414' ) AND ( `Wecha_id` = '{wechat_id}' ) LIMIT 1   [ RunTime:0.000172s ]
NOTIC: [2] Cannot use a scalar value as an array D:\www\qmyx.wuyelaile.com\weiwincms\_Core\Lib\Core\View.class.php Á¨¨ 69 Ë°å.
INFO: [ view_template ] --START--
INFO: Run LocationTemplate Behavior [ RunTime:-0.049895s ]
INFO: [ view_template ] --END-- [ RunTime:0.001551s ]
INFO: [ view_parse ] --START--
INFO: Run ParseTemplate Behavior [ RunTime:-0.051504s ]
INFO: [ view_parse ] --END-- [ RunTime:0.010697s ]
INFO: [ view_filter ] --START--
INFO: Run ContentReplace Behavior [ RunTime:-0.062249s ]
INFO: Run TokenBuild Behavior [ RunTime:-0.064081s ]
INFO: Run WriteHtmlCache Behavior [ RunTime:-0.065943s ]
INFO: Run ShowRuntime Behavior [ RunTime:-0.067703s ]
INFO: [ view_filter ] --END-- [ RunTime:0.007430s ]
INFO: [ view_end ] --START--
INFO: Run ShowPageTrace Behavior [ RunTime:-0.069739s ]
INFO: [ view_end ] --END-- [ RunTime:0.002009s ]

[ 2018-09-18T10:04:25+08:00 ] 49.80.145.175 /index.php?g=Wap&m=SaleManager&a=index&token=ynzfui1406882414&wecha_id={wechat_id}
INFO: [ app_begin ] --START--
INFO: Run ReadHtmlCache Behavior [ RunTime:0.000471s ]
INFO: [ app_begin ] --END-- [ RunTime:0.000578s ]
SQL: SHOW COLUMNS FROM `wy_zy` [ RunTime:0.016979s ]
SQL: SELECT * FROM `wy_zy` WHERE ( `Token` = 'ynzfui1406882414' ) AND ( `Wecha_id` = '{wechat_id}' ) LIMIT 1   [ RunTime:0.000435s ]
SQL: SHOW COLUMNS FROM `wy_jjr` [ RunTime:0.017224s ]
SQL: SELECT * FROM `wy_jjr` WHERE ( `Token` = 'ynzfui1406882414' ) AND ( `Wecha_id` = '{wechat_id}' ) LIMIT 1   [ RunTime:0.000187s ]
NOTIC: [2] Cannot use a scalar value as an array D:\www\qmyx.wuyelaile.com\weiwincms\_Core\Lib\Core\View.class.php Á¨¨ 69 Ë°å.
INFO: [ view_template ] --START--
INFO: Run LocationTemplate Behavior [ RunTime:-0.052655s ]
INFO: [ view_template ] --END-- [ RunTime:0.001788s ]
INFO: [ view_parse ] --START--
INFO: Run ParseTemplate Behavior [ RunTime:-0.054508s ]
INFO: [ view_parse ] --END-- [ RunTime:0.012191s ]
INFO: [ view_filter ] --START--
INFO: Run ContentReplace Behavior [ RunTime:-0.066750s ]
INFO: Run TokenBuild Behavior [ RunTime:-0.068867s ]
INFO: Run WriteHtmlCache Behavior [ RunTime:-0.070947s ]
INFO: Run ShowRuntime Behavior [ RunTime:-0.072882s ]
INFO: [ view_filter ] --END-- [ RunTime:0.008235s ]
INFO: [ view_end ] --START--
INFO: Run ShowPageTrace Behavior [ RunTime:-0.075048s ]
INFO: [ view_end ] --END-- [ RunTime:0.002178s ]

[ 2018-09-18T10:04:32+08:00 ] 49.80.145.175 /index.php?g=Wap&m=SaleManager&a=index&token=ynzfui1406882414&wecha_id={wechat_id}
INFO: [ app_begin ] --START--
INFO: Run ReadHtmlCache Behavior [ RunTime:0.000775s ]
INFO: [ app_begin ] --END-- [ RunTime:0.000906s ]
SQL: SHOW COLUMNS FROM `wy_zy` [ RunTime:0.020991s ]
SQL: SELECT * FROM `wy_zy` WHERE ( `Token` = 'ynzfui1406882414' ) AND ( `Wecha_id` = '{wechat_id}' ) LIMIT 1   [ RunTime:0.000183s ]
SQL: SHOW COLUMNS FROM `wy_jjr` [ RunTime:0.015123s ]
SQL: SELECT * FROM `wy_jjr` WHERE ( `Token` = 'ynzfui1406882414' ) AND ( `Wecha_id` = '{wechat_id}' ) LIMIT 1   [ RunTime:0.000178s ]
NOTIC: [2] Cannot use a scalar value as an array D:\www\qmyx.wuyelaile.com\weiwincms\_Core\Lib\Core\View.class.php Á¨¨ 69 Ë°å.
INFO: [ view_template ] --START--
INFO: Run LocationTemplate Behavior [ RunTime:-0.056626s ]
INFO: [ view_template ] --END-- [ RunTime:0.002433s ]
INFO: [ view_parse ] --START--
INFO: Run ParseTemplate Behavior [ RunTime:-0.059132s ]
INFO: [ view_parse ] --END-- [ RunTime:0.013039s ]
INFO: [ view_filter ] --START--
INFO: Run ContentReplace Behavior [ RunTime:-0.072273s ]
INFO: Run TokenBuild Behavior [ RunTime:-0.074637s ]
INFO: Run WriteHtmlCache Behavior [ RunTime:-0.077082s ]
INFO: Run ShowRuntime Behavior [ RunTime:-0.079148s ]
INFO: [ view_filter ] --END-- [ RunTime:0.009057s ]
INFO: [ view_end ] --START--
INFO: Run ShowPageTrace Behavior [ RunTime:-0.081387s ]
INFO: [ view_end ] --END-- [ RunTime:0.002359s ]

[ 2018-09-18T10:05:04+08:00 ] 49.80.145.175 /index.php?g=Wap&m=Zhiye&a=index&token=ynzfui1406882414&wecha_id={wechat_id}
INFO: [ app_begin ] --START--
INFO: Run ReadHtmlCache Behavior [ RunTime:0.000558s ]
INFO: [ app_begin ] --END-- [ RunTime:0.000665s ]
SQL: SHOW COLUMNS FROM `wy_ac` [ RunTime:0.015156s ]
SQL: SELECT * FROM `wy_ac` WHERE ( `Token` = 'ynzfui1406882414' ) AND ( `Wecha_id` = '{wechat_id}' ) LIMIT 1   [ RunTime:0.000277s ]
SQL: SHOW COLUMNS FROM `wy_jjr` [ RunTime:0.017146s ]
SQL: SELECT * FROM `wy_jjr` WHERE ( `Token` = 'ynzfui1406882414' ) AND ( `Wecha_id` = '{wechat_id}' ) LIMIT 1   [ RunTime:0.000168s ]
NOTIC: [2] Cannot use a scalar value as an array D:\www\qmyx.wuyelaile.com\weiwincms\_Core\Lib\Core\View.class.php Á¨¨ 69 Ë°å.
INFO: [ view_template ] --START--
INFO: Run LocationTemplate Behavior [ RunTime:-0.051766s ]
INFO: [ view_template ] --END-- [ RunTime:0.001649s ]
INFO: [ view_parse ] --START--
INFO: Run ParseTemplate Behavior [ RunTime:-0.053482s ]
INFO: [ view_parse ] --END-- [ RunTime:0.011700s ]
INFO: [ view_filter ] --START--
INFO: Run ContentReplace Behavior [ RunTime:-0.065249s ]
INFO: Run TokenBuild Behavior [ RunTime:-0.067377s ]
INFO: Run WriteHtmlCache Behavior [ RunTime:-0.069440s ]
INFO: Run ShowRuntime Behavior [ RunTime:-0.071442s ]
INFO: [ view_filter ] --END-- [ RunTime:0.008328s ]
INFO: [ view_end ] --START--
INFO: Run ShowPageTrace Behavior [ RunTime:-0.073637s ]
INFO: [ view_end ] --END-- [ RunTime:0.002292s ]

[ 2018-09-18T11:03:04+08:00 ] 49.80.173.65 /index.php?&g=Wap&m=Zhiye&a=register&token=ynzfui1406882414&wecha_id=112
INFO: [ app_begin ] --START--
INFO: Run ReadHtmlCache Behavior [ RunTime:0.001424s ]
INFO: [ app_begin ] --END-- [ RunTime:0.001586s ]
SQL: SHOW COLUMNS FROM `wy_ac` [ RunTime:0.015287s ]
SQL: SELECT * FROM `wy_ac` WHERE ( `Token` = 'ynzfui1406882414' ) AND ( `Wecha_id` = '112' ) LIMIT 1   [ RunTime:0.000167s ]
SQL: SHOW COLUMNS FROM `wy_jjr` [ RunTime:0.017000s ]
SQL: SELECT * FROM `wy_jjr` WHERE ( `Token` = 'ynzfui1406882414' ) AND ( `Wecha_id` = '112' ) LIMIT 1   [ RunTime:0.000166s ]
SQL: SHOW COLUMNS FROM `wy_zy` [ RunTime:0.016604s ]
SQL: SELECT * FROM `wy_zy` WHERE Token='ynzfui1406882414' and Wecha_id='112' LIMIT 1   [ RunTime:0.000159s ]
SQL: SHOW COLUMNS FROM `wy_zc` [ RunTime:0.016187s ]
SQL: SELECT `TiaoKuan` FROM `wy_zc` WHERE ( `Token` = 'ynzfui1406882414' ) AND ( `cate` = 2 ) LIMIT 1   [ RunTime:0.000155s ]
SQL: SHOW COLUMNS FROM `wy_lpinfo` [ RunTime:0.016864s ]
SQL: SELECT * FROM `wy_lpinfo` WHERE token='ynzfui1406882414'  [ RunTime:0.000215s ]
NOTIC: [2] Cannot use a scalar value as an array D:\www\qmyx.wuyelaile.com\weiwincms\_Core\Lib\Core\View.class.php Á¨¨ 69 Ë°å.
INFO: [ view_template ] --START--
INFO: Run LocationTemplate Behavior [ RunTime:-0.115961s ]
INFO: [ view_template ] --END-- [ RunTime:0.002272s ]
INFO: [ view_parse ] --START--
INFO: Run ParseTemplate Behavior [ RunTime:-0.118357s ]
INFO: [ view_parse ] --END-- [ RunTime:0.065096s ]
INFO: [ view_filter ] --START--
INFO: Run ContentReplace Behavior [ RunTime:-0.183475s ]
INFO: Run TokenBuild Behavior [ RunTime:-0.184771s ]
INFO: Run WriteHtmlCache Behavior [ RunTime:-0.186095s ]
INFO: Run ShowRuntime Behavior [ RunTime:-0.187255s ]
INFO: [ view_filter ] --END-- [ RunTime:0.005089s ]
INFO: [ view_end ] --START--
INFO: Run ShowPageTrace Behavior [ RunTime:-0.188634s ]
INFO: [ view_end ] --END-- [ RunTime:0.001390s ]

[ 2018-09-18T11:03:04+08:00 ] 49.80.173.65 /index.php?&g=Wap&m=Zhiye&a=register&token=ynzfui1406882414&wecha_id=112
NOTIC: [32] PHP Startup: Unable to load dynamic library 'D:\WebServer\php-5.2.5 (x64)\ext\php_fileinfo.dll' - ’“≤ªµΩ÷∏∂®µƒƒ£øÈ°£
 Unknown Á¨¨ 0 Ë°å.

[ 2018-09-18T12:45:24+08:00 ] 49.80.173.65 /index.php?&g=Wap&m=Agent&a=ydl&token=ynzfui1406882414&wecha_id={wechat_id}
INFO: [ app_begin ] --START--
INFO: Run ReadHtmlCache Behavior [ RunTime:0.001276s ]
INFO: [ app_begin ] --END-- [ RunTime:0.001419s ]
SQL: SHOW COLUMNS FROM `wy_agent_rewardinfo` [ RunTime:0.007728s ]
SQL: SELECT SUM(rewardamount) AS tp_sum FROM `wy_agent_rewardinfo` WHERE wecha_id='{wechat_id}' and token='ynzfui1406882414' and rewardstatus =0 LIMIT 1   [ RunTime:0.000119s ]
SQL: SHOW COLUMNS FROM `wy_jjr` [ RunTime:0.015139s ]
SQL: SELECT * FROM `wy_jjr` WHERE ( `Wecha_id` = '{wechat_id}' ) AND ( `Token` = 'ynzfui1406882414' ) LIMIT 1   [ RunTime:0.000149s ]
SQL: SHOW COLUMNS FROM `wy_share_content` [ RunTime:0.011809s ]
SQL: SELECT * FROM `wy_share_content` WHERE token='ynzfui1406882414' LIMIT 1   [ RunTime:0.000157s ]
SQL: SHOW COLUMNS FROM `wy_kh` [ RunTime:0.018476s ]
SQL: SELECT COUNT(*) AS tp_count FROM `wy_kh` WHERE ( `Token` = 'ynzfui1406882414' ) AND ( `JJ_id` = 295 ) LIMIT 1   [ RunTime:0.000159s ]
SQL: SHOW COLUMNS FROM `wy_lpinfo` [ RunTime:0.016117s ]
SQL: SELECT * FROM `wy_lpinfo` WHERE ( `token` = 'ynzfui1406882414' ) ORDER BY houseSort desc,id desc LIMIT 0,20   [ RunTime:0.000230s ]
NOTIC: [2] Cannot use a scalar value as an array D:\www\qmyx.wuyelaile.com\weiwincms\_Core\Lib\Core\View.class.php Á¨¨ 69 Ë°å.
INFO: [ view_template ] --START--
INFO: Run LocationTemplate Behavior [ RunTime:-0.126785s ]
INFO: [ view_template ] --END-- [ RunTime:0.002773s ]
INFO: [ view_parse ] --START--
INFO: Run ParseTemplate Behavior [ RunTime:-0.129627s ]
INFO: [ view_parse ] --END-- [ RunTime:0.065061s ]
INFO: [ view_filter ] --START--
INFO: Run ContentReplace Behavior [ RunTime:-0.194742s ]
INFO: Run TokenBuild Behavior [ RunTime:-0.196042s ]
INFO: Run WriteHtmlCache Behavior [ RunTime:-0.197384s ]
INFO: Run ShowRuntime Behavior [ RunTime:-0.198484s ]
INFO: [ view_filter ] --END-- [ RunTime:0.005055s ]
INFO: [ view_end ] --START--
INFO: Run ShowPageTrace Behavior [ RunTime:-0.199889s ]
INFO: [ view_end ] --END-- [ RunTime:0.001368s ]

[ 2018-09-18T12:45:24+08:00 ] 49.80.173.65 /index.php?&g=Wap&m=Agent&a=ydl&token=ynzfui1406882414&wecha_id={wechat_id}
NOTIC: [32] PHP Startup: Unable to load dynamic library 'D:\WebServer\php-5.2.5 (x64)\ext\php_fileinfo.dll' - ’“≤ªµΩ÷∏∂®µƒƒ£øÈ°£
 Unknown Á¨¨ 0 Ë°å.

[ 2018-09-18T12:57:29+08:00 ] ERR: (ThinkException) Êó†Ê≥ïÂä†ËΩΩÊ®°Âùó:District
[ 2018-09-18T12:58:58+08:00 ] ERR: (ThinkException) Êó†Ê≥ïÂä†ËΩΩÊ®°Âùó:District
[ 2018-09-18T12:58:58+08:00 ] ERR: (ThinkException) Êó†Ê≥ïÂä†ËΩΩÊ®°Âùó:District
