[ 2018-08-03T13:30:50+08:00 ] 106.14.114.244 /
INFO: [ app_begin ] --START--
INFO: Run ReadHtmlCache Behavior [ RunTime:0.003583s ]
INFO: [ app_begin ] --END-- [ RunTime:0.003707s ]
SQL: SHOW COLUMNS FROM `wy_links` [ RunTime:0.078000s ]
SQL: SELECT * FROM `wy_links` WHERE ( `status` = 1 )  [ RunTime:0.000612s ]
NOTIC: [2] Cannot use a scalar value as an array D:\www\qmyx.wuyelaile.com\weiwincms\_Core\Lib\Core\View.class.php 第 69 行.
INFO: [ view_template ] --START--
INFO: Run LocationTemplate Behavior [ RunTime:-0.235997s ]
INFO: [ view_template ] --END-- [ RunTime:0.005392s ]
INFO: [ view_parse ] --START--
INFO: Run ParseTemplate Behavior [ RunTime:-0.241421s ]
INFO: [ view_parse ] --END-- [ RunTime:0.044105s ]
INFO: [ view_filter ] --START--
INFO: Run ContentReplace Behavior [ RunTime:-0.285593s ]
INFO: Run TokenBuild Behavior [ RunTime:-0.288313s ]
INFO: Run WriteHtmlCache Behavior [ RunTime:-0.291050s ]
INFO: Run ShowRuntime Behavior [ RunTime:-0.293574s ]
INFO: [ view_filter ] --END-- [ RunTime:0.010616s ]
INFO: [ view_end ] --START--
INFO: Run ShowPageTrace Behavior [ RunTime:-0.296282s ]
INFO: [ view_end ] --END-- [ RunTime:0.027175s ]

