[ 2018-09-12T09:03:12+08:00 ] 47.92.101.189 /
INFO: [ app_begin ] --START--
INFO: Run ReadHtmlCache Behavior [ RunTime:0.005481s ]
INFO: [ app_begin ] --END-- [ RunTime:0.005637s ]
SQL: SHOW COLUMNS FROM `wy_links` [ RunTime:0.064282s ]
SQL: SELECT * FROM `wy_links` WHERE ( `status` = 1 )  [ RunTime:0.000334s ]
NOTIC: [2] Cannot use a scalar value as an array D:\www\qmyx.wuyelaile.com\weiwincms\_Core\Lib\Core\View.class.php ç¬¬ 69 è¡Œ.
INFO: [ view_template ] --START--
INFO: Run LocationTemplate Behavior [ RunTime:-0.173456s ]
INFO: [ view_template ] --END-- [ RunTime:0.032165s ]
INFO: [ view_parse ] --START--
INFO: Run ParseTemplate Behavior [ RunTime:-0.205699s ]
INFO: [ view_parse ] --END-- [ RunTime:0.053740s ]
INFO: [ view_filter ] --START--
INFO: Run ContentReplace Behavior [ RunTime:-0.259566s ]
INFO: Run TokenBuild Behavior [ RunTime:-0.261642s ]
INFO: Run WriteHtmlCache Behavior [ RunTime:-0.263809s ]
INFO: Run ShowRuntime Behavior [ RunTime:-0.265841s ]
INFO: [ view_filter ] --END-- [ RunTime:0.008337s ]
INFO: [ view_end ] --START--
INFO: Run ShowPageTrace Behavior [ RunTime:-0.267963s ]
INFO: [ view_end ] --END-- [ RunTime:0.002197s ]

[ 2018-09-12T09:03:12+08:00 ] 47.92.101.189 /
NOTIC: [32] PHP Startup: Unable to load dynamic library 'D:\WebServer\php-5.2.5 (x64)\ext\php_fileinfo.dll' - ÕÒ²»µ½Ö¸¶¨µÄÄ£¿é¡£
 Unknown ç¬¬ 0 è¡Œ.

[ 2018-09-12T18:46:47+08:00 ] 106.14.189.11 /
INFO: [ app_begin ] --START--
INFO: Run ReadHtmlCache Behavior [ RunTime:0.003549s ]
INFO: [ app_begin ] --END-- [ RunTime:0.003698s ]
SQL: SHOW COLUMNS FROM `wy_links` [ RunTime:0.116551s ]
SQL: SELECT * FROM `wy_links` WHERE ( `status` = 1 )  [ RunTime:0.000134s ]
NOTIC: [2] Cannot use a scalar value as an array D:\www\qmyx.wuyelaile.com\weiwincms\_Core\Lib\Core\View.class.php ç¬¬ 69 è¡Œ.
INFO: [ view_template ] --START--
INFO: Run LocationTemplate Behavior [ RunTime:-0.188029s ]
INFO: [ view_template ] --END-- [ RunTime:0.086187s ]
INFO: [ view_parse ] --START--
INFO: Run ParseTemplate Behavior [ RunTime:-0.274379s ]
INFO: [ view_parse ] --END-- [ RunTime:0.052785s ]
INFO: [ view_filter ] --START--
INFO: Run ContentReplace Behavior [ RunTime:-0.327176s ]
INFO: Run TokenBuild Behavior [ RunTime:-0.338444s ]
INFO: Run WriteHtmlCache Behavior [ RunTime:-0.340967s ]
INFO: Run ShowRuntime Behavior [ RunTime:-0.342939s ]
INFO: [ view_filter ] --END-- [ RunTime:0.018190s ]
INFO: [ view_end ] --START--
INFO: Run ShowPageTrace Behavior [ RunTime:-0.345451s ]
INFO: [ view_end ] --END-- [ RunTime:0.002681s ]

[ 2018-09-12T18:46:47+08:00 ] 106.14.189.11 /
NOTIC: [32] PHP Startup: Unable to load dynamic library 'D:\WebServer\php-5.2.5 (x64)\ext\php_fileinfo.dll' - ÕÒ²»µ½Ö¸¶¨µÄÄ£¿é¡£
 Unknown ç¬¬ 0 è¡Œ.

[ 2018-09-12T18:51:28+08:00 ] 106.15.229.102 /
INFO: [ app_begin ] --START--
INFO: Run ReadHtmlCache Behavior [ RunTime:0.001364s ]
INFO: [ app_begin ] --END-- [ RunTime:0.001483s ]
SQL: SHOW COLUMNS FROM `wy_links` [ RunTime:0.003248s ]
SQL: SELECT * FROM `wy_links` WHERE ( `status` = 1 )  [ RunTime:0.000185s ]
NOTIC: [2] Cannot use a scalar value as an array D:\www\qmyx.wuyelaile.com\weiwincms\_Core\Lib\Core\View.class.php ç¬¬ 69 è¡Œ.
INFO: [ view_template ] --START--
INFO: Run LocationTemplate Behavior [ RunTime:-0.022945s ]
INFO: [ view_template ] --END-- [ RunTime:0.002297s ]
INFO: [ view_parse ] --START--
INFO: Run ParseTemplate Behavior [ RunTime:-0.025355s ]
INFO: [ view_parse ] --END-- [ RunTime:0.012307s ]
INFO: [ view_filter ] --START--
INFO: Run ContentReplace Behavior [ RunTime:-0.037726s ]
INFO: Run TokenBuild Behavior [ RunTime:-0.039298s ]
INFO: Run WriteHtmlCache Behavior [ RunTime:-0.040728s ]
INFO: Run ShowRuntime Behavior [ RunTime:-0.042042s ]
INFO: [ view_filter ] --END-- [ RunTime:0.005737s ]
INFO: [ view_end ] --START--
INFO: Run ShowPageTrace Behavior [ RunTime:-0.043529s ]
INFO: [ view_end ] --END-- [ RunTime:0.001673s ]

