[ 2018-10-03T09:49:04+08:00 ] 159.203.164.31 /index.php?g=Duoduo&m=Admin&a=index
INFO: [ app_begin ] --START--
INFO: Run ReadHtmlCache Behavior [ RunTime:0.015775s ]
INFO: [ app_begin ] --END-- [ RunTime:0.015923s ]
NOTIC: [2] Cannot use a scalar value as an array D:\www\js-jifang.com\weiwincms\_Core\Lib\Core\View.class.php 第 69 行.
INFO: [ view_template ] --START--
INFO: Run LocationTemplate Behavior [ RunTime:-0.048234s ]
INFO: [ view_template ] --END-- [ RunTime:0.006022s ]
INFO: [ view_parse ] --START--
INFO: Run ParseTemplate Behavior [ RunTime:-0.054401s ]
INFO: [ view_parse ] --END-- [ RunTime:0.091535s ]
INFO: [ view_filter ] --START--
INFO: Run ContentReplace Behavior [ RunTime:-0.145986s ]
INFO: Run TokenBuild Behavior [ RunTime:-0.148657s ]
INFO: Run WriteHtmlCache Behavior [ RunTime:-0.157597s ]
INFO: Run ShowRuntime Behavior [ RunTime:-0.159665s ]
INFO: [ view_filter ] --END-- [ RunTime:0.016076s ]
INFO: [ view_end ] --START--
INFO: Run ShowPageTrace Behavior [ RunTime:-0.162180s ]
INFO: [ view_end ] --END-- [ RunTime:0.002310s ]

[ 2018-10-03T14:33:52+08:00 ] 158.69.32.224 /index.php?g=Duoduo&m=Admin&a=index
INFO: [ app_begin ] --START--
INFO: Run ReadHtmlCache Behavior [ RunTime:0.013595s ]
INFO: [ app_begin ] --END-- [ RunTime:0.013784s ]
NOTIC: [2] Cannot use a scalar value as an array D:\www\js-jifang.com\weiwincms\_Core\Lib\Core\View.class.php 第 69 行.
INFO: [ view_template ] --START--
INFO: Run LocationTemplate Behavior [ RunTime:-0.039039s ]
INFO: [ view_template ] --END-- [ RunTime:0.011394s ]
INFO: [ view_parse ] --START--
INFO: Run ParseTemplate Behavior [ RunTime:-0.050586s ]
INFO: [ view_parse ] --END-- [ RunTime:0.110909s ]
INFO: [ view_filter ] --START--
INFO: Run ContentReplace Behavior [ RunTime:-0.161545s ]
INFO: Run TokenBuild Behavior [ RunTime:-0.165474s ]
INFO: Run WriteHtmlCache Behavior [ RunTime:-0.168218s ]
INFO: Run ShowRuntime Behavior [ RunTime:-0.171027s ]
INFO: [ view_filter ] --END-- [ RunTime:0.012473s ]
INFO: [ view_end ] --START--
INFO: Run ShowPageTrace Behavior [ RunTime:-0.174107s ]
INFO: [ view_end ] --END-- [ RunTime:0.002400s ]

