[ 2018-10-08T00:46:40+08:00 ] 157.55.39.205 /index.php?g=Duoduo&m=Admin&a=index
INFO: [ app_begin ] --START--
INFO: Run ReadHtmlCache Behavior [ RunTime:0.001767s ]
INFO: [ app_begin ] --END-- [ RunTime:0.001910s ]
NOTIC: [2] Cannot use a scalar value as an array D:\www\js-jifang.com\weiwincms\_Core\Lib\Core\View.class.php 第 69 行.
INFO: [ view_template ] --START--
INFO: Run LocationTemplate Behavior [ RunTime:-0.006483s ]
INFO: [ view_template ] --END-- [ RunTime:0.002914s ]
INFO: [ view_parse ] --START--
INFO: Run ParseTemplate Behavior [ RunTime:-0.009494s ]
INFO: [ view_parse ] --END-- [ RunTime:0.042349s ]
INFO: [ view_filter ] --START--
INFO: Run ContentReplace Behavior [ RunTime:-0.051903s ]
INFO: Run TokenBuild Behavior [ RunTime:-0.054022s ]
INFO: Run WriteHtmlCache Behavior [ RunTime:-0.056103s ]
INFO: Run ShowRuntime Behavior [ RunTime:-0.057783s ]
INFO: [ view_filter ] --END-- [ RunTime:0.007758s ]
INFO: [ view_end ] --START--
INFO: Run ShowPageTrace Behavior [ RunTime:-0.059768s ]
INFO: [ view_end ] --END-- [ RunTime:0.001957s ]

[ 2018-10-08T19:28:32+08:00 ] 101.132.188.111 /index.php?g=Duoduo&m=Admin&a=index
INFO: [ app_begin ] --START--
INFO: Run ReadHtmlCache Behavior [ RunTime:0.002333s ]
INFO: [ app_begin ] --END-- [ RunTime:0.002485s ]
NOTIC: [2] Cannot use a scalar value as an array D:\www\js-jifang.com\weiwincms\_Core\Lib\Core\View.class.php 第 69 行.
INFO: [ view_template ] --START--
INFO: Run LocationTemplate Behavior [ RunTime:-0.008151s ]
INFO: [ view_template ] --END-- [ RunTime:0.003225s ]
INFO: [ view_parse ] --START--
INFO: Run ParseTemplate Behavior [ RunTime:-0.011442s ]
INFO: [ view_parse ] --END-- [ RunTime:0.093710s ]
INFO: [ view_filter ] --START--
INFO: Run ContentReplace Behavior [ RunTime:-0.105230s ]
INFO: Run TokenBuild Behavior [ RunTime:-0.107554s ]
INFO: Run WriteHtmlCache Behavior [ RunTime:-0.109744s ]
INFO: Run ShowRuntime Behavior [ RunTime:-0.111466s ]
INFO: [ view_filter ] --END-- [ RunTime:0.008343s ]
INFO: [ view_end ] --START--
INFO: Run ShowPageTrace Behavior [ RunTime:-0.113661s ]
INFO: [ view_end ] --END-- [ RunTime:0.001908s ]

[ 2018-10-08T19:29:10+08:00 ] 47.92.71.118 /index.php?g=Duoduo&m=Admin&a=index
INFO: [ app_begin ] --START--
INFO: Run ReadHtmlCache Behavior [ RunTime:0.000599s ]
INFO: [ app_begin ] --END-- [ RunTime:0.000698s ]
NOTIC: [2] Cannot use a scalar value as an array D:\www\js-jifang.com\weiwincms\_Core\Lib\Core\View.class.php 第 69 行.
INFO: [ view_template ] --START--
INFO: Run LocationTemplate Behavior [ RunTime:-0.003803s ]
INFO: [ view_template ] --END-- [ RunTime:0.000460s ]
INFO: [ view_parse ] --START--
INFO: Run ParseTemplate Behavior [ RunTime:-0.004322s ]
INFO: [ view_parse ] --END-- [ RunTime:0.032367s ]
INFO: [ view_filter ] --START--
INFO: Run ContentReplace Behavior [ RunTime:-0.036765s ]
INFO: Run TokenBuild Behavior [ RunTime:-0.037528s ]
INFO: Run WriteHtmlCache Behavior [ RunTime:-0.038167s ]
INFO: Run ShowRuntime Behavior [ RunTime:-0.038531s ]
INFO: [ view_filter ] --END-- [ RunTime:0.002285s ]
INFO: [ view_end ] --START--
INFO: Run ShowPageTrace Behavior [ RunTime:-0.039129s ]
INFO: [ view_end ] --END-- [ RunTime:0.000565s ]

[ 2018-10-08T21:34:04+08:00 ] 202.108.211.56 /index.php?g=Duoduo&m=Admin&a=index
INFO: [ app_begin ] --START--
INFO: Run ReadHtmlCache Behavior [ RunTime:0.001527s ]
INFO: [ app_begin ] --END-- [ RunTime:0.001666s ]
NOTIC: [2] Cannot use a scalar value as an array D:\www\js-jifang.com\weiwincms\_Core\Lib\Core\View.class.php 第 69 行.
INFO: [ view_template ] --START--
INFO: Run LocationTemplate Behavior [ RunTime:-0.006568s ]
INFO: [ view_template ] --END-- [ RunTime:0.002538s ]
INFO: [ view_parse ] --START--
INFO: Run ParseTemplate Behavior [ RunTime:-0.009170s ]
INFO: [ view_parse ] --END-- [ RunTime:0.042370s ]
INFO: [ view_filter ] --START--
INFO: Run ContentReplace Behavior [ RunTime:-0.051596s ]
INFO: Run TokenBuild Behavior [ RunTime:-0.053413s ]
INFO: Run WriteHtmlCache Behavior [ RunTime:-0.055185s ]
INFO: Run ShowRuntime Behavior [ RunTime:-0.056550s ]
INFO: [ view_filter ] --END-- [ RunTime:0.006509s ]
INFO: [ view_end ] --START--
INFO: Run ShowPageTrace Behavior [ RunTime:-0.058193s ]
INFO: [ view_end ] --END-- [ RunTime:0.001616s ]

