[ 2018-10-05T14:14:06+08:00 ] 47.100.100.21 /index.php?g=Duoduo&m=Admin&a=index
INFO: [ app_begin ] --START--
INFO: Run ReadHtmlCache Behavior [ RunTime:0.055898s ]
INFO: [ app_begin ] --END-- [ RunTime:0.056109s ]
NOTIC: [2] Cannot use a scalar value as an array D:\www\js-jifang.com\weiwincms\_Core\Lib\Core\View.class.php 第 69 行.
INFO: [ view_template ] --START--
INFO: Run LocationTemplate Behavior [ RunTime:-0.066914s ]
INFO: [ view_template ] --END-- [ RunTime:0.048891s ]
INFO: [ view_parse ] --START--
INFO: Run ParseTemplate Behavior [ RunTime:-0.115903s ]
INFO: [ view_parse ] --END-- [ RunTime:0.117188s ]
INFO: [ view_filter ] --START--
INFO: Run ContentReplace Behavior [ RunTime:-0.233140s ]
INFO: Run TokenBuild Behavior [ RunTime:-0.247233s ]
INFO: Run WriteHtmlCache Behavior [ RunTime:-0.250132s ]
INFO: Run ShowRuntime Behavior [ RunTime:-0.253410s ]
INFO: [ view_filter ] --END-- [ RunTime:0.022851s ]
INFO: [ view_end ] --START--
INFO: Run ShowPageTrace Behavior [ RunTime:-0.256082s ]
INFO: [ view_end ] --END-- [ RunTime:0.002438s ]

