[ 2018-10-28T00:59:17+08:00 ] 65.154.226.109 /index.php?g=Duoduo&m=Admin&a=index
INFO: [ app_begin ] --START--
INFO: Run ReadHtmlCache Behavior [ RunTime:0.001814s ]
INFO: [ app_begin ] --END-- [ RunTime:0.001963s ]
NOTIC: [2] Cannot use a scalar value as an array D:\www\js-jifang.com\weiwincms\_Core\Lib\Core\View.class.php Á¨¨ 69 Ë°å.
INFO: [ view_template ] --START--
INFO: Run LocationTemplate Behavior [ RunTime:-0.006931s ]
INFO: [ view_template ] --END-- [ RunTime:0.002946s ]
INFO: [ view_parse ] --START--
INFO: Run ParseTemplate Behavior [ RunTime:-0.009958s ]
INFO: [ view_parse ] --END-- [ RunTime:0.040578s ]
INFO: [ view_filter ] --START--
INFO: Run ContentReplace Behavior [ RunTime:-0.050600s ]
INFO: Run TokenBuild Behavior [ RunTime:-0.052771s ]
INFO: Run WriteHtmlCache Behavior [ RunTime:-0.054874s ]
INFO: Run ShowRuntime Behavior [ RunTime:-0.056886s ]
INFO: [ view_filter ] --END-- [ RunTime:0.008482s ]
INFO: [ view_end ] --START--
INFO: Run ShowPageTrace Behavior [ RunTime:-0.059188s ]
INFO: [ view_end ] --END-- [ RunTime:0.001818s ]

[ 2018-10-28T07:38:10+08:00 ] 120.25.208.128 /index.php?g=Duoduo&m=Admin&a=index
INFO: [ app_begin ] --START--
INFO: Run ReadHtmlCache Behavior [ RunTime:0.001904s ]
INFO: [ app_begin ] --END-- [ RunTime:0.002058s ]
NOTIC: [2] Cannot use a scalar value as an array D:\www\js-jifang.com\weiwincms\_Core\Lib\Core\View.class.php Á¨¨ 69 Ë°å.
INFO: [ view_template ] --START--
INFO: Run LocationTemplate Behavior [ RunTime:-0.005501s ]
INFO: [ view_template ] --END-- [ RunTime:0.002398s ]
INFO: [ view_parse ] --START--
INFO: Run ParseTemplate Behavior [ RunTime:-0.007966s ]
INFO: [ view_parse ] --END-- [ RunTime:0.042123s ]
INFO: [ view_filter ] --START--
INFO: Run ContentReplace Behavior [ RunTime:-0.050152s ]
INFO: Run TokenBuild Behavior [ RunTime:-0.052037s ]
INFO: Run WriteHtmlCache Behavior [ RunTime:-0.053834s ]
INFO: Run ShowRuntime Behavior [ RunTime:-0.055321s ]
INFO: [ view_filter ] --END-- [ RunTime:0.006726s ]
INFO: [ view_end ] --START--
INFO: Run ShowPageTrace Behavior [ RunTime:-0.056971s ]
INFO: [ view_end ] --END-- [ RunTime:0.001629s ]

[ 2018-10-28T07:38:11+08:00 ] ERR: (ThinkException) ÈùûÊ≥ïÊìç‰Ωú:index./tpl/Duoduo/default/common/js/require-7b4e2e068f01683c90e7f693c02c3a38_1.js
[ 2018-10-28T07:38:11+08:00 ] 120.25.208.128 /index.php?g=Duoduo&m=Admin&a=index./tpl/Duoduo/default/common/js/require-7b4e2e068f01683c90e7f693c02c3a38_1.js
INFO: [ app_begin ] --START--
INFO: Run ReadHtmlCache Behavior [ RunTime:0.000595s ]
INFO: [ app_begin ] --END-- [ RunTime:0.000705s ]
NOTIC: [8] Undefined index:  class D:\www\js-jifang.com\weiwincms\_Core\Lib\Core\ThinkException.class.php Á¨¨ 63 Ë°å.
NOTIC: [8] Undefined index:  type D:\www\js-jifang.com\weiwincms\_Core\Lib\Core\ThinkException.class.php Á¨¨ 63 Ë°å.
NOTIC: [8] Undefined index:  file D:\www\js-jifang.com\weiwincms\_Core\Lib\Core\ThinkException.class.php Á¨¨ 62 Ë°å.
NOTIC: [8] Undefined index:  line D:\www\js-jifang.com\weiwincms\_Core\Lib\Core\ThinkException.class.php Á¨¨ 62 Ë°å.
NOTIC: [4096] Object of class AdminAction could not be converted to string D:\www\js-jifang.com\weiwincms\_Core\Lib\Core\ThinkException.class.php Á¨¨ 64 Ë°å.
NOTIC: [8] Array to string conversion D:\www\js-jifang.com\weiwincms\_Core\Lib\Core\ThinkException.class.php Á¨¨ 64 Ë°å.
NOTIC: [8] Undefined index:  class D:\www\js-jifang.com\weiwincms\_Core\Lib\Core\ThinkException.class.php Á¨¨ 63 Ë°å.
NOTIC: [8] Undefined index:  type D:\www\js-jifang.com\weiwincms\_Core\Lib\Core\ThinkException.class.php Á¨¨ 63 Ë°å.
NOTIC: [8] Undefined index:  class D:\www\js-jifang.com\weiwincms\_Core\Lib\Core\ThinkException.class.php Á¨¨ 63 Ë°å.
NOTIC: [8] Undefined index:  type D:\www\js-jifang.com\weiwincms\_Core\Lib\Core\ThinkException.class.php Á¨¨ 63 Ë°å.

[ 2018-10-28T07:38:13+08:00 ] ERR: (ThinkException) ÈùûÊ≥ïÊìç‰Ωú:index./tpl/Duoduo/default/common/js/header-e64c209e6f1638b259c9_1.js
[ 2018-10-28T07:38:13+08:00 ] 120.76.41.9 /index.php?g=Duoduo&m=Admin&a=index./tpl/Duoduo/default/common/js/header-e64c209e6f1638b259c9_1.js
INFO: [ app_begin ] --START--
INFO: Run ReadHtmlCache Behavior [ RunTime:0.000541s ]
INFO: [ app_begin ] --END-- [ RunTime:0.000647s ]
NOTIC: [8] Undefined index:  class D:\www\js-jifang.com\weiwincms\_Core\Lib\Core\ThinkException.class.php Á¨¨ 63 Ë°å.
NOTIC: [8] Undefined index:  type D:\www\js-jifang.com\weiwincms\_Core\Lib\Core\ThinkException.class.php Á¨¨ 63 Ë°å.
NOTIC: [8] Undefined index:  file D:\www\js-jifang.com\weiwincms\_Core\Lib\Core\ThinkException.class.php Á¨¨ 62 Ë°å.
NOTIC: [8] Undefined index:  line D:\www\js-jifang.com\weiwincms\_Core\Lib\Core\ThinkException.class.php Á¨¨ 62 Ë°å.
NOTIC: [4096] Object of class AdminAction could not be converted to string D:\www\js-jifang.com\weiwincms\_Core\Lib\Core\ThinkException.class.php Á¨¨ 64 Ë°å.
NOTIC: [8] Array to string conversion D:\www\js-jifang.com\weiwincms\_Core\Lib\Core\ThinkException.class.php Á¨¨ 64 Ë°å.
NOTIC: [8] Undefined index:  class D:\www\js-jifang.com\weiwincms\_Core\Lib\Core\ThinkException.class.php Á¨¨ 63 Ë°å.
NOTIC: [8] Undefined index:  type D:\www\js-jifang.com\weiwincms\_Core\Lib\Core\ThinkException.class.php Á¨¨ 63 Ë°å.
NOTIC: [8] Undefined index:  class D:\www\js-jifang.com\weiwincms\_Core\Lib\Core\ThinkException.class.php Á¨¨ 63 Ë°å.
NOTIC: [8] Undefined index:  type D:\www\js-jifang.com\weiwincms\_Core\Lib\Core\ThinkException.class.php Á¨¨ 63 Ë°å.

[ 2018-10-28T07:38:14+08:00 ] ERR: (ThinkException) ÈùûÊ≥ïÊìç‰Ωú:index./tpl/Duoduo/default/common/js/footer~header-e64c209e6f1638b259c9_1.js
[ 2018-10-28T07:38:14+08:00 ] 120.76.41.9 /index.php?g=Duoduo&m=Admin&a=index./tpl/Duoduo/default/common/js/footer~header-e64c209e6f1638b259c9_1.js
INFO: [ app_begin ] --START--
INFO: Run ReadHtmlCache Behavior [ RunTime:0.000521s ]
INFO: [ app_begin ] --END-- [ RunTime:0.000632s ]
NOTIC: [8] Undefined index:  class D:\www\js-jifang.com\weiwincms\_Core\Lib\Core\ThinkException.class.php Á¨¨ 63 Ë°å.
NOTIC: [8] Undefined index:  type D:\www\js-jifang.com\weiwincms\_Core\Lib\Core\ThinkException.class.php Á¨¨ 63 Ë°å.
NOTIC: [8] Undefined index:  file D:\www\js-jifang.com\weiwincms\_Core\Lib\Core\ThinkException.class.php Á¨¨ 62 Ë°å.
NOTIC: [8] Undefined index:  line D:\www\js-jifang.com\weiwincms\_Core\Lib\Core\ThinkException.class.php Á¨¨ 62 Ë°å.
NOTIC: [4096] Object of class AdminAction could not be converted to string D:\www\js-jifang.com\weiwincms\_Core\Lib\Core\ThinkException.class.php Á¨¨ 64 Ë°å.
NOTIC: [8] Array to string conversion D:\www\js-jifang.com\weiwincms\_Core\Lib\Core\ThinkException.class.php Á¨¨ 64 Ë°å.
NOTIC: [8] Undefined index:  class D:\www\js-jifang.com\weiwincms\_Core\Lib\Core\ThinkException.class.php Á¨¨ 63 Ë°å.
NOTIC: [8] Undefined index:  type D:\www\js-jifang.com\weiwincms\_Core\Lib\Core\ThinkException.class.php Á¨¨ 63 Ë°å.
NOTIC: [8] Undefined index:  class D:\www\js-jifang.com\weiwincms\_Core\Lib\Core\ThinkException.class.php Á¨¨ 63 Ë°å.
NOTIC: [8] Undefined index:  type D:\www\js-jifang.com\weiwincms\_Core\Lib\Core\ThinkException.class.php Á¨¨ 63 Ë°å.

[ 2018-10-28T07:38:16+08:00 ] ERR: (ThinkException) ÈùûÊ≥ïÊìç‰Ωú:index./tpl/Duoduo/default/common/js/vendors~footer~header-e64c209e6f1638b259c9_1.js
[ 2018-10-28T07:38:16+08:00 ] 120.76.41.9 /index.php?g=Duoduo&m=Admin&a=index./tpl/Duoduo/default/common/js/vendors~footer~header-e64c209e6f1638b259c9_1.js
INFO: [ app_begin ] --START--
INFO: Run ReadHtmlCache Behavior [ RunTime:0.000508s ]
INFO: [ app_begin ] --END-- [ RunTime:0.000631s ]
NOTIC: [8] Undefined index:  class D:\www\js-jifang.com\weiwincms\_Core\Lib\Core\ThinkException.class.php Á¨¨ 63 Ë°å.
NOTIC: [8] Undefined index:  type D:\www\js-jifang.com\weiwincms\_Core\Lib\Core\ThinkException.class.php Á¨¨ 63 Ë°å.
NOTIC: [8] Undefined index:  file D:\www\js-jifang.com\weiwincms\_Core\Lib\Core\ThinkException.class.php Á¨¨ 62 Ë°å.
NOTIC: [8] Undefined index:  line D:\www\js-jifang.com\weiwincms\_Core\Lib\Core\ThinkException.class.php Á¨¨ 62 Ë°å.
NOTIC: [4096] Object of class AdminAction could not be converted to string D:\www\js-jifang.com\weiwincms\_Core\Lib\Core\ThinkException.class.php Á¨¨ 64 Ë°å.
NOTIC: [8] Array to string conversion D:\www\js-jifang.com\weiwincms\_Core\Lib\Core\ThinkException.class.php Á¨¨ 64 Ë°å.
NOTIC: [8] Undefined index:  class D:\www\js-jifang.com\weiwincms\_Core\Lib\Core\ThinkException.class.php Á¨¨ 63 Ë°å.
NOTIC: [8] Undefined index:  type D:\www\js-jifang.com\weiwincms\_Core\Lib\Core\ThinkException.class.php Á¨¨ 63 Ë°å.
NOTIC: [8] Undefined index:  class D:\www\js-jifang.com\weiwincms\_Core\Lib\Core\ThinkException.class.php Á¨¨ 63 Ë°å.
NOTIC: [8] Undefined index:  type D:\www\js-jifang.com\weiwincms\_Core\Lib\Core\ThinkException.class.php Á¨¨ 63 Ë°å.

[ 2018-10-28T07:38:17+08:00 ] ERR: (ThinkException) ÈùûÊ≥ïÊìç‰Ωú:index./tpl/Duoduo/default/common/js/styles-e64c209e6f1638b259c9_1.js
[ 2018-10-28T07:38:17+08:00 ] 120.25.208.128 /index.php?g=Duoduo&m=Admin&a=index./tpl/Duoduo/default/common/js/styles-e64c209e6f1638b259c9_1.js
INFO: [ app_begin ] --START--
INFO: Run ReadHtmlCache Behavior [ RunTime:0.000569s ]
INFO: [ app_begin ] --END-- [ RunTime:0.000685s ]
NOTIC: [8] Undefined index:  class D:\www\js-jifang.com\weiwincms\_Core\Lib\Core\ThinkException.class.php Á¨¨ 63 Ë°å.
NOTIC: [8] Undefined index:  type D:\www\js-jifang.com\weiwincms\_Core\Lib\Core\ThinkException.class.php Á¨¨ 63 Ë°å.
NOTIC: [8] Undefined index:  file D:\www\js-jifang.com\weiwincms\_Core\Lib\Core\ThinkException.class.php Á¨¨ 62 Ë°å.
NOTIC: [8] Undefined index:  line D:\www\js-jifang.com\weiwincms\_Core\Lib\Core\ThinkException.class.php Á¨¨ 62 Ë°å.
NOTIC: [4096] Object of class AdminAction could not be converted to string D:\www\js-jifang.com\weiwincms\_Core\Lib\Core\ThinkException.class.php Á¨¨ 64 Ë°å.
NOTIC: [8] Array to string conversion D:\www\js-jifang.com\weiwincms\_Core\Lib\Core\ThinkException.class.php Á¨¨ 64 Ë°å.
NOTIC: [8] Undefined index:  class D:\www\js-jifang.com\weiwincms\_Core\Lib\Core\ThinkException.class.php Á¨¨ 63 Ë°å.
NOTIC: [8] Undefined index:  type D:\www\js-jifang.com\weiwincms\_Core\Lib\Core\ThinkException.class.php Á¨¨ 63 Ë°å.
NOTIC: [8] Undefined index:  class D:\www\js-jifang.com\weiwincms\_Core\Lib\Core\ThinkException.class.php Á¨¨ 63 Ë°å.
NOTIC: [8] Undefined index:  type D:\www\js-jifang.com\weiwincms\_Core\Lib\Core\ThinkException.class.php Á¨¨ 63 Ë°å.

[ 2018-10-28T13:47:56+08:00 ] 157.55.39.140 /index.php?g=Duoduo&m=Admin&a=index
INFO: [ app_begin ] --START--
INFO: Run ReadHtmlCache Behavior [ RunTime:0.001877s ]
INFO: [ app_begin ] --END-- [ RunTime:0.002032s ]
NOTIC: [2] Cannot use a scalar value as an array D:\www\js-jifang.com\weiwincms\_Core\Lib\Core\View.class.php Á¨¨ 69 Ë°å.
INFO: [ view_template ] --START--
INFO: Run LocationTemplate Behavior [ RunTime:-0.008829s ]
INFO: [ view_template ] --END-- [ RunTime:0.004558s ]
INFO: [ view_parse ] --START--
INFO: Run ParseTemplate Behavior [ RunTime:-0.013505s ]
INFO: [ view_parse ] --END-- [ RunTime:0.056960s ]
INFO: [ view_filter ] --START--
INFO: Run ContentReplace Behavior [ RunTime:-0.070531s ]
INFO: Run TokenBuild Behavior [ RunTime:-0.072801s ]
INFO: Run WriteHtmlCache Behavior [ RunTime:-0.074735s ]
INFO: Run ShowRuntime Behavior [ RunTime:-0.076209s ]
INFO: [ view_filter ] --END-- [ RunTime:0.007298s ]
INFO: [ view_end ] --START--
INFO: Run ShowPageTrace Behavior [ RunTime:-0.077914s ]
INFO: [ view_end ] --END-- [ RunTime:0.001717s ]

[ 2018-10-28T13:47:56+08:00 ] 157.55.39.140 /index.php?g=Duoduo&m=Admin&a=index
NOTIC: [32] PHP Startup: Unable to load dynamic library 'D:\WebServer\php-5.2.5 (x64)\ext\php_fileinfo.dll' - ’“≤ªµΩ÷∏∂®µƒƒ£øÈ°£
 Unknown Á¨¨ 0 Ë°å.

[ 2018-10-28T23:27:19+08:00 ] 65.154.226.109 /index.php?g=Duoduo&m=Admin&a=index
INFO: [ app_begin ] --START--
INFO: Run ReadHtmlCache Behavior [ RunTime:0.002174s ]
INFO: [ app_begin ] --END-- [ RunTime:0.002365s ]
NOTIC: [2] Cannot use a scalar value as an array D:\www\js-jifang.com\weiwincms\_Core\Lib\Core\View.class.php Á¨¨ 69 Ë°å.
INFO: [ view_template ] --START--
INFO: Run LocationTemplate Behavior [ RunTime:-0.007092s ]
INFO: [ view_template ] --END-- [ RunTime:0.003308s ]
INFO: [ view_parse ] --START--
INFO: Run ParseTemplate Behavior [ RunTime:-0.010493s ]
INFO: [ view_parse ] --END-- [ RunTime:0.048988s ]
INFO: [ view_filter ] --START--
INFO: Run ContentReplace Behavior [ RunTime:-0.059562s ]
INFO: Run TokenBuild Behavior [ RunTime:-0.062181s ]
INFO: Run WriteHtmlCache Behavior [ RunTime:-0.064885s ]
INFO: Run ShowRuntime Behavior [ RunTime:-0.066782s ]
INFO: [ view_filter ] --END-- [ RunTime:0.009421s ]
INFO: [ view_end ] --START--
INFO: Run ShowPageTrace Behavior [ RunTime:-0.069105s ]
INFO: [ view_end ] --END-- [ RunTime:0.002237s ]

