[ 2018-10-06T13:51:13+08:00 ] 223.104.145.188 /index.php?g=Wap&m=Zhiye&a=index&wecha_id=112&token=ynzfui1406882414
INFO: [ app_begin ] --START--
INFO: Run ReadHtmlCache Behavior [ RunTime:0.001646s ]
INFO: [ app_begin ] --END-- [ RunTime:0.001805s ]
SQL: SHOW COLUMNS FROM `wy_userinfo` [ RunTime:0.049990s ]
SQL: SELECT * FROM `wy_userinfo` WHERE ( `token` = 'ynzfui1406882414' ) AND ( `wecha_id` = '112' ) LIMIT 1   [ RunTime:0.005516s ]
SQL: SHOW COLUMNS FROM `wy_wechat_group_list` [ RunTime:0.079610s ]
SQL: SELECT * FROM `wy_wechat_group_list` WHERE ( `token` = 'ynzfui1406882414' ) AND ( `openid` = '112' ) LIMIT 1   [ RunTime:0.033132s ]
NOTIC: [2] unlink(./weiwindata/logs/Temp/2/d/2d2e6c0d8cf84f24c87dafa524981c9e.php) [<a href='function.unlink'>function.unlink</a>]: No such file or directory D:\www\js-jifang.com\weiwincms\_Core\Lib\Driver\Cache\CacheFile.class.php ç¬¬ 176 è¡Œ.
SQL: SHOW COLUMNS FROM `wy_home` [ RunTime:0.095950s ]
SQL: SELECT * FROM `wy_home` WHERE ( `token` = 'ynzfui1406882414' ) LIMIT 1   [ RunTime:0.011149s ]
NOTIC: [2] unlink(./weiwindata/logs/Temp/4/7/4727c3258ec350fbe55a200823142d0c.php) [<a href='function.unlink'>function.unlink</a>]: No such file or directory D:\www\js-jifang.com\weiwincms\_Core\Lib\Driver\Cache\CacheFile.class.php ç¬¬ 176 è¡Œ.
SQL: SHOW COLUMNS FROM `wy_catemenu` [ RunTime:0.084470s ]
SQL: SELECT * FROM `wy_catemenu` WHERE ( `token` = 'ynzfui1406882414' ) AND ( `status` = 1 ) ORDER BY orderss desc  [ RunTime:0.029139s ]
NOTIC: [2] unlink(./weiwindata/logs/Temp/5/c/5c688eb97172111e3217d6600960e392.php) [<a href='function.unlink'>function.unlink</a>]: No such file or directory D:\www\js-jifang.com\weiwincms\_Core\Lib\Driver\Cache\CacheFile.class.php ç¬¬ 176 è¡Œ.
SQL: SHOW COLUMNS FROM `wy_catemenu` [ RunTime:0.004960s ]
NOTIC: [8] Undefined index:  lpid D:\www\js-jifang.com\weiwincms\Lib\Action\WapAction.class.php ç¬¬ 115 è¡Œ.
SQL: SELECT * FROM `wy_catemenu` WHERE ( `token` = 'ynzfui1406882414' ) AND ( `status` = 1 ) AND ( `lpid` = null )  [ RunTime:0.000541s ]
SQL: SHOW COLUMNS FROM `wy_company` [ RunTime:0.097452s ]
SQL: SELECT * FROM `wy_company` WHERE ( `token` = 'ynzfui1406882414' ) AND ( `isbranch` = 0 ) LIMIT 1   [ RunTime:0.000335s ]
NOTIC: [2] unlink(./weiwindata/logs/Temp/3/3/33c0276ddfe8a0a78ea18a400890f528.php) [<a href='function.unlink'>function.unlink</a>]: No such file or directory D:\www\js-jifang.com\weiwincms\_Core\Lib\Driver\Cache\CacheFile.class.php ç¬¬ 176 è¡Œ.
SQL: SHOW COLUMNS FROM `wy_ac` [ RunTime:0.115369s ]
SQL: SELECT * FROM `wy_ac` WHERE ( `Token` = 'ynzfui1406882414' ) AND ( `Wecha_id` = '112' ) LIMIT 1   [ RunTime:0.000388s ]
SQL: SHOW COLUMNS FROM `wy_jjr` [ RunTime:0.112178s ]
SQL: SELECT * FROM `wy_jjr` WHERE ( `Token` = 'ynzfui1406882414' ) AND ( `Wecha_id` = '112' ) LIMIT 1   [ RunTime:0.000942s ]
SQL: SHOW COLUMNS FROM `wy_zy` [ RunTime:0.041966s ]
SQL: SELECT * FROM `wy_zy` WHERE ( `Token` = 'ynzfui1406882414' ) AND ( `Wecha_id` = '112' ) LIMIT 1   [ RunTime:0.000664s ]
SQL: SHOW COLUMNS FROM `wy_zy` [ RunTime:0.016864s ]
SQL: SELECT * FROM `wy_zy` WHERE ( `Wecha_id` = '112' ) AND ( `Token` = 'ynzfui1406882414' ) LIMIT 1   [ RunTime:0.000369s ]
NOTIC: [8] Undefined variable: var D:\www\js-jifang.com\weiwincms\_Core\Common\functions.php ç¬¬ 234 è¡Œ.
NOTIC: [2] array_reverse() [<a href='function.array-reverse'>function.array-reverse</a>]: The argument should be an array D:\www\js-jifang.com\weiwincms\_Core\Common\functions.php ç¬¬ 234 è¡Œ.
NOTIC: [2] http_build_query() [<a href='function.http-build-query'>function.http-build-query</a>]: Parameter 1 expected to be Array or Object.  Incorrect value given D:\www\js-jifang.com\weiwincms\_Core\Common\functions.php ç¬¬ 234 è¡Œ.
NOTIC: [32] PHP Startup: Unable to load dynamic library 'D:\WebServer\php-5.2.5 (x64)\ext\php_fileinfo.dll' - ÕÒ²»µ½Ö¸¶¨µÄÄ£¿é¡£
 Unknown ç¬¬ 0 è¡Œ.

[ 2018-10-06T13:51:13+08:00 ] 223.104.145.188 /index.php?&g=Wap&m=Zhiye&a=register&token=ynzfui1406882414&wecha_id=112
INFO: [ app_begin ] --START--
INFO: Run ReadHtmlCache Behavior [ RunTime:0.000493s ]
INFO: [ app_begin ] --END-- [ RunTime:0.000582s ]
SQL: SHOW COLUMNS FROM `wy_userinfo` [ RunTime:0.014588s ]
SQL: SELECT * FROM `wy_userinfo` WHERE ( `token` = 'ynzfui1406882414' ) AND ( `wecha_id` = '112' ) LIMIT 1   [ RunTime:0.000152s ]
SQL: SHOW COLUMNS FROM `wy_wechat_group_list` [ RunTime:0.015139s ]
SQL: SELECT * FROM `wy_wechat_group_list` WHERE ( `token` = 'ynzfui1406882414' ) AND ( `openid` = '112' ) LIMIT 1   [ RunTime:0.000136s ]
NOTIC: [2] unlink(./weiwindata/logs/Temp/2/d/2d2e6c0d8cf84f24c87dafa524981c9e.php) [<a href='function.unlink'>function.unlink</a>]: No such file or directory D:\www\js-jifang.com\weiwincms\_Core\Lib\Driver\Cache\CacheFile.class.php ç¬¬ 176 è¡Œ.
SQL: SHOW COLUMNS FROM `wy_home` [ RunTime:0.016169s ]
SQL: SELECT * FROM `wy_home` WHERE ( `token` = 'ynzfui1406882414' ) LIMIT 1   [ RunTime:0.000148s ]
NOTIC: [2] unlink(./weiwindata/logs/Temp/4/7/4727c3258ec350fbe55a200823142d0c.php) [<a href='function.unlink'>function.unlink</a>]: No such file or directory D:\www\js-jifang.com\weiwincms\_Core\Lib\Driver\Cache\CacheFile.class.php ç¬¬ 176 è¡Œ.
SQL: SHOW COLUMNS FROM `wy_catemenu` [ RunTime:0.015720s ]
SQL: SELECT * FROM `wy_catemenu` WHERE ( `token` = 'ynzfui1406882414' ) AND ( `status` = 1 ) ORDER BY orderss desc  [ RunTime:0.000149s ]
NOTIC: [2] unlink(./weiwindata/logs/Temp/5/c/5c688eb97172111e3217d6600960e392.php) [<a href='function.unlink'>function.unlink</a>]: No such file or directory D:\www\js-jifang.com\weiwincms\_Core\Lib\Driver\Cache\CacheFile.class.php ç¬¬ 176 è¡Œ.
SQL: SHOW COLUMNS FROM `wy_catemenu` [ RunTime:0.015823s ]
NOTIC: [8] Undefined index:  lpid D:\www\js-jifang.com\weiwincms\Lib\Action\WapAction.class.php ç¬¬ 115 è¡Œ.
SQL: SELECT * FROM `wy_catemenu` WHERE ( `token` = 'ynzfui1406882414' ) AND ( `status` = 1 ) AND ( `lpid` = null )  [ RunTime:0.000138s ]
SQL: SHOW COLUMNS FROM `wy_company` [ RunTime:0.010830s ]
SQL: SELECT * FROM `wy_company` WHERE ( `token` = 'ynzfui1406882414' ) AND ( `isbranch` = 0 ) LIMIT 1   [ RunTime:0.000138s ]
NOTIC: [2] unlink(./weiwindata/logs/Temp/3/3/33c0276ddfe8a0a78ea18a400890f528.php) [<a href='function.unlink'>function.unlink</a>]: No such file or directory D:\www\js-jifang.com\weiwincms\_Core\Lib\Driver\Cache\CacheFile.class.php ç¬¬ 176 è¡Œ.
SQL: SHOW COLUMNS FROM `wy_ac` [ RunTime:0.011353s ]
SQL: SELECT * FROM `wy_ac` WHERE ( `Token` = 'ynzfui1406882414' ) AND ( `Wecha_id` = '112' ) LIMIT 1   [ RunTime:0.000140s ]
SQL: SHOW COLUMNS FROM `wy_jjr` [ RunTime:0.015690s ]
SQL: SELECT * FROM `wy_jjr` WHERE ( `Token` = 'ynzfui1406882414' ) AND ( `Wecha_id` = '112' ) LIMIT 1   [ RunTime:0.000129s ]
SQL: SHOW COLUMNS FROM `wy_zy` [ RunTime:0.015209s ]
SQL: SELECT * FROM `wy_zy` WHERE Token='ynzfui1406882414' and Wecha_id='112' LIMIT 1   [ RunTime:0.000373s ]
SQL: SHOW COLUMNS FROM `wy_zc` [ RunTime:0.031605s ]
SQL: SELECT `TiaoKuan` FROM `wy_zc` WHERE ( `Token` = 'ynzfui1406882414' ) AND ( `cate` = 2 ) LIMIT 1   [ RunTime:0.000324s ]
SQL: SHOW COLUMNS FROM `wy_lpinfo` [ RunTime:0.098449s ]
SQL: SELECT * FROM `wy_lpinfo` WHERE token='ynzfui1406882414'  [ RunTime:0.033718s ]
NOTIC: [2] Cannot use a scalar value as an array D:\www\js-jifang.com\weiwincms\_Core\Lib\Core\View.class.php ç¬¬ 69 è¡Œ.
INFO: [ view_template ] --START--
INFO: Run LocationTemplate Behavior [ RunTime:-0.333501s ]
INFO: [ view_template ] --END-- [ RunTime:0.046288s ]
INFO: [ view_parse ] --START--
INFO: Run ParseTemplate Behavior [ RunTime:-0.379873s ]
INFO: [ view_parse ] --END-- [ RunTime:0.104783s ]
INFO: [ view_filter ] --START--
INFO: Run ContentReplace Behavior [ RunTime:-0.484716s ]
INFO: Run TokenBuild Behavior [ RunTime:-0.486527s ]
INFO: Run WriteHtmlCache Behavior [ RunTime:-0.489272s ]
INFO: Run ShowRuntime Behavior [ RunTime:-0.491841s ]
INFO: [ view_filter ] --END-- [ RunTime:0.009863s ]
INFO: [ view_end ] --START--
INFO: Run ShowPageTrace Behavior [ RunTime:-0.494647s ]
INFO: [ view_end ] --END-- [ RunTime:0.003867s ]

[ 2018-10-06T13:55:11+08:00 ] 223.104.145.188 /index.php?g=Wap&m=Zhiye&a=index&wecha_id=112&token=ynzfui1406882414
INFO: [ app_begin ] --START--
INFO: Run ReadHtmlCache Behavior [ RunTime:0.001640s ]
INFO: [ app_begin ] --END-- [ RunTime:0.001757s ]
SQL: SHOW COLUMNS FROM `wy_userinfo` [ RunTime:0.016839s ]
SQL: SELECT * FROM `wy_userinfo` WHERE ( `token` = 'ynzfui1406882414' ) AND ( `wecha_id` = '112' ) LIMIT 1   [ RunTime:0.000205s ]
SQL: SHOW COLUMNS FROM `wy_wechat_group_list` [ RunTime:0.017641s ]
SQL: SELECT * FROM `wy_wechat_group_list` WHERE ( `token` = 'ynzfui1406882414' ) AND ( `openid` = '112' ) LIMIT 1   [ RunTime:0.000231s ]
NOTIC: [2] unlink(./weiwindata/logs/Temp/2/d/2d2e6c0d8cf84f24c87dafa524981c9e.php) [<a href='function.unlink'>function.unlink</a>]: No such file or directory D:\www\js-jifang.com\weiwincms\_Core\Lib\Driver\Cache\CacheFile.class.php ç¬¬ 176 è¡Œ.
SQL: SHOW COLUMNS FROM `wy_home` [ RunTime:0.017883s ]
SQL: SELECT * FROM `wy_home` WHERE ( `token` = 'ynzfui1406882414' ) LIMIT 1   [ RunTime:0.000141s ]
NOTIC: [2] unlink(./weiwindata/logs/Temp/4/7/4727c3258ec350fbe55a200823142d0c.php) [<a href='function.unlink'>function.unlink</a>]: No such file or directory D:\www\js-jifang.com\weiwincms\_Core\Lib\Driver\Cache\CacheFile.class.php ç¬¬ 176 è¡Œ.
SQL: SHOW COLUMNS FROM `wy_catemenu` [ RunTime:0.014722s ]
SQL: SELECT * FROM `wy_catemenu` WHERE ( `token` = 'ynzfui1406882414' ) AND ( `status` = 1 ) ORDER BY orderss desc  [ RunTime:0.000148s ]
NOTIC: [2] unlink(./weiwindata/logs/Temp/5/c/5c688eb97172111e3217d6600960e392.php) [<a href='function.unlink'>function.unlink</a>]: No such file or directory D:\www\js-jifang.com\weiwincms\_Core\Lib\Driver\Cache\CacheFile.class.php ç¬¬ 176 è¡Œ.
SQL: SHOW COLUMNS FROM `wy_catemenu` [ RunTime:0.015574s ]
NOTIC: [8] Undefined index:  lpid D:\www\js-jifang.com\weiwincms\Lib\Action\WapAction.class.php ç¬¬ 115 è¡Œ.
SQL: SELECT * FROM `wy_catemenu` WHERE ( `token` = 'ynzfui1406882414' ) AND ( `status` = 1 ) AND ( `lpid` = null )  [ RunTime:0.000209s ]
SQL: SHOW COLUMNS FROM `wy_company` [ RunTime:0.016092s ]
SQL: SELECT * FROM `wy_company` WHERE ( `token` = 'ynzfui1406882414' ) AND ( `isbranch` = 0 ) LIMIT 1   [ RunTime:0.000206s ]
NOTIC: [2] unlink(./weiwindata/logs/Temp/3/3/33c0276ddfe8a0a78ea18a400890f528.php) [<a href='function.unlink'>function.unlink</a>]: No such file or directory D:\www\js-jifang.com\weiwincms\_Core\Lib\Driver\Cache\CacheFile.class.php ç¬¬ 176 è¡Œ.
SQL: SHOW COLUMNS FROM `wy_ac` [ RunTime:0.017913s ]
SQL: SELECT * FROM `wy_ac` WHERE ( `Token` = 'ynzfui1406882414' ) AND ( `Wecha_id` = '112' ) LIMIT 1   [ RunTime:0.000189s ]
SQL: SHOW COLUMNS FROM `wy_jjr` [ RunTime:0.024134s ]
SQL: SELECT * FROM `wy_jjr` WHERE ( `Token` = 'ynzfui1406882414' ) AND ( `Wecha_id` = '112' ) LIMIT 1   [ RunTime:0.000187s ]
SQL: SHOW COLUMNS FROM `wy_zy` [ RunTime:0.021388s ]
SQL: SELECT * FROM `wy_zy` WHERE ( `Token` = 'ynzfui1406882414' ) AND ( `Wecha_id` = '112' ) LIMIT 1   [ RunTime:0.000177s ]
SQL: SHOW COLUMNS FROM `wy_zy` [ RunTime:0.017076s ]
SQL: SELECT * FROM `wy_zy` WHERE ( `Wecha_id` = '112' ) AND ( `Token` = 'ynzfui1406882414' ) LIMIT 1   [ RunTime:0.000223s ]
NOTIC: [8] Undefined variable: var D:\www\js-jifang.com\weiwincms\_Core\Common\functions.php ç¬¬ 234 è¡Œ.
NOTIC: [2] array_reverse() [<a href='function.array-reverse'>function.array-reverse</a>]: The argument should be an array D:\www\js-jifang.com\weiwincms\_Core\Common\functions.php ç¬¬ 234 è¡Œ.
NOTIC: [2] http_build_query() [<a href='function.http-build-query'>function.http-build-query</a>]: Parameter 1 expected to be Array or Object.  Incorrect value given D:\www\js-jifang.com\weiwincms\_Core\Common\functions.php ç¬¬ 234 è¡Œ.

[ 2018-10-06T13:55:11+08:00 ] 223.104.145.188 /index.php?&g=Wap&m=Zhiye&a=register&token=ynzfui1406882414&wecha_id=112
INFO: [ app_begin ] --START--
INFO: Run ReadHtmlCache Behavior [ RunTime:0.000501s ]
INFO: [ app_begin ] --END-- [ RunTime:0.000602s ]
SQL: SHOW COLUMNS FROM `wy_userinfo` [ RunTime:0.015287s ]
SQL: SELECT * FROM `wy_userinfo` WHERE ( `token` = 'ynzfui1406882414' ) AND ( `wecha_id` = '112' ) LIMIT 1   [ RunTime:0.000175s ]
SQL: SHOW COLUMNS FROM `wy_wechat_group_list` [ RunTime:0.016745s ]
SQL: SELECT * FROM `wy_wechat_group_list` WHERE ( `token` = 'ynzfui1406882414' ) AND ( `openid` = '112' ) LIMIT 1   [ RunTime:0.000144s ]
NOTIC: [2] unlink(./weiwindata/logs/Temp/2/d/2d2e6c0d8cf84f24c87dafa524981c9e.php) [<a href='function.unlink'>function.unlink</a>]: No such file or directory D:\www\js-jifang.com\weiwincms\_Core\Lib\Driver\Cache\CacheFile.class.php ç¬¬ 176 è¡Œ.
SQL: SHOW COLUMNS FROM `wy_home` [ RunTime:0.017610s ]
SQL: SELECT * FROM `wy_home` WHERE ( `token` = 'ynzfui1406882414' ) LIMIT 1   [ RunTime:0.000168s ]
NOTIC: [2] unlink(./weiwindata/logs/Temp/4/7/4727c3258ec350fbe55a200823142d0c.php) [<a href='function.unlink'>function.unlink</a>]: No such file or directory D:\www\js-jifang.com\weiwincms\_Core\Lib\Driver\Cache\CacheFile.class.php ç¬¬ 176 è¡Œ.
SQL: SHOW COLUMNS FROM `wy_catemenu` [ RunTime:0.016402s ]
SQL: SELECT * FROM `wy_catemenu` WHERE ( `token` = 'ynzfui1406882414' ) AND ( `status` = 1 ) ORDER BY orderss desc  [ RunTime:0.000154s ]
NOTIC: [2] unlink(./weiwindata/logs/Temp/5/c/5c688eb97172111e3217d6600960e392.php) [<a href='function.unlink'>function.unlink</a>]: No such file or directory D:\www\js-jifang.com\weiwincms\_Core\Lib\Driver\Cache\CacheFile.class.php ç¬¬ 176 è¡Œ.
SQL: SHOW COLUMNS FROM `wy_catemenu` [ RunTime:0.016189s ]
NOTIC: [8] Undefined index:  lpid D:\www\js-jifang.com\weiwincms\Lib\Action\WapAction.class.php ç¬¬ 115 è¡Œ.
SQL: SELECT * FROM `wy_catemenu` WHERE ( `token` = 'ynzfui1406882414' ) AND ( `status` = 1 ) AND ( `lpid` = null )  [ RunTime:0.000167s ]
SQL: SHOW COLUMNS FROM `wy_company` [ RunTime:0.017035s ]
SQL: SELECT * FROM `wy_company` WHERE ( `token` = 'ynzfui1406882414' ) AND ( `isbranch` = 0 ) LIMIT 1   [ RunTime:0.000189s ]
NOTIC: [2] unlink(./weiwindata/logs/Temp/3/3/33c0276ddfe8a0a78ea18a400890f528.php) [<a href='function.unlink'>function.unlink</a>]: No such file or directory D:\www\js-jifang.com\weiwincms\_Core\Lib\Driver\Cache\CacheFile.class.php ç¬¬ 176 è¡Œ.
SQL: SHOW COLUMNS FROM `wy_ac` [ RunTime:0.015705s ]
SQL: SELECT * FROM `wy_ac` WHERE ( `Token` = 'ynzfui1406882414' ) AND ( `Wecha_id` = '112' ) LIMIT 1   [ RunTime:0.000177s ]
SQL: SHOW COLUMNS FROM `wy_jjr` [ RunTime:0.015961s ]
SQL: SELECT * FROM `wy_jjr` WHERE ( `Token` = 'ynzfui1406882414' ) AND ( `Wecha_id` = '112' ) LIMIT 1   [ RunTime:0.000190s ]
SQL: SHOW COLUMNS FROM `wy_zy` [ RunTime:0.017700s ]
SQL: SELECT * FROM `wy_zy` WHERE Token='ynzfui1406882414' and Wecha_id='112' LIMIT 1   [ RunTime:0.000173s ]
SQL: SHOW COLUMNS FROM `wy_zc` [ RunTime:0.015516s ]
SQL: SELECT `TiaoKuan` FROM `wy_zc` WHERE ( `Token` = 'ynzfui1406882414' ) AND ( `cate` = 2 ) LIMIT 1   [ RunTime:0.000188s ]
SQL: SHOW COLUMNS FROM `wy_lpinfo` [ RunTime:0.015009s ]
SQL: SELECT * FROM `wy_lpinfo` WHERE token='ynzfui1406882414'  [ RunTime:0.000226s ]
NOTIC: [2] Cannot use a scalar value as an array D:\www\js-jifang.com\weiwincms\_Core\Lib\Core\View.class.php ç¬¬ 69 è¡Œ.
INFO: [ view_template ] --START--
INFO: Run LocationTemplate Behavior [ RunTime:-0.223566s ]
INFO: [ view_template ] --END-- [ RunTime:0.003338s ]
INFO: [ view_parse ] --START--
INFO: Run ParseTemplate Behavior [ RunTime:-0.226964s ]
INFO: [ view_parse ] --END-- [ RunTime:0.020762s ]
INFO: [ view_filter ] --START--
INFO: Run ContentReplace Behavior [ RunTime:-0.247820s ]
INFO: Run TokenBuild Behavior [ RunTime:-0.250584s ]
INFO: Run WriteHtmlCache Behavior [ RunTime:-0.254233s ]
INFO: Run ShowRuntime Behavior [ RunTime:-0.256707s ]
INFO: [ view_filter ] --END-- [ RunTime:0.011567s ]
INFO: [ view_end ] --START--
INFO: Run ShowPageTrace Behavior [ RunTime:-0.259450s ]
INFO: [ view_end ] --END-- [ RunTime:0.002672s ]

[ 2018-10-06T13:55:36+08:00 ] 223.104.145.188 /index.php?&g=Wap&m=Zhiye&a=register&token=ynzfui1406882414&wecha_id=112
INFO: [ app_begin ] --START--
INFO: Run ReadHtmlCache Behavior [ RunTime:0.000552s ]
INFO: [ app_begin ] --END-- [ RunTime:0.000652s ]
SQL: SHOW COLUMNS FROM `wy_userinfo` [ RunTime:0.015754s ]
SQL: SELECT * FROM `wy_userinfo` WHERE ( `token` = 'ynzfui1406882414' ) AND ( `wecha_id` = '112' ) LIMIT 1   [ RunTime:0.000171s ]
SQL: SHOW COLUMNS FROM `wy_wechat_group_list` [ RunTime:0.016507s ]
SQL: SELECT * FROM `wy_wechat_group_list` WHERE ( `token` = 'ynzfui1406882414' ) AND ( `openid` = '112' ) LIMIT 1   [ RunTime:0.000163s ]
NOTIC: [2] unlink(./weiwindata/logs/Temp/2/d/2d2e6c0d8cf84f24c87dafa524981c9e.php) [<a href='function.unlink'>function.unlink</a>]: No such file or directory D:\www\js-jifang.com\weiwincms\_Core\Lib\Driver\Cache\CacheFile.class.php ç¬¬ 176 è¡Œ.
SQL: SHOW COLUMNS FROM `wy_home` [ RunTime:0.015340s ]
SQL: SELECT * FROM `wy_home` WHERE ( `token` = 'ynzfui1406882414' ) LIMIT 1   [ RunTime:0.000163s ]
NOTIC: [2] unlink(./weiwindata/logs/Temp/4/7/4727c3258ec350fbe55a200823142d0c.php) [<a href='function.unlink'>function.unlink</a>]: No such file or directory D:\www\js-jifang.com\weiwincms\_Core\Lib\Driver\Cache\CacheFile.class.php ç¬¬ 176 è¡Œ.
SQL: SHOW COLUMNS FROM `wy_catemenu` [ RunTime:0.017009s ]
SQL: SELECT * FROM `wy_catemenu` WHERE ( `token` = 'ynzfui1406882414' ) AND ( `status` = 1 ) ORDER BY orderss desc  [ RunTime:0.000159s ]
NOTIC: [2] unlink(./weiwindata/logs/Temp/5/c/5c688eb97172111e3217d6600960e392.php) [<a href='function.unlink'>function.unlink</a>]: No such file or directory D:\www\js-jifang.com\weiwincms\_Core\Lib\Driver\Cache\CacheFile.class.php ç¬¬ 176 è¡Œ.
SQL: SHOW COLUMNS FROM `wy_catemenu` [ RunTime:0.016557s ]
NOTIC: [8] Undefined index:  lpid D:\www\js-jifang.com\weiwincms\Lib\Action\WapAction.class.php ç¬¬ 115 è¡Œ.
SQL: SELECT * FROM `wy_catemenu` WHERE ( `token` = 'ynzfui1406882414' ) AND ( `status` = 1 ) AND ( `lpid` = null )  [ RunTime:0.000153s ]
SQL: SHOW COLUMNS FROM `wy_company` [ RunTime:0.015557s ]
SQL: SELECT * FROM `wy_company` WHERE ( `token` = 'ynzfui1406882414' ) AND ( `isbranch` = 0 ) LIMIT 1   [ RunTime:0.000198s ]
NOTIC: [2] unlink(./weiwindata/logs/Temp/3/3/33c0276ddfe8a0a78ea18a400890f528.php) [<a href='function.unlink'>function.unlink</a>]: No such file or directory D:\www\js-jifang.com\weiwincms\_Core\Lib\Driver\Cache\CacheFile.class.php ç¬¬ 176 è¡Œ.
SQL: SHOW COLUMNS FROM `wy_ac` [ RunTime:0.019831s ]
SQL: SELECT * FROM `wy_ac` WHERE ( `Token` = 'ynzfui1406882414' ) AND ( `Wecha_id` = '112' ) LIMIT 1   [ RunTime:0.000173s ]
SQL: SHOW COLUMNS FROM `wy_jjr` [ RunTime:0.017037s ]
SQL: SELECT * FROM `wy_jjr` WHERE ( `Token` = 'ynzfui1406882414' ) AND ( `Wecha_id` = '112' ) LIMIT 1   [ RunTime:0.000174s ]
NOTIC: [8] Undefined index:  yqm D:\www\js-jifang.com\weiwincms\Lib\Action\Wap\ZhiyeAction.class.php ç¬¬ 41 è¡Œ.
SQL: SHOW COLUMNS FROM `wy_zy` [ RunTime:0.018275s ]
SQL: SELECT * FROM `wy_zy` WHERE ( `Name` = 'åˆ˜å…«' ) AND ( `Tel` = '18643421276' ) AND ( `Token` = 'ynzfui1406882414' ) LIMIT 1   [ RunTime:0.000664s ]
NOTIC: [2] Cannot use a scalar value as an array D:\www\js-jifang.com\weiwincms\_Core\Lib\Core\View.class.php ç¬¬ 69 è¡Œ.
INFO: [ view_template ] --START--
INFO: Run LocationTemplate Behavior [ RunTime:-0.188730s ]
INFO: [ view_template ] --END-- [ RunTime:0.039613s ]
INFO: [ view_parse ] --START--
INFO: Run ParseTemplate Behavior [ RunTime:-0.228436s ]
INFO: [ view_parse ] --END-- [ RunTime:0.054163s ]
INFO: [ view_filter ] --START--
INFO: Run ContentReplace Behavior [ RunTime:-0.282664s ]
INFO: Run TokenBuild Behavior [ RunTime:-0.283740s ]
INFO: Run WriteHtmlCache Behavior [ RunTime:-0.286271s ]
INFO: Run ShowRuntime Behavior [ RunTime:-0.288647s ]
INFO: [ view_filter ] --END-- [ RunTime:0.008589s ]
INFO: [ view_end ] --START--
INFO: Run ShowPageTrace Behavior [ RunTime:-0.291340s ]
INFO: [ view_end ] --END-- [ RunTime:0.002778s ]

[ 2018-10-06T13:55:40+08:00 ] 223.104.145.188 /index.php?&g=Wap&m=Zhiye&a=register&token=ynzfui1406882414&wecha_id=112
INFO: [ app_begin ] --START--
INFO: Run ReadHtmlCache Behavior [ RunTime:0.000498s ]
INFO: [ app_begin ] --END-- [ RunTime:0.000598s ]
SQL: SHOW COLUMNS FROM `wy_userinfo` [ RunTime:0.015543s ]
SQL: SELECT * FROM `wy_userinfo` WHERE ( `token` = 'ynzfui1406882414' ) AND ( `wecha_id` = '112' ) LIMIT 1   [ RunTime:0.000187s ]
SQL: SHOW COLUMNS FROM `wy_wechat_group_list` [ RunTime:0.016952s ]
SQL: SELECT * FROM `wy_wechat_group_list` WHERE ( `token` = 'ynzfui1406882414' ) AND ( `openid` = '112' ) LIMIT 1   [ RunTime:0.000162s ]
NOTIC: [2] unlink(./weiwindata/logs/Temp/2/d/2d2e6c0d8cf84f24c87dafa524981c9e.php) [<a href='function.unlink'>function.unlink</a>]: No such file or directory D:\www\js-jifang.com\weiwincms\_Core\Lib\Driver\Cache\CacheFile.class.php ç¬¬ 176 è¡Œ.
SQL: SHOW COLUMNS FROM `wy_home` [ RunTime:0.016644s ]
SQL: SELECT * FROM `wy_home` WHERE ( `token` = 'ynzfui1406882414' ) LIMIT 1   [ RunTime:0.000155s ]
NOTIC: [2] unlink(./weiwindata/logs/Temp/4/7/4727c3258ec350fbe55a200823142d0c.php) [<a href='function.unlink'>function.unlink</a>]: No such file or directory D:\www\js-jifang.com\weiwincms\_Core\Lib\Driver\Cache\CacheFile.class.php ç¬¬ 176 è¡Œ.
SQL: SHOW COLUMNS FROM `wy_catemenu` [ RunTime:0.015286s ]
SQL: SELECT * FROM `wy_catemenu` WHERE ( `token` = 'ynzfui1406882414' ) AND ( `status` = 1 ) ORDER BY orderss desc  [ RunTime:0.000146s ]
NOTIC: [2] unlink(./weiwindata/logs/Temp/5/c/5c688eb97172111e3217d6600960e392.php) [<a href='function.unlink'>function.unlink</a>]: No such file or directory D:\www\js-jifang.com\weiwincms\_Core\Lib\Driver\Cache\CacheFile.class.php ç¬¬ 176 è¡Œ.
SQL: SHOW COLUMNS FROM `wy_catemenu` [ RunTime:0.016420s ]
NOTIC: [8] Undefined index:  lpid D:\www\js-jifang.com\weiwincms\Lib\Action\WapAction.class.php ç¬¬ 115 è¡Œ.
SQL: SELECT * FROM `wy_catemenu` WHERE ( `token` = 'ynzfui1406882414' ) AND ( `status` = 1 ) AND ( `lpid` = null )  [ RunTime:0.000178s ]
SQL: SHOW COLUMNS FROM `wy_company` [ RunTime:0.019391s ]
SQL: SELECT * FROM `wy_company` WHERE ( `token` = 'ynzfui1406882414' ) AND ( `isbranch` = 0 ) LIMIT 1   [ RunTime:0.000162s ]
NOTIC: [2] unlink(./weiwindata/logs/Temp/3/3/33c0276ddfe8a0a78ea18a400890f528.php) [<a href='function.unlink'>function.unlink</a>]: No such file or directory D:\www\js-jifang.com\weiwincms\_Core\Lib\Driver\Cache\CacheFile.class.php ç¬¬ 176 è¡Œ.
SQL: SHOW COLUMNS FROM `wy_ac` [ RunTime:0.016819s ]
SQL: SELECT * FROM `wy_ac` WHERE ( `Token` = 'ynzfui1406882414' ) AND ( `Wecha_id` = '112' ) LIMIT 1   [ RunTime:0.000190s ]
SQL: SHOW COLUMNS FROM `wy_jjr` [ RunTime:0.017933s ]
SQL: SELECT * FROM `wy_jjr` WHERE ( `Token` = 'ynzfui1406882414' ) AND ( `Wecha_id` = '112' ) LIMIT 1   [ RunTime:0.000174s ]
SQL: SHOW COLUMNS FROM `wy_zy` [ RunTime:0.016920s ]
SQL: SELECT * FROM `wy_zy` WHERE Token='ynzfui1406882414' and Wecha_id='112' LIMIT 1   [ RunTime:0.000139s ]
SQL: SHOW COLUMNS FROM `wy_zc` [ RunTime:0.016606s ]
SQL: SELECT `TiaoKuan` FROM `wy_zc` WHERE ( `Token` = 'ynzfui1406882414' ) AND ( `cate` = 2 ) LIMIT 1   [ RunTime:0.000147s ]
SQL: SHOW COLUMNS FROM `wy_lpinfo` [ RunTime:0.018322s ]
SQL: SELECT * FROM `wy_lpinfo` WHERE token='ynzfui1406882414'  [ RunTime:0.000170s ]
NOTIC: [2] Cannot use a scalar value as an array D:\www\js-jifang.com\weiwincms\_Core\Lib\Core\View.class.php ç¬¬ 69 è¡Œ.
INFO: [ view_template ] --START--
INFO: Run LocationTemplate Behavior [ RunTime:-0.229286s ]
INFO: [ view_template ] --END-- [ RunTime:0.000571s ]
INFO: [ view_parse ] --START--
INFO: Run ParseTemplate Behavior [ RunTime:-0.229903s ]
INFO: [ view_parse ] --END-- [ RunTime:0.010714s ]
INFO: [ view_filter ] --START--
INFO: Run ContentReplace Behavior [ RunTime:-0.240680s ]
INFO: Run TokenBuild Behavior [ RunTime:-0.241806s ]
INFO: Run WriteHtmlCache Behavior [ RunTime:-0.244297s ]
INFO: Run ShowRuntime Behavior [ RunTime:-0.246680s ]
INFO: [ view_filter ] --END-- [ RunTime:0.008561s ]
INFO: [ view_end ] --START--
INFO: Run ShowPageTrace Behavior [ RunTime:-0.249302s ]
INFO: [ view_end ] --END-- [ RunTime:0.002593s ]

[ 2018-10-06T13:56:26+08:00 ] 223.104.145.188 /index.php?g=Wap&m=SaleManager&a=index&token=ynzfui1406882414
INFO: [ app_begin ] --START--
INFO: Run ReadHtmlCache Behavior [ RunTime:0.000525s ]
INFO: [ app_begin ] --END-- [ RunTime:0.000628s ]
SQL: SHOW COLUMNS FROM `wy_userinfo` [ RunTime:0.003796s ]
SQL: SELECT * FROM `wy_userinfo` WHERE ( `token` = 'ynzfui1406882414' ) AND ( `wecha_id` = null ) LIMIT 1   [ RunTime:0.000369s ]
SQL: SHOW COLUMNS FROM `wy_wechat_group_list` [ RunTime:0.003164s ]
SQL: SELECT * FROM `wy_wechat_group_list` WHERE ( `token` = 'ynzfui1406882414' ) AND ( `openid` = null ) LIMIT 1   [ RunTime:0.000556s ]
NOTIC: [2] unlink(./weiwindata/logs/Temp/4/e/4e0948f68be1c1004d6980fb150cfebe.php) [<a href='function.unlink'>function.unlink</a>]: No such file or directory D:\www\js-jifang.com\weiwincms\_Core\Lib\Driver\Cache\CacheFile.class.php ç¬¬ 176 è¡Œ.
SQL: SHOW COLUMNS FROM `wy_home` [ RunTime:0.003336s ]
SQL: SELECT * FROM `wy_home` WHERE ( `token` = 'ynzfui1406882414' ) LIMIT 1   [ RunTime:0.000148s ]
NOTIC: [2] unlink(./weiwindata/logs/Temp/4/7/4727c3258ec350fbe55a200823142d0c.php) [<a href='function.unlink'>function.unlink</a>]: No such file or directory D:\www\js-jifang.com\weiwincms\_Core\Lib\Driver\Cache\CacheFile.class.php ç¬¬ 176 è¡Œ.
SQL: SHOW COLUMNS FROM `wy_catemenu` [ RunTime:0.003260s ]
SQL: SELECT * FROM `wy_catemenu` WHERE ( `token` = 'ynzfui1406882414' ) AND ( `status` = 1 ) ORDER BY orderss desc  [ RunTime:0.000150s ]
NOTIC: [2] unlink(./weiwindata/logs/Temp/5/c/5c688eb97172111e3217d6600960e392.php) [<a href='function.unlink'>function.unlink</a>]: No such file or directory D:\www\js-jifang.com\weiwincms\_Core\Lib\Driver\Cache\CacheFile.class.php ç¬¬ 176 è¡Œ.
SQL: SHOW COLUMNS FROM `wy_catemenu` [ RunTime:0.003952s ]
NOTIC: [8] Undefined index:  lpid D:\www\js-jifang.com\weiwincms\Lib\Action\WapAction.class.php ç¬¬ 115 è¡Œ.
SQL: SELECT * FROM `wy_catemenu` WHERE ( `token` = 'ynzfui1406882414' ) AND ( `status` = 1 ) AND ( `lpid` = null )  [ RunTime:0.000254s ]
SQL: SHOW COLUMNS FROM `wy_company` [ RunTime:0.003628s ]
SQL: SELECT * FROM `wy_company` WHERE ( `token` = 'ynzfui1406882414' ) AND ( `isbranch` = 0 ) LIMIT 1   [ RunTime:0.000147s ]
NOTIC: [2] unlink(./weiwindata/logs/Temp/3/3/33c0276ddfe8a0a78ea18a400890f528.php) [<a href='function.unlink'>function.unlink</a>]: No such file or directory D:\www\js-jifang.com\weiwincms\_Core\Lib\Driver\Cache\CacheFile.class.php ç¬¬ 176 è¡Œ.
NOTIC: [2] Cannot use a scalar value as an array D:\www\js-jifang.com\weiwincms\_Core\Lib\Core\View.class.php ç¬¬ 69 è¡Œ.
INFO: [ view_template ] --START--
INFO: Run LocationTemplate Behavior [ RunTime:-0.090961s ]
INFO: [ view_template ] --END-- [ RunTime:0.002024s ]
INFO: [ view_parse ] --START--
INFO: Run ParseTemplate Behavior [ RunTime:-0.093069s ]
INFO: [ view_parse ] --END-- [ RunTime:0.008727s ]
INFO: [ view_filter ] --START--
INFO: Run ContentReplace Behavior [ RunTime:-0.101843s ]
INFO: Run TokenBuild Behavior [ RunTime:-0.102797s ]
INFO: Run WriteHtmlCache Behavior [ RunTime:-0.105182s ]
INFO: Run ShowRuntime Behavior [ RunTime:-0.107405s ]
INFO: [ view_filter ] --END-- [ RunTime:0.007963s ]
INFO: [ view_end ] --START--
INFO: Run ShowPageTrace Behavior [ RunTime:-0.109872s ]
INFO: [ view_end ] --END-- [ RunTime:0.002529s ]

[ 2018-10-06T13:56:29+08:00 ] 223.104.145.188 /index.php?g=Wap&m=SaleManager&a=index&token=ynzfui1406882414&code=061MMKZD1D4HK20Ez22E19IYZD1MMKZx&state=oauth
INFO: [ app_begin ] --START--
INFO: Run ReadHtmlCache Behavior [ RunTime:0.000627s ]
INFO: [ app_begin ] --END-- [ RunTime:0.000756s ]
NOTIC: [8] Undefined variable: curl D:\www\js-jifang.com\weiwincms\Lib\Action\WapAction.class.php ç¬¬ 307 è¡Œ.
NOTIC: [2] curl_setopt(): supplied argument is not a valid cURL handle resource D:\www\js-jifang.com\weiwincms\Lib\Action\WapAction.class.php ç¬¬ 307 è¡Œ.
NOTIC: [8] Undefined variable: data D:\www\js-jifang.com\weiwincms\Lib\Action\WapAction.class.php ç¬¬ 311 è¡Œ.
SQL: SHOW COLUMNS FROM `wy_userinfo` [ RunTime:0.005264s ]
SQL: SELECT * FROM `wy_userinfo` WHERE ( `token` = 'ynzfui1406882414' ) AND ( `wecha_id` = 'oidgS1Cv4he-Hx_FYIOdJlPUKDJs' ) LIMIT 1   [ RunTime:0.000796s ]
SQL: SHOW COLUMNS FROM `wy_wechat_group_list` [ RunTime:0.003314s ]
SQL: SELECT * FROM `wy_wechat_group_list` WHERE ( `token` = 'ynzfui1406882414' ) AND ( `openid` = 'oidgS1Cv4he-Hx_FYIOdJlPUKDJs' ) LIMIT 1   [ RunTime:0.000571s ]
NOTIC: [2] unlink(./weiwindata/logs/Temp/2/2/22d221e55446c780e90f09542ecff4ee.php) [<a href='function.unlink'>function.unlink</a>]: No such file or directory D:\www\js-jifang.com\weiwincms\_Core\Lib\Driver\Cache\CacheFile.class.php ç¬¬ 176 è¡Œ.
SQL: SHOW COLUMNS FROM `wy_home` [ RunTime:0.004075s ]
SQL: SELECT * FROM `wy_home` WHERE ( `token` = 'ynzfui1406882414' ) LIMIT 1   [ RunTime:0.000143s ]
NOTIC: [2] unlink(./weiwindata/logs/Temp/4/7/4727c3258ec350fbe55a200823142d0c.php) [<a href='function.unlink'>function.unlink</a>]: No such file or directory D:\www\js-jifang.com\weiwincms\_Core\Lib\Driver\Cache\CacheFile.class.php ç¬¬ 176 è¡Œ.
SQL: SHOW COLUMNS FROM `wy_catemenu` [ RunTime:0.004272s ]
SQL: SELECT * FROM `wy_catemenu` WHERE ( `token` = 'ynzfui1406882414' ) AND ( `status` = 1 ) ORDER BY orderss desc  [ RunTime:0.000127s ]
NOTIC: [2] unlink(./weiwindata/logs/Temp/5/c/5c688eb97172111e3217d6600960e392.php) [<a href='function.unlink'>function.unlink</a>]: No such file or directory D:\www\js-jifang.com\weiwincms\_Core\Lib\Driver\Cache\CacheFile.class.php ç¬¬ 176 è¡Œ.
SQL: SHOW COLUMNS FROM `wy_catemenu` [ RunTime:0.003238s ]
NOTIC: [8] Undefined index:  lpid D:\www\js-jifang.com\weiwincms\Lib\Action\WapAction.class.php ç¬¬ 115 è¡Œ.
SQL: SELECT * FROM `wy_catemenu` WHERE ( `token` = 'ynzfui1406882414' ) AND ( `status` = 1 ) AND ( `lpid` = null )  [ RunTime:0.000121s ]
SQL: SHOW COLUMNS FROM `wy_company` [ RunTime:0.003571s ]
SQL: SELECT * FROM `wy_company` WHERE ( `token` = 'ynzfui1406882414' ) AND ( `isbranch` = 0 ) LIMIT 1   [ RunTime:0.000175s ]
NOTIC: [2] unlink(./weiwindata/logs/Temp/3/3/33c0276ddfe8a0a78ea18a400890f528.php) [<a href='function.unlink'>function.unlink</a>]: No such file or directory D:\www\js-jifang.com\weiwincms\_Core\Lib\Driver\Cache\CacheFile.class.php ç¬¬ 176 è¡Œ.
SQL: SHOW COLUMNS FROM `wy_zy` [ RunTime:0.003385s ]
SQL: SELECT * FROM `wy_zy` WHERE ( `Token` = 'ynzfui1406882414' ) AND ( `Wecha_id` = 'oidgS1Cv4he-Hx_FYIOdJlPUKDJs' ) LIMIT 1   [ RunTime:0.001167s ]
NOTIC: [2] Cannot use a scalar value as an array D:\www\js-jifang.com\weiwincms\_Core\Lib\Core\View.class.php ç¬¬ 69 è¡Œ.
INFO: [ view_template ] --START--
INFO: Run LocationTemplate Behavior [ RunTime:-2.054634s ]
INFO: [ view_template ] --END-- [ RunTime:0.002105s ]
INFO: [ view_parse ] --START--
INFO: Run ParseTemplate Behavior [ RunTime:-2.056783s ]
INFO: [ view_parse ] --END-- [ RunTime:0.008922s ]
INFO: [ view_filter ] --START--
INFO: Run ContentReplace Behavior [ RunTime:-2.065789s ]
INFO: Run TokenBuild Behavior [ RunTime:-2.066819s ]
INFO: Run WriteHtmlCache Behavior [ RunTime:-2.069454s ]
INFO: Run ShowRuntime Behavior [ RunTime:-2.071853s ]
INFO: [ view_filter ] --END-- [ RunTime:0.008521s ]
INFO: [ view_end ] --START--
INFO: Run ShowPageTrace Behavior [ RunTime:-2.074362s ]
INFO: [ view_end ] --END-- [ RunTime:0.002533s ]

[ 2018-10-06T13:56:37+08:00 ] 223.104.145.188 /index.php?g=Wap&m=Zhiye&a=index&token=ynzfui1406882414
INFO: [ app_begin ] --START--
INFO: Run ReadHtmlCache Behavior [ RunTime:0.000499s ]
INFO: [ app_begin ] --END-- [ RunTime:0.000596s ]
SQL: SHOW COLUMNS FROM `wy_userinfo` [ RunTime:0.003739s ]
SQL: SELECT * FROM `wy_userinfo` WHERE ( `token` = 'ynzfui1406882414' ) AND ( `wecha_id` = null ) LIMIT 1   [ RunTime:0.000149s ]
SQL: SHOW COLUMNS FROM `wy_wechat_group_list` [ RunTime:0.003347s ]
SQL: SELECT * FROM `wy_wechat_group_list` WHERE ( `token` = 'ynzfui1406882414' ) AND ( `openid` = null ) LIMIT 1   [ RunTime:0.000144s ]
NOTIC: [2] unlink(./weiwindata/logs/Temp/4/e/4e0948f68be1c1004d6980fb150cfebe.php) [<a href='function.unlink'>function.unlink</a>]: No such file or directory D:\www\js-jifang.com\weiwincms\_Core\Lib\Driver\Cache\CacheFile.class.php ç¬¬ 176 è¡Œ.
SQL: SHOW COLUMNS FROM `wy_home` [ RunTime:0.003196s ]
SQL: SELECT * FROM `wy_home` WHERE ( `token` = 'ynzfui1406882414' ) LIMIT 1   [ RunTime:0.000126s ]
NOTIC: [2] unlink(./weiwindata/logs/Temp/4/7/4727c3258ec350fbe55a200823142d0c.php) [<a href='function.unlink'>function.unlink</a>]: No such file or directory D:\www\js-jifang.com\weiwincms\_Core\Lib\Driver\Cache\CacheFile.class.php ç¬¬ 176 è¡Œ.
SQL: SHOW COLUMNS FROM `wy_catemenu` [ RunTime:0.003044s ]
SQL: SELECT * FROM `wy_catemenu` WHERE ( `token` = 'ynzfui1406882414' ) AND ( `status` = 1 ) ORDER BY orderss desc  [ RunTime:0.000140s ]
NOTIC: [2] unlink(./weiwindata/logs/Temp/5/c/5c688eb97172111e3217d6600960e392.php) [<a href='function.unlink'>function.unlink</a>]: No such file or directory D:\www\js-jifang.com\weiwincms\_Core\Lib\Driver\Cache\CacheFile.class.php ç¬¬ 176 è¡Œ.
SQL: SHOW COLUMNS FROM `wy_catemenu` [ RunTime:0.003478s ]
NOTIC: [8] Undefined index:  lpid D:\www\js-jifang.com\weiwincms\Lib\Action\WapAction.class.php ç¬¬ 115 è¡Œ.
SQL: SELECT * FROM `wy_catemenu` WHERE ( `token` = 'ynzfui1406882414' ) AND ( `status` = 1 ) AND ( `lpid` = null )  [ RunTime:0.000144s ]
SQL: SHOW COLUMNS FROM `wy_company` [ RunTime:0.003432s ]
SQL: SELECT * FROM `wy_company` WHERE ( `token` = 'ynzfui1406882414' ) AND ( `isbranch` = 0 ) LIMIT 1   [ RunTime:0.000143s ]
NOTIC: [2] unlink(./weiwindata/logs/Temp/3/3/33c0276ddfe8a0a78ea18a400890f528.php) [<a href='function.unlink'>function.unlink</a>]: No such file or directory D:\www\js-jifang.com\weiwincms\_Core\Lib\Driver\Cache\CacheFile.class.php ç¬¬ 176 è¡Œ.
SQL: SHOW COLUMNS FROM `wy_ac` [ RunTime:0.003632s ]
SQL: SELECT * FROM `wy_ac` WHERE ( `Token` = 'ynzfui1406882414' ) AND ( `Wecha_id` = '' ) LIMIT 1   [ RunTime:0.000822s ]
NOTIC: [2] Cannot use a scalar value as an array D:\www\js-jifang.com\weiwincms\_Core\Lib\Core\View.class.php ç¬¬ 69 è¡Œ.
INFO: [ view_template ] --START--
INFO: Run LocationTemplate Behavior [ RunTime:-0.051976s ]
INFO: [ view_template ] --END-- [ RunTime:0.001793s ]
INFO: [ view_parse ] --START--
INFO: Run ParseTemplate Behavior [ RunTime:-0.053827s ]
INFO: [ view_parse ] --END-- [ RunTime:0.007705s ]
INFO: [ view_filter ] --START--
INFO: Run ContentReplace Behavior [ RunTime:-0.061582s ]
INFO: Run TokenBuild Behavior [ RunTime:-0.062513s ]
INFO: Run WriteHtmlCache Behavior [ RunTime:-0.064874s ]
INFO: Run ShowRuntime Behavior [ RunTime:-0.067131s ]
INFO: [ view_filter ] --END-- [ RunTime:0.007946s ]
INFO: [ view_end ] --START--
INFO: Run ShowPageTrace Behavior [ RunTime:-0.069590s ]
INFO: [ view_end ] --END-- [ RunTime:0.002582s ]

[ 2018-10-06T13:56:38+08:00 ] 223.104.145.188 /index.php?g=Wap&m=Zhiye&a=index&token=ynzfui1406882414&code=0817Fwh41p326N18KVk41awSh417Fwhl&state=oauth
INFO: [ app_begin ] --START--
INFO: Run ReadHtmlCache Behavior [ RunTime:0.000588s ]
INFO: [ app_begin ] --END-- [ RunTime:0.000691s ]
NOTIC: [8] Undefined variable: curl D:\www\js-jifang.com\weiwincms\Lib\Action\WapAction.class.php ç¬¬ 307 è¡Œ.
NOTIC: [2] curl_setopt(): supplied argument is not a valid cURL handle resource D:\www\js-jifang.com\weiwincms\Lib\Action\WapAction.class.php ç¬¬ 307 è¡Œ.
NOTIC: [8] Undefined variable: data D:\www\js-jifang.com\weiwincms\Lib\Action\WapAction.class.php ç¬¬ 311 è¡Œ.
SQL: SHOW COLUMNS FROM `wy_userinfo` [ RunTime:0.003859s ]
SQL: SELECT * FROM `wy_userinfo` WHERE ( `token` = 'ynzfui1406882414' ) AND ( `wecha_id` = 'oidgS1Cv4he-Hx_FYIOdJlPUKDJs' ) LIMIT 1   [ RunTime:0.000139s ]
SQL: SHOW COLUMNS FROM `wy_wechat_group_list` [ RunTime:0.003297s ]
SQL: SELECT * FROM `wy_wechat_group_list` WHERE ( `token` = 'ynzfui1406882414' ) AND ( `openid` = 'oidgS1Cv4he-Hx_FYIOdJlPUKDJs' ) LIMIT 1   [ RunTime:0.000121s ]
NOTIC: [2] unlink(./weiwindata/logs/Temp/2/2/22d221e55446c780e90f09542ecff4ee.php) [<a href='function.unlink'>function.unlink</a>]: No such file or directory D:\www\js-jifang.com\weiwincms\_Core\Lib\Driver\Cache\CacheFile.class.php ç¬¬ 176 è¡Œ.
SQL: SHOW COLUMNS FROM `wy_home` [ RunTime:0.003416s ]
SQL: SELECT * FROM `wy_home` WHERE ( `token` = 'ynzfui1406882414' ) LIMIT 1   [ RunTime:0.000147s ]
NOTIC: [2] unlink(./weiwindata/logs/Temp/4/7/4727c3258ec350fbe55a200823142d0c.php) [<a href='function.unlink'>function.unlink</a>]: No such file or directory D:\www\js-jifang.com\weiwincms\_Core\Lib\Driver\Cache\CacheFile.class.php ç¬¬ 176 è¡Œ.
SQL: SHOW COLUMNS FROM `wy_catemenu` [ RunTime:0.003895s ]
SQL: SELECT * FROM `wy_catemenu` WHERE ( `token` = 'ynzfui1406882414' ) AND ( `status` = 1 ) ORDER BY orderss desc  [ RunTime:0.000137s ]
NOTIC: [2] unlink(./weiwindata/logs/Temp/5/c/5c688eb97172111e3217d6600960e392.php) [<a href='function.unlink'>function.unlink</a>]: No such file or directory D:\www\js-jifang.com\weiwincms\_Core\Lib\Driver\Cache\CacheFile.class.php ç¬¬ 176 è¡Œ.
SQL: SHOW COLUMNS FROM `wy_catemenu` [ RunTime:0.003403s ]
NOTIC: [8] Undefined index:  lpid D:\www\js-jifang.com\weiwincms\Lib\Action\WapAction.class.php ç¬¬ 115 è¡Œ.
SQL: SELECT * FROM `wy_catemenu` WHERE ( `token` = 'ynzfui1406882414' ) AND ( `status` = 1 ) AND ( `lpid` = null )  [ RunTime:0.000166s ]
SQL: SHOW COLUMNS FROM `wy_company` [ RunTime:0.004028s ]
SQL: SELECT * FROM `wy_company` WHERE ( `token` = 'ynzfui1406882414' ) AND ( `isbranch` = 0 ) LIMIT 1   [ RunTime:0.000176s ]
NOTIC: [2] unlink(./weiwindata/logs/Temp/3/3/33c0276ddfe8a0a78ea18a400890f528.php) [<a href='function.unlink'>function.unlink</a>]: No such file or directory D:\www\js-jifang.com\weiwincms\_Core\Lib\Driver\Cache\CacheFile.class.php ç¬¬ 176 è¡Œ.
SQL: SHOW COLUMNS FROM `wy_ac` [ RunTime:0.003382s ]
SQL: SELECT * FROM `wy_ac` WHERE ( `Token` = 'ynzfui1406882414' ) AND ( `Wecha_id` = 'oidgS1Cv4he-Hx_FYIOdJlPUKDJs' ) LIMIT 1   [ RunTime:0.000348s ]
SQL: SHOW COLUMNS FROM `wy_jjr` [ RunTime:0.003317s ]
SQL: SELECT * FROM `wy_jjr` WHERE ( `Token` = 'ynzfui1406882414' ) AND ( `Wecha_id` = 'oidgS1Cv4he-Hx_FYIOdJlPUKDJs' ) LIMIT 1   [ RunTime:0.000506s ]
SQL: SHOW COLUMNS FROM `wy_zy` [ RunTime:0.003648s ]
SQL: SELECT * FROM `wy_zy` WHERE ( `Token` = 'ynzfui1406882414' ) AND ( `Wecha_id` = 'oidgS1Cv4he-Hx_FYIOdJlPUKDJs' ) LIMIT 1   [ RunTime:0.000123s ]
SQL: SHOW COLUMNS FROM `wy_zy` [ RunTime:0.005939s ]
SQL: SELECT * FROM `wy_zy` WHERE ( `Wecha_id` = 'oidgS1Cv4he-Hx_FYIOdJlPUKDJs' ) AND ( `Token` = 'ynzfui1406882414' ) LIMIT 1   [ RunTime:0.000278s ]
NOTIC: [2] Cannot use a scalar value as an array D:\www\js-jifang.com\weiwincms\_Core\Lib\Core\View.class.php ç¬¬ 69 è¡Œ.
INFO: [ view_template ] --START--
INFO: Run LocationTemplate Behavior [ RunTime:-0.216966s ]
INFO: [ view_template ] --END-- [ RunTime:0.016742s ]
INFO: [ view_parse ] --START--
NOTIC: [8] Undefined index:  cname D:\www\js-jifang.com\weiwindata\logs\Cache\Wap\be188ac807609ee0f2259bc85bf77d18.php ç¬¬ 25 è¡Œ.
NOTIC: [8] Undefined index:  LouPanTitle D:\www\js-jifang.com\weiwindata\logs\Cache\Wap\be188ac807609ee0f2259bc85bf77d18.php ç¬¬ 26 è¡Œ.
INFO: Run ParseTemplate Behavior [ RunTime:-0.233784s ]
INFO: [ view_parse ] --END-- [ RunTime:0.032869s ]
INFO: [ view_filter ] --START--
INFO: Run ContentReplace Behavior [ RunTime:-0.266710s ]
INFO: Run TokenBuild Behavior [ RunTime:-0.267809s ]
INFO: Run WriteHtmlCache Behavior [ RunTime:-0.270522s ]
INFO: Run ShowRuntime Behavior [ RunTime:-0.273104s ]
INFO: [ view_filter ] --END-- [ RunTime:0.009277s ]
INFO: [ view_end ] --START--
INFO: Run ShowPageTrace Behavior [ RunTime:-0.276055s ]
INFO: [ view_end ] --END-- [ RunTime:0.002821s ]

[ 2018-10-06T13:56:58+08:00 ] 223.104.145.188 /index.php?g=Wap&m=Zhiye&a=index&token=ynzfui1406882414
INFO: [ app_begin ] --START--
INFO: Run ReadHtmlCache Behavior [ RunTime:0.000486s ]
INFO: [ app_begin ] --END-- [ RunTime:0.000576s ]
SQL: SHOW COLUMNS FROM `wy_userinfo` [ RunTime:0.003516s ]
SQL: SELECT * FROM `wy_userinfo` WHERE ( `token` = 'ynzfui1406882414' ) AND ( `wecha_id` = null ) LIMIT 1   [ RunTime:0.000160s ]
SQL: SHOW COLUMNS FROM `wy_wechat_group_list` [ RunTime:0.003696s ]
SQL: SELECT * FROM `wy_wechat_group_list` WHERE ( `token` = 'ynzfui1406882414' ) AND ( `openid` = null ) LIMIT 1   [ RunTime:0.000118s ]
NOTIC: [2] unlink(./weiwindata/logs/Temp/4/e/4e0948f68be1c1004d6980fb150cfebe.php) [<a href='function.unlink'>function.unlink</a>]: No such file or directory D:\www\js-jifang.com\weiwincms\_Core\Lib\Driver\Cache\CacheFile.class.php ç¬¬ 176 è¡Œ.
SQL: SHOW COLUMNS FROM `wy_home` [ RunTime:0.003187s ]
SQL: SELECT * FROM `wy_home` WHERE ( `token` = 'ynzfui1406882414' ) LIMIT 1   [ RunTime:0.000141s ]
NOTIC: [2] unlink(./weiwindata/logs/Temp/4/7/4727c3258ec350fbe55a200823142d0c.php) [<a href='function.unlink'>function.unlink</a>]: No such file or directory D:\www\js-jifang.com\weiwincms\_Core\Lib\Driver\Cache\CacheFile.class.php ç¬¬ 176 è¡Œ.
SQL: SHOW COLUMNS FROM `wy_catemenu` [ RunTime:0.002998s ]
SQL: SELECT * FROM `wy_catemenu` WHERE ( `token` = 'ynzfui1406882414' ) AND ( `status` = 1 ) ORDER BY orderss desc  [ RunTime:0.000134s ]
NOTIC: [2] unlink(./weiwindata/logs/Temp/5/c/5c688eb97172111e3217d6600960e392.php) [<a href='function.unlink'>function.unlink</a>]: No such file or directory D:\www\js-jifang.com\weiwincms\_Core\Lib\Driver\Cache\CacheFile.class.php ç¬¬ 176 è¡Œ.
SQL: SHOW COLUMNS FROM `wy_catemenu` [ RunTime:0.003073s ]
NOTIC: [8] Undefined index:  lpid D:\www\js-jifang.com\weiwincms\Lib\Action\WapAction.class.php ç¬¬ 115 è¡Œ.
SQL: SELECT * FROM `wy_catemenu` WHERE ( `token` = 'ynzfui1406882414' ) AND ( `status` = 1 ) AND ( `lpid` = null )  [ RunTime:0.000131s ]
SQL: SHOW COLUMNS FROM `wy_company` [ RunTime:0.003491s ]
SQL: SELECT * FROM `wy_company` WHERE ( `token` = 'ynzfui1406882414' ) AND ( `isbranch` = 0 ) LIMIT 1   [ RunTime:0.000154s ]
NOTIC: [2] unlink(./weiwindata/logs/Temp/3/3/33c0276ddfe8a0a78ea18a400890f528.php) [<a href='function.unlink'>function.unlink</a>]: No such file or directory D:\www\js-jifang.com\weiwincms\_Core\Lib\Driver\Cache\CacheFile.class.php ç¬¬ 176 è¡Œ.
SQL: SHOW COLUMNS FROM `wy_ac` [ RunTime:0.003438s ]
SQL: SELECT * FROM `wy_ac` WHERE ( `Token` = 'ynzfui1406882414' ) AND ( `Wecha_id` = '' ) LIMIT 1   [ RunTime:0.000152s ]
NOTIC: [2] Cannot use a scalar value as an array D:\www\js-jifang.com\weiwincms\_Core\Lib\Core\View.class.php ç¬¬ 69 è¡Œ.
INFO: [ view_template ] --START--
INFO: Run LocationTemplate Behavior [ RunTime:-0.050847s ]
INFO: [ view_template ] --END-- [ RunTime:0.001917s ]
INFO: [ view_parse ] --START--
INFO: Run ParseTemplate Behavior [ RunTime:-0.052816s ]
INFO: [ view_parse ] --END-- [ RunTime:0.008141s ]
INFO: [ view_filter ] --START--
INFO: Run ContentReplace Behavior [ RunTime:-0.060999s ]
INFO: Run TokenBuild Behavior [ RunTime:-0.062003s ]
INFO: Run WriteHtmlCache Behavior [ RunTime:-0.064343s ]
INFO: Run ShowRuntime Behavior [ RunTime:-0.066575s ]
INFO: [ view_filter ] --END-- [ RunTime:0.007934s ]
INFO: [ view_end ] --START--
INFO: Run ShowPageTrace Behavior [ RunTime:-0.068993s ]
INFO: [ view_end ] --END-- [ RunTime:0.002528s ]

[ 2018-10-06T13:56:59+08:00 ] 223.104.145.188 /index.php?g=Wap&m=Zhiye&a=index&token=ynzfui1406882414&code=071fQpFT1SVVe61pLPHT1g7xFT1fQpFd&state=oauth
INFO: [ app_begin ] --START--
INFO: Run ReadHtmlCache Behavior [ RunTime:0.000495s ]
INFO: [ app_begin ] --END-- [ RunTime:0.000637s ]
NOTIC: [8] Undefined variable: curl D:\www\js-jifang.com\weiwincms\Lib\Action\WapAction.class.php ç¬¬ 307 è¡Œ.
NOTIC: [2] curl_setopt(): supplied argument is not a valid cURL handle resource D:\www\js-jifang.com\weiwincms\Lib\Action\WapAction.class.php ç¬¬ 307 è¡Œ.
NOTIC: [8] Undefined variable: data D:\www\js-jifang.com\weiwincms\Lib\Action\WapAction.class.php ç¬¬ 311 è¡Œ.
SQL: SHOW COLUMNS FROM `wy_userinfo` [ RunTime:0.003913s ]
SQL: SELECT * FROM `wy_userinfo` WHERE ( `token` = 'ynzfui1406882414' ) AND ( `wecha_id` = 'oidgS1Cv4he-Hx_FYIOdJlPUKDJs' ) LIMIT 1   [ RunTime:0.000144s ]
SQL: SHOW COLUMNS FROM `wy_wechat_group_list` [ RunTime:0.003208s ]
SQL: SELECT * FROM `wy_wechat_group_list` WHERE ( `token` = 'ynzfui1406882414' ) AND ( `openid` = 'oidgS1Cv4he-Hx_FYIOdJlPUKDJs' ) LIMIT 1   [ RunTime:0.000185s ]
NOTIC: [2] unlink(./weiwindata/logs/Temp/2/2/22d221e55446c780e90f09542ecff4ee.php) [<a href='function.unlink'>function.unlink</a>]: No such file or directory D:\www\js-jifang.com\weiwincms\_Core\Lib\Driver\Cache\CacheFile.class.php ç¬¬ 176 è¡Œ.
SQL: SHOW COLUMNS FROM `wy_home` [ RunTime:0.003353s ]
SQL: SELECT * FROM `wy_home` WHERE ( `token` = 'ynzfui1406882414' ) LIMIT 1   [ RunTime:0.000125s ]
NOTIC: [2] unlink(./weiwindata/logs/Temp/4/7/4727c3258ec350fbe55a200823142d0c.php) [<a href='function.unlink'>function.unlink</a>]: No such file or directory D:\www\js-jifang.com\weiwincms\_Core\Lib\Driver\Cache\CacheFile.class.php ç¬¬ 176 è¡Œ.
SQL: SHOW COLUMNS FROM `wy_catemenu` [ RunTime:0.003107s ]
SQL: SELECT * FROM `wy_catemenu` WHERE ( `token` = 'ynzfui1406882414' ) AND ( `status` = 1 ) ORDER BY orderss desc  [ RunTime:0.000117s ]
NOTIC: [2] unlink(./weiwindata/logs/Temp/5/c/5c688eb97172111e3217d6600960e392.php) [<a href='function.unlink'>function.unlink</a>]: No such file or directory D:\www\js-jifang.com\weiwincms\_Core\Lib\Driver\Cache\CacheFile.class.php ç¬¬ 176 è¡Œ.
SQL: SHOW COLUMNS FROM `wy_catemenu` [ RunTime:0.002980s ]
NOTIC: [8] Undefined index:  lpid D:\www\js-jifang.com\weiwincms\Lib\Action\WapAction.class.php ç¬¬ 115 è¡Œ.
SQL: SELECT * FROM `wy_catemenu` WHERE ( `token` = 'ynzfui1406882414' ) AND ( `status` = 1 ) AND ( `lpid` = null )  [ RunTime:0.000146s ]
SQL: SHOW COLUMNS FROM `wy_company` [ RunTime:0.003527s ]
SQL: SELECT * FROM `wy_company` WHERE ( `token` = 'ynzfui1406882414' ) AND ( `isbranch` = 0 ) LIMIT 1   [ RunTime:0.000123s ]
NOTIC: [2] unlink(./weiwindata/logs/Temp/3/3/33c0276ddfe8a0a78ea18a400890f528.php) [<a href='function.unlink'>function.unlink</a>]: No such file or directory D:\www\js-jifang.com\weiwincms\_Core\Lib\Driver\Cache\CacheFile.class.php ç¬¬ 176 è¡Œ.
SQL: SHOW COLUMNS FROM `wy_ac` [ RunTime:0.003031s ]
SQL: SELECT * FROM `wy_ac` WHERE ( `Token` = 'ynzfui1406882414' ) AND ( `Wecha_id` = 'oidgS1Cv4he-Hx_FYIOdJlPUKDJs' ) LIMIT 1   [ RunTime:0.000120s ]
SQL: SHOW COLUMNS FROM `wy_jjr` [ RunTime:0.003035s ]
SQL: SELECT * FROM `wy_jjr` WHERE ( `Token` = 'ynzfui1406882414' ) AND ( `Wecha_id` = 'oidgS1Cv4he-Hx_FYIOdJlPUKDJs' ) LIMIT 1   [ RunTime:0.000122s ]
SQL: SHOW COLUMNS FROM `wy_zy` [ RunTime:0.003486s ]
SQL: SELECT * FROM `wy_zy` WHERE ( `Token` = 'ynzfui1406882414' ) AND ( `Wecha_id` = 'oidgS1Cv4he-Hx_FYIOdJlPUKDJs' ) LIMIT 1   [ RunTime:0.000110s ]
SQL: SHOW COLUMNS FROM `wy_zy` [ RunTime:0.003218s ]
SQL: SELECT * FROM `wy_zy` WHERE ( `Wecha_id` = 'oidgS1Cv4he-Hx_FYIOdJlPUKDJs' ) AND ( `Token` = 'ynzfui1406882414' ) LIMIT 1   [ RunTime:0.000156s ]
NOTIC: [2] Cannot use a scalar value as an array D:\www\js-jifang.com\weiwincms\_Core\Lib\Core\View.class.php ç¬¬ 69 è¡Œ.
INFO: [ view_template ] --START--
INFO: Run LocationTemplate Behavior [ RunTime:-0.210686s ]
INFO: [ view_template ] --END-- [ RunTime:0.001918s ]
INFO: [ view_parse ] --START--
NOTIC: [8] Undefined index:  cname D:\www\js-jifang.com\weiwindata\logs\Cache\Wap\be188ac807609ee0f2259bc85bf77d18.php ç¬¬ 25 è¡Œ.
NOTIC: [8] Undefined index:  LouPanTitle D:\www\js-jifang.com\weiwindata\logs\Cache\Wap\be188ac807609ee0f2259bc85bf77d18.php ç¬¬ 26 è¡Œ.
INFO: Run ParseTemplate Behavior [ RunTime:-0.212654s ]
INFO: [ view_parse ] --END-- [ RunTime:0.009335s ]
INFO: [ view_filter ] --START--
INFO: Run ContentReplace Behavior [ RunTime:-0.222051s ]
INFO: Run TokenBuild Behavior [ RunTime:-0.223072s ]
INFO: Run WriteHtmlCache Behavior [ RunTime:-0.225555s ]
INFO: Run ShowRuntime Behavior [ RunTime:-0.227929s ]
INFO: [ view_filter ] --END-- [ RunTime:0.008385s ]
INFO: [ view_end ] --START--
INFO: Run ShowPageTrace Behavior [ RunTime:-0.230487s ]
INFO: [ view_end ] --END-- [ RunTime:0.002595s ]

[ 2018-10-06T13:57:08+08:00 ] 223.104.145.188 /index.php?g=Wap&m=Zhiye&a=newcustom&token=ynzfui1406882414&wecha_id=oidgS1Cv4he-Hx_FYIOdJlPUKDJs&id=28&Uid=44
INFO: [ app_begin ] --START--
INFO: Run ReadHtmlCache Behavior [ RunTime:0.000499s ]
INFO: [ app_begin ] --END-- [ RunTime:0.000596s ]
SQL: SHOW COLUMNS FROM `wy_userinfo` [ RunTime:0.003596s ]
SQL: SELECT * FROM `wy_userinfo` WHERE ( `token` = 'ynzfui1406882414' ) AND ( `wecha_id` = 'oidgS1Cv4he-Hx_FYIOdJlPUKDJs' ) LIMIT 1   [ RunTime:0.000140s ]
SQL: SHOW COLUMNS FROM `wy_wechat_group_list` [ RunTime:0.003044s ]
SQL: SELECT * FROM `wy_wechat_group_list` WHERE ( `token` = 'ynzfui1406882414' ) AND ( `openid` = 'oidgS1Cv4he-Hx_FYIOdJlPUKDJs' ) LIMIT 1   [ RunTime:0.000146s ]
NOTIC: [2] unlink(./weiwindata/logs/Temp/2/2/22d221e55446c780e90f09542ecff4ee.php) [<a href='function.unlink'>function.unlink</a>]: No such file or directory D:\www\js-jifang.com\weiwincms\_Core\Lib\Driver\Cache\CacheFile.class.php ç¬¬ 176 è¡Œ.
SQL: SHOW COLUMNS FROM `wy_home` [ RunTime:0.003159s ]
SQL: SELECT * FROM `wy_home` WHERE ( `token` = 'ynzfui1406882414' ) LIMIT 1   [ RunTime:0.000160s ]
NOTIC: [2] unlink(./weiwindata/logs/Temp/4/7/4727c3258ec350fbe55a200823142d0c.php) [<a href='function.unlink'>function.unlink</a>]: No such file or directory D:\www\js-jifang.com\weiwincms\_Core\Lib\Driver\Cache\CacheFile.class.php ç¬¬ 176 è¡Œ.
SQL: SHOW COLUMNS FROM `wy_catemenu` [ RunTime:0.003071s ]
SQL: SELECT * FROM `wy_catemenu` WHERE ( `token` = 'ynzfui1406882414' ) AND ( `status` = 1 ) ORDER BY orderss desc  [ RunTime:0.000114s ]
NOTIC: [2] unlink(./weiwindata/logs/Temp/5/c/5c688eb97172111e3217d6600960e392.php) [<a href='function.unlink'>function.unlink</a>]: No such file or directory D:\www\js-jifang.com\weiwincms\_Core\Lib\Driver\Cache\CacheFile.class.php ç¬¬ 176 è¡Œ.
SQL: SHOW COLUMNS FROM `wy_catemenu` [ RunTime:0.003087s ]
NOTIC: [8] Undefined index:  lpid D:\www\js-jifang.com\weiwincms\Lib\Action\WapAction.class.php ç¬¬ 115 è¡Œ.
SQL: SELECT * FROM `wy_catemenu` WHERE ( `token` = 'ynzfui1406882414' ) AND ( `status` = 1 ) AND ( `lpid` = null )  [ RunTime:0.000117s ]
SQL: SHOW COLUMNS FROM `wy_company` [ RunTime:0.003179s ]
SQL: SELECT * FROM `wy_company` WHERE ( `token` = 'ynzfui1406882414' ) AND ( `isbranch` = 0 ) LIMIT 1   [ RunTime:0.000129s ]
NOTIC: [2] unlink(./weiwindata/logs/Temp/3/3/33c0276ddfe8a0a78ea18a400890f528.php) [<a href='function.unlink'>function.unlink</a>]: No such file or directory D:\www\js-jifang.com\weiwincms\_Core\Lib\Driver\Cache\CacheFile.class.php ç¬¬ 176 è¡Œ.
SQL: SHOW COLUMNS FROM `wy_ac` [ RunTime:0.003086s ]
SQL: SELECT * FROM `wy_ac` WHERE ( `Token` = 'ynzfui1406882414' ) AND ( `Wecha_id` = 'oidgS1Cv4he-Hx_FYIOdJlPUKDJs' ) LIMIT 1   [ RunTime:0.000121s ]
SQL: SHOW COLUMNS FROM `wy_jjr` [ RunTime:0.003126s ]
SQL: SELECT * FROM `wy_jjr` WHERE ( `Token` = 'ynzfui1406882414' ) AND ( `Wecha_id` = 'oidgS1Cv4he-Hx_FYIOdJlPUKDJs' ) LIMIT 1   [ RunTime:0.000123s ]
SQL: SHOW COLUMNS FROM `wy_zy` [ RunTime:0.002913s ]
SQL: SELECT * FROM `wy_zy` WHERE ( `Token` = 'ynzfui1406882414' ) AND ( `Wecha_id` = 'oidgS1Cv4he-Hx_FYIOdJlPUKDJs' ) LIMIT 1   [ RunTime:0.000131s ]
SQL: SHOW COLUMNS FROM `wy_agent_status` [ RunTime:0.058223s ]
SQL: SELECT `id` FROM `wy_agent_status` ORDER BY sort LIMIT 1   [ RunTime:0.000664s ]
SQL: SHOW COLUMNS FROM `wy_kh` [ RunTime:0.078693s ]
SQL: SELECT * FROM `wy_kh` WHERE ( `zy_id` = 28 ) AND ( `Stutas` = 1 ) AND ( `Token` = 'ynzfui1406882414' )  [ RunTime:0.017008s ]
SQL: SELECT COUNT(*) AS tp_count FROM `wy_kh` WHERE ( `zy_id` = 28 ) AND ( `Stutas` = 1 ) AND ( `Token` = 'ynzfui1406882414' ) LIMIT 1   [ RunTime:0.000540s ]
SQL: SELECT `id` FROM `wy_agent_status` ORDER BY sort desc LIMIT 1   [ RunTime:0.000339s ]
SQL: SELECT COUNT(*) AS tp_count FROM `wy_kh` WHERE LouPanTitle=44 and zy_id=28 and Token='ynzfui1406882414' and Stutas not in ('2') LIMIT 1   [ RunTime:0.000299s ]
SQL: SHOW COLUMNS FROM `wy_lpinfo` [ RunTime:0.003598s ]
SQL: SELECT * FROM `wy_lpinfo` WHERE id=44 and Token='ynzfui1406882414' LIMIT 1   [ RunTime:0.000405s ]
NOTIC: [2] Cannot use a scalar value as an array D:\www\js-jifang.com\weiwincms\_Core\Lib\Core\View.class.php ç¬¬ 69 è¡Œ.
INFO: [ view_template ] --START--
INFO: Run LocationTemplate Behavior [ RunTime:-0.230521s ]
INFO: [ view_template ] --END-- [ RunTime:0.016850s ]
INFO: [ view_parse ] --START--
NOTIC: [8] Undefined variable: vo D:\www\js-jifang.com\weiwindata\logs\Cache\Wap\ec80658e96e340d7db2e9955ccd285c6.php ç¬¬ 21 è¡Œ.
NOTIC: [8] Undefined variable: vo D:\www\js-jifang.com\weiwindata\logs\Cache\Wap\ec80658e96e340d7db2e9955ccd285c6.php ç¬¬ 24 è¡Œ.
INFO: Run ParseTemplate Behavior [ RunTime:-0.247497s ]
INFO: [ view_parse ] --END-- [ RunTime:0.082089s ]
INFO: [ view_filter ] --START--
INFO: Run ContentReplace Behavior [ RunTime:-0.329629s ]
INFO: Run TokenBuild Behavior [ RunTime:-0.330617s ]
INFO: Run WriteHtmlCache Behavior [ RunTime:-0.332968s ]
INFO: Run ShowRuntime Behavior [ RunTime:-0.335203s ]
INFO: [ view_filter ] --END-- [ RunTime:0.007975s ]
INFO: [ view_end ] --START--
INFO: Run ShowPageTrace Behavior [ RunTime:-0.337700s ]
INFO: [ view_end ] --END-- [ RunTime:0.002681s ]

[ 2018-10-06T13:57:13+08:00 ] 223.104.145.188 /index.php?g=Wap&m=Zhiye&a=index&wecha_id=112&token=ynzfui1406882414&WebShieldDRSessionVerify=L5jy1i4epHSF48DfoO7e
INFO: [ app_begin ] --START--
INFO: Run ReadHtmlCache Behavior [ RunTime:0.001603s ]
INFO: [ app_begin ] --END-- [ RunTime:0.001718s ]
SQL: SHOW COLUMNS FROM `wy_userinfo` [ RunTime:0.003996s ]
SQL: SELECT * FROM `wy_userinfo` WHERE ( `token` = 'ynzfui1406882414' ) AND ( `wecha_id` = '112' ) LIMIT 1   [ RunTime:0.000156s ]
SQL: SHOW COLUMNS FROM `wy_wechat_group_list` [ RunTime:0.003032s ]
SQL: SELECT * FROM `wy_wechat_group_list` WHERE ( `token` = 'ynzfui1406882414' ) AND ( `openid` = '112' ) LIMIT 1   [ RunTime:0.000110s ]
NOTIC: [2] unlink(./weiwindata/logs/Temp/2/d/2d2e6c0d8cf84f24c87dafa524981c9e.php) [<a href='function.unlink'>function.unlink</a>]: No such file or directory D:\www\js-jifang.com\weiwincms\_Core\Lib\Driver\Cache\CacheFile.class.php ç¬¬ 176 è¡Œ.
SQL: SHOW COLUMNS FROM `wy_home` [ RunTime:0.003245s ]
SQL: SELECT * FROM `wy_home` WHERE ( `token` = 'ynzfui1406882414' ) LIMIT 1   [ RunTime:0.000128s ]
NOTIC: [2] unlink(./weiwindata/logs/Temp/4/7/4727c3258ec350fbe55a200823142d0c.php) [<a href='function.unlink'>function.unlink</a>]: No such file or directory D:\www\js-jifang.com\weiwincms\_Core\Lib\Driver\Cache\CacheFile.class.php ç¬¬ 176 è¡Œ.
SQL: SHOW COLUMNS FROM `wy_catemenu` [ RunTime:0.003281s ]
SQL: SELECT * FROM `wy_catemenu` WHERE ( `token` = 'ynzfui1406882414' ) AND ( `status` = 1 ) ORDER BY orderss desc  [ RunTime:0.000173s ]
NOTIC: [2] unlink(./weiwindata/logs/Temp/5/c/5c688eb97172111e3217d6600960e392.php) [<a href='function.unlink'>function.unlink</a>]: No such file or directory D:\www\js-jifang.com\weiwincms\_Core\Lib\Driver\Cache\CacheFile.class.php ç¬¬ 176 è¡Œ.
SQL: SHOW COLUMNS FROM `wy_catemenu` [ RunTime:0.003211s ]
NOTIC: [8] Undefined index:  lpid D:\www\js-jifang.com\weiwincms\Lib\Action\WapAction.class.php ç¬¬ 115 è¡Œ.
SQL: SELECT * FROM `wy_catemenu` WHERE ( `token` = 'ynzfui1406882414' ) AND ( `status` = 1 ) AND ( `lpid` = null )  [ RunTime:0.000156s ]
SQL: SHOW COLUMNS FROM `wy_company` [ RunTime:0.003614s ]
SQL: SELECT * FROM `wy_company` WHERE ( `token` = 'ynzfui1406882414' ) AND ( `isbranch` = 0 ) LIMIT 1   [ RunTime:0.000133s ]
NOTIC: [2] unlink(./weiwindata/logs/Temp/3/3/33c0276ddfe8a0a78ea18a400890f528.php) [<a href='function.unlink'>function.unlink</a>]: No such file or directory D:\www\js-jifang.com\weiwincms\_Core\Lib\Driver\Cache\CacheFile.class.php ç¬¬ 176 è¡Œ.
SQL: SHOW COLUMNS FROM `wy_ac` [ RunTime:0.003098s ]
SQL: SELECT * FROM `wy_ac` WHERE ( `Token` = 'ynzfui1406882414' ) AND ( `Wecha_id` = '112' ) LIMIT 1   [ RunTime:0.000124s ]
SQL: SHOW COLUMNS FROM `wy_jjr` [ RunTime:0.003244s ]
SQL: SELECT * FROM `wy_jjr` WHERE ( `Token` = 'ynzfui1406882414' ) AND ( `Wecha_id` = '112' ) LIMIT 1   [ RunTime:0.000126s ]
SQL: SHOW COLUMNS FROM `wy_zy` [ RunTime:0.003155s ]
SQL: SELECT * FROM `wy_zy` WHERE ( `Token` = 'ynzfui1406882414' ) AND ( `Wecha_id` = '112' ) LIMIT 1   [ RunTime:0.000135s ]
SQL: SHOW COLUMNS FROM `wy_zy` [ RunTime:0.003083s ]
SQL: SELECT * FROM `wy_zy` WHERE ( `Wecha_id` = '112' ) AND ( `Token` = 'ynzfui1406882414' ) LIMIT 1   [ RunTime:0.000120s ]
NOTIC: [8] Undefined variable: var D:\www\js-jifang.com\weiwincms\_Core\Common\functions.php ç¬¬ 234 è¡Œ.
NOTIC: [2] array_reverse() [<a href='function.array-reverse'>function.array-reverse</a>]: The argument should be an array D:\www\js-jifang.com\weiwincms\_Core\Common\functions.php ç¬¬ 234 è¡Œ.
NOTIC: [2] http_build_query() [<a href='function.http-build-query'>function.http-build-query</a>]: Parameter 1 expected to be Array or Object.  Incorrect value given D:\www\js-jifang.com\weiwincms\_Core\Common\functions.php ç¬¬ 234 è¡Œ.

[ 2018-10-06T13:57:13+08:00 ] 223.104.145.188 /index.php?&g=Wap&m=Zhiye&a=register&token=ynzfui1406882414&wecha_id=112
INFO: [ app_begin ] --START--
INFO: Run ReadHtmlCache Behavior [ RunTime:0.000497s ]
INFO: [ app_begin ] --END-- [ RunTime:0.000598s ]
SQL: SHOW COLUMNS FROM `wy_userinfo` [ RunTime:0.003849s ]
SQL: SELECT * FROM `wy_userinfo` WHERE ( `token` = 'ynzfui1406882414' ) AND ( `wecha_id` = '112' ) LIMIT 1   [ RunTime:0.000217s ]
SQL: SHOW COLUMNS FROM `wy_wechat_group_list` [ RunTime:0.003796s ]
SQL: SELECT * FROM `wy_wechat_group_list` WHERE ( `token` = 'ynzfui1406882414' ) AND ( `openid` = '112' ) LIMIT 1   [ RunTime:0.000126s ]
NOTIC: [2] unlink(./weiwindata/logs/Temp/2/d/2d2e6c0d8cf84f24c87dafa524981c9e.php) [<a href='function.unlink'>function.unlink</a>]: No such file or directory D:\www\js-jifang.com\weiwincms\_Core\Lib\Driver\Cache\CacheFile.class.php ç¬¬ 176 è¡Œ.
SQL: SHOW COLUMNS FROM `wy_home` [ RunTime:0.003446s ]
SQL: SELECT * FROM `wy_home` WHERE ( `token` = 'ynzfui1406882414' ) LIMIT 1   [ RunTime:0.000130s ]
NOTIC: [2] unlink(./weiwindata/logs/Temp/4/7/4727c3258ec350fbe55a200823142d0c.php) [<a href='function.unlink'>function.unlink</a>]: No such file or directory D:\www\js-jifang.com\weiwincms\_Core\Lib\Driver\Cache\CacheFile.class.php ç¬¬ 176 è¡Œ.
SQL: SHOW COLUMNS FROM `wy_catemenu` [ RunTime:0.003243s ]
SQL: SELECT * FROM `wy_catemenu` WHERE ( `token` = 'ynzfui1406882414' ) AND ( `status` = 1 ) ORDER BY orderss desc  [ RunTime:0.000144s ]
NOTIC: [2] unlink(./weiwindata/logs/Temp/5/c/5c688eb97172111e3217d6600960e392.php) [<a href='function.unlink'>function.unlink</a>]: No such file or directory D:\www\js-jifang.com\weiwincms\_Core\Lib\Driver\Cache\CacheFile.class.php ç¬¬ 176 è¡Œ.
SQL: SHOW COLUMNS FROM `wy_catemenu` [ RunTime:0.003503s ]
NOTIC: [8] Undefined index:  lpid D:\www\js-jifang.com\weiwincms\Lib\Action\WapAction.class.php ç¬¬ 115 è¡Œ.
SQL: SELECT * FROM `wy_catemenu` WHERE ( `token` = 'ynzfui1406882414' ) AND ( `status` = 1 ) AND ( `lpid` = null )  [ RunTime:0.000136s ]
SQL: SHOW COLUMNS FROM `wy_company` [ RunTime:0.003747s ]
SQL: SELECT * FROM `wy_company` WHERE ( `token` = 'ynzfui1406882414' ) AND ( `isbranch` = 0 ) LIMIT 1   [ RunTime:0.000168s ]
NOTIC: [2] unlink(./weiwindata/logs/Temp/3/3/33c0276ddfe8a0a78ea18a400890f528.php) [<a href='function.unlink'>function.unlink</a>]: No such file or directory D:\www\js-jifang.com\weiwincms\_Core\Lib\Driver\Cache\CacheFile.class.php ç¬¬ 176 è¡Œ.
SQL: SHOW COLUMNS FROM `wy_ac` [ RunTime:0.003382s ]
SQL: SELECT * FROM `wy_ac` WHERE ( `Token` = 'ynzfui1406882414' ) AND ( `Wecha_id` = '112' ) LIMIT 1   [ RunTime:0.000133s ]
SQL: SHOW COLUMNS FROM `wy_jjr` [ RunTime:0.003353s ]
SQL: SELECT * FROM `wy_jjr` WHERE ( `Token` = 'ynzfui1406882414' ) AND ( `Wecha_id` = '112' ) LIMIT 1   [ RunTime:0.000118s ]
SQL: SHOW COLUMNS FROM `wy_zy` [ RunTime:0.003477s ]
SQL: SELECT * FROM `wy_zy` WHERE Token='ynzfui1406882414' and Wecha_id='112' LIMIT 1   [ RunTime:0.000133s ]
SQL: SHOW COLUMNS FROM `wy_zc` [ RunTime:0.003956s ]
SQL: SELECT `TiaoKuan` FROM `wy_zc` WHERE ( `Token` = 'ynzfui1406882414' ) AND ( `cate` = 2 ) LIMIT 1   [ RunTime:0.000111s ]
SQL: SHOW COLUMNS FROM `wy_lpinfo` [ RunTime:0.003579s ]
SQL: SELECT * FROM `wy_lpinfo` WHERE token='ynzfui1406882414'  [ RunTime:0.000178s ]
NOTIC: [2] Cannot use a scalar value as an array D:\www\js-jifang.com\weiwincms\_Core\Lib\Core\View.class.php ç¬¬ 69 è¡Œ.
INFO: [ view_template ] --START--
INFO: Run LocationTemplate Behavior [ RunTime:-0.078110s ]
INFO: [ view_template ] --END-- [ RunTime:0.002705s ]
INFO: [ view_parse ] --START--
INFO: Run ParseTemplate Behavior [ RunTime:-0.080865s ]
INFO: [ view_parse ] --END-- [ RunTime:0.014865s ]
INFO: [ view_filter ] --START--
INFO: Run ContentReplace Behavior [ RunTime:-0.095805s ]
INFO: Run TokenBuild Behavior [ RunTime:-0.097549s ]
INFO: Run WriteHtmlCache Behavior [ RunTime:-0.100348s ]
INFO: Run ShowRuntime Behavior [ RunTime:-0.103196s ]
INFO: [ view_filter ] --END-- [ RunTime:0.010094s ]
INFO: [ view_end ] --START--
INFO: Run ShowPageTrace Behavior [ RunTime:-0.105952s ]
INFO: [ view_end ] --END-- [ RunTime:0.002675s ]

[ 2018-10-06T14:01:28+08:00 ] 223.104.145.188 /index.php?g=Wap&m=Zhiye&a=index&token=ynzfui1406882414&WebShieldDRSessionVerify=mtbXaUtPL8eOLz8tkESt
INFO: [ app_begin ] --START--
INFO: Run ReadHtmlCache Behavior [ RunTime:0.001554s ]
INFO: [ app_begin ] --END-- [ RunTime:0.001679s ]
SQL: SHOW COLUMNS FROM `wy_userinfo` [ RunTime:0.004113s ]
SQL: SELECT * FROM `wy_userinfo` WHERE ( `token` = 'ynzfui1406882414' ) AND ( `wecha_id` = null ) LIMIT 1   [ RunTime:0.000154s ]
SQL: SHOW COLUMNS FROM `wy_wechat_group_list` [ RunTime:0.003569s ]
SQL: SELECT * FROM `wy_wechat_group_list` WHERE ( `token` = 'ynzfui1406882414' ) AND ( `openid` = null ) LIMIT 1   [ RunTime:0.000141s ]
NOTIC: [2] unlink(./weiwindata/logs/Temp/4/e/4e0948f68be1c1004d6980fb150cfebe.php) [<a href='function.unlink'>function.unlink</a>]: No such file or directory D:\www\js-jifang.com\weiwincms\_Core\Lib\Driver\Cache\CacheFile.class.php ç¬¬ 176 è¡Œ.
SQL: SHOW COLUMNS FROM `wy_home` [ RunTime:0.003682s ]
SQL: SELECT * FROM `wy_home` WHERE ( `token` = 'ynzfui1406882414' ) LIMIT 1   [ RunTime:0.000137s ]
NOTIC: [2] unlink(./weiwindata/logs/Temp/4/7/4727c3258ec350fbe55a200823142d0c.php) [<a href='function.unlink'>function.unlink</a>]: No such file or directory D:\www\js-jifang.com\weiwincms\_Core\Lib\Driver\Cache\CacheFile.class.php ç¬¬ 176 è¡Œ.
SQL: SHOW COLUMNS FROM `wy_catemenu` [ RunTime:0.003616s ]
SQL: SELECT * FROM `wy_catemenu` WHERE ( `token` = 'ynzfui1406882414' ) AND ( `status` = 1 ) ORDER BY orderss desc  [ RunTime:0.000119s ]
NOTIC: [2] unlink(./weiwindata/logs/Temp/5/c/5c688eb97172111e3217d6600960e392.php) [<a href='function.unlink'>function.unlink</a>]: No such file or directory D:\www\js-jifang.com\weiwincms\_Core\Lib\Driver\Cache\CacheFile.class.php ç¬¬ 176 è¡Œ.
SQL: SHOW COLUMNS FROM `wy_catemenu` [ RunTime:0.003064s ]
NOTIC: [8] Undefined index:  lpid D:\www\js-jifang.com\weiwincms\Lib\Action\WapAction.class.php ç¬¬ 115 è¡Œ.
SQL: SELECT * FROM `wy_catemenu` WHERE ( `token` = 'ynzfui1406882414' ) AND ( `status` = 1 ) AND ( `lpid` = null )  [ RunTime:0.000191s ]
SQL: SHOW COLUMNS FROM `wy_company` [ RunTime:0.003643s ]
SQL: SELECT * FROM `wy_company` WHERE ( `token` = 'ynzfui1406882414' ) AND ( `isbranch` = 0 ) LIMIT 1   [ RunTime:0.000131s ]
NOTIC: [2] unlink(./weiwindata/logs/Temp/3/3/33c0276ddfe8a0a78ea18a400890f528.php) [<a href='function.unlink'>function.unlink</a>]: No such file or directory D:\www\js-jifang.com\weiwincms\_Core\Lib\Driver\Cache\CacheFile.class.php ç¬¬ 176 è¡Œ.
SQL: SHOW COLUMNS FROM `wy_ac` [ RunTime:0.003064s ]
SQL: SELECT * FROM `wy_ac` WHERE ( `Token` = 'ynzfui1406882414' ) AND ( `Wecha_id` = '' ) LIMIT 1   [ RunTime:0.000147s ]
NOTIC: [2] Cannot use a scalar value as an array D:\www\js-jifang.com\weiwincms\_Core\Lib\Core\View.class.php ç¬¬ 69 è¡Œ.
INFO: [ view_template ] --START--
INFO: Run LocationTemplate Behavior [ RunTime:-0.069308s ]
INFO: [ view_template ] --END-- [ RunTime:0.003115s ]
INFO: [ view_parse ] --START--
INFO: Run ParseTemplate Behavior [ RunTime:-0.072478s ]
INFO: [ view_parse ] --END-- [ RunTime:0.013566s ]
INFO: [ view_filter ] --START--
INFO: Run ContentReplace Behavior [ RunTime:-0.086111s ]
INFO: Run TokenBuild Behavior [ RunTime:-0.087627s ]
INFO: Run WriteHtmlCache Behavior [ RunTime:-0.090083s ]
INFO: Run ShowRuntime Behavior [ RunTime:-0.092492s ]
INFO: [ view_filter ] --END-- [ RunTime:0.008928s ]
INFO: [ view_end ] --START--
INFO: Run ShowPageTrace Behavior [ RunTime:-0.095113s ]
INFO: [ view_end ] --END-- [ RunTime:0.002684s ]

[ 2018-10-06T14:01:29+08:00 ] 223.104.145.188 /index.php?g=Wap&m=Zhiye&a=index&token=ynzfui1406882414&WebShieldDRSessionVerify=mtbXaUtPL8eOLz8tkESt&code=011WBcjg0n7Cwz1ayxfg0hY3jg0WBcjK&state=oauth
INFO: [ app_begin ] --START--
INFO: Run ReadHtmlCache Behavior [ RunTime:0.000488s ]
INFO: [ app_begin ] --END-- [ RunTime:0.000574s ]
NOTIC: [8] Undefined variable: curl D:\www\js-jifang.com\weiwincms\Lib\Action\WapAction.class.php ç¬¬ 307 è¡Œ.
NOTIC: [2] curl_setopt(): supplied argument is not a valid cURL handle resource D:\www\js-jifang.com\weiwincms\Lib\Action\WapAction.class.php ç¬¬ 307 è¡Œ.
NOTIC: [8] Undefined variable: data D:\www\js-jifang.com\weiwincms\Lib\Action\WapAction.class.php ç¬¬ 311 è¡Œ.
SQL: SHOW COLUMNS FROM `wy_userinfo` [ RunTime:0.003838s ]
SQL: SELECT * FROM `wy_userinfo` WHERE ( `token` = 'ynzfui1406882414' ) AND ( `wecha_id` = 'oidgS1Cv4he-Hx_FYIOdJlPUKDJs' ) LIMIT 1   [ RunTime:0.000160s ]
SQL: SHOW COLUMNS FROM `wy_wechat_group_list` [ RunTime:0.003358s ]
SQL: SELECT * FROM `wy_wechat_group_list` WHERE ( `token` = 'ynzfui1406882414' ) AND ( `openid` = 'oidgS1Cv4he-Hx_FYIOdJlPUKDJs' ) LIMIT 1   [ RunTime:0.000122s ]
NOTIC: [2] unlink(./weiwindata/logs/Temp/2/2/22d221e55446c780e90f09542ecff4ee.php) [<a href='function.unlink'>function.unlink</a>]: No such file or directory D:\www\js-jifang.com\weiwincms\_Core\Lib\Driver\Cache\CacheFile.class.php ç¬¬ 176 è¡Œ.
SQL: SHOW COLUMNS FROM `wy_home` [ RunTime:0.003612s ]
SQL: SELECT * FROM `wy_home` WHERE ( `token` = 'ynzfui1406882414' ) LIMIT 1   [ RunTime:0.000134s ]
NOTIC: [2] unlink(./weiwindata/logs/Temp/4/7/4727c3258ec350fbe55a200823142d0c.php) [<a href='function.unlink'>function.unlink</a>]: No such file or directory D:\www\js-jifang.com\weiwincms\_Core\Lib\Driver\Cache\CacheFile.class.php ç¬¬ 176 è¡Œ.
SQL: SHOW COLUMNS FROM `wy_catemenu` [ RunTime:0.003171s ]
SQL: SELECT * FROM `wy_catemenu` WHERE ( `token` = 'ynzfui1406882414' ) AND ( `status` = 1 ) ORDER BY orderss desc  [ RunTime:0.000125s ]
NOTIC: [2] unlink(./weiwindata/logs/Temp/5/c/5c688eb97172111e3217d6600960e392.php) [<a href='function.unlink'>function.unlink</a>]: No such file or directory D:\www\js-jifang.com\weiwincms\_Core\Lib\Driver\Cache\CacheFile.class.php ç¬¬ 176 è¡Œ.
SQL: SHOW COLUMNS FROM `wy_catemenu` [ RunTime:0.003125s ]
NOTIC: [8] Undefined index:  lpid D:\www\js-jifang.com\weiwincms\Lib\Action\WapAction.class.php ç¬¬ 115 è¡Œ.
SQL: SELECT * FROM `wy_catemenu` WHERE ( `token` = 'ynzfui1406882414' ) AND ( `status` = 1 ) AND ( `lpid` = null )  [ RunTime:0.000129s ]
SQL: SHOW COLUMNS FROM `wy_company` [ RunTime:0.004844s ]
SQL: SELECT * FROM `wy_company` WHERE ( `token` = 'ynzfui1406882414' ) AND ( `isbranch` = 0 ) LIMIT 1   [ RunTime:0.000145s ]
NOTIC: [2] unlink(./weiwindata/logs/Temp/3/3/33c0276ddfe8a0a78ea18a400890f528.php) [<a href='function.unlink'>function.unlink</a>]: No such file or directory D:\www\js-jifang.com\weiwincms\_Core\Lib\Driver\Cache\CacheFile.class.php ç¬¬ 176 è¡Œ.
SQL: SHOW COLUMNS FROM `wy_ac` [ RunTime:0.003186s ]
SQL: SELECT * FROM `wy_ac` WHERE ( `Token` = 'ynzfui1406882414' ) AND ( `Wecha_id` = 'oidgS1Cv4he-Hx_FYIOdJlPUKDJs' ) LIMIT 1   [ RunTime:0.000189s ]
SQL: SHOW COLUMNS FROM `wy_jjr` [ RunTime:0.003435s ]
SQL: SELECT * FROM `wy_jjr` WHERE ( `Token` = 'ynzfui1406882414' ) AND ( `Wecha_id` = 'oidgS1Cv4he-Hx_FYIOdJlPUKDJs' ) LIMIT 1   [ RunTime:0.000145s ]
SQL: SHOW COLUMNS FROM `wy_zy` [ RunTime:0.003658s ]
SQL: SELECT * FROM `wy_zy` WHERE ( `Token` = 'ynzfui1406882414' ) AND ( `Wecha_id` = 'oidgS1Cv4he-Hx_FYIOdJlPUKDJs' ) LIMIT 1   [ RunTime:0.000175s ]
SQL: SHOW COLUMNS FROM `wy_zy` [ RunTime:0.003377s ]
SQL: SELECT * FROM `wy_zy` WHERE ( `Wecha_id` = 'oidgS1Cv4he-Hx_FYIOdJlPUKDJs' ) AND ( `Token` = 'ynzfui1406882414' ) LIMIT 1   [ RunTime:0.000213s ]
NOTIC: [2] Cannot use a scalar value as an array D:\www\js-jifang.com\weiwincms\_Core\Lib\Core\View.class.php ç¬¬ 69 è¡Œ.
INFO: [ view_template ] --START--
INFO: Run LocationTemplate Behavior [ RunTime:-0.222726s ]
INFO: [ view_template ] --END-- [ RunTime:0.002055s ]
INFO: [ view_parse ] --START--
NOTIC: [8] Undefined index:  cname D:\www\js-jifang.com\weiwindata\logs\Cache\Wap\be188ac807609ee0f2259bc85bf77d18.php ç¬¬ 25 è¡Œ.
NOTIC: [8] Undefined index:  LouPanTitle D:\www\js-jifang.com\weiwindata\logs\Cache\Wap\be188ac807609ee0f2259bc85bf77d18.php ç¬¬ 26 è¡Œ.
INFO: Run ParseTemplate Behavior [ RunTime:-0.224889s ]
INFO: [ view_parse ] --END-- [ RunTime:0.009511s ]
INFO: [ view_filter ] --START--
INFO: Run ContentReplace Behavior [ RunTime:-0.234442s ]
INFO: Run TokenBuild Behavior [ RunTime:-0.235382s ]
INFO: Run WriteHtmlCache Behavior [ RunTime:-0.237728s ]
INFO: Run ShowRuntime Behavior [ RunTime:-0.240021s ]
INFO: [ view_filter ] --END-- [ RunTime:0.008004s ]
INFO: [ view_end ] --START--
INFO: Run ShowPageTrace Behavior [ RunTime:-0.242511s ]
INFO: [ view_end ] --END-- [ RunTime:0.002526s ]

[ 2018-10-06T14:09:50+08:00 ] 223.104.145.188 /index.php?&g=Wap&m=Manager&a=ydl&wecha_id=2&token=ynzfui1406882414&brokerage_id=4
INFO: [ app_begin ] --START--
INFO: Run ReadHtmlCache Behavior [ RunTime:0.001724s ]
INFO: [ app_begin ] --END-- [ RunTime:0.001871s ]
SQL: SHOW COLUMNS FROM `wy_areas` [ RunTime:0.080720s ]
SQL: SELECT * FROM `wy_areas` WHERE ( `Wecha_id` = '2' ) LIMIT 1   [ RunTime:0.000377s ]
NOTIC: [2] Cannot use a scalar value as an array D:\www\js-jifang.com\weiwincms\_Core\Lib\Core\View.class.php ç¬¬ 69 è¡Œ.
INFO: [ view_template ] --START--
INFO: Run LocationTemplate Behavior [ RunTime:-0.137667s ]
INFO: [ view_template ] --END-- [ RunTime:0.051068s ]
INFO: [ view_parse ] --START--
NOTIC: [8] Undefined variable: shareinfo D:\www\js-jifang.com\weiwindata\logs\Cache\Wap\ab61f3e40e835dd4fbd3564dd91ed85c.php ç¬¬ 14 è¡Œ.
NOTIC: [8] Undefined variable: url D:\www\js-jifang.com\weiwindata\logs\Cache\Wap\ab61f3e40e835dd4fbd3564dd91ed85c.php ç¬¬ 15 è¡Œ.
NOTIC: [8] Undefined variable: shareinfo D:\www\js-jifang.com\weiwindata\logs\Cache\Wap\ab61f3e40e835dd4fbd3564dd91ed85c.php ç¬¬ 16 è¡Œ.
NOTIC: [8] Undefined variable: shareinfo D:\www\js-jifang.com\weiwindata\logs\Cache\Wap\ab61f3e40e835dd4fbd3564dd91ed85c.php ç¬¬ 17 è¡Œ.
NOTIC: [8] Undefined index:  usersname D:\www\js-jifang.com\weiwindata\logs\Cache\Wap\ab61f3e40e835dd4fbd3564dd91ed85c.php ç¬¬ 74 è¡Œ.
NOTIC: [8] Undefined variable: countkh D:\www\js-jifang.com\weiwindata\logs\Cache\Wap\ab61f3e40e835dd4fbd3564dd91ed85c.php ç¬¬ 80 è¡Œ.
NOTIC: [8] Undefined variable: allcount D:\www\js-jifang.com\weiwindata\logs\Cache\Wap\ab61f3e40e835dd4fbd3564dd91ed85c.php ç¬¬ 84 è¡Œ.
NOTIC: [8] Undefined variable: jjrinfo D:\www\js-jifang.com\weiwindata\logs\Cache\Wap\ab61f3e40e835dd4fbd3564dd91ed85c.php ç¬¬ 87 è¡Œ.
NOTIC: [8] Undefined variable: jjrinfo D:\www\js-jifang.com\weiwindata\logs\Cache\Wap\ab61f3e40e835dd4fbd3564dd91ed85c.php ç¬¬ 110 è¡Œ.
NOTIC: [8] Undefined variable: lpinfo D:\www\js-jifang.com\weiwindata\logs\Cache\Wap\ab61f3e40e835dd4fbd3564dd91ed85c.php ç¬¬ 122 è¡Œ.
NOTIC: [8] Undefined variable: num D:\www\js-jifang.com\weiwindata\logs\Cache\Wap\ab61f3e40e835dd4fbd3564dd91ed85c.php ç¬¬ 131 è¡Œ.
INFO: Run ParseTemplate Behavior [ RunTime:-0.188853s ]
INFO: [ view_parse ] --END-- [ RunTime:0.041184s ]
INFO: [ view_filter ] --START--
INFO: Run ContentReplace Behavior [ RunTime:-0.230112s ]
INFO: Run TokenBuild Behavior [ RunTime:-0.231898s ]
INFO: Run WriteHtmlCache Behavior [ RunTime:-0.233630s ]
INFO: Run ShowRuntime Behavior [ RunTime:-0.235238s ]
INFO: [ view_filter ] --END-- [ RunTime:0.006734s ]
INFO: [ view_end ] --START--
INFO: Run ShowPageTrace Behavior [ RunTime:-0.236883s ]
INFO: [ view_end ] --END-- [ RunTime:0.001836s ]

[ 2018-10-06T14:09:50+08:00 ] 223.104.145.188 /index.php?&g=Wap&m=Manager&a=ydl&wecha_id=2&token=ynzfui1406882414&brokerage_id=4
NOTIC: [32] PHP Startup: Unable to load dynamic library 'D:\WebServer\php-5.2.5 (x64)\ext\php_fileinfo.dll' - ÕÒ²»µ½Ö¸¶¨µÄÄ£¿é¡£
 Unknown ç¬¬ 0 è¡Œ.

[ 2018-10-06T15:12:25+08:00 ] 125.90.88.86 /index.php?g=Duoduo&m=Admin&a=index
INFO: [ app_begin ] --START--
INFO: Run ReadHtmlCache Behavior [ RunTime:0.001704s ]
INFO: [ app_begin ] --END-- [ RunTime:0.001845s ]
NOTIC: [2] Cannot use a scalar value as an array D:\www\js-jifang.com\weiwincms\_Core\Lib\Core\View.class.php ç¬¬ 69 è¡Œ.
INFO: [ view_template ] --START--
INFO: Run LocationTemplate Behavior [ RunTime:-0.005593s ]
INFO: [ view_template ] --END-- [ RunTime:0.002748s ]
INFO: [ view_parse ] --START--
INFO: Run ParseTemplate Behavior [ RunTime:-0.008407s ]
INFO: [ view_parse ] --END-- [ RunTime:0.041791s ]
INFO: [ view_filter ] --START--
INFO: Run ContentReplace Behavior [ RunTime:-0.050261s ]
INFO: Run TokenBuild Behavior [ RunTime:-0.052242s ]
INFO: Run WriteHtmlCache Behavior [ RunTime:-0.054472s ]
INFO: Run ShowRuntime Behavior [ RunTime:-0.056835s ]
INFO: [ view_filter ] --END-- [ RunTime:0.008248s ]
INFO: [ view_end ] --START--
INFO: Run ShowPageTrace Behavior [ RunTime:-0.058651s ]
INFO: [ view_end ] --END-- [ RunTime:0.001755s ]

[ 2018-10-06T15:37:05+08:00 ] 31.13.115.8 /index.php?g=Duoduo&m=Admin&a=index
INFO: [ app_begin ] --START--
INFO: Run ReadHtmlCache Behavior [ RunTime:0.001628s ]
INFO: [ app_begin ] --END-- [ RunTime:0.001761s ]
NOTIC: [2] Cannot use a scalar value as an array D:\www\js-jifang.com\weiwincms\_Core\Lib\Core\View.class.php ç¬¬ 69 è¡Œ.
INFO: [ view_template ] --START--
INFO: Run LocationTemplate Behavior [ RunTime:-0.005371s ]
INFO: [ view_template ] --END-- [ RunTime:0.002519s ]
INFO: [ view_parse ] --START--
INFO: Run ParseTemplate Behavior [ RunTime:-0.007962s ]
INFO: [ view_parse ] --END-- [ RunTime:0.041457s ]
INFO: [ view_filter ] --START--
INFO: Run ContentReplace Behavior [ RunTime:-0.049480s ]
INFO: Run TokenBuild Behavior [ RunTime:-0.051560s ]
INFO: Run WriteHtmlCache Behavior [ RunTime:-0.053505s ]
INFO: Run ShowRuntime Behavior [ RunTime:-0.054983s ]
INFO: [ view_filter ] --END-- [ RunTime:0.007207s ]
INFO: [ view_end ] --START--
INFO: Run ShowPageTrace Behavior [ RunTime:-0.056774s ]
INFO: [ view_end ] --END-- [ RunTime:0.001796s ]

[ 2018-10-06T15:40:26+08:00 ] 173.252.87.3 /index.php?g=Duoduo&m=Admin&a=index
INFO: [ app_begin ] --START--
INFO: Run ReadHtmlCache Behavior [ RunTime:0.001977s ]
INFO: [ app_begin ] --END-- [ RunTime:0.002119s ]
NOTIC: [2] Cannot use a scalar value as an array D:\www\js-jifang.com\weiwincms\_Core\Lib\Core\View.class.php ç¬¬ 69 è¡Œ.
INFO: [ view_template ] --START--
INFO: Run LocationTemplate Behavior [ RunTime:-0.005232s ]
INFO: [ view_template ] --END-- [ RunTime:0.002447s ]
INFO: [ view_parse ] --START--
INFO: Run ParseTemplate Behavior [ RunTime:-0.007747s ]
INFO: [ view_parse ] --END-- [ RunTime:0.036394s ]
INFO: [ view_filter ] --START--
INFO: Run ContentReplace Behavior [ RunTime:-0.044251s ]
INFO: Run TokenBuild Behavior [ RunTime:-0.046157s ]
INFO: Run WriteHtmlCache Behavior [ RunTime:-0.047867s ]
INFO: Run ShowRuntime Behavior [ RunTime:-0.049233s ]
INFO: [ view_filter ] --END-- [ RunTime:0.006516s ]
INFO: [ view_end ] --START--
INFO: Run ShowPageTrace Behavior [ RunTime:-0.050848s ]
INFO: [ view_end ] --END-- [ RunTime:0.001705s ]

[ 2018-10-06T19:45:49+08:00 ] 94.21.92.223 /index.php?g=Duoduo&m=Admin&a=index
INFO: [ app_begin ] --START--
INFO: Run ReadHtmlCache Behavior [ RunTime:0.001637s ]
INFO: [ app_begin ] --END-- [ RunTime:0.001778s ]
NOTIC: [2] Cannot use a scalar value as an array D:\www\js-jifang.com\weiwincms\_Core\Lib\Core\View.class.php ç¬¬ 69 è¡Œ.
INFO: [ view_template ] --START--
INFO: Run LocationTemplate Behavior [ RunTime:-0.006532s ]
INFO: [ view_template ] --END-- [ RunTime:0.002467s ]
INFO: [ view_parse ] --START--
INFO: Run ParseTemplate Behavior [ RunTime:-0.009060s ]
INFO: [ view_parse ] --END-- [ RunTime:0.043233s ]
INFO: [ view_filter ] --START--
INFO: Run ContentReplace Behavior [ RunTime:-0.052410s ]
INFO: Run TokenBuild Behavior [ RunTime:-0.054349s ]
INFO: Run WriteHtmlCache Behavior [ RunTime:-0.056164s ]
INFO: Run ShowRuntime Behavior [ RunTime:-0.057637s ]
INFO: [ view_filter ] --END-- [ RunTime:0.006858s ]
INFO: [ view_end ] --START--
INFO: Run ShowPageTrace Behavior [ RunTime:-0.059350s ]
INFO: [ view_end ] --END-- [ RunTime:0.001661s ]

